2017-04-13 04:09:27,904 INFO: logger initialized for experiment identifier: DoubleLinear_L1_ndim_50_marg_0.5_lrate_0.01_cost_margincost_pos_high_reg_0.01_REL
2017-04-13 04:09:27,904 INFO: identifier: DoubleLinear_L1_ndim_50_marg_0.5_lrate_0.01_cost_margincost_pos_high_reg_0.01_REL
2017-04-13 04:09:27,904 INFO: models saved to path: /Users/corbinrosset/Dropbox/Arora/QA-code/src/KBC_Text/outputs/FB15k_DoubleLinear/
2017-04-13 04:09:27,904 INFO: DD{'ndim': 50, 'test_all': 10, 'Nsyn_rel': 1345, 'totepochs': 500, 'bestvalidMRR': -1, 'loadmodel': False, 'lremb': 0.01, 'nvalid': 1000, 'seed': 123, 'marge': 0.5, 'margincostfunction': 'margincost_pos_high', 'simfn': 'L1', 'savepath': '/Users/corbinrosset/Dropbox/Arora/QA-code/src/KBC_Text/outputs/FB15k_DoubleLinear/DoubleLinear_L1_ndim_50_marg_0.5_lrate_0.01_cost_margincost_pos_high_reg_0.01_REL', 'dataset': 'FB15k', 'nbatches': 100, 'identifier': 'DoubleLinear_L1_ndim_50_marg_0.5_lrate_0.01_cost_margincost_pos_high_reg_0.01_REL', 'lrparam': 0.01, 'loademb': False, 'datapath': '/Users/corbinrosset/Dropbox/Arora/QA-code/src/KBC_Text/data/', 'ntrain': 1000, 'Nrel': 1345, 'experiment_type': 'FB15kexp', 'rel': True, 'Nent': 16296, 'logger': <logging.RootLogger object at 0x110494e50>, 'ntest': 1000, 'Nsyn': 14951, 'reg': 0.01, 'op': 'DoubleLinear'}
2017-04-13 04:09:30,109 INFO: loaded FB15k data in: 2.16416 seconds
2017-04-13 04:09:30,111 DEBUG: FB15kexp: load_FB15k_data(): trainl(16296, 483142), trainr(16296, 483142), traino(1345, 483142), trainlidx(1000,)
2017-04-13 04:09:34,108 DEBUG: Training to rank RELATIONS as well!
2017-04-13 04:09:34,108 DEBUG: loaded data and constructed model...
2017-04-13 04:09:34,108 DEBUG: num epochs: 500
2017-04-13 04:09:34,108 DEBUG: num batches per epoch: 100
2017-04-13 04:09:34,108 DEBUG: batchsize: 4831
2017-04-13 04:09:34,108 DEBUG: left and right entity ranking functions will rank a slot against 14951 competitors
2017-04-13 04:09:34,109 INFO: BEGIN TRAINING
2017-04-13 14:24:10,319 INFO: logger initialized for experiment identifier: DoubleLinear_L1_ndim_50_marg_0.5_lrate_0.01_cost_margincost_pos_high_reg_0.01_REL
2017-04-13 14:24:10,321 INFO: identifier: DoubleLinear_L1_ndim_50_marg_0.5_lrate_0.01_cost_margincost_pos_high_reg_0.01_REL
2017-04-13 14:24:10,322 INFO: models saved to path: /Users/corbinrosset/Dropbox/Arora/QA-code/src/KBC_Text/outputs/FB15k_DoubleLinear/
2017-04-13 14:24:10,322 INFO: DD{'ndim': 50, 'test_all': 10, 'Nsyn_rel': 1345, 'totepochs': 500, 'bestvalidMRR': -1, 'loadmodel': False, 'lremb': 0.01, 'nvalid': 1000, 'seed': 123, 'marge': 0.5, 'margincostfunction': 'margincost_pos_high', 'simfn': 'L1', 'savepath': '/Users/corbinrosset/Dropbox/Arora/QA-code/src/KBC_Text/outputs/FB15k_DoubleLinear/DoubleLinear_L1_ndim_50_marg_0.5_lrate_0.01_cost_margincost_pos_high_reg_0.01_REL', 'dataset': 'FB15k', 'nbatches': 100, 'identifier': 'DoubleLinear_L1_ndim_50_marg_0.5_lrate_0.01_cost_margincost_pos_high_reg_0.01_REL', 'lrparam': 0.01, 'loademb': False, 'datapath': '/Users/corbinrosset/Dropbox/Arora/QA-code/src/KBC_Text/data/', 'ntrain': 1000, 'Nrel': 1345, 'experiment_type': 'FB15kexp', 'rel': True, 'Nent': 16296, 'logger': <logging.RootLogger object at 0x102779e50>, 'ntest': 1000, 'Nsyn': 14951, 'reg': 0.01, 'op': 'DoubleLinear'}
2017-04-13 14:24:12,128 INFO: loaded FB15k data in: 1.768056 seconds
2017-04-13 14:24:12,130 DEBUG: FB15kexp: load_FB15k_data(): trainl(16296, 483142), trainr(16296, 483142), traino(1345, 483142), trainlidx(1000,)
2017-04-13 14:24:15,712 DEBUG: Training to rank RELATIONS as well!
2017-04-13 14:24:15,712 DEBUG: loaded data and constructed model...
2017-04-13 14:24:15,712 DEBUG: num epochs: 500
2017-04-13 14:24:15,712 DEBUG: num batches per epoch: 100
2017-04-13 14:24:15,712 DEBUG: batchsize: 4831
2017-04-13 14:24:15,712 DEBUG: left and right entity ranking functions will rank a slot against 14951 competitors
2017-04-13 14:24:15,712 INFO: BEGIN TRAINING
