2017-04-13 05:37:21,337 INFO: logger initialized for experiment identifier: TransE_L2_ndim_100_marg_1.0_lrate_0.01_cost_margincost_reg_0.01_REL
2017-04-13 05:37:21,338 INFO: identifier: TransE_L2_ndim_100_marg_1.0_lrate_0.01_cost_margincost_reg_0.01_REL
2017-04-13 05:37:21,338 INFO: models saved to path: /Users/corbinrosset/Dropbox/Arora/QA-code/src/KBC_Text/outputs/FB15k_TransE/
2017-04-13 05:37:21,338 INFO: DD{'ndim': 100, 'test_all': 10, 'Nsyn_rel': 1345, 'totepochs': 500, 'bestvalidMRR': -1, 'loadmodel': False, 'lremb': 0.01, 'nvalid': 1000, 'seed': 123, 'marge': 1.0, 'margincostfunction': 'margincost', 'simfn': 'L2', 'savepath': '/Users/corbinrosset/Dropbox/Arora/QA-code/src/KBC_Text/outputs/FB15k_TransE/TransE_L2_ndim_100_marg_1.0_lrate_0.01_cost_margincost_reg_0.01_REL', 'dataset': 'FB15k', 'nbatches': 100, 'identifier': 'TransE_L2_ndim_100_marg_1.0_lrate_0.01_cost_margincost_reg_0.01_REL', 'lrparam': 0.01, 'loademb': False, 'datapath': '/Users/corbinrosset/Dropbox/Arora/QA-code/src/KBC_Text/data/', 'ntrain': 1000, 'Nrel': 1345, 'experiment_type': 'FB15kexp', 'rel': True, 'Nent': 16296, 'logger': <logging.RootLogger object at 0x1036b3e50>, 'ntest': 1000, 'Nsyn': 14951, 'reg': 0.01, 'op': 'TransE'}
2017-04-13 05:37:23,854 INFO: loaded FB15k data in: 2.466153 seconds
2017-04-13 05:37:23,857 DEBUG: FB15kexp: load_FB15k_data(): trainl(16296, 483142), trainr(16296, 483142), traino(1345, 483142), trainlidx(1000,)
2017-04-13 05:37:31,297 DEBUG: Training to rank RELATIONS as well!
2017-04-13 05:37:31,297 DEBUG: loaded data and constructed model...
2017-04-13 05:37:31,297 DEBUG: num epochs: 500
2017-04-13 05:37:31,298 DEBUG: num batches per epoch: 100
2017-04-13 05:37:31,298 DEBUG: batchsize: 4831
2017-04-13 05:37:31,298 DEBUG: left and right entity ranking functions will rank a slot against 14951 competitors
2017-04-13 05:37:31,298 INFO: BEGIN TRAINING
2017-04-13 05:38:20,555 INFO: ----------------------------------------------------------------------------
2017-04-13 05:38:20,555 INFO: EPOCH 1 (49.257 seconds):
2017-04-13 05:38:20,591 INFO: 	Average L2 norm of relation vector: 0.03974
2017-04-13 05:38:20,592 INFO: 	COST >> 1.789 +/- 0.273, % updates Left: 99.49% Rel: 25.59% Right: 99.31%
2017-04-13 05:39:11,558 INFO: ----------------------------------------------------------------------------
2017-04-13 05:39:11,559 INFO: EPOCH 2 (50.967 seconds):
2017-04-13 05:39:11,560 INFO: 	Average L2 norm of relation vector: 0.04562
2017-04-13 05:39:11,560 INFO: 	COST >> 1.331 +/- 0.074, % updates Left: 97.02% Rel: 11.92% Right: 96.08%
2017-04-13 05:40:02,149 INFO: ----------------------------------------------------------------------------
2017-04-13 05:40:02,149 INFO: EPOCH 3 (50.589 seconds):
2017-04-13 05:40:02,151 INFO: 	Average L2 norm of relation vector: 0.05017
2017-04-13 05:40:02,151 INFO: 	COST >> 1.128 +/- 0.039, % updates Left: 93.71% Rel: 9.41% Right: 92.32%
2017-04-13 05:40:52,727 INFO: ----------------------------------------------------------------------------
2017-04-13 05:40:52,728 INFO: EPOCH 4 (50.576 seconds):
2017-04-13 05:40:52,728 INFO: 	Average L2 norm of relation vector: 0.05399
2017-04-13 05:40:52,729 INFO: 	COST >> 1.018 +/- 0.022, % updates Left: 90.53% Rel: 8.21% Right: 89.17%
2017-04-13 05:41:42,557 INFO: ----------------------------------------------------------------------------
2017-04-13 05:41:42,557 INFO: EPOCH 5 (49.828 seconds):
2017-04-13 05:41:42,558 INFO: 	Average L2 norm of relation vector: 0.05728
2017-04-13 05:41:42,559 INFO: 	COST >> 0.956 +/- 0.014, % updates Left: 88.49% Rel: 7.54% Right: 86.82%
2017-04-13 05:42:30,869 INFO: ----------------------------------------------------------------------------
2017-04-13 05:42:30,869 INFO: EPOCH 6 (48.31 seconds):
2017-04-13 05:42:30,870 INFO: 	Average L2 norm of relation vector: 0.06018
2017-04-13 05:42:30,871 INFO: 	COST >> 0.917 +/- 0.013, % updates Left: 86.95% Rel: 7.16% Right: 85.45%
2017-04-13 05:43:15,018 INFO: ----------------------------------------------------------------------------
2017-04-13 05:43:15,019 INFO: EPOCH 7 (44.147 seconds):
2017-04-13 05:43:15,021 INFO: 	Average L2 norm of relation vector: 0.06279
2017-04-13 05:43:15,021 INFO: 	COST >> 0.889 +/- 0.01, % updates Left: 86.14% Rel: 6.87% Right: 84.56%
2017-04-13 05:43:59,337 INFO: ----------------------------------------------------------------------------
2017-04-13 05:43:59,337 INFO: EPOCH 8 (44.315 seconds):
2017-04-13 05:43:59,337 INFO: 	Average L2 norm of relation vector: 0.06512
2017-04-13 05:43:59,338 INFO: 	COST >> 0.869 +/- 0.011, % updates Left: 85.57% Rel: 6.61% Right: 83.88%
2017-04-13 05:44:43,747 INFO: ----------------------------------------------------------------------------
2017-04-13 05:44:43,747 INFO: EPOCH 9 (44.409 seconds):
2017-04-13 05:44:43,748 INFO: 	Average L2 norm of relation vector: 0.06725
2017-04-13 05:44:43,748 INFO: 	COST >> 0.854 +/- 0.01, % updates Left: 85.15% Rel: 6.46% Right: 83.32%
2017-04-13 05:45:30,963 INFO: ----------------------------------------------------------------------------
2017-04-13 05:45:30,963 INFO: EPOCH 10 (47.214 seconds):
2017-04-13 05:45:30,963 INFO: 	Average L2 norm of relation vector: 0.06918
2017-04-13 05:45:30,964 INFO: 	COST >> 0.843 +/- 0.012, % updates Left: 84.89% Rel: 6.4% Right: 82.96%
2017-04-13 05:45:30,964 INFO: 	FilteredRanking: evaluating rank on 1000 triples
2017-04-13 05:46:45,213 INFO: 	FilteredRanking: evaluating rank on 1000 triples
2017-04-13 05:48:01,658 INFO: 	MEAN RANK >> valid: 1576.9, train: 1306.0
2017-04-13 05:48:01,659 INFO: 		MEAN RANK TRAIN: Left: 1426.1 Rel: 28.9 Right: 1185.9
2017-04-13 05:48:01,659 INFO: 		MEAN RANK VALID: Left: 1680.2 Rel: 26.6 Right: 1473.5
2017-04-13 05:48:01,659 INFO: 		MEAN RECIPROCAL RANK VALID (L & R): 0.0905
2017-04-13 05:48:01,659 INFO: 	FilteredRanking: evaluating rank on 1000 triples
2017-04-13 05:49:20,280 INFO: 	NEW BEST TEST MR: 1622.1
2017-04-13 05:49:20,281 INFO: 		Left MR: 1662.6 Rel MR: 25.6 Right MR: 1581.6
2017-04-13 05:49:20,352 INFO: 	(ranking took 229.388 seconds)
2017-04-13 05:50:10,268 INFO: ----------------------------------------------------------------------------
2017-04-13 05:50:10,268 INFO: EPOCH 11 (49.916 seconds):
2017-04-13 05:50:10,269 INFO: 	Average L2 norm of relation vector: 0.07098
2017-04-13 05:50:10,270 INFO: 	COST >> 0.834 +/- 0.009, % updates Left: 84.65% Rel: 6.31% Right: 82.81%
2017-04-13 05:50:59,294 INFO: ----------------------------------------------------------------------------
2017-04-13 05:50:59,294 INFO: EPOCH 12 (49.024 seconds):
2017-04-13 05:50:59,295 INFO: 	Average L2 norm of relation vector: 0.07265
2017-04-13 05:50:59,296 INFO: 	COST >> 0.827 +/- 0.01, % updates Left: 84.44% Rel: 6.22% Right: 82.67%
2017-04-13 05:51:47,864 INFO: ----------------------------------------------------------------------------
2017-04-13 05:51:47,864 INFO: EPOCH 13 (48.569 seconds):
2017-04-13 05:51:47,865 INFO: 	Average L2 norm of relation vector: 0.07422
2017-04-13 05:51:47,866 INFO: 	COST >> 0.821 +/- 0.01, % updates Left: 84.4% Rel: 6.14% Right: 82.57%
2017-04-13 05:52:33,297 INFO: ----------------------------------------------------------------------------
2017-04-13 05:52:33,297 INFO: EPOCH 14 (45.431 seconds):
2017-04-13 05:52:33,298 INFO: 	Average L2 norm of relation vector: 0.07568
2017-04-13 05:52:33,299 INFO: 	COST >> 0.816 +/- 0.01, % updates Left: 84.35% Rel: 6.11% Right: 82.52%
2017-04-13 05:53:18,726 INFO: ----------------------------------------------------------------------------
2017-04-13 05:53:18,726 INFO: EPOCH 15 (45.427 seconds):
2017-04-13 05:53:18,727 INFO: 	Average L2 norm of relation vector: 0.07704
2017-04-13 05:53:18,728 INFO: 	COST >> 0.813 +/- 0.011, % updates Left: 84.31% Rel: 6.05% Right: 82.48%
2017-04-13 05:54:04,279 INFO: ----------------------------------------------------------------------------
2017-04-13 05:54:04,279 INFO: EPOCH 16 (45.551 seconds):
2017-04-13 05:54:04,281 INFO: 	Average L2 norm of relation vector: 0.07835
2017-04-13 05:54:04,282 INFO: 	COST >> 0.807 +/- 0.011, % updates Left: 84.28% Rel: 6.0% Right: 82.56%
2017-04-13 05:54:54,349 INFO: ----------------------------------------------------------------------------
2017-04-13 05:54:54,349 INFO: EPOCH 17 (50.067 seconds):
2017-04-13 05:54:54,349 INFO: 	Average L2 norm of relation vector: 0.07956
2017-04-13 05:54:54,350 INFO: 	COST >> 0.805 +/- 0.011, % updates Left: 84.3% Rel: 5.97% Right: 82.42%
2017-04-13 05:55:42,703 INFO: ----------------------------------------------------------------------------
2017-04-13 05:55:42,703 INFO: EPOCH 18 (48.353 seconds):
2017-04-13 05:55:42,705 INFO: 	Average L2 norm of relation vector: 0.0807
2017-04-13 05:55:42,706 INFO: 	COST >> 0.803 +/- 0.01, % updates Left: 84.25% Rel: 5.94% Right: 82.42%
2017-04-13 05:56:28,066 INFO: ----------------------------------------------------------------------------
2017-04-13 05:56:28,066 INFO: EPOCH 19 (45.361 seconds):
2017-04-13 05:56:28,068 INFO: 	Average L2 norm of relation vector: 0.08175
2017-04-13 05:56:28,068 INFO: 	COST >> 0.802 +/- 0.011, % updates Left: 84.22% Rel: 5.93% Right: 82.36%
2017-04-13 05:57:13,487 INFO: ----------------------------------------------------------------------------
2017-04-13 05:57:13,487 INFO: EPOCH 20 (45.419 seconds):
2017-04-13 05:57:13,488 INFO: 	Average L2 norm of relation vector: 0.08277
2017-04-13 05:57:13,488 INFO: 	COST >> 0.798 +/- 0.011, % updates Left: 84.29% Rel: 5.89% Right: 82.44%
2017-04-13 05:57:13,488 INFO: 	FilteredRanking: evaluating rank on 1000 triples
2017-04-13 05:58:29,629 INFO: 	FilteredRanking: evaluating rank on 1000 triples
2017-04-13 05:59:48,389 INFO: 	MEAN RANK >> valid: 1563.5, train: 1266.5
2017-04-13 05:59:48,391 INFO: 		MEAN RANK TRAIN: Left: 1350.5 Rel: 25.0 Right: 1182.5
2017-04-13 05:59:48,392 INFO: 		MEAN RANK VALID: Left: 1641.4 Rel: 23.1 Right: 1485.6
2017-04-13 05:59:48,392 INFO: 		MEAN RECIPROCAL RANK VALID (L & R): 0.078
2017-04-13 05:59:48,392 WARNING: 	WARNING, failed to improve MRR on valid, 2 chances left

2017-04-13 05:59:48,475 INFO: 	(ranking took 154.987 seconds)
2017-04-13 06:00:39,143 INFO: ----------------------------------------------------------------------------
2017-04-13 06:00:39,143 INFO: EPOCH 21 (50.667 seconds):
2017-04-13 06:00:39,144 INFO: 	Average L2 norm of relation vector: 0.08372
2017-04-13 06:00:39,145 INFO: 	COST >> 0.796 +/- 0.01, % updates Left: 84.27% Rel: 5.83% Right: 82.34%
2017-04-13 06:01:25,860 INFO: ----------------------------------------------------------------------------
2017-04-13 06:01:25,860 INFO: EPOCH 22 (46.715 seconds):
2017-04-13 06:01:25,862 INFO: 	Average L2 norm of relation vector: 0.08461
2017-04-13 06:01:25,862 INFO: 	COST >> 0.796 +/- 0.01, % updates Left: 84.24% Rel: 5.83% Right: 82.41%
2017-04-13 06:02:11,461 INFO: ----------------------------------------------------------------------------
2017-04-13 06:02:11,462 INFO: EPOCH 23 (45.599 seconds):
2017-04-13 06:02:11,463 INFO: 	Average L2 norm of relation vector: 0.08545
2017-04-13 06:02:11,464 INFO: 	COST >> 0.794 +/- 0.011, % updates Left: 84.22% Rel: 5.82% Right: 82.45%
2017-04-13 06:02:56,919 INFO: ----------------------------------------------------------------------------
2017-04-13 06:02:56,919 INFO: EPOCH 24 (45.455 seconds):
2017-04-13 06:02:56,920 INFO: 	Average L2 norm of relation vector: 0.08627
2017-04-13 06:02:56,921 INFO: 	COST >> 0.793 +/- 0.011, % updates Left: 84.31% Rel: 5.82% Right: 82.43%
2017-04-13 06:03:42,545 INFO: ----------------------------------------------------------------------------
2017-04-13 06:03:42,545 INFO: EPOCH 25 (45.624 seconds):
2017-04-13 06:03:42,546 INFO: 	Average L2 norm of relation vector: 0.08703
2017-04-13 06:03:42,546 INFO: 	COST >> 0.792 +/- 0.011, % updates Left: 84.22% Rel: 5.75% Right: 82.4%
2017-04-13 06:04:27,965 INFO: ----------------------------------------------------------------------------
2017-04-13 06:04:27,965 INFO: EPOCH 26 (45.419 seconds):
2017-04-13 06:04:27,966 INFO: 	Average L2 norm of relation vector: 0.08776
2017-04-13 06:04:27,966 INFO: 	COST >> 0.791 +/- 0.01, % updates Left: 84.29% Rel: 5.79% Right: 82.4%
2017-04-13 06:05:14,649 INFO: ----------------------------------------------------------------------------
2017-04-13 06:05:14,649 INFO: EPOCH 27 (46.683 seconds):
2017-04-13 06:05:14,657 INFO: 	Average L2 norm of relation vector: 0.08845
2017-04-13 06:05:14,658 INFO: 	COST >> 0.789 +/- 0.011, % updates Left: 84.17% Rel: 5.72% Right: 82.35%
2017-04-13 06:06:00,193 INFO: ----------------------------------------------------------------------------
2017-04-13 06:06:00,193 INFO: EPOCH 28 (45.535 seconds):
2017-04-13 06:06:00,196 INFO: 	Average L2 norm of relation vector: 0.08911
2017-04-13 06:06:00,197 INFO: 	COST >> 0.789 +/- 0.01, % updates Left: 84.29% Rel: 5.76% Right: 82.46%
2017-04-13 06:06:45,657 INFO: ----------------------------------------------------------------------------
2017-04-13 06:06:45,657 INFO: EPOCH 29 (45.46 seconds):
2017-04-13 06:06:45,659 INFO: 	Average L2 norm of relation vector: 0.08974
2017-04-13 06:06:45,659 INFO: 	COST >> 0.787 +/- 0.009, % updates Left: 84.23% Rel: 5.73% Right: 82.33%
2017-04-13 06:07:31,785 INFO: ----------------------------------------------------------------------------
2017-04-13 06:07:31,785 INFO: EPOCH 30 (46.125 seconds):
2017-04-13 06:07:31,786 INFO: 	Average L2 norm of relation vector: 0.09032
2017-04-13 06:07:31,786 INFO: 	COST >> 0.787 +/- 0.011, % updates Left: 84.18% Rel: 5.68% Right: 82.41%
2017-04-13 06:07:31,786 INFO: 	FilteredRanking: evaluating rank on 1000 triples
2017-04-13 06:08:51,527 INFO: 	FilteredRanking: evaluating rank on 1000 triples
2017-04-13 06:10:11,247 INFO: 	MEAN RANK >> valid: 1524.0, train: 1237.4
2017-04-13 06:10:11,247 INFO: 		MEAN RANK TRAIN: Left: 1304.4 Rel: 23.1 Right: 1170.4
2017-04-13 06:10:11,248 INFO: 		MEAN RANK VALID: Left: 1613.6 Rel: 21.2 Right: 1434.5
2017-04-13 06:10:11,248 INFO: 		MEAN RECIPROCAL RANK VALID (L & R): 0.0705
2017-04-13 06:10:11,248 WARNING: 	WARNING, failed to improve MRR on valid, 1 chances left

2017-04-13 06:10:11,312 INFO: 	(ranking took 159.526 seconds)
2017-04-13 06:11:01,700 INFO: ----------------------------------------------------------------------------
2017-04-13 06:11:01,701 INFO: EPOCH 31 (50.388 seconds):
2017-04-13 06:11:01,702 INFO: 	Average L2 norm of relation vector: 0.09088
2017-04-13 06:11:01,703 INFO: 	COST >> 0.786 +/- 0.011, % updates Left: 84.23% Rel: 5.74% Right: 82.39%
2017-04-13 06:11:50,242 INFO: ----------------------------------------------------------------------------
2017-04-13 06:11:50,243 INFO: EPOCH 32 (48.539 seconds):
2017-04-13 06:11:50,244 INFO: 	Average L2 norm of relation vector: 0.09143
2017-04-13 06:11:50,244 INFO: 	COST >> 0.785 +/- 0.01, % updates Left: 84.23% Rel: 5.73% Right: 82.3%
2017-04-13 06:12:35,593 INFO: ----------------------------------------------------------------------------
2017-04-13 06:12:35,594 INFO: EPOCH 33 (45.349 seconds):
2017-04-13 06:12:35,596 INFO: 	Average L2 norm of relation vector: 0.09195
2017-04-13 06:12:35,596 INFO: 	COST >> 0.786 +/- 0.011, % updates Left: 84.24% Rel: 5.71% Right: 82.36%
2017-04-13 06:13:20,719 INFO: ----------------------------------------------------------------------------
2017-04-13 06:13:20,720 INFO: EPOCH 34 (45.123 seconds):
2017-04-13 06:13:20,721 INFO: 	Average L2 norm of relation vector: 0.09244
2017-04-13 06:13:20,721 INFO: 	COST >> 0.785 +/- 0.01, % updates Left: 84.22% Rel: 5.67% Right: 82.36%
2017-04-13 06:14:06,647 INFO: ----------------------------------------------------------------------------
2017-04-13 06:14:06,647 INFO: EPOCH 35 (45.926 seconds):
2017-04-13 06:14:06,648 INFO: 	Average L2 norm of relation vector: 0.09291
2017-04-13 06:14:06,649 INFO: 	COST >> 0.784 +/- 0.009, % updates Left: 84.29% Rel: 5.68% Right: 82.44%
2017-04-13 06:14:53,436 INFO: ----------------------------------------------------------------------------
2017-04-13 06:14:53,436 INFO: EPOCH 36 (46.787 seconds):
2017-04-13 06:14:53,437 INFO: 	Average L2 norm of relation vector: 0.09336
2017-04-13 06:14:53,438 INFO: 	COST >> 0.784 +/- 0.009, % updates Left: 84.22% Rel: 5.63% Right: 82.31%
2017-04-13 06:15:38,316 INFO: ----------------------------------------------------------------------------
2017-04-13 06:15:38,316 INFO: EPOCH 37 (44.878 seconds):
2017-04-13 06:15:38,317 INFO: 	Average L2 norm of relation vector: 0.09379
2017-04-13 06:15:38,317 INFO: 	COST >> 0.783 +/- 0.01, % updates Left: 84.29% Rel: 5.68% Right: 82.39%
2017-04-13 06:16:23,548 INFO: ----------------------------------------------------------------------------
2017-04-13 06:16:23,548 INFO: EPOCH 38 (45.231 seconds):
2017-04-13 06:16:23,549 INFO: 	Average L2 norm of relation vector: 0.0942
2017-04-13 06:16:23,549 INFO: 	COST >> 0.782 +/- 0.01, % updates Left: 84.16% Rel: 5.61% Right: 82.38%
2017-04-13 06:17:12,386 INFO: ----------------------------------------------------------------------------
2017-04-13 06:17:12,386 INFO: EPOCH 39 (48.837 seconds):
2017-04-13 06:17:12,388 INFO: 	Average L2 norm of relation vector: 0.09458
2017-04-13 06:17:12,389 INFO: 	COST >> 0.782 +/- 0.01, % updates Left: 84.26% Rel: 5.63% Right: 82.4%
2017-04-13 06:18:01,964 INFO: ----------------------------------------------------------------------------
2017-04-13 06:18:01,964 INFO: EPOCH 40 (49.575 seconds):
2017-04-13 06:18:01,966 INFO: 	Average L2 norm of relation vector: 0.09494
2017-04-13 06:18:01,966 INFO: 	COST >> 0.782 +/- 0.01, % updates Left: 84.22% Rel: 5.64% Right: 82.37%
2017-04-13 06:18:01,966 INFO: 	FilteredRanking: evaluating rank on 1000 triples
2017-04-13 06:19:19,357 INFO: 	FilteredRanking: evaluating rank on 1000 triples
2017-04-13 06:20:38,153 INFO: 	MEAN RANK >> valid: 1501.7, train: 1212.0
2017-04-13 06:20:38,154 INFO: 		MEAN RANK TRAIN: Left: 1273.1 Rel: 22.0 Right: 1150.8
2017-04-13 06:20:38,154 INFO: 		MEAN RANK VALID: Left: 1594.6 Rel: 20.2 Right: 1408.9
2017-04-13 06:20:38,154 INFO: 		MEAN RECIPROCAL RANK VALID (L & R): 0.0725
2017-04-13 06:20:38,155 WARNING: 	WARNING, failed to improve MRR on valid, 0 chances left

2017-04-13 06:20:38,223 INFO: 	(ranking took 156.257 seconds)
2017-04-13 06:21:26,001 INFO: ----------------------------------------------------------------------------
2017-04-13 06:21:26,001 INFO: EPOCH 41 (47.777 seconds):
2017-04-13 06:21:26,002 INFO: 	Average L2 norm of relation vector: 0.09531
2017-04-13 06:21:26,002 INFO: 	COST >> 0.781 +/- 0.01, % updates Left: 84.2% Rel: 5.62% Right: 82.38%
2017-04-13 06:22:10,988 INFO: ----------------------------------------------------------------------------
2017-04-13 06:22:10,992 INFO: EPOCH 42 (44.99 seconds):
2017-04-13 06:22:10,995 INFO: 	Average L2 norm of relation vector: 0.09564
2017-04-13 06:22:10,995 INFO: 	COST >> 0.782 +/- 0.009, % updates Left: 84.24% Rel: 5.64% Right: 82.38%
2017-04-13 06:22:56,622 INFO: ----------------------------------------------------------------------------
2017-04-13 06:22:56,622 INFO: EPOCH 43 (45.627 seconds):
2017-04-13 06:22:56,624 INFO: 	Average L2 norm of relation vector: 0.09596
2017-04-13 06:22:56,625 INFO: 	COST >> 0.781 +/- 0.012, % updates Left: 84.11% Rel: 5.62% Right: 82.42%
2017-04-13 06:23:41,599 INFO: ----------------------------------------------------------------------------
2017-04-13 06:23:41,599 INFO: EPOCH 44 (44.973 seconds):
2017-04-13 06:23:41,600 INFO: 	Average L2 norm of relation vector: 0.09628
2017-04-13 06:23:41,600 INFO: 	COST >> 0.78 +/- 0.01, % updates Left: 84.21% Rel: 5.59% Right: 82.33%
2017-04-13 06:24:27,421 INFO: ----------------------------------------------------------------------------
2017-04-13 06:24:27,422 INFO: EPOCH 45 (45.821 seconds):
2017-04-13 06:24:27,423 INFO: 	Average L2 norm of relation vector: 0.09658
2017-04-13 06:24:27,424 INFO: 	COST >> 0.781 +/- 0.01, % updates Left: 84.27% Rel: 5.58% Right: 82.28%
2017-04-13 06:25:12,395 INFO: ----------------------------------------------------------------------------
2017-04-13 06:25:12,395 INFO: EPOCH 46 (44.97 seconds):
2017-04-13 06:25:12,396 INFO: 	Average L2 norm of relation vector: 0.09686
2017-04-13 06:25:12,397 INFO: 	COST >> 0.782 +/- 0.01, % updates Left: 84.27% Rel: 5.65% Right: 82.42%
2017-04-13 06:25:57,762 INFO: ----------------------------------------------------------------------------
2017-04-13 06:25:57,762 INFO: EPOCH 47 (45.365 seconds):
2017-04-13 06:25:57,763 INFO: 	Average L2 norm of relation vector: 0.09712
2017-04-13 06:25:57,764 INFO: 	COST >> 0.781 +/- 0.008, % updates Left: 84.19% Rel: 5.63% Right: 82.35%
2017-04-13 06:26:44,348 INFO: ----------------------------------------------------------------------------
2017-04-13 06:26:44,348 INFO: EPOCH 48 (46.584 seconds):
2017-04-13 06:26:44,350 INFO: 	Average L2 norm of relation vector: 0.09738
2017-04-13 06:26:44,351 INFO: 	COST >> 0.78 +/- 0.011, % updates Left: 84.1% Rel: 5.64% Right: 82.4%
2017-04-13 06:27:31,408 INFO: ----------------------------------------------------------------------------
2017-04-13 06:27:31,409 INFO: EPOCH 49 (47.057 seconds):
2017-04-13 06:27:31,409 INFO: 	Average L2 norm of relation vector: 0.09762
2017-04-13 06:27:31,410 INFO: 	COST >> 0.781 +/- 0.011, % updates Left: 84.28% Rel: 5.63% Right: 82.37%
2017-04-13 06:28:17,542 INFO: ----------------------------------------------------------------------------
2017-04-13 06:28:17,543 INFO: EPOCH 50 (46.133 seconds):
2017-04-13 06:28:17,544 INFO: 	Average L2 norm of relation vector: 0.09786
2017-04-13 06:28:17,545 INFO: 	COST >> 0.779 +/- 0.011, % updates Left: 84.12% Rel: 5.64% Right: 82.29%
2017-04-13 06:28:17,546 INFO: 	FilteredRanking: evaluating rank on 1000 triples
2017-04-13 06:29:32,963 INFO: 	FilteredRanking: evaluating rank on 1000 triples
2017-04-13 06:30:48,607 INFO: 	MEAN RANK >> valid: 1467.7, train: 1196.3
2017-04-13 06:30:48,607 INFO: 		MEAN RANK TRAIN: Left: 1253.3 Rel: 21.3 Right: 1139.4
2017-04-13 06:30:48,608 INFO: 		MEAN RANK VALID: Left: 1569.3 Rel: 19.5 Right: 1366.0
2017-04-13 06:30:48,608 INFO: 		MEAN RECIPROCAL RANK VALID (L & R): 0.072
2017-04-13 06:30:48,608 WARNING: EARLY STOPPING, failed to improve MRR on valid after 30 epochs
2017-04-13 06:30:48,608 INFO: ----------------------------------------------------------------------------
2017-04-13 06:30:48,608 INFO: ----------------------------------------------------------------------------
2017-04-13 06:30:48,608 INFO: 	Ranking model on all examples from test. Each example ranked against 14951 other entities
2017-04-13 06:30:48,608 INFO: 	RELATION ranking: each rel ranked against 1345 other rels
2017-04-13 06:30:49,021 INFO: 	Ranking: evaluating rank on 59071 triples
2017-04-13 07:19:25,377 INFO: left_ranks: (59071,), right_ranks: (59071,), rel_ranks: (59071,)
2017-04-13 07:19:25,399 INFO: max left_ranks: 14951, max right_ranks: 14951, max rel_ranks: 1345
2017-04-13 07:19:26,538 INFO: MICRO RAW:
2017-04-13 07:19:26,538 INFO: 	Left mean rank: 1874.797, MRR: 0.082, median rank: 321.0, hits@10: 15.898%
2017-04-13 07:19:26,538 INFO: 	Right mean rank: 1565.895, MRR: 0.118, median rank: 181.0, hits@10: 21.298%
2017-04-13 07:19:26,538 INFO: 	relation mean rank: 28.092, MRR: 0.29, median rank: 5.0, hits@10: 67.739%
2017-04-13 07:19:26,538 INFO: 	Global mean rank: 1720.346, MRR: 0.1, median rank: 250.0, hits@10: 18.598%
2017-04-13 07:19:26,538 INFO: MACRO RAW
2017-04-13 07:19:26,538 INFO: 	Left mean rank: 2387.102, MRR: 0.157, median rank: 155.0, hits@10: 27.078%
2017-04-13 07:19:26,539 INFO: 	Right mean rank: 2170.681, MRR: 0.194, median rank: 81.0, hits@10: 32.709%
2017-04-13 07:19:26,539 INFO: 	relation mean rank: 344.2, MRR: 0.034, median rank: 341.586, hits@10: 8.535%
2017-04-13 07:19:26,539 INFO: 	Global mean rank: 1633.994, MRR: 0.129, median rank: 129.0, hits@10: 22.774%
2017-04-13 07:19:26,556 INFO: Ranking model on all examples from test. Each example ranked against 14951 other entities which are FILTERED
2017-04-13 07:19:26,557 INFO: RELATION ranking: each rel ranked against 1345 other rels
2017-04-13 07:19:27,728 INFO: 	FilteredRanking: evaluating rank on 59071 triples
2017-04-13 08:34:42,249 INFO: MICRO FILTERED:
2017-04-13 08:34:42,251 INFO: 	Left mean rank: 1757.01099, MRR: 0.13207, median rank: 208.0, hits@10: 21.946%
2017-04-13 08:34:42,252 INFO: 	Right mean rank: 1492.66972, MRR: 0.16281, median rank: 146.0, hits@10: 26.268%
2017-04-13 08:34:42,252 INFO: 	relation mean rank: 27.771, MRR: 0.306, median rank: 5.0, hits@10: 68.301%
2017-04-13 08:34:42,252 INFO: 	Global mean rank: 1624.84035, MRR: 0.14744, median rank: 172.0, hits@10: 24.107%
2017-04-13 08:34:42,252 INFO: MACRO FILTERED
2017-04-13 08:34:42,253 INFO: 	Left mean rank: 2359.56577, MRR: 0.21599, median rank: 122.0, hits@10: 33.486%
2017-04-13 08:34:42,253 INFO: 	Right mean rank: 2158.1681, MRR: 0.2418, median rank: 69.0, hits@10: 36.385%
2017-04-13 08:34:42,253 INFO: 	relation mean rank: 343.585, MRR: 0.037, median rank: 340.967, hits@10: 8.793%
2017-04-13 08:34:42,253 INFO: 	Global mean rank: 1620.43967, MRR: 0.16481, median rank: 128.0, hits@10: 26.221%
