2017-05-03 10:46:03,636 INFO: logger initialized for experiment identifier: BilinearDiagExtended_L1_ndim_100_marg_2.0_lrate_0.01_cost_margincost_reg_0.01_REL
2017-05-03 10:46:03,636 INFO: DD{'ndim': 100, 'test_all': 10, 'Nsyn_rel': 1345, 'reverseRanking': False, 'bestvalidMRR': -1, 'loadmodel': False, 'totepochs': 1000, 'lremb': 0.01, 'nvalid': 1000, 'seed': 123, 'marge': 2.0, 'margincostfunction': 'margincost', 'simfn': 'L1', 'savepath': '/Users/corbinrosset/Dropbox/Arora/QA-code/src/KBC_Text/outputs/FB15k_BilinearDiagExtended/BilinearDiagExtended_L1_ndim_100_marg_2.0_lrate_0.01_cost_margincost_reg_0.01_REL', 'dataset': 'FB15k', 'nbatches': 100, 'identifier': 'BilinearDiagExtended_L1_ndim_100_marg_2.0_lrate_0.01_cost_margincost_reg_0.01_REL', 'lrparam': 0.01, 'loademb': False, 'datapath': '/Users/corbinrosset/Dropbox/Arora/QA-code/src/KBC_Text/data/', 'ntrain': 1000, 'Nrel': 1345, 'experiment_type': 'FB15kexp', 'rel': True, 'Nent': 14951, 'logger': <logging.RootLogger object at 0x10f3adf90>, 'ntest': 1000, 'Nsyn': 14951, 'reg': 0.01, 'op': 'BilinearDiagExtended'}
2017-05-03 10:46:06,326 INFO: loaded FB15k data in: 2.603026 seconds
2017-05-03 10:46:06,331 DEBUG: FB15kexp: load_FB15k_data(): trainl(14951, 483142), trainr(14951, 483142), traino(1345, 483142), trainlidx(1000,)
2017-05-03 10:46:10,453 DEBUG: Training to rank RELATIONS as well!
2017-05-03 10:46:10,454 DEBUG: loaded data and constructed model...
2017-05-03 10:46:10,454 DEBUG: num epochs: 1000
2017-05-03 10:46:10,454 DEBUG: num batches per epoch: 100
2017-05-03 10:46:10,454 DEBUG: batchsize: 4831
2017-05-03 10:46:10,454 DEBUG: left and right entity ranking functions will rank a slot against 14951 competitors
2017-05-03 10:46:10,454 INFO: BEGIN TRAINING
2017-05-03 10:46:46,795 INFO: ----------------------------------------------------------------------------
2017-05-03 10:46:46,796 INFO: EPOCH 1 (36.341 seconds):
2017-05-03 10:46:46,816 INFO: 	Average L2 norm of relation vector: 0.05237
2017-05-03 10:46:46,817 INFO: 	COST >> 2.571 +/- 1.126, % updates Left: 73.7% Rel: 23.4% Right: 68.75%
2017-05-03 10:47:22,611 INFO: ----------------------------------------------------------------------------
2017-05-03 10:47:22,611 INFO: EPOCH 2 (35.794 seconds):
2017-05-03 10:47:22,612 INFO: 	Average L2 norm of relation vector: 0.06459
2017-05-03 10:47:22,613 INFO: 	COST >> 0.919 +/- 0.134, % updates Left: 35.16% Rel: 6.38% Right: 30.78%
2017-05-03 10:48:02,683 INFO: ----------------------------------------------------------------------------
2017-05-03 10:48:02,683 INFO: EPOCH 3 (40.07 seconds):
2017-05-03 10:48:02,684 INFO: 	Average L2 norm of relation vector: 0.07211
2017-05-03 10:48:02,685 INFO: 	COST >> 0.62 +/- 0.044, % updates Left: 24.64% Rel: 3.91% Right: 21.15%
2017-05-03 10:48:40,313 INFO: ----------------------------------------------------------------------------
2017-05-03 10:48:40,313 INFO: EPOCH 4 (37.628 seconds):
2017-05-03 10:48:40,314 INFO: 	Average L2 norm of relation vector: 0.07732
2017-05-03 10:48:40,315 INFO: 	COST >> 0.498 +/- 0.023, % updates Left: 19.53% Rel: 2.95% Right: 17.11%
2017-05-03 10:49:18,033 INFO: ----------------------------------------------------------------------------
2017-05-03 10:49:18,034 INFO: EPOCH 5 (37.718 seconds):
2017-05-03 10:49:18,035 INFO: 	Average L2 norm of relation vector: 0.08138
2017-05-03 10:49:18,036 INFO: 	COST >> 0.43 +/- 0.015, % updates Left: 16.75% Rel: 2.37% Right: 14.77%
2017-05-03 10:49:55,586 INFO: ----------------------------------------------------------------------------
2017-05-03 10:49:55,586 INFO: EPOCH 6 (37.549 seconds):
2017-05-03 10:49:55,588 INFO: 	Average L2 norm of relation vector: 0.08468
2017-05-03 10:49:55,589 INFO: 	COST >> 0.394 +/- 0.014, % updates Left: 15.16% Rel: 2.0% Right: 13.42%
2017-05-03 10:50:42,108 INFO: ----------------------------------------------------------------------------
2017-05-03 10:50:42,109 INFO: EPOCH 7 (46.519 seconds):
2017-05-03 10:50:42,113 INFO: 	Average L2 norm of relation vector: 0.08745
2017-05-03 10:50:42,114 INFO: 	COST >> 0.365 +/- 0.015, % updates Left: 13.92% Rel: 1.76% Right: 12.31%
2017-05-03 10:51:36,976 INFO: ----------------------------------------------------------------------------
2017-05-03 10:51:36,979 INFO: EPOCH 8 (54.864 seconds):
2017-05-03 10:51:36,980 INFO: 	Average L2 norm of relation vector: 0.08987
2017-05-03 10:51:36,981 INFO: 	COST >> 0.342 +/- 0.011, % updates Left: 13.08% Rel: 1.56% Right: 11.55%
2017-05-03 10:52:19,725 INFO: ----------------------------------------------------------------------------
2017-05-03 10:52:19,727 INFO: EPOCH 9 (42.745 seconds):
2017-05-03 10:52:19,728 INFO: 	Average L2 norm of relation vector: 0.09209
2017-05-03 10:52:19,728 INFO: 	COST >> 0.327 +/- 0.011, % updates Left: 12.47% Rel: 1.42% Right: 11.02%
2017-05-03 10:52:59,254 INFO: ----------------------------------------------------------------------------
2017-05-03 10:52:59,256 INFO: EPOCH 10 (39.528 seconds):
2017-05-03 10:52:59,257 INFO: 	Average L2 norm of relation vector: 0.09406
2017-05-03 10:52:59,258 INFO: 	COST >> 0.308 +/- 0.01, % updates Left: 11.76% Rel: 1.3% Right: 10.5%
2017-05-03 10:52:59,258 INFO: 	FilteredRanking: evaluating rank on 1000 triples
2017-05-03 10:54:41,844 INFO: 	FilteredRanking: evaluating rank on 1000 triples
2017-05-03 10:56:26,161 INFO: 	MEAN RANK >> valid: 315.8, train: 235.5
2017-05-03 10:56:26,163 INFO: 		MEAN RANK TRAIN: Left: 247.8 Rel: 9.5 Right: 223.3
2017-05-03 10:56:26,164 INFO: 		MEAN RANK VALID: Left: 337.8 Rel: 4.7 Right: 293.7
2017-05-03 10:56:26,164 INFO: 		MEAN RECIPROCAL RANK VALID (L & R): 0.1105
2017-05-03 10:56:26,164 INFO: 	FilteredRanking: evaluating rank on 1000 triples
2017-05-03 10:58:09,779 INFO: 	NEW BEST TEST MR: 338.6
2017-05-03 10:58:09,779 INFO: 		Left MR: 361.9 Rel MR: 7.5 Right MR: 315.3
2017-05-03 10:58:09,849 INFO: 	(ranking took 310.591 seconds)
2017-05-03 10:58:48,834 INFO: ----------------------------------------------------------------------------
2017-05-03 10:58:48,834 INFO: EPOCH 11 (38.984 seconds):
2017-05-03 10:58:48,835 INFO: 	Average L2 norm of relation vector: 0.09587
2017-05-03 10:58:48,836 INFO: 	COST >> 0.296 +/- 0.011, % updates Left: 11.28% Rel: 1.24% Right: 10.07%
2017-05-03 10:59:27,372 INFO: ----------------------------------------------------------------------------
2017-05-03 10:59:27,372 INFO: EPOCH 12 (38.536 seconds):
2017-05-03 10:59:27,373 INFO: 	Average L2 norm of relation vector: 0.09757
2017-05-03 10:59:27,374 INFO: 	COST >> 0.284 +/- 0.01, % updates Left: 10.95% Rel: 1.17% Right: 9.68%
2017-05-03 11:00:04,430 INFO: ----------------------------------------------------------------------------
2017-05-03 11:00:04,430 INFO: EPOCH 13 (37.056 seconds):
2017-05-03 11:00:04,431 INFO: 	Average L2 norm of relation vector: 0.09919
2017-05-03 11:00:04,432 INFO: 	COST >> 0.273 +/- 0.01, % updates Left: 10.57% Rel: 1.12% Right: 9.31%
2017-05-03 11:00:39,732 INFO: ----------------------------------------------------------------------------
2017-05-03 11:00:39,733 INFO: EPOCH 14 (35.301 seconds):
2017-05-03 11:00:39,734 INFO: 	Average L2 norm of relation vector: 0.10065
2017-05-03 11:00:39,734 INFO: 	COST >> 0.264 +/- 0.011, % updates Left: 10.17% Rel: 1.09% Right: 9.03%
2017-05-03 11:01:14,975 INFO: ----------------------------------------------------------------------------
2017-05-03 11:01:14,975 INFO: EPOCH 15 (35.241 seconds):
2017-05-03 11:01:14,976 INFO: 	Average L2 norm of relation vector: 0.10205
2017-05-03 11:01:14,977 INFO: 	COST >> 0.254 +/- 0.01, % updates Left: 9.85% Rel: 1.07% Right: 8.67%
2017-05-03 11:01:50,004 INFO: ----------------------------------------------------------------------------
2017-05-03 11:01:50,005 INFO: EPOCH 16 (35.028 seconds):
2017-05-03 11:01:50,006 INFO: 	Average L2 norm of relation vector: 0.10332
2017-05-03 11:01:50,007 INFO: 	COST >> 0.247 +/- 0.008, % updates Left: 9.47% Rel: 1.02% Right: 8.48%
2017-05-03 11:02:25,267 INFO: ----------------------------------------------------------------------------
2017-05-03 11:02:25,267 INFO: EPOCH 17 (35.26 seconds):
2017-05-03 11:02:25,268 INFO: 	Average L2 norm of relation vector: 0.10451
2017-05-03 11:02:25,269 INFO: 	COST >> 0.242 +/- 0.01, % updates Left: 9.29% Rel: 0.99% Right: 8.19%
2017-05-03 11:03:00,722 INFO: ----------------------------------------------------------------------------
2017-05-03 11:03:00,725 INFO: EPOCH 18 (35.455 seconds):
2017-05-03 11:03:00,726 INFO: 	Average L2 norm of relation vector: 0.10564
2017-05-03 11:03:00,727 INFO: 	COST >> 0.236 +/- 0.008, % updates Left: 9.09% Rel: 0.97% Right: 7.93%
2017-05-03 11:03:36,547 INFO: ----------------------------------------------------------------------------
2017-05-03 11:03:36,547 INFO: EPOCH 19 (35.82 seconds):
2017-05-03 11:03:36,548 INFO: 	Average L2 norm of relation vector: 0.10669
2017-05-03 11:03:36,549 INFO: 	COST >> 0.23 +/- 0.008, % updates Left: 8.86% Rel: 0.95% Right: 7.72%
2017-05-03 11:04:12,708 INFO: ----------------------------------------------------------------------------
2017-05-03 11:04:12,709 INFO: EPOCH 20 (36.159 seconds):
2017-05-03 11:04:12,710 INFO: 	Average L2 norm of relation vector: 0.10769
2017-05-03 11:04:12,711 INFO: 	COST >> 0.226 +/- 0.008, % updates Left: 8.68% Rel: 0.91% Right: 7.55%
2017-05-03 11:04:12,711 INFO: 	FilteredRanking: evaluating rank on 1000 triples
2017-05-03 11:05:51,702 INFO: 	FilteredRanking: evaluating rank on 1000 triples
2017-05-03 11:07:30,507 INFO: 	MEAN RANK >> valid: 230.3, train: 157.6
2017-05-03 11:07:30,507 INFO: 		MEAN RANK TRAIN: Left: 169.0 Rel: 6.3 Right: 146.1
2017-05-03 11:07:30,508 INFO: 		MEAN RANK VALID: Left: 262.9 Rel: 3.3 Right: 197.7
2017-05-03 11:07:30,508 INFO: 		MEAN RECIPROCAL RANK VALID (L & R): 0.133
2017-05-03 11:07:30,508 INFO: 	FilteredRanking: evaluating rank on 1000 triples
2017-05-03 11:09:15,409 INFO: 	NEW BEST TEST MR: 229.1
2017-05-03 11:09:15,410 INFO: 		Left MR: 259.9 Rel MR: 5.8 Right MR: 198.3
2017-05-03 11:09:15,523 INFO: 	(ranking took 302.812 seconds)
2017-05-03 11:09:57,219 INFO: ----------------------------------------------------------------------------
2017-05-03 11:09:57,220 INFO: EPOCH 21 (41.696 seconds):
2017-05-03 11:09:57,221 INFO: 	Average L2 norm of relation vector: 0.10863
2017-05-03 11:09:57,222 INFO: 	COST >> 0.22 +/- 0.01, % updates Left: 8.46% Rel: 0.9% Right: 7.27%
2017-05-03 11:10:36,207 INFO: ----------------------------------------------------------------------------
2017-05-03 11:10:36,207 INFO: EPOCH 22 (38.985 seconds):
2017-05-03 11:10:36,208 INFO: 	Average L2 norm of relation vector: 0.1095
2017-05-03 11:10:36,209 INFO: 	COST >> 0.218 +/- 0.009, % updates Left: 8.3% Rel: 0.88% Right: 7.27%
2017-05-03 11:11:12,984 INFO: ----------------------------------------------------------------------------
2017-05-03 11:11:12,984 INFO: EPOCH 23 (36.774 seconds):
2017-05-03 11:11:12,985 INFO: 	Average L2 norm of relation vector: 0.11033
2017-05-03 11:11:12,985 INFO: 	COST >> 0.214 +/- 0.008, % updates Left: 8.16% Rel: 0.87% Right: 7.07%
2017-05-03 11:11:52,065 INFO: ----------------------------------------------------------------------------
2017-05-03 11:11:52,067 INFO: EPOCH 24 (39.081 seconds):
2017-05-03 11:11:52,069 INFO: 	Average L2 norm of relation vector: 0.11111
2017-05-03 11:11:52,069 INFO: 	COST >> 0.211 +/- 0.009, % updates Left: 8.02% Rel: 0.84% Right: 6.94%
2017-05-03 11:12:30,323 INFO: ----------------------------------------------------------------------------
2017-05-03 11:12:30,325 INFO: EPOCH 25 (38.255 seconds):
2017-05-03 11:12:30,326 INFO: 	Average L2 norm of relation vector: 0.11185
2017-05-03 11:12:30,327 INFO: 	COST >> 0.208 +/- 0.009, % updates Left: 7.85% Rel: 0.84% Right: 6.93%
2017-05-03 11:13:08,773 INFO: ----------------------------------------------------------------------------
2017-05-03 11:13:08,774 INFO: EPOCH 26 (38.447 seconds):
2017-05-03 11:13:08,775 INFO: 	Average L2 norm of relation vector: 0.11253
2017-05-03 11:13:08,776 INFO: 	COST >> 0.205 +/- 0.008, % updates Left: 7.69% Rel: 0.8% Right: 6.7%
2017-05-03 11:13:47,947 INFO: ----------------------------------------------------------------------------
2017-05-03 11:13:47,949 INFO: EPOCH 27 (39.172 seconds):
2017-05-03 11:13:47,951 INFO: 	Average L2 norm of relation vector: 0.11319
2017-05-03 11:13:47,951 INFO: 	COST >> 0.203 +/- 0.008, % updates Left: 7.65% Rel: 0.82% Right: 6.6%
2017-05-03 11:14:28,891 INFO: ----------------------------------------------------------------------------
2017-05-03 11:14:28,893 INFO: EPOCH 28 (40.941 seconds):
2017-05-03 11:14:28,895 INFO: 	Average L2 norm of relation vector: 0.11383
2017-05-03 11:14:28,896 INFO: 	COST >> 0.201 +/- 0.009, % updates Left: 7.57% Rel: 0.8% Right: 6.59%
2017-05-03 11:15:08,854 INFO: ----------------------------------------------------------------------------
2017-05-03 11:15:08,856 INFO: EPOCH 29 (39.96 seconds):
2017-05-03 11:15:08,859 INFO: 	Average L2 norm of relation vector: 0.11444
2017-05-03 11:15:08,860 INFO: 	COST >> 0.197 +/- 0.009, % updates Left: 7.42% Rel: 0.79% Right: 6.38%
2017-05-03 11:15:44,246 INFO: ----------------------------------------------------------------------------
2017-05-03 11:15:44,246 INFO: EPOCH 30 (35.385 seconds):
2017-05-03 11:15:44,248 INFO: 	Average L2 norm of relation vector: 0.11502
2017-05-03 11:15:44,248 INFO: 	COST >> 0.194 +/- 0.009, % updates Left: 7.27% Rel: 0.78% Right: 6.34%
2017-05-03 11:15:44,249 INFO: 	FilteredRanking: evaluating rank on 1000 triples
2017-05-03 11:17:18,786 INFO: 	FilteredRanking: evaluating rank on 1000 triples
2017-05-03 11:18:53,616 INFO: 	MEAN RANK >> valid: 194.5, train: 126.3
2017-05-03 11:18:53,617 INFO: 		MEAN RANK TRAIN: Left: 138.5 Rel: 5.1 Right: 114.1
2017-05-03 11:18:53,618 INFO: 		MEAN RANK VALID: Left: 224.4 Rel: 3.1 Right: 164.6
2017-05-03 11:18:53,618 INFO: 		MEAN RECIPROCAL RANK VALID (L & R): 0.1385
2017-05-03 11:18:53,618 INFO: 	FilteredRanking: evaluating rank on 1000 triples
2017-05-03 11:20:27,842 INFO: 	NEW BEST TEST MR: 174.2
2017-05-03 11:20:27,846 INFO: 		Left MR: 193.1 Rel MR: 4.7 Right MR: 155.2
2017-05-03 11:20:27,938 INFO: 	(ranking took 283.689 seconds)
2017-05-03 11:21:00,647 INFO: ----------------------------------------------------------------------------
2017-05-03 11:21:00,647 INFO: EPOCH 31 (32.709 seconds):
2017-05-03 11:21:00,648 INFO: 	Average L2 norm of relation vector: 0.11556
2017-05-03 11:21:00,649 INFO: 	COST >> 0.195 +/- 0.008, % updates Left: 7.27% Rel: 0.77% Right: 6.28%
2017-05-03 11:21:31,330 INFO: ----------------------------------------------------------------------------
2017-05-03 11:21:31,330 INFO: EPOCH 32 (30.681 seconds):
2017-05-03 11:21:31,331 INFO: 	Average L2 norm of relation vector: 0.11608
2017-05-03 11:21:31,332 INFO: 	COST >> 0.191 +/- 0.007, % updates Left: 7.13% Rel: 0.79% Right: 6.13%
2017-05-03 11:22:01,137 INFO: ----------------------------------------------------------------------------
2017-05-03 11:22:01,137 INFO: EPOCH 33 (29.805 seconds):
2017-05-03 11:22:01,138 INFO: 	Average L2 norm of relation vector: 0.11654
2017-05-03 11:22:01,139 INFO: 	COST >> 0.188 +/- 0.008, % updates Left: 7.0% Rel: 0.75% Right: 6.03%
2017-05-03 11:22:31,938 INFO: ----------------------------------------------------------------------------
2017-05-03 11:22:31,938 INFO: EPOCH 34 (30.799 seconds):
2017-05-03 11:22:31,939 INFO: 	Average L2 norm of relation vector: 0.11699
2017-05-03 11:22:31,939 INFO: 	COST >> 0.188 +/- 0.008, % updates Left: 6.96% Rel: 0.74% Right: 6.0%
2017-05-03 11:23:02,415 INFO: ----------------------------------------------------------------------------
2017-05-03 11:23:02,415 INFO: EPOCH 35 (30.476 seconds):
2017-05-03 11:23:02,416 INFO: 	Average L2 norm of relation vector: 0.11743
2017-05-03 11:23:02,417 INFO: 	COST >> 0.187 +/- 0.008, % updates Left: 6.88% Rel: 0.75% Right: 5.99%
2017-05-03 11:23:32,467 INFO: ----------------------------------------------------------------------------
2017-05-03 11:23:32,467 INFO: EPOCH 36 (30.05 seconds):
2017-05-03 11:23:32,468 INFO: 	Average L2 norm of relation vector: 0.11785
2017-05-03 11:23:32,468 INFO: 	COST >> 0.185 +/- 0.007, % updates Left: 6.79% Rel: 0.72% Right: 5.96%
2017-05-03 11:24:02,026 INFO: ----------------------------------------------------------------------------
2017-05-03 11:24:02,026 INFO: EPOCH 37 (29.557 seconds):
2017-05-03 11:24:02,027 INFO: 	Average L2 norm of relation vector: 0.11825
2017-05-03 11:24:02,027 INFO: 	COST >> 0.182 +/- 0.008, % updates Left: 6.69% Rel: 0.75% Right: 5.84%
2017-05-03 11:24:31,734 INFO: ----------------------------------------------------------------------------
2017-05-03 11:24:31,734 INFO: EPOCH 38 (29.706 seconds):
2017-05-03 11:24:31,735 INFO: 	Average L2 norm of relation vector: 0.11863
2017-05-03 11:24:31,735 INFO: 	COST >> 0.183 +/- 0.009, % updates Left: 6.68% Rel: 0.74% Right: 5.79%
2017-05-03 11:25:01,427 INFO: ----------------------------------------------------------------------------
2017-05-03 11:25:01,427 INFO: EPOCH 39 (29.692 seconds):
2017-05-03 11:25:01,428 INFO: 	Average L2 norm of relation vector: 0.11901
2017-05-03 11:25:01,428 INFO: 	COST >> 0.181 +/- 0.008, % updates Left: 6.65% Rel: 0.7% Right: 5.8%
2017-05-03 11:25:30,760 INFO: ----------------------------------------------------------------------------
2017-05-03 11:25:30,761 INFO: EPOCH 40 (29.332 seconds):
2017-05-03 11:25:30,762 INFO: 	Average L2 norm of relation vector: 0.11938
2017-05-03 11:25:30,762 INFO: 	COST >> 0.179 +/- 0.007, % updates Left: 6.62% Rel: 0.7% Right: 5.69%
2017-05-03 11:25:30,763 INFO: 	FilteredRanking: evaluating rank on 1000 triples
2017-05-03 11:26:57,172 INFO: 	FilteredRanking: evaluating rank on 1000 triples
2017-05-03 11:28:32,364 INFO: 	MEAN RANK >> valid: 175.7, train: 104.8
2017-05-03 11:28:32,366 INFO: 		MEAN RANK TRAIN: Left: 109.8 Rel: 4.3 Right: 99.8
2017-05-03 11:28:32,367 INFO: 		MEAN RANK VALID: Left: 202.6 Rel: 3.0 Right: 148.8
2017-05-03 11:28:32,367 INFO: 		MEAN RECIPROCAL RANK VALID (L & R): 0.153
2017-05-03 11:28:32,367 INFO: 	FilteredRanking: evaluating rank on 1000 triples
2017-05-03 11:30:11,368 INFO: 	NEW BEST TEST MR: 169.2
2017-05-03 11:30:11,375 INFO: 		Left MR: 188.6 Rel MR: 4.3 Right MR: 149.8
2017-05-03 11:30:11,434 INFO: 	(ranking took 280.671 seconds)
2017-05-03 11:30:51,016 INFO: ----------------------------------------------------------------------------
2017-05-03 11:30:51,017 INFO: EPOCH 41 (39.583 seconds):
2017-05-03 11:30:51,018 INFO: 	Average L2 norm of relation vector: 0.11972
2017-05-03 11:30:51,018 INFO: 	COST >> 0.178 +/- 0.007, % updates Left: 6.53% Rel: 0.7% Right: 5.63%
2017-05-03 11:31:26,526 INFO: ----------------------------------------------------------------------------
2017-05-03 11:31:26,526 INFO: EPOCH 42 (35.508 seconds):
2017-05-03 11:31:26,528 INFO: 	Average L2 norm of relation vector: 0.12002
2017-05-03 11:31:26,529 INFO: 	COST >> 0.175 +/- 0.007, % updates Left: 6.4% Rel: 0.69% Right: 5.55%
2017-05-03 11:32:02,222 INFO: ----------------------------------------------------------------------------
2017-05-03 11:32:02,222 INFO: EPOCH 43 (35.693 seconds):
2017-05-03 11:32:02,224 INFO: 	Average L2 norm of relation vector: 0.12033
2017-05-03 11:32:02,225 INFO: 	COST >> 0.175 +/- 0.007, % updates Left: 6.39% Rel: 0.7% Right: 5.52%
2017-05-03 11:32:35,894 INFO: ----------------------------------------------------------------------------
2017-05-03 11:32:35,896 INFO: EPOCH 44 (33.671 seconds):
2017-05-03 11:32:35,898 INFO: 	Average L2 norm of relation vector: 0.12062
2017-05-03 11:32:35,899 INFO: 	COST >> 0.175 +/- 0.008, % updates Left: 6.34% Rel: 0.69% Right: 5.56%
2017-05-03 11:33:09,816 INFO: ----------------------------------------------------------------------------
2017-05-03 11:33:09,817 INFO: EPOCH 45 (33.918 seconds):
2017-05-03 11:33:09,818 INFO: 	Average L2 norm of relation vector: 0.12091
2017-05-03 11:33:09,818 INFO: 	COST >> 0.174 +/- 0.007, % updates Left: 6.36% Rel: 0.69% Right: 5.47%
2017-05-03 11:33:43,258 INFO: ----------------------------------------------------------------------------
2017-05-03 11:33:43,259 INFO: EPOCH 46 (33.44 seconds):
2017-05-03 11:33:43,260 INFO: 	Average L2 norm of relation vector: 0.12118
2017-05-03 11:33:43,261 INFO: 	COST >> 0.173 +/- 0.006, % updates Left: 6.28% Rel: 0.71% Right: 5.45%
2017-05-03 11:34:17,184 INFO: ----------------------------------------------------------------------------
2017-05-03 11:34:17,184 INFO: EPOCH 47 (33.923 seconds):
2017-05-03 11:34:17,186 INFO: 	Average L2 norm of relation vector: 0.12146
2017-05-03 11:34:17,186 INFO: 	COST >> 0.172 +/- 0.007, % updates Left: 6.3% Rel: 0.68% Right: 5.43%
2017-05-03 11:34:49,929 INFO: ----------------------------------------------------------------------------
2017-05-03 11:34:49,929 INFO: EPOCH 48 (32.742 seconds):
2017-05-03 11:34:49,930 INFO: 	Average L2 norm of relation vector: 0.12172
2017-05-03 11:34:49,931 INFO: 	COST >> 0.172 +/- 0.008, % updates Left: 6.2% Rel: 0.69% Right: 5.42%
2017-05-03 11:35:25,427 INFO: ----------------------------------------------------------------------------
2017-05-03 11:35:25,429 INFO: EPOCH 49 (35.498 seconds):
2017-05-03 11:35:25,430 INFO: 	Average L2 norm of relation vector: 0.12198
2017-05-03 11:35:25,431 INFO: 	COST >> 0.17 +/- 0.007, % updates Left: 6.18% Rel: 0.68% Right: 5.33%
2017-05-03 11:35:59,760 INFO: ----------------------------------------------------------------------------
2017-05-03 11:35:59,760 INFO: EPOCH 50 (34.329 seconds):
2017-05-03 11:35:59,762 INFO: 	Average L2 norm of relation vector: 0.1222
2017-05-03 11:35:59,762 INFO: 	COST >> 0.168 +/- 0.007, % updates Left: 6.07% Rel: 0.69% Right: 5.25%
2017-05-03 11:35:59,763 INFO: 	FilteredRanking: evaluating rank on 1000 triples
2017-05-03 11:37:34,961 INFO: 	FilteredRanking: evaluating rank on 1000 triples
2017-05-03 11:39:09,937 INFO: 	MEAN RANK >> valid: 150.9, train: 94.0
2017-05-03 11:39:09,937 INFO: 		MEAN RANK TRAIN: Left: 107.2 Rel: 3.7 Right: 80.8
2017-05-03 11:39:09,938 INFO: 		MEAN RANK VALID: Left: 173.9 Rel: 2.9 Right: 127.9
2017-05-03 11:39:09,938 INFO: 		MEAN RECIPROCAL RANK VALID (L & R): 0.1555
2017-05-03 11:39:09,938 INFO: 	FilteredRanking: evaluating rank on 1000 triples
2017-05-03 11:40:40,243 INFO: 	NEW BEST TEST MR: 149.1
2017-05-03 11:40:40,249 INFO: 		Left MR: 158.5 Rel MR: 3.8 Right MR: 139.7
2017-05-03 11:40:40,309 INFO: 	(ranking took 280.547 seconds)
2017-05-03 11:41:13,460 INFO: ----------------------------------------------------------------------------
2017-05-03 11:41:13,462 INFO: EPOCH 51 (33.153 seconds):
2017-05-03 11:41:13,463 INFO: 	Average L2 norm of relation vector: 0.12241
2017-05-03 11:41:13,464 INFO: 	COST >> 0.168 +/- 0.007, % updates Left: 6.05% Rel: 0.68% Right: 5.27%
2017-05-03 11:41:45,333 INFO: ----------------------------------------------------------------------------
2017-05-03 11:41:45,333 INFO: EPOCH 52 (31.87 seconds):
2017-05-03 11:41:45,335 INFO: 	Average L2 norm of relation vector: 0.12263
2017-05-03 11:41:45,335 INFO: 	COST >> 0.166 +/- 0.007, % updates Left: 5.98% Rel: 0.67% Right: 5.24%
2017-05-03 11:42:16,837 INFO: ----------------------------------------------------------------------------
2017-05-03 11:42:16,837 INFO: EPOCH 53 (31.502 seconds):
2017-05-03 11:42:16,838 INFO: 	Average L2 norm of relation vector: 0.12283
2017-05-03 11:42:16,839 INFO: 	COST >> 0.166 +/- 0.007, % updates Left: 6.0% Rel: 0.67% Right: 5.2%
2017-05-03 11:42:49,679 INFO: ----------------------------------------------------------------------------
2017-05-03 11:42:49,679 INFO: EPOCH 54 (32.84 seconds):
2017-05-03 11:42:49,680 INFO: 	Average L2 norm of relation vector: 0.12304
2017-05-03 11:42:49,680 INFO: 	COST >> 0.166 +/- 0.007, % updates Left: 6.05% Rel: 0.69% Right: 5.16%
2017-05-03 11:43:21,376 INFO: ----------------------------------------------------------------------------
2017-05-03 11:43:21,377 INFO: EPOCH 55 (31.696 seconds):
2017-05-03 11:43:21,378 INFO: 	Average L2 norm of relation vector: 0.12323
2017-05-03 11:43:21,379 INFO: 	COST >> 0.163 +/- 0.006, % updates Left: 5.86% Rel: 0.66% Right: 5.09%
2017-05-03 11:43:59,127 INFO: ----------------------------------------------------------------------------
2017-05-03 11:43:59,128 INFO: EPOCH 56 (37.749 seconds):
2017-05-03 11:43:59,129 INFO: 	Average L2 norm of relation vector: 0.1234
2017-05-03 11:43:59,130 INFO: 	COST >> 0.164 +/- 0.007, % updates Left: 5.91% Rel: 0.65% Right: 5.1%
2017-05-03 11:44:40,622 INFO: ----------------------------------------------------------------------------
2017-05-03 11:44:40,623 INFO: EPOCH 57 (41.493 seconds):
2017-05-03 11:44:40,625 INFO: 	Average L2 norm of relation vector: 0.12359
2017-05-03 11:44:40,625 INFO: 	COST >> 0.162 +/- 0.006, % updates Left: 5.87% Rel: 0.66% Right: 5.04%
2017-05-03 11:45:22,708 INFO: ----------------------------------------------------------------------------
2017-05-03 11:45:22,710 INFO: EPOCH 58 (42.085 seconds):
2017-05-03 11:45:22,713 INFO: 	Average L2 norm of relation vector: 0.12376
2017-05-03 11:45:22,713 INFO: 	COST >> 0.162 +/- 0.007, % updates Left: 5.87% Rel: 0.67% Right: 5.02%
2017-05-03 11:46:03,361 INFO: ----------------------------------------------------------------------------
2017-05-03 11:46:03,362 INFO: EPOCH 59 (40.648 seconds):
2017-05-03 11:46:03,363 INFO: 	Average L2 norm of relation vector: 0.12392
2017-05-03 11:46:03,363 INFO: 	COST >> 0.16 +/- 0.007, % updates Left: 5.77% Rel: 0.64% Right: 5.04%
2017-05-03 11:46:44,698 INFO: ----------------------------------------------------------------------------
2017-05-03 11:46:44,700 INFO: EPOCH 60 (41.336 seconds):
2017-05-03 11:46:44,702 INFO: 	Average L2 norm of relation vector: 0.12406
2017-05-03 11:46:44,702 INFO: 	COST >> 0.16 +/- 0.006, % updates Left: 5.72% Rel: 0.67% Right: 5.01%
2017-05-03 11:46:44,703 INFO: 	FilteredRanking: evaluating rank on 1000 triples
2017-05-03 11:48:32,725 INFO: 	FilteredRanking: evaluating rank on 1000 triples
2017-05-03 11:50:28,242 INFO: 	MEAN RANK >> valid: 139.7, train: 80.8
2017-05-03 11:50:28,245 INFO: 		MEAN RANK TRAIN: Left: 81.4 Rel: 3.4 Right: 80.3
2017-05-03 11:50:28,246 INFO: 		MEAN RANK VALID: Left: 155.6 Rel: 2.9 Right: 123.8
2017-05-03 11:50:28,246 INFO: 		MEAN RECIPROCAL RANK VALID (L & R): 0.1615
2017-05-03 11:50:28,246 INFO: 	FilteredRanking: evaluating rank on 1000 triples
2017-05-03 11:52:18,929 INFO: 	NEW BEST TEST MR: 133.1
2017-05-03 11:52:18,930 INFO: 		Left MR: 143.9 Rel MR: 3.5 Right MR: 122.3
2017-05-03 11:52:18,998 INFO: 	(ranking took 334.295 seconds)
2017-05-03 11:53:05,943 INFO: ----------------------------------------------------------------------------
2017-05-03 11:53:05,944 INFO: EPOCH 61 (46.945 seconds):
2017-05-03 11:53:05,945 INFO: 	Average L2 norm of relation vector: 0.1242
2017-05-03 11:53:05,946 INFO: 	COST >> 0.159 +/- 0.006, % updates Left: 5.71% Rel: 0.64% Right: 4.91%
2017-05-03 11:53:49,555 INFO: ----------------------------------------------------------------------------
2017-05-03 11:53:49,555 INFO: EPOCH 62 (43.609 seconds):
2017-05-03 11:53:49,557 INFO: 	Average L2 norm of relation vector: 0.12434
2017-05-03 11:53:49,557 INFO: 	COST >> 0.158 +/- 0.007, % updates Left: 5.68% Rel: 0.64% Right: 4.92%
2017-05-03 11:54:34,979 INFO: ----------------------------------------------------------------------------
2017-05-03 11:54:34,980 INFO: EPOCH 63 (45.422 seconds):
2017-05-03 11:54:34,981 INFO: 	Average L2 norm of relation vector: 0.12447
2017-05-03 11:54:34,982 INFO: 	COST >> 0.158 +/- 0.006, % updates Left: 5.7% Rel: 0.64% Right: 4.91%
2017-05-03 11:55:19,090 INFO: ----------------------------------------------------------------------------
2017-05-03 11:55:19,091 INFO: EPOCH 64 (44.109 seconds):
2017-05-03 11:55:19,093 INFO: 	Average L2 norm of relation vector: 0.12459
2017-05-03 11:55:19,093 INFO: 	COST >> 0.157 +/- 0.007, % updates Left: 5.6% Rel: 0.62% Right: 4.89%
2017-05-03 11:56:04,201 INFO: ----------------------------------------------------------------------------
2017-05-03 11:56:04,201 INFO: EPOCH 65 (45.108 seconds):
2017-05-03 11:56:04,202 INFO: 	Average L2 norm of relation vector: 0.1247
2017-05-03 11:56:04,203 INFO: 	COST >> 0.157 +/- 0.006, % updates Left: 5.63% Rel: 0.63% Right: 4.89%
2017-05-03 11:56:52,299 INFO: ----------------------------------------------------------------------------
2017-05-03 11:56:52,301 INFO: EPOCH 66 (48.098 seconds):
2017-05-03 11:56:52,302 INFO: 	Average L2 norm of relation vector: 0.1248
2017-05-03 11:56:52,302 INFO: 	COST >> 0.156 +/- 0.006, % updates Left: 5.56% Rel: 0.62% Right: 4.86%
2017-05-03 11:57:42,174 INFO: ----------------------------------------------------------------------------
2017-05-03 11:57:42,175 INFO: EPOCH 67 (49.872 seconds):
2017-05-03 11:57:42,177 INFO: 	Average L2 norm of relation vector: 0.1249
2017-05-03 11:57:42,178 INFO: 	COST >> 0.156 +/- 0.005, % updates Left: 5.52% Rel: 0.63% Right: 4.87%
2017-05-03 11:58:26,556 INFO: ----------------------------------------------------------------------------
2017-05-03 11:58:26,559 INFO: EPOCH 68 (44.381 seconds):
2017-05-03 11:58:26,560 INFO: 	Average L2 norm of relation vector: 0.125
2017-05-03 11:58:26,561 INFO: 	COST >> 0.155 +/- 0.006, % updates Left: 5.49% Rel: 0.63% Right: 4.88%
2017-05-03 11:59:07,923 INFO: ----------------------------------------------------------------------------
2017-05-03 11:59:07,925 INFO: EPOCH 69 (41.364 seconds):
2017-05-03 11:59:07,927 INFO: 	Average L2 norm of relation vector: 0.1251
2017-05-03 11:59:07,927 INFO: 	COST >> 0.154 +/- 0.005, % updates Left: 5.49% Rel: 0.63% Right: 4.76%
2017-05-03 11:59:53,655 INFO: ----------------------------------------------------------------------------
2017-05-03 11:59:53,658 INFO: EPOCH 70 (45.731 seconds):
2017-05-03 11:59:53,659 INFO: 	Average L2 norm of relation vector: 0.12517
2017-05-03 11:59:53,660 INFO: 	COST >> 0.154 +/- 0.007, % updates Left: 5.46% Rel: 0.64% Right: 4.73%
2017-05-03 11:59:53,660 INFO: 	FilteredRanking: evaluating rank on 1000 triples
2017-05-03 12:01:41,538 INFO: 	FilteredRanking: evaluating rank on 1000 triples
2017-05-03 12:03:25,046 INFO: 	MEAN RANK >> valid: 124.8, train: 61.6
2017-05-03 12:03:25,052 INFO: 		MEAN RANK TRAIN: Left: 62.3 Rel: 3.1 Right: 60.9
2017-05-03 12:03:25,053 INFO: 		MEAN RANK VALID: Left: 134.8 Rel: 2.8 Right: 114.9
2017-05-03 12:03:25,053 INFO: 		MEAN RECIPROCAL RANK VALID (L & R): 0.178
2017-05-03 12:03:25,054 INFO: 	FilteredRanking: evaluating rank on 1000 triples
2017-05-03 12:05:05,743 INFO: 	NEW BEST TEST MR: 129.0
2017-05-03 12:05:05,744 INFO: 		Left MR: 141.3 Rel MR: 3.4 Right MR: 116.7
2017-05-03 12:05:05,904 INFO: 	(ranking took 312.244 seconds)
2017-05-03 12:05:44,667 INFO: ----------------------------------------------------------------------------
2017-05-03 12:05:44,668 INFO: EPOCH 71 (38.763 seconds):
2017-05-03 12:05:44,669 INFO: 	Average L2 norm of relation vector: 0.12523
2017-05-03 12:05:44,669 INFO: 	COST >> 0.154 +/- 0.006, % updates Left: 5.48% Rel: 0.64% Right: 4.72%
2017-05-03 12:06:20,274 INFO: ----------------------------------------------------------------------------
2017-05-03 12:06:20,275 INFO: EPOCH 72 (35.605 seconds):
2017-05-03 12:06:20,276 INFO: 	Average L2 norm of relation vector: 0.12531
2017-05-03 12:06:20,277 INFO: 	COST >> 0.152 +/- 0.006, % updates Left: 5.46% Rel: 0.61% Right: 4.69%
2017-05-03 12:06:55,905 INFO: ----------------------------------------------------------------------------
2017-05-03 12:06:55,906 INFO: EPOCH 73 (35.629 seconds):
2017-05-03 12:06:55,907 INFO: 	Average L2 norm of relation vector: 0.12539
2017-05-03 12:06:55,907 INFO: 	COST >> 0.152 +/- 0.006, % updates Left: 5.44% Rel: 0.62% Right: 4.72%
2017-05-03 12:07:33,176 INFO: ----------------------------------------------------------------------------
2017-05-03 12:07:33,178 INFO: EPOCH 74 (37.271 seconds):
2017-05-03 12:07:33,180 INFO: 	Average L2 norm of relation vector: 0.12545
2017-05-03 12:07:33,180 INFO: 	COST >> 0.151 +/- 0.006, % updates Left: 5.34% Rel: 0.62% Right: 4.66%
2017-05-03 12:08:14,353 INFO: ----------------------------------------------------------------------------
2017-05-03 12:08:14,353 INFO: EPOCH 75 (41.172 seconds):
2017-05-03 12:08:14,355 INFO: 	Average L2 norm of relation vector: 0.1255
2017-05-03 12:08:14,355 INFO: 	COST >> 0.152 +/- 0.007, % updates Left: 5.32% Rel: 0.59% Right: 4.71%
2017-05-03 12:08:55,905 INFO: ----------------------------------------------------------------------------
2017-05-03 12:08:55,905 INFO: EPOCH 76 (41.55 seconds):
2017-05-03 12:08:55,907 INFO: 	Average L2 norm of relation vector: 0.12556
2017-05-03 12:08:55,907 INFO: 	COST >> 0.151 +/- 0.006, % updates Left: 5.37% Rel: 0.62% Right: 4.61%
2017-05-03 12:09:38,247 INFO: ----------------------------------------------------------------------------
2017-05-03 12:09:38,247 INFO: EPOCH 77 (42.34 seconds):
2017-05-03 12:09:38,248 INFO: 	Average L2 norm of relation vector: 0.12563
2017-05-03 12:09:38,249 INFO: 	COST >> 0.151 +/- 0.006, % updates Left: 5.35% Rel: 0.63% Right: 4.6%
2017-05-03 12:10:19,250 INFO: ----------------------------------------------------------------------------
2017-05-03 12:10:19,250 INFO: EPOCH 78 (41.001 seconds):
2017-05-03 12:10:19,251 INFO: 	Average L2 norm of relation vector: 0.12567
2017-05-03 12:10:19,252 INFO: 	COST >> 0.15 +/- 0.006, % updates Left: 5.3% Rel: 0.62% Right: 4.59%
2017-05-03 12:11:02,338 INFO: ----------------------------------------------------------------------------
2017-05-03 12:11:02,338 INFO: EPOCH 79 (43.086 seconds):
2017-05-03 12:11:02,340 INFO: 	Average L2 norm of relation vector: 0.1257
2017-05-03 12:11:02,340 INFO: 	COST >> 0.15 +/- 0.006, % updates Left: 5.29% Rel: 0.61% Right: 4.66%
2017-05-03 12:11:40,108 INFO: ----------------------------------------------------------------------------
2017-05-03 12:11:40,108 INFO: EPOCH 80 (37.767 seconds):
2017-05-03 12:11:40,109 INFO: 	Average L2 norm of relation vector: 0.12574
2017-05-03 12:11:40,110 INFO: 	COST >> 0.149 +/- 0.007, % updates Left: 5.27% Rel: 0.62% Right: 4.57%
2017-05-03 12:11:40,110 INFO: 	FilteredRanking: evaluating rank on 1000 triples
2017-05-03 12:13:31,295 INFO: 	FilteredRanking: evaluating rank on 1000 triples
2017-05-03 12:15:21,956 INFO: 	MEAN RANK >> valid: 133.6, train: 61.4
2017-05-03 12:15:21,957 INFO: 		MEAN RANK TRAIN: Left: 66.7 Rel: 2.9 Right: 56.2
2017-05-03 12:15:21,958 INFO: 		MEAN RANK VALID: Left: 155.8 Rel: 2.9 Right: 111.4
2017-05-03 12:15:21,958 INFO: 		MEAN RECIPROCAL RANK VALID (L & R): 0.1725
2017-05-03 12:15:21,958 WARNING: 	WARNING, failed to improve MRR on valid, 2 chances left

2017-05-03 12:15:22,057 INFO: 	(ranking took 221.946 seconds)
2017-05-03 12:16:05,533 INFO: ----------------------------------------------------------------------------
2017-05-03 12:16:05,533 INFO: EPOCH 81 (43.476 seconds):
2017-05-03 12:16:05,535 INFO: 	Average L2 norm of relation vector: 0.12577
2017-05-03 12:16:05,536 INFO: 	COST >> 0.149 +/- 0.007, % updates Left: 5.25% Rel: 0.62% Right: 4.56%
2017-05-03 12:16:49,471 INFO: ----------------------------------------------------------------------------
2017-05-03 12:16:49,472 INFO: EPOCH 82 (43.936 seconds):
2017-05-03 12:16:49,474 INFO: 	Average L2 norm of relation vector: 0.12582
2017-05-03 12:16:49,475 INFO: 	COST >> 0.149 +/- 0.006, % updates Left: 5.34% Rel: 0.62% Right: 4.52%
2017-05-03 12:17:32,829 INFO: ----------------------------------------------------------------------------
2017-05-03 12:17:32,830 INFO: EPOCH 83 (43.354 seconds):
2017-05-03 12:17:32,831 INFO: 	Average L2 norm of relation vector: 0.12583
2017-05-03 12:17:32,831 INFO: 	COST >> 0.147 +/- 0.006, % updates Left: 5.15% Rel: 0.61% Right: 4.49%
2017-05-03 12:18:14,555 INFO: ----------------------------------------------------------------------------
2017-05-03 12:18:14,556 INFO: EPOCH 84 (41.724 seconds):
2017-05-03 12:18:14,557 INFO: 	Average L2 norm of relation vector: 0.12586
2017-05-03 12:18:14,558 INFO: 	COST >> 0.148 +/- 0.006, % updates Left: 5.21% Rel: 0.63% Right: 4.5%
2017-05-03 12:18:56,098 INFO: ----------------------------------------------------------------------------
2017-05-03 12:18:56,103 INFO: EPOCH 85 (41.545 seconds):
2017-05-03 12:18:56,105 INFO: 	Average L2 norm of relation vector: 0.12589
2017-05-03 12:18:56,106 INFO: 	COST >> 0.147 +/- 0.006, % updates Left: 5.17% Rel: 0.6% Right: 4.52%
2017-05-03 12:19:37,427 INFO: ----------------------------------------------------------------------------
2017-05-03 12:19:37,427 INFO: EPOCH 86 (41.321 seconds):
2017-05-03 12:19:37,428 INFO: 	Average L2 norm of relation vector: 0.12593
2017-05-03 12:19:37,429 INFO: 	COST >> 0.146 +/- 0.006, % updates Left: 5.15% Rel: 0.6% Right: 4.51%
2017-05-03 12:20:19,237 INFO: ----------------------------------------------------------------------------
2017-05-03 12:20:19,238 INFO: EPOCH 87 (41.809 seconds):
2017-05-03 12:20:19,240 INFO: 	Average L2 norm of relation vector: 0.12596
2017-05-03 12:20:19,240 INFO: 	COST >> 0.146 +/- 0.006, % updates Left: 5.15% Rel: 0.6% Right: 4.45%
2017-05-03 12:20:59,769 INFO: ----------------------------------------------------------------------------
2017-05-03 12:20:59,769 INFO: EPOCH 88 (40.529 seconds):
2017-05-03 12:20:59,771 INFO: 	Average L2 norm of relation vector: 0.12598
2017-05-03 12:20:59,771 INFO: 	COST >> 0.146 +/- 0.006, % updates Left: 5.17% Rel: 0.61% Right: 4.47%
2017-05-03 12:21:37,422 INFO: ----------------------------------------------------------------------------
2017-05-03 12:21:37,422 INFO: EPOCH 89 (37.651 seconds):
2017-05-03 12:21:37,423 INFO: 	Average L2 norm of relation vector: 0.12598
2017-05-03 12:21:37,424 INFO: 	COST >> 0.145 +/- 0.006, % updates Left: 5.13% Rel: 0.6% Right: 4.48%
2017-05-03 12:22:15,261 INFO: ----------------------------------------------------------------------------
2017-05-03 12:22:15,261 INFO: EPOCH 90 (37.836 seconds):
2017-05-03 12:22:15,262 INFO: 	Average L2 norm of relation vector: 0.126
2017-05-03 12:22:15,263 INFO: 	COST >> 0.144 +/- 0.006, % updates Left: 5.09% Rel: 0.6% Right: 4.44%
2017-05-03 12:22:15,263 INFO: 	FilteredRanking: evaluating rank on 1000 triples
2017-05-03 12:23:57,824 INFO: 	FilteredRanking: evaluating rank on 1000 triples
2017-05-03 12:25:38,623 INFO: 	MEAN RANK >> valid: 126.6, train: 65.4
2017-05-03 12:25:38,624 INFO: 		MEAN RANK TRAIN: Left: 67.6 Rel: 2.9 Right: 63.3
2017-05-03 12:25:38,624 INFO: 		MEAN RANK VALID: Left: 140.2 Rel: 2.7 Right: 113.0
2017-05-03 12:25:38,624 INFO: 		MEAN RECIPROCAL RANK VALID (L & R): 0.1875
2017-05-03 12:25:38,624 INFO: 	FilteredRanking: evaluating rank on 1000 triples
2017-05-03 12:27:17,534 INFO: 	NEW BEST TEST MR: 120.1
2017-05-03 12:27:17,535 INFO: 		Left MR: 128.7 Rel MR: 3.1 Right MR: 111.5
2017-05-03 12:27:17,604 INFO: 	(ranking took 302.34 seconds)
2017-05-03 12:27:54,280 INFO: ----------------------------------------------------------------------------
2017-05-03 12:27:54,281 INFO: EPOCH 91 (36.677 seconds):
2017-05-03 12:27:54,282 INFO: 	Average L2 norm of relation vector: 0.12601
2017-05-03 12:27:54,283 INFO: 	COST >> 0.144 +/- 0.006, % updates Left: 5.09% Rel: 0.61% Right: 4.39%
2017-05-03 12:28:30,050 INFO: ----------------------------------------------------------------------------
2017-05-03 12:28:30,050 INFO: EPOCH 92 (35.767 seconds):
2017-05-03 12:28:30,051 INFO: 	Average L2 norm of relation vector: 0.12603
2017-05-03 12:28:30,051 INFO: 	COST >> 0.145 +/- 0.006, % updates Left: 5.06% Rel: 0.6% Right: 4.45%
2017-05-03 12:29:05,464 INFO: ----------------------------------------------------------------------------
2017-05-03 12:29:05,465 INFO: EPOCH 93 (35.413 seconds):
2017-05-03 12:29:05,466 INFO: 	Average L2 norm of relation vector: 0.12603
2017-05-03 12:29:05,466 INFO: 	COST >> 0.144 +/- 0.006, % updates Left: 5.04% Rel: 0.59% Right: 4.42%
2017-05-03 12:29:43,281 INFO: ----------------------------------------------------------------------------
2017-05-03 12:29:43,281 INFO: EPOCH 94 (37.815 seconds):
2017-05-03 12:29:43,283 INFO: 	Average L2 norm of relation vector: 0.12603
2017-05-03 12:29:43,283 INFO: 	COST >> 0.143 +/- 0.007, % updates Left: 5.02% Rel: 0.59% Right: 4.44%
2017-05-03 12:30:23,208 INFO: ----------------------------------------------------------------------------
2017-05-03 12:30:23,208 INFO: EPOCH 95 (39.924 seconds):
2017-05-03 12:30:23,209 INFO: 	Average L2 norm of relation vector: 0.12603
2017-05-03 12:30:23,210 INFO: 	COST >> 0.143 +/- 0.006, % updates Left: 5.0% Rel: 0.6% Right: 4.39%
2017-05-03 12:31:01,929 INFO: ----------------------------------------------------------------------------
2017-05-03 12:31:01,929 INFO: EPOCH 96 (38.719 seconds):
2017-05-03 12:31:01,930 INFO: 	Average L2 norm of relation vector: 0.12605
2017-05-03 12:31:01,931 INFO: 	COST >> 0.143 +/- 0.005, % updates Left: 5.02% Rel: 0.61% Right: 4.37%
2017-05-03 12:31:40,474 INFO: ----------------------------------------------------------------------------
2017-05-03 12:31:40,474 INFO: EPOCH 97 (38.543 seconds):
2017-05-03 12:31:40,475 INFO: 	Average L2 norm of relation vector: 0.12605
2017-05-03 12:31:40,476 INFO: 	COST >> 0.143 +/- 0.005, % updates Left: 5.03% Rel: 0.61% Right: 4.37%
2017-05-03 12:32:18,574 INFO: ----------------------------------------------------------------------------
2017-05-03 12:32:18,574 INFO: EPOCH 98 (38.098 seconds):
2017-05-03 12:32:18,576 INFO: 	Average L2 norm of relation vector: 0.12604
2017-05-03 12:32:18,576 INFO: 	COST >> 0.142 +/- 0.006, % updates Left: 5.0% Rel: 0.59% Right: 4.36%
2017-05-03 12:32:57,132 INFO: ----------------------------------------------------------------------------
2017-05-03 12:32:57,132 INFO: EPOCH 99 (38.555 seconds):
2017-05-03 12:32:57,133 INFO: 	Average L2 norm of relation vector: 0.12604
2017-05-03 12:32:57,133 INFO: 	COST >> 0.143 +/- 0.006, % updates Left: 5.01% Rel: 0.59% Right: 4.33%
2017-05-03 12:33:34,521 INFO: ----------------------------------------------------------------------------
2017-05-03 12:33:34,521 INFO: EPOCH 100 (37.388 seconds):
2017-05-03 12:33:34,523 INFO: 	Average L2 norm of relation vector: 0.12603
2017-05-03 12:33:34,523 INFO: 	COST >> 0.142 +/- 0.006, % updates Left: 5.03% Rel: 0.59% Right: 4.33%
2017-05-03 12:33:34,524 INFO: 	FilteredRanking: evaluating rank on 1000 triples
2017-05-03 12:35:24,253 INFO: 	FilteredRanking: evaluating rank on 1000 triples
2017-05-03 12:37:14,028 INFO: 	MEAN RANK >> valid: 117.1, train: 56.0
2017-05-03 12:37:14,029 INFO: 		MEAN RANK TRAIN: Left: 60.9 Rel: 2.7 Right: 51.0
2017-05-03 12:37:14,030 INFO: 		MEAN RANK VALID: Left: 131.9 Rel: 2.8 Right: 102.3
2017-05-03 12:37:14,031 INFO: 		MEAN RECIPROCAL RANK VALID (L & R): 0.19
2017-05-03 12:37:14,032 INFO: 	FilteredRanking: evaluating rank on 1000 triples
2017-05-03 12:39:02,616 INFO: 	NEW BEST TEST MR: 117.0
2017-05-03 12:39:02,617 INFO: 		Left MR: 123.6 Rel MR: 3.1 Right MR: 110.4
2017-05-03 12:39:02,700 INFO: 	(ranking took 328.176 seconds)
2017-05-03 12:39:44,954 INFO: ----------------------------------------------------------------------------
2017-05-03 12:39:44,955 INFO: EPOCH 101 (42.254 seconds):
2017-05-03 12:39:44,956 INFO: 	Average L2 norm of relation vector: 0.12603
2017-05-03 12:39:44,956 INFO: 	COST >> 0.141 +/- 0.005, % updates Left: 4.95% Rel: 0.6% Right: 4.31%
2017-05-03 12:40:25,775 INFO: ----------------------------------------------------------------------------
2017-05-03 12:40:25,775 INFO: EPOCH 102 (40.819 seconds):
2017-05-03 12:40:25,777 INFO: 	Average L2 norm of relation vector: 0.12603
2017-05-03 12:40:25,777 INFO: 	COST >> 0.141 +/- 0.005, % updates Left: 4.97% Rel: 0.59% Right: 4.3%
2017-05-03 12:41:06,325 INFO: ----------------------------------------------------------------------------
2017-05-03 12:41:06,325 INFO: EPOCH 103 (40.548 seconds):
2017-05-03 12:41:06,327 INFO: 	Average L2 norm of relation vector: 0.12603
2017-05-03 12:41:06,328 INFO: 	COST >> 0.141 +/- 0.006, % updates Left: 5.0% Rel: 0.59% Right: 4.31%
2017-05-03 12:41:47,193 INFO: ----------------------------------------------------------------------------
2017-05-03 12:41:47,193 INFO: EPOCH 104 (40.865 seconds):
2017-05-03 12:41:47,194 INFO: 	Average L2 norm of relation vector: 0.126
2017-05-03 12:41:47,195 INFO: 	COST >> 0.14 +/- 0.006, % updates Left: 4.92% Rel: 0.58% Right: 4.3%
2017-05-03 12:42:29,106 INFO: ----------------------------------------------------------------------------
2017-05-03 12:42:29,107 INFO: EPOCH 105 (41.911 seconds):
2017-05-03 12:42:29,108 INFO: 	Average L2 norm of relation vector: 0.12599
2017-05-03 12:42:29,109 INFO: 	COST >> 0.14 +/- 0.005, % updates Left: 4.91% Rel: 0.59% Right: 4.27%
2017-05-03 12:43:10,293 INFO: ----------------------------------------------------------------------------
2017-05-03 12:43:10,294 INFO: EPOCH 106 (41.185 seconds):
2017-05-03 12:43:10,296 INFO: 	Average L2 norm of relation vector: 0.126
2017-05-03 12:43:10,296 INFO: 	COST >> 0.139 +/- 0.006, % updates Left: 4.93% Rel: 0.57% Right: 4.26%
2017-05-03 12:43:52,478 INFO: ----------------------------------------------------------------------------
2017-05-03 12:43:52,478 INFO: EPOCH 107 (42.181 seconds):
2017-05-03 12:43:52,480 INFO: 	Average L2 norm of relation vector: 0.12598
2017-05-03 12:43:52,480 INFO: 	COST >> 0.139 +/- 0.006, % updates Left: 4.92% Rel: 0.58% Right: 4.19%
2017-05-03 12:44:34,087 INFO: ----------------------------------------------------------------------------
2017-05-03 12:44:34,087 INFO: EPOCH 108 (41.607 seconds):
2017-05-03 12:44:34,089 INFO: 	Average L2 norm of relation vector: 0.12599
2017-05-03 12:44:34,089 INFO: 	COST >> 0.14 +/- 0.005, % updates Left: 4.96% Rel: 0.6% Right: 4.28%
2017-05-03 12:45:16,383 INFO: ----------------------------------------------------------------------------
2017-05-03 12:45:16,384 INFO: EPOCH 109 (42.294 seconds):
2017-05-03 12:45:16,385 INFO: 	Average L2 norm of relation vector: 0.12597
2017-05-03 12:45:16,386 INFO: 	COST >> 0.139 +/- 0.005, % updates Left: 4.88% Rel: 0.6% Right: 4.23%
2017-05-03 12:45:57,751 INFO: ----------------------------------------------------------------------------
2017-05-03 12:45:57,752 INFO: EPOCH 110 (41.365 seconds):
2017-05-03 12:45:57,753 INFO: 	Average L2 norm of relation vector: 0.12596
2017-05-03 12:45:57,753 INFO: 	COST >> 0.141 +/- 0.006, % updates Left: 4.91% Rel: 0.57% Right: 4.28%
2017-05-03 12:45:57,754 INFO: 	FilteredRanking: evaluating rank on 1000 triples
2017-05-03 12:47:42,380 INFO: 	FilteredRanking: evaluating rank on 1000 triples
2017-05-03 12:49:24,945 INFO: 	MEAN RANK >> valid: 110.8, train: 50.0
2017-05-03 12:49:24,946 INFO: 		MEAN RANK TRAIN: Left: 51.9 Rel: 2.6 Right: 48.1
2017-05-03 12:49:24,946 INFO: 		MEAN RANK VALID: Left: 127.6 Rel: 2.7 Right: 94.0
2017-05-03 12:49:24,947 INFO: 		MEAN RECIPROCAL RANK VALID (L & R): 0.196
2017-05-03 12:49:24,947 INFO: 	FilteredRanking: evaluating rank on 1000 triples
2017-05-03 12:51:07,791 INFO: 	NEW BEST TEST MR: 107.2
2017-05-03 12:51:07,792 INFO: 		Left MR: 109.9 Rel MR: 3.1 Right MR: 104.6
2017-05-03 12:51:07,864 INFO: 	(ranking took 310.11 seconds)
2017-05-03 12:51:49,033 INFO: ----------------------------------------------------------------------------
2017-05-03 12:51:49,033 INFO: EPOCH 111 (41.169 seconds):
2017-05-03 12:51:49,035 INFO: 	Average L2 norm of relation vector: 0.12595
2017-05-03 12:51:49,036 INFO: 	COST >> 0.138 +/- 0.006, % updates Left: 4.89% Rel: 0.58% Right: 4.24%
2017-05-03 12:52:32,631 INFO: ----------------------------------------------------------------------------
2017-05-03 12:52:32,631 INFO: EPOCH 112 (43.595 seconds):
2017-05-03 12:52:32,632 INFO: 	Average L2 norm of relation vector: 0.12592
2017-05-03 12:52:32,633 INFO: 	COST >> 0.138 +/- 0.006, % updates Left: 4.81% Rel: 0.59% Right: 4.24%
2017-05-03 12:53:14,450 INFO: ----------------------------------------------------------------------------
2017-05-03 12:53:14,450 INFO: EPOCH 113 (41.817 seconds):
2017-05-03 12:53:14,452 INFO: 	Average L2 norm of relation vector: 0.12591
2017-05-03 12:53:14,453 INFO: 	COST >> 0.137 +/- 0.006, % updates Left: 4.83% Rel: 0.58% Right: 4.22%
2017-05-03 12:53:56,652 INFO: ----------------------------------------------------------------------------
2017-05-03 12:53:56,652 INFO: EPOCH 114 (42.199 seconds):
2017-05-03 12:53:56,654 INFO: 	Average L2 norm of relation vector: 0.12589
2017-05-03 12:53:56,654 INFO: 	COST >> 0.138 +/- 0.006, % updates Left: 4.86% Rel: 0.57% Right: 4.21%
2017-05-03 12:54:37,867 INFO: ----------------------------------------------------------------------------
2017-05-03 12:54:37,868 INFO: EPOCH 115 (41.213 seconds):
2017-05-03 12:54:37,871 INFO: 	Average L2 norm of relation vector: 0.12586
2017-05-03 12:54:37,872 INFO: 	COST >> 0.138 +/- 0.006, % updates Left: 4.83% Rel: 0.57% Right: 4.2%
2017-05-03 12:55:19,961 INFO: ----------------------------------------------------------------------------
2017-05-03 12:55:19,961 INFO: EPOCH 116 (42.089 seconds):
2017-05-03 12:55:19,963 INFO: 	Average L2 norm of relation vector: 0.12584
2017-05-03 12:55:19,965 INFO: 	COST >> 0.138 +/- 0.006, % updates Left: 4.85% Rel: 0.59% Right: 4.18%
2017-05-03 12:56:01,492 INFO: ----------------------------------------------------------------------------
2017-05-03 12:56:01,493 INFO: EPOCH 117 (41.527 seconds):
2017-05-03 12:56:01,495 INFO: 	Average L2 norm of relation vector: 0.12582
2017-05-03 12:56:01,495 INFO: 	COST >> 0.137 +/- 0.006, % updates Left: 4.85% Rel: 0.58% Right: 4.17%
2017-05-03 12:56:50,491 INFO: ----------------------------------------------------------------------------
2017-05-03 12:56:50,492 INFO: EPOCH 118 (48.996 seconds):
2017-05-03 12:56:50,493 INFO: 	Average L2 norm of relation vector: 0.12581
2017-05-03 12:56:50,494 INFO: 	COST >> 0.137 +/- 0.006, % updates Left: 4.8% Rel: 0.57% Right: 4.21%
2017-05-03 12:57:36,015 INFO: ----------------------------------------------------------------------------
2017-05-03 12:57:36,015 INFO: EPOCH 119 (45.521 seconds):
2017-05-03 12:57:36,016 INFO: 	Average L2 norm of relation vector: 0.1258
2017-05-03 12:57:36,016 INFO: 	COST >> 0.137 +/- 0.005, % updates Left: 4.85% Rel: 0.58% Right: 4.17%
2017-05-03 12:58:22,305 INFO: ----------------------------------------------------------------------------
2017-05-03 12:58:22,305 INFO: EPOCH 120 (46.289 seconds):
2017-05-03 12:58:22,307 INFO: 	Average L2 norm of relation vector: 0.12577
2017-05-03 12:58:22,307 INFO: 	COST >> 0.136 +/- 0.005, % updates Left: 4.75% Rel: 0.59% Right: 4.18%
2017-05-03 12:58:22,307 INFO: 	FilteredRanking: evaluating rank on 1000 triples
2017-05-03 13:00:21,607 INFO: 	FilteredRanking: evaluating rank on 1000 triples
2017-05-03 13:02:21,544 INFO: 	MEAN RANK >> valid: 105.1, train: 50.9
2017-05-03 13:02:21,545 INFO: 		MEAN RANK TRAIN: Left: 53.8 Rel: 2.6 Right: 47.9
2017-05-03 13:02:21,546 INFO: 		MEAN RANK VALID: Left: 116.4 Rel: 2.6 Right: 93.8
2017-05-03 13:02:21,546 INFO: 		MEAN RECIPROCAL RANK VALID (L & R): 0.1965
2017-05-03 13:02:21,546 INFO: 	FilteredRanking: evaluating rank on 1000 triples
2017-05-03 13:04:21,722 INFO: 	NEW BEST TEST MR: 99.8
2017-05-03 13:04:21,724 INFO: 		Left MR: 102.4 Rel MR: 3.0 Right MR: 97.2
2017-05-03 13:04:21,898 INFO: 	(ranking took 359.591 seconds)
2017-05-03 13:05:09,136 INFO: ----------------------------------------------------------------------------
2017-05-03 13:05:09,136 INFO: EPOCH 121 (47.238 seconds):
2017-05-03 13:05:09,138 INFO: 	Average L2 norm of relation vector: 0.12575
2017-05-03 13:05:09,139 INFO: 	COST >> 0.135 +/- 0.006, % updates Left: 4.79% Rel: 0.59% Right: 4.12%
2017-05-03 13:05:57,492 INFO: ----------------------------------------------------------------------------
2017-05-03 13:05:57,492 INFO: EPOCH 122 (48.353 seconds):
2017-05-03 13:05:57,493 INFO: 	Average L2 norm of relation vector: 0.12573
2017-05-03 13:05:57,494 INFO: 	COST >> 0.136 +/- 0.006, % updates Left: 4.76% Rel: 0.57% Right: 4.15%
2017-05-03 13:06:39,318 INFO: ----------------------------------------------------------------------------
2017-05-03 13:06:39,318 INFO: EPOCH 123 (41.824 seconds):
2017-05-03 13:06:39,320 INFO: 	Average L2 norm of relation vector: 0.12571
2017-05-03 13:06:39,320 INFO: 	COST >> 0.136 +/- 0.005, % updates Left: 4.81% Rel: 0.59% Right: 4.14%
2017-05-03 13:07:22,652 INFO: ----------------------------------------------------------------------------
2017-05-03 13:07:22,652 INFO: EPOCH 124 (43.332 seconds):
2017-05-03 13:07:22,655 INFO: 	Average L2 norm of relation vector: 0.12568
2017-05-03 13:07:22,655 INFO: 	COST >> 0.135 +/- 0.006, % updates Left: 4.75% Rel: 0.59% Right: 4.08%
2017-05-03 13:08:04,986 INFO: ----------------------------------------------------------------------------
2017-05-03 13:08:04,986 INFO: EPOCH 125 (42.33 seconds):
2017-05-03 13:08:04,987 INFO: 	Average L2 norm of relation vector: 0.12565
2017-05-03 13:08:04,987 INFO: 	COST >> 0.135 +/- 0.005, % updates Left: 4.76% Rel: 0.57% Right: 4.1%
2017-05-03 13:08:48,264 INFO: ----------------------------------------------------------------------------
2017-05-03 13:08:48,264 INFO: EPOCH 126 (43.277 seconds):
2017-05-03 13:08:48,268 INFO: 	Average L2 norm of relation vector: 0.12562
2017-05-03 13:08:48,269 INFO: 	COST >> 0.135 +/- 0.005, % updates Left: 4.79% Rel: 0.56% Right: 4.13%
2017-05-03 13:09:30,037 INFO: ----------------------------------------------------------------------------
2017-05-03 13:09:30,038 INFO: EPOCH 127 (41.769 seconds):
2017-05-03 13:09:30,039 INFO: 	Average L2 norm of relation vector: 0.12558
2017-05-03 13:09:30,040 INFO: 	COST >> 0.136 +/- 0.005, % updates Left: 4.77% Rel: 0.58% Right: 4.08%
2017-05-03 13:10:13,423 INFO: ----------------------------------------------------------------------------
2017-05-03 13:10:13,423 INFO: EPOCH 128 (43.383 seconds):
2017-05-03 13:10:13,425 INFO: 	Average L2 norm of relation vector: 0.12557
2017-05-03 13:10:13,425 INFO: 	COST >> 0.134 +/- 0.006, % updates Left: 4.73% Rel: 0.58% Right: 4.13%
2017-05-03 13:10:53,878 INFO: ----------------------------------------------------------------------------
2017-05-03 13:10:53,878 INFO: EPOCH 129 (40.452 seconds):
2017-05-03 13:10:53,880 INFO: 	Average L2 norm of relation vector: 0.12554
2017-05-03 13:10:53,881 INFO: 	COST >> 0.135 +/- 0.005, % updates Left: 4.71% Rel: 0.57% Right: 4.16%
2017-05-03 13:11:32,996 INFO: ----------------------------------------------------------------------------
2017-05-03 13:11:32,996 INFO: EPOCH 130 (39.115 seconds):
2017-05-03 13:11:32,997 INFO: 	Average L2 norm of relation vector: 0.12549
2017-05-03 13:11:32,998 INFO: 	COST >> 0.134 +/- 0.005, % updates Left: 4.7% Rel: 0.57% Right: 4.1%
2017-05-03 13:11:32,998 INFO: 	FilteredRanking: evaluating rank on 1000 triples
2017-05-03 13:13:15,852 INFO: 	FilteredRanking: evaluating rank on 1000 triples
2017-05-03 13:14:59,873 INFO: 	MEAN RANK >> valid: 110.1, train: 47.0
2017-05-03 13:14:59,874 INFO: 		MEAN RANK TRAIN: Left: 50.5 Rel: 2.5 Right: 43.6
2017-05-03 13:14:59,875 INFO: 		MEAN RANK VALID: Left: 121.0 Rel: 2.6 Right: 99.2
2017-05-03 13:14:59,876 INFO: 		MEAN RECIPROCAL RANK VALID (L & R): 0.2065
2017-05-03 13:14:59,876 INFO: 	FilteredRanking: evaluating rank on 1000 triples
2017-05-03 13:16:50,801 INFO: 	NEW BEST TEST MR: 96.0
2017-05-03 13:16:50,802 INFO: 		Left MR: 101.4 Rel MR: 3.0 Right MR: 90.5
2017-05-03 13:16:50,873 INFO: 	(ranking took 317.875 seconds)
2017-05-03 13:17:34,966 INFO: ----------------------------------------------------------------------------
2017-05-03 13:17:34,966 INFO: EPOCH 131 (44.092 seconds):
2017-05-03 13:17:34,968 INFO: 	Average L2 norm of relation vector: 0.12549
2017-05-03 13:17:34,968 INFO: 	COST >> 0.134 +/- 0.006, % updates Left: 4.74% Rel: 0.57% Right: 4.14%
2017-05-03 13:18:18,120 INFO: ----------------------------------------------------------------------------
2017-05-03 13:18:18,120 INFO: EPOCH 132 (43.151 seconds):
2017-05-03 13:18:18,122 INFO: 	Average L2 norm of relation vector: 0.12547
2017-05-03 13:18:18,122 INFO: 	COST >> 0.133 +/- 0.005, % updates Left: 4.74% Rel: 0.57% Right: 4.09%
2017-05-03 13:19:00,942 INFO: ----------------------------------------------------------------------------
2017-05-03 13:19:00,942 INFO: EPOCH 133 (42.819 seconds):
2017-05-03 13:19:00,944 INFO: 	Average L2 norm of relation vector: 0.12544
2017-05-03 13:19:00,944 INFO: 	COST >> 0.134 +/- 0.006, % updates Left: 4.7% Rel: 0.57% Right: 4.12%
2017-05-03 13:19:44,187 INFO: ----------------------------------------------------------------------------
2017-05-03 13:19:44,188 INFO: EPOCH 134 (43.243 seconds):
2017-05-03 13:19:44,191 INFO: 	Average L2 norm of relation vector: 0.12542
2017-05-03 13:19:44,191 INFO: 	COST >> 0.133 +/- 0.005, % updates Left: 4.7% Rel: 0.56% Right: 4.09%
2017-05-03 13:20:30,907 INFO: ----------------------------------------------------------------------------
2017-05-03 13:20:30,908 INFO: EPOCH 135 (46.716 seconds):
2017-05-03 13:20:30,909 INFO: 	Average L2 norm of relation vector: 0.12538
2017-05-03 13:20:30,910 INFO: 	COST >> 0.133 +/- 0.006, % updates Left: 4.67% Rel: 0.58% Right: 4.05%
2017-05-03 13:21:19,316 INFO: ----------------------------------------------------------------------------
2017-05-03 13:21:19,317 INFO: EPOCH 136 (48.407 seconds):
2017-05-03 13:21:19,318 INFO: 	Average L2 norm of relation vector: 0.12536
2017-05-03 13:21:19,319 INFO: 	COST >> 0.133 +/- 0.005, % updates Left: 4.73% Rel: 0.55% Right: 4.05%
2017-05-03 13:22:05,503 INFO: ----------------------------------------------------------------------------
2017-05-03 13:22:05,503 INFO: EPOCH 137 (46.184 seconds):
2017-05-03 13:22:05,507 INFO: 	Average L2 norm of relation vector: 0.12533
2017-05-03 13:22:05,508 INFO: 	COST >> 0.132 +/- 0.005, % updates Left: 4.63% Rel: 0.56% Right: 4.02%
2017-05-03 13:22:52,974 INFO: ----------------------------------------------------------------------------
2017-05-03 13:22:52,974 INFO: EPOCH 138 (47.466 seconds):
2017-05-03 13:22:52,975 INFO: 	Average L2 norm of relation vector: 0.12529
2017-05-03 13:22:52,976 INFO: 	COST >> 0.132 +/- 0.005, % updates Left: 4.61% Rel: 0.58% Right: 4.08%
2017-05-03 13:23:40,605 INFO: ----------------------------------------------------------------------------
2017-05-03 13:23:40,606 INFO: EPOCH 139 (47.63 seconds):
2017-05-03 13:23:40,608 INFO: 	Average L2 norm of relation vector: 0.12525
2017-05-03 13:23:40,608 INFO: 	COST >> 0.133 +/- 0.005, % updates Left: 4.64% Rel: 0.55% Right: 4.12%
2017-05-03 13:24:29,432 INFO: ----------------------------------------------------------------------------
2017-05-03 13:24:29,435 INFO: EPOCH 140 (48.826 seconds):
2017-05-03 13:24:29,439 INFO: 	Average L2 norm of relation vector: 0.12523
2017-05-03 13:24:29,440 INFO: 	COST >> 0.133 +/- 0.006, % updates Left: 4.69% Rel: 0.56% Right: 4.1%
2017-05-03 13:24:29,441 INFO: 	FilteredRanking: evaluating rank on 1000 triples
2017-05-03 13:26:21,779 INFO: 	FilteredRanking: evaluating rank on 1000 triples
2017-05-03 13:28:13,020 INFO: 	MEAN RANK >> valid: 111.7, train: 47.8
2017-05-03 13:28:13,024 INFO: 		MEAN RANK TRAIN: Left: 52.0 Rel: 2.5 Right: 43.6
2017-05-03 13:28:13,025 INFO: 		MEAN RANK VALID: Left: 124.9 Rel: 2.6 Right: 98.6
2017-05-03 13:28:13,025 INFO: 		MEAN RECIPROCAL RANK VALID (L & R): 0.204
2017-05-03 13:28:13,025 WARNING: 	WARNING, failed to improve MRR on valid, 2 chances left

2017-05-03 13:28:13,169 INFO: 	(ranking took 223.728 seconds)
2017-05-03 13:28:55,528 INFO: ----------------------------------------------------------------------------
2017-05-03 13:28:55,529 INFO: EPOCH 141 (42.359 seconds):
2017-05-03 13:28:55,530 INFO: 	Average L2 norm of relation vector: 0.12521
2017-05-03 13:28:55,531 INFO: 	COST >> 0.132 +/- 0.005, % updates Left: 4.67% Rel: 0.57% Right: 4.03%
2017-05-03 13:29:38,449 INFO: ----------------------------------------------------------------------------
2017-05-03 13:29:38,449 INFO: EPOCH 142 (42.917 seconds):
2017-05-03 13:29:38,451 INFO: 	Average L2 norm of relation vector: 0.12516
2017-05-03 13:29:38,451 INFO: 	COST >> 0.132 +/- 0.006, % updates Left: 4.62% Rel: 0.57% Right: 4.01%
2017-05-03 13:30:18,081 INFO: ----------------------------------------------------------------------------
2017-05-03 13:30:18,081 INFO: EPOCH 143 (39.63 seconds):
2017-05-03 13:30:18,083 INFO: 	Average L2 norm of relation vector: 0.12513
2017-05-03 13:30:18,083 INFO: 	COST >> 0.132 +/- 0.005, % updates Left: 4.62% Rel: 0.55% Right: 4.07%
2017-05-03 13:30:57,546 INFO: ----------------------------------------------------------------------------
2017-05-03 13:30:57,546 INFO: EPOCH 144 (39.463 seconds):
2017-05-03 13:30:57,548 INFO: 	Average L2 norm of relation vector: 0.1251
2017-05-03 13:30:57,548 INFO: 	COST >> 0.131 +/- 0.006, % updates Left: 4.62% Rel: 0.55% Right: 4.05%
2017-05-03 13:31:36,559 INFO: ----------------------------------------------------------------------------
2017-05-03 13:31:36,560 INFO: EPOCH 145 (39.011 seconds):
2017-05-03 13:31:36,561 INFO: 	Average L2 norm of relation vector: 0.12506
2017-05-03 13:31:36,562 INFO: 	COST >> 0.132 +/- 0.006, % updates Left: 4.64% Rel: 0.56% Right: 4.1%
2017-05-03 13:32:16,279 INFO: ----------------------------------------------------------------------------
2017-05-03 13:32:16,280 INFO: EPOCH 146 (39.717 seconds):
2017-05-03 13:32:16,281 INFO: 	Average L2 norm of relation vector: 0.12503
2017-05-03 13:32:16,282 INFO: 	COST >> 0.131 +/- 0.005, % updates Left: 4.6% Rel: 0.56% Right: 4.05%
2017-05-03 13:32:54,361 INFO: ----------------------------------------------------------------------------
2017-05-03 13:32:54,361 INFO: EPOCH 147 (38.079 seconds):
2017-05-03 13:32:54,363 INFO: 	Average L2 norm of relation vector: 0.125
2017-05-03 13:32:54,363 INFO: 	COST >> 0.131 +/- 0.005, % updates Left: 4.66% Rel: 0.55% Right: 4.06%
2017-05-03 13:33:34,357 INFO: ----------------------------------------------------------------------------
2017-05-03 13:33:34,357 INFO: EPOCH 148 (39.994 seconds):
2017-05-03 13:33:34,359 INFO: 	Average L2 norm of relation vector: 0.12497
2017-05-03 13:33:34,360 INFO: 	COST >> 0.131 +/- 0.006, % updates Left: 4.64% Rel: 0.55% Right: 4.02%
2017-05-03 13:34:10,564 INFO: ----------------------------------------------------------------------------
2017-05-03 13:34:10,565 INFO: EPOCH 149 (36.205 seconds):
2017-05-03 13:34:10,566 INFO: 	Average L2 norm of relation vector: 0.12495
2017-05-03 13:34:10,566 INFO: 	COST >> 0.13 +/- 0.005, % updates Left: 4.62% Rel: 0.56% Right: 3.98%
2017-05-03 13:34:45,904 INFO: ----------------------------------------------------------------------------
2017-05-03 13:34:45,904 INFO: EPOCH 150 (35.337 seconds):
2017-05-03 13:34:45,905 INFO: 	Average L2 norm of relation vector: 0.12492
2017-05-03 13:34:45,906 INFO: 	COST >> 0.131 +/- 0.005, % updates Left: 4.62% Rel: 0.54% Right: 4.08%
2017-05-03 13:34:45,906 INFO: 	FilteredRanking: evaluating rank on 1000 triples
2017-05-03 13:36:26,890 INFO: 	FilteredRanking: evaluating rank on 1000 triples
2017-05-03 13:38:13,587 INFO: 	MEAN RANK >> valid: 106.2, train: 45.9
2017-05-03 13:38:13,587 INFO: 		MEAN RANK TRAIN: Left: 48.6 Rel: 2.5 Right: 43.1
2017-05-03 13:38:13,588 INFO: 		MEAN RANK VALID: Left: 121.2 Rel: 2.7 Right: 91.2
2017-05-03 13:38:13,588 INFO: 		MEAN RECIPROCAL RANK VALID (L & R): 0.1885
2017-05-03 13:38:13,588 WARNING: 	WARNING, failed to improve MRR on valid, 1 chances left

2017-05-03 13:38:13,705 INFO: 	(ranking took 207.799 seconds)
2017-05-03 13:38:54,207 INFO: ----------------------------------------------------------------------------
2017-05-03 13:38:54,207 INFO: EPOCH 151 (40.502 seconds):
2017-05-03 13:38:54,208 INFO: 	Average L2 norm of relation vector: 0.12488
2017-05-03 13:38:54,209 INFO: 	COST >> 0.13 +/- 0.005, % updates Left: 4.6% Rel: 0.56% Right: 3.97%
2017-05-03 13:39:34,577 INFO: ----------------------------------------------------------------------------
2017-05-03 13:39:34,577 INFO: EPOCH 152 (40.368 seconds):
2017-05-03 13:39:34,581 INFO: 	Average L2 norm of relation vector: 0.12483
2017-05-03 13:39:34,581 INFO: 	COST >> 0.131 +/- 0.005, % updates Left: 4.58% Rel: 0.56% Right: 4.05%
2017-05-03 13:40:15,025 INFO: ----------------------------------------------------------------------------
2017-05-03 13:40:15,025 INFO: EPOCH 153 (40.444 seconds):
2017-05-03 13:40:15,027 INFO: 	Average L2 norm of relation vector: 0.12482
2017-05-03 13:40:15,027 INFO: 	COST >> 0.13 +/- 0.005, % updates Left: 4.61% Rel: 0.56% Right: 3.98%
2017-05-03 13:40:54,274 INFO: ----------------------------------------------------------------------------
2017-05-03 13:40:54,274 INFO: EPOCH 154 (39.246 seconds):
2017-05-03 13:40:54,275 INFO: 	Average L2 norm of relation vector: 0.12477
2017-05-03 13:40:54,276 INFO: 	COST >> 0.129 +/- 0.005, % updates Left: 4.54% Rel: 0.57% Right: 3.95%
2017-05-03 13:41:33,019 INFO: ----------------------------------------------------------------------------
2017-05-03 13:41:33,019 INFO: EPOCH 155 (38.743 seconds):
2017-05-03 13:41:33,021 INFO: 	Average L2 norm of relation vector: 0.12474
2017-05-03 13:41:33,021 INFO: 	COST >> 0.13 +/- 0.006, % updates Left: 4.65% Rel: 0.55% Right: 3.96%
2017-05-03 13:42:11,456 INFO: ----------------------------------------------------------------------------
2017-05-03 13:42:11,456 INFO: EPOCH 156 (38.435 seconds):
2017-05-03 13:42:11,457 INFO: 	Average L2 norm of relation vector: 0.12471
2017-05-03 13:42:11,457 INFO: 	COST >> 0.13 +/- 0.005, % updates Left: 4.54% Rel: 0.57% Right: 3.97%
2017-05-03 13:42:51,284 INFO: ----------------------------------------------------------------------------
2017-05-03 13:42:51,285 INFO: EPOCH 157 (39.827 seconds):
2017-05-03 13:42:51,286 INFO: 	Average L2 norm of relation vector: 0.12468
2017-05-03 13:42:51,287 INFO: 	COST >> 0.13 +/- 0.005, % updates Left: 4.58% Rel: 0.57% Right: 4.0%
2017-05-03 13:43:34,695 INFO: ----------------------------------------------------------------------------
2017-05-03 13:43:34,695 INFO: EPOCH 158 (43.409 seconds):
2017-05-03 13:43:34,696 INFO: 	Average L2 norm of relation vector: 0.12465
2017-05-03 13:43:34,697 INFO: 	COST >> 0.13 +/- 0.005, % updates Left: 4.58% Rel: 0.56% Right: 3.97%
2017-05-03 13:44:18,181 INFO: ----------------------------------------------------------------------------
2017-05-03 13:44:18,183 INFO: EPOCH 159 (43.486 seconds):
2017-05-03 13:44:18,186 INFO: 	Average L2 norm of relation vector: 0.12462
2017-05-03 13:44:18,187 INFO: 	COST >> 0.129 +/- 0.005, % updates Left: 4.54% Rel: 0.54% Right: 3.98%
2017-05-03 13:44:59,970 INFO: ----------------------------------------------------------------------------
2017-05-03 13:44:59,970 INFO: EPOCH 160 (41.783 seconds):
2017-05-03 13:44:59,971 INFO: 	Average L2 norm of relation vector: 0.12458
2017-05-03 13:44:59,972 INFO: 	COST >> 0.129 +/- 0.004, % updates Left: 4.54% Rel: 0.56% Right: 3.99%
2017-05-03 13:44:59,972 INFO: 	FilteredRanking: evaluating rank on 1000 triples
2017-05-03 13:46:49,670 INFO: 	FilteredRanking: evaluating rank on 1000 triples
2017-05-03 13:48:41,218 INFO: 	MEAN RANK >> valid: 101.8, train: 43.7
2017-05-03 13:48:41,219 INFO: 		MEAN RANK TRAIN: Left: 45.9 Rel: 2.4 Right: 41.5
2017-05-03 13:48:41,220 INFO: 		MEAN RANK VALID: Left: 118.3 Rel: 2.6 Right: 85.2
2017-05-03 13:48:41,220 INFO: 		MEAN RECIPROCAL RANK VALID (L & R): 0.201
2017-05-03 13:48:41,220 WARNING: 	WARNING, failed to improve MRR on valid, 0 chances left

2017-05-03 13:48:41,306 INFO: 	(ranking took 221.333 seconds)
2017-05-03 14:05:08,170 INFO: ----------------------------------------------------------------------------
2017-05-03 14:05:08,172 INFO: EPOCH 161 (986.866 seconds):
2017-05-03 14:05:08,174 INFO: 	Average L2 norm of relation vector: 0.12455
2017-05-03 14:05:08,175 INFO: 	COST >> 0.128 +/- 0.005, % updates Left: 4.52% Rel: 0.55% Right: 3.96%
2017-05-03 14:05:48,457 INFO: ----------------------------------------------------------------------------
2017-05-03 14:05:48,459 INFO: EPOCH 162 (40.283 seconds):
2017-05-03 14:05:48,460 INFO: 	Average L2 norm of relation vector: 0.1245
2017-05-03 14:05:48,461 INFO: 	COST >> 0.128 +/- 0.005, % updates Left: 4.5% Rel: 0.55% Right: 3.91%
2017-05-03 14:06:30,490 INFO: ----------------------------------------------------------------------------
2017-05-03 14:06:30,492 INFO: EPOCH 163 (42.031 seconds):
2017-05-03 14:06:30,493 INFO: 	Average L2 norm of relation vector: 0.12449
2017-05-03 14:06:30,493 INFO: 	COST >> 0.129 +/- 0.004, % updates Left: 4.58% Rel: 0.57% Right: 3.96%
2017-05-03 14:07:10,324 INFO: ----------------------------------------------------------------------------
2017-05-03 14:07:10,326 INFO: EPOCH 164 (39.832 seconds):
2017-05-03 14:07:10,327 INFO: 	Average L2 norm of relation vector: 0.12445
2017-05-03 14:07:10,327 INFO: 	COST >> 0.129 +/- 0.005, % updates Left: 4.56% Rel: 0.56% Right: 3.95%
2017-05-03 14:07:53,976 INFO: ----------------------------------------------------------------------------
2017-05-03 14:07:53,977 INFO: EPOCH 165 (43.65 seconds):
2017-05-03 14:07:53,979 INFO: 	Average L2 norm of relation vector: 0.1244
2017-05-03 14:07:53,979 INFO: 	COST >> 0.128 +/- 0.005, % updates Left: 4.5% Rel: 0.55% Right: 3.94%
2017-05-03 14:08:35,810 INFO: ----------------------------------------------------------------------------
2017-05-03 14:08:35,813 INFO: EPOCH 166 (41.833 seconds):
2017-05-03 14:08:35,814 INFO: 	Average L2 norm of relation vector: 0.12439
2017-05-03 14:08:35,815 INFO: 	COST >> 0.128 +/- 0.005, % updates Left: 4.53% Rel: 0.57% Right: 3.91%
2017-05-03 14:09:16,257 INFO: ----------------------------------------------------------------------------
2017-05-03 14:09:16,257 INFO: EPOCH 167 (40.442 seconds):
2017-05-03 14:09:16,259 INFO: 	Average L2 norm of relation vector: 0.12436
2017-05-03 14:09:16,259 INFO: 	COST >> 0.128 +/- 0.004, % updates Left: 4.52% Rel: 0.54% Right: 3.91%
2017-05-03 14:09:54,808 INFO: ----------------------------------------------------------------------------
2017-05-03 14:09:54,808 INFO: EPOCH 168 (38.548 seconds):
2017-05-03 14:09:54,809 INFO: 	Average L2 norm of relation vector: 0.12431
2017-05-03 14:09:54,810 INFO: 	COST >> 0.127 +/- 0.005, % updates Left: 4.49% Rel: 0.53% Right: 3.87%
2017-05-03 14:10:34,267 INFO: ----------------------------------------------------------------------------
2017-05-03 14:10:34,267 INFO: EPOCH 169 (39.457 seconds):
2017-05-03 14:10:34,269 INFO: 	Average L2 norm of relation vector: 0.12426
2017-05-03 14:10:34,269 INFO: 	COST >> 0.127 +/- 0.005, % updates Left: 4.49% Rel: 0.55% Right: 3.91%
2017-05-03 14:11:14,511 INFO: ----------------------------------------------------------------------------
2017-05-03 14:11:14,512 INFO: EPOCH 170 (40.242 seconds):
2017-05-03 14:11:14,513 INFO: 	Average L2 norm of relation vector: 0.12422
2017-05-03 14:11:14,514 INFO: 	COST >> 0.128 +/- 0.004, % updates Left: 4.48% Rel: 0.56% Right: 3.93%
2017-05-03 14:11:14,514 INFO: 	FilteredRanking: evaluating rank on 1000 triples
2017-05-03 14:12:59,661 INFO: 	FilteredRanking: evaluating rank on 1000 triples
2017-05-03 14:14:44,450 INFO: 	MEAN RANK >> valid: 92.4, train: 43.0
2017-05-03 14:14:44,451 INFO: 		MEAN RANK TRAIN: Left: 43.2 Rel: 2.3 Right: 42.8
2017-05-03 14:14:44,451 INFO: 		MEAN RANK VALID: Left: 103.1 Rel: 2.6 Right: 81.8
2017-05-03 14:14:44,451 INFO: 		MEAN RECIPROCAL RANK VALID (L & R): 0.2065
2017-05-03 14:14:44,452 WARNING: EARLY STOPPING, failed to improve MRR on valid after 30 epochs
2017-05-03 14:14:44,452 INFO: ----------------------------------------------------------------------------
2017-05-03 14:14:44,452 INFO: ----------------------------------------------------------------------------
2017-05-03 14:14:44,452 INFO: 	Ranking model on all examples from test. Each example ranked against 14951 other entities
2017-05-03 14:14:44,452 INFO: 	RELATION ranking: each rel ranked against 1345 other rels
2017-05-03 14:14:45,011 INFO: 	Ranking: evaluating rank on 59071 triples
2017-05-03 15:35:51,687 INFO: left_ranks: (59071,), right_ranks: (59071,), rel_ranks: (59071,)
2017-05-03 15:35:51,716 INFO: max left_ranks: 14947, max right_ranks: 14947, max rel_ranks: 901
2017-05-03 15:35:52,717 INFO: MICRO RAW:
2017-05-03 15:35:52,717 INFO: 	Left mean rank: 240.287, MRR: 0.167, median rank: 34.0, hits@10: 31.906%
2017-05-03 15:35:52,717 INFO: 	Right mean rank: 170.243, MRR: 0.225, median rank: 19.0, hits@10: 39.842%
2017-05-03 15:35:52,717 INFO: 	relation mean rank: 3.319, MRR: 0.728, median rank: 1.0, hits@10: 95.125%
2017-05-03 15:35:52,717 INFO: 	Global mean rank: 205.265, MRR: 0.196, median rank: 25.0, hits@10: 35.874%
2017-05-03 15:35:52,717 INFO: MACRO RAW
2017-05-03 15:35:52,717 INFO: 	Left mean rank: 149.721, MRR: 0.296, median rank: 13.0, hits@10: 50.249%
2017-05-03 15:35:52,717 INFO: 	Right mean rank: 148.689, MRR: 0.355, median rank: 9.0, hits@10: 56.639%
2017-05-03 15:35:52,718 INFO: 	relation mean rank: 34.674, MRR: 0.241, median rank: 33.589, hits@10: 49.365%
2017-05-03 15:35:52,718 INFO: 	Global mean rank: 149.205, MRR: 0.325, median rank: 10.5, hits@10: 53.444%
2017-05-03 15:35:52,736 INFO: Ranking model on all examples from test. Each example ranked against 14951 other entities which are FILTERED
2017-05-03 15:35:52,736 INFO: RELATION ranking: each rel ranked against 1345 other rels
2017-05-03 15:35:53,976 INFO: 	FilteredRanking: evaluating rank on 59071 triples
2017-05-03 17:22:03,752 INFO: MICRO FILTERED:
2017-05-03 17:22:03,758 INFO: 	Left mean rank: 114.83525, MRR: 0.27461, median rank: 13.0, hits@10: 46.277%
2017-05-03 17:22:03,758 INFO: 	Right mean rank: 91.8806, MRR: 0.32132, median rank: 9.0, hits@10: 51.888%
2017-05-03 17:22:03,759 INFO: 	relation mean rank: 3.002, MRR: 0.805, median rank: 1.0, hits@10: 95.472%
2017-05-03 17:22:03,759 INFO: 	Global mean rank: 103.35793, MRR: 0.29796, median rank: 11.0, hits@10: 49.082%
2017-05-03 17:22:03,759 INFO: MACRO FILTERED
2017-05-03 17:22:03,759 INFO: 	Left mean rank: 122.01616, MRR: 0.39788, median rank: 6.5, hits@10: 60.099%
2017-05-03 17:22:03,759 INFO: 	Right mean rank: 135.59632, MRR: 0.43693, median rank: 5.0, hits@10: 63.153%
2017-05-03 17:22:03,759 INFO: 	relation mean rank: 34.061, MRR: 0.284, median rank: 32.96, hits@10: 51.003%
2017-05-03 17:22:03,759 INFO: 	Global mean rank: 128.80624, MRR: 0.41741, median rank: 6.5, hits@10: 61.626%
