2017-05-03 01:00:18,410 INFO: logger initialized for experiment identifier: BilinearDiagExtended_Dot_ndim_100_marg_2.0_lrate_0.01_cost_margincost_pos_high_reg_0.01_REL
2017-05-03 01:00:18,410 INFO: DD{'ndim': 100, 'test_all': 10, 'Nsyn_rel': 1345, 'totepochs': 1000, 'bestvalidMRR': -1, 'loadmodel': False, 'lremb': 0.01, 'nvalid': 1000, 'seed': 123, 'marge': 2.0, 'margincostfunction': 'margincost_pos_high', 'simfn': 'Dot', 'savepath': '/Users/corbinrosset/Dropbox/Arora/QA-code/src/KBC_Text/outputs/FB15k_BilinearDiagExtended/BilinearDiagExtended_Dot_ndim_100_marg_2.0_lrate_0.01_cost_margincost_pos_high_reg_0.01_REL', 'dataset': 'FB15k', 'nbatches': 100, 'identifier': 'BilinearDiagExtended_Dot_ndim_100_marg_2.0_lrate_0.01_cost_margincost_pos_high_reg_0.01_REL', 'lrparam': 0.01, 'loademb': False, 'datapath': '/Users/corbinrosset/Dropbox/Arora/QA-code/src/KBC_Text/data/', 'ntrain': 1000, 'Nrel': 1345, 'experiment_type': 'FB15kexp', 'rel': True, 'Nent': 14951, 'logger': <logging.RootLogger object at 0x10eda2f90>, 'ntest': 1000, 'Nsyn': 14951, 'reg': 0.01, 'op': 'BilinearDiagExtended'}
2017-05-03 01:00:20,781 INFO: loaded FB15k data in: 2.3129 seconds
2017-05-03 01:00:20,785 DEBUG: FB15kexp: load_FB15k_data(): trainl(14951, 483142), trainr(14951, 483142), traino(1345, 483142), trainlidx(1000,)
2017-05-03 01:00:24,652 DEBUG: Training to rank RELATIONS as well!
2017-05-03 01:00:24,652 DEBUG: loaded data and constructed model...
2017-05-03 01:00:24,652 DEBUG: num epochs: 1000
2017-05-03 01:00:24,653 DEBUG: num batches per epoch: 100
2017-05-03 01:00:24,653 DEBUG: batchsize: 4831
2017-05-03 01:00:24,653 DEBUG: left and right entity ranking functions will rank a slot against 14951 competitors
2017-05-03 01:00:24,653 INFO: BEGIN TRAINING
2017-05-03 01:01:07,239 INFO: ----------------------------------------------------------------------------
2017-05-03 01:01:07,240 INFO: EPOCH 1 (42.586 seconds):
2017-05-03 01:01:07,259 INFO: 	Average L2 norm of relation vector: 0.027
2017-05-03 01:01:07,260 INFO: 	COST >> 6.003 +/- 0.0, % updates Left: 100.0% Rel: 100.0% Right: 100.0%
2017-05-03 01:01:52,147 INFO: ----------------------------------------------------------------------------
2017-05-03 01:01:52,147 INFO: EPOCH 2 (44.887 seconds):
2017-05-03 01:01:52,148 INFO: 	Average L2 norm of relation vector: 0.02674
2017-05-03 01:01:52,148 INFO: 	COST >> 6.003 +/- 0.0, % updates Left: 100.0% Rel: 100.0% Right: 100.0%
2017-05-03 01:02:31,773 INFO: ----------------------------------------------------------------------------
2017-05-03 01:02:31,773 INFO: EPOCH 3 (39.625 seconds):
2017-05-03 01:02:31,774 INFO: 	Average L2 norm of relation vector: 0.02649
2017-05-03 01:02:31,774 INFO: 	COST >> 6.002 +/- 0.0, % updates Left: 100.0% Rel: 100.0% Right: 100.0%
2017-05-03 01:03:07,299 INFO: ----------------------------------------------------------------------------
2017-05-03 01:03:07,299 INFO: EPOCH 4 (35.524 seconds):
2017-05-03 01:03:07,299 INFO: 	Average L2 norm of relation vector: 0.02625
2017-05-03 01:03:07,300 INFO: 	COST >> 6.002 +/- 0.0, % updates Left: 100.0% Rel: 100.0% Right: 100.0%
2017-05-03 01:03:42,572 INFO: ----------------------------------------------------------------------------
2017-05-03 01:03:42,573 INFO: EPOCH 5 (35.273 seconds):
2017-05-03 01:03:42,573 INFO: 	Average L2 norm of relation vector: 0.02603
2017-05-03 01:03:42,574 INFO: 	COST >> 6.002 +/- 0.0, % updates Left: 100.0% Rel: 100.0% Right: 100.0%
2017-05-03 01:04:18,000 INFO: ----------------------------------------------------------------------------
2017-05-03 01:04:18,000 INFO: EPOCH 6 (35.426 seconds):
2017-05-03 01:04:18,001 INFO: 	Average L2 norm of relation vector: 0.02581
2017-05-03 01:04:18,001 INFO: 	COST >> 6.002 +/- 0.0, % updates Left: 100.0% Rel: 100.0% Right: 100.0%
2017-05-03 01:04:53,448 INFO: ----------------------------------------------------------------------------
2017-05-03 01:04:53,448 INFO: EPOCH 7 (35.446 seconds):
2017-05-03 01:04:53,449 INFO: 	Average L2 norm of relation vector: 0.02562
2017-05-03 01:04:53,449 INFO: 	COST >> 6.002 +/- 0.0, % updates Left: 100.0% Rel: 100.0% Right: 100.0%
2017-05-03 01:05:29,502 INFO: ----------------------------------------------------------------------------
2017-05-03 01:05:29,502 INFO: EPOCH 8 (36.052 seconds):
2017-05-03 01:05:29,503 INFO: 	Average L2 norm of relation vector: 0.02573
2017-05-03 01:05:29,504 INFO: 	COST >> 5.988 +/- 0.036, % updates Left: 99.82% Rel: 99.82% Right: 99.82%
2017-05-03 01:06:04,166 INFO: ----------------------------------------------------------------------------
2017-05-03 01:06:04,166 INFO: EPOCH 9 (34.662 seconds):
2017-05-03 01:06:04,167 INFO: 	Average L2 norm of relation vector: 0.0264
2017-05-03 01:06:04,167 INFO: 	COST >> 5.749 +/- 0.093, % updates Left: 95.99% Rel: 95.84% Right: 95.95%
2017-05-03 01:06:33,160 INFO: ----------------------------------------------------------------------------
2017-05-03 01:06:33,160 INFO: EPOCH 10 (28.992 seconds):
2017-05-03 01:06:33,161 INFO: 	Average L2 norm of relation vector: 0.03136
2017-05-03 01:06:33,161 INFO: 	COST >> 4.851 +/- 0.663, % updates Left: 82.3% Rel: 80.6% Right: 82.19%
2017-05-03 01:06:33,161 INFO: 	FilteredRanking: evaluating rank on 1000 triples
2017-05-03 01:07:55,004 INFO: 	FilteredRanking: evaluating rank on 1000 triples
2017-05-03 01:09:18,351 INFO: 	MEAN RANK >> valid: 4081.2, train: 3910.8
2017-05-03 01:09:18,352 INFO: 		MEAN RANK TRAIN: Left: 3943.8 Rel: 324.7 Right: 3877.9
2017-05-03 01:09:18,352 INFO: 		MEAN RANK VALID: Left: 4091.9 Rel: 332.4 Right: 4070.5
2017-05-03 01:09:18,353 INFO: 		MEAN RECIPROCAL RANK VALID (L & R): 0.018
2017-05-03 01:09:18,353 INFO: 	FilteredRanking: evaluating rank on 1000 triples
2017-05-03 01:10:45,921 INFO: 	NEW BEST TEST MR: 4327.9
2017-05-03 01:10:45,921 INFO: 		Left MR: 4351.1 Rel MR: 357.8 Right MR: 4304.7
2017-05-03 01:10:46,001 INFO: 	(ranking took 252.839 seconds)
2017-05-03 01:11:22,345 INFO: ----------------------------------------------------------------------------
2017-05-03 01:11:22,345 INFO: EPOCH 11 (36.344 seconds):
2017-05-03 01:11:22,346 INFO: 	Average L2 norm of relation vector: 0.03569
2017-05-03 01:11:22,347 INFO: 	COST >> 3.211 +/- 0.245, % updates Left: 56.83% Rel: 49.76% Right: 56.55%
2017-05-03 01:11:57,913 INFO: ----------------------------------------------------------------------------
2017-05-03 01:11:57,914 INFO: EPOCH 12 (35.567 seconds):
2017-05-03 01:11:57,914 INFO: 	Average L2 norm of relation vector: 0.0402
2017-05-03 01:11:57,915 INFO: 	COST >> 2.483 +/- 0.192, % updates Left: 45.91% Rel: 36.01% Right: 45.34%
2017-05-03 01:12:33,502 INFO: ----------------------------------------------------------------------------
2017-05-03 01:12:33,502 INFO: EPOCH 13 (35.587 seconds):
2017-05-03 01:12:33,503 INFO: 	Average L2 norm of relation vector: 0.04321
2017-05-03 01:12:33,504 INFO: 	COST >> 1.976 +/- 0.12, % updates Left: 38.05% Rel: 25.66% Right: 37.32%
2017-05-03 01:13:09,233 INFO: ----------------------------------------------------------------------------
2017-05-03 01:13:09,233 INFO: EPOCH 14 (35.729 seconds):
2017-05-03 01:13:09,234 INFO: 	Average L2 norm of relation vector: 0.04552
2017-05-03 01:13:09,235 INFO: 	COST >> 1.62 +/- 0.05, % updates Left: 32.34% Rel: 18.86% Right: 31.61%
2017-05-03 01:13:44,851 INFO: ----------------------------------------------------------------------------
2017-05-03 01:13:44,851 INFO: EPOCH 15 (35.616 seconds):
2017-05-03 01:13:44,852 INFO: 	Average L2 norm of relation vector: 0.04764
2017-05-03 01:13:44,853 INFO: 	COST >> 1.5 +/- 0.053, % updates Left: 30.21% Rel: 17.05% Right: 29.47%
2017-05-03 01:14:20,467 INFO: ----------------------------------------------------------------------------
2017-05-03 01:14:20,467 INFO: EPOCH 16 (35.614 seconds):
2017-05-03 01:14:20,468 INFO: 	Average L2 norm of relation vector: 0.04942
2017-05-03 01:14:20,468 INFO: 	COST >> 1.372 +/- 0.034, % updates Left: 27.68% Rel: 15.42% Right: 27.0%
2017-05-03 01:14:56,348 INFO: ----------------------------------------------------------------------------
2017-05-03 01:14:56,349 INFO: EPOCH 17 (35.88 seconds):
2017-05-03 01:14:56,350 INFO: 	Average L2 norm of relation vector: 0.05081
2017-05-03 01:14:56,351 INFO: 	COST >> 1.301 +/- 0.039, % updates Left: 26.25% Rel: 14.45% Right: 25.54%
2017-05-03 01:15:32,222 INFO: ----------------------------------------------------------------------------
2017-05-03 01:15:32,222 INFO: EPOCH 18 (35.87 seconds):
2017-05-03 01:15:32,223 INFO: 	Average L2 norm of relation vector: 0.05241
2017-05-03 01:15:32,224 INFO: 	COST >> 1.228 +/- 0.035, % updates Left: 25.13% Rel: 13.45% Right: 24.27%
2017-05-03 01:16:07,112 INFO: ----------------------------------------------------------------------------
2017-05-03 01:16:07,112 INFO: EPOCH 19 (34.888 seconds):
2017-05-03 01:16:07,113 INFO: 	Average L2 norm of relation vector: 0.054
2017-05-03 01:16:07,113 INFO: 	COST >> 1.161 +/- 0.031, % updates Left: 24.0% Rel: 12.36% Right: 23.18%
2017-05-03 01:16:36,355 INFO: ----------------------------------------------------------------------------
2017-05-03 01:16:36,355 INFO: EPOCH 20 (29.242 seconds):
2017-05-03 01:16:36,356 INFO: 	Average L2 norm of relation vector: 0.05567
2017-05-03 01:16:36,356 INFO: 	COST >> 1.069 +/- 0.033, % updates Left: 22.56% Rel: 10.84% Right: 21.67%
2017-05-03 01:16:36,356 INFO: 	FilteredRanking: evaluating rank on 1000 triples
2017-05-03 01:17:59,009 INFO: 	FilteredRanking: evaluating rank on 1000 triples
2017-05-03 01:19:27,319 INFO: 	MEAN RANK >> valid: 1269.2, train: 1095.7
2017-05-03 01:19:27,320 INFO: 		MEAN RANK TRAIN: Left: 1136.8 Rel: 40.6 Right: 1054.7
2017-05-03 01:19:27,321 INFO: 		MEAN RANK VALID: Left: 1320.3 Rel: 47.7 Right: 1218.1
2017-05-03 01:19:27,321 INFO: 		MEAN RECIPROCAL RANK VALID (L & R): 0.0115
2017-05-03 01:19:27,321 WARNING: 	WARNING, failed to improve MRR on valid, 2 chances left

2017-05-03 01:19:27,399 INFO: 	(ranking took 171.043 seconds)
2017-05-03 01:20:04,907 INFO: ----------------------------------------------------------------------------
2017-05-03 01:20:04,908 INFO: EPOCH 21 (37.508 seconds):
2017-05-03 01:20:04,908 INFO: 	Average L2 norm of relation vector: 0.05693
2017-05-03 01:20:04,908 INFO: 	COST >> 1.027 +/- 0.032, % updates Left: 21.7% Rel: 10.1% Right: 20.77%
2017-05-03 01:20:40,393 INFO: ----------------------------------------------------------------------------
2017-05-03 01:20:40,393 INFO: EPOCH 22 (35.484 seconds):
2017-05-03 01:20:40,394 INFO: 	Average L2 norm of relation vector: 0.05804
2017-05-03 01:20:40,394 INFO: 	COST >> 1.001 +/- 0.03, % updates Left: 21.22% Rel: 9.65% Right: 20.28%
2017-05-03 01:21:16,005 INFO: ----------------------------------------------------------------------------
2017-05-03 01:21:16,005 INFO: EPOCH 23 (35.611 seconds):
2017-05-03 01:21:16,006 INFO: 	Average L2 norm of relation vector: 0.05904
2017-05-03 01:21:16,007 INFO: 	COST >> 0.977 +/- 0.023, % updates Left: 20.74% Rel: 9.24% Right: 19.88%
2017-05-03 01:21:50,877 INFO: ----------------------------------------------------------------------------
2017-05-03 01:21:50,877 INFO: EPOCH 24 (34.87 seconds):
2017-05-03 01:21:50,878 INFO: 	Average L2 norm of relation vector: 0.06002
2017-05-03 01:21:50,878 INFO: 	COST >> 0.96 +/- 0.026, % updates Left: 20.39% Rel: 9.13% Right: 19.48%
2017-05-03 01:22:25,958 INFO: ----------------------------------------------------------------------------
2017-05-03 01:22:25,959 INFO: EPOCH 25 (35.08 seconds):
2017-05-03 01:22:25,959 INFO: 	Average L2 norm of relation vector: 0.06093
2017-05-03 01:22:25,960 INFO: 	COST >> 0.948 +/- 0.029, % updates Left: 20.09% Rel: 8.94% Right: 19.3%
2017-05-03 01:23:01,991 INFO: ----------------------------------------------------------------------------
2017-05-03 01:23:01,991 INFO: EPOCH 26 (36.031 seconds):
2017-05-03 01:23:01,992 INFO: 	Average L2 norm of relation vector: 0.06177
2017-05-03 01:23:01,993 INFO: 	COST >> 0.936 +/- 0.029, % updates Left: 19.85% Rel: 8.77% Right: 19.02%
2017-05-03 01:23:37,674 INFO: ----------------------------------------------------------------------------
2017-05-03 01:23:37,675 INFO: EPOCH 27 (35.681 seconds):
2017-05-03 01:23:37,676 INFO: 	Average L2 norm of relation vector: 0.06257
2017-05-03 01:23:37,676 INFO: 	COST >> 0.92 +/- 0.03, % updates Left: 19.55% Rel: 8.59% Right: 18.68%
2017-05-03 01:24:13,443 INFO: ----------------------------------------------------------------------------
2017-05-03 01:24:13,443 INFO: EPOCH 28 (35.767 seconds):
2017-05-03 01:24:13,445 INFO: 	Average L2 norm of relation vector: 0.06345
2017-05-03 01:24:13,446 INFO: 	COST >> 0.905 +/- 0.032, % updates Left: 19.38% Rel: 8.41% Right: 18.35%
2017-05-03 01:24:48,295 INFO: ----------------------------------------------------------------------------
2017-05-03 01:24:48,295 INFO: EPOCH 29 (34.849 seconds):
2017-05-03 01:24:48,296 INFO: 	Average L2 norm of relation vector: 0.06424
2017-05-03 01:24:48,296 INFO: 	COST >> 0.892 +/- 0.029, % updates Left: 19.08% Rel: 8.27% Right: 18.05%
2017-05-03 01:25:18,291 INFO: ----------------------------------------------------------------------------
2017-05-03 01:25:18,291 INFO: EPOCH 30 (29.995 seconds):
2017-05-03 01:25:18,292 INFO: 	Average L2 norm of relation vector: 0.0652
2017-05-03 01:25:18,293 INFO: 	COST >> 0.874 +/- 0.028, % updates Left: 18.75% Rel: 8.16% Right: 17.84%
2017-05-03 01:25:18,293 INFO: 	FilteredRanking: evaluating rank on 1000 triples
2017-05-03 01:26:42,007 INFO: 	FilteredRanking: evaluating rank on 1000 triples
2017-05-03 01:28:05,958 INFO: 	MEAN RANK >> valid: 1010.9, train: 911.2
2017-05-03 01:28:05,958 INFO: 		MEAN RANK TRAIN: Left: 952.6 Rel: 31.8 Right: 869.9
2017-05-03 01:28:05,959 INFO: 		MEAN RANK VALID: Left: 1089.7 Rel: 34.9 Right: 932.1
2017-05-03 01:28:05,959 INFO: 		MEAN RECIPROCAL RANK VALID (L & R): 0.02
2017-05-03 01:28:05,959 INFO: 	FilteredRanking: evaluating rank on 1000 triples
2017-05-03 01:29:33,783 INFO: 	NEW BEST TEST MR: 998.4
2017-05-03 01:29:33,784 INFO: 		Left MR: 1049.3 Rel MR: 36.5 Right MR: 947.5
2017-05-03 01:29:33,838 INFO: 	(ranking took 255.545 seconds)
2017-05-03 01:30:08,027 INFO: ----------------------------------------------------------------------------
2017-05-03 01:30:08,028 INFO: EPOCH 31 (34.189 seconds):
2017-05-03 01:30:08,028 INFO: 	Average L2 norm of relation vector: 0.06617
2017-05-03 01:30:08,028 INFO: 	COST >> 0.86 +/- 0.03, % updates Left: 18.56% Rel: 8.0% Right: 17.49%
2017-05-03 01:30:43,957 INFO: ----------------------------------------------------------------------------
2017-05-03 01:30:43,957 INFO: EPOCH 32 (35.929 seconds):
2017-05-03 01:30:43,959 INFO: 	Average L2 norm of relation vector: 0.06734
2017-05-03 01:30:43,959 INFO: 	COST >> 0.831 +/- 0.028, % updates Left: 18.14% Rel: 7.66% Right: 17.11%
2017-05-03 01:31:20,519 INFO: ----------------------------------------------------------------------------
2017-05-03 01:31:20,519 INFO: EPOCH 33 (36.56 seconds):
2017-05-03 01:31:20,520 INFO: 	Average L2 norm of relation vector: 0.06824
2017-05-03 01:31:20,521 INFO: 	COST >> 0.813 +/- 0.026, % updates Left: 17.64% Rel: 7.3% Right: 16.71%
2017-05-03 01:31:58,358 INFO: ----------------------------------------------------------------------------
2017-05-03 01:31:58,358 INFO: EPOCH 34 (37.837 seconds):
2017-05-03 01:31:58,359 INFO: 	Average L2 norm of relation vector: 0.06897
2017-05-03 01:31:58,360 INFO: 	COST >> 0.807 +/- 0.03, % updates Left: 17.44% Rel: 7.24% Right: 16.51%
2017-05-03 01:32:36,593 INFO: ----------------------------------------------------------------------------
2017-05-03 01:32:36,593 INFO: EPOCH 35 (38.233 seconds):
2017-05-03 01:32:36,594 INFO: 	Average L2 norm of relation vector: 0.06969
2017-05-03 01:32:36,594 INFO: 	COST >> 0.796 +/- 0.029, % updates Left: 17.28% Rel: 7.12% Right: 16.25%
2017-05-03 01:33:14,917 INFO: ----------------------------------------------------------------------------
2017-05-03 01:33:14,917 INFO: EPOCH 36 (38.323 seconds):
2017-05-03 01:33:14,918 INFO: 	Average L2 norm of relation vector: 0.07026
2017-05-03 01:33:14,919 INFO: 	COST >> 0.792 +/- 0.029, % updates Left: 17.15% Rel: 7.02% Right: 16.07%
2017-05-03 01:33:52,432 INFO: ----------------------------------------------------------------------------
2017-05-03 01:33:52,432 INFO: EPOCH 37 (37.513 seconds):
2017-05-03 01:33:52,434 INFO: 	Average L2 norm of relation vector: 0.07082
2017-05-03 01:33:52,436 INFO: 	COST >> 0.785 +/- 0.028, % updates Left: 16.93% Rel: 6.97% Right: 15.99%
2017-05-03 01:34:27,556 INFO: ----------------------------------------------------------------------------
2017-05-03 01:34:27,557 INFO: EPOCH 38 (35.121 seconds):
2017-05-03 01:34:27,558 INFO: 	Average L2 norm of relation vector: 0.0713
2017-05-03 01:34:27,558 INFO: 	COST >> 0.784 +/- 0.033, % updates Left: 16.93% Rel: 6.87% Right: 15.9%
2017-05-03 01:35:02,299 INFO: ----------------------------------------------------------------------------
2017-05-03 01:35:02,300 INFO: EPOCH 39 (34.741 seconds):
2017-05-03 01:35:02,301 INFO: 	Average L2 norm of relation vector: 0.0717
2017-05-03 01:35:02,301 INFO: 	COST >> 0.78 +/- 0.031, % updates Left: 16.78% Rel: 6.85% Right: 15.77%
2017-05-03 01:35:31,945 INFO: ----------------------------------------------------------------------------
2017-05-03 01:35:31,945 INFO: EPOCH 40 (29.644 seconds):
2017-05-03 01:35:31,946 INFO: 	Average L2 norm of relation vector: 0.07211
2017-05-03 01:35:31,946 INFO: 	COST >> 0.774 +/- 0.031, % updates Left: 16.73% Rel: 6.73% Right: 15.65%
2017-05-03 01:35:31,946 INFO: 	FilteredRanking: evaluating rank on 1000 triples
2017-05-03 01:36:54,552 INFO: 	FilteredRanking: evaluating rank on 1000 triples
2017-05-03 01:38:20,912 INFO: 	MEAN RANK >> valid: 980.7, train: 829.7
2017-05-03 01:38:20,913 INFO: 		MEAN RANK TRAIN: Left: 868.2 Rel: 32.9 Right: 791.3
2017-05-03 01:38:20,915 INFO: 		MEAN RANK VALID: Left: 1049.0 Rel: 37.4 Right: 912.4
2017-05-03 01:38:20,915 INFO: 		MEAN RECIPROCAL RANK VALID (L & R): 0.0205
2017-05-03 01:38:20,915 INFO: 	FilteredRanking: evaluating rank on 1000 triples
2017-05-03 01:39:49,717 INFO: 	NEW BEST TEST MR: 908.6
2017-05-03 01:39:49,718 INFO: 		Left MR: 957.3 Rel MR: 38.4 Right MR: 859.9
2017-05-03 01:39:49,777 INFO: 	(ranking took 257.83 seconds)
2017-05-03 01:40:26,101 INFO: ----------------------------------------------------------------------------
2017-05-03 01:40:26,102 INFO: EPOCH 41 (36.324 seconds):
2017-05-03 01:40:26,103 INFO: 	Average L2 norm of relation vector: 0.07244
2017-05-03 01:40:26,103 INFO: 	COST >> 0.775 +/- 0.031, % updates Left: 16.68% Rel: 6.74% Right: 15.65%
2017-05-03 01:41:01,376 INFO: ----------------------------------------------------------------------------
2017-05-03 01:41:01,377 INFO: EPOCH 42 (35.273 seconds):
2017-05-03 01:41:01,378 INFO: 	Average L2 norm of relation vector: 0.07281
2017-05-03 01:41:01,378 INFO: 	COST >> 0.765 +/- 0.029, % updates Left: 16.49% Rel: 6.67% Right: 15.46%
2017-05-03 01:41:36,820 INFO: ----------------------------------------------------------------------------
2017-05-03 01:41:36,820 INFO: EPOCH 43 (35.441 seconds):
2017-05-03 01:41:36,821 INFO: 	Average L2 norm of relation vector: 0.0731
2017-05-03 01:41:36,821 INFO: 	COST >> 0.769 +/- 0.026, % updates Left: 16.51% Rel: 6.7% Right: 15.48%
2017-05-03 01:42:11,881 INFO: ----------------------------------------------------------------------------
2017-05-03 01:42:11,881 INFO: EPOCH 44 (35.059 seconds):
2017-05-03 01:42:11,882 INFO: 	Average L2 norm of relation vector: 0.07339
2017-05-03 01:42:11,882 INFO: 	COST >> 0.767 +/- 0.029, % updates Left: 16.52% Rel: 6.62% Right: 15.47%
2017-05-03 01:42:46,720 INFO: ----------------------------------------------------------------------------
2017-05-03 01:42:46,720 INFO: EPOCH 45 (34.838 seconds):
2017-05-03 01:42:46,721 INFO: 	Average L2 norm of relation vector: 0.07364
2017-05-03 01:42:46,721 INFO: 	COST >> 0.766 +/- 0.032, % updates Left: 16.48% Rel: 6.6% Right: 15.42%
2017-05-03 01:43:21,707 INFO: ----------------------------------------------------------------------------
2017-05-03 01:43:21,708 INFO: EPOCH 46 (34.986 seconds):
2017-05-03 01:43:21,708 INFO: 	Average L2 norm of relation vector: 0.07397
2017-05-03 01:43:21,709 INFO: 	COST >> 0.761 +/- 0.031, % updates Left: 16.38% Rel: 6.59% Right: 15.38%
2017-05-03 01:43:55,029 INFO: ----------------------------------------------------------------------------
2017-05-03 01:43:55,029 INFO: EPOCH 47 (33.32 seconds):
2017-05-03 01:43:55,030 INFO: 	Average L2 norm of relation vector: 0.07425
2017-05-03 01:43:55,030 INFO: 	COST >> 0.758 +/- 0.025, % updates Left: 16.31% Rel: 6.53% Right: 15.34%
2017-05-03 01:44:27,701 INFO: ----------------------------------------------------------------------------
2017-05-03 01:44:27,701 INFO: EPOCH 48 (32.67 seconds):
2017-05-03 01:44:27,702 INFO: 	Average L2 norm of relation vector: 0.07454
2017-05-03 01:44:27,702 INFO: 	COST >> 0.756 +/- 0.03, % updates Left: 16.24% Rel: 6.56% Right: 15.28%
2017-05-03 01:44:59,910 INFO: ----------------------------------------------------------------------------
2017-05-03 01:44:59,910 INFO: EPOCH 49 (32.208 seconds):
2017-05-03 01:44:59,911 INFO: 	Average L2 norm of relation vector: 0.07483
2017-05-03 01:44:59,911 INFO: 	COST >> 0.753 +/- 0.03, % updates Left: 16.11% Rel: 6.59% Right: 15.23%
2017-05-03 01:45:30,078 INFO: ----------------------------------------------------------------------------
2017-05-03 01:45:30,078 INFO: EPOCH 50 (30.167 seconds):
2017-05-03 01:45:30,079 INFO: 	Average L2 norm of relation vector: 0.07513
2017-05-03 01:45:30,079 INFO: 	COST >> 0.746 +/- 0.024, % updates Left: 15.95% Rel: 6.53% Right: 15.09%
2017-05-03 01:45:30,080 INFO: 	FilteredRanking: evaluating rank on 1000 triples
2017-05-03 01:46:55,472 INFO: 	FilteredRanking: evaluating rank on 1000 triples
2017-05-03 01:48:21,880 INFO: 	MEAN RANK >> valid: 952.4, train: 800.7
2017-05-03 01:48:21,884 INFO: 		MEAN RANK TRAIN: Left: 849.6 Rel: 30.1 Right: 751.7
2017-05-03 01:48:21,885 INFO: 		MEAN RANK VALID: Left: 1012.7 Rel: 35.3 Right: 892.2
2017-05-03 01:48:21,885 INFO: 		MEAN RECIPROCAL RANK VALID (L & R): 0.0305
2017-05-03 01:48:21,885 INFO: 	FilteredRanking: evaluating rank on 1000 triples
2017-05-03 01:49:49,706 INFO: 	NEW BEST TEST MR: 885.4
2017-05-03 01:49:49,707 INFO: 		Left MR: 924.0 Rel MR: 36.1 Right MR: 846.7
2017-05-03 01:49:49,809 INFO: 	(ranking took 259.729 seconds)
2017-05-03 01:50:26,034 INFO: ----------------------------------------------------------------------------
2017-05-03 01:50:26,034 INFO: EPOCH 51 (36.225 seconds):
2017-05-03 01:50:26,035 INFO: 	Average L2 norm of relation vector: 0.07539
2017-05-03 01:50:26,035 INFO: 	COST >> 0.742 +/- 0.03, % updates Left: 15.95% Rel: 6.49% Right: 14.92%
2017-05-03 01:51:02,103 INFO: ----------------------------------------------------------------------------
2017-05-03 01:51:02,103 INFO: EPOCH 52 (36.068 seconds):
2017-05-03 01:51:02,104 INFO: 	Average L2 norm of relation vector: 0.07564
2017-05-03 01:51:02,105 INFO: 	COST >> 0.736 +/- 0.03, % updates Left: 15.72% Rel: 6.46% Right: 14.85%
2017-05-03 01:51:37,770 INFO: ----------------------------------------------------------------------------
2017-05-03 01:51:37,771 INFO: EPOCH 53 (35.666 seconds):
2017-05-03 01:51:37,772 INFO: 	Average L2 norm of relation vector: 0.07596
2017-05-03 01:51:37,772 INFO: 	COST >> 0.733 +/- 0.031, % updates Left: 15.73% Rel: 6.39% Right: 14.84%
2017-05-03 01:52:09,384 INFO: ----------------------------------------------------------------------------
2017-05-03 01:52:09,384 INFO: EPOCH 54 (31.612 seconds):
2017-05-03 01:52:09,385 INFO: 	Average L2 norm of relation vector: 0.07626
2017-05-03 01:52:09,386 INFO: 	COST >> 0.729 +/- 0.029, % updates Left: 15.67% Rel: 6.43% Right: 14.68%
2017-05-03 01:52:41,124 INFO: ----------------------------------------------------------------------------
2017-05-03 01:52:41,124 INFO: EPOCH 55 (31.739 seconds):
2017-05-03 01:52:41,125 INFO: 	Average L2 norm of relation vector: 0.07653
2017-05-03 01:52:41,126 INFO: 	COST >> 0.721 +/- 0.027, % updates Left: 15.57% Rel: 6.34% Right: 14.41%
2017-05-03 01:53:12,841 INFO: ----------------------------------------------------------------------------
2017-05-03 01:53:12,841 INFO: EPOCH 56 (31.715 seconds):
2017-05-03 01:53:12,842 INFO: 	Average L2 norm of relation vector: 0.0768
2017-05-03 01:53:12,843 INFO: 	COST >> 0.721 +/- 0.03, % updates Left: 15.49% Rel: 6.32% Right: 14.48%
2017-05-03 01:53:44,988 INFO: ----------------------------------------------------------------------------
2017-05-03 01:53:44,989 INFO: EPOCH 57 (32.146 seconds):
2017-05-03 01:53:44,989 INFO: 	Average L2 norm of relation vector: 0.077
2017-05-03 01:53:44,990 INFO: 	COST >> 0.718 +/- 0.03, % updates Left: 15.43% Rel: 6.31% Right: 14.36%
2017-05-03 01:54:18,478 INFO: ----------------------------------------------------------------------------
2017-05-03 01:54:18,478 INFO: EPOCH 58 (33.488 seconds):
2017-05-03 01:54:18,479 INFO: 	Average L2 norm of relation vector: 0.07726
2017-05-03 01:54:18,479 INFO: 	COST >> 0.716 +/- 0.027, % updates Left: 15.39% Rel: 6.33% Right: 14.32%
2017-05-03 01:54:52,767 INFO: ----------------------------------------------------------------------------
2017-05-03 01:54:52,767 INFO: EPOCH 59 (34.287 seconds):
2017-05-03 01:54:52,768 INFO: 	Average L2 norm of relation vector: 0.07749
2017-05-03 01:54:52,768 INFO: 	COST >> 0.709 +/- 0.027, % updates Left: 15.3% Rel: 6.2% Right: 14.19%
2017-05-03 01:55:25,288 INFO: ----------------------------------------------------------------------------
2017-05-03 01:55:25,288 INFO: EPOCH 60 (32.52 seconds):
2017-05-03 01:55:25,289 INFO: 	Average L2 norm of relation vector: 0.0778
2017-05-03 01:55:25,290 INFO: 	COST >> 0.702 +/- 0.025, % updates Left: 15.15% Rel: 6.17% Right: 14.12%
2017-05-03 01:55:25,290 INFO: 	FilteredRanking: evaluating rank on 1000 triples
2017-05-03 01:56:51,228 INFO: 	FilteredRanking: evaluating rank on 1000 triples
2017-05-03 01:58:17,526 INFO: 	MEAN RANK >> valid: 891.6, train: 760.9
2017-05-03 01:58:17,526 INFO: 		MEAN RANK TRAIN: Left: 788.9 Rel: 28.4 Right: 732.8
2017-05-03 01:58:17,527 INFO: 		MEAN RANK VALID: Left: 945.7 Rel: 32.6 Right: 837.5
2017-05-03 01:58:17,527 INFO: 		MEAN RECIPROCAL RANK VALID (L & R): 0.0245
2017-05-03 01:58:17,527 WARNING: 	WARNING, failed to improve MRR on valid, 2 chances left

2017-05-03 01:58:17,601 INFO: 	(ranking took 172.311 seconds)
2017-05-03 01:58:51,582 INFO: ----------------------------------------------------------------------------
2017-05-03 01:58:51,582 INFO: EPOCH 61 (33.98 seconds):
2017-05-03 01:58:51,583 INFO: 	Average L2 norm of relation vector: 0.07804
2017-05-03 01:58:51,584 INFO: 	COST >> 0.699 +/- 0.028, % updates Left: 14.96% Rel: 6.17% Right: 14.03%
2017-05-03 01:59:23,187 INFO: ----------------------------------------------------------------------------
2017-05-03 01:59:23,187 INFO: EPOCH 62 (31.603 seconds):
2017-05-03 01:59:23,187 INFO: 	Average L2 norm of relation vector: 0.07828
2017-05-03 01:59:23,188 INFO: 	COST >> 0.7 +/- 0.026, % updates Left: 14.98% Rel: 6.18% Right: 14.05%
2017-05-03 01:59:58,335 INFO: ----------------------------------------------------------------------------
2017-05-03 01:59:58,336 INFO: EPOCH 63 (35.148 seconds):
2017-05-03 01:59:58,337 INFO: 	Average L2 norm of relation vector: 0.07855
2017-05-03 01:59:58,337 INFO: 	COST >> 0.694 +/- 0.029, % updates Left: 14.92% Rel: 6.16% Right: 13.88%
2017-05-03 02:00:30,826 INFO: ----------------------------------------------------------------------------
2017-05-03 02:00:30,826 INFO: EPOCH 64 (32.488 seconds):
2017-05-03 02:00:30,826 INFO: 	Average L2 norm of relation vector: 0.07875
2017-05-03 02:00:30,827 INFO: 	COST >> 0.685 +/- 0.034, % updates Left: 14.62% Rel: 6.09% Right: 13.72%
2017-05-03 02:01:03,339 INFO: ----------------------------------------------------------------------------
2017-05-03 02:01:03,339 INFO: EPOCH 65 (32.512 seconds):
2017-05-03 02:01:03,340 INFO: 	Average L2 norm of relation vector: 0.07897
2017-05-03 02:01:03,341 INFO: 	COST >> 0.682 +/- 0.026, % updates Left: 14.57% Rel: 6.05% Right: 13.66%
2017-05-03 02:01:35,831 INFO: ----------------------------------------------------------------------------
2017-05-03 02:01:35,832 INFO: EPOCH 66 (32.491 seconds):
2017-05-03 02:01:35,833 INFO: 	Average L2 norm of relation vector: 0.07916
2017-05-03 02:01:35,834 INFO: 	COST >> 0.677 +/- 0.025, % updates Left: 14.42% Rel: 6.03% Right: 13.55%
2017-05-03 02:02:11,435 INFO: ----------------------------------------------------------------------------
2017-05-03 02:02:11,435 INFO: EPOCH 67 (35.601 seconds):
2017-05-03 02:02:11,436 INFO: 	Average L2 norm of relation vector: 0.07934
2017-05-03 02:02:11,436 INFO: 	COST >> 0.679 +/- 0.032, % updates Left: 14.43% Rel: 6.05% Right: 13.62%
2017-05-03 02:02:46,094 INFO: ----------------------------------------------------------------------------
2017-05-03 02:02:46,095 INFO: EPOCH 68 (34.658 seconds):
2017-05-03 02:02:46,096 INFO: 	Average L2 norm of relation vector: 0.07954
2017-05-03 02:02:46,096 INFO: 	COST >> 0.675 +/- 0.029, % updates Left: 14.29% Rel: 6.04% Right: 13.63%
2017-05-03 02:03:21,325 INFO: ----------------------------------------------------------------------------
2017-05-03 02:03:21,326 INFO: EPOCH 69 (35.229 seconds):
2017-05-03 02:03:21,326 INFO: 	Average L2 norm of relation vector: 0.07974
2017-05-03 02:03:21,327 INFO: 	COST >> 0.672 +/- 0.025, % updates Left: 14.33% Rel: 5.99% Right: 13.45%
2017-05-03 02:03:53,497 INFO: ----------------------------------------------------------------------------
2017-05-03 02:03:53,497 INFO: EPOCH 70 (32.17 seconds):
2017-05-03 02:03:53,498 INFO: 	Average L2 norm of relation vector: 0.07994
2017-05-03 02:03:53,499 INFO: 	COST >> 0.666 +/- 0.026, % updates Left: 14.23% Rel: 5.96% Right: 13.27%
2017-05-03 02:03:53,499 INFO: 	FilteredRanking: evaluating rank on 1000 triples
2017-05-03 02:05:18,346 INFO: 	FilteredRanking: evaluating rank on 1000 triples
2017-05-03 02:06:45,514 INFO: 	MEAN RANK >> valid: 797.1, train: 685.0
2017-05-03 02:06:45,514 INFO: 		MEAN RANK TRAIN: Left: 705.7 Rel: 25.6 Right: 664.3
2017-05-03 02:06:45,515 INFO: 		MEAN RANK VALID: Left: 827.9 Rel: 30.3 Right: 766.4
2017-05-03 02:06:45,515 INFO: 		MEAN RECIPROCAL RANK VALID (L & R): 0.02
2017-05-03 02:06:45,515 WARNING: 	WARNING, failed to improve MRR on valid, 1 chances left

2017-05-03 02:06:45,574 INFO: 	(ranking took 172.074 seconds)
2017-05-03 02:06:52,903 WARNING: Removing key file /Users/corbinrosset/.theano/compiledir_Darwin-14.5.0-x86_64-i386-64bit-i386-2.7.12-64/tmpLQPXRo/key.pkl because the corresponding module is gone from the file system.
