2017-04-13 15:33:03,811 INFO: logger initialized for experiment identifier: DoubleLinear_L1_ndim_50_marg_1.0_lrate_0.01_cost_margincost_pos_high_reg_0.001_REL
2017-04-13 15:33:03,812 INFO: identifier: DoubleLinear_L1_ndim_50_marg_1.0_lrate_0.01_cost_margincost_pos_high_reg_0.001_REL
2017-04-13 15:33:03,812 INFO: models saved to path: /Users/corbinrosset/Dropbox/Arora/QA-code/src/KBC_Text/outputs/FB15k_DoubleLinear/
2017-04-13 15:33:03,812 INFO: DD{'ndim': 50, 'test_all': 10, 'Nsyn_rel': 1345, 'totepochs': 500, 'bestvalidMRR': -1, 'loadmodel': False, 'lremb': 0.01, 'nvalid': 1000, 'seed': 123, 'marge': 1.0, 'margincostfunction': 'margincost_pos_high', 'simfn': 'L1', 'savepath': '/Users/corbinrosset/Dropbox/Arora/QA-code/src/KBC_Text/outputs/FB15k_DoubleLinear/DoubleLinear_L1_ndim_50_marg_1.0_lrate_0.01_cost_margincost_pos_high_reg_0.001_REL', 'dataset': 'FB15k', 'nbatches': 100, 'identifier': 'DoubleLinear_L1_ndim_50_marg_1.0_lrate_0.01_cost_margincost_pos_high_reg_0.001_REL', 'lrparam': 0.01, 'loademb': False, 'datapath': '/Users/corbinrosset/Dropbox/Arora/QA-code/src/KBC_Text/data/', 'ntrain': 1000, 'Nrel': 1345, 'experiment_type': 'FB15kexp', 'rel': True, 'Nent': 16296, 'logger': <logging.RootLogger object at 0x10e646e50>, 'ntest': 1000, 'Nsyn': 14951, 'reg': 0.001, 'op': 'DoubleLinear'}
2017-04-13 15:33:05,938 INFO: loaded FB15k data in: 2.078985 seconds
2017-04-13 15:33:05,941 DEBUG: FB15kexp: load_FB15k_data(): trainl(16296, 483142), trainr(16296, 483142), traino(1345, 483142), trainlidx(1000,)
2017-04-13 15:33:10,183 DEBUG: Training to rank RELATIONS as well!
2017-04-13 15:33:10,183 DEBUG: loaded data and constructed model...
2017-04-13 15:33:10,184 DEBUG: num epochs: 500
2017-04-13 15:33:10,184 DEBUG: num batches per epoch: 100
2017-04-13 15:33:10,184 DEBUG: batchsize: 4831
2017-04-13 15:33:10,184 DEBUG: left and right entity ranking functions will rank a slot against 14951 competitors
2017-04-13 15:33:10,184 INFO: BEGIN TRAINING
2017-04-13 15:38:59,363 INFO: ----------------------------------------------------------------------------
2017-04-13 15:38:59,365 INFO: EPOCH 1 (349.181 seconds):
2017-04-13 15:38:59,432 INFO: 	Average L2 norm of relation vector: 0.10184
2017-04-13 15:38:59,433 INFO: 	COST >> 5.448 +/- 2.347, % updates Left: 75.88% Rel: 79.65% Right: 75.55%
2017-04-13 15:44:30,837 INFO: ----------------------------------------------------------------------------
2017-04-13 15:44:30,839 INFO: EPOCH 2 (331.405 seconds):
2017-04-13 15:44:30,890 INFO: 	Average L2 norm of relation vector: 0.12249
2017-04-13 15:44:30,891 INFO: 	COST >> 1.986 +/- 0.933, % updates Left: 29.88% Rel: 19.34% Right: 30.8%
2017-04-13 15:50:09,409 INFO: ----------------------------------------------------------------------------
2017-04-13 15:50:09,413 INFO: EPOCH 3 (338.523 seconds):
2017-04-13 15:50:09,456 INFO: 	Average L2 norm of relation vector: 0.13453
2017-04-13 15:50:09,456 INFO: 	COST >> 1.125 +/- 0.316, % updates Left: 18.0% Rel: 9.9% Right: 20.49%
2017-04-13 15:56:14,282 INFO: ----------------------------------------------------------------------------
2017-04-13 15:56:14,284 INFO: EPOCH 4 (364.827 seconds):
2017-04-13 15:56:14,327 INFO: 	Average L2 norm of relation vector: 0.14205
2017-04-13 15:56:14,327 INFO: 	COST >> 0.699 +/- 0.11, % updates Left: 13.58% Rel: 5.95% Right: 15.97%
2017-04-13 16:02:15,018 INFO: ----------------------------------------------------------------------------
2017-04-13 16:02:15,021 INFO: EPOCH 5 (360.693 seconds):
2017-04-13 16:02:15,063 INFO: 	Average L2 norm of relation vector: 0.14721
2017-04-13 16:02:15,064 INFO: 	COST >> 0.552 +/- 0.104, % updates Left: 11.33% Rel: 4.15% Right: 13.01%
2017-04-13 16:07:59,626 INFO: ----------------------------------------------------------------------------
2017-04-13 16:07:59,626 INFO: EPOCH 6 (344.562 seconds):
2017-04-13 16:07:59,672 INFO: 	Average L2 norm of relation vector: 0.151
2017-04-13 16:07:59,672 INFO: 	COST >> 0.485 +/- 0.085, % updates Left: 10.18% Rel: 3.09% Right: 11.82%
2017-04-13 16:13:27,660 INFO: ----------------------------------------------------------------------------
2017-04-13 16:13:27,662 INFO: EPOCH 7 (327.989 seconds):
2017-04-13 16:13:27,711 INFO: 	Average L2 norm of relation vector: 0.1548
2017-04-13 16:13:27,712 INFO: 	COST >> 0.497 +/- 0.103, % updates Left: 9.62% Rel: 3.06% Right: 11.69%
2017-04-13 16:19:19,340 INFO: ----------------------------------------------------------------------------
2017-04-13 16:19:19,342 INFO: EPOCH 8 (351.63 seconds):
2017-04-13 16:19:19,391 INFO: 	Average L2 norm of relation vector: 0.15803
2017-04-13 16:19:19,392 INFO: 	COST >> 0.445 +/- 0.109, % updates Left: 9.03% Rel: 2.54% Right: 10.66%
2017-04-13 16:35:52,444 INFO: ----------------------------------------------------------------------------
2017-04-13 16:35:52,446 INFO: EPOCH 9 (993.053 seconds):
2017-04-13 16:35:52,493 INFO: 	Average L2 norm of relation vector: 0.16054
2017-04-13 16:35:52,493 INFO: 	COST >> 0.384 +/- 0.073, % updates Left: 8.23% Rel: 2.12% Right: 9.77%
2017-04-13 16:41:49,451 INFO: ----------------------------------------------------------------------------
2017-04-13 16:41:49,453 INFO: EPOCH 10 (356.959 seconds):
2017-04-13 16:41:49,504 INFO: 	Average L2 norm of relation vector: 0.16277
2017-04-13 16:41:49,504 INFO: 	COST >> 0.372 +/- 0.083, % updates Left: 7.73% Rel: 1.94% Right: 9.17%
2017-04-13 16:41:49,505 INFO: 	FilteredRanking: evaluating rank on 1000 triples
2017-04-13 16:54:36,727 INFO: 	FilteredRanking: evaluating rank on 1000 triples
2017-04-13 17:06:35,357 INFO: 	MEAN RANK >> valid: 1085.7, train: 886.4
2017-04-13 17:06:35,363 INFO: 		MEAN RANK TRAIN: Left: 752.0 Rel: 30.3 Right: 1020.9
2017-04-13 17:06:35,364 INFO: 		MEAN RANK VALID: Left: 870.5 Rel: 38.0 Right: 1300.8
2017-04-13 17:06:35,364 INFO: 		MEAN RECIPROCAL RANK VALID (L & R): 0.0445
2017-04-13 17:06:35,364 INFO: 	FilteredRanking: evaluating rank on 1000 triples
2017-04-13 17:18:34,944 INFO: 	NEW BEST TEST MR: 981.0
2017-04-13 17:18:34,945 INFO: 		Left MR: 827.0 Rel MR: 47.2 Right MR: 1135.1
2017-04-13 17:18:35,180 INFO: 	(ranking took 2205.676 seconds)
2017-04-13 17:37:46,690 INFO: ----------------------------------------------------------------------------
2017-04-13 17:37:46,692 INFO: EPOCH 11 (1151.512 seconds):
2017-04-13 17:37:46,741 INFO: 	Average L2 norm of relation vector: 0.16462
2017-04-13 17:37:46,741 INFO: 	COST >> 0.359 +/- 0.06, % updates Left: 7.58% Rel: 1.67% Right: 9.5%
2017-04-13 17:43:21,782 INFO: ----------------------------------------------------------------------------
2017-04-13 17:43:21,784 INFO: EPOCH 12 (335.043 seconds):
2017-04-13 17:43:21,826 INFO: 	Average L2 norm of relation vector: 0.16641
2017-04-13 17:43:21,827 INFO: 	COST >> 0.367 +/- 0.061, % updates Left: 7.86% Rel: 1.63% Right: 9.36%
2017-04-13 17:49:07,738 INFO: ----------------------------------------------------------------------------
2017-04-13 17:49:07,740 INFO: EPOCH 13 (345.913 seconds):
2017-04-13 17:49:07,786 INFO: 	Average L2 norm of relation vector: 0.16833
2017-04-13 17:49:07,786 INFO: 	COST >> 0.379 +/- 0.071, % updates Left: 7.6% Rel: 1.67% Right: 9.58%
2017-04-13 17:55:16,564 INFO: ----------------------------------------------------------------------------
2017-04-13 17:55:16,566 INFO: EPOCH 14 (368.78 seconds):
2017-04-13 17:55:16,612 INFO: 	Average L2 norm of relation vector: 0.17007
2017-04-13 17:55:16,612 INFO: 	COST >> 0.371 +/- 0.056, % updates Left: 7.76% Rel: 1.59% Right: 9.58%
2017-04-13 18:01:20,623 INFO: ----------------------------------------------------------------------------
2017-04-13 18:01:20,625 INFO: EPOCH 15 (364.013 seconds):
2017-04-13 18:01:20,670 INFO: 	Average L2 norm of relation vector: 0.17179
2017-04-13 18:01:20,671 INFO: 	COST >> 0.349 +/- 0.058, % updates Left: 7.46% Rel: 1.54% Right: 8.73%
2017-04-13 18:07:45,190 INFO: ----------------------------------------------------------------------------
2017-04-13 18:07:45,192 INFO: EPOCH 16 (384.521 seconds):
2017-04-13 18:07:45,252 INFO: 	Average L2 norm of relation vector: 0.17311
2017-04-13 18:07:45,252 INFO: 	COST >> 0.327 +/- 0.051, % updates Left: 7.13% Rel: 1.3% Right: 8.37%
2017-04-13 18:14:05,819 INFO: ----------------------------------------------------------------------------
2017-04-13 18:14:05,833 INFO: EPOCH 17 (380.58 seconds):
2017-04-13 18:14:05,889 INFO: 	Average L2 norm of relation vector: 0.17438
2017-04-13 18:14:05,890 INFO: 	COST >> 0.314 +/- 0.046, % updates Left: 7.0% Rel: 1.25% Right: 8.23%
2017-04-13 18:20:09,210 INFO: ----------------------------------------------------------------------------
2017-04-13 18:20:09,212 INFO: EPOCH 18 (363.322 seconds):
2017-04-13 18:20:09,261 INFO: 	Average L2 norm of relation vector: 0.17568
2017-04-13 18:20:09,261 INFO: 	COST >> 0.296 +/- 0.056, % updates Left: 6.64% Rel: 1.28% Right: 7.26%
2017-04-13 18:26:10,278 INFO: ----------------------------------------------------------------------------
2017-04-13 18:26:10,281 INFO: EPOCH 19 (361.019 seconds):
2017-04-13 18:26:10,334 INFO: 	Average L2 norm of relation vector: 0.17711
2017-04-13 18:26:10,334 INFO: 	COST >> 0.315 +/- 0.055, % updates Left: 6.95% Rel: 1.33% Right: 7.4%
2017-04-13 18:32:14,844 INFO: ----------------------------------------------------------------------------
2017-04-13 18:32:14,844 INFO: EPOCH 20 (364.51 seconds):
2017-04-13 18:32:14,898 INFO: 	Average L2 norm of relation vector: 0.17825
2017-04-13 18:32:14,899 INFO: 	COST >> 0.336 +/- 0.058, % updates Left: 7.28% Rel: 1.29% Right: 7.72%
2017-04-13 18:32:14,899 INFO: 	FilteredRanking: evaluating rank on 1000 triples
2017-04-13 18:45:28,851 INFO: 	FilteredRanking: evaluating rank on 1000 triples
2017-04-13 18:57:55,622 INFO: 	MEAN RANK >> valid: 899.4, train: 805.2
2017-04-13 18:57:55,625 INFO: 		MEAN RANK TRAIN: Left: 790.5 Rel: 15.0 Right: 819.9
2017-04-13 18:57:55,626 INFO: 		MEAN RANK VALID: Left: 863.4 Rel: 19.6 Right: 935.4
2017-04-13 18:57:55,626 INFO: 		MEAN RECIPROCAL RANK VALID (L & R): 0.047
2017-04-13 18:57:55,626 INFO: 	FilteredRanking: evaluating rank on 1000 triples
2017-04-13 19:10:20,173 INFO: 	NEW BEST TEST MR: 1017.5
2017-04-13 19:10:20,180 INFO: 		Left MR: 1057.0 Rel MR: 24.5 Right MR: 978.0
2017-04-13 19:10:20,393 INFO: 	(ranking took 2285.494 seconds)
2017-04-13 19:16:05,632 INFO: ----------------------------------------------------------------------------
2017-04-13 19:16:05,637 INFO: EPOCH 21 (345.244 seconds):
2017-04-13 19:16:05,679 INFO: 	Average L2 norm of relation vector: 0.17928
2017-04-13 19:16:05,679 INFO: 	COST >> 0.308 +/- 0.049, % updates Left: 6.92% Rel: 1.1% Right: 7.46%
2017-04-13 19:21:37,575 INFO: ----------------------------------------------------------------------------
2017-04-13 19:21:37,577 INFO: EPOCH 22 (331.897 seconds):
2017-04-13 19:21:37,619 INFO: 	Average L2 norm of relation vector: 0.18026
2017-04-13 19:21:37,620 INFO: 	COST >> 0.295 +/- 0.048, % updates Left: 6.67% Rel: 1.07% Right: 7.39%
2017-04-13 19:27:07,663 INFO: ----------------------------------------------------------------------------
2017-04-13 19:27:07,666 INFO: EPOCH 23 (330.046 seconds):
2017-04-13 19:27:07,709 INFO: 	Average L2 norm of relation vector: 0.18135
2017-04-13 19:27:07,709 INFO: 	COST >> 0.307 +/- 0.054, % updates Left: 6.64% Rel: 1.15% Right: 7.3%
2017-04-13 19:32:37,101 INFO: ----------------------------------------------------------------------------
2017-04-13 19:32:37,103 INFO: EPOCH 24 (329.393 seconds):
2017-04-13 19:32:37,149 INFO: 	Average L2 norm of relation vector: 0.18237
2017-04-13 19:32:37,150 INFO: 	COST >> 0.307 +/- 0.05, % updates Left: 6.51% Rel: 1.06% Right: 7.63%
2017-04-13 19:38:06,480 INFO: ----------------------------------------------------------------------------
2017-04-13 19:38:06,481 INFO: EPOCH 25 (329.331 seconds):
2017-04-13 19:38:06,524 INFO: 	Average L2 norm of relation vector: 0.18356
2017-04-13 19:38:06,525 INFO: 	COST >> 0.316 +/- 0.061, % updates Left: 6.67% Rel: 1.14% Right: 7.69%
2017-04-13 19:43:47,283 INFO: ----------------------------------------------------------------------------
2017-04-13 19:43:47,286 INFO: EPOCH 26 (340.76 seconds):
2017-04-13 19:43:47,328 INFO: 	Average L2 norm of relation vector: 0.18477
2017-04-13 19:43:47,329 INFO: 	COST >> 0.314 +/- 0.063, % updates Left: 6.57% Rel: 1.22% Right: 7.71%
2017-04-13 19:49:10,086 INFO: ----------------------------------------------------------------------------
2017-04-13 19:49:10,088 INFO: EPOCH 27 (322.758 seconds):
2017-04-13 19:49:10,133 INFO: 	Average L2 norm of relation vector: 0.18589
2017-04-13 19:49:10,134 INFO: 	COST >> 0.307 +/- 0.056, % updates Left: 6.48% Rel: 1.19% Right: 7.06%
2017-04-13 19:54:40,296 INFO: ----------------------------------------------------------------------------
2017-04-13 19:54:40,298 INFO: EPOCH 28 (330.164 seconds):
2017-04-13 19:54:40,341 INFO: 	Average L2 norm of relation vector: 0.18669
2017-04-13 19:54:40,342 INFO: 	COST >> 0.297 +/- 0.054, % updates Left: 6.25% Rel: 1.04% Right: 6.96%
2017-04-13 20:00:10,172 INFO: ----------------------------------------------------------------------------
2017-04-13 20:00:10,174 INFO: EPOCH 29 (329.832 seconds):
2017-04-13 20:00:10,217 INFO: 	Average L2 norm of relation vector: 0.18753
2017-04-13 20:00:10,217 INFO: 	COST >> 0.264 +/- 0.052, % updates Left: 5.95% Rel: 0.92% Right: 6.4%
2017-04-13 20:05:52,176 INFO: ----------------------------------------------------------------------------
2017-04-13 20:05:52,178 INFO: EPOCH 30 (341.961 seconds):
2017-04-13 20:05:52,220 INFO: 	Average L2 norm of relation vector: 0.18847
2017-04-13 20:05:52,220 INFO: 	COST >> 0.285 +/- 0.068, % updates Left: 6.08% Rel: 1.02% Right: 6.81%
2017-04-13 20:05:52,221 INFO: 	FilteredRanking: evaluating rank on 1000 triples
2017-04-13 20:18:06,210 INFO: 	FilteredRanking: evaluating rank on 1000 triples
2017-04-13 20:30:00,844 INFO: 	MEAN RANK >> valid: 764.0, train: 697.7
2017-04-13 20:30:00,849 INFO: 		MEAN RANK TRAIN: Left: 578.4 Rel: 6.0 Right: 817.0
2017-04-13 20:30:00,850 INFO: 		MEAN RANK VALID: Left: 630.4 Rel: 6.6 Right: 897.6
2017-04-13 20:30:00,851 INFO: 		MEAN RECIPROCAL RANK VALID (L & R): 0.0395
2017-04-13 20:30:00,851 WARNING: 	WARNING, failed to improve MRR on valid, 2 chances left

2017-04-13 20:30:01,433 INFO: 	(ranking took 1449.213 seconds)
2017-04-13 20:35:39,838 INFO: ----------------------------------------------------------------------------
2017-04-13 20:35:39,841 INFO: EPOCH 31 (338.408 seconds):
2017-04-13 20:35:39,882 INFO: 	Average L2 norm of relation vector: 0.18948
2017-04-13 20:35:39,883 INFO: 	COST >> 0.309 +/- 0.057, % updates Left: 6.34% Rel: 1.1% Right: 7.63%
2017-04-13 20:41:09,827 INFO: ----------------------------------------------------------------------------
2017-04-13 20:41:09,829 INFO: EPOCH 32 (329.946 seconds):
2017-04-13 20:41:09,875 INFO: 	Average L2 norm of relation vector: 0.19039
2017-04-13 20:41:09,875 INFO: 	COST >> 0.302 +/- 0.045, % updates Left: 6.37% Rel: 1.04% Right: 7.19%
2017-04-13 20:46:38,843 INFO: ----------------------------------------------------------------------------
2017-04-13 20:46:38,845 INFO: EPOCH 33 (328.969 seconds):
2017-04-13 20:46:38,887 INFO: 	Average L2 norm of relation vector: 0.19114
2017-04-13 20:46:38,887 INFO: 	COST >> 0.29 +/- 0.047, % updates Left: 6.45% Rel: 0.94% Right: 6.83%
2017-04-13 20:51:40,687 INFO: ----------------------------------------------------------------------------
2017-04-13 20:51:40,687 INFO: EPOCH 34 (301.8 seconds):
2017-04-13 20:51:40,733 INFO: 	Average L2 norm of relation vector: 0.19188
2017-04-13 20:51:40,734 INFO: 	COST >> 0.298 +/- 0.05, % updates Left: 6.53% Rel: 0.96% Right: 6.89%
2017-04-13 20:56:57,633 INFO: ----------------------------------------------------------------------------
2017-04-13 20:56:57,633 INFO: EPOCH 35 (316.899 seconds):
2017-04-13 20:56:57,675 INFO: 	Average L2 norm of relation vector: 0.19261
2017-04-13 20:56:57,675 INFO: 	COST >> 0.286 +/- 0.046, % updates Left: 6.28% Rel: 0.94% Right: 6.68%
2017-04-13 21:02:20,381 INFO: ----------------------------------------------------------------------------
2017-04-13 21:02:20,383 INFO: EPOCH 36 (322.707 seconds):
2017-04-13 21:02:20,425 INFO: 	Average L2 norm of relation vector: 0.19337
2017-04-13 21:02:20,426 INFO: 	COST >> 0.287 +/- 0.056, % updates Left: 6.19% Rel: 0.93% Right: 6.56%
2017-04-13 21:07:35,074 INFO: ----------------------------------------------------------------------------
2017-04-13 21:07:35,076 INFO: EPOCH 37 (314.65 seconds):
2017-04-13 21:07:35,117 INFO: 	Average L2 norm of relation vector: 0.19414
2017-04-13 21:07:35,117 INFO: 	COST >> 0.292 +/- 0.049, % updates Left: 6.17% Rel: 0.93% Right: 7.06%
2017-04-13 21:12:50,875 INFO: ----------------------------------------------------------------------------
2017-04-13 21:12:50,877 INFO: EPOCH 38 (315.76 seconds):
2017-04-13 21:12:50,917 INFO: 	Average L2 norm of relation vector: 0.19497
2017-04-13 21:12:50,917 INFO: 	COST >> 0.294 +/- 0.052, % updates Left: 6.17% Rel: 0.94% Right: 7.07%
2017-04-13 21:18:01,229 INFO: ----------------------------------------------------------------------------
2017-04-13 21:18:01,235 INFO: EPOCH 39 (310.318 seconds):
2017-04-13 21:18:01,276 INFO: 	Average L2 norm of relation vector: 0.19563
2017-04-13 21:18:01,276 INFO: 	COST >> 0.277 +/- 0.046, % updates Left: 6.11% Rel: 0.87% Right: 6.53%
2017-04-13 21:23:12,505 INFO: ----------------------------------------------------------------------------
2017-04-13 21:23:12,507 INFO: EPOCH 40 (311.23 seconds):
2017-04-13 21:23:12,548 INFO: 	Average L2 norm of relation vector: 0.19631
2017-04-13 21:23:12,549 INFO: 	COST >> 0.27 +/- 0.048, % updates Left: 6.01% Rel: 0.88% Right: 6.31%
2017-04-13 21:23:12,549 INFO: 	FilteredRanking: evaluating rank on 1000 triples
2017-04-13 21:35:03,591 INFO: 	FilteredRanking: evaluating rank on 1000 triples
2017-04-13 21:46:25,088 INFO: 	MEAN RANK >> valid: 611.3, train: 598.9
2017-04-13 21:46:25,092 INFO: 		MEAN RANK TRAIN: Left: 608.6 Rel: 9.6 Right: 589.1
2017-04-13 21:46:25,093 INFO: 		MEAN RANK VALID: Left: 569.3 Rel: 13.3 Right: 653.3
2017-04-13 21:46:25,094 INFO: 		MEAN RECIPROCAL RANK VALID (L & R): 0.0435
2017-04-13 21:46:25,094 WARNING: 	WARNING, failed to improve MRR on valid, 1 chances left

2017-04-13 21:46:25,368 INFO: 	(ranking took 1392.819 seconds)
2017-04-13 21:51:38,466 INFO: ----------------------------------------------------------------------------
2017-04-13 21:51:38,468 INFO: EPOCH 41 (313.1 seconds):
2017-04-13 21:51:38,510 INFO: 	Average L2 norm of relation vector: 0.19698
2017-04-13 21:51:38,511 INFO: 	COST >> 0.267 +/- 0.043, % updates Left: 5.87% Rel: 0.95% Right: 6.09%
2017-04-13 21:56:59,295 INFO: ----------------------------------------------------------------------------
2017-04-13 21:56:59,295 INFO: EPOCH 42 (320.784 seconds):
2017-04-13 21:56:59,337 INFO: 	Average L2 norm of relation vector: 0.19758
2017-04-13 21:56:59,338 INFO: 	COST >> 0.267 +/- 0.048, % updates Left: 5.92% Rel: 0.88% Right: 6.28%
2017-04-13 22:02:22,181 INFO: ----------------------------------------------------------------------------
2017-04-13 22:02:22,181 INFO: EPOCH 43 (322.843 seconds):
2017-04-13 22:02:22,226 INFO: 	Average L2 norm of relation vector: 0.19813
2017-04-13 22:02:22,227 INFO: 	COST >> 0.251 +/- 0.053, % updates Left: 5.54% Rel: 0.81% Right: 5.8%
2017-04-13 22:07:39,506 INFO: ----------------------------------------------------------------------------
2017-04-13 22:07:39,506 INFO: EPOCH 44 (317.279 seconds):
2017-04-13 22:07:39,548 INFO: 	Average L2 norm of relation vector: 0.19885
2017-04-13 22:07:39,549 INFO: 	COST >> 0.264 +/- 0.047, % updates Left: 5.69% Rel: 0.87% Right: 6.15%
2017-04-13 22:12:56,322 INFO: ----------------------------------------------------------------------------
2017-04-13 22:12:56,322 INFO: EPOCH 45 (316.773 seconds):
2017-04-13 22:12:56,365 INFO: 	Average L2 norm of relation vector: 0.19957
2017-04-13 22:12:56,365 INFO: 	COST >> 0.257 +/- 0.054, % updates Left: 5.39% Rel: 0.92% Right: 6.11%
2017-04-13 22:18:24,412 INFO: ----------------------------------------------------------------------------
2017-04-13 22:18:24,418 INFO: EPOCH 46 (328.052 seconds):
2017-04-13 22:18:24,460 INFO: 	Average L2 norm of relation vector: 0.20017
2017-04-13 22:18:24,461 INFO: 	COST >> 0.23 +/- 0.045, % updates Left: 5.09% Rel: 0.82% Right: 5.51%
2017-04-13 22:23:34,837 INFO: ----------------------------------------------------------------------------
2017-04-13 22:23:34,840 INFO: EPOCH 47 (310.379 seconds):
2017-04-13 22:23:34,882 INFO: 	Average L2 norm of relation vector: 0.20082
2017-04-13 22:23:34,882 INFO: 	COST >> 0.238 +/- 0.047, % updates Left: 4.94% Rel: 0.77% Right: 5.77%
2017-04-13 22:28:43,018 INFO: ----------------------------------------------------------------------------
2017-04-13 22:28:43,019 INFO: EPOCH 48 (308.136 seconds):
2017-04-13 22:28:43,059 INFO: 	Average L2 norm of relation vector: 0.20144
2017-04-13 22:28:43,060 INFO: 	COST >> 0.231 +/- 0.053, % updates Left: 4.97% Rel: 0.85% Right: 5.24%
2017-04-13 22:33:56,679 INFO: ----------------------------------------------------------------------------
2017-04-13 22:33:56,681 INFO: EPOCH 49 (313.621 seconds):
2017-04-13 22:33:56,721 INFO: 	Average L2 norm of relation vector: 0.20203
2017-04-13 22:33:56,722 INFO: 	COST >> 0.217 +/- 0.048, % updates Left: 4.7% Rel: 0.84% Right: 4.95%
2017-04-13 22:39:03,231 INFO: ----------------------------------------------------------------------------
2017-04-13 22:39:03,234 INFO: EPOCH 50 (306.512 seconds):
2017-04-13 22:39:03,275 INFO: 	Average L2 norm of relation vector: 0.20267
2017-04-13 22:39:03,275 INFO: 	COST >> 0.23 +/- 0.05, % updates Left: 4.93% Rel: 0.84% Right: 5.19%
2017-04-13 22:39:03,275 INFO: 	FilteredRanking: evaluating rank on 1000 triples
2017-04-13 22:50:18,755 INFO: 	FilteredRanking: evaluating rank on 1000 triples
2017-04-13 23:01:24,648 INFO: 	MEAN RANK >> valid: 594.2, train: 446.7
2017-04-13 23:01:24,651 INFO: 		MEAN RANK TRAIN: Left: 427.0 Rel: 6.5 Right: 466.3
2017-04-13 23:01:24,651 INFO: 		MEAN RANK VALID: Left: 515.1 Rel: 9.2 Right: 673.3
2017-04-13 23:01:24,651 INFO: 		MEAN RECIPROCAL RANK VALID (L & R): 0.056
2017-04-13 23:01:24,652 INFO: 	FilteredRanking: evaluating rank on 1000 triples
2017-04-13 23:12:28,024 INFO: 	NEW BEST TEST MR: 523.7
2017-04-13 23:12:28,031 INFO: 		Left MR: 589.3 Rel MR: 5.5 Right MR: 458.1
2017-04-13 23:12:28,203 INFO: 	(ranking took 2004.928 seconds)
2017-04-13 23:17:36,682 INFO: ----------------------------------------------------------------------------
2017-04-13 23:17:36,693 INFO: EPOCH 51 (308.489 seconds):
2017-04-13 23:17:36,735 INFO: 	Average L2 norm of relation vector: 0.2033
2017-04-13 23:17:36,736 INFO: 	COST >> 0.229 +/- 0.054, % updates Left: 4.85% Rel: 0.8% Right: 5.04%
2017-04-13 23:22:42,178 INFO: ----------------------------------------------------------------------------
2017-04-13 23:22:42,179 INFO: EPOCH 52 (305.443 seconds):
2017-04-13 23:22:42,220 INFO: 	Average L2 norm of relation vector: 0.20384
2017-04-13 23:22:42,221 INFO: 	COST >> 0.214 +/- 0.045, % updates Left: 4.68% Rel: 0.77% Right: 4.94%
2017-04-13 23:27:49,357 INFO: ----------------------------------------------------------------------------
2017-04-13 23:27:49,358 INFO: EPOCH 53 (307.137 seconds):
2017-04-13 23:27:49,400 INFO: 	Average L2 norm of relation vector: 0.20431
2017-04-13 23:27:49,401 INFO: 	COST >> 0.207 +/- 0.045, % updates Left: 4.47% Rel: 0.75% Right: 4.76%
2017-04-13 23:33:00,052 INFO: ----------------------------------------------------------------------------
2017-04-13 23:33:00,055 INFO: EPOCH 54 (310.653 seconds):
2017-04-13 23:33:00,098 INFO: 	Average L2 norm of relation vector: 0.20492
2017-04-13 23:33:00,099 INFO: 	COST >> 0.214 +/- 0.053, % updates Left: 4.55% Rel: 0.83% Right: 4.78%
2017-04-13 23:38:07,419 INFO: ----------------------------------------------------------------------------
2017-04-13 23:38:07,420 INFO: EPOCH 55 (307.322 seconds):
2017-04-13 23:38:07,462 INFO: 	Average L2 norm of relation vector: 0.20542
2017-04-13 23:38:07,463 INFO: 	COST >> 0.209 +/- 0.047, % updates Left: 4.54% Rel: 0.73% Right: 4.76%
2017-04-13 23:43:17,104 INFO: ----------------------------------------------------------------------------
2017-04-13 23:43:17,106 INFO: EPOCH 56 (309.643 seconds):
2017-04-13 23:43:17,147 INFO: 	Average L2 norm of relation vector: 0.20586
2017-04-13 23:43:17,147 INFO: 	COST >> 0.231 +/- 0.047, % updates Left: 4.63% Rel: 0.75% Right: 5.13%
