2017-03-21 00:35:42,978 INFO: logger initialized for experiment identifier: BilinearDiagExtended_L2_ndim_100_marg_1.0_lrate_0.01_cost_margincost_pos_high_reg_0.01_REL
2017-03-21 00:35:42,979 INFO: DD{'ndim': 100, 'test_all': 10, 'Nsyn_rel': 1345, 'totepochs': 500, 'bestvalidMRR': -1, 'loadmodel': False, 'lremb': 0.01, 'nvalid': 1000, 'seed': 123, 'marge': 1.0, 'margincostfunction': 'margincost_pos_high', 'simfn': 'L2', 'savepath': '/Users/corbinrosset/Dropbox/Arora/QA-code/src/KBC_Text/outputs/FB15k_BilinearDiagExtended/BilinearDiagExtended_L2_ndim_100_marg_1.0_lrate_0.01_cost_margincost_pos_high_reg_0.01_REL', 'dataset': 'FB15k', 'nbatches': 100, 'identifier': 'BilinearDiagExtended_L2_ndim_100_marg_1.0_lrate_0.01_cost_margincost_pos_high_reg_0.01_REL', 'lrparam': 0.01, 'loademb': False, 'datapath': '/Users/corbinrosset/Dropbox/Arora/QA-code/src/KBC_Text/data/', 'ntrain': 1000, 'Nrel': 1345, 'experiment_type': 'FB15kexp', 'rel': True, 'Nent': 16296, 'logger': <logging.RootLogger object at 0x104cc0cd0>, 'ntest': 1000, 'Nsyn': 14951, 'reg': 0.01, 'op': 'BilinearDiagExtended'}
2017-03-21 00:35:44,847 DEBUG: FB15kexp: load_FB15k_data(): trainl(16296, 483142), trainr(16296, 483142), traino(1345, 483142), trainlidx(1000,)
2017-03-21 00:35:51,801 DEBUG: Training to rank RELATIONS as well!
2017-03-21 00:35:51,802 DEBUG: loaded data and constructed model...
2017-03-21 00:35:51,802 DEBUG: num epochs: 500
2017-03-21 00:35:51,802 DEBUG: num batches per epoch: 100
2017-03-21 00:35:51,802 DEBUG: batchsize: 4831
2017-03-21 00:35:51,802 DEBUG: left and right entity ranking functions will rank a slot against 14951 competitors
2017-03-21 00:35:51,802 INFO: BEGIN TRAINING
2017-03-21 00:36:28,837 INFO: ----------------------------------------------------------------------------
2017-03-21 00:36:28,837 INFO: EPOCH 1 (37.035 seconds):
2017-03-21 00:36:28,864 INFO: 	Average L2 norm of relation vector: 0.03147
2017-03-21 00:36:28,865 INFO: 	COST >> 2.9 +/- 0.035, % updates Left: 100.0% Rel: 100.0% Right: 100.0%
2017-03-21 00:37:09,768 INFO: ----------------------------------------------------------------------------
2017-03-21 00:37:09,768 INFO: EPOCH 2 (40.902 seconds):
2017-03-21 00:37:09,770 INFO: 	Average L2 norm of relation vector: 0.03732
2017-03-21 00:37:09,771 INFO: 	COST >> 2.832 +/- 0.014, % updates Left: 100.0% Rel: 100.0% Right: 100.0%
2017-03-21 00:37:56,886 INFO: ----------------------------------------------------------------------------
2017-03-21 00:37:56,887 INFO: EPOCH 3 (47.116 seconds):
2017-03-21 00:37:56,888 INFO: 	Average L2 norm of relation vector: 0.04361
2017-03-21 00:37:56,889 INFO: 	COST >> 2.785 +/- 0.014, % updates Left: 100.0% Rel: 100.0% Right: 100.0%
2017-03-21 00:38:43,109 INFO: ----------------------------------------------------------------------------
2017-03-21 00:38:43,112 INFO: EPOCH 4 (46.224 seconds):
2017-03-21 00:38:43,114 INFO: 	Average L2 norm of relation vector: 0.05011
2017-03-21 00:38:43,115 INFO: 	COST >> 2.737 +/- 0.017, % updates Left: 100.0% Rel: 99.99% Right: 100.0%
2017-03-21 00:39:28,939 INFO: ----------------------------------------------------------------------------
2017-03-21 00:39:28,939 INFO: EPOCH 5 (45.824 seconds):
2017-03-21 00:39:28,941 INFO: 	Average L2 norm of relation vector: 0.057
2017-03-21 00:39:28,941 INFO: 	COST >> 2.664 +/- 0.029, % updates Left: 99.96% Rel: 99.88% Right: 99.96%
2017-03-21 00:40:14,872 INFO: ----------------------------------------------------------------------------
2017-03-21 00:40:14,872 INFO: EPOCH 6 (45.93 seconds):
2017-03-21 00:40:14,873 INFO: 	Average L2 norm of relation vector: 0.06491
2017-03-21 00:40:14,873 INFO: 	COST >> 2.511 +/- 0.07, % updates Left: 99.6% Rel: 97.46% Right: 99.55%
2017-03-21 00:40:59,480 INFO: ----------------------------------------------------------------------------
2017-03-21 00:40:59,481 INFO: EPOCH 7 (44.607 seconds):
2017-03-21 00:40:59,482 INFO: 	Average L2 norm of relation vector: 0.07228
2017-03-21 00:40:59,483 INFO: 	COST >> 2.211 +/- 0.088, % updates Left: 98.27% Rel: 78.06% Right: 96.8%
2017-03-21 00:41:44,909 INFO: ----------------------------------------------------------------------------
2017-03-21 00:41:44,909 INFO: EPOCH 8 (45.426 seconds):
2017-03-21 00:41:44,911 INFO: 	Average L2 norm of relation vector: 0.07736
2017-03-21 00:41:44,911 INFO: 	COST >> 1.974 +/- 0.052, % updates Left: 95.02% Rel: 54.17% Right: 91.63%
2017-03-21 00:42:29,983 INFO: ----------------------------------------------------------------------------
2017-03-21 00:42:29,985 INFO: EPOCH 9 (45.074 seconds):
2017-03-21 00:42:29,986 INFO: 	Average L2 norm of relation vector: 0.0814
2017-03-21 00:42:29,986 INFO: 	COST >> 1.824 +/- 0.044, % updates Left: 91.54% Rel: 41.17% Right: 87.19%
2017-03-21 00:43:12,394 INFO: ----------------------------------------------------------------------------
2017-03-21 00:43:12,394 INFO: EPOCH 10 (42.407 seconds):
2017-03-21 00:43:12,395 INFO: 	Average L2 norm of relation vector: 0.08492
2017-03-21 00:43:12,396 INFO: 	COST >> 1.68 +/- 0.046, % updates Left: 86.0% Rel: 36.28% Right: 81.26%
2017-03-21 00:43:12,396 INFO: 	FilteredRanking: evaluating rank on 1000 triples
2017-03-21 00:44:30,971 INFO: 	FilteredRanking: evaluating rank on 1000 triples
2017-03-21 00:45:49,850 INFO: 	MEAN RANK >> valid: 4040.3, train: 4062.7
2017-03-21 00:45:49,850 INFO: 		MEAN RANK TRAIN: Left: 4149.0 Rel: 722.6 Right: 3976.4
2017-03-21 00:45:49,851 INFO: 		MEAN RANK VALID: Left: 4445.8 Rel: 736.9 Right: 3634.9
2017-03-21 00:45:49,851 INFO: 		MEAN RECIPROCAL RANK VALID (L & R): 0.015
2017-03-21 00:45:49,851 INFO: 	FilteredRanking: evaluating rank on 1000 triples
2017-03-21 00:47:11,907 INFO: 	NEW BEST TEST MR: 4258.6
2017-03-21 00:47:11,913 INFO: 		Left MR: 4513.7 Rel MR: 732.2 Right MR: 4003.5
2017-03-21 00:47:12,016 INFO: 	(ranking took 239.62 seconds)
2017-03-21 00:47:57,599 INFO: ----------------------------------------------------------------------------
2017-03-21 00:47:57,601 INFO: EPOCH 11 (45.584 seconds):
2017-03-21 00:47:57,603 INFO: 	Average L2 norm of relation vector: 0.08817
2017-03-21 00:47:57,604 INFO: 	COST >> 1.511 +/- 0.042, % updates Left: 78.71% Rel: 32.71% Right: 74.02%
2017-03-21 00:48:43,542 INFO: ----------------------------------------------------------------------------
2017-03-21 00:48:43,542 INFO: EPOCH 12 (45.938 seconds):
2017-03-21 00:48:43,543 INFO: 	Average L2 norm of relation vector: 0.09103
2017-03-21 00:48:43,543 INFO: 	COST >> 1.381 +/- 0.034, % updates Left: 72.45% Rel: 29.94% Right: 67.33%
2017-03-21 00:49:28,269 INFO: ----------------------------------------------------------------------------
2017-03-21 00:49:28,269 INFO: EPOCH 13 (44.725 seconds):
2017-03-21 00:49:28,270 INFO: 	Average L2 norm of relation vector: 0.09373
2017-03-21 00:49:28,271 INFO: 	COST >> 1.266 +/- 0.038, % updates Left: 67.75% Rel: 27.92% Right: 61.8%
2017-03-21 00:50:13,187 INFO: ----------------------------------------------------------------------------
2017-03-21 00:50:13,188 INFO: EPOCH 14 (44.917 seconds):
2017-03-21 00:50:13,189 INFO: 	Average L2 norm of relation vector: 0.09626
2017-03-21 00:50:13,190 INFO: 	COST >> 1.183 +/- 0.026, % updates Left: 62.28% Rel: 26.15% Right: 58.35%
2017-03-21 00:50:57,821 INFO: ----------------------------------------------------------------------------
2017-03-21 00:50:57,821 INFO: EPOCH 15 (44.631 seconds):
2017-03-21 00:50:57,822 INFO: 	Average L2 norm of relation vector: 0.09857
2017-03-21 00:50:57,823 INFO: 	COST >> 1.108 +/- 0.025, % updates Left: 58.61% Rel: 24.9% Right: 54.88%
2017-03-21 00:51:43,394 INFO: ----------------------------------------------------------------------------
2017-03-21 00:51:43,394 INFO: EPOCH 16 (45.571 seconds):
2017-03-21 00:51:43,397 INFO: 	Average L2 norm of relation vector: 0.10084
2017-03-21 00:51:43,398 INFO: 	COST >> 1.052 +/- 0.025, % updates Left: 56.38% Rel: 23.98% Right: 52.48%
2017-03-21 00:52:29,045 INFO: ----------------------------------------------------------------------------
2017-03-21 00:52:29,048 INFO: EPOCH 17 (45.65 seconds):
2017-03-21 00:52:29,049 INFO: 	Average L2 norm of relation vector: 0.10303
2017-03-21 00:52:29,050 INFO: 	COST >> 0.979 +/- 0.022, % updates Left: 52.73% Rel: 23.08% Right: 48.6%
2017-03-21 00:53:11,921 INFO: ----------------------------------------------------------------------------
2017-03-21 00:53:11,922 INFO: EPOCH 18 (42.872 seconds):
2017-03-21 00:53:11,923 INFO: 	Average L2 norm of relation vector: 0.10498
2017-03-21 00:53:11,924 INFO: 	COST >> 0.939 +/- 0.022, % updates Left: 50.19% Rel: 22.1% Right: 46.49%
2017-03-21 00:53:54,835 INFO: ----------------------------------------------------------------------------
2017-03-21 00:53:54,835 INFO: EPOCH 19 (42.911 seconds):
2017-03-21 00:53:54,836 INFO: 	Average L2 norm of relation vector: 0.1067
2017-03-21 00:53:54,837 INFO: 	COST >> 0.907 +/- 0.021, % updates Left: 48.48% Rel: 20.74% Right: 44.73%
2017-03-21 00:54:35,979 INFO: ----------------------------------------------------------------------------
2017-03-21 00:54:35,979 INFO: EPOCH 20 (41.142 seconds):
2017-03-21 00:54:35,980 INFO: 	Average L2 norm of relation vector: 0.10844
2017-03-21 00:54:35,981 INFO: 	COST >> 0.879 +/- 0.02, % updates Left: 46.99% Rel: 20.19% Right: 43.87%
2017-03-21 00:54:35,981 INFO: 	FilteredRanking: evaluating rank on 1000 triples
2017-03-21 00:55:53,767 INFO: 	FilteredRanking: evaluating rank on 1000 triples
2017-03-21 00:57:11,547 INFO: 	MEAN RANK >> valid: 2108.5, train: 2005.0
2017-03-21 00:57:11,548 INFO: 		MEAN RANK TRAIN: Left: 2184.6 Rel: 722.6 Right: 1825.3
2017-03-21 00:57:11,548 INFO: 		MEAN RANK VALID: Left: 2302.8 Rel: 736.9 Right: 1914.3
2017-03-21 00:57:11,548 INFO: 		MEAN RECIPROCAL RANK VALID (L & R): 0.0235
2017-03-21 00:57:11,549 INFO: 	FilteredRanking: evaluating rank on 1000 triples
2017-03-21 00:58:31,296 INFO: 	NEW BEST TEST MR: 2143.5
2017-03-21 00:58:31,297 INFO: 		Left MR: 2264.4 Rel MR: 732.2 Right MR: 2022.6
2017-03-21 00:58:31,367 INFO: 	(ranking took 235.386 seconds)
2017-03-21 00:59:17,096 INFO: ----------------------------------------------------------------------------
2017-03-21 00:59:17,098 INFO: EPOCH 21 (45.731 seconds):
2017-03-21 00:59:17,099 INFO: 	Average L2 norm of relation vector: 0.10996
2017-03-21 00:59:17,100 INFO: 	COST >> 0.859 +/- 0.022, % updates Left: 45.63% Rel: 19.48% Right: 42.56%
2017-03-21 01:00:03,659 INFO: ----------------------------------------------------------------------------
2017-03-21 01:00:03,660 INFO: EPOCH 22 (46.559 seconds):
2017-03-21 01:00:03,661 INFO: 	Average L2 norm of relation vector: 0.11148
2017-03-21 01:00:03,661 INFO: 	COST >> 0.842 +/- 0.021, % updates Left: 44.98% Rel: 18.92% Right: 41.93%
2017-03-21 01:00:49,046 INFO: ----------------------------------------------------------------------------
2017-03-21 01:00:49,047 INFO: EPOCH 23 (45.385 seconds):
2017-03-21 01:00:49,048 INFO: 	Average L2 norm of relation vector: 0.11299
2017-03-21 01:00:49,049 INFO: 	COST >> 0.824 +/- 0.02, % updates Left: 44.11% Rel: 18.42% Right: 41.36%
2017-03-21 01:01:34,154 INFO: ----------------------------------------------------------------------------
2017-03-21 01:01:34,154 INFO: EPOCH 24 (45.105 seconds):
2017-03-21 01:01:34,156 INFO: 	Average L2 norm of relation vector: 0.11444
2017-03-21 01:01:34,157 INFO: 	COST >> 0.808 +/- 0.02, % updates Left: 43.01% Rel: 18.14% Right: 40.86%
2017-03-21 01:02:18,682 INFO: ----------------------------------------------------------------------------
2017-03-21 01:02:18,684 INFO: EPOCH 25 (44.527 seconds):
2017-03-21 01:02:18,686 INFO: 	Average L2 norm of relation vector: 0.11578
2017-03-21 01:02:18,687 INFO: 	COST >> 0.766 +/- 0.018, % updates Left: 41.1% Rel: 17.31% Right: 38.87%
2017-03-21 01:03:03,731 INFO: ----------------------------------------------------------------------------
2017-03-21 01:03:03,732 INFO: EPOCH 26 (45.044 seconds):
2017-03-21 01:03:03,733 INFO: 	Average L2 norm of relation vector: 0.11709
2017-03-21 01:03:03,734 INFO: 	COST >> 0.741 +/- 0.023, % updates Left: 39.92% Rel: 17.17% Right: 37.01%
2017-03-21 01:03:48,295 INFO: ----------------------------------------------------------------------------
2017-03-21 01:03:48,295 INFO: EPOCH 27 (44.561 seconds):
2017-03-21 01:03:48,297 INFO: 	Average L2 norm of relation vector: 0.11827
2017-03-21 01:03:48,298 INFO: 	COST >> 0.738 +/- 0.019, % updates Left: 39.18% Rel: 17.12% Right: 36.78%
2017-03-21 01:04:33,062 INFO: ----------------------------------------------------------------------------
2017-03-21 01:04:33,063 INFO: EPOCH 28 (44.764 seconds):
2017-03-21 01:04:33,064 INFO: 	Average L2 norm of relation vector: 0.1194
2017-03-21 01:04:33,064 INFO: 	COST >> 0.716 +/- 0.021, % updates Left: 38.21% Rel: 16.6% Right: 35.96%
2017-03-21 01:05:17,825 INFO: ----------------------------------------------------------------------------
2017-03-21 01:05:17,825 INFO: EPOCH 29 (44.76 seconds):
2017-03-21 01:05:17,827 INFO: 	Average L2 norm of relation vector: 0.12046
2017-03-21 01:05:17,827 INFO: 	COST >> 0.694 +/- 0.022, % updates Left: 36.6% Rel: 16.07% Right: 35.18%
2017-03-21 01:06:02,230 INFO: ----------------------------------------------------------------------------
2017-03-21 01:06:02,230 INFO: EPOCH 30 (44.403 seconds):
2017-03-21 01:06:02,232 INFO: 	Average L2 norm of relation vector: 0.1214
2017-03-21 01:06:02,232 INFO: 	COST >> 0.682 +/- 0.021, % updates Left: 35.75% Rel: 15.62% Right: 34.33%
2017-03-21 01:06:02,233 INFO: 	FilteredRanking: evaluating rank on 1000 triples
2017-03-21 01:07:22,115 INFO: 	FilteredRanking: evaluating rank on 1000 triples
2017-03-21 01:08:40,858 INFO: 	MEAN RANK >> valid: 1753.4, train: 1718.2
2017-03-21 01:08:40,859 INFO: 		MEAN RANK TRAIN: Left: 1739.6 Rel: 722.6 Right: 1696.9
2017-03-21 01:08:40,860 INFO: 		MEAN RANK VALID: Left: 1726.1 Rel: 736.9 Right: 1780.7
2017-03-21 01:08:40,860 INFO: 		MEAN RECIPROCAL RANK VALID (L & R): 0.0255
2017-03-21 01:08:40,860 INFO: 	FilteredRanking: evaluating rank on 1000 triples
2017-03-21 01:10:02,629 INFO: 	NEW BEST TEST MR: 1816.2
2017-03-21 01:10:02,631 INFO: 		Left MR: 1709.7 Rel MR: 732.2 Right MR: 1922.7
2017-03-21 01:10:02,698 INFO: 	(ranking took 240.465 seconds)
2017-03-21 01:10:47,908 INFO: ----------------------------------------------------------------------------
2017-03-21 01:10:47,909 INFO: EPOCH 31 (45.21 seconds):
2017-03-21 01:10:47,910 INFO: 	Average L2 norm of relation vector: 0.1223
2017-03-21 01:10:47,911 INFO: 	COST >> 0.669 +/- 0.019, % updates Left: 35.32% Rel: 15.1% Right: 33.73%
2017-03-21 01:11:33,182 INFO: ----------------------------------------------------------------------------
2017-03-21 01:11:33,183 INFO: EPOCH 32 (45.271 seconds):
2017-03-21 01:11:33,184 INFO: 	Average L2 norm of relation vector: 0.12319
2017-03-21 01:11:33,184 INFO: 	COST >> 0.661 +/- 0.022, % updates Left: 34.52% Rel: 14.66% Right: 33.38%
2017-03-21 01:12:19,063 INFO: ----------------------------------------------------------------------------
2017-03-21 01:12:19,064 INFO: EPOCH 33 (45.879 seconds):
2017-03-21 01:12:19,065 INFO: 	Average L2 norm of relation vector: 0.12394
2017-03-21 01:12:19,066 INFO: 	COST >> 0.651 +/- 0.025, % updates Left: 33.68% Rel: 14.22% Right: 32.53%
2017-03-21 01:13:04,027 INFO: ----------------------------------------------------------------------------
2017-03-21 01:13:04,027 INFO: EPOCH 34 (44.961 seconds):
2017-03-21 01:13:04,029 INFO: 	Average L2 norm of relation vector: 0.12462
2017-03-21 01:13:04,029 INFO: 	COST >> 0.644 +/- 0.023, % updates Left: 33.41% Rel: 13.95% Right: 32.29%
2017-03-21 01:13:49,604 INFO: ----------------------------------------------------------------------------
2017-03-21 01:13:49,604 INFO: EPOCH 35 (45.574 seconds):
2017-03-21 01:13:49,606 INFO: 	Average L2 norm of relation vector: 0.12516
2017-03-21 01:13:49,606 INFO: 	COST >> 0.63 +/- 0.02, % updates Left: 32.32% Rel: 13.49% Right: 31.37%
2017-03-21 01:14:33,141 INFO: ----------------------------------------------------------------------------
2017-03-21 01:14:33,141 INFO: EPOCH 36 (43.534 seconds):
2017-03-21 01:14:33,142 INFO: 	Average L2 norm of relation vector: 0.12578
2017-03-21 01:14:33,143 INFO: 	COST >> 0.612 +/- 0.022, % updates Left: 31.49% Rel: 13.05% Right: 30.64%
2017-03-21 01:15:15,602 INFO: ----------------------------------------------------------------------------
2017-03-21 01:15:15,602 INFO: EPOCH 37 (42.459 seconds):
2017-03-21 01:15:15,603 INFO: 	Average L2 norm of relation vector: 0.12641
2017-03-21 01:15:15,604 INFO: 	COST >> 0.609 +/- 0.019, % updates Left: 31.11% Rel: 12.77% Right: 30.58%
2017-03-21 01:15:58,286 INFO: ----------------------------------------------------------------------------
2017-03-21 01:15:58,286 INFO: EPOCH 38 (42.682 seconds):
2017-03-21 01:15:58,288 INFO: 	Average L2 norm of relation vector: 0.12689
2017-03-21 01:15:58,288 INFO: 	COST >> 0.607 +/- 0.022, % updates Left: 31.02% Rel: 12.73% Right: 30.16%
2017-03-21 01:16:40,161 INFO: ----------------------------------------------------------------------------
2017-03-21 01:16:40,162 INFO: EPOCH 39 (41.873 seconds):
2017-03-21 01:16:40,163 INFO: 	Average L2 norm of relation vector: 0.12733
2017-03-21 01:16:40,163 INFO: 	COST >> 0.59 +/- 0.02, % updates Left: 30.26% Rel: 12.18% Right: 29.29%
2017-03-21 01:17:20,730 INFO: ----------------------------------------------------------------------------
2017-03-21 01:17:20,731 INFO: EPOCH 40 (40.567 seconds):
2017-03-21 01:17:20,732 INFO: 	Average L2 norm of relation vector: 0.12775
2017-03-21 01:17:20,732 INFO: 	COST >> 0.59 +/- 0.021, % updates Left: 30.06% Rel: 12.28% Right: 29.11%
2017-03-21 01:17:20,732 INFO: 	FilteredRanking: evaluating rank on 1000 triples
2017-03-21 01:18:39,297 INFO: 	FilteredRanking: evaluating rank on 1000 triples
2017-03-21 01:19:57,504 INFO: 	MEAN RANK >> valid: 1386.2, train: 1351.9
2017-03-21 01:19:57,505 INFO: 		MEAN RANK TRAIN: Left: 1434.8 Rel: 722.6 Right: 1269.0
2017-03-21 01:19:57,505 INFO: 		MEAN RANK VALID: Left: 1576.9 Rel: 736.9 Right: 1195.6
2017-03-21 01:19:57,505 INFO: 		MEAN RECIPROCAL RANK VALID (L & R): 0.0285
2017-03-21 01:19:57,506 INFO: 	FilteredRanking: evaluating rank on 1000 triples
2017-03-21 01:21:19,555 INFO: 	NEW BEST TEST MR: 1557.6
2017-03-21 01:21:19,556 INFO: 		Left MR: 1713.2 Rel MR: 732.2 Right MR: 1402.1
2017-03-21 01:21:19,621 INFO: 	(ranking took 238.889 seconds)
2017-03-21 01:22:04,066 INFO: ----------------------------------------------------------------------------
2017-03-21 01:22:04,068 INFO: EPOCH 41 (44.446 seconds):
2017-03-21 01:22:04,069 INFO: 	Average L2 norm of relation vector: 0.12822
2017-03-21 01:22:04,069 INFO: 	COST >> 0.584 +/- 0.021, % updates Left: 29.77% Rel: 11.87% Right: 28.99%
2017-03-21 01:22:49,759 INFO: ----------------------------------------------------------------------------
2017-03-21 01:22:49,760 INFO: EPOCH 42 (45.691 seconds):
2017-03-21 01:22:49,762 INFO: 	Average L2 norm of relation vector: 0.12863
2017-03-21 01:22:49,762 INFO: 	COST >> 0.576 +/- 0.018, % updates Left: 29.25% Rel: 11.8% Right: 28.66%
2017-03-21 01:23:35,688 INFO: ----------------------------------------------------------------------------
2017-03-21 01:23:35,688 INFO: EPOCH 43 (45.925 seconds):
2017-03-21 01:23:35,690 INFO: 	Average L2 norm of relation vector: 0.12898
2017-03-21 01:23:35,691 INFO: 	COST >> 0.569 +/- 0.02, % updates Left: 28.9% Rel: 11.5% Right: 28.13%
2017-03-21 01:24:19,887 INFO: ----------------------------------------------------------------------------
2017-03-21 01:24:19,887 INFO: EPOCH 44 (44.196 seconds):
2017-03-21 01:24:19,888 INFO: 	Average L2 norm of relation vector: 0.12932
2017-03-21 01:24:19,889 INFO: 	COST >> 0.567 +/- 0.018, % updates Left: 28.85% Rel: 11.43% Right: 27.88%
2017-03-21 01:25:04,261 INFO: ----------------------------------------------------------------------------
2017-03-21 01:25:04,261 INFO: EPOCH 45 (44.372 seconds):
2017-03-21 01:25:04,263 INFO: 	Average L2 norm of relation vector: 0.12966
2017-03-21 01:25:04,263 INFO: 	COST >> 0.571 +/- 0.019, % updates Left: 28.9% Rel: 11.51% Right: 28.32%
2017-03-21 01:25:48,220 INFO: ----------------------------------------------------------------------------
2017-03-21 01:25:48,220 INFO: EPOCH 46 (43.956 seconds):
2017-03-21 01:25:48,221 INFO: 	Average L2 norm of relation vector: 0.13002
2017-03-21 01:25:48,222 INFO: 	COST >> 0.559 +/- 0.021, % updates Left: 28.24% Rel: 11.19% Right: 27.78%
2017-03-21 01:26:32,973 INFO: ----------------------------------------------------------------------------
2017-03-21 01:26:32,974 INFO: EPOCH 47 (44.751 seconds):
2017-03-21 01:26:32,975 INFO: 	Average L2 norm of relation vector: 0.1303
2017-03-21 01:26:32,976 INFO: 	COST >> 0.559 +/- 0.017, % updates Left: 28.32% Rel: 11.14% Right: 27.57%
2017-03-21 01:27:17,743 INFO: ----------------------------------------------------------------------------
2017-03-21 01:27:17,743 INFO: EPOCH 48 (44.766 seconds):
2017-03-21 01:27:17,744 INFO: 	Average L2 norm of relation vector: 0.13058
2017-03-21 01:27:17,745 INFO: 	COST >> 0.545 +/- 0.019, % updates Left: 27.93% Rel: 10.81% Right: 26.57%
2017-03-21 01:28:03,487 INFO: ----------------------------------------------------------------------------
2017-03-21 01:28:03,488 INFO: EPOCH 49 (45.743 seconds):
2017-03-21 01:28:03,489 INFO: 	Average L2 norm of relation vector: 0.13083
2017-03-21 01:28:03,490 INFO: 	COST >> 0.534 +/- 0.017, % updates Left: 27.28% Rel: 10.56% Right: 25.95%
2017-03-21 01:28:45,796 INFO: ----------------------------------------------------------------------------
2017-03-21 01:28:45,797 INFO: EPOCH 50 (42.306 seconds):
2017-03-21 01:28:45,798 INFO: 	Average L2 norm of relation vector: 0.13099
2017-03-21 01:28:45,799 INFO: 	COST >> 0.529 +/- 0.016, % updates Left: 27.08% Rel: 10.47% Right: 25.61%
2017-03-21 01:28:45,799 INFO: 	FilteredRanking: evaluating rank on 1000 triples
2017-03-21 01:30:05,860 INFO: 	FilteredRanking: evaluating rank on 1000 triples
2017-03-21 01:31:25,187 INFO: 	MEAN RANK >> valid: 1270.1, train: 1285.0
2017-03-21 01:31:25,188 INFO: 		MEAN RANK TRAIN: Left: 1318.0 Rel: 722.6 Right: 1251.9
2017-03-21 01:31:25,188 INFO: 		MEAN RANK VALID: Left: 1280.1 Rel: 736.9 Right: 1260.2
2017-03-21 01:31:25,188 INFO: 		MEAN RECIPROCAL RANK VALID (L & R): 0.0415
2017-03-21 01:31:25,188 INFO: 	FilteredRanking: evaluating rank on 1000 triples
2017-03-21 01:32:47,105 INFO: 	NEW BEST TEST MR: 1367.7
2017-03-21 01:32:47,106 INFO: 		Left MR: 1427.0 Rel MR: 732.2 Right MR: 1308.5
2017-03-21 01:32:47,166 INFO: 	(ranking took 241.367 seconds)
2017-03-21 01:33:31,760 INFO: ----------------------------------------------------------------------------
2017-03-21 01:33:31,760 INFO: EPOCH 51 (44.594 seconds):
2017-03-21 01:33:31,761 INFO: 	Average L2 norm of relation vector: 0.13115
2017-03-21 01:33:31,762 INFO: 	COST >> 0.524 +/- 0.022, % updates Left: 26.86% Rel: 10.24% Right: 25.38%
2017-03-21 01:34:18,508 INFO: ----------------------------------------------------------------------------
2017-03-21 01:34:18,509 INFO: EPOCH 52 (46.747 seconds):
2017-03-21 01:34:18,511 INFO: 	Average L2 norm of relation vector: 0.13131
2017-03-21 01:34:18,512 INFO: 	COST >> 0.524 +/- 0.021, % updates Left: 26.8% Rel: 10.22% Right: 25.09%
2017-03-21 01:35:04,071 INFO: ----------------------------------------------------------------------------
2017-03-21 01:35:04,072 INFO: EPOCH 53 (45.56 seconds):
2017-03-21 01:35:04,075 INFO: 	Average L2 norm of relation vector: 0.13152
2017-03-21 01:35:04,075 INFO: 	COST >> 0.524 +/- 0.019, % updates Left: 26.63% Rel: 10.16% Right: 25.26%
2017-03-21 01:35:48,506 INFO: ----------------------------------------------------------------------------
2017-03-21 01:35:48,508 INFO: EPOCH 54 (44.432 seconds):
2017-03-21 01:35:48,509 INFO: 	Average L2 norm of relation vector: 0.13166
2017-03-21 01:35:48,509 INFO: 	COST >> 0.516 +/- 0.017, % updates Left: 26.3% Rel: 9.92% Right: 25.01%
2017-03-21 01:36:30,534 INFO: ----------------------------------------------------------------------------
2017-03-21 01:36:30,534 INFO: EPOCH 55 (42.025 seconds):
2017-03-21 01:36:30,535 INFO: 	Average L2 norm of relation vector: 0.1318
2017-03-21 01:36:30,536 INFO: 	COST >> 0.519 +/- 0.022, % updates Left: 26.43% Rel: 10.0% Right: 24.85%
2017-03-21 01:37:12,562 INFO: ----------------------------------------------------------------------------
2017-03-21 01:37:12,563 INFO: EPOCH 56 (42.026 seconds):
2017-03-21 01:37:12,564 INFO: 	Average L2 norm of relation vector: 0.13191
2017-03-21 01:37:12,566 INFO: 	COST >> 0.514 +/- 0.021, % updates Left: 26.16% Rel: 9.96% Right: 24.67%
2017-03-21 01:37:55,332 INFO: ----------------------------------------------------------------------------
2017-03-21 01:37:55,332 INFO: EPOCH 57 (42.766 seconds):
2017-03-21 01:37:55,334 INFO: 	Average L2 norm of relation vector: 0.13197
2017-03-21 01:37:55,335 INFO: 	COST >> 0.509 +/- 0.016, % updates Left: 26.15% Rel: 9.67% Right: 24.38%
2017-03-21 01:38:37,684 INFO: ----------------------------------------------------------------------------
2017-03-21 01:38:37,684 INFO: EPOCH 58 (42.349 seconds):
2017-03-21 01:38:37,685 INFO: 	Average L2 norm of relation vector: 0.1321
2017-03-21 01:38:37,686 INFO: 	COST >> 0.506 +/- 0.021, % updates Left: 25.78% Rel: 9.73% Right: 24.16%
2017-03-21 01:39:19,741 INFO: ----------------------------------------------------------------------------
2017-03-21 01:39:19,742 INFO: EPOCH 59 (42.056 seconds):
2017-03-21 01:39:19,743 INFO: 	Average L2 norm of relation vector: 0.13221
2017-03-21 01:39:19,743 INFO: 	COST >> 0.507 +/- 0.022, % updates Left: 25.68% Rel: 9.72% Right: 24.21%
2017-03-21 01:40:00,250 INFO: ----------------------------------------------------------------------------
2017-03-21 01:40:00,250 INFO: EPOCH 60 (40.507 seconds):
2017-03-21 01:40:00,251 INFO: 	Average L2 norm of relation vector: 0.13227
2017-03-21 01:40:00,252 INFO: 	COST >> 0.51 +/- 0.017, % updates Left: 25.93% Rel: 9.69% Right: 24.27%
2017-03-21 01:40:00,252 INFO: 	FilteredRanking: evaluating rank on 1000 triples
2017-03-21 01:41:19,380 INFO: 	FilteredRanking: evaluating rank on 1000 triples
2017-03-21 01:42:38,062 INFO: 	MEAN RANK >> valid: 1106.3, train: 1047.9
2017-03-21 01:42:38,063 INFO: 		MEAN RANK TRAIN: Left: 1103.1 Rel: 722.6 Right: 992.6
2017-03-21 01:42:38,064 INFO: 		MEAN RANK VALID: Left: 1228.0 Rel: 736.9 Right: 984.6
2017-03-21 01:42:38,064 INFO: 		MEAN RECIPROCAL RANK VALID (L & R): 0.0455
2017-03-21 01:42:38,064 INFO: 	FilteredRanking: evaluating rank on 1000 triples
2017-03-21 01:44:02,820 INFO: 	NEW BEST TEST MR: 1244.1
2017-03-21 01:44:02,821 INFO: 		Left MR: 1343.3 Rel MR: 732.2 Right MR: 1145.0
2017-03-21 01:44:02,932 INFO: 	(ranking took 242.68 seconds)
2017-03-21 01:44:47,435 INFO: ----------------------------------------------------------------------------
2017-03-21 01:44:47,436 INFO: EPOCH 61 (44.503 seconds):
2017-03-21 01:44:47,437 INFO: 	Average L2 norm of relation vector: 0.13238
2017-03-21 01:44:47,438 INFO: 	COST >> 0.502 +/- 0.017, % updates Left: 25.6% Rel: 9.58% Right: 24.03%
2017-03-21 01:45:33,676 INFO: ----------------------------------------------------------------------------
2017-03-21 01:45:33,676 INFO: EPOCH 62 (46.238 seconds):
2017-03-21 01:45:33,677 INFO: 	Average L2 norm of relation vector: 0.13246
2017-03-21 01:45:33,678 INFO: 	COST >> 0.502 +/- 0.017, % updates Left: 25.52% Rel: 9.45% Right: 23.88%
2017-03-21 01:46:18,834 INFO: ----------------------------------------------------------------------------
2017-03-21 01:46:18,835 INFO: EPOCH 63 (45.156 seconds):
2017-03-21 01:46:18,836 INFO: 	Average L2 norm of relation vector: 0.13253
2017-03-21 01:46:18,837 INFO: 	COST >> 0.504 +/- 0.019, % updates Left: 25.75% Rel: 9.41% Right: 23.98%
2017-03-21 01:47:04,052 INFO: ----------------------------------------------------------------------------
2017-03-21 01:47:04,052 INFO: EPOCH 64 (45.215 seconds):
2017-03-21 01:47:04,053 INFO: 	Average L2 norm of relation vector: 0.13261
2017-03-21 01:47:04,054 INFO: 	COST >> 0.505 +/- 0.02, % updates Left: 25.58% Rel: 9.51% Right: 24.0%
2017-03-21 01:47:48,698 INFO: ----------------------------------------------------------------------------
2017-03-21 01:47:48,698 INFO: EPOCH 65 (44.644 seconds):
2017-03-21 01:47:48,699 INFO: 	Average L2 norm of relation vector: 0.13264
2017-03-21 01:47:48,700 INFO: 	COST >> 0.502 +/- 0.02, % updates Left: 25.4% Rel: 9.4% Right: 23.68%
2017-03-21 01:48:33,571 INFO: ----------------------------------------------------------------------------
2017-03-21 01:48:33,571 INFO: EPOCH 66 (44.871 seconds):
2017-03-21 01:48:33,573 INFO: 	Average L2 norm of relation vector: 0.13268
2017-03-21 01:48:33,573 INFO: 	COST >> 0.499 +/- 0.02, % updates Left: 25.55% Rel: 9.19% Right: 23.64%
2017-03-21 01:49:17,449 INFO: ----------------------------------------------------------------------------
2017-03-21 01:49:17,449 INFO: EPOCH 67 (43.875 seconds):
2017-03-21 01:49:17,450 INFO: 	Average L2 norm of relation vector: 0.13274
2017-03-21 01:49:17,451 INFO: 	COST >> 0.499 +/- 0.019, % updates Left: 25.19% Rel: 9.18% Right: 23.6%
2017-03-21 01:50:01,874 INFO: ----------------------------------------------------------------------------
2017-03-21 01:50:01,874 INFO: EPOCH 68 (44.422 seconds):
2017-03-21 01:50:01,875 INFO: 	Average L2 norm of relation vector: 0.13284
2017-03-21 01:50:01,876 INFO: 	COST >> 0.491 +/- 0.018, % updates Left: 25.12% Rel: 9.07% Right: 23.54%
2017-03-21 01:50:45,700 INFO: ----------------------------------------------------------------------------
2017-03-21 01:50:45,700 INFO: EPOCH 69 (43.824 seconds):
2017-03-21 01:50:45,701 INFO: 	Average L2 norm of relation vector: 0.13288
2017-03-21 01:50:45,701 INFO: 	COST >> 0.488 +/- 0.019, % updates Left: 24.87% Rel: 8.97% Right: 23.37%
2017-03-21 01:51:27,720 INFO: ----------------------------------------------------------------------------
2017-03-21 01:51:27,720 INFO: EPOCH 70 (42.018 seconds):
2017-03-21 01:51:27,721 INFO: 	Average L2 norm of relation vector: 0.13298
2017-03-21 01:51:27,722 INFO: 	COST >> 0.493 +/- 0.018, % updates Left: 24.92% Rel: 9.07% Right: 23.47%
2017-03-21 01:51:27,722 INFO: 	FilteredRanking: evaluating rank on 1000 triples
2017-03-21 01:52:47,091 INFO: 	FilteredRanking: evaluating rank on 1000 triples
2017-03-21 01:54:05,867 INFO: 	MEAN RANK >> valid: 1184.8, train: 1037.8
2017-03-21 01:54:05,867 INFO: 		MEAN RANK TRAIN: Left: 1012.5 Rel: 722.6 Right: 1063.0
2017-03-21 01:54:05,868 INFO: 		MEAN RANK VALID: Left: 1257.5 Rel: 736.9 Right: 1112.0
2017-03-21 01:54:05,868 INFO: 		MEAN RECIPROCAL RANK VALID (L & R): 0.046
2017-03-21 01:54:05,868 INFO: 	FilteredRanking: evaluating rank on 1000 triples
2017-03-21 01:55:27,325 INFO: 	NEW BEST TEST MR: 1201.0
2017-03-21 01:55:27,326 INFO: 		Left MR: 1156.0 Rel MR: 732.2 Right MR: 1246.0
2017-03-21 01:55:27,389 INFO: 	(ranking took 239.668 seconds)
2017-03-21 01:56:11,558 INFO: ----------------------------------------------------------------------------
2017-03-21 01:56:11,558 INFO: EPOCH 71 (44.169 seconds):
2017-03-21 01:56:11,560 INFO: 	Average L2 norm of relation vector: 0.13299
2017-03-21 01:56:11,561 INFO: 	COST >> 0.491 +/- 0.021, % updates Left: 25.05% Rel: 8.92% Right: 23.3%
2017-03-21 01:56:56,464 INFO: ----------------------------------------------------------------------------
2017-03-21 01:56:56,466 INFO: EPOCH 72 (44.905 seconds):
2017-03-21 01:56:56,467 INFO: 	Average L2 norm of relation vector: 0.133
2017-03-21 01:56:56,468 INFO: 	COST >> 0.489 +/- 0.015, % updates Left: 24.98% Rel: 8.94% Right: 23.39%
2017-03-21 01:57:42,733 INFO: ----------------------------------------------------------------------------
2017-03-21 01:57:42,734 INFO: EPOCH 73 (46.266 seconds):
2017-03-21 01:57:42,735 INFO: 	Average L2 norm of relation vector: 0.13305
2017-03-21 01:57:42,736 INFO: 	COST >> 0.48 +/- 0.019, % updates Left: 24.55% Rel: 8.76% Right: 22.89%
2017-03-21 01:58:24,785 INFO: ----------------------------------------------------------------------------
2017-03-21 01:58:24,785 INFO: EPOCH 74 (42.049 seconds):
2017-03-21 01:58:24,787 INFO: 	Average L2 norm of relation vector: 0.13306
2017-03-21 01:58:24,787 INFO: 	COST >> 0.484 +/- 0.015, % updates Left: 24.64% Rel: 8.91% Right: 23.07%
2017-03-21 01:59:07,040 INFO: ----------------------------------------------------------------------------
2017-03-21 01:59:07,040 INFO: EPOCH 75 (42.252 seconds):
2017-03-21 01:59:07,041 INFO: 	Average L2 norm of relation vector: 0.13318
2017-03-21 01:59:07,042 INFO: 	COST >> 0.492 +/- 0.021, % updates Left: 24.7% Rel: 8.96% Right: 23.74%
2017-03-21 01:59:49,676 INFO: ----------------------------------------------------------------------------
2017-03-21 01:59:49,678 INFO: EPOCH 76 (42.636 seconds):
2017-03-21 01:59:49,680 INFO: 	Average L2 norm of relation vector: 0.13319
2017-03-21 01:59:49,681 INFO: 	COST >> 0.477 +/- 0.018, % updates Left: 24.33% Rel: 8.67% Right: 22.99%
2017-03-21 02:00:32,074 INFO: ----------------------------------------------------------------------------
2017-03-21 02:00:32,074 INFO: EPOCH 77 (42.393 seconds):
2017-03-21 02:00:32,075 INFO: 	Average L2 norm of relation vector: 0.13318
2017-03-21 02:00:32,076 INFO: 	COST >> 0.474 +/- 0.015, % updates Left: 24.3% Rel: 8.7% Right: 22.8%
2017-03-21 02:01:14,930 INFO: ----------------------------------------------------------------------------
2017-03-21 02:01:14,930 INFO: EPOCH 78 (42.854 seconds):
2017-03-21 02:01:14,931 INFO: 	Average L2 norm of relation vector: 0.13325
2017-03-21 02:01:14,932 INFO: 	COST >> 0.469 +/- 0.016, % updates Left: 24.15% Rel: 8.62% Right: 22.49%
2017-03-21 02:01:57,939 INFO: ----------------------------------------------------------------------------
2017-03-21 02:01:57,939 INFO: EPOCH 79 (43.007 seconds):
2017-03-21 02:01:57,940 INFO: 	Average L2 norm of relation vector: 0.13325
2017-03-21 02:01:57,940 INFO: 	COST >> 0.466 +/- 0.015, % updates Left: 23.93% Rel: 8.66% Right: 22.38%
2017-03-21 02:02:39,047 INFO: ----------------------------------------------------------------------------
2017-03-21 02:02:39,047 INFO: EPOCH 80 (41.107 seconds):
2017-03-21 02:02:39,048 INFO: 	Average L2 norm of relation vector: 0.13331
2017-03-21 02:02:39,049 INFO: 	COST >> 0.468 +/- 0.016, % updates Left: 23.86% Rel: 8.84% Right: 22.37%
2017-03-21 02:02:39,049 INFO: 	FilteredRanking: evaluating rank on 1000 triples
2017-03-21 02:03:57,290 INFO: 	FilteredRanking: evaluating rank on 1000 triples
2017-03-21 02:05:19,999 INFO: 	MEAN RANK >> valid: 1000.5, train: 959.5
2017-03-21 02:05:20,000 INFO: 		MEAN RANK TRAIN: Left: 928.8 Rel: 722.6 Right: 990.2
2017-03-21 02:05:20,001 INFO: 		MEAN RANK VALID: Left: 1016.2 Rel: 736.9 Right: 984.8
2017-03-21 02:05:20,001 INFO: 		MEAN RECIPROCAL RANK VALID (L & R): 0.0445
2017-03-21 02:05:20,001 WARNING: 	WARNING, failed to improve MRR on valid, 2 chances left

2017-03-21 02:05:20,083 INFO: 	(ranking took 161.034 seconds)
2017-03-21 02:06:02,682 INFO: ----------------------------------------------------------------------------
2017-03-21 02:06:02,682 INFO: EPOCH 81 (42.599 seconds):
2017-03-21 02:06:02,683 INFO: 	Average L2 norm of relation vector: 0.13333
2017-03-21 02:06:02,684 INFO: 	COST >> 0.463 +/- 0.016, % updates Left: 23.87% Rel: 8.7% Right: 22.15%
2017-03-21 02:06:46,914 INFO: ----------------------------------------------------------------------------
2017-03-21 02:06:46,914 INFO: EPOCH 82 (44.23 seconds):
2017-03-21 02:06:46,916 INFO: 	Average L2 norm of relation vector: 0.13343
2017-03-21 02:06:46,916 INFO: 	COST >> 0.463 +/- 0.021, % updates Left: 23.81% Rel: 8.69% Right: 22.31%
2017-03-21 02:07:30,591 INFO: ----------------------------------------------------------------------------
2017-03-21 02:07:30,592 INFO: EPOCH 83 (43.676 seconds):
2017-03-21 02:07:30,594 INFO: 	Average L2 norm of relation vector: 0.1335
2017-03-21 02:07:30,594 INFO: 	COST >> 0.456 +/- 0.017, % updates Left: 23.46% Rel: 8.7% Right: 22.08%
2017-03-21 02:08:13,736 INFO: ----------------------------------------------------------------------------
2017-03-21 02:08:13,737 INFO: EPOCH 84 (43.142 seconds):
2017-03-21 02:08:13,739 INFO: 	Average L2 norm of relation vector: 0.13355
2017-03-21 02:08:13,739 INFO: 	COST >> 0.452 +/- 0.017, % updates Left: 23.25% Rel: 8.64% Right: 21.67%
2017-03-21 02:09:00,345 INFO: ----------------------------------------------------------------------------
2017-03-21 02:09:00,346 INFO: EPOCH 85 (46.606 seconds):
2017-03-21 02:09:00,347 INFO: 	Average L2 norm of relation vector: 0.13357
2017-03-21 02:09:00,348 INFO: 	COST >> 0.452 +/- 0.017, % updates Left: 23.29% Rel: 8.67% Right: 21.64%
2017-03-21 02:09:44,205 INFO: ----------------------------------------------------------------------------
2017-03-21 02:09:44,205 INFO: EPOCH 86 (43.858 seconds):
2017-03-21 02:09:44,208 INFO: 	Average L2 norm of relation vector: 0.13377
2017-03-21 02:09:44,209 INFO: 	COST >> 0.462 +/- 0.02, % updates Left: 23.43% Rel: 8.93% Right: 22.48%
2017-03-21 02:10:28,467 INFO: ----------------------------------------------------------------------------
2017-03-21 02:10:28,468 INFO: EPOCH 87 (44.258 seconds):
2017-03-21 02:10:28,469 INFO: 	Average L2 norm of relation vector: 0.13387
2017-03-21 02:10:28,469 INFO: 	COST >> 0.451 +/- 0.018, % updates Left: 22.95% Rel: 8.55% Right: 21.92%
2017-03-21 02:11:12,406 INFO: ----------------------------------------------------------------------------
2017-03-21 02:11:12,406 INFO: EPOCH 88 (43.937 seconds):
2017-03-21 02:11:12,408 INFO: 	Average L2 norm of relation vector: 0.13388
2017-03-21 02:11:12,408 INFO: 	COST >> 0.452 +/- 0.018, % updates Left: 23.2% Rel: 8.7% Right: 21.64%
2017-03-21 02:11:57,349 INFO: ----------------------------------------------------------------------------
2017-03-21 02:11:57,349 INFO: EPOCH 89 (44.94 seconds):
2017-03-21 02:11:57,350 INFO: 	Average L2 norm of relation vector: 0.13387
2017-03-21 02:11:57,351 INFO: 	COST >> 0.45 +/- 0.015, % updates Left: 23.02% Rel: 8.65% Right: 21.69%
2017-03-21 02:12:39,417 INFO: ----------------------------------------------------------------------------
2017-03-21 02:12:39,418 INFO: EPOCH 90 (42.067 seconds):
2017-03-21 02:12:39,419 INFO: 	Average L2 norm of relation vector: 0.13391
2017-03-21 02:12:39,420 INFO: 	COST >> 0.445 +/- 0.019, % updates Left: 22.85% Rel: 8.58% Right: 21.4%
2017-03-21 02:12:39,420 INFO: 	FilteredRanking: evaluating rank on 1000 triples
2017-03-21 02:14:00,241 INFO: 	FilteredRanking: evaluating rank on 1000 triples
2017-03-21 02:15:23,476 INFO: 	MEAN RANK >> valid: 986.3, train: 899.7
2017-03-21 02:15:23,477 INFO: 		MEAN RANK TRAIN: Left: 897.4 Rel: 722.6 Right: 902.1
2017-03-21 02:15:23,477 INFO: 		MEAN RANK VALID: Left: 1021.0 Rel: 736.9 Right: 951.7
2017-03-21 02:15:23,478 INFO: 		MEAN RECIPROCAL RANK VALID (L & R): 0.043
2017-03-21 02:15:23,478 WARNING: 	WARNING, failed to improve MRR on valid, 1 chances left

2017-03-21 02:15:23,569 INFO: 	(ranking took 164.149 seconds)
2017-03-21 02:16:07,678 INFO: ----------------------------------------------------------------------------
2017-03-21 02:16:07,678 INFO: EPOCH 91 (44.109 seconds):
2017-03-21 02:16:07,679 INFO: 	Average L2 norm of relation vector: 0.13396
2017-03-21 02:16:07,680 INFO: 	COST >> 0.439 +/- 0.017, % updates Left: 22.55% Rel: 8.39% Right: 21.14%
2017-03-21 02:16:48,093 INFO: ----------------------------------------------------------------------------
2017-03-21 02:16:48,093 INFO: EPOCH 92 (40.413 seconds):
2017-03-21 02:16:48,094 INFO: 	Average L2 norm of relation vector: 0.13397
2017-03-21 02:16:48,095 INFO: 	COST >> 0.445 +/- 0.023, % updates Left: 22.56% Rel: 8.52% Right: 21.28%
2017-03-21 02:17:29,669 INFO: ----------------------------------------------------------------------------
2017-03-21 02:17:29,671 INFO: EPOCH 93 (41.576 seconds):
2017-03-21 02:17:29,672 INFO: 	Average L2 norm of relation vector: 0.13397
2017-03-21 02:17:29,672 INFO: 	COST >> 0.441 +/- 0.021, % updates Left: 22.6% Rel: 8.45% Right: 21.21%
2017-03-21 02:18:11,744 INFO: ----------------------------------------------------------------------------
2017-03-21 02:18:11,745 INFO: EPOCH 94 (42.072 seconds):
2017-03-21 02:18:11,746 INFO: 	Average L2 norm of relation vector: 0.13399
2017-03-21 02:18:11,747 INFO: 	COST >> 0.444 +/- 0.021, % updates Left: 22.54% Rel: 8.59% Right: 21.12%
2017-03-21 02:18:54,287 INFO: ----------------------------------------------------------------------------
2017-03-21 02:18:54,287 INFO: EPOCH 95 (42.54 seconds):
2017-03-21 02:18:54,288 INFO: 	Average L2 norm of relation vector: 0.13398
2017-03-21 02:18:54,289 INFO: 	COST >> 0.441 +/- 0.019, % updates Left: 22.42% Rel: 8.46% Right: 21.14%
2017-03-21 02:19:36,850 INFO: ----------------------------------------------------------------------------
2017-03-21 02:19:36,851 INFO: EPOCH 96 (42.561 seconds):
2017-03-21 02:19:36,852 INFO: 	Average L2 norm of relation vector: 0.13397
2017-03-21 02:19:36,853 INFO: 	COST >> 0.437 +/- 0.017, % updates Left: 22.36% Rel: 8.42% Right: 20.88%
2017-03-21 02:20:17,181 INFO: ----------------------------------------------------------------------------
2017-03-21 02:20:17,181 INFO: EPOCH 97 (40.328 seconds):
2017-03-21 02:20:17,183 INFO: 	Average L2 norm of relation vector: 0.13398
2017-03-21 02:20:17,183 INFO: 	COST >> 0.432 +/- 0.02, % updates Left: 22.19% Rel: 8.27% Right: 20.72%
2017-03-21 02:21:00,883 INFO: ----------------------------------------------------------------------------
2017-03-21 02:21:00,883 INFO: EPOCH 98 (43.7 seconds):
2017-03-21 02:21:00,884 INFO: 	Average L2 norm of relation vector: 0.13395
2017-03-21 02:21:00,884 INFO: 	COST >> 0.437 +/- 0.02, % updates Left: 22.26% Rel: 8.54% Right: 20.83%
2017-03-21 02:21:43,736 INFO: ----------------------------------------------------------------------------
2017-03-21 02:21:43,736 INFO: EPOCH 99 (42.852 seconds):
2017-03-21 02:21:43,738 INFO: 	Average L2 norm of relation vector: 0.1339
2017-03-21 02:21:43,738 INFO: 	COST >> 0.427 +/- 0.016, % updates Left: 22.04% Rel: 8.16% Right: 20.5%
2017-03-21 02:22:24,637 INFO: ----------------------------------------------------------------------------
2017-03-21 02:22:24,637 INFO: EPOCH 100 (40.899 seconds):
2017-03-21 02:22:24,639 INFO: 	Average L2 norm of relation vector: 0.13389
2017-03-21 02:22:24,639 INFO: 	COST >> 0.428 +/- 0.02, % updates Left: 21.88% Rel: 8.36% Right: 20.39%
2017-03-21 02:22:24,640 INFO: 	FilteredRanking: evaluating rank on 1000 triples
2017-03-21 02:23:44,284 INFO: 	FilteredRanking: evaluating rank on 1000 triples
2017-03-21 02:25:05,399 INFO: 	MEAN RANK >> valid: 948.4, train: 817.2
2017-03-21 02:25:05,400 INFO: 		MEAN RANK TRAIN: Left: 838.0 Rel: 722.6 Right: 796.3
2017-03-21 02:25:05,400 INFO: 		MEAN RANK VALID: Left: 978.6 Rel: 736.9 Right: 918.3
2017-03-21 02:25:05,401 INFO: 		MEAN RECIPROCAL RANK VALID (L & R): 0.051
2017-03-21 02:25:05,401 INFO: 	FilteredRanking: evaluating rank on 1000 triples
2017-03-21 02:26:27,333 INFO: 	NEW BEST TEST MR: 924.4
2017-03-21 02:26:27,334 INFO: 		Left MR: 959.8 Rel MR: 732.2 Right MR: 889.1
2017-03-21 02:26:27,405 INFO: 	(ranking took 242.765 seconds)
2017-03-21 02:27:11,936 INFO: ----------------------------------------------------------------------------
2017-03-21 02:27:11,936 INFO: EPOCH 101 (44.531 seconds):
2017-03-21 02:27:11,937 INFO: 	Average L2 norm of relation vector: 0.13386
2017-03-21 02:27:11,938 INFO: 	COST >> 0.427 +/- 0.016, % updates Left: 21.91% Rel: 8.22% Right: 20.26%
2017-03-21 02:27:54,562 INFO: ----------------------------------------------------------------------------
2017-03-21 02:27:54,563 INFO: EPOCH 102 (42.624 seconds):
2017-03-21 02:27:54,564 INFO: 	Average L2 norm of relation vector: 0.13386
2017-03-21 02:27:54,564 INFO: 	COST >> 0.421 +/- 0.015, % updates Left: 21.64% Rel: 8.19% Right: 20.11%
2017-03-21 02:28:35,048 INFO: ----------------------------------------------------------------------------
2017-03-21 02:28:35,048 INFO: EPOCH 103 (40.483 seconds):
2017-03-21 02:28:35,050 INFO: 	Average L2 norm of relation vector: 0.13378
2017-03-21 02:28:35,050 INFO: 	COST >> 0.427 +/- 0.014, % updates Left: 21.84% Rel: 8.37% Right: 20.25%
2017-03-21 02:29:16,337 INFO: ----------------------------------------------------------------------------
2017-03-21 02:29:16,337 INFO: EPOCH 104 (41.287 seconds):
2017-03-21 02:29:16,338 INFO: 	Average L2 norm of relation vector: 0.13383
2017-03-21 02:29:16,339 INFO: 	COST >> 0.433 +/- 0.019, % updates Left: 22.06% Rel: 8.44% Right: 20.68%
2017-03-21 02:29:59,974 INFO: ----------------------------------------------------------------------------
2017-03-21 02:29:59,974 INFO: EPOCH 105 (43.635 seconds):
2017-03-21 02:29:59,976 INFO: 	Average L2 norm of relation vector: 0.13382
2017-03-21 02:29:59,977 INFO: 	COST >> 0.424 +/- 0.017, % updates Left: 21.77% Rel: 8.29% Right: 20.29%
2017-03-21 02:30:45,122 INFO: ----------------------------------------------------------------------------
2017-03-21 02:30:45,122 INFO: EPOCH 106 (45.145 seconds):
2017-03-21 02:30:45,124 INFO: 	Average L2 norm of relation vector: 0.13377
2017-03-21 02:30:45,124 INFO: 	COST >> 0.427 +/- 0.02, % updates Left: 21.81% Rel: 8.38% Right: 20.38%
2017-03-21 02:31:29,078 INFO: ----------------------------------------------------------------------------
2017-03-21 02:31:29,078 INFO: EPOCH 107 (43.953 seconds):
2017-03-21 02:31:29,080 INFO: 	Average L2 norm of relation vector: 0.13378
2017-03-21 02:31:29,080 INFO: 	COST >> 0.424 +/- 0.022, % updates Left: 21.8% Rel: 8.36% Right: 20.13%
2017-03-21 02:32:13,592 INFO: ----------------------------------------------------------------------------
2017-03-21 02:32:13,592 INFO: EPOCH 108 (44.511 seconds):
2017-03-21 02:32:13,593 INFO: 	Average L2 norm of relation vector: 0.13372
2017-03-21 02:32:13,593 INFO: 	COST >> 0.427 +/- 0.015, % updates Left: 21.92% Rel: 8.31% Right: 20.26%
2017-03-21 02:32:58,066 INFO: ----------------------------------------------------------------------------
2017-03-21 02:32:58,066 INFO: EPOCH 109 (44.473 seconds):
2017-03-21 02:32:58,067 INFO: 	Average L2 norm of relation vector: 0.13385
2017-03-21 02:32:58,068 INFO: 	COST >> 0.432 +/- 0.016, % updates Left: 22.11% Rel: 8.48% Right: 20.92%
2017-03-21 02:33:40,114 INFO: ----------------------------------------------------------------------------
2017-03-21 02:33:40,114 INFO: EPOCH 110 (42.046 seconds):
2017-03-21 02:33:40,115 INFO: 	Average L2 norm of relation vector: 0.13384
2017-03-21 02:33:40,116 INFO: 	COST >> 0.421 +/- 0.015, % updates Left: 21.61% Rel: 8.23% Right: 20.08%
2017-03-21 02:33:40,116 INFO: 	FilteredRanking: evaluating rank on 1000 triples
2017-03-21 02:35:02,309 INFO: 	FilteredRanking: evaluating rank on 1000 triples
2017-03-21 02:36:27,371 INFO: 	MEAN RANK >> valid: 889.2, train: 832.3
2017-03-21 02:36:27,371 INFO: 		MEAN RANK TRAIN: Left: 863.4 Rel: 722.6 Right: 801.3
2017-03-21 02:36:27,372 INFO: 		MEAN RANK VALID: Left: 970.6 Rel: 736.9 Right: 807.8
2017-03-21 02:36:27,372 INFO: 		MEAN RECIPROCAL RANK VALID (L & R): 0.042
2017-03-21 02:36:27,372 WARNING: 	WARNING, failed to improve MRR on valid, 2 chances left

2017-03-21 02:36:27,455 INFO: 	(ranking took 167.338 seconds)
2017-03-21 02:37:13,723 INFO: ----------------------------------------------------------------------------
2017-03-21 02:37:13,723 INFO: EPOCH 111 (46.269 seconds):
2017-03-21 02:37:13,725 INFO: 	Average L2 norm of relation vector: 0.1338
2017-03-21 02:37:13,726 INFO: 	COST >> 0.422 +/- 0.017, % updates Left: 21.74% Rel: 8.27% Right: 20.09%
2017-03-21 02:37:57,004 INFO: ----------------------------------------------------------------------------
2017-03-21 02:37:57,004 INFO: EPOCH 112 (43.278 seconds):
2017-03-21 02:37:57,006 INFO: 	Average L2 norm of relation vector: 0.13376
2017-03-21 02:37:57,007 INFO: 	COST >> 0.419 +/- 0.018, % updates Left: 21.71% Rel: 8.19% Right: 19.89%
2017-03-21 02:38:37,496 INFO: ----------------------------------------------------------------------------
2017-03-21 02:38:37,496 INFO: EPOCH 113 (40.489 seconds):
2017-03-21 02:38:37,497 INFO: 	Average L2 norm of relation vector: 0.13373
2017-03-21 02:38:37,498 INFO: 	COST >> 0.424 +/- 0.017, % updates Left: 21.74% Rel: 8.32% Right: 20.08%
2017-03-21 02:39:18,222 INFO: ----------------------------------------------------------------------------
2017-03-21 02:39:18,222 INFO: EPOCH 114 (40.724 seconds):
2017-03-21 02:39:18,223 INFO: 	Average L2 norm of relation vector: 0.13373
2017-03-21 02:39:18,224 INFO: 	COST >> 0.416 +/- 0.015, % updates Left: 21.47% Rel: 8.14% Right: 19.86%
2017-03-21 02:39:58,989 INFO: ----------------------------------------------------------------------------
2017-03-21 02:39:58,989 INFO: EPOCH 115 (40.765 seconds):
2017-03-21 02:39:58,991 INFO: 	Average L2 norm of relation vector: 0.1337
2017-03-21 02:39:58,991 INFO: 	COST >> 0.417 +/- 0.019, % updates Left: 21.48% Rel: 8.14% Right: 19.86%
2017-03-21 02:40:39,442 INFO: ----------------------------------------------------------------------------
2017-03-21 02:40:39,446 INFO: EPOCH 116 (40.455 seconds):
2017-03-21 02:40:39,448 INFO: 	Average L2 norm of relation vector: 0.13368
2017-03-21 02:40:39,449 INFO: 	COST >> 0.413 +/- 0.019, % updates Left: 21.29% Rel: 8.15% Right: 19.63%
2017-03-21 02:41:21,179 INFO: ----------------------------------------------------------------------------
2017-03-21 02:41:21,179 INFO: EPOCH 117 (41.73 seconds):
2017-03-21 02:41:21,181 INFO: 	Average L2 norm of relation vector: 0.13366
2017-03-21 02:41:21,181 INFO: 	COST >> 0.417 +/- 0.021, % updates Left: 21.42% Rel: 8.23% Right: 19.87%
2017-03-21 02:42:02,714 INFO: ----------------------------------------------------------------------------
2017-03-21 02:42:02,714 INFO: EPOCH 118 (41.532 seconds):
2017-03-21 02:42:02,715 INFO: 	Average L2 norm of relation vector: 0.1337
2017-03-21 02:42:02,715 INFO: 	COST >> 0.409 +/- 0.02, % updates Left: 21.13% Rel: 8.09% Right: 19.63%
2017-03-21 02:42:46,497 INFO: ----------------------------------------------------------------------------
2017-03-21 02:42:46,498 INFO: EPOCH 119 (43.783 seconds):
2017-03-21 02:42:46,499 INFO: 	Average L2 norm of relation vector: 0.13365
2017-03-21 02:42:46,500 INFO: 	COST >> 0.406 +/- 0.018, % updates Left: 21.03% Rel: 7.95% Right: 19.34%
2017-03-21 02:43:27,069 INFO: ----------------------------------------------------------------------------
2017-03-21 02:43:27,069 INFO: EPOCH 120 (40.569 seconds):
2017-03-21 02:43:27,071 INFO: 	Average L2 norm of relation vector: 0.13365
2017-03-21 02:43:27,072 INFO: 	COST >> 0.41 +/- 0.017, % updates Left: 21.16% Rel: 8.14% Right: 19.57%
2017-03-21 02:43:27,072 INFO: 	FilteredRanking: evaluating rank on 1000 triples
2017-03-21 02:44:46,572 INFO: 	FilteredRanking: evaluating rank on 1000 triples
2017-03-21 02:46:09,260 INFO: 	MEAN RANK >> valid: 835.7, train: 748.0
2017-03-21 02:46:09,260 INFO: 		MEAN RANK TRAIN: Left: 800.8 Rel: 722.6 Right: 695.2
2017-03-21 02:46:09,261 INFO: 		MEAN RANK VALID: Left: 878.3 Rel: 736.9 Right: 793.1
2017-03-21 02:46:09,261 INFO: 		MEAN RECIPROCAL RANK VALID (L & R): 0.0475
2017-03-21 02:46:09,261 WARNING: 	WARNING, failed to improve MRR on valid, 1 chances left

2017-03-21 02:46:09,396 INFO: 	(ranking took 162.323 seconds)
2017-03-21 02:46:53,412 INFO: ----------------------------------------------------------------------------
2017-03-21 02:46:53,413 INFO: EPOCH 121 (44.017 seconds):
2017-03-21 02:46:53,414 INFO: 	Average L2 norm of relation vector: 0.13369
2017-03-21 02:46:53,414 INFO: 	COST >> 0.408 +/- 0.016, % updates Left: 21.11% Rel: 8.03% Right: 19.65%
2017-03-21 02:47:37,276 INFO: ----------------------------------------------------------------------------
2017-03-21 02:47:37,276 INFO: EPOCH 122 (43.862 seconds):
2017-03-21 02:47:37,277 INFO: 	Average L2 norm of relation vector: 0.13365
2017-03-21 02:47:37,278 INFO: 	COST >> 0.409 +/- 0.02, % updates Left: 20.94% Rel: 8.09% Right: 19.62%
2017-03-21 02:48:19,482 INFO: ----------------------------------------------------------------------------
2017-03-21 02:48:19,482 INFO: EPOCH 123 (42.204 seconds):
2017-03-21 02:48:19,483 INFO: 	Average L2 norm of relation vector: 0.13366
2017-03-21 02:48:19,484 INFO: 	COST >> 0.412 +/- 0.024, % updates Left: 20.87% Rel: 8.17% Right: 19.81%
2017-03-21 02:49:04,259 INFO: ----------------------------------------------------------------------------
2017-03-21 02:49:04,259 INFO: EPOCH 124 (44.775 seconds):
2017-03-21 02:49:04,261 INFO: 	Average L2 norm of relation vector: 0.13368
2017-03-21 02:49:04,261 INFO: 	COST >> 0.407 +/- 0.019, % updates Left: 20.81% Rel: 8.03% Right: 19.61%
2017-03-21 02:49:47,586 INFO: ----------------------------------------------------------------------------
2017-03-21 02:49:47,587 INFO: EPOCH 125 (43.325 seconds):
2017-03-21 02:49:47,588 INFO: 	Average L2 norm of relation vector: 0.13367
2017-03-21 02:49:47,588 INFO: 	COST >> 0.401 +/- 0.021, % updates Left: 20.56% Rel: 7.94% Right: 19.54%
2017-03-21 02:50:28,011 INFO: ----------------------------------------------------------------------------
2017-03-21 02:50:28,011 INFO: EPOCH 126 (40.423 seconds):
2017-03-21 02:50:28,013 INFO: 	Average L2 norm of relation vector: 0.13364
2017-03-21 02:50:28,013 INFO: 	COST >> 0.397 +/- 0.019, % updates Left: 20.39% Rel: 7.85% Right: 19.21%
2017-03-21 02:51:08,472 INFO: ----------------------------------------------------------------------------
2017-03-21 02:51:08,472 INFO: EPOCH 127 (40.459 seconds):
2017-03-21 02:51:08,473 INFO: 	Average L2 norm of relation vector: 0.13368
2017-03-21 02:51:08,474 INFO: 	COST >> 0.405 +/- 0.018, % updates Left: 20.74% Rel: 8.13% Right: 19.65%
2017-03-21 02:51:49,043 INFO: ----------------------------------------------------------------------------
2017-03-21 02:51:49,043 INFO: EPOCH 128 (40.569 seconds):
2017-03-21 02:51:49,045 INFO: 	Average L2 norm of relation vector: 0.13367
2017-03-21 02:51:49,046 INFO: 	COST >> 0.396 +/- 0.023, % updates Left: 20.32% Rel: 7.93% Right: 19.16%
2017-03-21 02:52:30,088 INFO: ----------------------------------------------------------------------------
2017-03-21 02:52:30,090 INFO: EPOCH 129 (41.044 seconds):
2017-03-21 02:52:30,091 INFO: 	Average L2 norm of relation vector: 0.13364
2017-03-21 02:52:30,092 INFO: 	COST >> 0.387 +/- 0.015, % updates Left: 20.17% Rel: 7.57% Right: 18.78%
2017-03-21 02:53:11,241 INFO: ----------------------------------------------------------------------------
2017-03-21 02:53:11,243 INFO: EPOCH 130 (41.151 seconds):
2017-03-21 02:53:11,244 INFO: 	Average L2 norm of relation vector: 0.13363
2017-03-21 02:53:11,244 INFO: 	COST >> 0.393 +/- 0.02, % updates Left: 20.09% Rel: 7.95% Right: 19.0%
2017-03-21 02:53:11,245 INFO: 	FilteredRanking: evaluating rank on 1000 triples
2017-03-21 02:54:33,986 INFO: 	FilteredRanking: evaluating rank on 1000 triples
2017-03-21 02:55:59,236 INFO: 	MEAN RANK >> valid: 738.3, train: 667.8
2017-03-21 02:55:59,239 INFO: 		MEAN RANK TRAIN: Left: 685.5 Rel: 722.6 Right: 650.1
2017-03-21 02:55:59,239 INFO: 		MEAN RANK VALID: Left: 807.0 Rel: 736.9 Right: 669.6
2017-03-21 02:55:59,239 INFO: 		MEAN RECIPROCAL RANK VALID (L & R): 0.044
2017-03-21 02:55:59,240 WARNING: 	WARNING, failed to improve MRR on valid, 0 chances left

2017-03-21 02:55:59,323 INFO: 	(ranking took 168.078 seconds)
2017-03-21 02:56:45,522 INFO: ----------------------------------------------------------------------------
2017-03-21 02:56:45,524 INFO: EPOCH 131 (46.2 seconds):
2017-03-21 02:56:45,525 INFO: 	Average L2 norm of relation vector: 0.13365
2017-03-21 02:56:45,526 INFO: 	COST >> 0.384 +/- 0.017, % updates Left: 19.89% Rel: 7.78% Right: 18.73%
2017-03-21 02:57:29,895 INFO: ----------------------------------------------------------------------------
2017-03-21 02:57:29,897 INFO: EPOCH 132 (44.371 seconds):
2017-03-21 02:57:29,899 INFO: 	Average L2 norm of relation vector: 0.13369
2017-03-21 02:57:29,899 INFO: 	COST >> 0.376 +/- 0.021, % updates Left: 19.19% Rel: 7.71% Right: 18.2%
2017-03-21 02:58:14,925 INFO: ----------------------------------------------------------------------------
2017-03-21 02:58:14,925 INFO: EPOCH 133 (45.025 seconds):
2017-03-21 02:58:14,926 INFO: 	Average L2 norm of relation vector: 0.13363
2017-03-21 02:58:14,927 INFO: 	COST >> 0.376 +/- 0.017, % updates Left: 19.28% Rel: 7.61% Right: 18.06%
2017-03-21 02:58:59,842 INFO: ----------------------------------------------------------------------------
2017-03-21 02:58:59,842 INFO: EPOCH 134 (44.915 seconds):
2017-03-21 02:58:59,843 INFO: 	Average L2 norm of relation vector: 0.13365
2017-03-21 02:58:59,844 INFO: 	COST >> 0.37 +/- 0.018, % updates Left: 19.0% Rel: 7.72% Right: 17.86%
2017-03-21 02:59:44,843 INFO: ----------------------------------------------------------------------------
2017-03-21 02:59:44,843 INFO: EPOCH 135 (44.999 seconds):
2017-03-21 02:59:44,845 INFO: 	Average L2 norm of relation vector: 0.13358
2017-03-21 02:59:44,845 INFO: 	COST >> 0.38 +/- 0.019, % updates Left: 19.15% Rel: 7.78% Right: 18.31%
2017-03-21 03:00:30,024 INFO: ----------------------------------------------------------------------------
2017-03-21 03:00:30,024 INFO: EPOCH 136 (45.178 seconds):
2017-03-21 03:00:30,025 INFO: 	Average L2 norm of relation vector: 0.13351
2017-03-21 03:00:30,026 INFO: 	COST >> 0.376 +/- 0.024, % updates Left: 19.19% Rel: 7.72% Right: 18.07%
2017-03-21 03:01:12,645 INFO: ----------------------------------------------------------------------------
2017-03-21 03:01:12,646 INFO: EPOCH 137 (42.62 seconds):
2017-03-21 03:01:12,647 INFO: 	Average L2 norm of relation vector: 0.13351
2017-03-21 03:01:12,648 INFO: 	COST >> 0.369 +/- 0.023, % updates Left: 19.07% Rel: 7.55% Right: 17.79%
2017-03-21 03:01:54,904 INFO: ----------------------------------------------------------------------------
2017-03-21 03:01:54,904 INFO: EPOCH 138 (42.256 seconds):
2017-03-21 03:01:54,905 INFO: 	Average L2 norm of relation vector: 0.1335
2017-03-21 03:01:54,906 INFO: 	COST >> 0.374 +/- 0.018, % updates Left: 19.09% Rel: 7.72% Right: 17.98%
2017-03-21 03:02:36,109 INFO: ----------------------------------------------------------------------------
2017-03-21 03:02:36,109 INFO: EPOCH 139 (41.203 seconds):
2017-03-21 03:02:36,111 INFO: 	Average L2 norm of relation vector: 0.13345
2017-03-21 03:02:36,112 INFO: 	COST >> 0.368 +/- 0.022, % updates Left: 18.82% Rel: 7.67% Right: 17.73%
2017-03-21 03:03:15,211 INFO: ----------------------------------------------------------------------------
2017-03-21 03:03:15,211 INFO: EPOCH 140 (39.099 seconds):
2017-03-21 03:03:15,212 INFO: 	Average L2 norm of relation vector: 0.13339
2017-03-21 03:03:15,213 INFO: 	COST >> 0.367 +/- 0.018, % updates Left: 18.8% Rel: 7.6% Right: 17.56%
2017-03-21 03:03:15,213 INFO: 	FilteredRanking: evaluating rank on 1000 triples
2017-03-21 03:04:33,778 INFO: 	FilteredRanking: evaluating rank on 1000 triples
2017-03-21 03:05:56,377 INFO: 	MEAN RANK >> valid: 680.7, train: 618.4
2017-03-21 03:05:56,378 INFO: 		MEAN RANK TRAIN: Left: 604.0 Rel: 722.6 Right: 632.8
2017-03-21 03:05:56,378 INFO: 		MEAN RANK VALID: Left: 719.0 Rel: 736.9 Right: 642.3
2017-03-21 03:05:56,378 INFO: 		MEAN RECIPROCAL RANK VALID (L & R): 0.0495
2017-03-21 03:05:56,378 WARNING: EARLY STOPPING, failed to improve MRR on valid after 30 epochs
2017-03-21 03:05:56,378 INFO: ----------------------------------------------------------------------------
2017-03-21 03:05:56,379 INFO: ----------------------------------------------------------------------------
2017-03-21 03:05:56,379 INFO: 	Ranking model on all examples from test. Each example ranked against 14951 other entities
2017-03-21 03:05:56,379 INFO: 	RELATION ranking: each rel ranked against 1345 other rels
2017-03-21 03:05:56,853 INFO: 	Ranking: evaluating rank on 59071 triples
2017-03-21 04:01:18,122 INFO: left_ranks: (59071,), right_ranks: (59071,), rel_ranks: (59071,)
2017-03-21 04:01:18,145 INFO: max left_ranks: 14951, max right_ranks: 14951, max rel_ranks: 1345
2017-03-21 04:01:19,090 INFO: MICRO RAW:
2017-03-21 04:01:19,090 INFO: 	Left mean rank: 1107.446, MRR: 0.042, median rank: 526.0, hits@10: 7.799%
2017-03-21 04:01:19,091 INFO: 	Right mean rank: 979.082, MRR: 0.083, median rank: 343.0, hits@10: 14.176%
2017-03-21 04:01:19,091 INFO: 	relation mean rank: 731.357, MRR: 0.004, median rank: 868.0, hits@10: 0.166%
2017-03-21 04:01:19,091 INFO: 	Global mean rank: 1043.264, MRR: 0.063, median rank: 438.0, hits@10: 10.988%
2017-03-21 04:01:19,091 INFO: MACRO RAW
2017-03-21 04:01:19,091 INFO: 	Left mean rank: 2353.022, MRR: 0.045, median rank: 905.0, hits@10: 8.332%
2017-03-21 04:01:19,091 INFO: 	Right mean rank: 1572.555, MRR: 0.09, median rank: 485.0, hits@10: 14.832%
2017-03-21 04:01:19,091 INFO: 	relation mean rank: 641.009, MRR: 0.006, median rank: 641.009, hits@10: 0.937%
2017-03-21 04:01:19,092 INFO: 	Global mean rank: 1522.196, MRR: 0.047, median rank: 618.0, hits@10: 8.034%
2017-03-21 04:01:19,100 INFO: Ranking model on all examples from test. Each example ranked against 14951 other entities which are FILTERED
2017-03-21 04:01:19,100 INFO: RELATION ranking: each rel ranked against 1345 other rels
2017-03-21 04:01:20,017 INFO: 	FilteredRanking: evaluating rank on 59071 triples
2017-03-21 05:20:45,861 INFO: MICRO FILTERED:
2017-03-21 05:20:45,866 INFO: 	Left mean rank: 996.07521, MRR: 0.05197, median rank: 451.0, hits@10: 9.008%
2017-03-21 05:20:45,867 INFO: 	Right mean rank: 907.62306, MRR: 0.09921, median rank: 310.0, hits@10: 15.505%
2017-03-21 05:20:45,867 INFO: 	relation mean rank: 731.195, MRR: 0.004, median rank: 867.0, hits@10: 0.166%
2017-03-21 05:20:45,868 INFO: 	Global mean rank: 951.84914, MRR: 0.07559, median rank: 380.5, hits@10: 12.256%
2017-03-21 05:20:45,868 INFO: MACRO FILTERED
2017-03-21 05:20:45,868 INFO: 	Left mean rank: 2327.94898, MRR: 0.05261, median rank: 851.5, hits@10: 9.206%
2017-03-21 05:20:45,868 INFO: 	Right mean rank: 1560.7308, MRR: 0.10121, median rank: 479.5, hits@10: 15.677%
2017-03-21 05:20:45,868 INFO: 	relation mean rank: 640.794, MRR: 0.006, median rank: 640.847, hits@10: 0.937%
2017-03-21 05:20:45,868 INFO: 	Global mean rank: 1509.82447, MRR: 0.05323, median rank: 597.0, hits@10: 8.607%
