2017-05-01 11:10:22,084 INFO: logger initialized for experiment identifier: TransE_Text_L1_ndim_100_marg_2.0_textmarg_5.0_textsim_L1_lrate_0.01_cost_margincost_role_TextAsRegularizer
2017-05-01 11:10:22,084 INFO: identifier: TransE_Text_L1_ndim_100_marg_2.0_textmarg_5.0_textsim_L1_lrate_0.01_cost_margincost_role_TextAsRegularizer
2017-05-01 11:10:22,084 INFO: models saved to path: /Users/corbinrosset/Dropbox/Arora/QA-code/src/KBC_Text/outputs/FB15k_TransE_Text/
2017-05-01 11:10:22,084 INFO: DD{'ndim': 100, 'vocab_size': 354936, 'word_dim': 100, 'Nsyn_rel': 1345, 'lremb': 0.01, 'nvalid': 1000, 'seed': 123, 'simfn': 'L1', 'test_all': 10, 'word_file': '/Users/corbinrosset/Dropbox/GloVe/glove.6B/glove.6B.100d.txt', 'nbatches': 100, 'marg_text': 5.0, 'loademb': False, 'datapath': '/Users/corbinrosset/Dropbox/Arora/QA-code/src/KBC_Text/data/', 'Nrel': 1345, 'rel': False, 'Nent': 16296, 'logger': <logging.RootLogger object at 0x10aacbed0>, 'Nsyn': 14951, 'reg': 0.01, 'bestvalidMRR': -1, 'loadmodel': False, 'savepath': '/Users/corbinrosset/Dropbox/Arora/QA-code/src/KBC_Text/outputs/FB15k_TransE_Text/TransE_Text_L1_ndim_100_marg_2.0_textmarg_5.0_textsim_L1_lrate_0.01_cost_margincost_role_TextAsRegularizer', 'marge': 2.0, 'margincostfunction': 'margincost', 'dataset': 'FB15k', 'vocab': '/Users/corbinrosset/Dropbox/Arora/QA-code/src/process_clueweb/dictionary.txt', 'identifier': 'TransE_Text_L1_ndim_100_marg_2.0_textmarg_5.0_textsim_L1_lrate_0.01_cost_margincost_role_TextAsRegularizer', 'lrparam': 0.01, 'textsim': 'L1', 'numTextTrain': 1000000, 'ntrain': 1000, 'textual_role': 'TextAsRegularizer', 'experiment_type': 'FB15k_text', 'totepochs': 300, 'ntest': 1000, 'gamma': 1.0, 'op': 'TransE_text'}
2017-05-01 11:10:23,800 INFO: loaded FB15k data in: 1.673338 seconds
2017-05-01 11:10:23,802 DEBUG: (16296, 483142) (16296, 483142) (1345, 483142) (1000,)
2017-05-01 11:10:25,321 INFO: using 1000000 out of 10413174 available textual mentions
2017-05-01 11:11:03,566 INFO: loaded clueweb data in: 38.848741 seconds
2017-05-01 11:11:03,567 DEBUG: size of clueweb data: 805307264 bytes
2017-05-01 11:11:03,567 DEBUG: 	idxl: 64 bytes
2017-05-01 11:11:03,567 DEBUG: 	idxr: 64 bytes
2017-05-01 11:11:03,567 DEBUG: 	idxo: 64 bytes
2017-05-01 11:11:03,567 DEBUG: 	idxvl: 16 bytes
2017-05-01 11:11:03,567 DEBUG: 	idxvr: 16 bytes
2017-05-01 11:11:03,567 DEBUG: 	idxvo: 16 bytes
2017-05-01 11:11:03,567 DEBUG: 	idxtl: 16 bytes
2017-05-01 11:11:03,567 DEBUG: 	idxtr: 16 bytes
2017-05-01 11:11:03,567 DEBUG: 	idxto: 16 bytes
2017-05-01 11:11:03,567 DEBUG: 	sent2idx: 16 bytes
2017-05-01 11:11:03,567 DEBUG: 	idx2sent: 402653464 bytes
2017-05-01 11:11:03,568 DEBUG: 	text_per_triple_cntr: 16 bytes
2017-05-01 11:11:03,568 DEBUG: 	unique_text_per_triple: 16 bytes
2017-05-01 11:11:03,568 DEBUG: 	triple_per_text: 402653464 bytes
2017-05-01 11:11:14,391 DEBUG: loaded data and constructed model...
2017-05-01 11:11:14,391 DEBUG: num epochs: 300
2017-05-01 11:11:14,391 DEBUG: num batches per epoch: 100
2017-05-01 11:11:14,391 DEBUG: KB batchsize: 4831
2017-05-01 11:11:14,392 DEBUG: Textual Triples batchsize: 10000
2017-05-01 11:11:14,392 DEBUG: left and right entity ranking functions will rank a triple against 14951 competitors
2017-05-01 11:11:14,392 INFO: BEGIN TRAINING
2017-05-01 11:17:57,410 INFO: ----------------------------------------------------------------------------
2017-05-01 11:17:57,410 INFO: EPOCH 1 (403.019 seconds):
2017-05-01 11:17:57,426 INFO: 	Average L2 norm of relation vector: 0.11166
2017-05-01 11:17:57,426 INFO: 	COST KB >> 1.437 +/- 0.669, % updates Left: 42.44%  Right: 37.38%
2017-05-01 11:17:57,427 INFO: 	COST TEXT >> 1.612 +/- 0.431, % updates Left: 0.0% Right: 0.0% Text: 5.02%
2017-05-01 11:24:35,333 INFO: ----------------------------------------------------------------------------
2017-05-01 11:24:35,336 INFO: EPOCH 2 (397.909 seconds):
2017-05-01 11:24:35,336 INFO: 	Average L2 norm of relation vector: 0.0722
2017-05-01 11:24:35,337 INFO: 	COST KB >> 0.72 +/- 0.025, % updates Left: 22.8%  Right: 20.38%
2017-05-01 11:24:35,337 INFO: 	COST TEXT >> 0.916 +/- 0.217, % updates Left: 0.0% Right: 0.0% Text: 4.04%
2017-05-01 11:31:08,216 INFO: ----------------------------------------------------------------------------
2017-05-01 11:31:08,226 INFO: EPOCH 3 (392.888 seconds):
2017-05-01 11:31:08,228 INFO: 	Average L2 norm of relation vector: 0.06085
2017-05-01 11:31:08,229 INFO: 	COST KB >> 0.614 +/- 0.022, % updates Left: 19.94%  Right: 18.01%
2017-05-01 11:31:08,230 INFO: 	COST TEXT >> 0.403 +/- 0.113, % updates Left: 0.0% Right: 0.0% Text: 4.23%
2017-05-01 11:37:41,166 INFO: ----------------------------------------------------------------------------
2017-05-01 11:37:41,169 INFO: EPOCH 4 (392.939 seconds):
2017-05-01 11:37:41,169 INFO: 	Average L2 norm of relation vector: 0.06128
2017-05-01 11:37:41,170 INFO: 	COST KB >> 0.563 +/- 0.02, % updates Left: 18.66%  Right: 16.95%
2017-05-01 11:37:41,170 INFO: 	COST TEXT >> 0.3 +/- 0.018, % updates Left: 0.0% Right: 0.0% Text: 4.66%
2017-05-01 11:44:12,267 INFO: ----------------------------------------------------------------------------
2017-05-01 11:44:12,269 INFO: EPOCH 5 (391.099 seconds):
2017-05-01 11:44:12,270 INFO: 	Average L2 norm of relation vector: 0.06188
2017-05-01 11:44:12,270 INFO: 	COST KB >> 0.533 +/- 0.025, % updates Left: 17.9%  Right: 16.34%
2017-05-01 11:44:12,271 INFO: 	COST TEXT >> 0.298 +/- 0.019, % updates Left: 0.0% Right: 0.0% Text: 4.66%
2017-05-01 12:02:40,984 INFO: ----------------------------------------------------------------------------
2017-05-01 12:02:40,985 INFO: EPOCH 6 (1108.714 seconds):
2017-05-01 12:02:40,986 INFO: 	Average L2 norm of relation vector: 0.06246
2017-05-01 12:02:40,986 INFO: 	COST KB >> 0.512 +/- 0.024, % updates Left: 17.3%  Right: 15.98%
2017-05-01 12:02:40,987 INFO: 	COST TEXT >> 0.296 +/- 0.02, % updates Left: 0.0% Right: 0.0% Text: 4.66%
2017-05-01 12:09:18,064 INFO: ----------------------------------------------------------------------------
2017-05-01 12:09:18,066 INFO: EPOCH 7 (397.08 seconds):
2017-05-01 12:09:18,067 INFO: 	Average L2 norm of relation vector: 0.0631
2017-05-01 12:09:18,067 INFO: 	COST KB >> 0.492 +/- 0.024, % updates Left: 16.94%  Right: 15.52%
2017-05-01 12:09:18,068 INFO: 	COST TEXT >> 0.294 +/- 0.017, % updates Left: 0.0% Right: 0.0% Text: 4.67%
2017-05-01 12:15:55,144 INFO: ----------------------------------------------------------------------------
2017-05-01 12:15:55,146 INFO: EPOCH 8 (397.078 seconds):
2017-05-01 12:15:55,147 INFO: 	Average L2 norm of relation vector: 0.0637
2017-05-01 12:15:55,147 INFO: 	COST KB >> 0.484 +/- 0.025, % updates Left: 16.77%  Right: 15.35%
2017-05-01 12:15:55,147 INFO: 	COST TEXT >> 0.296 +/- 0.018, % updates Left: 0.0% Right: 0.0% Text: 4.67%
2017-05-01 12:22:32,377 INFO: ----------------------------------------------------------------------------
2017-05-01 12:22:32,380 INFO: EPOCH 9 (397.232 seconds):
2017-05-01 12:22:32,380 INFO: 	Average L2 norm of relation vector: 0.06435
2017-05-01 12:22:32,381 INFO: 	COST KB >> 0.47 +/- 0.025, % updates Left: 16.39%  Right: 15.19%
2017-05-01 12:22:32,381 INFO: 	COST TEXT >> 0.292 +/- 0.019, % updates Left: 0.0% Right: 0.0% Text: 4.67%
2017-05-01 12:29:08,769 INFO: ----------------------------------------------------------------------------
2017-05-01 12:29:08,771 INFO: EPOCH 10 (396.39 seconds):
2017-05-01 12:29:08,771 INFO: 	Average L2 norm of relation vector: 0.06495
2017-05-01 12:29:08,772 INFO: 	COST KB >> 0.463 +/- 0.022, % updates Left: 16.29%  Right: 14.99%
2017-05-01 12:29:08,772 INFO: 	COST TEXT >> 0.293 +/- 0.019, % updates Left: 0.0% Right: 0.0% Text: 4.65%
2017-05-01 12:29:08,772 INFO: 	FilteredRanking: evaluating rank on 1000 triples
2017-05-01 12:30:03,103 INFO: 	FilteredRanking: evaluating rank on 1000 triples
2017-05-01 12:30:58,203 INFO: 	MEAN RANK >> valid: 963.9, train: 591.9
2017-05-01 12:30:58,203 INFO: 		MEAN RANK TRAIN: Left: 579.7 Rel: 0.0 Right: 604.1
2017-05-01 12:30:58,204 INFO: 		MEAN RANK VALID: Left: 998.8 Rel: 0.0 Right: 928.9
2017-05-01 12:30:58,204 INFO: 		MEAN RECIPROCAL RANK VALID (L & R): 0.1015
2017-05-01 12:30:58,204 INFO: 	FilteredRanking: evaluating rank on 1000 triples
2017-05-01 12:31:55,902 INFO: 	NEW BEST TEST MR: 976.3
2017-05-01 12:31:55,907 INFO: 		Left MR: 941.3 Rel MR: 0.0 Right MR: 1011.4
2017-05-01 12:31:57,294 INFO: 	(ranking took 168.522 seconds)
2017-05-01 12:38:43,040 INFO: ----------------------------------------------------------------------------
2017-05-01 12:38:43,042 INFO: EPOCH 11 (405.747 seconds):
2017-05-01 12:38:43,043 INFO: 	Average L2 norm of relation vector: 0.06551
2017-05-01 12:38:43,043 INFO: 	COST KB >> 0.458 +/- 0.026, % updates Left: 16.17%  Right: 14.99%
2017-05-01 12:38:43,043 INFO: 	COST TEXT >> 0.294 +/- 0.021, % updates Left: 0.0% Right: 0.0% Text: 4.63%
2017-05-01 12:45:18,113 INFO: ----------------------------------------------------------------------------
2017-05-01 12:45:18,118 INFO: EPOCH 12 (395.074 seconds):
2017-05-01 12:45:18,119 INFO: 	Average L2 norm of relation vector: 0.066
2017-05-01 12:45:18,120 INFO: 	COST KB >> 0.452 +/- 0.025, % updates Left: 15.96%  Right: 14.84%
2017-05-01 12:45:18,120 INFO: 	COST TEXT >> 0.294 +/- 0.017, % updates Left: 0.0% Right: 0.0% Text: 4.65%
2017-05-01 12:51:54,822 INFO: ----------------------------------------------------------------------------
2017-05-01 12:51:54,823 INFO: EPOCH 13 (396.703 seconds):
2017-05-01 12:51:54,824 INFO: 	Average L2 norm of relation vector: 0.06656
2017-05-01 12:51:54,824 INFO: 	COST KB >> 0.446 +/- 0.023, % updates Left: 15.93%  Right: 14.72%
2017-05-01 12:51:54,824 INFO: 	COST TEXT >> 0.294 +/- 0.019, % updates Left: 0.0% Right: 0.0% Text: 4.65%
2017-05-01 12:58:29,517 INFO: ----------------------------------------------------------------------------
2017-05-01 12:58:29,519 INFO: EPOCH 14 (394.695 seconds):
2017-05-01 12:58:29,520 INFO: 	Average L2 norm of relation vector: 0.06703
2017-05-01 12:58:29,520 INFO: 	COST KB >> 0.442 +/- 0.024, % updates Left: 15.79%  Right: 14.58%
2017-05-01 12:58:29,520 INFO: 	COST TEXT >> 0.292 +/- 0.018, % updates Left: 0.0% Right: 0.0% Text: 4.65%
2017-05-01 13:05:03,740 INFO: ----------------------------------------------------------------------------
2017-05-01 13:05:03,740 INFO: EPOCH 15 (394.219 seconds):
2017-05-01 13:05:03,741 INFO: 	Average L2 norm of relation vector: 0.06749
2017-05-01 13:05:03,741 INFO: 	COST KB >> 0.438 +/- 0.023, % updates Left: 15.76%  Right: 14.5%
2017-05-01 13:05:03,741 INFO: 	COST TEXT >> 0.293 +/- 0.019, % updates Left: 0.0% Right: 0.0% Text: 4.64%
2017-05-01 13:11:35,541 INFO: ----------------------------------------------------------------------------
2017-05-01 13:11:35,542 INFO: EPOCH 16 (391.801 seconds):
2017-05-01 13:11:35,543 INFO: 	Average L2 norm of relation vector: 0.06797
2017-05-01 13:11:35,544 INFO: 	COST KB >> 0.434 +/- 0.025, % updates Left: 15.65%  Right: 14.5%
2017-05-01 13:11:35,544 INFO: 	COST TEXT >> 0.29 +/- 0.02, % updates Left: 0.0% Right: 0.0% Text: 4.63%
2017-05-01 13:18:10,795 INFO: ----------------------------------------------------------------------------
2017-05-01 13:18:10,797 INFO: EPOCH 17 (395.253 seconds):
2017-05-01 13:18:10,798 INFO: 	Average L2 norm of relation vector: 0.06847
2017-05-01 13:18:10,799 INFO: 	COST KB >> 0.432 +/- 0.024, % updates Left: 15.65%  Right: 14.39%
2017-05-01 13:18:10,799 INFO: 	COST TEXT >> 0.29 +/- 0.019, % updates Left: 0.0% Right: 0.0% Text: 4.63%
2017-05-01 13:24:53,099 INFO: ----------------------------------------------------------------------------
2017-05-01 13:24:53,101 INFO: EPOCH 18 (402.302 seconds):
2017-05-01 13:24:53,102 INFO: 	Average L2 norm of relation vector: 0.06888
2017-05-01 13:24:53,102 INFO: 	COST KB >> 0.427 +/- 0.023, % updates Left: 15.47%  Right: 14.38%
2017-05-01 13:24:53,103 INFO: 	COST TEXT >> 0.292 +/- 0.018, % updates Left: 0.0% Right: 0.0% Text: 4.64%
2017-05-01 13:31:28,485 INFO: ----------------------------------------------------------------------------
2017-05-01 13:31:28,485 INFO: EPOCH 19 (395.382 seconds):
2017-05-01 13:31:28,486 INFO: 	Average L2 norm of relation vector: 0.06934
2017-05-01 13:31:28,486 INFO: 	COST KB >> 0.428 +/- 0.022, % updates Left: 15.52%  Right: 14.35%
2017-05-01 13:31:28,486 INFO: 	COST TEXT >> 0.29 +/- 0.02, % updates Left: 0.0% Right: 0.0% Text: 4.64%
2017-05-01 13:38:13,773 INFO: ----------------------------------------------------------------------------
2017-05-01 13:38:13,775 INFO: EPOCH 20 (405.288 seconds):
2017-05-01 13:38:13,775 INFO: 	Average L2 norm of relation vector: 0.06983
2017-05-01 13:38:13,776 INFO: 	COST KB >> 0.426 +/- 0.023, % updates Left: 15.53%  Right: 14.32%
2017-05-01 13:38:13,776 INFO: 	COST TEXT >> 0.29 +/- 0.02, % updates Left: 0.0% Right: 0.0% Text: 4.62%
2017-05-01 13:38:13,776 INFO: 	FilteredRanking: evaluating rank on 1000 triples
2017-05-01 13:39:10,948 INFO: 	FilteredRanking: evaluating rank on 1000 triples
2017-05-01 13:40:16,527 INFO: 	MEAN RANK >> valid: 954.9, train: 483.5
2017-05-01 13:40:16,529 INFO: 		MEAN RANK TRAIN: Left: 478.2 Rel: 0.0 Right: 488.7
2017-05-01 13:40:16,530 INFO: 		MEAN RANK VALID: Left: 984.7 Rel: 0.0 Right: 925.0
2017-05-01 13:40:16,530 INFO: 		MEAN RECIPROCAL RANK VALID (L & R): 0.096
2017-05-01 13:40:16,530 WARNING: 	WARNING, failed to improve MRR on valid, 2 chances left

2017-05-01 13:40:18,700 INFO: 	(ranking took 124.924 seconds)
2017-05-01 13:48:25,613 INFO: ----------------------------------------------------------------------------
2017-05-01 13:48:25,616 INFO: EPOCH 21 (486.916 seconds):
2017-05-01 13:48:25,617 INFO: 	Average L2 norm of relation vector: 0.07025
2017-05-01 13:48:25,618 INFO: 	COST KB >> 0.421 +/- 0.022, % updates Left: 15.38%  Right: 14.28%
2017-05-01 13:48:25,618 INFO: 	COST TEXT >> 0.292 +/- 0.019, % updates Left: 0.0% Right: 0.0% Text: 4.66%
2017-05-01 13:55:45,965 INFO: ----------------------------------------------------------------------------
2017-05-01 13:55:45,967 INFO: EPOCH 22 (440.349 seconds):
2017-05-01 13:55:45,969 INFO: 	Average L2 norm of relation vector: 0.07066
2017-05-01 13:55:45,970 INFO: 	COST KB >> 0.423 +/- 0.022, % updates Left: 15.42%  Right: 14.29%
2017-05-01 13:55:45,970 INFO: 	COST TEXT >> 0.288 +/- 0.017, % updates Left: 0.0% Right: 0.0% Text: 4.59%
2017-05-01 14:03:24,974 INFO: ----------------------------------------------------------------------------
2017-05-01 14:03:24,976 INFO: EPOCH 23 (459.005 seconds):
2017-05-01 14:03:24,977 INFO: 	Average L2 norm of relation vector: 0.07109
2017-05-01 14:03:24,977 INFO: 	COST KB >> 0.42 +/- 0.022, % updates Left: 15.35%  Right: 14.24%
2017-05-01 14:03:24,978 INFO: 	COST TEXT >> 0.291 +/- 0.019, % updates Left: 0.0% Right: 0.0% Text: 4.65%
2017-05-01 14:10:59,698 INFO: ----------------------------------------------------------------------------
2017-05-01 14:10:59,700 INFO: EPOCH 24 (454.722 seconds):
2017-05-01 14:10:59,701 INFO: 	Average L2 norm of relation vector: 0.07146
2017-05-01 14:10:59,701 INFO: 	COST KB >> 0.42 +/- 0.025, % updates Left: 15.36%  Right: 14.21%
2017-05-01 14:10:59,701 INFO: 	COST TEXT >> 0.29 +/- 0.019, % updates Left: 0.0% Right: 0.0% Text: 4.63%
2017-05-01 14:18:48,342 INFO: ----------------------------------------------------------------------------
2017-05-01 14:18:48,344 INFO: EPOCH 25 (468.642 seconds):
2017-05-01 14:18:48,344 INFO: 	Average L2 norm of relation vector: 0.07181
2017-05-01 14:18:48,345 INFO: 	COST KB >> 0.417 +/- 0.02, % updates Left: 15.37%  Right: 14.16%
2017-05-01 14:18:48,345 INFO: 	COST TEXT >> 0.291 +/- 0.018, % updates Left: 0.0% Right: 0.0% Text: 4.64%
2017-05-01 14:26:47,475 INFO: ----------------------------------------------------------------------------
2017-05-01 14:26:47,477 INFO: EPOCH 26 (479.132 seconds):
2017-05-01 14:26:47,478 INFO: 	Average L2 norm of relation vector: 0.07216
2017-05-01 14:26:47,478 INFO: 	COST KB >> 0.415 +/- 0.022, % updates Left: 15.27%  Right: 14.08%
2017-05-01 14:26:47,479 INFO: 	COST TEXT >> 0.291 +/- 0.017, % updates Left: 0.0% Right: 0.0% Text: 4.66%
2017-05-01 14:34:49,015 INFO: ----------------------------------------------------------------------------
2017-05-01 14:34:49,017 INFO: EPOCH 27 (481.538 seconds):
2017-05-01 14:34:49,017 INFO: 	Average L2 norm of relation vector: 0.07258
2017-05-01 14:34:49,018 INFO: 	COST KB >> 0.414 +/- 0.019, % updates Left: 15.23%  Right: 14.2%
2017-05-01 14:34:49,019 INFO: 	COST TEXT >> 0.291 +/- 0.018, % updates Left: 0.0% Right: 0.0% Text: 4.67%
2017-05-01 14:42:35,322 INFO: ----------------------------------------------------------------------------
2017-05-01 14:42:35,333 INFO: EPOCH 28 (466.314 seconds):
2017-05-01 14:42:35,334 INFO: 	Average L2 norm of relation vector: 0.07297
2017-05-01 14:42:35,335 INFO: 	COST KB >> 0.409 +/- 0.023, % updates Left: 15.18%  Right: 14.0%
2017-05-01 14:42:35,335 INFO: 	COST TEXT >> 0.289 +/- 0.018, % updates Left: 0.0% Right: 0.0% Text: 4.61%
2017-05-01 14:50:33,119 INFO: ----------------------------------------------------------------------------
2017-05-01 14:50:33,119 INFO: EPOCH 29 (477.784 seconds):
2017-05-01 14:50:33,120 INFO: 	Average L2 norm of relation vector: 0.07337
2017-05-01 14:50:33,120 INFO: 	COST KB >> 0.409 +/- 0.022, % updates Left: 15.1%  Right: 14.08%
2017-05-01 14:50:33,121 INFO: 	COST TEXT >> 0.286 +/- 0.018, % updates Left: 0.0% Right: 0.0% Text: 4.58%
2017-05-01 15:12:40,991 INFO: ----------------------------------------------------------------------------
2017-05-01 15:12:40,992 INFO: EPOCH 30 (1327.871 seconds):
2017-05-01 15:12:40,992 INFO: 	Average L2 norm of relation vector: 0.0737
2017-05-01 15:12:40,993 INFO: 	COST KB >> 0.412 +/- 0.025, % updates Left: 15.18%  Right: 14.04%
2017-05-01 15:12:40,993 INFO: 	COST TEXT >> 0.289 +/- 0.019, % updates Left: 0.0% Right: 0.0% Text: 4.62%
2017-05-01 15:12:40,994 INFO: 	FilteredRanking: evaluating rank on 1000 triples
2017-05-01 15:13:43,395 INFO: 	FilteredRanking: evaluating rank on 1000 triples
2017-05-01 15:14:43,541 INFO: 	MEAN RANK >> valid: 964.2, train: 521.0
2017-05-01 15:14:43,541 INFO: 		MEAN RANK TRAIN: Left: 534.9 Rel: 0.0 Right: 507.1
2017-05-01 15:14:43,542 INFO: 		MEAN RANK VALID: Left: 1054.5 Rel: 0.0 Right: 874.0
2017-05-01 15:14:43,542 INFO: 		MEAN RECIPROCAL RANK VALID (L & R): 0.1105
2017-05-01 15:14:43,542 INFO: 	FilteredRanking: evaluating rank on 1000 triples
2017-05-01 15:15:44,947 INFO: 	NEW BEST TEST MR: 936.2
2017-05-01 15:15:44,947 INFO: 		Left MR: 971.2 Rel MR: 0.0 Right MR: 901.2
2017-05-01 15:15:46,271 INFO: 	(ranking took 185.277 seconds)
2017-05-01 15:23:26,462 INFO: ----------------------------------------------------------------------------
2017-05-01 15:23:26,463 INFO: EPOCH 31 (460.192 seconds):
2017-05-01 15:23:26,463 INFO: 	Average L2 norm of relation vector: 0.07405
2017-05-01 15:23:26,464 INFO: 	COST KB >> 0.407 +/- 0.019, % updates Left: 15.09%  Right: 13.99%
2017-05-01 15:23:26,464 INFO: 	COST TEXT >> 0.29 +/- 0.017, % updates Left: 0.0% Right: 0.0% Text: 4.62%
2017-05-01 15:30:56,042 INFO: ----------------------------------------------------------------------------
2017-05-01 15:30:56,042 INFO: EPOCH 32 (449.578 seconds):
2017-05-01 15:30:56,043 INFO: 	Average L2 norm of relation vector: 0.07439
2017-05-01 15:30:56,043 INFO: 	COST KB >> 0.407 +/- 0.023, % updates Left: 15.17%  Right: 14.04%
2017-05-01 15:30:56,044 INFO: 	COST TEXT >> 0.287 +/- 0.019, % updates Left: 0.0% Right: 0.0% Text: 4.57%
2017-05-01 15:38:27,625 INFO: ----------------------------------------------------------------------------
2017-05-01 15:38:27,625 INFO: EPOCH 33 (451.582 seconds):
2017-05-01 15:38:27,626 INFO: 	Average L2 norm of relation vector: 0.07476
2017-05-01 15:38:27,627 INFO: 	COST KB >> 0.409 +/- 0.023, % updates Left: 15.18%  Right: 13.99%
2017-05-01 15:38:27,627 INFO: 	COST TEXT >> 0.287 +/- 0.02, % updates Left: 0.0% Right: 0.0% Text: 4.59%
2017-05-01 15:46:04,406 INFO: ----------------------------------------------------------------------------
2017-05-01 15:46:04,407 INFO: EPOCH 34 (456.779 seconds):
2017-05-01 15:46:04,407 INFO: 	Average L2 norm of relation vector: 0.07506
2017-05-01 15:46:04,408 INFO: 	COST KB >> 0.405 +/- 0.023, % updates Left: 15.1%  Right: 13.99%
2017-05-01 15:46:04,408 INFO: 	COST TEXT >> 0.288 +/- 0.019, % updates Left: 0.0% Right: 0.0% Text: 4.63%
2017-05-01 15:53:37,113 INFO: ----------------------------------------------------------------------------
2017-05-01 15:53:37,115 INFO: EPOCH 35 (452.707 seconds):
2017-05-01 15:53:37,116 INFO: 	Average L2 norm of relation vector: 0.07541
2017-05-01 15:53:37,117 INFO: 	COST KB >> 0.404 +/- 0.021, % updates Left: 15.13%  Right: 13.92%
2017-05-01 15:53:37,117 INFO: 	COST TEXT >> 0.288 +/- 0.017, % updates Left: 0.0% Right: 0.0% Text: 4.6%
2017-05-01 16:00:58,783 INFO: ----------------------------------------------------------------------------
2017-05-01 16:00:58,787 INFO: EPOCH 36 (441.67 seconds):
2017-05-01 16:00:58,789 INFO: 	Average L2 norm of relation vector: 0.07583
2017-05-01 16:00:58,789 INFO: 	COST KB >> 0.403 +/- 0.024, % updates Left: 15.1%  Right: 13.85%
2017-05-01 16:00:58,790 INFO: 	COST TEXT >> 0.288 +/- 0.016, % updates Left: 0.0% Right: 0.0% Text: 4.59%
2017-05-01 16:08:34,457 INFO: ----------------------------------------------------------------------------
2017-05-01 16:08:34,459 INFO: EPOCH 37 (455.668 seconds):
2017-05-01 16:08:34,459 INFO: 	Average L2 norm of relation vector: 0.07604
2017-05-01 16:08:34,460 INFO: 	COST KB >> 0.401 +/- 0.022, % updates Left: 15.0%  Right: 13.83%
2017-05-01 16:08:34,460 INFO: 	COST TEXT >> 0.29 +/- 0.017, % updates Left: 0.0% Right: 0.0% Text: 4.63%
2017-05-01 16:16:05,098 INFO: ----------------------------------------------------------------------------
2017-05-01 16:16:05,101 INFO: EPOCH 38 (450.64 seconds):
2017-05-01 16:16:05,102 INFO: 	Average L2 norm of relation vector: 0.07647
2017-05-01 16:16:05,102 INFO: 	COST KB >> 0.402 +/- 0.022, % updates Left: 15.04%  Right: 13.86%
2017-05-01 16:16:05,102 INFO: 	COST TEXT >> 0.286 +/- 0.017, % updates Left: 0.0% Right: 0.0% Text: 4.62%
2017-05-01 16:23:24,773 INFO: ----------------------------------------------------------------------------
2017-05-01 16:23:24,773 INFO: EPOCH 39 (439.671 seconds):
2017-05-01 16:23:24,774 INFO: 	Average L2 norm of relation vector: 0.07679
2017-05-01 16:23:24,774 INFO: 	COST KB >> 0.401 +/- 0.021, % updates Left: 15.01%  Right: 13.9%
2017-05-01 16:23:24,775 INFO: 	COST TEXT >> 0.286 +/- 0.017, % updates Left: 0.0% Right: 0.0% Text: 4.59%
2017-05-01 16:30:59,628 INFO: ----------------------------------------------------------------------------
2017-05-01 16:30:59,630 INFO: EPOCH 40 (454.855 seconds):
2017-05-01 16:30:59,631 INFO: 	Average L2 norm of relation vector: 0.077
2017-05-01 16:30:59,632 INFO: 	COST KB >> 0.4 +/- 0.022, % updates Left: 14.95%  Right: 13.83%
2017-05-01 16:30:59,632 INFO: 	COST TEXT >> 0.288 +/- 0.017, % updates Left: 0.0% Right: 0.0% Text: 4.6%
2017-05-01 16:30:59,633 INFO: 	FilteredRanking: evaluating rank on 1000 triples
2017-05-01 16:32:02,320 INFO: 	FilteredRanking: evaluating rank on 1000 triples
2017-05-01 16:33:02,424 INFO: 	MEAN RANK >> valid: 871.8, train: 487.0
2017-05-01 16:33:02,425 INFO: 		MEAN RANK TRAIN: Left: 511.3 Rel: 0.0 Right: 462.7
2017-05-01 16:33:02,425 INFO: 		MEAN RANK VALID: Left: 893.5 Rel: 0.0 Right: 850.2
2017-05-01 16:33:02,425 INFO: 		MEAN RECIPROCAL RANK VALID (L & R): 0.1155
2017-05-01 16:33:02,426 INFO: 	FilteredRanking: evaluating rank on 1000 triples
2017-05-01 16:34:07,316 INFO: 	NEW BEST TEST MR: 910.7
2017-05-01 16:34:07,321 INFO: 		Left MR: 858.6 Rel MR: 0.0 Right MR: 962.8
2017-05-01 16:34:08,601 INFO: 	(ranking took 188.968 seconds)
2017-05-01 16:42:11,821 INFO: ----------------------------------------------------------------------------
2017-05-01 16:42:11,822 INFO: EPOCH 41 (483.221 seconds):
2017-05-01 16:42:11,823 INFO: 	Average L2 norm of relation vector: 0.07734
2017-05-01 16:42:11,823 INFO: 	COST KB >> 0.402 +/- 0.023, % updates Left: 15.01%  Right: 13.85%
2017-05-01 16:42:11,824 INFO: 	COST TEXT >> 0.29 +/- 0.019, % updates Left: 0.0% Right: 0.0% Text: 4.65%
2017-05-01 16:50:22,564 INFO: ----------------------------------------------------------------------------
2017-05-01 16:50:22,566 INFO: EPOCH 42 (490.742 seconds):
2017-05-01 16:50:22,567 INFO: 	Average L2 norm of relation vector: 0.07762
2017-05-01 16:50:22,568 INFO: 	COST KB >> 0.397 +/- 0.021, % updates Left: 14.92%  Right: 13.73%
2017-05-01 16:50:22,568 INFO: 	COST TEXT >> 0.288 +/- 0.02, % updates Left: 0.0% Right: 0.0% Text: 4.63%
2017-05-01 16:58:35,001 INFO: ----------------------------------------------------------------------------
2017-05-01 16:58:35,005 INFO: EPOCH 43 (492.437 seconds):
2017-05-01 16:58:35,007 INFO: 	Average L2 norm of relation vector: 0.07794
2017-05-01 16:58:35,007 INFO: 	COST KB >> 0.396 +/- 0.021, % updates Left: 14.89%  Right: 13.7%
2017-05-01 16:58:35,008 INFO: 	COST TEXT >> 0.286 +/- 0.018, % updates Left: 0.0% Right: 0.0% Text: 4.6%
2017-05-01 17:06:43,144 INFO: ----------------------------------------------------------------------------
2017-05-01 17:06:43,145 INFO: EPOCH 44 (488.136 seconds):
2017-05-01 17:06:43,145 INFO: 	Average L2 norm of relation vector: 0.07824
2017-05-01 17:06:43,146 INFO: 	COST KB >> 0.397 +/- 0.021, % updates Left: 14.94%  Right: 13.82%
2017-05-01 17:06:43,146 INFO: 	COST TEXT >> 0.283 +/- 0.019, % updates Left: 0.0% Right: 0.0% Text: 4.54%
2017-05-01 17:15:01,181 INFO: ----------------------------------------------------------------------------
2017-05-01 17:15:01,181 INFO: EPOCH 45 (498.035 seconds):
2017-05-01 17:15:01,183 INFO: 	Average L2 norm of relation vector: 0.07854
2017-05-01 17:15:01,183 INFO: 	COST KB >> 0.397 +/- 0.023, % updates Left: 14.92%  Right: 13.78%
2017-05-01 17:15:01,184 INFO: 	COST TEXT >> 0.284 +/- 0.02, % updates Left: 0.0% Right: 0.0% Text: 4.57%
2017-05-01 17:23:14,606 INFO: ----------------------------------------------------------------------------
2017-05-01 17:23:14,608 INFO: EPOCH 46 (493.423 seconds):
2017-05-01 17:23:14,608 INFO: 	Average L2 norm of relation vector: 0.07888
2017-05-01 17:23:14,609 INFO: 	COST KB >> 0.396 +/- 0.017, % updates Left: 14.85%  Right: 13.74%
2017-05-01 17:23:14,610 INFO: 	COST TEXT >> 0.288 +/- 0.018, % updates Left: 0.0% Right: 0.0% Text: 4.65%
2017-05-01 17:31:32,204 INFO: ----------------------------------------------------------------------------
2017-05-01 17:31:32,207 INFO: EPOCH 47 (497.597 seconds):
2017-05-01 17:31:32,207 INFO: 	Average L2 norm of relation vector: 0.07914
2017-05-01 17:31:32,208 INFO: 	COST KB >> 0.396 +/- 0.022, % updates Left: 14.88%  Right: 13.7%
2017-05-01 17:31:32,208 INFO: 	COST TEXT >> 0.287 +/- 0.018, % updates Left: 0.0% Right: 0.0% Text: 4.61%
2017-05-01 17:39:02,516 INFO: ----------------------------------------------------------------------------
2017-05-01 17:39:02,518 INFO: EPOCH 48 (450.31 seconds):
2017-05-01 17:39:02,519 INFO: 	Average L2 norm of relation vector: 0.07942
2017-05-01 17:39:02,519 INFO: 	COST KB >> 0.397 +/- 0.021, % updates Left: 14.91%  Right: 13.74%
2017-05-01 17:39:02,520 INFO: 	COST TEXT >> 0.285 +/- 0.018, % updates Left: 0.0% Right: 0.0% Text: 4.57%
2017-05-01 17:46:29,761 INFO: ----------------------------------------------------------------------------
2017-05-01 17:46:29,762 INFO: EPOCH 49 (447.242 seconds):
2017-05-01 17:46:29,763 INFO: 	Average L2 norm of relation vector: 0.07981
2017-05-01 17:46:29,764 INFO: 	COST KB >> 0.395 +/- 0.019, % updates Left: 14.85%  Right: 13.73%
2017-05-01 17:46:29,764 INFO: 	COST TEXT >> 0.285 +/- 0.015, % updates Left: 0.0% Right: 0.0% Text: 4.61%
2017-05-01 17:54:00,075 INFO: ----------------------------------------------------------------------------
2017-05-01 17:54:00,077 INFO: EPOCH 50 (450.313 seconds):
2017-05-01 17:54:00,078 INFO: 	Average L2 norm of relation vector: 0.08008
2017-05-01 17:54:00,078 INFO: 	COST KB >> 0.394 +/- 0.023, % updates Left: 14.89%  Right: 13.73%
2017-05-01 17:54:00,078 INFO: 	COST TEXT >> 0.282 +/- 0.02, % updates Left: 0.0% Right: 0.0% Text: 4.56%
2017-05-01 17:54:00,079 INFO: 	FilteredRanking: evaluating rank on 1000 triples
2017-05-01 17:54:58,539 INFO: 	FilteredRanking: evaluating rank on 1000 triples
2017-05-01 17:55:58,060 INFO: 	MEAN RANK >> valid: 864.2, train: 449.3
2017-05-01 17:55:58,063 INFO: 		MEAN RANK TRAIN: Left: 464.9 Rel: 0.0 Right: 433.6
2017-05-01 17:55:58,064 INFO: 		MEAN RANK VALID: Left: 839.6 Rel: 0.0 Right: 888.9
2017-05-01 17:55:58,064 INFO: 		MEAN RECIPROCAL RANK VALID (L & R): 0.117
2017-05-01 17:55:58,064 INFO: 	FilteredRanking: evaluating rank on 1000 triples
2017-05-01 17:57:02,647 INFO: 	NEW BEST TEST MR: 881.1
2017-05-01 17:57:02,660 INFO: 		Left MR: 899.1 Rel MR: 0.0 Right MR: 863.1
2017-05-01 17:57:03,897 INFO: 	(ranking took 183.818 seconds)
2017-05-01 18:04:42,933 INFO: ----------------------------------------------------------------------------
2017-05-01 18:04:42,935 INFO: EPOCH 51 (459.038 seconds):
2017-05-01 18:04:42,936 INFO: 	Average L2 norm of relation vector: 0.08036
2017-05-01 18:04:42,936 INFO: 	COST KB >> 0.393 +/- 0.02, % updates Left: 14.81%  Right: 13.7%
2017-05-01 18:04:42,937 INFO: 	COST TEXT >> 0.288 +/- 0.02, % updates Left: 0.0% Right: 0.0% Text: 4.62%
2017-05-01 18:12:21,643 INFO: ----------------------------------------------------------------------------
2017-05-01 18:12:21,643 INFO: EPOCH 52 (458.706 seconds):
2017-05-01 18:12:21,644 INFO: 	Average L2 norm of relation vector: 0.08069
2017-05-01 18:12:21,644 INFO: 	COST KB >> 0.393 +/- 0.022, % updates Left: 14.9%  Right: 13.65%
2017-05-01 18:12:21,644 INFO: 	COST TEXT >> 0.289 +/- 0.018, % updates Left: 0.0% Right: 0.0% Text: 4.67%
2017-05-01 18:20:25,522 INFO: ----------------------------------------------------------------------------
2017-05-01 18:20:25,524 INFO: EPOCH 53 (483.879 seconds):
2017-05-01 18:20:25,525 INFO: 	Average L2 norm of relation vector: 0.08094
2017-05-01 18:20:25,525 INFO: 	COST KB >> 0.395 +/- 0.019, % updates Left: 14.82%  Right: 13.76%
2017-05-01 18:20:25,525 INFO: 	COST TEXT >> 0.286 +/- 0.019, % updates Left: 0.0% Right: 0.0% Text: 4.61%
2017-05-01 18:28:04,149 INFO: ----------------------------------------------------------------------------
2017-05-01 18:28:04,151 INFO: EPOCH 54 (458.626 seconds):
2017-05-01 18:28:04,152 INFO: 	Average L2 norm of relation vector: 0.08123
2017-05-01 18:28:04,152 INFO: 	COST KB >> 0.393 +/- 0.019, % updates Left: 14.86%  Right: 13.67%
2017-05-01 18:28:04,153 INFO: 	COST TEXT >> 0.284 +/- 0.018, % updates Left: 0.0% Right: 0.0% Text: 4.59%
2017-05-01 18:35:51,081 INFO: ----------------------------------------------------------------------------
2017-05-01 18:35:51,083 INFO: EPOCH 55 (466.93 seconds):
2017-05-01 18:35:51,083 INFO: 	Average L2 norm of relation vector: 0.08142
2017-05-01 18:35:51,084 INFO: 	COST KB >> 0.391 +/- 0.025, % updates Left: 14.78%  Right: 13.66%
2017-05-01 18:35:51,084 INFO: 	COST TEXT >> 0.283 +/- 0.017, % updates Left: 0.0% Right: 0.0% Text: 4.58%
2017-05-01 18:43:32,556 INFO: ----------------------------------------------------------------------------
2017-05-01 18:43:32,557 INFO: EPOCH 56 (461.473 seconds):
2017-05-01 18:43:32,558 INFO: 	Average L2 norm of relation vector: 0.08176
2017-05-01 18:43:32,559 INFO: 	COST KB >> 0.391 +/- 0.02, % updates Left: 14.84%  Right: 13.62%
2017-05-01 18:43:32,559 INFO: 	COST TEXT >> 0.281 +/- 0.018, % updates Left: 0.0% Right: 0.0% Text: 4.55%
2017-05-01 18:51:55,240 INFO: ----------------------------------------------------------------------------
2017-05-01 18:51:55,240 INFO: EPOCH 57 (502.681 seconds):
2017-05-01 18:51:55,241 INFO: 	Average L2 norm of relation vector: 0.08205
2017-05-01 18:51:55,242 INFO: 	COST KB >> 0.388 +/- 0.021, % updates Left: 14.83%  Right: 13.59%
2017-05-01 18:51:55,242 INFO: 	COST TEXT >> 0.282 +/- 0.019, % updates Left: 0.0% Right: 0.0% Text: 4.55%
2017-05-01 19:00:17,012 INFO: ----------------------------------------------------------------------------
2017-05-01 19:00:17,020 INFO: EPOCH 58 (501.777 seconds):
2017-05-01 19:00:17,022 INFO: 	Average L2 norm of relation vector: 0.08233
2017-05-01 19:00:17,023 INFO: 	COST KB >> 0.39 +/- 0.023, % updates Left: 14.87%  Right: 13.67%
2017-05-01 19:00:17,023 INFO: 	COST TEXT >> 0.285 +/- 0.018, % updates Left: 0.0% Right: 0.0% Text: 4.59%
2017-05-01 19:08:13,274 INFO: ----------------------------------------------------------------------------
2017-05-01 19:08:13,275 INFO: EPOCH 59 (476.252 seconds):
2017-05-01 19:08:13,276 INFO: 	Average L2 norm of relation vector: 0.08257
2017-05-01 19:08:13,277 INFO: 	COST KB >> 0.388 +/- 0.021, % updates Left: 14.76%  Right: 13.64%
2017-05-01 19:08:13,278 INFO: 	COST TEXT >> 0.286 +/- 0.02, % updates Left: 0.0% Right: 0.0% Text: 4.64%
2017-05-01 19:16:06,293 INFO: ----------------------------------------------------------------------------
2017-05-01 19:16:06,295 INFO: EPOCH 60 (473.017 seconds):
2017-05-01 19:16:06,295 INFO: 	Average L2 norm of relation vector: 0.08281
2017-05-01 19:16:06,296 INFO: 	COST KB >> 0.387 +/- 0.021, % updates Left: 14.72%  Right: 13.6%
2017-05-01 19:16:06,296 INFO: 	COST TEXT >> 0.285 +/- 0.017, % updates Left: 0.0% Right: 0.0% Text: 4.59%
2017-05-01 19:16:06,296 INFO: 	FilteredRanking: evaluating rank on 1000 triples
2017-05-01 19:17:11,117 INFO: 	FilteredRanking: evaluating rank on 1000 triples
2017-05-01 19:18:15,908 INFO: 	MEAN RANK >> valid: 847.7, train: 458.6
2017-05-01 19:18:15,908 INFO: 		MEAN RANK TRAIN: Left: 491.4 Rel: 0.0 Right: 425.8
2017-05-01 19:18:15,909 INFO: 		MEAN RANK VALID: Left: 868.8 Rel: 0.0 Right: 826.6
2017-05-01 19:18:15,909 INFO: 		MEAN RECIPROCAL RANK VALID (L & R): 0.1035
2017-05-01 19:18:15,909 WARNING: 	WARNING, failed to improve MRR on valid, 1 chances left

2017-05-01 19:18:17,734 INFO: 	(ranking took 131.438 seconds)
2017-05-01 19:26:11,742 INFO: ----------------------------------------------------------------------------
2017-05-01 19:26:11,744 INFO: EPOCH 61 (474.01 seconds):
2017-05-01 19:26:11,745 INFO: 	Average L2 norm of relation vector: 0.08311
2017-05-01 19:26:11,745 INFO: 	COST KB >> 0.388 +/- 0.023, % updates Left: 14.75%  Right: 13.63%
2017-05-01 19:26:11,745 INFO: 	COST TEXT >> 0.285 +/- 0.018, % updates Left: 0.0% Right: 0.0% Text: 4.58%
2017-05-01 19:33:52,507 INFO: ----------------------------------------------------------------------------
2017-05-01 19:33:52,509 INFO: EPOCH 62 (460.763 seconds):
2017-05-01 19:33:52,509 INFO: 	Average L2 norm of relation vector: 0.0834
2017-05-01 19:33:52,510 INFO: 	COST KB >> 0.388 +/- 0.02, % updates Left: 14.78%  Right: 13.58%
2017-05-01 19:33:52,510 INFO: 	COST TEXT >> 0.284 +/- 0.017, % updates Left: 0.0% Right: 0.0% Text: 4.59%
2017-05-01 19:41:35,184 INFO: ----------------------------------------------------------------------------
2017-05-01 19:41:35,186 INFO: EPOCH 63 (462.676 seconds):
2017-05-01 19:41:35,187 INFO: 	Average L2 norm of relation vector: 0.08369
2017-05-01 19:41:35,187 INFO: 	COST KB >> 0.39 +/- 0.02, % updates Left: 14.79%  Right: 13.67%
2017-05-01 19:41:35,187 INFO: 	COST TEXT >> 0.282 +/- 0.018, % updates Left: 0.0% Right: 0.0% Text: 4.56%
2017-05-01 20:22:54,365 INFO: ----------------------------------------------------------------------------
2017-05-01 20:22:54,366 INFO: EPOCH 64 (2479.179 seconds):
2017-05-01 20:22:54,367 INFO: 	Average L2 norm of relation vector: 0.08392
2017-05-01 20:22:54,368 INFO: 	COST KB >> 0.387 +/- 0.02, % updates Left: 14.75%  Right: 13.59%
2017-05-01 20:22:54,368 INFO: 	COST TEXT >> 0.283 +/- 0.02, % updates Left: 0.0% Right: 0.0% Text: 4.57%
2017-05-01 20:30:16,265 INFO: ----------------------------------------------------------------------------
2017-05-01 20:30:16,279 INFO: EPOCH 65 (441.911 seconds):
2017-05-01 20:30:16,280 INFO: 	Average L2 norm of relation vector: 0.08418
2017-05-01 20:30:16,281 INFO: 	COST KB >> 0.385 +/- 0.02, % updates Left: 14.67%  Right: 13.55%
2017-05-01 20:30:16,281 INFO: 	COST TEXT >> 0.283 +/- 0.017, % updates Left: 0.0% Right: 0.0% Text: 4.59%
2017-05-01 20:37:42,353 INFO: ----------------------------------------------------------------------------
2017-05-01 20:37:42,356 INFO: EPOCH 66 (446.074 seconds):
2017-05-01 20:37:42,356 INFO: 	Average L2 norm of relation vector: 0.08443
2017-05-01 20:37:42,357 INFO: 	COST KB >> 0.388 +/- 0.025, % updates Left: 14.8%  Right: 13.57%
2017-05-01 20:37:42,357 INFO: 	COST TEXT >> 0.284 +/- 0.019, % updates Left: 0.0% Right: 0.0% Text: 4.58%
2017-05-01 20:45:06,763 INFO: ----------------------------------------------------------------------------
2017-05-01 20:45:06,763 INFO: EPOCH 67 (444.406 seconds):
2017-05-01 20:45:06,764 INFO: 	Average L2 norm of relation vector: 0.08475
2017-05-01 20:45:06,764 INFO: 	COST KB >> 0.386 +/- 0.022, % updates Left: 14.77%  Right: 13.53%
2017-05-01 20:45:06,764 INFO: 	COST TEXT >> 0.283 +/- 0.019, % updates Left: 0.0% Right: 0.0% Text: 4.58%
2017-05-01 20:52:42,373 INFO: ----------------------------------------------------------------------------
2017-05-01 20:52:42,375 INFO: EPOCH 68 (455.611 seconds):
2017-05-01 20:52:42,376 INFO: 	Average L2 norm of relation vector: 0.08499
2017-05-01 20:52:42,376 INFO: 	COST KB >> 0.387 +/- 0.023, % updates Left: 14.7%  Right: 13.61%
2017-05-01 20:52:42,377 INFO: 	COST TEXT >> 0.281 +/- 0.02, % updates Left: 0.0% Right: 0.0% Text: 4.54%
2017-05-01 21:00:38,567 INFO: ----------------------------------------------------------------------------
2017-05-01 21:00:38,569 INFO: EPOCH 69 (476.192 seconds):
2017-05-01 21:00:38,570 INFO: 	Average L2 norm of relation vector: 0.08526
2017-05-01 21:00:38,570 INFO: 	COST KB >> 0.386 +/- 0.02, % updates Left: 14.83%  Right: 13.64%
2017-05-01 21:00:38,571 INFO: 	COST TEXT >> 0.284 +/- 0.021, % updates Left: 0.0% Right: 0.0% Text: 4.6%
2017-05-01 21:08:52,360 INFO: ----------------------------------------------------------------------------
2017-05-01 21:08:52,363 INFO: EPOCH 70 (493.792 seconds):
2017-05-01 21:08:52,364 INFO: 	Average L2 norm of relation vector: 0.08546
2017-05-01 21:08:52,364 INFO: 	COST KB >> 0.385 +/- 0.023, % updates Left: 14.78%  Right: 13.51%
2017-05-01 21:08:52,365 INFO: 	COST TEXT >> 0.282 +/- 0.015, % updates Left: 0.0% Right: 0.0% Text: 4.58%
2017-05-01 21:08:52,365 INFO: 	FilteredRanking: evaluating rank on 1000 triples
2017-05-01 21:09:56,408 INFO: 	FilteredRanking: evaluating rank on 1000 triples
2017-05-01 21:10:57,946 INFO: 	MEAN RANK >> valid: 815.0, train: 420.3
2017-05-01 21:10:57,949 INFO: 		MEAN RANK TRAIN: Left: 438.4 Rel: 0.0 Right: 402.1
2017-05-01 21:10:57,949 INFO: 		MEAN RANK VALID: Left: 862.5 Rel: 0.0 Right: 767.6
2017-05-01 21:10:57,949 INFO: 		MEAN RECIPROCAL RANK VALID (L & R): 0.115
2017-05-01 21:10:57,950 WARNING: 	WARNING, failed to improve MRR on valid, 0 chances left

2017-05-01 21:10:59,842 INFO: 	(ranking took 127.477 seconds)
2017-05-01 21:18:37,754 INFO: ----------------------------------------------------------------------------
2017-05-01 21:18:37,757 INFO: EPOCH 71 (457.914 seconds):
2017-05-01 21:18:37,757 INFO: 	Average L2 norm of relation vector: 0.08571
2017-05-01 21:18:37,758 INFO: 	COST KB >> 0.385 +/- 0.025, % updates Left: 14.65%  Right: 13.54%
2017-05-01 21:18:37,758 INFO: 	COST TEXT >> 0.283 +/- 0.018, % updates Left: 0.0% Right: 0.0% Text: 4.61%
2017-05-01 21:26:12,871 INFO: ----------------------------------------------------------------------------
2017-05-01 21:26:12,871 INFO: EPOCH 72 (455.113 seconds):
2017-05-01 21:26:12,872 INFO: 	Average L2 norm of relation vector: 0.08596
2017-05-01 21:26:12,872 INFO: 	COST KB >> 0.385 +/- 0.024, % updates Left: 14.72%  Right: 13.54%
2017-05-01 21:26:12,873 INFO: 	COST TEXT >> 0.287 +/- 0.017, % updates Left: 0.0% Right: 0.0% Text: 4.63%
2017-05-01 21:33:55,408 INFO: ----------------------------------------------------------------------------
2017-05-01 21:33:55,413 INFO: EPOCH 73 (462.54 seconds):
2017-05-01 21:33:55,415 INFO: 	Average L2 norm of relation vector: 0.08626
2017-05-01 21:33:55,415 INFO: 	COST KB >> 0.386 +/- 0.022, % updates Left: 14.67%  Right: 13.59%
2017-05-01 21:33:55,416 INFO: 	COST TEXT >> 0.282 +/- 0.018, % updates Left: 0.0% Right: 0.0% Text: 4.57%
2017-05-01 21:41:33,934 INFO: ----------------------------------------------------------------------------
2017-05-01 21:41:33,934 INFO: EPOCH 74 (458.519 seconds):
2017-05-01 21:41:33,935 INFO: 	Average L2 norm of relation vector: 0.08649
2017-05-01 21:41:33,935 INFO: 	COST KB >> 0.382 +/- 0.022, % updates Left: 14.68%  Right: 13.48%
2017-05-01 21:41:33,936 INFO: 	COST TEXT >> 0.283 +/- 0.02, % updates Left: 0.0% Right: 0.0% Text: 4.58%
2017-05-01 21:49:13,200 INFO: ----------------------------------------------------------------------------
2017-05-01 21:49:13,200 INFO: EPOCH 75 (459.264 seconds):
2017-05-01 21:49:13,201 INFO: 	Average L2 norm of relation vector: 0.0867
2017-05-01 21:49:13,201 INFO: 	COST KB >> 0.384 +/- 0.022, % updates Left: 14.67%  Right: 13.59%
2017-05-01 21:49:13,202 INFO: 	COST TEXT >> 0.282 +/- 0.018, % updates Left: 0.0% Right: 0.0% Text: 4.6%
2017-05-01 21:56:48,327 INFO: ----------------------------------------------------------------------------
2017-05-01 21:56:48,327 INFO: EPOCH 76 (455.125 seconds):
2017-05-01 21:56:48,328 INFO: 	Average L2 norm of relation vector: 0.08692
2017-05-01 21:56:48,328 INFO: 	COST KB >> 0.384 +/- 0.024, % updates Left: 14.64%  Right: 13.59%
2017-05-01 21:56:48,328 INFO: 	COST TEXT >> 0.283 +/- 0.019, % updates Left: 0.0% Right: 0.0% Text: 4.59%
2017-05-01 22:04:21,327 INFO: ----------------------------------------------------------------------------
2017-05-01 22:04:21,327 INFO: EPOCH 77 (452.998 seconds):
2017-05-01 22:04:21,328 INFO: 	Average L2 norm of relation vector: 0.0872
2017-05-01 22:04:21,328 INFO: 	COST KB >> 0.385 +/- 0.02, % updates Left: 14.69%  Right: 13.55%
2017-05-01 22:04:21,328 INFO: 	COST TEXT >> 0.279 +/- 0.017, % updates Left: 0.0% Right: 0.0% Text: 4.55%
2017-05-01 22:11:53,967 INFO: ----------------------------------------------------------------------------
2017-05-01 22:11:53,967 INFO: EPOCH 78 (452.639 seconds):
2017-05-01 22:11:53,968 INFO: 	Average L2 norm of relation vector: 0.08747
2017-05-01 22:11:53,968 INFO: 	COST KB >> 0.384 +/- 0.02, % updates Left: 14.7%  Right: 13.51%
2017-05-01 22:11:53,969 INFO: 	COST TEXT >> 0.28 +/- 0.017, % updates Left: 0.0% Right: 0.0% Text: 4.53%
2017-05-01 22:19:28,782 INFO: ----------------------------------------------------------------------------
2017-05-01 22:19:28,783 INFO: EPOCH 79 (454.814 seconds):
2017-05-01 22:19:28,784 INFO: 	Average L2 norm of relation vector: 0.08774
2017-05-01 22:19:28,784 INFO: 	COST KB >> 0.383 +/- 0.021, % updates Left: 14.71%  Right: 13.5%
2017-05-01 22:19:28,785 INFO: 	COST TEXT >> 0.281 +/- 0.018, % updates Left: 0.0% Right: 0.0% Text: 4.54%
2017-05-01 22:27:02,912 INFO: ----------------------------------------------------------------------------
2017-05-01 22:27:02,913 INFO: EPOCH 80 (454.127 seconds):
2017-05-01 22:27:02,913 INFO: 	Average L2 norm of relation vector: 0.08798
2017-05-01 22:27:02,914 INFO: 	COST KB >> 0.383 +/- 0.023, % updates Left: 14.66%  Right: 13.51%
2017-05-01 22:27:02,914 INFO: 	COST TEXT >> 0.281 +/- 0.019, % updates Left: 0.0% Right: 0.0% Text: 4.55%
2017-05-01 22:27:02,914 INFO: 	FilteredRanking: evaluating rank on 1000 triples
2017-05-01 22:28:04,347 INFO: 	FilteredRanking: evaluating rank on 1000 triples
2017-05-01 22:29:06,446 INFO: 	MEAN RANK >> valid: 788.5, train: 430.0
2017-05-01 22:29:06,446 INFO: 		MEAN RANK TRAIN: Left: 459.2 Rel: 0.0 Right: 400.9
2017-05-01 22:29:06,447 INFO: 		MEAN RANK VALID: Left: 789.0 Rel: 0.0 Right: 787.9
2017-05-01 22:29:06,447 INFO: 		MEAN RECIPROCAL RANK VALID (L & R): 0.114
2017-05-01 22:29:06,447 WARNING: EARLY STOPPING, failed to improve MRR on valid after 30 epochs
2017-05-01 22:29:06,447 INFO: ----------------------------------------------------------------------------
2017-05-01 22:29:06,447 INFO: ----------------------------------------------------------------------------
2017-05-01 22:29:09,555 INFO: 	Ranking model on all examples from test. Each example ranked against 14951 other entities
2017-05-01 22:29:09,888 INFO: 	Ranking: evaluating rank on 59071 triples
2017-05-01 22:58:33,468 INFO: left_ranks: (59071,), right_ranks: (59071,), rel_ranks: (59071,)
2017-05-01 22:58:33,487 INFO: max left_ranks: 14951, max right_ranks: 14951, max rel_ranks: 0
2017-05-01 22:58:33,965 INFO: MICRO RAW:
2017-05-01 22:58:33,965 INFO: 	Left mean rank: 1057.363, MRR: 0.098, median rank: 154.0, hits@10: 18.722%
2017-05-01 22:58:33,965 INFO: 	Right mean rank: 932.357, MRR: 0.15, median rank: 74.0, hits@10: 26.382%
2017-05-01 22:58:33,965 INFO: 	Global mean rank: 994.86, MRR: 0.124, median rank: 108.0, hits@10: 22.552%
2017-05-01 22:58:33,965 INFO: MACRO RAW
2017-05-01 22:58:33,965 INFO: 	Left mean rank: 1093.528, MRR: 0.176, median rank: 56.5, hits@10: 31.163%
2017-05-01 22:58:33,966 INFO: 	Right mean rank: 1005.077, MRR: 0.235, median rank: 38.0, hits@10: 39.043%
2017-05-01 22:58:33,966 INFO: 	Global mean rank: 1049.302, MRR: 0.206, median rank: 40.0, hits@10: 35.103%
2017-05-01 22:58:33,974 INFO: Ranking model on all examples from test. Each example ranked against 14951 other entities which are FILTERED
2017-05-01 22:58:34,663 INFO: 	FilteredRanking: evaluating rank on 59071 triples
2017-05-01 23:46:42,905 INFO: MICRO FILTERED:
2017-05-01 23:46:42,908 INFO: 	Left mean rank: 930.01728, MRR: 0.14884, median rank: 79.0, hits@10: 26.167%
2017-05-01 23:46:42,909 INFO: 	Right mean rank: 853.23115, MRR: 0.19871, median rank: 51.0, hits@10: 31.955%
2017-05-01 23:46:42,909 INFO: 	Global mean rank: 891.62421, MRR: 0.17377, median rank: 63.0, hits@10: 29.061%
2017-05-01 23:46:42,909 INFO: MACRO FILTERED
2017-05-01 23:46:42,909 INFO: 	Left mean rank: 1064.93916, MRR: 0.22449, median rank: 36.0, hits@10: 37.668%
2017-05-01 23:46:42,909 INFO: 	Right mean rank: 991.58854, MRR: 0.27647, median rank: 29.0, hits@10: 42.947%
2017-05-01 23:46:42,909 INFO: 	Global mean rank: 1028.26385, MRR: 0.25048, median rank: 34.0, hits@10: 40.307%
