2017-04-13 04:09:06,901 INFO: logger initialized for experiment identifier: DoubleLinear_L1_ndim_50_marg_1.5_lrate_0.01_cost_margincost_pos_high_reg_0.01_REL
2017-04-13 04:09:06,901 INFO: identifier: DoubleLinear_L1_ndim_50_marg_1.5_lrate_0.01_cost_margincost_pos_high_reg_0.01_REL
2017-04-13 04:09:06,901 INFO: models saved to path: /Users/corbinrosset/Dropbox/Arora/QA-code/src/KBC_Text/outputs/FB15k_DoubleLinear/
2017-04-13 04:09:06,902 INFO: DD{'ndim': 50, 'test_all': 10, 'Nsyn_rel': 1345, 'totepochs': 500, 'bestvalidMRR': -1, 'loadmodel': False, 'lremb': 0.01, 'nvalid': 1000, 'seed': 123, 'marge': 1.5, 'margincostfunction': 'margincost_pos_high', 'simfn': 'L1', 'savepath': '/Users/corbinrosset/Dropbox/Arora/QA-code/src/KBC_Text/outputs/FB15k_DoubleLinear/DoubleLinear_L1_ndim_50_marg_1.5_lrate_0.01_cost_margincost_pos_high_reg_0.01_REL', 'dataset': 'FB15k', 'nbatches': 100, 'identifier': 'DoubleLinear_L1_ndim_50_marg_1.5_lrate_0.01_cost_margincost_pos_high_reg_0.01_REL', 'lrparam': 0.01, 'loademb': False, 'datapath': '/Users/corbinrosset/Dropbox/Arora/QA-code/src/KBC_Text/data/', 'ntrain': 1000, 'Nrel': 1345, 'experiment_type': 'FB15kexp', 'rel': True, 'Nent': 16296, 'logger': <logging.RootLogger object at 0x107246e50>, 'ntest': 1000, 'Nsyn': 14951, 'reg': 0.01, 'op': 'DoubleLinear'}
2017-04-13 04:09:08,769 INFO: loaded FB15k data in: 1.834018 seconds
2017-04-13 04:09:08,772 DEBUG: FB15kexp: load_FB15k_data(): trainl(16296, 483142), trainr(16296, 483142), traino(1345, 483142), trainlidx(1000,)
2017-04-13 04:09:14,512 DEBUG: Training to rank RELATIONS as well!
2017-04-13 04:09:14,512 DEBUG: loaded data and constructed model...
2017-04-13 04:09:14,512 DEBUG: num epochs: 500
2017-04-13 04:09:14,512 DEBUG: num batches per epoch: 100
2017-04-13 04:09:14,512 DEBUG: batchsize: 4831
2017-04-13 04:09:14,513 DEBUG: left and right entity ranking functions will rank a slot against 14951 competitors
2017-04-13 04:09:14,513 INFO: BEGIN TRAINING
2017-04-13 14:24:22,950 INFO: logger initialized for experiment identifier: DoubleLinear_L1_ndim_50_marg_1.5_lrate_0.01_cost_margincost_pos_high_reg_0.01_REL
2017-04-13 14:24:22,952 INFO: identifier: DoubleLinear_L1_ndim_50_marg_1.5_lrate_0.01_cost_margincost_pos_high_reg_0.01_REL
2017-04-13 14:24:22,952 INFO: models saved to path: /Users/corbinrosset/Dropbox/Arora/QA-code/src/KBC_Text/outputs/FB15k_DoubleLinear/
2017-04-13 14:24:22,953 INFO: DD{'ndim': 50, 'test_all': 10, 'Nsyn_rel': 1345, 'totepochs': 500, 'bestvalidMRR': -1, 'loadmodel': False, 'lremb': 0.01, 'nvalid': 1000, 'seed': 123, 'marge': 1.5, 'margincostfunction': 'margincost_pos_high', 'simfn': 'L1', 'savepath': '/Users/corbinrosset/Dropbox/Arora/QA-code/src/KBC_Text/outputs/FB15k_DoubleLinear/DoubleLinear_L1_ndim_50_marg_1.5_lrate_0.01_cost_margincost_pos_high_reg_0.01_REL', 'dataset': 'FB15k', 'nbatches': 100, 'identifier': 'DoubleLinear_L1_ndim_50_marg_1.5_lrate_0.01_cost_margincost_pos_high_reg_0.01_REL', 'lrparam': 0.01, 'loademb': False, 'datapath': '/Users/corbinrosset/Dropbox/Arora/QA-code/src/KBC_Text/data/', 'ntrain': 1000, 'Nrel': 1345, 'experiment_type': 'FB15kexp', 'rel': True, 'Nent': 16296, 'logger': <logging.RootLogger object at 0x104e73e50>, 'ntest': 1000, 'Nsyn': 14951, 'reg': 0.01, 'op': 'DoubleLinear'}
2017-04-13 14:24:24,854 INFO: loaded FB15k data in: 1.860054 seconds
2017-04-13 14:24:24,856 DEBUG: FB15kexp: load_FB15k_data(): trainl(16296, 483142), trainr(16296, 483142), traino(1345, 483142), trainlidx(1000,)
2017-04-13 14:24:28,084 DEBUG: Training to rank RELATIONS as well!
2017-04-13 14:24:28,084 DEBUG: loaded data and constructed model...
2017-04-13 14:24:28,084 DEBUG: num epochs: 500
2017-04-13 14:24:28,085 DEBUG: num batches per epoch: 100
2017-04-13 14:24:28,085 DEBUG: batchsize: 4831
2017-04-13 14:24:28,085 DEBUG: left and right entity ranking functions will rank a slot against 14951 competitors
2017-04-13 14:24:28,085 INFO: BEGIN TRAINING
