2017-05-04 17:30:59,804 INFO: logger initialized for experiment identifier: BilinearDiagExtended_L1_ndim_200_marg_0.5_lrate_0.01_cost_margincost_reg_0.01
2017-05-04 17:30:59,806 INFO: DD{'ndim': 200, 'test_all': 10, 'Nsyn_rel': 1345, 'totepochs': 2000, 'bestvalidMRR': -1, 'loadmodel': False, 'lremb': 0.01, 'nvalid': 1000, 'seed': 123, 'marge': 0.5, 'margincostfunction': 'margincost', 'simfn': 'L1', 'savepath': '/home/ubuntu/Thesis_code/KBC_Text/outputs/FB15k_BilinearDiagExtended/BilinearDiagExtended_L1_ndim_200_marg_0.5_lrate_0.01_cost_margincost_reg_0.01', 'dataset': 'FB15k', 'nbatches': 100, 'identifier': 'BilinearDiagExtended_L1_ndim_200_marg_0.5_lrate_0.01_cost_margincost_reg_0.01', 'lrparam': 0.01, 'loademb': False, 'datapath': '/home/ubuntu/data/', 'ntrain': 1000, 'Nrel': 1345, 'experiment_type': 'FB15kexp', 'rel': False, 'Nent': 14951, 'logger': <logging.RootLogger object at 0x7effac21bd10>, 'ntest': 1000, 'Nsyn': 14951, 'reg': 0.01, 'op': 'BilinearDiagExtended'}
2017-05-04 17:31:04,569 INFO: loaded FB15k data in: 4.759447 seconds
2017-05-04 17:31:04,569 DEBUG: FB15kexp: load_FB15k_data(): trainl(14951, 483142), trainr(14951, 483142), traino(1345, 483142), trainlidx(1000,)
2017-05-04 17:31:09,049 DEBUG: loaded data and constructed model...
2017-05-04 17:31:09,050 DEBUG: num epochs: 2000
2017-05-04 17:31:09,051 DEBUG: num batches per epoch: 100
2017-05-04 17:31:09,051 DEBUG: batchsize: 4831
2017-05-04 17:31:09,051 DEBUG: left and right entity ranking functions will rank a slot against 14951 competitors
2017-05-04 17:31:09,051 INFO: BEGIN TRAINING
2017-05-04 17:34:47,501 INFO: ----------------------------------------------------------------------------
2017-05-04 17:34:47,502 INFO: EPOCH 1 (218.451 seconds):
2017-05-04 17:34:47,604 INFO: 	Average L2 norm of relation vector: 0.03325
2017-05-04 17:34:47,610 INFO: 	COST >> 0.568 +/- 0.218, % updates Left: 71.86%  Right: 66.13%
2017-05-04 17:40:10,588 INFO: ----------------------------------------------------------------------------
2017-05-04 17:40:10,589 INFO: EPOCH 2 (322.978 seconds):
2017-05-04 17:40:10,595 INFO: 	Average L2 norm of relation vector: 0.03741
2017-05-04 17:40:10,596 INFO: 	COST >> 0.193 +/- 0.032, % updates Left: 31.88%  Right: 27.44%
2017-05-04 17:44:04,461 INFO: ----------------------------------------------------------------------------
2017-05-04 17:44:04,463 INFO: EPOCH 3 (233.867 seconds):
2017-05-04 17:44:04,476 INFO: 	Average L2 norm of relation vector: 0.03999
2017-05-04 17:44:04,478 INFO: 	COST >> 0.122 +/- 0.01, % updates Left: 20.81%  Right: 17.73%
2017-05-04 17:48:45,471 INFO: ----------------------------------------------------------------------------
2017-05-04 17:48:45,472 INFO: EPOCH 4 (280.993 seconds):
2017-05-04 17:48:45,477 INFO: 	Average L2 norm of relation vector: 0.04175
2017-05-04 17:48:45,478 INFO: 	COST >> 0.094 +/- 0.004, % updates Left: 15.79%  Right: 13.69%
2017-05-04 17:52:43,344 INFO: ----------------------------------------------------------------------------
2017-05-04 17:52:43,345 INFO: EPOCH 5 (237.866 seconds):
2017-05-04 17:52:43,351 INFO: 	Average L2 norm of relation vector: 0.04304
2017-05-04 17:52:43,352 INFO: 	COST >> 0.08 +/- 0.003, % updates Left: 13.13%  Right: 11.61%
2017-05-04 17:56:46,156 INFO: ----------------------------------------------------------------------------
2017-05-04 17:56:46,157 INFO: EPOCH 6 (242.804 seconds):
2017-05-04 17:56:46,164 INFO: 	Average L2 norm of relation vector: 0.04409
2017-05-04 17:56:46,165 INFO: 	COST >> 0.071 +/- 0.003, % updates Left: 11.54%  Right: 10.18%
2017-05-04 18:01:17,924 INFO: ----------------------------------------------------------------------------
2017-05-04 18:01:17,925 INFO: EPOCH 7 (271.76 seconds):
2017-05-04 18:01:17,936 INFO: 	Average L2 norm of relation vector: 0.04499
2017-05-04 18:01:17,938 INFO: 	COST >> 0.063 +/- 0.002, % updates Left: 10.38%  Right: 9.1%
2017-05-04 18:04:41,104 INFO: ----------------------------------------------------------------------------
2017-05-04 18:04:41,105 INFO: EPOCH 8 (203.166 seconds):
2017-05-04 18:04:41,111 INFO: 	Average L2 norm of relation vector: 0.04576
2017-05-04 18:04:41,112 INFO: 	COST >> 0.059 +/- 0.002, % updates Left: 9.51%  Right: 8.39%
2017-05-04 18:08:24,814 INFO: ----------------------------------------------------------------------------
2017-05-04 18:08:24,815 INFO: EPOCH 9 (223.703 seconds):
2017-05-04 18:08:24,820 INFO: 	Average L2 norm of relation vector: 0.04645
2017-05-04 18:08:24,821 INFO: 	COST >> 0.053 +/- 0.002, % updates Left: 8.74%  Right: 7.73%
2017-05-04 18:12:01,581 INFO: ----------------------------------------------------------------------------
2017-05-04 18:12:01,582 INFO: EPOCH 10 (216.761 seconds):
2017-05-04 18:12:01,591 INFO: 	Average L2 norm of relation vector: 0.04706
2017-05-04 18:12:01,592 INFO: 	COST >> 0.049 +/- 0.002, % updates Left: 8.13%  Right: 7.09%
2017-05-04 18:12:01,593 INFO: 	FilteredRanking: evaluating rank on 1000 triples
2017-05-04 18:15:33,833 INFO: 	FilteredRanking: evaluating rank on 1000 triples
2017-05-04 18:19:45,767 INFO: 	MEAN RANK >> valid: 259.0, train: 148.6
2017-05-04 18:19:45,769 INFO: 		MEAN RANK TRAIN: Left: 159.2 Rel: 0.0 Right: 138.0
2017-05-04 18:19:45,769 INFO: 		MEAN RANK VALID: Left: 287.7 Rel: 0.0 Right: 230.2
2017-05-04 18:19:45,770 INFO: 		MEAN RECIPROCAL RANK VALID (L & R): 0.1515
2017-05-04 18:19:45,770 INFO: 	FilteredRanking: evaluating rank on 1000 triples
2017-05-04 18:24:07,651 INFO: 	NEW BEST TEST MR: 284.6
2017-05-04 18:24:07,652 INFO: 		Left MR: 310.0 Rel MR: 0.0 Right MR: 259.1
2017-05-04 18:24:07,801 INFO: 	(ranking took 726.208 seconds)
2017-05-04 18:28:41,180 INFO: ----------------------------------------------------------------------------
2017-05-04 18:28:41,180 INFO: EPOCH 11 (273.379 seconds):
2017-05-04 18:28:41,187 INFO: 	Average L2 norm of relation vector: 0.04759
2017-05-04 18:28:41,188 INFO: 	COST >> 0.046 +/- 0.002, % updates Left: 7.58%  Right: 6.64%
2017-05-04 18:33:33,379 INFO: ----------------------------------------------------------------------------
2017-05-04 18:33:33,381 INFO: EPOCH 12 (292.192 seconds):
2017-05-04 18:33:33,395 INFO: 	Average L2 norm of relation vector: 0.04809
2017-05-04 18:33:33,398 INFO: 	COST >> 0.043 +/- 0.002, % updates Left: 7.17%  Right: 6.28%
2017-05-04 18:37:52,358 INFO: ----------------------------------------------------------------------------
2017-05-04 18:37:52,359 INFO: EPOCH 13 (258.96 seconds):
2017-05-04 18:37:52,367 INFO: 	Average L2 norm of relation vector: 0.04854
2017-05-04 18:37:52,369 INFO: 	COST >> 0.04 +/- 0.002, % updates Left: 6.74%  Right: 5.84%
2017-05-04 18:42:15,014 INFO: ----------------------------------------------------------------------------
2017-05-04 18:42:15,015 INFO: EPOCH 14 (262.645 seconds):
2017-05-04 18:42:15,023 INFO: 	Average L2 norm of relation vector: 0.04892
2017-05-04 18:42:15,024 INFO: 	COST >> 0.038 +/- 0.002, % updates Left: 6.32%  Right: 5.39%
2017-05-04 18:46:54,055 INFO: ----------------------------------------------------------------------------
2017-05-04 18:46:54,057 INFO: EPOCH 15 (279.032 seconds):
2017-05-04 18:46:54,070 INFO: 	Average L2 norm of relation vector: 0.04926
2017-05-04 18:46:54,072 INFO: 	COST >> 0.036 +/- 0.002, % updates Left: 6.04%  Right: 5.16%
2017-05-04 18:51:48,367 INFO: ----------------------------------------------------------------------------
2017-05-04 18:51:48,369 INFO: EPOCH 16 (294.295 seconds):
2017-05-04 18:51:48,380 INFO: 	Average L2 norm of relation vector: 0.04955
2017-05-04 18:51:48,383 INFO: 	COST >> 0.035 +/- 0.002, % updates Left: 5.72%  Right: 4.91%
2017-05-04 18:56:24,904 INFO: ----------------------------------------------------------------------------
2017-05-04 18:56:24,906 INFO: EPOCH 17 (276.522 seconds):
2017-05-04 18:56:24,919 INFO: 	Average L2 norm of relation vector: 0.0498
2017-05-04 18:56:24,922 INFO: 	COST >> 0.033 +/- 0.001, % updates Left: 5.43%  Right: 4.7%
2017-05-04 19:01:30,858 INFO: ----------------------------------------------------------------------------
2017-05-04 19:01:30,859 INFO: EPOCH 18 (305.936 seconds):
2017-05-04 19:01:30,865 INFO: 	Average L2 norm of relation vector: 0.05003
2017-05-04 19:01:30,866 INFO: 	COST >> 0.032 +/- 0.001, % updates Left: 5.23%  Right: 4.47%
2017-05-04 19:05:50,653 INFO: ----------------------------------------------------------------------------
2017-05-04 19:05:50,655 INFO: EPOCH 19 (259.788 seconds):
2017-05-04 19:05:50,660 INFO: 	Average L2 norm of relation vector: 0.05024
2017-05-04 19:05:50,662 INFO: 	COST >> 0.031 +/- 0.001, % updates Left: 5.04%  Right: 4.29%
2017-05-04 19:09:28,795 INFO: ----------------------------------------------------------------------------
2017-05-04 19:09:28,797 INFO: EPOCH 20 (218.134 seconds):
2017-05-04 19:09:28,804 INFO: 	Average L2 norm of relation vector: 0.05042
2017-05-04 19:09:28,805 INFO: 	COST >> 0.03 +/- 0.001, % updates Left: 4.87%  Right: 4.15%
2017-05-04 19:09:28,805 INFO: 	FilteredRanking: evaluating rank on 1000 triples
2017-05-04 19:13:55,014 INFO: 	FilteredRanking: evaluating rank on 1000 triples
2017-05-04 19:18:05,620 INFO: 	MEAN RANK >> valid: 166.1, train: 75.2
2017-05-04 19:18:05,621 INFO: 		MEAN RANK TRAIN: Left: 81.4 Rel: 0.0 Right: 68.9
2017-05-04 19:18:05,622 INFO: 		MEAN RANK VALID: Left: 194.7 Rel: 0.0 Right: 137.5
2017-05-04 19:18:05,622 INFO: 		MEAN RECIPROCAL RANK VALID (L & R): 0.1965
2017-05-04 19:18:05,622 INFO: 	FilteredRanking: evaluating rank on 1000 triples
2017-05-04 19:22:13,567 INFO: 	NEW BEST TEST MR: 170.4
2017-05-04 19:22:13,569 INFO: 		Left MR: 194.6 Rel MR: 0.0 Right MR: 146.1
2017-05-04 19:22:13,767 INFO: 	(ranking took 764.962 seconds)
2017-05-04 19:27:02,089 INFO: ----------------------------------------------------------------------------
2017-05-04 19:27:02,090 INFO: EPOCH 21 (288.322 seconds):
2017-05-04 19:27:02,096 INFO: 	Average L2 norm of relation vector: 0.05058
2017-05-04 19:27:02,097 INFO: 	COST >> 0.029 +/- 0.001, % updates Left: 4.68%  Right: 4.04%
2017-05-04 19:31:07,830 INFO: ----------------------------------------------------------------------------
2017-05-04 19:31:07,831 INFO: EPOCH 22 (245.733 seconds):
2017-05-04 19:31:07,838 INFO: 	Average L2 norm of relation vector: 0.05073
2017-05-04 19:31:07,839 INFO: 	COST >> 0.028 +/- 0.001, % updates Left: 4.53%  Right: 3.82%
2017-05-04 19:35:16,500 INFO: ----------------------------------------------------------------------------
2017-05-04 19:35:16,501 INFO: EPOCH 23 (248.662 seconds):
2017-05-04 19:35:16,508 INFO: 	Average L2 norm of relation vector: 0.05084
2017-05-04 19:35:16,509 INFO: 	COST >> 0.027 +/- 0.001, % updates Left: 4.31%  Right: 3.76%
2017-05-04 19:39:43,537 INFO: ----------------------------------------------------------------------------
2017-05-04 19:39:43,538 INFO: EPOCH 24 (267.029 seconds):
2017-05-04 19:39:43,545 INFO: 	Average L2 norm of relation vector: 0.05095
2017-05-04 19:39:43,546 INFO: 	COST >> 0.027 +/- 0.001, % updates Left: 4.29%  Right: 3.69%
2017-05-04 19:45:19,678 INFO: ----------------------------------------------------------------------------
2017-05-04 19:45:19,679 INFO: EPOCH 25 (336.132 seconds):
2017-05-04 19:45:19,685 INFO: 	Average L2 norm of relation vector: 0.05103
2017-05-04 19:45:19,686 INFO: 	COST >> 0.026 +/- 0.001, % updates Left: 4.11%  Right: 3.53%
2017-05-04 19:49:18,040 INFO: ----------------------------------------------------------------------------
2017-05-04 19:49:18,041 INFO: EPOCH 26 (238.355 seconds):
2017-05-04 19:49:18,048 INFO: 	Average L2 norm of relation vector: 0.05111
2017-05-04 19:49:18,050 INFO: 	COST >> 0.026 +/- 0.001, % updates Left: 4.04%  Right: 3.45%
2017-05-04 19:52:51,992 INFO: ----------------------------------------------------------------------------
2017-05-04 19:52:51,993 INFO: EPOCH 27 (213.943 seconds):
2017-05-04 19:52:52,000 INFO: 	Average L2 norm of relation vector: 0.05118
2017-05-04 19:52:52,001 INFO: 	COST >> 0.025 +/- 0.001, % updates Left: 3.94%  Right: 3.33%
2017-05-04 19:55:57,742 INFO: ----------------------------------------------------------------------------
2017-05-04 19:55:57,742 INFO: EPOCH 28 (185.741 seconds):
2017-05-04 19:55:57,747 INFO: 	Average L2 norm of relation vector: 0.05125
2017-05-04 19:55:57,748 INFO: 	COST >> 0.025 +/- 0.001, % updates Left: 3.9%  Right: 3.3%
2017-05-04 19:59:31,152 INFO: ----------------------------------------------------------------------------
2017-05-04 19:59:31,153 INFO: EPOCH 29 (213.405 seconds):
2017-05-04 19:59:31,160 INFO: 	Average L2 norm of relation vector: 0.0513
2017-05-04 19:59:31,162 INFO: 	COST >> 0.024 +/- 0.001, % updates Left: 3.76%  Right: 3.21%
2017-05-04 20:02:49,285 INFO: ----------------------------------------------------------------------------
2017-05-04 20:02:49,286 INFO: EPOCH 30 (198.125 seconds):
2017-05-04 20:02:49,293 INFO: 	Average L2 norm of relation vector: 0.05134
2017-05-04 20:02:49,295 INFO: 	COST >> 0.024 +/- 0.001, % updates Left: 3.7%  Right: 3.19%
2017-05-04 20:02:49,295 INFO: 	FilteredRanking: evaluating rank on 1000 triples
2017-05-04 20:06:51,446 INFO: 	FilteredRanking: evaluating rank on 1000 triples
2017-05-04 20:11:35,209 INFO: 	MEAN RANK >> valid: 136.8, train: 46.3
2017-05-04 20:11:35,210 INFO: 		MEAN RANK TRAIN: Left: 51.5 Rel: 0.0 Right: 41.2
2017-05-04 20:11:35,212 INFO: 		MEAN RANK VALID: Left: 160.7 Rel: 0.0 Right: 112.9
2017-05-04 20:11:35,213 INFO: 		MEAN RECIPROCAL RANK VALID (L & R): 0.231
2017-05-04 20:11:35,213 INFO: 	FilteredRanking: evaluating rank on 1000 triples
2017-05-04 20:15:51,135 INFO: 	NEW BEST TEST MR: 129.1
2017-05-04 20:15:51,138 INFO: 		Left MR: 159.2 Rel MR: 0.0 Right MR: 98.9
2017-05-04 20:15:51,638 INFO: 	(ranking took 782.343 seconds)
2017-05-04 20:19:53,169 INFO: ----------------------------------------------------------------------------
2017-05-04 20:19:53,170 INFO: EPOCH 31 (241.532 seconds):
2017-05-04 20:19:53,175 INFO: 	Average L2 norm of relation vector: 0.05138
2017-05-04 20:19:53,176 INFO: 	COST >> 0.023 +/- 0.001, % updates Left: 3.64%  Right: 3.11%
2017-05-04 20:25:46,518 INFO: ----------------------------------------------------------------------------
2017-05-04 20:25:46,520 INFO: EPOCH 32 (353.343 seconds):
2017-05-04 20:25:46,530 INFO: 	Average L2 norm of relation vector: 0.0514
2017-05-04 20:25:46,532 INFO: 	COST >> 0.023 +/- 0.001, % updates Left: 3.54%  Right: 3.01%
2017-05-04 20:31:37,477 INFO: ----------------------------------------------------------------------------
2017-05-04 20:31:37,479 INFO: EPOCH 33 (350.946 seconds):
2017-05-04 20:31:37,488 INFO: 	Average L2 norm of relation vector: 0.05142
2017-05-04 20:31:37,490 INFO: 	COST >> 0.023 +/- 0.001, % updates Left: 3.51%  Right: 2.99%
2017-05-04 20:37:38,323 INFO: ----------------------------------------------------------------------------
2017-05-04 20:37:38,324 INFO: EPOCH 34 (360.833 seconds):
2017-05-04 20:37:38,329 INFO: 	Average L2 norm of relation vector: 0.05143
2017-05-04 20:37:38,330 INFO: 	COST >> 0.022 +/- 0.001, % updates Left: 3.36%  Right: 2.85%
2017-05-04 20:42:33,089 INFO: ----------------------------------------------------------------------------
2017-05-04 20:42:33,090 INFO: EPOCH 35 (294.759 seconds):
2017-05-04 20:42:33,097 INFO: 	Average L2 norm of relation vector: 0.05144
2017-05-04 20:42:33,098 INFO: 	COST >> 0.022 +/- 0.001, % updates Left: 3.32%  Right: 2.84%
2017-05-04 20:46:34,243 INFO: ----------------------------------------------------------------------------
2017-05-04 20:46:34,244 INFO: EPOCH 36 (241.146 seconds):
2017-05-04 20:46:34,250 INFO: 	Average L2 norm of relation vector: 0.05143
2017-05-04 20:46:34,251 INFO: 	COST >> 0.021 +/- 0.001, % updates Left: 3.21%  Right: 2.8%
2017-05-04 20:50:24,726 INFO: ----------------------------------------------------------------------------
2017-05-04 20:50:24,727 INFO: EPOCH 37 (230.476 seconds):
2017-05-04 20:50:24,734 INFO: 	Average L2 norm of relation vector: 0.05142
2017-05-04 20:50:24,735 INFO: 	COST >> 0.021 +/- 0.001, % updates Left: 3.2%  Right: 2.77%
2017-05-04 20:54:42,381 INFO: ----------------------------------------------------------------------------
2017-05-04 20:54:42,382 INFO: EPOCH 38 (257.647 seconds):
2017-05-04 20:54:42,390 INFO: 	Average L2 norm of relation vector: 0.0514
2017-05-04 20:54:42,391 INFO: 	COST >> 0.021 +/- 0.001, % updates Left: 3.18%  Right: 2.7%
2017-05-04 20:58:46,194 INFO: ----------------------------------------------------------------------------
2017-05-04 20:58:46,195 INFO: EPOCH 39 (243.804 seconds):
2017-05-04 20:58:46,201 INFO: 	Average L2 norm of relation vector: 0.05138
2017-05-04 20:58:46,202 INFO: 	COST >> 0.02 +/- 0.001, % updates Left: 3.07%  Right: 2.64%
2017-05-04 21:02:16,286 INFO: ----------------------------------------------------------------------------
2017-05-04 21:02:16,287 INFO: EPOCH 40 (210.085 seconds):
2017-05-04 21:02:16,293 INFO: 	Average L2 norm of relation vector: 0.05137
2017-05-04 21:02:16,294 INFO: 	COST >> 0.02 +/- 0.001, % updates Left: 3.06%  Right: 2.6%
2017-05-04 21:02:16,294 INFO: 	FilteredRanking: evaluating rank on 1000 triples
2017-05-04 21:05:35,083 INFO: 	FilteredRanking: evaluating rank on 1000 triples
2017-05-04 21:08:49,900 INFO: 	MEAN RANK >> valid: 115.8, train: 30.0
2017-05-04 21:08:49,901 INFO: 		MEAN RANK TRAIN: Left: 32.3 Rel: 0.0 Right: 27.6
2017-05-04 21:08:49,902 INFO: 		MEAN RANK VALID: Left: 132.1 Rel: 0.0 Right: 99.5
2017-05-04 21:08:49,903 INFO: 		MEAN RECIPROCAL RANK VALID (L & R): 0.2585
2017-05-04 21:08:49,903 INFO: 	FilteredRanking: evaluating rank on 1000 triples
2017-05-04 21:12:08,239 INFO: 	NEW BEST TEST MR: 112.8
2017-05-04 21:12:08,242 INFO: 		Left MR: 137.8 Rel MR: 0.0 Right MR: 87.8
2017-05-04 21:12:08,832 INFO: 	(ranking took 592.537 seconds)
2017-05-04 21:16:24,527 INFO: ----------------------------------------------------------------------------
2017-05-04 21:16:24,528 INFO: EPOCH 41 (255.694 seconds):
2017-05-04 21:16:24,535 INFO: 	Average L2 norm of relation vector: 0.05134
2017-05-04 21:16:24,536 INFO: 	COST >> 0.02 +/- 0.001, % updates Left: 3.03%  Right: 2.58%
2017-05-04 21:20:37,941 INFO: ----------------------------------------------------------------------------
2017-05-04 21:20:37,942 INFO: EPOCH 42 (253.406 seconds):
2017-05-04 21:20:37,949 INFO: 	Average L2 norm of relation vector: 0.05131
2017-05-04 21:20:37,951 INFO: 	COST >> 0.02 +/- 0.001, % updates Left: 2.95%  Right: 2.57%
2017-05-04 21:25:48,808 INFO: ----------------------------------------------------------------------------
2017-05-04 21:25:48,810 INFO: EPOCH 43 (310.858 seconds):
2017-05-04 21:25:48,817 INFO: 	Average L2 norm of relation vector: 0.05128
2017-05-04 21:25:48,819 INFO: 	COST >> 0.02 +/- 0.001, % updates Left: 2.95%  Right: 2.49%
2017-05-04 21:29:31,674 INFO: ----------------------------------------------------------------------------
2017-05-04 21:29:31,675 INFO: EPOCH 44 (222.856 seconds):
2017-05-04 21:29:31,682 INFO: 	Average L2 norm of relation vector: 0.05123
2017-05-04 21:29:31,684 INFO: 	COST >> 0.019 +/- 0.001, % updates Left: 2.85%  Right: 2.46%
2017-05-04 21:32:49,126 INFO: ----------------------------------------------------------------------------
2017-05-04 21:32:49,127 INFO: EPOCH 45 (197.443 seconds):
2017-05-04 21:32:49,136 INFO: 	Average L2 norm of relation vector: 0.0512
2017-05-04 21:32:49,137 INFO: 	COST >> 0.019 +/- 0.001, % updates Left: 2.88%  Right: 2.44%
2017-05-04 21:36:32,108 INFO: ----------------------------------------------------------------------------
2017-05-04 21:36:32,110 INFO: EPOCH 46 (222.972 seconds):
2017-05-04 21:36:32,119 INFO: 	Average L2 norm of relation vector: 0.05115
2017-05-04 21:36:32,121 INFO: 	COST >> 0.019 +/- 0.001, % updates Left: 2.83%  Right: 2.43%
2017-05-04 21:39:56,211 INFO: ----------------------------------------------------------------------------
2017-05-04 21:39:56,212 INFO: EPOCH 47 (204.091 seconds):
2017-05-04 21:39:56,219 INFO: 	Average L2 norm of relation vector: 0.0511
2017-05-04 21:39:56,220 INFO: 	COST >> 0.019 +/- 0.001, % updates Left: 2.75%  Right: 2.41%
2017-05-04 21:43:22,504 INFO: ----------------------------------------------------------------------------
2017-05-04 21:43:22,505 INFO: EPOCH 48 (206.284 seconds):
2017-05-04 21:43:22,510 INFO: 	Average L2 norm of relation vector: 0.05104
2017-05-04 21:43:22,511 INFO: 	COST >> 0.018 +/- 0.001, % updates Left: 2.69%  Right: 2.32%
2017-05-04 21:46:07,140 INFO: ----------------------------------------------------------------------------
2017-05-04 21:46:07,141 INFO: EPOCH 49 (164.63 seconds):
2017-05-04 21:46:07,148 INFO: 	Average L2 norm of relation vector: 0.05098
2017-05-04 21:46:07,149 INFO: 	COST >> 0.018 +/- 0.001, % updates Left: 2.69%  Right: 2.31%
2017-05-04 21:49:22,013 INFO: ----------------------------------------------------------------------------
2017-05-04 21:49:22,014 INFO: EPOCH 50 (194.864 seconds):
2017-05-04 21:49:22,020 INFO: 	Average L2 norm of relation vector: 0.05093
2017-05-04 21:49:22,021 INFO: 	COST >> 0.018 +/- 0.001, % updates Left: 2.71%  Right: 2.31%
2017-05-04 21:49:22,022 INFO: 	FilteredRanking: evaluating rank on 1000 triples
2017-05-04 21:54:27,517 INFO: 	FilteredRanking: evaluating rank on 1000 triples
2017-05-04 21:58:35,268 INFO: 	MEAN RANK >> valid: 109.7, train: 22.2
2017-05-04 21:58:35,269 INFO: 		MEAN RANK TRAIN: Left: 25.3 Rel: 0.0 Right: 19.2
2017-05-04 21:58:35,270 INFO: 		MEAN RANK VALID: Left: 125.6 Rel: 0.0 Right: 93.7
2017-05-04 21:58:35,271 INFO: 		MEAN RECIPROCAL RANK VALID (L & R): 0.2885
2017-05-04 21:58:35,271 INFO: 	FilteredRanking: evaluating rank on 1000 triples
2017-05-04 22:03:02,365 INFO: 	NEW BEST TEST MR: 95.3
2017-05-04 22:03:02,367 INFO: 		Left MR: 121.7 Rel MR: 0.0 Right MR: 69.0
2017-05-04 22:03:03,240 INFO: 	(ranking took 821.218 seconds)
2017-05-04 22:08:45,612 INFO: ----------------------------------------------------------------------------
2017-05-04 22:08:45,614 INFO: EPOCH 51 (342.373 seconds):
2017-05-04 22:08:45,624 INFO: 	Average L2 norm of relation vector: 0.05086
2017-05-04 22:08:45,625 INFO: 	COST >> 0.018 +/- 0.001, % updates Left: 2.65%  Right: 2.28%
2017-05-04 22:14:05,785 INFO: ----------------------------------------------------------------------------
2017-05-04 22:14:05,787 INFO: EPOCH 52 (320.16 seconds):
2017-05-04 22:14:05,792 INFO: 	Average L2 norm of relation vector: 0.0508
2017-05-04 22:14:05,793 INFO: 	COST >> 0.018 +/- 0.001, % updates Left: 2.62%  Right: 2.25%
2017-05-04 22:18:14,556 INFO: ----------------------------------------------------------------------------
2017-05-04 22:18:14,557 INFO: EPOCH 53 (248.763 seconds):
2017-05-04 22:18:14,564 INFO: 	Average L2 norm of relation vector: 0.05075
2017-05-04 22:18:14,565 INFO: 	COST >> 0.018 +/- 0.001, % updates Left: 2.63%  Right: 2.22%
2017-05-04 22:22:25,832 INFO: ----------------------------------------------------------------------------
2017-05-04 22:22:25,833 INFO: EPOCH 54 (251.267 seconds):
2017-05-04 22:22:25,840 INFO: 	Average L2 norm of relation vector: 0.05068
2017-05-04 22:22:25,842 INFO: 	COST >> 0.017 +/- 0.001, % updates Left: 2.52%  Right: 2.19%
2017-05-04 22:27:31,265 INFO: ----------------------------------------------------------------------------
2017-05-04 22:27:31,266 INFO: EPOCH 55 (305.424 seconds):
2017-05-04 22:27:31,346 INFO: 	Average L2 norm of relation vector: 0.05061
2017-05-04 22:27:31,347 INFO: 	COST >> 0.017 +/- 0.001, % updates Left: 2.55%  Right: 2.21%
2017-05-04 22:32:49,210 INFO: ----------------------------------------------------------------------------
2017-05-04 22:32:49,212 INFO: EPOCH 56 (317.865 seconds):
2017-05-04 22:32:49,223 INFO: 	Average L2 norm of relation vector: 0.05054
2017-05-04 22:32:49,226 INFO: 	COST >> 0.017 +/- 0.001, % updates Left: 2.55%  Right: 2.2%
2017-05-04 22:37:12,339 INFO: ----------------------------------------------------------------------------
2017-05-04 22:37:12,341 INFO: EPOCH 57 (263.114 seconds):
2017-05-04 22:37:12,349 INFO: 	Average L2 norm of relation vector: 0.05046
2017-05-04 22:37:12,350 INFO: 	COST >> 0.017 +/- 0.001, % updates Left: 2.49%  Right: 2.18%
2017-05-04 22:40:14,710 INFO: ----------------------------------------------------------------------------
2017-05-04 22:40:14,711 INFO: EPOCH 58 (182.36 seconds):
2017-05-04 22:40:14,715 INFO: 	Average L2 norm of relation vector: 0.05038
2017-05-04 22:40:14,717 INFO: 	COST >> 0.017 +/- 0.001, % updates Left: 2.43%  Right: 2.11%
2017-05-04 22:45:37,360 INFO: ----------------------------------------------------------------------------
2017-05-04 22:45:37,361 INFO: EPOCH 59 (322.645 seconds):
2017-05-04 22:45:37,370 INFO: 	Average L2 norm of relation vector: 0.05031
2017-05-04 22:45:37,372 INFO: 	COST >> 0.017 +/- 0.001, % updates Left: 2.42%  Right: 2.08%
2017-05-04 22:50:00,500 INFO: ----------------------------------------------------------------------------
2017-05-04 22:50:00,501 INFO: EPOCH 60 (263.128 seconds):
2017-05-04 22:50:00,507 INFO: 	Average L2 norm of relation vector: 0.05024
2017-05-04 22:50:00,508 INFO: 	COST >> 0.017 +/- 0.001, % updates Left: 2.47%  Right: 2.09%
2017-05-04 22:50:00,508 INFO: 	FilteredRanking: evaluating rank on 1000 triples
2017-05-04 22:53:50,592 INFO: 	FilteredRanking: evaluating rank on 1000 triples
2017-05-04 22:57:53,834 INFO: 	MEAN RANK >> valid: 105.3, train: 18.5
2017-05-04 22:57:53,835 INFO: 		MEAN RANK TRAIN: Left: 19.7 Rel: 0.0 Right: 17.3
2017-05-04 22:57:53,836 INFO: 		MEAN RANK VALID: Left: 120.2 Rel: 0.0 Right: 90.4
2017-05-04 22:57:53,836 INFO: 		MEAN RECIPROCAL RANK VALID (L & R): 0.315
2017-05-04 22:57:53,836 INFO: 	FilteredRanking: evaluating rank on 1000 triples
2017-05-04 23:01:11,895 INFO: 	NEW BEST TEST MR: 88.4
2017-05-04 23:01:11,897 INFO: 		Left MR: 112.1 Rel MR: 0.0 Right MR: 64.8
2017-05-04 23:01:12,676 INFO: 	(ranking took 672.167 seconds)
2017-05-04 23:04:46,277 INFO: ----------------------------------------------------------------------------
2017-05-04 23:04:46,278 INFO: EPOCH 61 (213.602 seconds):
2017-05-04 23:04:46,284 INFO: 	Average L2 norm of relation vector: 0.05017
2017-05-04 23:04:46,285 INFO: 	COST >> 0.017 +/- 0.001, % updates Left: 2.44%  Right: 2.09%
2017-05-04 23:08:55,315 INFO: ----------------------------------------------------------------------------
2017-05-04 23:08:55,316 INFO: EPOCH 62 (249.031 seconds):
2017-05-04 23:08:55,321 INFO: 	Average L2 norm of relation vector: 0.0501
2017-05-04 23:08:55,322 INFO: 	COST >> 0.016 +/- 0.001, % updates Left: 2.41%  Right: 2.05%
2017-05-04 23:12:40,553 INFO: ----------------------------------------------------------------------------
2017-05-04 23:12:40,554 INFO: EPOCH 63 (225.232 seconds):
2017-05-04 23:12:40,561 INFO: 	Average L2 norm of relation vector: 0.05002
2017-05-04 23:12:40,562 INFO: 	COST >> 0.016 +/- 0.001, % updates Left: 2.39%  Right: 2.06%
2017-05-04 23:15:38,144 INFO: ----------------------------------------------------------------------------
2017-05-04 23:15:38,145 INFO: EPOCH 64 (177.583 seconds):
2017-05-04 23:15:38,153 INFO: 	Average L2 norm of relation vector: 0.04995
2017-05-04 23:15:38,154 INFO: 	COST >> 0.016 +/- 0.001, % updates Left: 2.37%  Right: 2.06%
2017-05-04 23:18:57,904 INFO: ----------------------------------------------------------------------------
2017-05-04 23:18:57,906 INFO: EPOCH 65 (199.751 seconds):
2017-05-04 23:18:57,912 INFO: 	Average L2 norm of relation vector: 0.04987
2017-05-04 23:18:57,913 INFO: 	COST >> 0.016 +/- 0.001, % updates Left: 2.35%  Right: 2.03%
2017-05-04 23:22:15,941 INFO: ----------------------------------------------------------------------------
2017-05-04 23:22:15,942 INFO: EPOCH 66 (198.029 seconds):
2017-05-04 23:22:15,950 INFO: 	Average L2 norm of relation vector: 0.04979
2017-05-04 23:22:15,951 INFO: 	COST >> 0.016 +/- 0.001, % updates Left: 2.35%  Right: 1.98%
2017-05-04 23:25:34,003 INFO: ----------------------------------------------------------------------------
2017-05-04 23:25:34,004 INFO: EPOCH 67 (198.052 seconds):
2017-05-04 23:25:34,010 INFO: 	Average L2 norm of relation vector: 0.04971
2017-05-04 23:25:34,012 INFO: 	COST >> 0.016 +/- 0.001, % updates Left: 2.34%  Right: 1.99%
2017-05-04 23:28:40,861 INFO: ----------------------------------------------------------------------------
2017-05-04 23:28:40,861 INFO: EPOCH 68 (186.849 seconds):
2017-05-04 23:28:40,866 INFO: 	Average L2 norm of relation vector: 0.04963
2017-05-04 23:28:40,868 INFO: 	COST >> 0.016 +/- 0.001, % updates Left: 2.28%  Right: 1.95%
2017-05-04 23:31:54,986 INFO: ----------------------------------------------------------------------------
2017-05-04 23:31:54,987 INFO: EPOCH 69 (194.119 seconds):
2017-05-04 23:31:54,991 INFO: 	Average L2 norm of relation vector: 0.04955
2017-05-04 23:31:54,992 INFO: 	COST >> 0.016 +/- 0.001, % updates Left: 2.3%  Right: 1.99%
2017-05-04 23:35:01,946 INFO: ----------------------------------------------------------------------------
2017-05-04 23:35:01,947 INFO: EPOCH 70 (186.954 seconds):
2017-05-04 23:35:01,951 INFO: 	Average L2 norm of relation vector: 0.04948
2017-05-04 23:35:01,952 INFO: 	COST >> 0.016 +/- 0.001, % updates Left: 2.36%  Right: 1.95%
2017-05-04 23:35:01,952 INFO: 	FilteredRanking: evaluating rank on 1000 triples
2017-05-04 23:38:31,439 INFO: 	FilteredRanking: evaluating rank on 1000 triples
2017-05-04 23:42:07,983 INFO: 	MEAN RANK >> valid: 95.6, train: 15.0
2017-05-04 23:42:07,985 INFO: 		MEAN RANK TRAIN: Left: 15.6 Rel: 0.0 Right: 14.5
2017-05-04 23:42:07,986 INFO: 		MEAN RANK VALID: Left: 107.1 Rel: 0.0 Right: 84.2
2017-05-04 23:42:07,987 INFO: 		MEAN RECIPROCAL RANK VALID (L & R): 0.3365
2017-05-04 23:42:07,987 INFO: 	FilteredRanking: evaluating rank on 1000 triples
2017-05-04 23:45:57,509 INFO: 	NEW BEST TEST MR: 77.8
2017-05-04 23:45:57,511 INFO: 		Left MR: 99.9 Rel MR: 0.0 Right MR: 55.7
2017-05-04 23:45:58,139 INFO: 	(ranking took 656.185 seconds)
2017-05-04 23:50:23,151 INFO: ----------------------------------------------------------------------------
2017-05-04 23:50:23,152 INFO: EPOCH 71 (265.012 seconds):
2017-05-04 23:50:23,159 INFO: 	Average L2 norm of relation vector: 0.0494
2017-05-04 23:50:23,160 INFO: 	COST >> 0.015 +/- 0.001, % updates Left: 2.26%  Right: 1.93%
2017-05-04 23:54:10,808 INFO: ----------------------------------------------------------------------------
2017-05-04 23:54:10,809 INFO: EPOCH 72 (227.648 seconds):
2017-05-04 23:54:10,816 INFO: 	Average L2 norm of relation vector: 0.04931
2017-05-04 23:54:10,817 INFO: 	COST >> 0.015 +/- 0.001, % updates Left: 2.25%  Right: 1.94%
2017-05-04 23:58:34,734 INFO: ----------------------------------------------------------------------------
2017-05-04 23:58:34,735 INFO: EPOCH 73 (263.918 seconds):
2017-05-04 23:58:34,742 INFO: 	Average L2 norm of relation vector: 0.04924
2017-05-04 23:58:34,744 INFO: 	COST >> 0.015 +/- 0.001, % updates Left: 2.23%  Right: 1.94%
2017-05-05 00:02:44,431 INFO: ----------------------------------------------------------------------------
2017-05-05 00:02:44,432 INFO: EPOCH 74 (249.687 seconds):
2017-05-05 00:02:44,440 INFO: 	Average L2 norm of relation vector: 0.04916
2017-05-05 00:02:44,441 INFO: 	COST >> 0.015 +/- 0.001, % updates Left: 2.24%  Right: 1.92%
2017-05-05 00:07:11,105 INFO: ----------------------------------------------------------------------------
2017-05-05 00:07:11,107 INFO: EPOCH 75 (266.666 seconds):
2017-05-05 00:07:11,119 INFO: 	Average L2 norm of relation vector: 0.04908
2017-05-05 00:07:11,122 INFO: 	COST >> 0.015 +/- 0.001, % updates Left: 2.21%  Right: 1.89%
2017-05-05 00:12:42,490 INFO: ----------------------------------------------------------------------------
2017-05-05 00:12:42,491 INFO: EPOCH 76 (331.368 seconds):
2017-05-05 00:12:42,497 INFO: 	Average L2 norm of relation vector: 0.049
2017-05-05 00:12:42,498 INFO: 	COST >> 0.015 +/- 0.001, % updates Left: 2.21%  Right: 1.89%
2017-05-05 00:16:43,726 INFO: ----------------------------------------------------------------------------
2017-05-05 00:16:43,727 INFO: EPOCH 77 (241.229 seconds):
2017-05-05 00:16:43,735 INFO: 	Average L2 norm of relation vector: 0.04892
2017-05-05 00:16:43,736 INFO: 	COST >> 0.015 +/- 0.001, % updates Left: 2.17%  Right: 1.89%
2017-05-05 00:21:02,056 INFO: ----------------------------------------------------------------------------
2017-05-05 00:21:02,057 INFO: EPOCH 78 (258.32 seconds):
2017-05-05 00:21:02,067 INFO: 	Average L2 norm of relation vector: 0.04884
2017-05-05 00:21:02,068 INFO: 	COST >> 0.015 +/- 0.001, % updates Left: 2.19%  Right: 1.84%
2017-05-05 00:26:17,005 INFO: ----------------------------------------------------------------------------
2017-05-05 00:26:17,007 INFO: EPOCH 79 (314.938 seconds):
2017-05-05 00:26:17,014 INFO: 	Average L2 norm of relation vector: 0.04877
2017-05-05 00:26:17,016 INFO: 	COST >> 0.015 +/- 0.001, % updates Left: 2.21%  Right: 1.84%
2017-05-05 00:31:29,676 INFO: ----------------------------------------------------------------------------
2017-05-05 00:31:29,677 INFO: EPOCH 80 (312.66 seconds):
2017-05-05 00:31:29,682 INFO: 	Average L2 norm of relation vector: 0.04869
2017-05-05 00:31:29,683 INFO: 	COST >> 0.015 +/- 0.001, % updates Left: 2.17%  Right: 1.86%
2017-05-05 00:31:29,683 INFO: 	FilteredRanking: evaluating rank on 1000 triples
2017-05-05 00:35:19,183 INFO: 	FilteredRanking: evaluating rank on 1000 triples
2017-05-05 00:38:55,201 INFO: 	MEAN RANK >> valid: 95.7, train: 13.7
2017-05-05 00:38:55,203 INFO: 		MEAN RANK TRAIN: Left: 15.0 Rel: 0.0 Right: 12.4
2017-05-05 00:38:55,203 INFO: 		MEAN RANK VALID: Left: 107.4 Rel: 0.0 Right: 83.9
2017-05-05 00:38:55,204 INFO: 		MEAN RECIPROCAL RANK VALID (L & R): 0.3585
2017-05-05 00:38:55,204 INFO: 	FilteredRanking: evaluating rank on 1000 triples
2017-05-05 00:42:44,657 INFO: 	NEW BEST TEST MR: 79.1
2017-05-05 00:42:44,658 INFO: 		Left MR: 102.4 Rel MR: 0.0 Right MR: 55.8
2017-05-05 00:42:44,880 INFO: 	(ranking took 675.196 seconds)
2017-05-05 00:47:29,456 INFO: ----------------------------------------------------------------------------
2017-05-05 00:47:29,458 INFO: EPOCH 81 (284.577 seconds):
2017-05-05 00:47:29,465 INFO: 	Average L2 norm of relation vector: 0.04862
2017-05-05 00:47:29,466 INFO: 	COST >> 0.015 +/- 0.001, % updates Left: 2.18%  Right: 1.86%
2017-05-05 00:52:40,234 INFO: ----------------------------------------------------------------------------
2017-05-05 00:52:40,236 INFO: EPOCH 82 (310.769 seconds):
2017-05-05 00:52:40,245 INFO: 	Average L2 norm of relation vector: 0.04854
2017-05-05 00:52:40,247 INFO: 	COST >> 0.015 +/- 0.001, % updates Left: 2.13%  Right: 1.86%
2017-05-05 00:56:03,288 INFO: ----------------------------------------------------------------------------
2017-05-05 00:56:03,289 INFO: EPOCH 83 (203.042 seconds):
2017-05-05 00:56:03,296 INFO: 	Average L2 norm of relation vector: 0.04847
2017-05-05 00:56:03,298 INFO: 	COST >> 0.014 +/- 0.001, % updates Left: 2.14%  Right: 1.83%
2017-05-05 00:59:34,319 INFO: ----------------------------------------------------------------------------
2017-05-05 00:59:34,320 INFO: EPOCH 84 (211.022 seconds):
2017-05-05 00:59:34,370 INFO: 	Average L2 norm of relation vector: 0.04839
2017-05-05 00:59:34,372 INFO: 	COST >> 0.014 +/- 0.001, % updates Left: 2.14%  Right: 1.81%
2017-05-05 01:02:44,761 INFO: ----------------------------------------------------------------------------
2017-05-05 01:02:44,762 INFO: EPOCH 85 (190.389 seconds):
2017-05-05 01:02:44,768 INFO: 	Average L2 norm of relation vector: 0.04832
2017-05-05 01:02:44,770 INFO: 	COST >> 0.014 +/- 0.001, % updates Left: 2.14%  Right: 1.83%
2017-05-05 01:06:20,524 INFO: ----------------------------------------------------------------------------
2017-05-05 01:06:20,525 INFO: EPOCH 86 (215.755 seconds):
2017-05-05 01:06:20,531 INFO: 	Average L2 norm of relation vector: 0.04825
2017-05-05 01:06:20,533 INFO: 	COST >> 0.014 +/- 0.001, % updates Left: 2.11%  Right: 1.82%
2017-05-05 01:10:18,985 INFO: ----------------------------------------------------------------------------
2017-05-05 01:10:18,987 INFO: EPOCH 87 (238.453 seconds):
2017-05-05 01:10:18,994 INFO: 	Average L2 norm of relation vector: 0.04817
2017-05-05 01:10:18,996 INFO: 	COST >> 0.014 +/- 0.001, % updates Left: 2.1%  Right: 1.78%
2017-05-05 01:14:21,471 INFO: ----------------------------------------------------------------------------
2017-05-05 01:14:21,472 INFO: EPOCH 88 (242.475 seconds):
2017-05-05 01:14:21,479 INFO: 	Average L2 norm of relation vector: 0.0481
2017-05-05 01:14:21,480 INFO: 	COST >> 0.014 +/- 0.001, % updates Left: 2.13%  Right: 1.84%
2017-05-05 01:19:01,464 INFO: ----------------------------------------------------------------------------
2017-05-05 01:19:01,465 INFO: EPOCH 89 (279.984 seconds):
2017-05-05 01:19:01,469 INFO: 	Average L2 norm of relation vector: 0.04803
2017-05-05 01:19:01,470 INFO: 	COST >> 0.014 +/- 0.001, % updates Left: 2.12%  Right: 1.8%
2017-05-05 01:23:50,717 INFO: ----------------------------------------------------------------------------
2017-05-05 01:23:50,718 INFO: EPOCH 90 (289.247 seconds):
2017-05-05 01:23:50,722 INFO: 	Average L2 norm of relation vector: 0.04796
2017-05-05 01:23:50,723 INFO: 	COST >> 0.014 +/- 0.001, % updates Left: 2.11%  Right: 1.8%
2017-05-05 01:23:50,724 INFO: 	FilteredRanking: evaluating rank on 1000 triples
2017-05-05 01:28:19,975 INFO: 	FilteredRanking: evaluating rank on 1000 triples
2017-05-05 01:32:29,710 INFO: 	MEAN RANK >> valid: 85.7, train: 12.3
2017-05-05 01:32:29,711 INFO: 		MEAN RANK TRAIN: Left: 13.3 Rel: 0.0 Right: 11.4
2017-05-05 01:32:29,712 INFO: 		MEAN RANK VALID: Left: 98.6 Rel: 0.0 Right: 72.8
2017-05-05 01:32:29,712 INFO: 		MEAN RECIPROCAL RANK VALID (L & R): 0.3665
2017-05-05 01:32:29,712 INFO: 	FilteredRanking: evaluating rank on 1000 triples
2017-05-05 01:36:30,674 INFO: 	NEW BEST TEST MR: 70.9
2017-05-05 01:36:30,676 INFO: 		Left MR: 92.5 Rel MR: 0.0 Right MR: 49.3
2017-05-05 01:36:31,281 INFO: 	(ranking took 760.557 seconds)
2017-05-05 01:41:02,639 INFO: ----------------------------------------------------------------------------
2017-05-05 01:41:02,640 INFO: EPOCH 91 (271.359 seconds):
2017-05-05 01:41:02,648 INFO: 	Average L2 norm of relation vector: 0.04789
2017-05-05 01:41:02,649 INFO: 	COST >> 0.014 +/- 0.001, % updates Left: 2.1%  Right: 1.79%
2017-05-05 01:45:19,604 INFO: ----------------------------------------------------------------------------
2017-05-05 01:45:19,605 INFO: EPOCH 92 (256.955 seconds):
2017-05-05 01:45:19,612 INFO: 	Average L2 norm of relation vector: 0.04781
2017-05-05 01:45:19,613 INFO: 	COST >> 0.014 +/- 0.001, % updates Left: 2.06%  Right: 1.8%
2017-05-05 01:49:26,169 INFO: ----------------------------------------------------------------------------
2017-05-05 01:49:26,170 INFO: EPOCH 93 (246.557 seconds):
2017-05-05 01:49:26,177 INFO: 	Average L2 norm of relation vector: 0.04774
2017-05-05 01:49:26,178 INFO: 	COST >> 0.014 +/- 0.001, % updates Left: 2.1%  Right: 1.77%
2017-05-05 01:54:12,639 INFO: ----------------------------------------------------------------------------
2017-05-05 01:54:12,640 INFO: EPOCH 94 (286.461 seconds):
2017-05-05 01:54:12,647 INFO: 	Average L2 norm of relation vector: 0.04767
2017-05-05 01:54:12,648 INFO: 	COST >> 0.014 +/- 0.001, % updates Left: 2.07%  Right: 1.78%
2017-05-05 01:58:09,817 INFO: ----------------------------------------------------------------------------
2017-05-05 01:58:09,818 INFO: EPOCH 95 (237.169 seconds):
2017-05-05 01:58:09,824 INFO: 	Average L2 norm of relation vector: 0.04761
2017-05-05 01:58:09,825 INFO: 	COST >> 0.014 +/- 0.001, % updates Left: 2.06%  Right: 1.79%
2017-05-05 02:02:48,852 INFO: ----------------------------------------------------------------------------
2017-05-05 02:02:48,853 INFO: EPOCH 96 (279.027 seconds):
2017-05-05 02:02:48,860 INFO: 	Average L2 norm of relation vector: 0.04754
2017-05-05 02:02:48,861 INFO: 	COST >> 0.014 +/- 0.001, % updates Left: 2.07%  Right: 1.78%
2017-05-05 02:07:07,596 INFO: ----------------------------------------------------------------------------
2017-05-05 02:07:07,597 INFO: EPOCH 97 (258.736 seconds):
2017-05-05 02:07:07,602 INFO: 	Average L2 norm of relation vector: 0.04747
2017-05-05 02:07:07,603 INFO: 	COST >> 0.013 +/- 0.001, % updates Left: 2.03%  Right: 1.74%
2017-05-05 02:11:39,742 INFO: ----------------------------------------------------------------------------
2017-05-05 02:11:39,744 INFO: EPOCH 98 (272.14 seconds):
2017-05-05 02:11:39,757 INFO: 	Average L2 norm of relation vector: 0.04741
2017-05-05 02:11:39,760 INFO: 	COST >> 0.014 +/- 0.001, % updates Left: 2.06%  Right: 1.8%
2017-05-05 02:16:19,952 INFO: ----------------------------------------------------------------------------
2017-05-05 02:16:19,953 INFO: EPOCH 99 (280.191 seconds):
2017-05-05 02:16:19,961 INFO: 	Average L2 norm of relation vector: 0.04735
2017-05-05 02:16:19,962 INFO: 	COST >> 0.013 +/- 0.001, % updates Left: 2.0%  Right: 1.74%
2017-05-05 02:21:07,855 INFO: ----------------------------------------------------------------------------
2017-05-05 02:21:07,856 INFO: EPOCH 100 (287.894 seconds):
2017-05-05 02:21:07,862 INFO: 	Average L2 norm of relation vector: 0.04728
2017-05-05 02:21:07,863 INFO: 	COST >> 0.013 +/- 0.0, % updates Left: 2.0%  Right: 1.76%
2017-05-05 02:21:07,863 INFO: 	FilteredRanking: evaluating rank on 1000 triples
2017-05-05 02:25:19,559 INFO: 	FilteredRanking: evaluating rank on 1000 triples
2017-05-05 02:29:13,569 INFO: 	MEAN RANK >> valid: 90.5, train: 10.5
2017-05-05 02:29:13,570 INFO: 		MEAN RANK TRAIN: Left: 10.8 Rel: 0.0 Right: 10.2
2017-05-05 02:29:13,571 INFO: 		MEAN RANK VALID: Left: 101.7 Rel: 0.0 Right: 79.4
2017-05-05 02:29:13,571 INFO: 		MEAN RECIPROCAL RANK VALID (L & R): 0.3825
2017-05-05 02:29:13,572 INFO: 	FilteredRanking: evaluating rank on 1000 triples
2017-05-05 02:33:11,240 INFO: 	NEW BEST TEST MR: 68.0
2017-05-05 02:33:11,242 INFO: 		Left MR: 90.5 Rel MR: 0.0 Right MR: 45.4
2017-05-05 02:33:11,774 INFO: 	(ranking took 723.91 seconds)
2017-05-05 02:37:14,716 INFO: ----------------------------------------------------------------------------
2017-05-05 02:37:14,717 INFO: EPOCH 101 (242.943 seconds):
2017-05-05 02:37:14,722 INFO: 	Average L2 norm of relation vector: 0.04722
2017-05-05 02:37:14,723 INFO: 	COST >> 0.013 +/- 0.001, % updates Left: 2.04%  Right: 1.76%
2017-05-05 02:41:38,675 INFO: ----------------------------------------------------------------------------
2017-05-05 02:41:38,676 INFO: EPOCH 102 (263.952 seconds):
2017-05-05 02:41:38,682 INFO: 	Average L2 norm of relation vector: 0.04716
2017-05-05 02:41:38,684 INFO: 	COST >> 0.013 +/- 0.001, % updates Left: 2.01%  Right: 1.75%
2017-05-05 02:45:12,473 INFO: ----------------------------------------------------------------------------
2017-05-05 02:45:12,474 INFO: EPOCH 103 (213.79 seconds):
2017-05-05 02:45:12,481 INFO: 	Average L2 norm of relation vector: 0.04709
2017-05-05 02:45:12,482 INFO: 	COST >> 0.013 +/- 0.001, % updates Left: 2.0%  Right: 1.73%
2017-05-05 02:48:08,114 INFO: ----------------------------------------------------------------------------
2017-05-05 02:48:08,115 INFO: EPOCH 104 (175.632 seconds):
2017-05-05 02:48:08,121 INFO: 	Average L2 norm of relation vector: 0.04702
2017-05-05 02:48:08,122 INFO: 	COST >> 0.013 +/- 0.001, % updates Left: 2.0%  Right: 1.73%
2017-05-05 02:52:06,900 INFO: ----------------------------------------------------------------------------
2017-05-05 02:52:06,901 INFO: EPOCH 105 (238.779 seconds):
2017-05-05 02:52:06,916 INFO: 	Average L2 norm of relation vector: 0.04696
2017-05-05 02:52:06,918 INFO: 	COST >> 0.013 +/- 0.001, % updates Left: 2.0%  Right: 1.72%
2017-05-05 02:57:03,549 INFO: ----------------------------------------------------------------------------
2017-05-05 02:57:03,550 INFO: EPOCH 106 (296.631 seconds):
2017-05-05 02:57:03,557 INFO: 	Average L2 norm of relation vector: 0.0469
2017-05-05 02:57:03,558 INFO: 	COST >> 0.013 +/- 0.001, % updates Left: 2.0%  Right: 1.73%
2017-05-05 03:01:18,054 INFO: ----------------------------------------------------------------------------
2017-05-05 03:01:18,055 INFO: EPOCH 107 (254.497 seconds):
2017-05-05 03:01:18,062 INFO: 	Average L2 norm of relation vector: 0.04683
2017-05-05 03:01:18,064 INFO: 	COST >> 0.013 +/- 0.001, % updates Left: 2.0%  Right: 1.7%
2017-05-05 03:05:57,186 INFO: ----------------------------------------------------------------------------
2017-05-05 03:05:57,187 INFO: EPOCH 108 (279.123 seconds):
2017-05-05 03:05:57,194 INFO: 	Average L2 norm of relation vector: 0.04676
2017-05-05 03:05:57,196 INFO: 	COST >> 0.013 +/- 0.001, % updates Left: 1.94%  Right: 1.71%
2017-05-05 03:09:49,521 INFO: ----------------------------------------------------------------------------
2017-05-05 03:09:49,522 INFO: EPOCH 109 (232.326 seconds):
2017-05-05 03:09:49,527 INFO: 	Average L2 norm of relation vector: 0.0467
2017-05-05 03:09:49,528 INFO: 	COST >> 0.013 +/- 0.001, % updates Left: 1.98%  Right: 1.7%
2017-05-05 03:12:28,213 INFO: ----------------------------------------------------------------------------
2017-05-05 03:12:28,214 INFO: EPOCH 110 (158.686 seconds):
2017-05-05 03:12:28,230 INFO: 	Average L2 norm of relation vector: 0.04664
2017-05-05 03:12:28,232 INFO: 	COST >> 0.013 +/- 0.001, % updates Left: 1.96%  Right: 1.71%
2017-05-05 03:12:28,234 INFO: 	FilteredRanking: evaluating rank on 1000 triples
2017-05-05 03:16:23,540 INFO: 	FilteredRanking: evaluating rank on 1000 triples
2017-05-05 03:19:50,260 INFO: 	MEAN RANK >> valid: 87.5, train: 10.0
2017-05-05 03:19:50,261 INFO: 		MEAN RANK TRAIN: Left: 11.0 Rel: 0.0 Right: 9.0
2017-05-05 03:19:50,262 INFO: 		MEAN RANK VALID: Left: 97.8 Rel: 0.0 Right: 77.3
2017-05-05 03:19:50,262 INFO: 		MEAN RECIPROCAL RANK VALID (L & R): 0.384
2017-05-05 03:19:50,263 INFO: 	FilteredRanking: evaluating rank on 1000 triples
2017-05-05 03:23:31,215 INFO: 	NEW BEST TEST MR: 65.1
2017-05-05 03:23:31,218 INFO: 		Left MR: 84.0 Rel MR: 0.0 Right MR: 46.1
2017-05-05 03:23:31,872 INFO: 	(ranking took 663.639 seconds)
2017-05-05 03:27:24,557 INFO: ----------------------------------------------------------------------------
2017-05-05 03:27:24,558 INFO: EPOCH 111 (232.685 seconds):
2017-05-05 03:27:24,565 INFO: 	Average L2 norm of relation vector: 0.04658
2017-05-05 03:27:24,566 INFO: 	COST >> 0.013 +/- 0.001, % updates Left: 1.96%  Right: 1.66%
2017-05-05 03:31:27,590 INFO: ----------------------------------------------------------------------------
2017-05-05 03:31:27,591 INFO: EPOCH 112 (243.025 seconds):
2017-05-05 03:31:27,596 INFO: 	Average L2 norm of relation vector: 0.04653
2017-05-05 03:31:27,597 INFO: 	COST >> 0.013 +/- 0.001, % updates Left: 1.98%  Right: 1.69%
2017-05-05 03:35:30,133 INFO: ----------------------------------------------------------------------------
2017-05-05 03:35:30,134 INFO: EPOCH 113 (242.536 seconds):
2017-05-05 03:35:30,140 INFO: 	Average L2 norm of relation vector: 0.04646
2017-05-05 03:35:30,141 INFO: 	COST >> 0.013 +/- 0.001, % updates Left: 1.94%  Right: 1.69%
2017-05-05 03:40:02,426 INFO: ----------------------------------------------------------------------------
2017-05-05 03:40:02,427 INFO: EPOCH 114 (272.285 seconds):
2017-05-05 03:40:02,434 INFO: 	Average L2 norm of relation vector: 0.04641
2017-05-05 03:40:02,435 INFO: 	COST >> 0.013 +/- 0.001, % updates Left: 2.01%  Right: 1.71%
2017-05-05 03:44:17,612 INFO: ----------------------------------------------------------------------------
2017-05-05 03:44:17,613 INFO: EPOCH 115 (255.178 seconds):
2017-05-05 03:44:17,621 INFO: 	Average L2 norm of relation vector: 0.04636
2017-05-05 03:44:17,622 INFO: 	COST >> 0.013 +/- 0.001, % updates Left: 1.98%  Right: 1.71%
2017-05-05 03:48:47,911 INFO: ----------------------------------------------------------------------------
2017-05-05 03:48:47,912 INFO: EPOCH 116 (270.29 seconds):
2017-05-05 03:48:47,917 INFO: 	Average L2 norm of relation vector: 0.0463
2017-05-05 03:48:47,918 INFO: 	COST >> 0.013 +/- 0.001, % updates Left: 1.95%  Right: 1.67%
2017-05-05 03:52:52,949 INFO: ----------------------------------------------------------------------------
2017-05-05 03:52:52,950 INFO: EPOCH 117 (245.031 seconds):
2017-05-05 03:52:52,957 INFO: 	Average L2 norm of relation vector: 0.04624
2017-05-05 03:52:52,958 INFO: 	COST >> 0.013 +/- 0.001, % updates Left: 1.94%  Right: 1.69%
2017-05-05 03:57:49,298 INFO: ----------------------------------------------------------------------------
2017-05-05 03:57:49,300 INFO: EPOCH 118 (296.342 seconds):
2017-05-05 03:57:49,311 INFO: 	Average L2 norm of relation vector: 0.04618
2017-05-05 03:57:49,313 INFO: 	COST >> 0.013 +/- 0.001, % updates Left: 1.95%  Right: 1.67%
2017-05-05 04:01:59,543 INFO: ----------------------------------------------------------------------------
2017-05-05 04:01:59,544 INFO: EPOCH 119 (250.23 seconds):
2017-05-05 04:01:59,551 INFO: 	Average L2 norm of relation vector: 0.04612
2017-05-05 04:01:59,552 INFO: 	COST >> 0.012 +/- 0.001, % updates Left: 1.91%  Right: 1.66%
2017-05-05 04:05:58,595 INFO: ----------------------------------------------------------------------------
2017-05-05 04:05:58,596 INFO: EPOCH 120 (239.043 seconds):
2017-05-05 04:05:58,602 INFO: 	Average L2 norm of relation vector: 0.04606
2017-05-05 04:05:58,603 INFO: 	COST >> 0.012 +/- 0.001, % updates Left: 1.94%  Right: 1.66%
2017-05-05 04:05:58,603 INFO: 	FilteredRanking: evaluating rank on 1000 triples
2017-05-05 04:10:40,065 INFO: 	FilteredRanking: evaluating rank on 1000 triples
2017-05-05 04:15:11,679 INFO: 	MEAN RANK >> valid: 80.3, train: 8.8
2017-05-05 04:15:11,680 INFO: 		MEAN RANK TRAIN: Left: 9.5 Rel: 0.0 Right: 8.1
2017-05-05 04:15:11,682 INFO: 		MEAN RANK VALID: Left: 88.9 Rel: 0.0 Right: 71.7
2017-05-05 04:15:11,682 INFO: 		MEAN RECIPROCAL RANK VALID (L & R): 0.3765
2017-05-05 04:15:11,682 WARNING: 	WARNING, failed to improve MRR on valid, 2 chances left

2017-05-05 04:15:11,895 INFO: 	(ranking took 553.292 seconds)
2017-05-05 04:18:57,571 INFO: ----------------------------------------------------------------------------
2017-05-05 04:18:57,572 INFO: EPOCH 121 (225.676 seconds):
2017-05-05 04:18:57,577 INFO: 	Average L2 norm of relation vector: 0.04601
2017-05-05 04:18:57,578 INFO: 	COST >> 0.012 +/- 0.001, % updates Left: 1.94%  Right: 1.66%
2017-05-05 04:21:56,139 INFO: ----------------------------------------------------------------------------
2017-05-05 04:21:56,139 INFO: EPOCH 122 (178.562 seconds):
2017-05-05 04:21:56,182 INFO: 	Average L2 norm of relation vector: 0.04596
2017-05-05 04:21:56,183 INFO: 	COST >> 0.012 +/- 0.001, % updates Left: 1.94%  Right: 1.65%
2017-05-05 04:25:26,473 INFO: ----------------------------------------------------------------------------
2017-05-05 04:25:26,474 INFO: EPOCH 123 (210.291 seconds):
2017-05-05 04:25:26,528 INFO: 	Average L2 norm of relation vector: 0.04591
2017-05-05 04:25:26,529 INFO: 	COST >> 0.012 +/- 0.001, % updates Left: 1.9%  Right: 1.67%
2017-05-05 04:28:59,384 INFO: ----------------------------------------------------------------------------
2017-05-05 04:28:59,384 INFO: EPOCH 124 (212.855 seconds):
2017-05-05 04:28:59,389 INFO: 	Average L2 norm of relation vector: 0.04585
2017-05-05 04:28:59,390 INFO: 	COST >> 0.012 +/- 0.001, % updates Left: 1.9%  Right: 1.65%
2017-05-05 04:32:59,397 INFO: ----------------------------------------------------------------------------
2017-05-05 04:32:59,398 INFO: EPOCH 125 (240.008 seconds):
2017-05-05 04:32:59,404 INFO: 	Average L2 norm of relation vector: 0.0458
2017-05-05 04:32:59,405 INFO: 	COST >> 0.012 +/- 0.001, % updates Left: 1.95%  Right: 1.67%
2017-05-05 04:36:59,162 INFO: ----------------------------------------------------------------------------
2017-05-05 04:36:59,162 INFO: EPOCH 126 (239.757 seconds):
2017-05-05 04:36:59,170 INFO: 	Average L2 norm of relation vector: 0.04574
2017-05-05 04:36:59,171 INFO: 	COST >> 0.012 +/- 0.001, % updates Left: 1.88%  Right: 1.66%
2017-05-05 04:41:19,684 INFO: ----------------------------------------------------------------------------
2017-05-05 04:41:19,685 INFO: EPOCH 127 (260.514 seconds):
2017-05-05 04:41:19,692 INFO: 	Average L2 norm of relation vector: 0.04569
2017-05-05 04:41:19,694 INFO: 	COST >> 0.012 +/- 0.001, % updates Left: 1.92%  Right: 1.63%
2017-05-05 04:45:45,337 INFO: ----------------------------------------------------------------------------
2017-05-05 04:45:45,338 INFO: EPOCH 128 (265.644 seconds):
2017-05-05 04:45:45,345 INFO: 	Average L2 norm of relation vector: 0.04564
2017-05-05 04:45:45,347 INFO: 	COST >> 0.012 +/- 0.001, % updates Left: 1.9%  Right: 1.62%
2017-05-05 04:49:59,292 INFO: ----------------------------------------------------------------------------
2017-05-05 04:49:59,293 INFO: EPOCH 129 (253.946 seconds):
2017-05-05 04:49:59,300 INFO: 	Average L2 norm of relation vector: 0.04558
2017-05-05 04:49:59,301 INFO: 	COST >> 0.012 +/- 0.001, % updates Left: 1.88%  Right: 1.64%
2017-05-05 04:53:17,683 INFO: ----------------------------------------------------------------------------
2017-05-05 04:53:17,684 INFO: EPOCH 130 (198.382 seconds):
2017-05-05 04:53:17,691 INFO: 	Average L2 norm of relation vector: 0.04553
2017-05-05 04:53:17,692 INFO: 	COST >> 0.012 +/- 0.0, % updates Left: 1.89%  Right: 1.62%
2017-05-05 04:53:17,692 INFO: 	FilteredRanking: evaluating rank on 1000 triples
2017-05-05 04:57:33,852 INFO: 	FilteredRanking: evaluating rank on 1000 triples
2017-05-05 05:01:43,078 INFO: 	MEAN RANK >> valid: 77.5, train: 8.8
2017-05-05 05:01:43,079 INFO: 		MEAN RANK TRAIN: Left: 9.9 Rel: 0.0 Right: 7.8
2017-05-05 05:01:43,080 INFO: 		MEAN RANK VALID: Left: 89.6 Rel: 0.0 Right: 65.4
2017-05-05 05:01:43,080 INFO: 		MEAN RECIPROCAL RANK VALID (L & R): 0.3935
2017-05-05 05:01:43,080 INFO: 	FilteredRanking: evaluating rank on 1000 triples
2017-05-05 05:05:31,862 INFO: 	NEW BEST TEST MR: 56.1
2017-05-05 05:05:31,865 INFO: 		Left MR: 73.2 Rel MR: 0.0 Right MR: 38.9
2017-05-05 05:05:32,397 INFO: 	(ranking took 734.704 seconds)
2017-05-05 05:10:12,828 INFO: ----------------------------------------------------------------------------
2017-05-05 05:10:12,829 INFO: EPOCH 131 (280.428 seconds):
2017-05-05 05:10:12,835 INFO: 	Average L2 norm of relation vector: 0.04548
2017-05-05 05:10:12,836 INFO: 	COST >> 0.012 +/- 0.001, % updates Left: 1.88%  Right: 1.64%
2017-05-05 05:14:28,440 INFO: ----------------------------------------------------------------------------
2017-05-05 05:14:28,441 INFO: EPOCH 132 (255.605 seconds):
2017-05-05 05:14:28,449 INFO: 	Average L2 norm of relation vector: 0.04543
2017-05-05 05:14:28,450 INFO: 	COST >> 0.012 +/- 0.0, % updates Left: 1.9%  Right: 1.66%
2017-05-05 05:19:14,118 INFO: ----------------------------------------------------------------------------
2017-05-05 05:19:14,119 INFO: EPOCH 133 (285.668 seconds):
2017-05-05 05:19:14,126 INFO: 	Average L2 norm of relation vector: 0.04538
2017-05-05 05:19:14,127 INFO: 	COST >> 0.012 +/- 0.001, % updates Left: 1.85%  Right: 1.63%
2017-05-05 05:23:50,554 INFO: ----------------------------------------------------------------------------
2017-05-05 05:23:50,554 INFO: EPOCH 134 (276.427 seconds):
2017-05-05 05:23:50,559 INFO: 	Average L2 norm of relation vector: 0.04533
2017-05-05 05:23:50,560 INFO: 	COST >> 0.012 +/- 0.001, % updates Left: 1.86%  Right: 1.62%
2017-05-05 05:27:24,573 INFO: ----------------------------------------------------------------------------
2017-05-05 05:27:24,574 INFO: EPOCH 135 (214.014 seconds):
2017-05-05 05:27:24,580 INFO: 	Average L2 norm of relation vector: 0.04528
2017-05-05 05:27:24,581 INFO: 	COST >> 0.012 +/- 0.0, % updates Left: 1.89%  Right: 1.58%
2017-05-05 05:30:59,080 INFO: ----------------------------------------------------------------------------
2017-05-05 05:30:59,081 INFO: EPOCH 136 (214.5 seconds):
2017-05-05 05:30:59,088 INFO: 	Average L2 norm of relation vector: 0.04524
2017-05-05 05:30:59,089 INFO: 	COST >> 0.012 +/- 0.001, % updates Left: 1.9%  Right: 1.61%
2017-05-05 05:35:01,896 INFO: ----------------------------------------------------------------------------
2017-05-05 05:35:01,896 INFO: EPOCH 137 (242.807 seconds):
2017-05-05 05:35:01,903 INFO: 	Average L2 norm of relation vector: 0.04519
2017-05-05 05:35:01,904 INFO: 	COST >> 0.012 +/- 0.0, % updates Left: 1.9%  Right: 1.6%
2017-05-05 05:39:25,465 INFO: ----------------------------------------------------------------------------
2017-05-05 05:39:25,465 INFO: EPOCH 138 (263.561 seconds):
2017-05-05 05:39:25,473 INFO: 	Average L2 norm of relation vector: 0.04515
2017-05-05 05:39:25,474 INFO: 	COST >> 0.012 +/- 0.001, % updates Left: 1.91%  Right: 1.62%
2017-05-05 05:43:38,948 INFO: ----------------------------------------------------------------------------
2017-05-05 05:43:38,948 INFO: EPOCH 139 (253.474 seconds):
2017-05-05 05:43:38,956 INFO: 	Average L2 norm of relation vector: 0.0451
2017-05-05 05:43:38,957 INFO: 	COST >> 0.012 +/- 0.001, % updates Left: 1.84%  Right: 1.56%
2017-05-05 05:47:08,586 INFO: ----------------------------------------------------------------------------
2017-05-05 05:47:08,587 INFO: EPOCH 140 (209.629 seconds):
2017-05-05 05:47:08,593 INFO: 	Average L2 norm of relation vector: 0.04505
2017-05-05 05:47:08,594 INFO: 	COST >> 0.012 +/- 0.0, % updates Left: 1.85%  Right: 1.58%
2017-05-05 05:47:08,594 INFO: 	FilteredRanking: evaluating rank on 1000 triples
2017-05-05 05:50:57,295 INFO: 	FilteredRanking: evaluating rank on 1000 triples
2017-05-05 05:54:50,768 INFO: 	MEAN RANK >> valid: 80.6, train: 7.7
2017-05-05 05:54:50,769 INFO: 		MEAN RANK TRAIN: Left: 8.8 Rel: 0.0 Right: 6.6
2017-05-05 05:54:50,770 INFO: 		MEAN RANK VALID: Left: 91.7 Rel: 0.0 Right: 69.6
2017-05-05 05:54:50,770 INFO: 		MEAN RECIPROCAL RANK VALID (L & R): 0.409
2017-05-05 05:54:50,771 INFO: 	FilteredRanking: evaluating rank on 1000 triples
2017-05-05 05:59:10,374 INFO: 	NEW BEST TEST MR: 55.6
2017-05-05 05:59:10,375 INFO: 		Left MR: 68.2 Rel MR: 0.0 Right MR: 42.9
2017-05-05 05:59:11,019 INFO: 	(ranking took 722.425 seconds)
2017-05-05 06:02:55,167 INFO: ----------------------------------------------------------------------------
2017-05-05 06:02:55,167 INFO: EPOCH 141 (224.147 seconds):
2017-05-05 06:02:55,173 INFO: 	Average L2 norm of relation vector: 0.045
2017-05-05 06:02:55,174 INFO: 	COST >> 0.012 +/- 0.001, % updates Left: 1.84%  Right: 1.61%
2017-05-05 06:07:42,482 INFO: ----------------------------------------------------------------------------
2017-05-05 06:07:42,482 INFO: EPOCH 142 (287.308 seconds):
2017-05-05 06:07:42,489 INFO: 	Average L2 norm of relation vector: 0.04495
2017-05-05 06:07:42,490 INFO: 	COST >> 0.012 +/- 0.001, % updates Left: 1.86%  Right: 1.62%
2017-05-05 06:12:07,325 INFO: ----------------------------------------------------------------------------
2017-05-05 06:12:07,326 INFO: EPOCH 143 (264.835 seconds):
2017-05-05 06:12:07,330 INFO: 	Average L2 norm of relation vector: 0.04491
2017-05-05 06:12:07,331 INFO: 	COST >> 0.012 +/- 0.0, % updates Left: 1.85%  Right: 1.6%
2017-05-05 06:15:36,027 INFO: ----------------------------------------------------------------------------
2017-05-05 06:15:36,029 INFO: EPOCH 144 (208.697 seconds):
2017-05-05 06:15:36,036 INFO: 	Average L2 norm of relation vector: 0.04487
2017-05-05 06:15:36,038 INFO: 	COST >> 0.012 +/- 0.001, % updates Left: 1.86%  Right: 1.6%
2017-05-05 06:20:20,818 INFO: ----------------------------------------------------------------------------
2017-05-05 06:20:20,819 INFO: EPOCH 145 (284.781 seconds):
2017-05-05 06:20:20,826 INFO: 	Average L2 norm of relation vector: 0.04482
2017-05-05 06:20:20,827 INFO: 	COST >> 0.012 +/- 0.0, % updates Left: 1.83%  Right: 1.58%
2017-05-05 06:25:18,944 INFO: ----------------------------------------------------------------------------
2017-05-05 06:25:18,945 INFO: EPOCH 146 (298.118 seconds):
2017-05-05 06:25:18,954 INFO: 	Average L2 norm of relation vector: 0.04478
2017-05-05 06:25:18,955 INFO: 	COST >> 0.011 +/- 0.0, % updates Left: 1.85%  Right: 1.56%
2017-05-05 06:29:13,635 INFO: ----------------------------------------------------------------------------
2017-05-05 06:29:13,636 INFO: EPOCH 147 (234.68 seconds):
2017-05-05 06:29:13,642 INFO: 	Average L2 norm of relation vector: 0.04473
2017-05-05 06:29:13,643 INFO: 	COST >> 0.011 +/- 0.001, % updates Left: 1.82%  Right: 1.6%
2017-05-05 06:32:17,221 INFO: ----------------------------------------------------------------------------
2017-05-05 06:32:17,221 INFO: EPOCH 148 (183.578 seconds):
2017-05-05 06:32:17,228 INFO: 	Average L2 norm of relation vector: 0.04469
2017-05-05 06:32:17,229 INFO: 	COST >> 0.011 +/- 0.001, % updates Left: 1.82%  Right: 1.57%
2017-05-05 06:35:40,459 INFO: ----------------------------------------------------------------------------
2017-05-05 06:35:40,460 INFO: EPOCH 149 (203.23 seconds):
2017-05-05 06:35:40,468 INFO: 	Average L2 norm of relation vector: 0.04464
2017-05-05 06:35:40,470 INFO: 	COST >> 0.011 +/- 0.0, % updates Left: 1.82%  Right: 1.57%
2017-05-05 06:39:47,779 INFO: ----------------------------------------------------------------------------
2017-05-05 06:39:47,780 INFO: EPOCH 150 (247.31 seconds):
2017-05-05 06:39:47,786 INFO: 	Average L2 norm of relation vector: 0.0446
2017-05-05 06:39:47,787 INFO: 	COST >> 0.011 +/- 0.0, % updates Left: 1.84%  Right: 1.55%
2017-05-05 06:39:47,787 INFO: 	FilteredRanking: evaluating rank on 1000 triples
2017-05-05 06:43:47,281 INFO: 	FilteredRanking: evaluating rank on 1000 triples
2017-05-05 06:47:29,888 INFO: 	MEAN RANK >> valid: 75.5, train: 7.7
2017-05-05 06:47:29,889 INFO: 		MEAN RANK TRAIN: Left: 8.5 Rel: 0.0 Right: 6.8
2017-05-05 06:47:29,889 INFO: 		MEAN RANK VALID: Left: 85.9 Rel: 0.0 Right: 65.1
2017-05-05 06:47:29,890 INFO: 		MEAN RECIPROCAL RANK VALID (L & R): 0.4235
2017-05-05 06:47:29,890 INFO: 	FilteredRanking: evaluating rank on 1000 triples
2017-05-05 06:50:49,066 INFO: 	NEW BEST TEST MR: 52.2
2017-05-05 06:50:49,067 INFO: 		Left MR: 68.3 Rel MR: 0.0 Right MR: 36.1
2017-05-05 06:50:49,938 INFO: 	(ranking took 662.151 seconds)
2017-05-05 06:54:19,033 INFO: ----------------------------------------------------------------------------
2017-05-05 06:54:19,034 INFO: EPOCH 151 (209.094 seconds):
2017-05-05 06:54:19,040 INFO: 	Average L2 norm of relation vector: 0.04456
2017-05-05 06:54:19,041 INFO: 	COST >> 0.011 +/- 0.001, % updates Left: 1.85%  Right: 1.55%
2017-05-05 06:58:32,172 INFO: ----------------------------------------------------------------------------
2017-05-05 06:58:32,173 INFO: EPOCH 152 (253.131 seconds):
2017-05-05 06:58:32,178 INFO: 	Average L2 norm of relation vector: 0.04452
2017-05-05 06:58:32,179 INFO: 	COST >> 0.011 +/- 0.001, % updates Left: 1.83%  Right: 1.6%
2017-05-05 07:02:07,888 INFO: ----------------------------------------------------------------------------
2017-05-05 07:02:07,888 INFO: EPOCH 153 (215.709 seconds):
2017-05-05 07:02:07,894 INFO: 	Average L2 norm of relation vector: 0.04448
2017-05-05 07:02:07,895 INFO: 	COST >> 0.011 +/- 0.001, % updates Left: 1.82%  Right: 1.54%
2017-05-05 07:06:53,872 INFO: ----------------------------------------------------------------------------
2017-05-05 07:06:53,873 INFO: EPOCH 154 (285.977 seconds):
2017-05-05 07:06:53,878 INFO: 	Average L2 norm of relation vector: 0.04444
2017-05-05 07:06:53,879 INFO: 	COST >> 0.011 +/- 0.001, % updates Left: 1.81%  Right: 1.6%
2017-05-05 07:10:34,980 INFO: ----------------------------------------------------------------------------
2017-05-05 07:10:34,981 INFO: EPOCH 155 (221.101 seconds):
2017-05-05 07:10:34,991 INFO: 	Average L2 norm of relation vector: 0.04439
2017-05-05 07:10:34,993 INFO: 	COST >> 0.011 +/- 0.0, % updates Left: 1.79%  Right: 1.58%
2017-05-05 07:14:55,717 INFO: ----------------------------------------------------------------------------
2017-05-05 07:14:55,718 INFO: EPOCH 156 (260.725 seconds):
2017-05-05 07:14:55,727 INFO: 	Average L2 norm of relation vector: 0.04435
2017-05-05 07:14:55,729 INFO: 	COST >> 0.011 +/- 0.001, % updates Left: 1.79%  Right: 1.57%
2017-05-05 07:19:37,767 INFO: ----------------------------------------------------------------------------
2017-05-05 07:19:37,767 INFO: EPOCH 157 (282.038 seconds):
2017-05-05 07:19:37,772 INFO: 	Average L2 norm of relation vector: 0.04432
2017-05-05 07:19:37,772 INFO: 	COST >> 0.011 +/- 0.0, % updates Left: 1.84%  Right: 1.57%
2017-05-05 07:23:39,710 INFO: ----------------------------------------------------------------------------
2017-05-05 07:23:39,711 INFO: EPOCH 158 (241.938 seconds):
2017-05-05 07:23:39,718 INFO: 	Average L2 norm of relation vector: 0.04428
2017-05-05 07:23:39,719 INFO: 	COST >> 0.011 +/- 0.001, % updates Left: 1.78%  Right: 1.57%
2017-05-05 07:27:26,968 INFO: ----------------------------------------------------------------------------
2017-05-05 07:27:26,969 INFO: EPOCH 159 (227.249 seconds):
2017-05-05 07:27:26,977 INFO: 	Average L2 norm of relation vector: 0.04424
2017-05-05 07:27:26,978 INFO: 	COST >> 0.011 +/- 0.001, % updates Left: 1.83%  Right: 1.58%
2017-05-05 07:31:25,532 INFO: ----------------------------------------------------------------------------
2017-05-05 07:31:25,533 INFO: EPOCH 160 (238.555 seconds):
2017-05-05 07:31:25,540 INFO: 	Average L2 norm of relation vector: 0.0442
2017-05-05 07:31:25,541 INFO: 	COST >> 0.011 +/- 0.001, % updates Left: 1.82%  Right: 1.56%
2017-05-05 07:31:25,542 INFO: 	FilteredRanking: evaluating rank on 1000 triples
2017-05-05 07:35:39,575 INFO: 	FilteredRanking: evaluating rank on 1000 triples
2017-05-05 07:39:21,783 INFO: 	MEAN RANK >> valid: 75.1, train: 8.1
2017-05-05 07:39:21,784 INFO: 		MEAN RANK TRAIN: Left: 9.0 Rel: 0.0 Right: 7.3
2017-05-05 07:39:21,785 INFO: 		MEAN RANK VALID: Left: 87.9 Rel: 0.0 Right: 62.3
2017-05-05 07:39:21,785 INFO: 		MEAN RECIPROCAL RANK VALID (L & R): 0.433
2017-05-05 07:39:21,785 INFO: 	FilteredRanking: evaluating rank on 1000 triples
2017-05-05 07:42:36,954 INFO: 	NEW BEST TEST MR: 54.2
2017-05-05 07:42:36,955 INFO: 		Left MR: 68.5 Rel MR: 0.0 Right MR: 39.8
2017-05-05 07:42:37,464 INFO: 	(ranking took 671.922 seconds)
2017-05-05 07:46:34,809 INFO: ----------------------------------------------------------------------------
2017-05-05 07:46:34,809 INFO: EPOCH 161 (237.345 seconds):
2017-05-05 07:46:34,816 INFO: 	Average L2 norm of relation vector: 0.04417
2017-05-05 07:46:34,817 INFO: 	COST >> 0.011 +/- 0.0, % updates Left: 1.83%  Right: 1.56%
2017-05-05 07:49:41,810 INFO: ----------------------------------------------------------------------------
2017-05-05 07:49:41,811 INFO: EPOCH 162 (186.994 seconds):
2017-05-05 07:49:41,819 INFO: 	Average L2 norm of relation vector: 0.04413
2017-05-05 07:49:41,821 INFO: 	COST >> 0.011 +/- 0.001, % updates Left: 1.79%  Right: 1.59%
2017-05-05 07:53:50,313 INFO: ----------------------------------------------------------------------------
2017-05-05 07:53:50,314 INFO: EPOCH 163 (248.493 seconds):
2017-05-05 07:53:50,322 INFO: 	Average L2 norm of relation vector: 0.0441
2017-05-05 07:53:50,323 INFO: 	COST >> 0.011 +/- 0.001, % updates Left: 1.81%  Right: 1.52%
2017-05-05 07:57:33,405 INFO: ----------------------------------------------------------------------------
2017-05-05 07:57:33,406 INFO: EPOCH 164 (223.083 seconds):
2017-05-05 07:57:33,415 INFO: 	Average L2 norm of relation vector: 0.04406
2017-05-05 07:57:33,417 INFO: 	COST >> 0.011 +/- 0.0, % updates Left: 1.78%  Right: 1.57%
2017-05-05 08:00:45,644 INFO: ----------------------------------------------------------------------------
2017-05-05 08:00:45,644 INFO: EPOCH 165 (192.226 seconds):
2017-05-05 08:00:45,650 INFO: 	Average L2 norm of relation vector: 0.04402
2017-05-05 08:00:45,652 INFO: 	COST >> 0.011 +/- 0.0, % updates Left: 1.77%  Right: 1.55%
2017-05-05 08:04:54,032 INFO: ----------------------------------------------------------------------------
2017-05-05 08:04:54,033 INFO: EPOCH 166 (248.381 seconds):
2017-05-05 08:04:54,040 INFO: 	Average L2 norm of relation vector: 0.04399
2017-05-05 08:04:54,041 INFO: 	COST >> 0.011 +/- 0.001, % updates Left: 1.8%  Right: 1.56%
2017-05-05 08:09:10,124 INFO: ----------------------------------------------------------------------------
2017-05-05 08:09:10,125 INFO: EPOCH 167 (256.083 seconds):
2017-05-05 08:09:10,130 INFO: 	Average L2 norm of relation vector: 0.04396
2017-05-05 08:09:10,131 INFO: 	COST >> 0.011 +/- 0.001, % updates Left: 1.81%  Right: 1.54%
2017-05-05 08:13:29,817 INFO: ----------------------------------------------------------------------------
2017-05-05 08:13:29,818 INFO: EPOCH 168 (259.687 seconds):
2017-05-05 08:13:29,831 INFO: 	Average L2 norm of relation vector: 0.04392
2017-05-05 08:13:29,834 INFO: 	COST >> 0.011 +/- 0.0, % updates Left: 1.79%  Right: 1.54%
2017-05-05 08:18:13,388 INFO: ----------------------------------------------------------------------------
2017-05-05 08:18:13,389 INFO: EPOCH 169 (283.555 seconds):
2017-05-05 08:18:13,397 INFO: 	Average L2 norm of relation vector: 0.04388
2017-05-05 08:18:13,398 INFO: 	COST >> 0.011 +/- 0.0, % updates Left: 1.77%  Right: 1.55%
2017-05-05 08:22:43,679 INFO: ----------------------------------------------------------------------------
2017-05-05 08:22:43,680 INFO: EPOCH 170 (270.281 seconds):
2017-05-05 08:22:43,687 INFO: 	Average L2 norm of relation vector: 0.04384
2017-05-05 08:22:43,688 INFO: 	COST >> 0.011 +/- 0.0, % updates Left: 1.74%  Right: 1.54%
2017-05-05 08:22:43,688 INFO: 	FilteredRanking: evaluating rank on 1000 triples
2017-05-05 08:26:29,854 INFO: 	FilteredRanking: evaluating rank on 1000 triples
2017-05-05 08:30:08,972 INFO: 	MEAN RANK >> valid: 74.9, train: 6.7
2017-05-05 08:30:08,973 INFO: 		MEAN RANK TRAIN: Left: 7.1 Rel: 0.0 Right: 6.4
2017-05-05 08:30:08,973 INFO: 		MEAN RANK VALID: Left: 87.1 Rel: 0.0 Right: 62.6
2017-05-05 08:30:08,973 INFO: 		MEAN RECIPROCAL RANK VALID (L & R): 0.427
2017-05-05 08:30:08,974 WARNING: 	WARNING, failed to improve MRR on valid, 2 chances left

2017-05-05 08:30:09,464 INFO: 	(ranking took 445.775 seconds)
2017-05-05 08:33:54,575 INFO: ----------------------------------------------------------------------------
2017-05-05 08:33:54,576 INFO: EPOCH 171 (225.112 seconds):
2017-05-05 08:33:54,586 INFO: 	Average L2 norm of relation vector: 0.0438
2017-05-05 08:33:54,587 INFO: 	COST >> 0.011 +/- 0.001, % updates Left: 1.74%  Right: 1.51%
2017-05-05 08:37:52,169 INFO: ----------------------------------------------------------------------------
2017-05-05 08:37:52,170 INFO: EPOCH 172 (237.582 seconds):
2017-05-05 08:37:52,177 INFO: 	Average L2 norm of relation vector: 0.04376
2017-05-05 08:37:52,178 INFO: 	COST >> 0.011 +/- 0.0, % updates Left: 1.78%  Right: 1.55%
2017-05-05 08:41:41,375 INFO: ----------------------------------------------------------------------------
2017-05-05 08:41:41,376 INFO: EPOCH 173 (229.197 seconds):
2017-05-05 08:41:41,380 INFO: 	Average L2 norm of relation vector: 0.04372
2017-05-05 08:41:41,381 INFO: 	COST >> 0.011 +/- 0.0, % updates Left: 1.72%  Right: 1.52%
2017-05-05 08:46:23,896 INFO: ----------------------------------------------------------------------------
2017-05-05 08:46:23,896 INFO: EPOCH 174 (282.515 seconds):
2017-05-05 08:46:23,902 INFO: 	Average L2 norm of relation vector: 0.04369
2017-05-05 08:46:23,903 INFO: 	COST >> 0.011 +/- 0.0, % updates Left: 1.8%  Right: 1.52%
2017-05-05 08:52:13,687 INFO: ----------------------------------------------------------------------------
2017-05-05 08:52:13,688 INFO: EPOCH 175 (349.784 seconds):
2017-05-05 08:52:13,695 INFO: 	Average L2 norm of relation vector: 0.04365
2017-05-05 08:52:13,696 INFO: 	COST >> 0.011 +/- 0.001, % updates Left: 1.74%  Right: 1.53%
2017-05-05 08:56:55,570 INFO: ----------------------------------------------------------------------------
2017-05-05 08:56:55,572 INFO: EPOCH 176 (281.876 seconds):
2017-05-05 08:56:55,581 INFO: 	Average L2 norm of relation vector: 0.04362
2017-05-05 08:56:55,583 INFO: 	COST >> 0.011 +/- 0.0, % updates Left: 1.75%  Right: 1.52%
2017-05-05 09:00:47,208 INFO: ----------------------------------------------------------------------------
2017-05-05 09:00:47,209 INFO: EPOCH 177 (231.625 seconds):
2017-05-05 09:00:47,215 INFO: 	Average L2 norm of relation vector: 0.04359
2017-05-05 09:00:47,216 INFO: 	COST >> 0.011 +/- 0.0, % updates Left: 1.78%  Right: 1.51%
2017-05-05 09:05:55,605 INFO: ----------------------------------------------------------------------------
2017-05-05 09:05:55,605 INFO: EPOCH 178 (308.389 seconds):
2017-05-05 09:05:55,611 INFO: 	Average L2 norm of relation vector: 0.04357
2017-05-05 09:05:55,612 INFO: 	COST >> 0.011 +/- 0.001, % updates Left: 1.81%  Right: 1.53%
2017-05-05 09:09:06,801 INFO: ----------------------------------------------------------------------------
2017-05-05 09:09:06,802 INFO: EPOCH 179 (191.189 seconds):
2017-05-05 09:09:06,806 INFO: 	Average L2 norm of relation vector: 0.04354
2017-05-05 09:09:06,807 INFO: 	COST >> 0.011 +/- 0.001, % updates Left: 1.76%  Right: 1.5%
2017-05-05 09:12:13,241 INFO: ----------------------------------------------------------------------------
2017-05-05 09:12:13,242 INFO: EPOCH 180 (186.435 seconds):
2017-05-05 09:12:13,250 INFO: 	Average L2 norm of relation vector: 0.04351
2017-05-05 09:12:13,251 INFO: 	COST >> 0.011 +/- 0.0, % updates Left: 1.78%  Right: 1.52%
2017-05-05 09:12:13,252 INFO: 	FilteredRanking: evaluating rank on 1000 triples
2017-05-05 09:15:41,516 INFO: 	FilteredRanking: evaluating rank on 1000 triples
2017-05-05 09:18:32,913 INFO: 	MEAN RANK >> valid: 70.0, train: 6.8
2017-05-05 09:18:32,914 INFO: 		MEAN RANK TRAIN: Left: 7.3 Rel: 0.0 Right: 6.2
2017-05-05 09:18:32,915 INFO: 		MEAN RANK VALID: Left: 82.6 Rel: 0.0 Right: 57.5
2017-05-05 09:18:32,915 INFO: 		MEAN RECIPROCAL RANK VALID (L & R): 0.4265
2017-05-05 09:18:32,915 WARNING: 	WARNING, failed to improve MRR on valid, 1 chances left

2017-05-05 09:18:33,530 INFO: 	(ranking took 380.278 seconds)
2017-05-05 09:21:13,024 INFO: ----------------------------------------------------------------------------
2017-05-05 09:21:13,025 INFO: EPOCH 181 (159.495 seconds):
2017-05-05 09:21:13,033 INFO: 	Average L2 norm of relation vector: 0.04349
2017-05-05 09:21:13,034 INFO: 	COST >> 0.011 +/- 0.001, % updates Left: 1.77%  Right: 1.55%
2017-05-05 09:24:25,732 INFO: ----------------------------------------------------------------------------
2017-05-05 09:24:25,733 INFO: EPOCH 182 (192.699 seconds):
2017-05-05 09:24:25,740 INFO: 	Average L2 norm of relation vector: 0.04346
2017-05-05 09:24:25,742 INFO: 	COST >> 0.011 +/- 0.0, % updates Left: 1.74%  Right: 1.51%
2017-05-05 09:27:49,097 INFO: ----------------------------------------------------------------------------
2017-05-05 09:27:49,098 INFO: EPOCH 183 (203.356 seconds):
2017-05-05 09:27:49,103 INFO: 	Average L2 norm of relation vector: 0.04343
2017-05-05 09:27:49,104 INFO: 	COST >> 0.011 +/- 0.001, % updates Left: 1.76%  Right: 1.51%
2017-05-05 09:31:27,098 INFO: ----------------------------------------------------------------------------
2017-05-05 09:31:27,099 INFO: EPOCH 184 (217.995 seconds):
2017-05-05 09:31:27,105 INFO: 	Average L2 norm of relation vector: 0.0434
2017-05-05 09:31:27,107 INFO: 	COST >> 0.011 +/- 0.0, % updates Left: 1.77%  Right: 1.5%
2017-05-05 09:35:14,535 INFO: ----------------------------------------------------------------------------
2017-05-05 09:35:14,537 INFO: EPOCH 185 (227.428 seconds):
2017-05-05 09:35:14,543 INFO: 	Average L2 norm of relation vector: 0.04337
2017-05-05 09:35:14,544 INFO: 	COST >> 0.011 +/- 0.0, % updates Left: 1.72%  Right: 1.49%
2017-05-05 09:38:58,215 INFO: ----------------------------------------------------------------------------
2017-05-05 09:38:58,216 INFO: EPOCH 186 (223.672 seconds):
2017-05-05 09:38:58,223 INFO: 	Average L2 norm of relation vector: 0.04333
2017-05-05 09:38:58,225 INFO: 	COST >> 0.011 +/- 0.0, % updates Left: 1.71%  Right: 1.52%
2017-05-05 09:42:11,612 INFO: ----------------------------------------------------------------------------
2017-05-05 09:42:11,613 INFO: EPOCH 187 (193.388 seconds):
2017-05-05 09:42:11,620 INFO: 	Average L2 norm of relation vector: 0.0433
2017-05-05 09:42:11,621 INFO: 	COST >> 0.011 +/- 0.0, % updates Left: 1.76%  Right: 1.51%
2017-05-05 09:46:39,835 INFO: ----------------------------------------------------------------------------
2017-05-05 09:46:39,836 INFO: EPOCH 188 (268.215 seconds):
2017-05-05 09:46:39,842 INFO: 	Average L2 norm of relation vector: 0.04328
2017-05-05 09:46:39,844 INFO: 	COST >> 0.011 +/- 0.0, % updates Left: 1.74%  Right: 1.5%
2017-05-05 09:50:45,757 INFO: ----------------------------------------------------------------------------
2017-05-05 09:50:45,759 INFO: EPOCH 189 (245.915 seconds):
2017-05-05 09:50:45,770 INFO: 	Average L2 norm of relation vector: 0.04325
2017-05-05 09:50:45,772 INFO: 	COST >> 0.011 +/- 0.001, % updates Left: 1.72%  Right: 1.47%
2017-05-05 09:55:34,755 INFO: ----------------------------------------------------------------------------
2017-05-05 09:55:34,756 INFO: EPOCH 190 (288.984 seconds):
2017-05-05 09:55:34,763 INFO: 	Average L2 norm of relation vector: 0.04322
2017-05-05 09:55:34,765 INFO: 	COST >> 0.011 +/- 0.0, % updates Left: 1.73%  Right: 1.48%
2017-05-05 09:55:34,765 INFO: 	FilteredRanking: evaluating rank on 1000 triples
2017-05-05 09:58:57,467 INFO: 	FilteredRanking: evaluating rank on 1000 triples
2017-05-05 10:02:21,224 INFO: 	MEAN RANK >> valid: 69.0, train: 6.9
2017-05-05 10:02:21,225 INFO: 		MEAN RANK TRAIN: Left: 7.9 Rel: 0.0 Right: 5.9
2017-05-05 10:02:21,226 INFO: 		MEAN RANK VALID: Left: 79.4 Rel: 0.0 Right: 58.6
2017-05-05 10:02:21,226 INFO: 		MEAN RECIPROCAL RANK VALID (L & R): 0.429
2017-05-05 10:02:21,226 WARNING: 	WARNING, failed to improve MRR on valid, 0 chances left

2017-05-05 10:02:21,720 INFO: 	(ranking took 406.954 seconds)
2017-05-05 10:05:22,980 INFO: ----------------------------------------------------------------------------
2017-05-05 10:05:22,981 INFO: EPOCH 191 (181.26 seconds):
2017-05-05 10:05:22,988 INFO: 	Average L2 norm of relation vector: 0.04319
2017-05-05 10:05:22,990 INFO: 	COST >> 0.011 +/- 0.001, % updates Left: 1.75%  Right: 1.48%
2017-05-05 10:09:13,322 INFO: ----------------------------------------------------------------------------
2017-05-05 10:09:13,324 INFO: EPOCH 192 (230.334 seconds):
2017-05-05 10:09:13,331 INFO: 	Average L2 norm of relation vector: 0.04316
2017-05-05 10:09:13,333 INFO: 	COST >> 0.011 +/- 0.0, % updates Left: 1.76%  Right: 1.51%
2017-05-05 10:12:41,721 INFO: ----------------------------------------------------------------------------
2017-05-05 10:12:41,722 INFO: EPOCH 193 (208.389 seconds):
2017-05-05 10:12:41,726 INFO: 	Average L2 norm of relation vector: 0.04314
2017-05-05 10:12:41,727 INFO: 	COST >> 0.011 +/- 0.0, % updates Left: 1.74%  Right: 1.52%
2017-05-05 10:16:51,172 INFO: ----------------------------------------------------------------------------
2017-05-05 10:16:51,173 INFO: EPOCH 194 (249.446 seconds):
2017-05-05 10:16:51,179 INFO: 	Average L2 norm of relation vector: 0.04311
2017-05-05 10:16:51,180 INFO: 	COST >> 0.01 +/- 0.0, % updates Left: 1.73%  Right: 1.47%
2017-05-05 10:20:56,779 INFO: ----------------------------------------------------------------------------
2017-05-05 10:20:56,780 INFO: EPOCH 195 (245.599 seconds):
2017-05-05 10:20:56,785 INFO: 	Average L2 norm of relation vector: 0.04308
2017-05-05 10:20:56,786 INFO: 	COST >> 0.011 +/- 0.001, % updates Left: 1.72%  Right: 1.51%
2017-05-05 10:25:17,787 INFO: ----------------------------------------------------------------------------
2017-05-05 10:25:17,788 INFO: EPOCH 196 (261.002 seconds):
2017-05-05 10:25:17,792 INFO: 	Average L2 norm of relation vector: 0.04305
2017-05-05 10:25:17,793 INFO: 	COST >> 0.01 +/- 0.0, % updates Left: 1.71%  Right: 1.48%
2017-05-05 10:29:01,455 INFO: ----------------------------------------------------------------------------
2017-05-05 10:29:01,456 INFO: EPOCH 197 (223.663 seconds):
2017-05-05 10:29:01,464 INFO: 	Average L2 norm of relation vector: 0.04302
2017-05-05 10:29:01,465 INFO: 	COST >> 0.01 +/- 0.0, % updates Left: 1.71%  Right: 1.46%
2017-05-05 10:33:18,239 INFO: ----------------------------------------------------------------------------
2017-05-05 10:33:18,240 INFO: EPOCH 198 (256.775 seconds):
2017-05-05 10:33:18,245 INFO: 	Average L2 norm of relation vector: 0.04299
2017-05-05 10:33:18,246 INFO: 	COST >> 0.01 +/- 0.0, % updates Left: 1.72%  Right: 1.47%
2017-05-05 10:37:38,456 INFO: ----------------------------------------------------------------------------
2017-05-05 10:37:38,458 INFO: EPOCH 199 (260.211 seconds):
2017-05-05 10:37:38,465 INFO: 	Average L2 norm of relation vector: 0.04296
2017-05-05 10:37:38,467 INFO: 	COST >> 0.01 +/- 0.0, % updates Left: 1.73%  Right: 1.49%
2017-05-05 10:41:45,814 INFO: ----------------------------------------------------------------------------
2017-05-05 10:41:45,815 INFO: EPOCH 200 (247.348 seconds):
2017-05-05 10:41:45,821 INFO: 	Average L2 norm of relation vector: 0.04294
2017-05-05 10:41:45,822 INFO: 	COST >> 0.01 +/- 0.0, % updates Left: 1.74%  Right: 1.5%
2017-05-05 10:41:45,823 INFO: 	FilteredRanking: evaluating rank on 1000 triples
2017-05-05 10:45:13,442 INFO: 	FilteredRanking: evaluating rank on 1000 triples
2017-05-05 10:48:26,197 INFO: 	MEAN RANK >> valid: 70.1, train: 6.4
2017-05-05 10:48:26,198 INFO: 		MEAN RANK TRAIN: Left: 7.4 Rel: 0.0 Right: 5.4
2017-05-05 10:48:26,199 INFO: 		MEAN RANK VALID: Left: 83.3 Rel: 0.0 Right: 56.9
2017-05-05 10:48:26,199 INFO: 		MEAN RECIPROCAL RANK VALID (L & R): 0.4315
2017-05-05 10:48:26,199 WARNING: EARLY STOPPING, failed to improve MRR on valid after 30 epochs
2017-05-05 10:48:26,199 INFO: ----------------------------------------------------------------------------
2017-05-05 10:48:26,199 INFO: ----------------------------------------------------------------------------
2017-05-05 10:48:26,969 INFO: 	Ranking model on all examples from test. Each example ranked against 14951 other entities
2017-05-05 10:48:27,526 INFO: 	Ranking: evaluating rank on 59071 triples
2017-05-05 13:43:02,254 INFO: left_ranks: (59071,), right_ranks: (59071,), rel_ranks: (59071,)
2017-05-05 13:43:02,286 INFO: max left_ranks: 14632, max right_ranks: 14753, max rel_ranks: 0
2017-05-05 13:43:02,952 INFO: MICRO RAW:
2017-05-05 13:43:02,952 INFO: 	Left mean rank: 220.727, MRR: 0.243, median rank: 13.0, hits@10: 45.936%
2017-05-05 13:43:02,953 INFO: 	Right mean rank: 143.205, MRR: 0.301, median rank: 8.0, hits@10: 53.971%
2017-05-05 13:43:02,953 INFO: 	Global mean rank: 181.966, MRR: 0.272, median rank: 11.0, hits@10: 49.953%
2017-05-05 13:43:02,953 INFO: MACRO RAW
2017-05-05 13:43:02,953 INFO: 	Left mean rank: 128.091, MRR: 0.4, median rank: 5.0, hits@10: 63.042%
2017-05-05 13:43:02,953 INFO: 	Right mean rank: 131.087, MRR: 0.462, median rank: 3.0, hits@10: 70.544%
2017-05-05 13:43:02,954 INFO: 	Global mean rank: 129.589, MRR: 0.431, median rank: 5.0, hits@10: 66.793%
2017-05-05 13:43:02,954 INFO: Ranking model on all examples from test. Each example ranked against 14951 other entities which are FILTERED
2017-05-05 13:43:04,671 INFO: 	FilteredRanking: evaluating rank on 59071 triples
2017-05-05 17:14:52,295 INFO: MICRO FILTERED:
2017-05-05 17:14:52,296 INFO: 	Left mean rank: 86.99272, MRR: 0.51215, median rank: 2.0, hits@10: 72.799%
2017-05-05 17:14:52,296 INFO: 	Right mean rank: 61.51865, MRR: 0.54991, median rank: 2.0, hits@10: 76.872%
2017-05-05 17:14:52,296 INFO: 	Global mean rank: 74.25568, MRR: 0.53103, median rank: 2.0, hits@10: 74.835%
2017-05-05 17:14:52,296 INFO: MACRO FILTERED
2017-05-05 17:14:52,297 INFO: 	Left mean rank: 97.55723, MRR: 0.61914, median rank: 1.5, hits@10: 79.052%
2017-05-05 17:14:52,297 INFO: 	Right mean rank: 116.6107, MRR: 0.6567, median rank: 1.0, hits@10: 81.286%
2017-05-05 17:14:52,297 INFO: 	Global mean rank: 107.08396, MRR: 0.63792, median rank: 1.5, hits@10: 80.169%
