2017-04-29 00:32:27,209 INFO: logger initialized for experiment identifier: Path_TransE_L1_ndim_100_marg_1.5_lrate_0.01_cost_margincost_reg_0.002_horn_False_useIntermedNodes_False_compop_compose_TransE_loadEmb_True_1kbatches_train1M_length3and4only
2017-04-29 00:32:27,209 INFO: identifier: Path_TransE_L1_ndim_100_marg_1.5_lrate_0.01_cost_margincost_reg_0.002_horn_False_useIntermedNodes_False_compop_compose_TransE_loadEmb_True_1kbatches_train1M_length3and4only
2017-04-29 00:32:27,210 INFO: models saved to path: /Users/corbinrosset/Dropbox/Arora/QA-code/src/KBC_Text/outputs/FB15k_Path_TransE/
2017-04-29 00:32:27,210 INFO: DD{'ndim': 100, 'test_all': 3, 'Nsyn_rel': 1345, 'graph_files': ['length_3_numPaths_50000000', 'length_4_numPaths_50000000'], 'nvalid': 1000, 'seed': 123, 'simfn': 'L1', 'nbatches': 1000, 'lrparam': 0.01, 'loademb': '/Users/corbinrosset/Dropbox/Arora/QA-code/src/KBC_Text/outputs/FB15k_TransE/BEST_TransE_L1_ndim_100_marg_1.5_lrate_0.01_cost_margincost_reg_0.01_REL/best_valid_model.pkl', 'datapath': '/Users/corbinrosset/Dropbox/Arora/QA-code/src/KBC_Text/data/', 'compop': 'compose_TransE', 'Nrel': 1345, 'rel': False, 'Nent': 14951, 'logger': <logging.RootLogger object at 0x1077e2050>, 'Nsyn': 14951, 'reg': 0.002, 'useHornPaths': False, 'dataset': 'FB15k', 'bestvalidMRR': -1, 'loadmodel': False, 'needIntermediateNodesOnPaths': False, 'savepath': '/Users/corbinrosset/Dropbox/Arora/QA-code/src/KBC_Text/outputs/FB15k_Path_TransE/Path_TransE_L1_ndim_100_marg_1.5_lrate_0.01_cost_margincost_reg_0.002_horn_False_useIntermedNodes_False_compop_compose_TransE_loadEmb_True_1kbatches_train1M_length3and4only', 'marge': 1.5, 'margincostfunction': 'margincost', 'lremb': 0.01, 'identifier': 'Path_TransE_L1_ndim_100_marg_1.5_lrate_0.01_cost_margincost_reg_0.002_horn_False_useIntermedNodes_False_compop_compose_TransE_loadEmb_True_1kbatches_train1M_length3and4only', 'ntrain': 1000, 'experiment_type': 'FB15k_path_exp', 'totepochs': 500, 'ntest': 1000}
2017-04-29 00:32:27,210 INFO: initializing graph
2017-04-29 00:32:29,564 INFO: loaded FB15k data in: 2.272434 seconds
2017-04-29 00:32:29,568 INFO: loading length_3_numPaths_50000000_train.path file
2017-04-29 00:33:37,280 INFO: loading length_3_numPaths_50000000_dev.path file
2017-04-29 00:33:37,344 INFO: loading length_3_numPaths_50000000_test.path file
2017-04-29 00:33:37,409 INFO: loading length_4_numPaths_50000000_train.path file
2017-04-29 00:34:57,197 INFO: logger initialized for experiment identifier: Path_TransE_L1_ndim_100_marg_1.5_lrate_0.01_cost_margincost_reg_0.002_horn_False_useIntermedNodes_False_compop_compose_TransE_loadEmb_True_1kbatches_train1M_length3and4only
2017-04-29 00:34:57,197 INFO: identifier: Path_TransE_L1_ndim_100_marg_1.5_lrate_0.01_cost_margincost_reg_0.002_horn_False_useIntermedNodes_False_compop_compose_TransE_loadEmb_True_1kbatches_train1M_length3and4only
2017-04-29 00:34:57,198 INFO: models saved to path: /Users/corbinrosset/Dropbox/Arora/QA-code/src/KBC_Text/outputs/FB15k_Path_TransE/
2017-04-29 00:34:57,198 INFO: DD{'ndim': 100, 'test_all': 3, 'Nsyn_rel': 1345, 'graph_files': ['length_3_numPaths_50000000', 'length_4_numPaths_50000000'], 'nvalid': 1000, 'seed': 123, 'simfn': 'L1', 'nbatches': 1000, 'lrparam': 0.01, 'loademb': '/Users/corbinrosset/Dropbox/Arora/QA-code/src/KBC_Text/outputs/FB15k_TransE/BEST_TransE_L1_ndim_100_marg_1.5_lrate_0.01_cost_margincost_reg_0.01_REL/best_valid_model.pkl', 'datapath': '/Users/corbinrosset/Dropbox/Arora/QA-code/src/KBC_Text/data/', 'compop': 'compose_TransE', 'Nrel': 1345, 'rel': False, 'Nent': 14951, 'logger': <logging.RootLogger object at 0x10dd9cf90>, 'Nsyn': 14951, 'reg': 0.002, 'useHornPaths': False, 'dataset': 'FB15k', 'bestvalidMRR': -1, 'loadmodel': False, 'needIntermediateNodesOnPaths': False, 'savepath': '/Users/corbinrosset/Dropbox/Arora/QA-code/src/KBC_Text/outputs/FB15k_Path_TransE/Path_TransE_L1_ndim_100_marg_1.5_lrate_0.01_cost_margincost_reg_0.002_horn_False_useIntermedNodes_False_compop_compose_TransE_loadEmb_True_1kbatches_train1M_length3and4only', 'marge': 1.5, 'margincostfunction': 'margincost', 'lremb': 0.01, 'identifier': 'Path_TransE_L1_ndim_100_marg_1.5_lrate_0.01_cost_margincost_reg_0.002_horn_False_useIntermedNodes_False_compop_compose_TransE_loadEmb_True_1kbatches_train1M_length3and4only', 'ntrain': 1000, 'experiment_type': 'FB15k_path_exp', 'totepochs': 500, 'ntest': 1000}
2017-04-29 00:34:57,198 INFO: initializing graph
2017-04-29 00:34:59,422 INFO: loaded FB15k data in: 2.176089 seconds
2017-04-29 00:34:59,426 INFO: loading length_3_numPaths_50000000_train.path file
2017-04-29 00:36:11,184 INFO: loading length_3_numPaths_50000000_dev.path file
2017-04-29 00:36:11,251 INFO: loading length_3_numPaths_50000000_test.path file
2017-04-29 00:36:11,313 INFO: loading length_4_numPaths_50000000_train.path file
2017-04-29 00:37:18,132 INFO: loading length_4_numPaths_50000000_dev.path file
2017-04-29 00:39:20,256 INFO: logger initialized for experiment identifier: Path_TransE_L1_ndim_100_marg_1.5_lrate_0.01_cost_margincost_reg_0.002_horn_False_useIntermedNodes_False_compop_compose_TransE_loadEmb_True_1kbatches_train1M_length3and4only
2017-04-29 00:39:20,256 INFO: identifier: Path_TransE_L1_ndim_100_marg_1.5_lrate_0.01_cost_margincost_reg_0.002_horn_False_useIntermedNodes_False_compop_compose_TransE_loadEmb_True_1kbatches_train1M_length3and4only
2017-04-29 00:39:20,256 INFO: models saved to path: /Users/corbinrosset/Dropbox/Arora/QA-code/src/KBC_Text/outputs/FB15k_Path_TransE/
2017-04-29 00:39:20,256 INFO: DD{'ndim': 100, 'test_all': 3, 'Nsyn_rel': 1345, 'graph_files': ['length_3_numPaths_50000000', 'length_4_numPaths_50000000'], 'nvalid': 1000, 'seed': 123, 'simfn': 'L1', 'nbatches': 1000, 'lrparam': 0.01, 'loademb': '/Users/corbinrosset/Dropbox/Arora/QA-code/src/KBC_Text/outputs/FB15k_TransE/BEST_TransE_L1_ndim_100_marg_1.5_lrate_0.01_cost_margincost_reg_0.01_REL/best_valid_model.pkl', 'datapath': '/Users/corbinrosset/Dropbox/Arora/QA-code/src/KBC_Text/data/', 'compop': 'compose_TransE', 'Nrel': 1345, 'rel': False, 'Nent': 14951, 'logger': <logging.RootLogger object at 0x101cfef90>, 'Nsyn': 14951, 'reg': 0.002, 'useHornPaths': False, 'dataset': 'FB15k', 'bestvalidMRR': -1, 'loadmodel': False, 'needIntermediateNodesOnPaths': False, 'savepath': '/Users/corbinrosset/Dropbox/Arora/QA-code/src/KBC_Text/outputs/FB15k_Path_TransE/Path_TransE_L1_ndim_100_marg_1.5_lrate_0.01_cost_margincost_reg_0.002_horn_False_useIntermedNodes_False_compop_compose_TransE_loadEmb_True_1kbatches_train1M_length3and4only', 'marge': 1.5, 'margincostfunction': 'margincost', 'lremb': 0.01, 'identifier': 'Path_TransE_L1_ndim_100_marg_1.5_lrate_0.01_cost_margincost_reg_0.002_horn_False_useIntermedNodes_False_compop_compose_TransE_loadEmb_True_1kbatches_train1M_length3and4only', 'ntrain': 1000, 'experiment_type': 'FB15k_path_exp', 'totepochs': 500, 'ntest': 1000}
2017-04-29 00:39:20,256 INFO: initializing graph
2017-04-29 00:39:22,266 INFO: loaded FB15k data in: 1.983467 seconds
2017-04-29 00:39:22,269 INFO: loading length_3_numPaths_50000000_train.path file
2017-04-29 00:40:20,119 INFO: loading length_3_numPaths_50000000_dev.path file
2017-04-29 00:40:20,176 INFO: loading length_3_numPaths_50000000_test.path file
2017-04-29 00:40:20,234 INFO: loading length_4_numPaths_50000000_train.path file
2017-04-29 00:41:26,352 INFO: loading length_4_numPaths_50000000_dev.path file
2017-04-29 00:41:26,416 INFO: loading length_4_numPaths_50000000_test.path file
2017-04-29 00:41:26,962 DEBUG: FB15kexp_path: training paths: [(1000000, 3), (1000000, 4)], dev paths: [(1000, 3), (1000, 4)]
2017-04-29 00:41:26,975 INFO: INITIALIZING EMBEDDINGS FROM MODEL
2017-04-29 00:41:26,975 INFO: loading embeddings from /Users/corbinrosset/Dropbox/Arora/QA-code/src/KBC_Text/outputs/FB15k_TransE/BEST_TransE_L1_ndim_100_marg_1.5_lrate_0.01_cost_margincost_reg_0.01_REL/best_valid_model.pkl
2017-04-29 00:41:32,058 DEBUG: loaded data, constructed model, constructed graph...
2017-04-29 00:41:32,058 DEBUG: num epochs: 500
2017-04-29 00:41:32,058 DEBUG: num batches per epoch: 1000
2017-04-29 00:41:32,058 DEBUG: batchsize: 1000
2017-04-29 00:41:32,059 DEBUG: left and right entity ranking functions will rank a slot against 14951 competitors
2017-04-29 00:41:32,059 INFO: --------------------------------------------------------------------------------------------------
2017-04-29 00:41:32,059 INFO: Since we initialized embeddings with pre-trained vectors, establish baseline of their performance:
2017-04-29 00:41:32,059 INFO: 	FilteredRanking: evaluating rank on 1000 triples
2017-04-29 00:42:44,198 INFO: 	FilteredRanking: evaluating rank on 1000 triples
2017-04-29 00:43:56,349 INFO: 	MEAN RANK >> valid: 632.7, train: 328.2
2017-04-29 00:43:56,350 INFO: 		MEAN RANK TRAIN: Left: 313.9 Rel: 0.0 Right: 342.5
2017-04-29 00:43:56,350 INFO: 		MEAN RANK VALID: Left: 640.2 Rel: 0.0 Right: 625.3
2017-04-29 00:43:56,350 INFO: 		MEAN RECIPROCAL RANK VALID (L & R): 0.138
2017-04-29 00:43:56,351 INFO: ======================== BEGIN TRAINING: length_3_numPaths_50000000 ========================
2017-04-29 01:18:07,698 INFO: ----------------------------------------------------------------------------
2017-04-29 01:18:07,700 INFO: EPOCH 1 (2051.35 seconds):
2017-04-29 01:18:07,720 INFO: 	Average L2 norm of relation vector: 0.07151
2017-04-29 01:18:07,721 INFO: 	COST >> 0.894 +/- 0.07, % updates Left: 33.7% Rel: 0.0% Right: 24.5%
2017-04-29 01:53:30,326 INFO: ----------------------------------------------------------------------------
2017-04-29 01:53:30,326 INFO: EPOCH 2 (2122.606 seconds):
2017-04-29 01:53:30,327 INFO: 	Average L2 norm of relation vector: 0.07943
2017-04-29 01:53:30,328 INFO: 	COST >> 0.746 +/- 0.043, % updates Left: 28.6% Rel: 0.0% Right: 21.8%
2017-04-29 02:28:45,610 INFO: ----------------------------------------------------------------------------
2017-04-29 02:28:45,612 INFO: EPOCH 3 (2115.284 seconds):
2017-04-29 02:28:45,614 INFO: 	Average L2 norm of relation vector: 0.08456
2017-04-29 02:28:45,615 INFO: 	COST >> 0.702 +/- 0.044, % updates Left: 25.9% Rel: 0.0% Right: 18.7%
2017-04-29 02:28:45,615 INFO: 	FilteredRanking: evaluating rank on 1000 triples
2017-04-29 02:30:04,056 INFO: 	FilteredRanking: evaluating rank on 1000 triples
2017-04-29 02:31:23,536 INFO: 	MEAN RANK >> valid: 1488.5, train: 1255.2
2017-04-29 02:31:23,537 INFO: 		MEAN RANK TRAIN: Left: 1308.7 Rel: 0.0 Right: 1201.8
2017-04-29 02:31:23,537 INFO: 		MEAN RANK VALID: Left: 1607.3 Rel: 0.0 Right: 1369.7
2017-04-29 02:31:23,537 INFO: 		MEAN RECIPROCAL RANK VALID (L & R): 0.057
2017-04-29 02:31:23,537 INFO: 	FilteredRanking: evaluating rank on 1000 triples
2017-04-29 02:32:42,870 INFO: 	NEW BEST TEST MR: 1422.7
2017-04-29 02:32:42,870 INFO: 		Left MR: 1471.0 Rel MR: 0.0 Right MR: 1374.3
2017-04-29 02:32:42,938 INFO: 	(ranking took 237.323 seconds)
2017-04-29 03:07:51,861 INFO: ----------------------------------------------------------------------------
2017-04-29 03:07:51,865 INFO: EPOCH 4 (2108.927 seconds):
2017-04-29 03:07:51,866 INFO: 	Average L2 norm of relation vector: 0.08827
2017-04-29 03:07:51,867 INFO: 	COST >> 0.676 +/- 0.046, % updates Left: 28.1% Rel: 0.0% Right: 21.4%
2017-04-29 03:42:41,328 INFO: ----------------------------------------------------------------------------
2017-04-29 03:42:41,329 INFO: EPOCH 5 (2089.462 seconds):
2017-04-29 03:42:41,329 INFO: 	Average L2 norm of relation vector: 0.09105
2017-04-29 03:42:41,330 INFO: 	COST >> 0.66 +/- 0.046, % updates Left: 25.4% Rel: 0.0% Right: 20.8%
2017-04-29 04:18:11,234 INFO: ----------------------------------------------------------------------------
2017-04-29 04:18:11,237 INFO: EPOCH 6 (2129.906 seconds):
2017-04-29 04:18:11,238 INFO: 	Average L2 norm of relation vector: 0.09329
2017-04-29 04:18:11,239 INFO: 	COST >> 0.651 +/- 0.043, % updates Left: 24.0% Rel: 0.0% Right: 20.9%
2017-04-29 04:18:11,239 INFO: 	FilteredRanking: evaluating rank on 1000 triples
2017-04-29 04:19:29,684 INFO: 	FilteredRanking: evaluating rank on 1000 triples
2017-04-29 04:20:49,030 INFO: 	MEAN RANK >> valid: 1442.3, train: 1262.3
2017-04-29 04:20:49,031 INFO: 		MEAN RANK TRAIN: Left: 1371.3 Rel: 0.0 Right: 1153.4
2017-04-29 04:20:49,031 INFO: 		MEAN RANK VALID: Left: 1591.6 Rel: 0.0 Right: 1293.0
2017-04-29 04:20:49,031 INFO: 		MEAN RECIPROCAL RANK VALID (L & R): 0.062
2017-04-29 04:20:49,032 INFO: 	FilteredRanking: evaluating rank on 1000 triples
2017-04-29 04:22:08,278 INFO: 	NEW BEST TEST MR: 1466.3
2017-04-29 04:22:08,279 INFO: 		Left MR: 1584.4 Rel MR: 0.0 Right MR: 1348.1
2017-04-29 04:22:08,375 INFO: 	(ranking took 237.136 seconds)
2017-04-29 04:56:55,679 INFO: ----------------------------------------------------------------------------
2017-04-29 04:56:55,679 INFO: EPOCH 7 (2087.304 seconds):
2017-04-29 04:56:55,680 INFO: 	Average L2 norm of relation vector: 0.09509
2017-04-29 04:56:55,681 INFO: 	COST >> 0.643 +/- 0.045, % updates Left: 24.5% Rel: 0.0% Right: 20.3%
2017-04-29 05:32:29,601 INFO: ----------------------------------------------------------------------------
2017-04-29 05:32:29,604 INFO: EPOCH 8 (2133.923 seconds):
2017-04-29 05:32:29,606 INFO: 	Average L2 norm of relation vector: 0.09655
2017-04-29 05:32:29,607 INFO: 	COST >> 0.637 +/- 0.046, % updates Left: 23.1% Rel: 0.0% Right: 20.6%
2017-04-29 06:07:52,490 INFO: ----------------------------------------------------------------------------
2017-04-29 06:07:52,493 INFO: EPOCH 9 (2122.885 seconds):
2017-04-29 06:07:52,494 INFO: 	Average L2 norm of relation vector: 0.0977
2017-04-29 06:07:52,495 INFO: 	COST >> 0.63 +/- 0.045, % updates Left: 27.0% Rel: 0.0% Right: 22.9%
2017-04-29 06:07:52,495 INFO: 	FilteredRanking: evaluating rank on 1000 triples
2017-04-29 06:09:05,065 INFO: 	FilteredRanking: evaluating rank on 1000 triples
2017-04-29 06:10:18,846 INFO: 	MEAN RANK >> valid: 1457.7, train: 1279.5
2017-04-29 06:10:18,847 INFO: 		MEAN RANK TRAIN: Left: 1365.7 Rel: 0.0 Right: 1193.3
2017-04-29 06:10:18,847 INFO: 		MEAN RANK VALID: Left: 1538.8 Rel: 0.0 Right: 1376.6
2017-04-29 06:10:18,847 INFO: 		MEAN RECIPROCAL RANK VALID (L & R): 0.0545
2017-04-29 06:10:18,847 WARNING: 	WARNING, failed to improve MRR on valid, 2 chances left

2017-04-29 06:10:18,956 INFO: 	(ranking took 146.461 seconds)
2017-04-29 06:45:15,809 INFO: ----------------------------------------------------------------------------
2017-04-29 06:45:15,810 INFO: EPOCH 10 (2096.853 seconds):
2017-04-29 06:45:15,810 INFO: 	Average L2 norm of relation vector: 0.0987
2017-04-29 06:45:15,811 INFO: 	COST >> 0.629 +/- 0.045, % updates Left: 23.4% Rel: 0.0% Right: 22.2%
2017-04-29 07:20:33,117 INFO: ----------------------------------------------------------------------------
2017-04-29 07:20:33,120 INFO: EPOCH 11 (2117.309 seconds):
2017-04-29 07:20:33,122 INFO: 	Average L2 norm of relation vector: 0.09942
2017-04-29 07:20:33,123 INFO: 	COST >> 0.623 +/- 0.047, % updates Left: 24.8% Rel: 0.0% Right: 20.5%
2017-04-29 07:56:08,614 INFO: ----------------------------------------------------------------------------
2017-04-29 07:56:08,614 INFO: EPOCH 12 (2135.492 seconds):
2017-04-29 07:56:08,615 INFO: 	Average L2 norm of relation vector: 0.09999
2017-04-29 07:56:08,616 INFO: 	COST >> 0.617 +/- 0.045, % updates Left: 25.3% Rel: 0.0% Right: 20.1%
2017-04-29 07:56:08,616 INFO: 	FilteredRanking: evaluating rank on 1000 triples
2017-04-29 07:57:27,134 INFO: 	FilteredRanking: evaluating rank on 1000 triples
2017-04-29 07:58:46,843 INFO: 	MEAN RANK >> valid: 1501.6, train: 1253.9
2017-04-29 07:58:46,843 INFO: 		MEAN RANK TRAIN: Left: 1250.7 Rel: 0.0 Right: 1257.2
2017-04-29 07:58:46,844 INFO: 		MEAN RANK VALID: Left: 1584.6 Rel: 0.0 Right: 1418.6
2017-04-29 07:58:46,844 INFO: 		MEAN RECIPROCAL RANK VALID (L & R): 0.0605
2017-04-29 07:58:46,844 WARNING: 	WARNING, failed to improve MRR on valid, 1 chances left

2017-04-29 07:58:46,941 INFO: 	(ranking took 158.324 seconds)
2017-04-29 08:33:28,983 INFO: ----------------------------------------------------------------------------
2017-04-29 08:33:28,985 INFO: EPOCH 13 (2082.044 seconds):
2017-04-29 08:33:28,986 INFO: 	Average L2 norm of relation vector: 0.10052
2017-04-29 08:33:28,987 INFO: 	COST >> 0.616 +/- 0.047, % updates Left: 24.6% Rel: 0.0% Right: 17.7%
2017-04-29 09:08:26,679 INFO: ----------------------------------------------------------------------------
2017-04-29 09:08:26,684 INFO: EPOCH 14 (2097.696 seconds):
2017-04-29 09:08:26,685 INFO: 	Average L2 norm of relation vector: 0.10095
2017-04-29 09:08:26,686 INFO: 	COST >> 0.613 +/- 0.048, % updates Left: 24.0% Rel: 0.0% Right: 20.1%
2017-04-29 09:43:47,387 INFO: ----------------------------------------------------------------------------
2017-04-29 09:43:47,387 INFO: EPOCH 15 (2120.701 seconds):
2017-04-29 09:43:47,388 INFO: 	Average L2 norm of relation vector: 0.10128
2017-04-29 09:43:47,389 INFO: 	COST >> 0.612 +/- 0.045, % updates Left: 23.8% Rel: 0.0% Right: 19.5%
2017-04-29 09:43:47,389 INFO: 	FilteredRanking: evaluating rank on 1000 triples
2017-04-29 09:45:05,971 INFO: 	FilteredRanking: evaluating rank on 1000 triples
2017-04-29 09:46:25,473 INFO: 	MEAN RANK >> valid: 1509.5, train: 1265.1
2017-04-29 09:46:25,473 INFO: 		MEAN RANK TRAIN: Left: 1252.6 Rel: 0.0 Right: 1277.5
2017-04-29 09:46:25,474 INFO: 		MEAN RANK VALID: Left: 1520.0 Rel: 0.0 Right: 1499.0
2017-04-29 09:46:25,474 INFO: 		MEAN RECIPROCAL RANK VALID (L & R): 0.065
2017-04-29 09:46:25,474 INFO: 	FilteredRanking: evaluating rank on 1000 triples
2017-04-29 09:47:44,946 INFO: 	NEW BEST TEST MR: 1475.9
2017-04-29 09:47:44,947 INFO: 		Left MR: 1485.9 Rel MR: 0.0 Right MR: 1465.9
2017-04-29 09:47:45,037 INFO: 	(ranking took 237.648 seconds)
2017-04-29 10:22:36,759 INFO: ----------------------------------------------------------------------------
2017-04-29 10:22:36,763 INFO: EPOCH 16 (2091.726 seconds):
2017-04-29 10:22:36,765 INFO: 	Average L2 norm of relation vector: 0.10155
2017-04-29 10:22:36,765 INFO: 	COST >> 0.608 +/- 0.045, % updates Left: 26.4% Rel: 0.0% Right: 22.6%
2017-04-29 10:56:57,657 INFO: ----------------------------------------------------------------------------
2017-04-29 10:56:57,659 INFO: EPOCH 17 (2060.893 seconds):
2017-04-29 10:56:57,660 INFO: 	Average L2 norm of relation vector: 0.10167
2017-04-29 10:56:57,661 INFO: 	COST >> 0.605 +/- 0.046, % updates Left: 24.5% Rel: 0.0% Right: 19.1%
2017-04-29 11:30:33,840 INFO: ----------------------------------------------------------------------------
2017-04-29 11:30:33,844 INFO: EPOCH 18 (2016.183 seconds):
2017-04-29 11:30:33,845 INFO: 	Average L2 norm of relation vector: 0.10178
2017-04-29 11:30:33,845 INFO: 	COST >> 0.604 +/- 0.047, % updates Left: 25.7% Rel: 0.0% Right: 21.6%
2017-04-29 11:30:33,846 INFO: 	FilteredRanking: evaluating rank on 1000 triples
2017-04-29 11:31:41,961 INFO: 	FilteredRanking: evaluating rank on 1000 triples
2017-04-29 11:32:56,564 INFO: 	MEAN RANK >> valid: 1514.2, train: 1236.9
2017-04-29 11:32:56,565 INFO: 		MEAN RANK TRAIN: Left: 1270.0 Rel: 0.0 Right: 1203.7
2017-04-29 11:32:56,566 INFO: 		MEAN RANK VALID: Left: 1496.3 Rel: 0.0 Right: 1532.1
2017-04-29 11:32:56,566 INFO: 		MEAN RECIPROCAL RANK VALID (L & R): 0.0645
2017-04-29 11:32:56,566 WARNING: 	WARNING, failed to improve MRR on valid, 2 chances left

2017-04-29 11:32:56,868 INFO: 	(ranking took 143.022 seconds)
2017-04-29 12:00:42,330 INFO: ----------------------------------------------------------------------------
2017-04-29 12:00:42,332 INFO: EPOCH 19 (1665.464 seconds):
2017-04-29 12:00:42,333 INFO: 	Average L2 norm of relation vector: 0.10187
2017-04-29 12:00:42,334 INFO: 	COST >> 0.6 +/- 0.044, % updates Left: 21.7% Rel: 0.0% Right: 21.6%
2017-04-29 12:28:33,866 INFO: ----------------------------------------------------------------------------
2017-04-29 12:28:33,870 INFO: EPOCH 20 (1671.536 seconds):
2017-04-29 12:28:33,871 INFO: 	Average L2 norm of relation vector: 0.10193
2017-04-29 12:28:33,872 INFO: 	COST >> 0.6 +/- 0.044, % updates Left: 23.4% Rel: 0.0% Right: 19.8%
2017-04-29 12:58:05,749 INFO: ----------------------------------------------------------------------------
2017-04-29 12:58:05,749 INFO: EPOCH 21 (1771.877 seconds):
2017-04-29 12:58:05,750 INFO: 	Average L2 norm of relation vector: 0.10194
2017-04-29 12:58:05,750 INFO: 	COST >> 0.599 +/- 0.046, % updates Left: 24.9% Rel: 0.0% Right: 20.1%
2017-04-29 12:58:05,751 INFO: 	FilteredRanking: evaluating rank on 1000 triples
2017-04-29 12:59:18,754 INFO: 	FilteredRanking: evaluating rank on 1000 triples
2017-04-29 13:00:32,736 INFO: 	MEAN RANK >> valid: 1504.1, train: 1304.8
2017-04-29 13:00:32,737 INFO: 		MEAN RANK TRAIN: Left: 1303.7 Rel: 0.0 Right: 1305.9
2017-04-29 13:00:32,737 INFO: 		MEAN RANK VALID: Left: 1511.6 Rel: 0.0 Right: 1496.6
2017-04-29 13:00:32,737 INFO: 		MEAN RECIPROCAL RANK VALID (L & R): 0.0685
2017-04-29 13:00:32,738 INFO: 	FilteredRanking: evaluating rank on 1000 triples
2017-04-29 13:01:46,489 INFO: 	NEW BEST TEST MR: 1447.8
2017-04-29 13:01:46,490 INFO: 		Left MR: 1453.3 Rel MR: 0.0 Right MR: 1442.2
2017-04-29 13:01:46,654 INFO: 	(ranking took 220.903 seconds)
2017-04-29 13:30:48,390 INFO: ----------------------------------------------------------------------------
2017-04-29 13:30:48,395 INFO: EPOCH 22 (1741.741 seconds):
2017-04-29 13:30:48,397 INFO: 	Average L2 norm of relation vector: 0.10194
2017-04-29 13:30:48,397 INFO: 	COST >> 0.598 +/- 0.045, % updates Left: 26.6% Rel: 0.0% Right: 20.0%
2017-04-29 13:58:30,888 INFO: ----------------------------------------------------------------------------
2017-04-29 13:58:30,888 INFO: EPOCH 23 (1662.491 seconds):
2017-04-29 13:58:30,889 INFO: 	Average L2 norm of relation vector: 0.10193
2017-04-29 13:58:30,890 INFO: 	COST >> 0.594 +/- 0.046, % updates Left: 23.4% Rel: 0.0% Right: 19.4%
2017-04-29 14:25:23,559 INFO: ----------------------------------------------------------------------------
2017-04-29 14:25:23,564 INFO: EPOCH 24 (1612.674 seconds):
2017-04-29 14:25:23,565 INFO: 	Average L2 norm of relation vector: 0.10192
2017-04-29 14:25:23,566 INFO: 	COST >> 0.593 +/- 0.046, % updates Left: 24.0% Rel: 0.0% Right: 18.9%
2017-04-29 14:25:23,566 INFO: 	FilteredRanking: evaluating rank on 1000 triples
2017-04-29 14:26:34,370 INFO: 	FilteredRanking: evaluating rank on 1000 triples
2017-04-29 14:27:46,225 INFO: 	MEAN RANK >> valid: 1500.4, train: 1256.6
2017-04-29 14:27:46,226 INFO: 		MEAN RANK TRAIN: Left: 1304.6 Rel: 0.0 Right: 1208.5
2017-04-29 14:27:46,226 INFO: 		MEAN RANK VALID: Left: 1554.0 Rel: 0.0 Right: 1446.9
2017-04-29 14:27:46,226 INFO: 		MEAN RECIPROCAL RANK VALID (L & R): 0.07
2017-04-29 14:27:46,226 INFO: 	FilteredRanking: evaluating rank on 1000 triples
2017-04-29 14:28:57,901 INFO: 	NEW BEST TEST MR: 1486.8
2017-04-29 14:28:57,902 INFO: 		Left MR: 1537.8 Rel MR: 0.0 Right MR: 1435.8
2017-04-29 14:28:58,038 INFO: 	(ranking took 214.472 seconds)
2017-04-29 14:55:18,671 INFO: ----------------------------------------------------------------------------
2017-04-29 14:55:18,671 INFO: EPOCH 25 (1580.633 seconds):
2017-04-29 14:55:18,672 INFO: 	Average L2 norm of relation vector: 0.10192
2017-04-29 14:55:18,672 INFO: 	COST >> 0.593 +/- 0.044, % updates Left: 25.7% Rel: 0.0% Right: 18.8%
2017-04-29 15:22:06,307 INFO: ----------------------------------------------------------------------------
2017-04-29 15:22:06,312 INFO: EPOCH 26 (1607.639 seconds):
2017-04-29 15:22:06,313 INFO: 	Average L2 norm of relation vector: 0.10184
2017-04-29 15:22:06,314 INFO: 	COST >> 0.591 +/- 0.044, % updates Left: 23.8% Rel: 0.0% Right: 20.7%
2017-04-29 15:48:52,032 INFO: ----------------------------------------------------------------------------
2017-04-29 15:48:52,032 INFO: EPOCH 27 (1605.718 seconds):
2017-04-29 15:48:52,033 INFO: 	Average L2 norm of relation vector: 0.10177
2017-04-29 15:48:52,033 INFO: 	COST >> 0.589 +/- 0.045, % updates Left: 25.5% Rel: 0.0% Right: 20.3%
2017-04-29 15:48:52,033 INFO: 	FilteredRanking: evaluating rank on 1000 triples
2017-04-29 15:50:02,299 INFO: 	FilteredRanking: evaluating rank on 1000 triples
2017-04-29 15:51:13,609 INFO: 	MEAN RANK >> valid: 1469.4, train: 1317.0
2017-04-29 15:51:13,609 INFO: 		MEAN RANK TRAIN: Left: 1336.3 Rel: 0.0 Right: 1297.6
2017-04-29 15:51:13,610 INFO: 		MEAN RANK VALID: Left: 1519.7 Rel: 0.0 Right: 1419.0
2017-04-29 15:51:13,610 INFO: 		MEAN RECIPROCAL RANK VALID (L & R): 0.063
2017-04-29 15:51:13,610 WARNING: 	WARNING, failed to improve MRR on valid, 2 chances left

2017-04-29 15:51:13,851 INFO: 	(ranking took 141.817 seconds)
2017-04-29 16:17:30,777 INFO: ----------------------------------------------------------------------------
2017-04-29 16:17:30,780 INFO: EPOCH 28 (1576.929 seconds):
2017-04-29 16:17:30,782 INFO: 	Average L2 norm of relation vector: 0.1017
2017-04-29 16:17:30,782 INFO: 	COST >> 0.589 +/- 0.046, % updates Left: 22.8% Rel: 0.0% Right: 20.6%
2017-04-29 16:44:21,323 INFO: ----------------------------------------------------------------------------
2017-04-29 16:44:21,323 INFO: EPOCH 29 (1610.541 seconds):
2017-04-29 16:44:21,324 INFO: 	Average L2 norm of relation vector: 0.10159
2017-04-29 16:44:21,325 INFO: 	COST >> 0.588 +/- 0.042, % updates Left: 20.9% Rel: 0.0% Right: 19.7%
2017-04-29 17:11:17,932 INFO: ----------------------------------------------------------------------------
2017-04-29 17:11:17,938 INFO: EPOCH 30 (1616.613 seconds):
2017-04-29 17:11:17,939 INFO: 	Average L2 norm of relation vector: 0.10146
2017-04-29 17:11:17,940 INFO: 	COST >> 0.587 +/- 0.044, % updates Left: 25.5% Rel: 0.0% Right: 20.7%
2017-04-29 17:11:17,940 INFO: 	FilteredRanking: evaluating rank on 1000 triples
2017-04-29 17:12:28,092 INFO: 	FilteredRanking: evaluating rank on 1000 triples
2017-04-29 17:13:39,076 INFO: 	MEAN RANK >> valid: 1446.3, train: 1228.1
2017-04-29 17:13:39,077 INFO: 		MEAN RANK TRAIN: Left: 1306.1 Rel: 0.0 Right: 1150.1
2017-04-29 17:13:39,077 INFO: 		MEAN RANK VALID: Left: 1473.9 Rel: 0.0 Right: 1418.8
2017-04-29 17:13:39,077 INFO: 		MEAN RECIPROCAL RANK VALID (L & R): 0.06
2017-04-29 17:13:39,077 WARNING: 	WARNING, failed to improve MRR on valid, 1 chances left

2017-04-29 17:13:39,204 INFO: 	(ranking took 141.263 seconds)
2017-04-29 17:39:51,975 INFO: ----------------------------------------------------------------------------
2017-04-29 17:39:51,975 INFO: EPOCH 31 (1572.771 seconds):
2017-04-29 17:39:51,976 INFO: 	Average L2 norm of relation vector: 0.10136
2017-04-29 17:39:51,976 INFO: 	COST >> 0.587 +/- 0.045, % updates Left: 22.8% Rel: 0.0% Right: 20.6%
2017-04-29 18:07:50,565 INFO: ----------------------------------------------------------------------------
2017-04-29 18:07:50,570 INFO: EPOCH 32 (1678.593 seconds):
2017-04-29 18:07:50,571 INFO: 	Average L2 norm of relation vector: 0.10126
2017-04-29 18:07:50,571 INFO: 	COST >> 0.584 +/- 0.044, % updates Left: 23.9% Rel: 0.0% Right: 22.3%
2017-04-29 18:30:17,438 INFO: ----------------------------------------------------------------------------
2017-04-29 18:30:17,438 INFO: EPOCH 33 (1346.867 seconds):
2017-04-29 18:30:17,439 INFO: 	Average L2 norm of relation vector: 0.10109
2017-04-29 18:30:17,439 INFO: 	COST >> 0.583 +/- 0.042, % updates Left: 22.5% Rel: 0.0% Right: 20.4%
2017-04-29 18:30:17,439 INFO: 	FilteredRanking: evaluating rank on 1000 triples
2017-04-29 18:31:25,035 INFO: 	FilteredRanking: evaluating rank on 1000 triples
2017-04-29 18:32:33,381 INFO: 	MEAN RANK >> valid: 1507.1, train: 1216.3
2017-04-29 18:32:33,382 INFO: 		MEAN RANK TRAIN: Left: 1323.3 Rel: 0.0 Right: 1109.4
2017-04-29 18:32:33,382 INFO: 		MEAN RANK VALID: Left: 1529.7 Rel: 0.0 Right: 1484.5
2017-04-29 18:32:33,382 INFO: 		MEAN RECIPROCAL RANK VALID (L & R): 0.056
2017-04-29 18:32:33,382 WARNING: 	WARNING, failed to improve MRR on valid, 0 chances left

2017-04-29 18:32:33,512 INFO: 	(ranking took 136.073 seconds)
2017-04-29 18:52:58,344 INFO: ----------------------------------------------------------------------------
2017-04-29 18:52:58,344 INFO: EPOCH 34 (1224.832 seconds):
2017-04-29 18:52:58,345 INFO: 	Average L2 norm of relation vector: 0.10096
2017-04-29 18:52:58,346 INFO: 	COST >> 0.582 +/- 0.045, % updates Left: 24.3% Rel: 0.0% Right: 20.2%
2017-04-29 19:14:39,511 INFO: ----------------------------------------------------------------------------
2017-04-29 19:14:39,516 INFO: EPOCH 35 (1301.17 seconds):
2017-04-29 19:14:39,517 INFO: 	Average L2 norm of relation vector: 0.10084
2017-04-29 19:14:39,518 INFO: 	COST >> 0.58 +/- 0.044, % updates Left: 23.9% Rel: 0.0% Right: 20.9%
2017-04-29 19:35:38,069 INFO: ----------------------------------------------------------------------------
2017-04-29 19:35:38,069 INFO: EPOCH 36 (1258.551 seconds):
2017-04-29 19:35:38,069 INFO: 	Average L2 norm of relation vector: 0.10071
2017-04-29 19:35:38,070 INFO: 	COST >> 0.58 +/- 0.045, % updates Left: 23.1% Rel: 0.0% Right: 20.7%
2017-04-29 19:35:38,070 INFO: 	FilteredRanking: evaluating rank on 1000 triples
2017-04-29 19:36:44,651 INFO: 	FilteredRanking: evaluating rank on 1000 triples
2017-04-29 19:37:52,245 INFO: 	MEAN RANK >> valid: 1452.5, train: 1279.0
2017-04-29 19:37:52,245 INFO: 		MEAN RANK TRAIN: Left: 1312.9 Rel: 0.0 Right: 1245.2
2017-04-29 19:37:52,246 INFO: 		MEAN RANK VALID: Left: 1534.5 Rel: 0.0 Right: 1370.5
2017-04-29 19:37:52,246 INFO: 		MEAN RECIPROCAL RANK VALID (L & R): 0.06
2017-04-29 19:37:52,246 WARNING: EARLY STOPPING, failed to improve MRR on valid after 9 epochs
2017-04-29 19:37:52,246 INFO: ======================== BEGIN TRAINING: length_4_numPaths_50000000 ========================
2017-04-29 19:57:25,757 INFO: ----------------------------------------------------------------------------
2017-04-29 19:57:25,758 INFO: EPOCH 1 (1307.688 seconds):
2017-04-29 19:57:25,758 INFO: 	Average L2 norm of relation vector: 0.11302
2017-04-29 19:57:25,759 INFO: 	COST >> 1.327 +/- 0.059, % updates Left: 42.5% Rel: 0.0% Right: 37.6%
2017-04-29 20:17:38,021 INFO: ----------------------------------------------------------------------------
2017-04-29 20:17:38,027 INFO: EPOCH 2 (1212.268 seconds):
2017-04-29 20:17:38,028 INFO: 	Average L2 norm of relation vector: 0.12065
2017-04-29 20:17:38,029 INFO: 	COST >> 1.235 +/- 0.059, % updates Left: 43.1% Rel: 0.0% Right: 35.7%
2017-04-29 20:36:46,899 INFO: ----------------------------------------------------------------------------
2017-04-29 20:36:46,899 INFO: EPOCH 3 (1148.87 seconds):
2017-04-29 20:36:46,899 INFO: 	Average L2 norm of relation vector: 0.12639
2017-04-29 20:36:46,900 INFO: 	COST >> 1.204 +/- 0.062, % updates Left: 43.2% Rel: 0.0% Right: 36.4%
2017-04-29 20:36:46,900 INFO: 	FilteredRanking: evaluating rank on 1000 triples
2017-04-29 20:37:52,970 INFO: 	FilteredRanking: evaluating rank on 1000 triples
2017-04-29 20:39:00,181 INFO: 	MEAN RANK >> valid: 1666.4, train: 1604.5
2017-04-29 20:39:00,182 INFO: 		MEAN RANK TRAIN: Left: 1735.6 Rel: 0.0 Right: 1473.4
2017-04-29 20:39:00,182 INFO: 		MEAN RANK VALID: Left: 1806.0 Rel: 0.0 Right: 1526.9
2017-04-29 20:39:00,182 INFO: 		MEAN RECIPROCAL RANK VALID (L & R): 0.0465
2017-04-29 20:39:00,183 INFO: 	FilteredRanking: evaluating rank on 1000 triples
2017-04-29 20:40:07,114 INFO: 	NEW BEST TEST MR: 1790.1
2017-04-29 20:40:07,114 INFO: 		Left MR: 1870.3 Rel MR: 0.0 Right MR: 1709.8
2017-04-29 20:40:07,234 INFO: 	(ranking took 200.334 seconds)
2017-04-29 20:59:31,218 INFO: ----------------------------------------------------------------------------
2017-04-29 20:59:31,218 INFO: EPOCH 4 (1163.984 seconds):
2017-04-29 20:59:31,218 INFO: 	Average L2 norm of relation vector: 0.13095
2017-04-29 20:59:31,219 INFO: 	COST >> 1.185 +/- 0.067, % updates Left: 40.3% Rel: 0.0% Right: 35.0%
2017-04-29 21:19:03,712 INFO: ----------------------------------------------------------------------------
2017-04-29 21:19:03,717 INFO: EPOCH 5 (1172.498 seconds):
2017-04-29 21:19:03,719 INFO: 	Average L2 norm of relation vector: 0.13458
2017-04-29 21:19:03,719 INFO: 	COST >> 1.174 +/- 0.065, % updates Left: 42.6% Rel: 0.0% Right: 37.6%
2017-04-29 21:38:08,652 INFO: ----------------------------------------------------------------------------
2017-04-29 21:38:08,652 INFO: EPOCH 6 (1144.933 seconds):
2017-04-29 21:38:08,653 INFO: 	Average L2 norm of relation vector: 0.13759
2017-04-29 21:38:08,653 INFO: 	COST >> 1.165 +/- 0.064, % updates Left: 37.4% Rel: 0.0% Right: 34.4%
2017-04-29 21:38:08,653 INFO: 	FilteredRanking: evaluating rank on 1000 triples
2017-04-29 21:39:14,384 INFO: 	FilteredRanking: evaluating rank on 1000 triples
2017-04-29 21:40:19,126 INFO: 	MEAN RANK >> valid: 1772.2, train: 1604.0
2017-04-29 21:40:19,127 INFO: 		MEAN RANK TRAIN: Left: 1680.5 Rel: 0.0 Right: 1527.4
2017-04-29 21:40:19,127 INFO: 		MEAN RANK VALID: Left: 1897.3 Rel: 0.0 Right: 1647.2
2017-04-29 21:40:19,128 INFO: 		MEAN RECIPROCAL RANK VALID (L & R): 0.045
2017-04-29 21:40:19,128 WARNING: 	WARNING, failed to improve MRR on valid, 2 chances left

2017-04-29 21:40:19,262 INFO: 	(ranking took 130.608 seconds)
2017-04-29 21:59:38,567 INFO: ----------------------------------------------------------------------------
2017-04-29 21:59:38,570 INFO: EPOCH 7 (1159.308 seconds):
2017-04-29 21:59:38,570 INFO: 	Average L2 norm of relation vector: 0.14011
2017-04-29 21:59:38,571 INFO: 	COST >> 1.155 +/- 0.065, % updates Left: 41.4% Rel: 0.0% Right: 35.4%
2017-04-29 22:19:11,715 INFO: ----------------------------------------------------------------------------
2017-04-29 22:19:11,721 INFO: EPOCH 8 (1173.149 seconds):
2017-04-29 22:19:11,722 INFO: 	Average L2 norm of relation vector: 0.14225
2017-04-29 22:19:11,723 INFO: 	COST >> 1.149 +/- 0.062, % updates Left: 38.8% Rel: 0.0% Right: 34.2%
2017-04-29 22:39:11,017 INFO: ----------------------------------------------------------------------------
2017-04-29 22:39:11,017 INFO: EPOCH 9 (1199.294 seconds):
2017-04-29 22:39:11,018 INFO: 	Average L2 norm of relation vector: 0.14404
2017-04-29 22:39:11,018 INFO: 	COST >> 1.143 +/- 0.063, % updates Left: 40.0% Rel: 0.0% Right: 33.2%
2017-04-29 22:39:11,018 INFO: 	FilteredRanking: evaluating rank on 1000 triples
2017-04-29 22:40:18,996 INFO: 	FilteredRanking: evaluating rank on 1000 triples
2017-04-29 22:41:27,818 INFO: 	MEAN RANK >> valid: 1793.7, train: 1664.6
2017-04-29 22:41:27,819 INFO: 		MEAN RANK TRAIN: Left: 1771.9 Rel: 0.0 Right: 1557.3
2017-04-29 22:41:27,819 INFO: 		MEAN RANK VALID: Left: 1856.3 Rel: 0.0 Right: 1731.0
2017-04-29 22:41:27,819 INFO: 		MEAN RECIPROCAL RANK VALID (L & R): 0.0345
2017-04-29 22:41:27,819 WARNING: 	WARNING, failed to improve MRR on valid, 1 chances left

2017-04-29 22:41:27,956 INFO: 	(ranking took 136.938 seconds)
2017-04-29 23:03:31,082 INFO: ----------------------------------------------------------------------------
2017-04-29 23:03:31,083 INFO: EPOCH 10 (1323.126 seconds):
2017-04-29 23:03:31,083 INFO: 	Average L2 norm of relation vector: 0.14553
2017-04-29 23:03:31,084 INFO: 	COST >> 1.14 +/- 0.063, % updates Left: 41.7% Rel: 0.0% Right: 35.3%
2017-04-29 23:22:53,973 INFO: ----------------------------------------------------------------------------
2017-04-29 23:22:53,979 INFO: EPOCH 11 (1162.895 seconds):
2017-04-29 23:22:53,980 INFO: 	Average L2 norm of relation vector: 0.14678
2017-04-29 23:22:53,981 INFO: 	COST >> 1.134 +/- 0.067, % updates Left: 38.5% Rel: 0.0% Right: 34.8%
2017-04-29 23:42:14,918 INFO: ----------------------------------------------------------------------------
2017-04-29 23:42:14,918 INFO: EPOCH 12 (1160.937 seconds):
2017-04-29 23:42:14,918 INFO: 	Average L2 norm of relation vector: 0.14784
2017-04-29 23:42:14,919 INFO: 	COST >> 1.133 +/- 0.064, % updates Left: 37.6% Rel: 0.0% Right: 35.2%
2017-04-29 23:42:14,919 INFO: 	FilteredRanking: evaluating rank on 1000 triples
2017-04-29 23:43:21,581 INFO: 	FilteredRanking: evaluating rank on 1000 triples
2017-04-29 23:44:29,321 INFO: 	MEAN RANK >> valid: 1850.6, train: 1633.0
2017-04-29 23:44:29,321 INFO: 		MEAN RANK TRAIN: Left: 1735.0 Rel: 0.0 Right: 1531.0
2017-04-29 23:44:29,322 INFO: 		MEAN RANK VALID: Left: 1881.9 Rel: 0.0 Right: 1819.2
2017-04-29 23:44:29,322 INFO: 		MEAN RECIPROCAL RANK VALID (L & R): 0.0395
2017-04-29 23:44:29,322 WARNING: 	WARNING, failed to improve MRR on valid, 0 chances left

2017-04-29 23:44:29,444 INFO: 	(ranking took 134.525 seconds)
2017-04-30 00:05:54,453 INFO: ----------------------------------------------------------------------------
2017-04-30 00:05:54,453 INFO: EPOCH 13 (1285.009 seconds):
2017-04-30 00:05:54,454 INFO: 	Average L2 norm of relation vector: 0.14876
2017-04-30 00:05:54,455 INFO: 	COST >> 1.13 +/- 0.066, % updates Left: 36.7% Rel: 0.0% Right: 33.0%
2017-04-30 00:25:14,069 INFO: ----------------------------------------------------------------------------
2017-04-30 00:25:14,075 INFO: EPOCH 14 (1159.62 seconds):
2017-04-30 00:25:14,076 INFO: 	Average L2 norm of relation vector: 0.14959
2017-04-30 00:25:14,077 INFO: 	COST >> 1.129 +/- 0.063, % updates Left: 37.9% Rel: 0.0% Right: 34.3%
2017-04-30 00:45:14,962 INFO: ----------------------------------------------------------------------------
2017-04-30 00:45:14,962 INFO: EPOCH 15 (1200.885 seconds):
2017-04-30 00:45:14,963 INFO: 	Average L2 norm of relation vector: 0.15036
2017-04-30 00:45:14,964 INFO: 	COST >> 1.127 +/- 0.064, % updates Left: 38.9% Rel: 0.0% Right: 34.7%
2017-04-30 00:45:14,964 INFO: 	FilteredRanking: evaluating rank on 1000 triples
2017-04-30 00:46:21,237 INFO: 	FilteredRanking: evaluating rank on 1000 triples
2017-04-30 00:47:28,588 INFO: 	MEAN RANK >> valid: 1732.8, train: 1529.7
2017-04-30 00:47:28,589 INFO: 		MEAN RANK TRAIN: Left: 1694.4 Rel: 0.0 Right: 1365.0
2017-04-30 00:47:28,589 INFO: 		MEAN RANK VALID: Left: 1773.6 Rel: 0.0 Right: 1692.0
2017-04-30 00:47:28,589 INFO: 		MEAN RECIPROCAL RANK VALID (L & R): 0.0435
2017-04-30 00:47:28,589 WARNING: EARLY STOPPING, failed to improve MRR on valid after 9 epochs
2017-04-30 00:47:28,589 INFO: ----------------------------------------------------------------------------
2017-04-30 00:47:28,590 INFO: ----------------------------------------------------------------------------
2017-04-30 00:47:28,590 INFO: 	Ranking model on all examples from test. Each example ranked against 14951 other entities
2017-04-30 00:47:29,291 INFO: 	Ranking: evaluating rank on 59071 triples
2017-04-30 01:30:48,547 INFO: left_ranks: (59071,), right_ranks: (59071,), rel_ranks: (59071,)
2017-04-30 01:30:48,568 INFO: max left_ranks: 14951, max right_ranks: 14951, max rel_ranks: 0
2017-04-30 01:30:49,029 INFO: MICRO RAW:
2017-04-30 01:30:49,029 INFO: 	Left mean rank: 2045.79, MRR: 0.037, median rank: 429.0, hits@10: 7.173%
2017-04-30 01:30:49,029 INFO: 	Right mean rank: 1777.013, MRR: 0.092, median rank: 206.0, hits@10: 17.731%
2017-04-30 01:30:49,029 INFO: 	Global mean rank: 1911.401, MRR: 0.064, median rank: 314.0, hits@10: 12.452%
2017-04-30 01:30:49,029 INFO: MACRO RAW
2017-04-30 01:30:49,029 INFO: 	Left mean rank: 2709.17, MRR: 0.056, median rank: 502.0, hits@10: 11.031%
2017-04-30 01:30:49,029 INFO: 	Right mean rank: 2396.834, MRR: 0.093, median rank: 382.0, hits@10: 17.497%
2017-04-30 01:30:49,029 INFO: 	Global mean rank: 2553.002, MRR: 0.074, median rank: 327.5, hits@10: 14.264%
2017-04-30 01:30:49,039 INFO: Ranking model on all examples from test. Each example ranked against 14951 other entities which are FILTERED
2017-04-30 01:30:49,695 INFO: 	FilteredRanking: evaluating rank on 59071 triples
2017-04-30 02:30:58,127 INFO: MICRO FILTERED:
2017-04-30 02:30:58,133 INFO: 	Left mean rank: 1928.46776, MRR: 0.04638, median rank: 328.0, hits@10: 9.194%
2017-04-30 02:30:58,134 INFO: 	Right mean rank: 1703.13472, MRR: 0.11404, median rank: 184.0, hits@10: 20.089%
2017-04-30 02:30:58,134 INFO: 	Global mean rank: 1815.80124, MRR: 0.08021, median rank: 257.0, hits@10: 14.642%
2017-04-30 02:30:58,134 INFO: MACRO FILTERED
2017-04-30 02:30:58,134 INFO: 	Left mean rank: 2682.91058, MRR: 0.06333, median rank: 458.0, hits@10: 12.531%
2017-04-30 02:30:58,134 INFO: 	Right mean rank: 2384.43027, MRR: 0.10567, median rank: 368.5, hits@10: 18.788%
2017-04-30 02:30:58,134 INFO: 	Global mean rank: 2533.67042, MRR: 0.0845, median rank: 320.5, hits@10: 15.659%
