2017-05-03 05:50:09,121 INFO: logger initialized for experiment identifier: BilinearDiagExtended_L1_ndim_100_marg_2.0_lrate_0.01_cost_margincost_reg_0.01
2017-05-03 05:50:09,122 INFO: DD{'ndim': 100, 'test_all': 10, 'Nsyn_rel': 1345, 'totepochs': 1000, 'bestvalidMRR': -1, 'loadmodel': False, 'lremb': 0.01, 'nvalid': 1000, 'seed': 123, 'marge': 2.0, 'margincostfunction': 'margincost', 'simfn': 'L1', 'savepath': '/home/ubuntu/Thesis_code/KBC_Text/outputs/FB15k_BilinearDiagExtended/BilinearDiagExtended_L1_ndim_100_marg_2.0_lrate_0.01_cost_margincost_reg_0.01', 'dataset': 'FB15k', 'nbatches': 100, 'identifier': 'BilinearDiagExtended_L1_ndim_100_marg_2.0_lrate_0.01_cost_margincost_reg_0.01', 'lrparam': 0.01, 'loademb': False, 'datapath': '/home/ubuntu/data/', 'ntrain': 1000, 'Nrel': 1345, 'experiment_type': 'FB15kexp', 'rel': False, 'Nent': 14951, 'logger': <logging.RootLogger object at 0x7f4fe8a66d10>, 'ntest': 1000, 'Nsyn': 14951, 'reg': 0.01, 'op': 'BilinearDiagExtended'}
2017-05-03 05:50:14,074 INFO: loaded FB15k data in: 4.938034 seconds
2017-05-03 05:50:14,076 DEBUG: FB15kexp: load_FB15k_data(): trainl(14951, 483142), trainr(14951, 483142), traino(1345, 483142), trainlidx(1000,)
2017-05-03 05:50:23,003 DEBUG: loaded data and constructed model...
2017-05-03 05:50:23,006 DEBUG: num epochs: 1000
2017-05-03 05:50:23,006 DEBUG: num batches per epoch: 100
2017-05-03 05:50:23,006 DEBUG: batchsize: 4831
2017-05-03 05:50:23,007 DEBUG: left and right entity ranking functions will rank a slot against 14951 competitors
2017-05-03 05:50:23,007 INFO: BEGIN TRAINING
2017-05-03 05:52:27,719 INFO: ----------------------------------------------------------------------------
2017-05-03 05:52:27,720 INFO: EPOCH 1 (124.713 seconds):
2017-05-03 05:52:27,759 INFO: 	Average L2 norm of relation vector: 0.04447
2017-05-03 05:52:27,761 INFO: 	COST >> 2.676 +/- 0.806, % updates Left: 80.37%  Right: 76.6%
2017-05-03 05:53:51,368 INFO: ----------------------------------------------------------------------------
2017-05-03 05:53:51,369 INFO: EPOCH 2 (83.607 seconds):
2017-05-03 05:53:51,371 INFO: 	Average L2 norm of relation vector: 0.05771
2017-05-03 05:53:51,372 INFO: 	COST >> 1.04 +/- 0.172, % updates Left: 40.56%  Right: 36.31%
2017-05-03 05:55:23,125 INFO: ----------------------------------------------------------------------------
2017-05-03 05:55:23,126 INFO: EPOCH 3 (91.753 seconds):
2017-05-03 05:55:23,128 INFO: 	Average L2 norm of relation vector: 0.06571
2017-05-03 05:55:23,129 INFO: 	COST >> 0.677 +/- 0.057, % updates Left: 27.62%  Right: 24.43%
2017-05-03 05:56:56,661 INFO: ----------------------------------------------------------------------------
2017-05-03 05:56:56,662 INFO: EPOCH 4 (93.532 seconds):
2017-05-03 05:56:56,665 INFO: 	Average L2 norm of relation vector: 0.0714
2017-05-03 05:56:56,666 INFO: 	COST >> 0.537 +/- 0.026, % updates Left: 21.89%  Right: 19.42%
2017-05-03 05:58:11,556 INFO: ----------------------------------------------------------------------------
2017-05-03 05:58:11,557 INFO: EPOCH 5 (74.89 seconds):
2017-05-03 05:58:11,562 INFO: 	Average L2 norm of relation vector: 0.07581
2017-05-03 05:58:11,564 INFO: 	COST >> 0.461 +/- 0.018, % updates Left: 18.71%  Right: 16.67%
2017-05-03 05:59:35,569 INFO: ----------------------------------------------------------------------------
2017-05-03 05:59:35,570 INFO: EPOCH 6 (84.006 seconds):
2017-05-03 05:59:35,574 INFO: 	Average L2 norm of relation vector: 0.0794
2017-05-03 05:59:35,575 INFO: 	COST >> 0.412 +/- 0.015, % updates Left: 16.63%  Right: 14.85%
2017-05-03 06:01:24,579 INFO: ----------------------------------------------------------------------------
2017-05-03 06:01:24,580 INFO: EPOCH 7 (109.004 seconds):
2017-05-03 06:01:24,583 INFO: 	Average L2 norm of relation vector: 0.08241
2017-05-03 06:01:24,584 INFO: 	COST >> 0.381 +/- 0.013, % updates Left: 15.17%  Right: 13.57%
2017-05-03 06:02:48,964 INFO: ----------------------------------------------------------------------------
2017-05-03 06:02:48,965 INFO: EPOCH 8 (84.38 seconds):
2017-05-03 06:02:48,969 INFO: 	Average L2 norm of relation vector: 0.08503
2017-05-03 06:02:48,970 INFO: 	COST >> 0.356 +/- 0.011, % updates Left: 14.09%  Right: 12.63%
2017-05-03 06:04:58,379 INFO: ----------------------------------------------------------------------------
2017-05-03 06:04:58,380 INFO: EPOCH 9 (129.409 seconds):
2017-05-03 06:04:58,383 INFO: 	Average L2 norm of relation vector: 0.08737
2017-05-03 06:04:58,384 INFO: 	COST >> 0.333 +/- 0.011, % updates Left: 13.22%  Right: 11.85%
2017-05-03 06:06:56,656 INFO: ----------------------------------------------------------------------------
2017-05-03 06:06:56,657 INFO: EPOCH 10 (118.272 seconds):
2017-05-03 06:06:56,660 INFO: 	Average L2 norm of relation vector: 0.08948
2017-05-03 06:06:56,661 INFO: 	COST >> 0.318 +/- 0.012, % updates Left: 12.58%  Right: 11.28%
2017-05-03 06:06:56,661 INFO: 	FilteredRanking: evaluating rank on 1000 triples
2017-05-03 06:09:56,700 INFO: 	FilteredRanking: evaluating rank on 1000 triples
2017-05-03 06:12:44,786 INFO: 	MEAN RANK >> valid: 343.3, train: 262.2
2017-05-03 06:12:44,790 INFO: 		MEAN RANK TRAIN: Left: 272.7 Rel: 0.0 Right: 251.8
2017-05-03 06:12:44,794 INFO: 		MEAN RANK VALID: Left: 364.6 Rel: 0.0 Right: 322.1
2017-05-03 06:12:44,795 INFO: 		MEAN RECIPROCAL RANK VALID (L & R): 0.1055
2017-05-03 06:12:44,795 INFO: 	FilteredRanking: evaluating rank on 1000 triples
2017-05-03 06:15:48,413 INFO: 	NEW BEST TEST MR: 351.4
2017-05-03 06:15:48,414 INFO: 		Left MR: 359.3 Rel MR: 0.0 Right MR: 343.6
2017-05-03 06:15:48,481 INFO: 	(ranking took 531.819 seconds)
2017-05-03 06:17:26,391 INFO: ----------------------------------------------------------------------------
2017-05-03 06:17:26,392 INFO: EPOCH 11 (97.911 seconds):
2017-05-03 06:17:26,394 INFO: 	Average L2 norm of relation vector: 0.09143
2017-05-03 06:17:26,395 INFO: 	COST >> 0.303 +/- 0.01, % updates Left: 12.03%  Right: 10.85%
2017-05-03 06:19:01,086 INFO: ----------------------------------------------------------------------------
2017-05-03 06:19:01,087 INFO: EPOCH 12 (94.692 seconds):
2017-05-03 06:19:01,090 INFO: 	Average L2 norm of relation vector: 0.09327
2017-05-03 06:19:01,092 INFO: 	COST >> 0.286 +/- 0.011, % updates Left: 11.52%  Right: 10.33%
2017-05-03 06:20:15,205 INFO: ----------------------------------------------------------------------------
2017-05-03 06:20:15,206 INFO: EPOCH 13 (74.113 seconds):
2017-05-03 06:20:15,208 INFO: 	Average L2 norm of relation vector: 0.095
2017-05-03 06:20:15,209 INFO: 	COST >> 0.274 +/- 0.009, % updates Left: 11.13%  Right: 9.94%
2017-05-03 06:21:37,395 INFO: ----------------------------------------------------------------------------
2017-05-03 06:21:37,396 INFO: EPOCH 14 (82.187 seconds):
2017-05-03 06:21:37,399 INFO: 	Average L2 norm of relation vector: 0.09665
2017-05-03 06:21:37,400 INFO: 	COST >> 0.261 +/- 0.009, % updates Left: 10.73%  Right: 9.62%
2017-05-03 06:23:02,346 INFO: ----------------------------------------------------------------------------
2017-05-03 06:23:02,347 INFO: EPOCH 15 (84.947 seconds):
2017-05-03 06:23:02,350 INFO: 	Average L2 norm of relation vector: 0.09818
2017-05-03 06:23:02,351 INFO: 	COST >> 0.252 +/- 0.01, % updates Left: 10.35%  Right: 9.22%
2017-05-03 06:24:40,908 INFO: ----------------------------------------------------------------------------
2017-05-03 06:24:40,908 INFO: EPOCH 16 (98.557 seconds):
2017-05-03 06:24:40,911 INFO: 	Average L2 norm of relation vector: 0.09962
2017-05-03 06:24:40,912 INFO: 	COST >> 0.243 +/- 0.009, % updates Left: 10.02%  Right: 8.9%
2017-05-03 06:26:59,577 INFO: ----------------------------------------------------------------------------
2017-05-03 06:26:59,578 INFO: EPOCH 17 (138.666 seconds):
2017-05-03 06:26:59,581 INFO: 	Average L2 norm of relation vector: 0.10093
2017-05-03 06:26:59,582 INFO: 	COST >> 0.236 +/- 0.009, % updates Left: 9.69%  Right: 8.63%
2017-05-03 06:28:59,320 INFO: ----------------------------------------------------------------------------
2017-05-03 06:28:59,321 INFO: EPOCH 18 (119.739 seconds):
2017-05-03 06:28:59,326 INFO: 	Average L2 norm of relation vector: 0.10221
2017-05-03 06:28:59,329 INFO: 	COST >> 0.231 +/- 0.008, % updates Left: 9.58%  Right: 8.41%
2017-05-03 06:31:12,154 INFO: ----------------------------------------------------------------------------
2017-05-03 06:31:12,156 INFO: EPOCH 19 (132.826 seconds):
2017-05-03 06:31:12,163 INFO: 	Average L2 norm of relation vector: 0.1034
2017-05-03 06:31:12,166 INFO: 	COST >> 0.224 +/- 0.009, % updates Left: 9.27%  Right: 8.17%
2017-05-03 06:32:40,292 INFO: ----------------------------------------------------------------------------
2017-05-03 06:32:40,293 INFO: EPOCH 20 (88.126 seconds):
2017-05-03 06:32:40,296 INFO: 	Average L2 norm of relation vector: 0.10451
2017-05-03 06:32:40,297 INFO: 	COST >> 0.219 +/- 0.01, % updates Left: 8.97%  Right: 8.0%
2017-05-03 06:32:40,298 INFO: 	FilteredRanking: evaluating rank on 1000 triples
2017-05-03 06:35:09,693 INFO: 	FilteredRanking: evaluating rank on 1000 triples
2017-05-03 06:37:53,926 INFO: 	MEAN RANK >> valid: 232.3, train: 154.7
2017-05-03 06:37:53,928 INFO: 		MEAN RANK TRAIN: Left: 171.6 Rel: 0.0 Right: 137.8
2017-05-03 06:37:53,930 INFO: 		MEAN RANK VALID: Left: 262.0 Rel: 0.0 Right: 202.5
2017-05-03 06:37:53,931 INFO: 		MEAN RECIPROCAL RANK VALID (L & R): 0.1205
2017-05-03 06:37:53,931 INFO: 	FilteredRanking: evaluating rank on 1000 triples
2017-05-03 06:41:17,592 INFO: 	NEW BEST TEST MR: 231.1
2017-05-03 06:41:17,594 INFO: 		Left MR: 240.8 Rel MR: 0.0 Right MR: 221.4
2017-05-03 06:41:19,261 INFO: 	(ranking took 518.963 seconds)
2017-05-03 06:43:51,087 INFO: ----------------------------------------------------------------------------
2017-05-03 06:43:51,088 INFO: EPOCH 21 (151.826 seconds):
2017-05-03 06:43:51,093 INFO: 	Average L2 norm of relation vector: 0.10554
2017-05-03 06:43:51,095 INFO: 	COST >> 0.215 +/- 0.007, % updates Left: 8.8%  Right: 7.79%
2017-05-03 06:46:04,041 INFO: ----------------------------------------------------------------------------
2017-05-03 06:46:04,042 INFO: EPOCH 22 (132.946 seconds):
2017-05-03 06:46:04,047 INFO: 	Average L2 norm of relation vector: 0.10651
2017-05-03 06:46:04,048 INFO: 	COST >> 0.209 +/- 0.008, % updates Left: 8.59%  Right: 7.58%
2017-05-03 06:47:38,963 INFO: ----------------------------------------------------------------------------
2017-05-03 06:47:38,964 INFO: EPOCH 23 (94.915 seconds):
2017-05-03 06:47:38,966 INFO: 	Average L2 norm of relation vector: 0.10744
2017-05-03 06:47:38,968 INFO: 	COST >> 0.208 +/- 0.009, % updates Left: 8.5%  Right: 7.43%
2017-05-03 06:49:19,731 INFO: ----------------------------------------------------------------------------
2017-05-03 06:49:19,732 INFO: EPOCH 24 (100.764 seconds):
2017-05-03 06:49:19,735 INFO: 	Average L2 norm of relation vector: 0.1083
2017-05-03 06:49:19,736 INFO: 	COST >> 0.202 +/- 0.007, % updates Left: 8.22%  Right: 7.27%
2017-05-03 06:50:58,124 INFO: ----------------------------------------------------------------------------
2017-05-03 06:50:58,125 INFO: EPOCH 25 (98.389 seconds):
2017-05-03 06:50:58,129 INFO: 	Average L2 norm of relation vector: 0.10912
2017-05-03 06:50:58,130 INFO: 	COST >> 0.199 +/- 0.008, % updates Left: 8.11%  Right: 7.16%
2017-05-03 06:53:12,667 INFO: ----------------------------------------------------------------------------
2017-05-03 06:53:12,668 INFO: EPOCH 26 (134.537 seconds):
2017-05-03 06:53:12,670 INFO: 	Average L2 norm of relation vector: 0.10991
2017-05-03 06:53:12,672 INFO: 	COST >> 0.197 +/- 0.008, % updates Left: 7.99%  Right: 7.05%
2017-05-03 06:54:49,669 INFO: ----------------------------------------------------------------------------
2017-05-03 06:54:49,670 INFO: EPOCH 27 (96.998 seconds):
2017-05-03 06:54:49,673 INFO: 	Average L2 norm of relation vector: 0.11064
2017-05-03 06:54:49,674 INFO: 	COST >> 0.194 +/- 0.007, % updates Left: 7.83%  Right: 6.98%
2017-05-03 06:56:04,340 INFO: ----------------------------------------------------------------------------
2017-05-03 06:56:04,341 INFO: EPOCH 28 (74.667 seconds):
2017-05-03 06:56:04,343 INFO: 	Average L2 norm of relation vector: 0.11136
2017-05-03 06:56:04,344 INFO: 	COST >> 0.191 +/- 0.007, % updates Left: 7.78%  Right: 6.75%
2017-05-03 06:57:26,470 INFO: ----------------------------------------------------------------------------
2017-05-03 06:57:26,470 INFO: EPOCH 29 (82.126 seconds):
2017-05-03 06:57:26,473 INFO: 	Average L2 norm of relation vector: 0.11203
2017-05-03 06:57:26,474 INFO: 	COST >> 0.191 +/- 0.008, % updates Left: 7.68%  Right: 6.78%
2017-05-03 06:58:40,057 INFO: ----------------------------------------------------------------------------
2017-05-03 06:58:40,057 INFO: EPOCH 30 (73.583 seconds):
2017-05-03 06:58:40,059 INFO: 	Average L2 norm of relation vector: 0.11268
2017-05-03 06:58:40,060 INFO: 	COST >> 0.186 +/- 0.008, % updates Left: 7.51%  Right: 6.62%
2017-05-03 06:58:40,060 INFO: 	FilteredRanking: evaluating rank on 1000 triples
2017-05-03 07:00:56,769 INFO: 	FilteredRanking: evaluating rank on 1000 triples
2017-05-03 07:03:45,001 INFO: 	MEAN RANK >> valid: 180.3, train: 121.4
2017-05-03 07:03:45,002 INFO: 		MEAN RANK TRAIN: Left: 132.1 Rel: 0.0 Right: 110.7
2017-05-03 07:03:45,003 INFO: 		MEAN RANK VALID: Left: 203.3 Rel: 0.0 Right: 157.3
2017-05-03 07:03:45,003 INFO: 		MEAN RECIPROCAL RANK VALID (L & R): 0.15
2017-05-03 07:03:45,004 INFO: 	FilteredRanking: evaluating rank on 1000 triples
2017-05-03 07:05:50,299 INFO: 	NEW BEST TEST MR: 187.9
2017-05-03 07:05:50,300 INFO: 		Left MR: 197.5 Rel MR: 0.0 Right MR: 178.3
2017-05-03 07:05:50,411 INFO: 	(ranking took 430.351 seconds)
2017-05-03 07:07:50,056 INFO: ----------------------------------------------------------------------------
2017-05-03 07:07:50,057 INFO: EPOCH 31 (119.645 seconds):
2017-05-03 07:07:50,060 INFO: 	Average L2 norm of relation vector: 0.11328
2017-05-03 07:07:50,061 INFO: 	COST >> 0.185 +/- 0.007, % updates Left: 7.4%  Right: 6.54%
2017-05-03 07:09:27,151 INFO: ----------------------------------------------------------------------------
2017-05-03 07:09:27,151 INFO: EPOCH 32 (97.09 seconds):
2017-05-03 07:09:27,154 INFO: 	Average L2 norm of relation vector: 0.11388
2017-05-03 07:09:27,154 INFO: 	COST >> 0.185 +/- 0.008, % updates Left: 7.43%  Right: 6.47%
2017-05-03 07:11:17,422 INFO: ----------------------------------------------------------------------------
2017-05-03 07:11:17,422 INFO: EPOCH 33 (110.268 seconds):
2017-05-03 07:11:17,425 INFO: 	Average L2 norm of relation vector: 0.11445
2017-05-03 07:11:17,425 INFO: 	COST >> 0.182 +/- 0.007, % updates Left: 7.27%  Right: 6.4%
2017-05-03 07:12:49,609 INFO: ----------------------------------------------------------------------------
2017-05-03 07:12:49,610 INFO: EPOCH 34 (92.184 seconds):
2017-05-03 07:12:49,612 INFO: 	Average L2 norm of relation vector: 0.11498
2017-05-03 07:12:49,613 INFO: 	COST >> 0.179 +/- 0.007, % updates Left: 7.17%  Right: 6.29%
2017-05-03 07:14:34,452 INFO: ----------------------------------------------------------------------------
2017-05-03 07:14:34,452 INFO: EPOCH 35 (104.839 seconds):
2017-05-03 07:14:34,456 INFO: 	Average L2 norm of relation vector: 0.11548
2017-05-03 07:14:34,457 INFO: 	COST >> 0.179 +/- 0.008, % updates Left: 7.14%  Right: 6.31%
2017-05-03 07:16:16,755 INFO: ----------------------------------------------------------------------------
2017-05-03 07:16:16,756 INFO: EPOCH 36 (102.299 seconds):
2017-05-03 07:16:16,763 INFO: 	Average L2 norm of relation vector: 0.11599
2017-05-03 07:16:16,766 INFO: 	COST >> 0.177 +/- 0.006, % updates Left: 7.06%  Right: 6.22%
2017-05-03 07:18:03,656 INFO: ----------------------------------------------------------------------------
2017-05-03 07:18:03,657 INFO: EPOCH 37 (106.89 seconds):
2017-05-03 07:18:03,661 INFO: 	Average L2 norm of relation vector: 0.11645
2017-05-03 07:18:03,662 INFO: 	COST >> 0.175 +/- 0.007, % updates Left: 6.94%  Right: 6.11%
2017-05-03 07:19:51,544 INFO: ----------------------------------------------------------------------------
2017-05-03 07:19:51,545 INFO: EPOCH 38 (107.883 seconds):
2017-05-03 07:19:51,548 INFO: 	Average L2 norm of relation vector: 0.11689
2017-05-03 07:19:51,549 INFO: 	COST >> 0.173 +/- 0.007, % updates Left: 6.85%  Right: 6.11%
2017-05-03 07:21:30,221 INFO: ----------------------------------------------------------------------------
2017-05-03 07:21:30,222 INFO: EPOCH 39 (98.672 seconds):
2017-05-03 07:21:30,225 INFO: 	Average L2 norm of relation vector: 0.11734
2017-05-03 07:21:30,226 INFO: 	COST >> 0.172 +/- 0.008, % updates Left: 6.85%  Right: 6.0%
2017-05-03 07:22:57,213 INFO: ----------------------------------------------------------------------------
2017-05-03 07:22:57,214 INFO: EPOCH 40 (86.987 seconds):
2017-05-03 07:22:57,218 INFO: 	Average L2 norm of relation vector: 0.11775
2017-05-03 07:22:57,219 INFO: 	COST >> 0.171 +/- 0.007, % updates Left: 6.8%  Right: 5.93%
2017-05-03 07:22:57,220 INFO: 	FilteredRanking: evaluating rank on 1000 triples
2017-05-03 07:25:38,905 INFO: 	FilteredRanking: evaluating rank on 1000 triples
2017-05-03 07:27:46,674 INFO: 	MEAN RANK >> valid: 166.0, train: 103.0
2017-05-03 07:27:46,675 INFO: 		MEAN RANK TRAIN: Left: 111.2 Rel: 0.0 Right: 94.9
2017-05-03 07:27:46,676 INFO: 		MEAN RANK VALID: Left: 195.2 Rel: 0.0 Right: 136.9
2017-05-03 07:27:46,676 INFO: 		MEAN RECIPROCAL RANK VALID (L & R): 0.15
2017-05-03 07:27:46,676 WARNING: 	WARNING, failed to improve MRR on valid, 2 chances left

2017-05-03 07:27:46,759 INFO: 	(ranking took 289.539 seconds)
2017-05-03 07:29:28,689 INFO: ----------------------------------------------------------------------------
2017-05-03 07:29:28,690 INFO: EPOCH 41 (101.93 seconds):
2017-05-03 07:29:28,693 INFO: 	Average L2 norm of relation vector: 0.11818
2017-05-03 07:29:28,695 INFO: 	COST >> 0.17 +/- 0.006, % updates Left: 6.75%  Right: 5.95%
2017-05-03 07:31:06,818 INFO: ----------------------------------------------------------------------------
2017-05-03 07:31:06,819 INFO: EPOCH 42 (98.124 seconds):
2017-05-03 07:31:06,823 INFO: 	Average L2 norm of relation vector: 0.11857
2017-05-03 07:31:06,824 INFO: 	COST >> 0.168 +/- 0.006, % updates Left: 6.65%  Right: 5.84%
2017-05-03 07:33:13,914 INFO: ----------------------------------------------------------------------------
2017-05-03 07:33:13,915 INFO: EPOCH 43 (127.091 seconds):
2017-05-03 07:33:13,920 INFO: 	Average L2 norm of relation vector: 0.11895
2017-05-03 07:33:13,922 INFO: 	COST >> 0.166 +/- 0.007, % updates Left: 6.59%  Right: 5.79%
2017-05-03 07:35:18,476 INFO: ----------------------------------------------------------------------------
2017-05-03 07:35:18,476 INFO: EPOCH 44 (124.554 seconds):
2017-05-03 07:35:18,479 INFO: 	Average L2 norm of relation vector: 0.11931
2017-05-03 07:35:18,479 INFO: 	COST >> 0.165 +/- 0.006, % updates Left: 6.53%  Right: 5.73%
2017-05-03 07:36:25,490 INFO: ----------------------------------------------------------------------------
2017-05-03 07:36:25,491 INFO: EPOCH 45 (67.011 seconds):
2017-05-03 07:36:25,493 INFO: 	Average L2 norm of relation vector: 0.11965
2017-05-03 07:36:25,494 INFO: 	COST >> 0.165 +/- 0.007, % updates Left: 6.46%  Right: 5.76%
2017-05-03 07:37:46,452 INFO: ----------------------------------------------------------------------------
2017-05-03 07:37:46,453 INFO: EPOCH 46 (80.959 seconds):
2017-05-03 07:37:46,455 INFO: 	Average L2 norm of relation vector: 0.11995
2017-05-03 07:37:46,456 INFO: 	COST >> 0.163 +/- 0.007, % updates Left: 6.42%  Right: 5.67%
2017-05-03 07:39:10,093 INFO: ----------------------------------------------------------------------------
2017-05-03 07:39:10,093 INFO: EPOCH 47 (83.637 seconds):
2017-05-03 07:39:10,096 INFO: 	Average L2 norm of relation vector: 0.12026
2017-05-03 07:39:10,097 INFO: 	COST >> 0.163 +/- 0.006, % updates Left: 6.38%  Right: 5.65%
2017-05-03 07:41:06,144 INFO: ----------------------------------------------------------------------------
2017-05-03 07:41:06,145 INFO: EPOCH 48 (116.047 seconds):
2017-05-03 07:41:06,149 INFO: 	Average L2 norm of relation vector: 0.12057
2017-05-03 07:41:06,150 INFO: 	COST >> 0.161 +/- 0.006, % updates Left: 6.34%  Right: 5.59%
2017-05-03 07:42:58,800 INFO: ----------------------------------------------------------------------------
2017-05-03 07:42:58,801 INFO: EPOCH 49 (112.65 seconds):
2017-05-03 07:42:58,805 INFO: 	Average L2 norm of relation vector: 0.12088
2017-05-03 07:42:58,806 INFO: 	COST >> 0.16 +/- 0.006, % updates Left: 6.32%  Right: 5.51%
2017-05-03 07:45:12,063 INFO: ----------------------------------------------------------------------------
2017-05-03 07:45:12,064 INFO: EPOCH 50 (133.257 seconds):
2017-05-03 07:45:12,068 INFO: 	Average L2 norm of relation vector: 0.12115
2017-05-03 07:45:12,070 INFO: 	COST >> 0.159 +/- 0.007, % updates Left: 6.21%  Right: 5.54%
2017-05-03 07:45:12,070 INFO: 	FilteredRanking: evaluating rank on 1000 triples
2017-05-03 07:48:24,459 INFO: 	FilteredRanking: evaluating rank on 1000 triples
2017-05-03 07:50:52,595 INFO: 	MEAN RANK >> valid: 144.0, train: 82.2
2017-05-03 07:50:52,596 INFO: 		MEAN RANK TRAIN: Left: 85.4 Rel: 0.0 Right: 79.0
2017-05-03 07:50:52,597 INFO: 		MEAN RANK VALID: Left: 173.4 Rel: 0.0 Right: 114.6
2017-05-03 07:50:52,597 INFO: 		MEAN RECIPROCAL RANK VALID (L & R): 0.1675
2017-05-03 07:50:52,597 INFO: 	FilteredRanking: evaluating rank on 1000 triples
2017-05-03 07:53:09,995 INFO: 	NEW BEST TEST MR: 139.6
2017-05-03 07:53:09,996 INFO: 		Left MR: 143.6 Rel MR: 0.0 Right MR: 135.6
2017-05-03 07:53:10,075 INFO: 	(ranking took 478.005 seconds)
2017-05-03 07:54:36,386 INFO: ----------------------------------------------------------------------------
2017-05-03 07:54:36,387 INFO: EPOCH 51 (86.311 seconds):
2017-05-03 07:54:36,390 INFO: 	Average L2 norm of relation vector: 0.12142
2017-05-03 07:54:36,391 INFO: 	COST >> 0.158 +/- 0.006, % updates Left: 6.16%  Right: 5.51%
2017-05-03 07:55:41,364 INFO: ----------------------------------------------------------------------------
2017-05-03 07:55:41,364 INFO: EPOCH 52 (64.973 seconds):
2017-05-03 07:55:41,367 INFO: 	Average L2 norm of relation vector: 0.12168
2017-05-03 07:55:41,367 INFO: 	COST >> 0.157 +/- 0.006, % updates Left: 6.18%  Right: 5.39%
2017-05-03 07:57:44,890 INFO: ----------------------------------------------------------------------------
2017-05-03 07:57:44,891 INFO: EPOCH 53 (123.523 seconds):
2017-05-03 07:57:44,894 INFO: 	Average L2 norm of relation vector: 0.12192
2017-05-03 07:57:44,896 INFO: 	COST >> 0.157 +/- 0.006, % updates Left: 6.08%  Right: 5.39%
2017-05-03 08:00:03,837 INFO: ----------------------------------------------------------------------------
2017-05-03 08:00:03,838 INFO: EPOCH 54 (138.942 seconds):
2017-05-03 08:00:03,844 INFO: 	Average L2 norm of relation vector: 0.12215
2017-05-03 08:00:03,846 INFO: 	COST >> 0.155 +/- 0.006, % updates Left: 6.1%  Right: 5.33%
2017-05-03 08:02:05,137 INFO: ----------------------------------------------------------------------------
2017-05-03 08:02:05,137 INFO: EPOCH 55 (121.29 seconds):
2017-05-03 08:02:05,141 INFO: 	Average L2 norm of relation vector: 0.12237
2017-05-03 08:02:05,142 INFO: 	COST >> 0.154 +/- 0.006, % updates Left: 6.02%  Right: 5.3%
2017-05-03 08:03:41,661 INFO: ----------------------------------------------------------------------------
2017-05-03 08:03:41,662 INFO: EPOCH 56 (96.52 seconds):
2017-05-03 08:03:41,664 INFO: 	Average L2 norm of relation vector: 0.12259
2017-05-03 08:03:41,665 INFO: 	COST >> 0.153 +/- 0.006, % updates Left: 5.99%  Right: 5.29%
2017-05-03 08:05:34,544 INFO: ----------------------------------------------------------------------------
2017-05-03 08:05:34,546 INFO: EPOCH 57 (112.88 seconds):
2017-05-03 08:05:34,550 INFO: 	Average L2 norm of relation vector: 0.12279
2017-05-03 08:05:34,552 INFO: 	COST >> 0.153 +/- 0.006, % updates Left: 5.92%  Right: 5.23%
2017-05-03 08:07:59,146 INFO: ----------------------------------------------------------------------------
2017-05-03 08:07:59,147 INFO: EPOCH 58 (144.593 seconds):
2017-05-03 08:07:59,151 INFO: 	Average L2 norm of relation vector: 0.12298
2017-05-03 08:07:59,153 INFO: 	COST >> 0.152 +/- 0.006, % updates Left: 5.89%  Right: 5.2%
2017-05-03 08:09:18,394 INFO: ----------------------------------------------------------------------------
2017-05-03 08:09:18,395 INFO: EPOCH 59 (79.242 seconds):
2017-05-03 08:09:18,397 INFO: 	Average L2 norm of relation vector: 0.12316
2017-05-03 08:09:18,398 INFO: 	COST >> 0.151 +/- 0.007, % updates Left: 5.89%  Right: 5.13%
2017-05-03 08:11:06,720 INFO: ----------------------------------------------------------------------------
2017-05-03 08:11:06,721 INFO: EPOCH 60 (108.323 seconds):
2017-05-03 08:11:06,726 INFO: 	Average L2 norm of relation vector: 0.12335
2017-05-03 08:11:06,728 INFO: 	COST >> 0.15 +/- 0.007, % updates Left: 5.84%  Right: 5.17%
2017-05-03 08:11:06,729 INFO: 	FilteredRanking: evaluating rank on 1000 triples
2017-05-03 08:13:52,034 INFO: 	FilteredRanking: evaluating rank on 1000 triples
2017-05-03 08:16:16,993 INFO: 	MEAN RANK >> valid: 132.2, train: 73.6
2017-05-03 08:16:16,994 INFO: 		MEAN RANK TRAIN: Left: 78.7 Rel: 0.0 Right: 68.4
2017-05-03 08:16:16,995 INFO: 		MEAN RANK VALID: Left: 153.0 Rel: 0.0 Right: 111.4
2017-05-03 08:16:16,995 INFO: 		MEAN RECIPROCAL RANK VALID (L & R): 0.178
2017-05-03 08:16:16,995 INFO: 	FilteredRanking: evaluating rank on 1000 triples
2017-05-03 08:19:03,323 INFO: 	NEW BEST TEST MR: 130.6
2017-05-03 08:19:03,325 INFO: 		Left MR: 134.3 Rel MR: 0.0 Right MR: 126.9
2017-05-03 08:19:03,423 INFO: 	(ranking took 476.694 seconds)
2017-05-03 08:21:00,626 INFO: ----------------------------------------------------------------------------
2017-05-03 08:21:00,627 INFO: EPOCH 61 (117.199 seconds):
2017-05-03 08:21:00,630 INFO: 	Average L2 norm of relation vector: 0.12349
2017-05-03 08:21:00,631 INFO: 	COST >> 0.149 +/- 0.006, % updates Left: 5.74%  Right: 5.11%
2017-05-03 08:22:53,612 INFO: ----------------------------------------------------------------------------
2017-05-03 08:22:53,613 INFO: EPOCH 62 (112.982 seconds):
2017-05-03 08:22:53,617 INFO: 	Average L2 norm of relation vector: 0.12363
2017-05-03 08:22:53,618 INFO: 	COST >> 0.149 +/- 0.005, % updates Left: 5.74%  Right: 5.05%
2017-05-03 08:24:37,443 INFO: ----------------------------------------------------------------------------
2017-05-03 08:24:37,444 INFO: EPOCH 63 (103.825 seconds):
2017-05-03 08:24:37,450 INFO: 	Average L2 norm of relation vector: 0.12376
2017-05-03 08:24:37,452 INFO: 	COST >> 0.148 +/- 0.005, % updates Left: 5.68%  Right: 5.03%
2017-05-03 08:26:24,630 INFO: ----------------------------------------------------------------------------
2017-05-03 08:26:24,630 INFO: EPOCH 64 (107.177 seconds):
2017-05-03 08:26:24,634 INFO: 	Average L2 norm of relation vector: 0.1239
2017-05-03 08:26:24,635 INFO: 	COST >> 0.148 +/- 0.006, % updates Left: 5.71%  Right: 5.08%
2017-05-03 08:27:53,622 INFO: ----------------------------------------------------------------------------
2017-05-03 08:27:53,623 INFO: EPOCH 65 (88.988 seconds):
2017-05-03 08:27:53,626 INFO: 	Average L2 norm of relation vector: 0.12403
2017-05-03 08:27:53,627 INFO: 	COST >> 0.148 +/- 0.005, % updates Left: 5.69%  Right: 5.04%
2017-05-03 08:29:27,416 INFO: ----------------------------------------------------------------------------
2017-05-03 08:29:27,417 INFO: EPOCH 66 (93.789 seconds):
2017-05-03 08:29:27,419 INFO: 	Average L2 norm of relation vector: 0.12415
2017-05-03 08:29:27,420 INFO: 	COST >> 0.148 +/- 0.006, % updates Left: 5.64%  Right: 5.03%
2017-05-03 08:31:30,436 INFO: ----------------------------------------------------------------------------
2017-05-03 08:31:30,436 INFO: EPOCH 67 (123.016 seconds):
2017-05-03 08:31:30,439 INFO: 	Average L2 norm of relation vector: 0.12426
2017-05-03 08:31:30,440 INFO: 	COST >> 0.145 +/- 0.005, % updates Left: 5.55%  Right: 4.95%
2017-05-03 08:33:19,422 INFO: ----------------------------------------------------------------------------
2017-05-03 08:33:19,422 INFO: EPOCH 68 (108.982 seconds):
2017-05-03 08:33:19,426 INFO: 	Average L2 norm of relation vector: 0.12435
2017-05-03 08:33:19,428 INFO: 	COST >> 0.146 +/- 0.007, % updates Left: 5.57%  Right: 4.96%
2017-05-03 08:34:54,773 INFO: ----------------------------------------------------------------------------
2017-05-03 08:34:54,774 INFO: EPOCH 69 (95.346 seconds):
2017-05-03 08:34:54,778 INFO: 	Average L2 norm of relation vector: 0.12444
2017-05-03 08:34:54,780 INFO: 	COST >> 0.145 +/- 0.006, % updates Left: 5.51%  Right: 4.92%
2017-05-03 08:36:54,764 INFO: ----------------------------------------------------------------------------
2017-05-03 08:36:54,765 INFO: EPOCH 70 (119.985 seconds):
2017-05-03 08:36:54,768 INFO: 	Average L2 norm of relation vector: 0.12454
2017-05-03 08:36:54,769 INFO: 	COST >> 0.145 +/- 0.007, % updates Left: 5.55%  Right: 4.9%
2017-05-03 08:36:54,769 INFO: 	FilteredRanking: evaluating rank on 1000 triples
2017-05-03 08:39:07,757 INFO: 	FilteredRanking: evaluating rank on 1000 triples
2017-05-03 08:42:13,529 INFO: 	MEAN RANK >> valid: 119.8, train: 65.3
2017-05-03 08:42:13,532 INFO: 		MEAN RANK TRAIN: Left: 70.9 Rel: 0.0 Right: 59.6
2017-05-03 08:42:13,534 INFO: 		MEAN RANK VALID: Left: 138.1 Rel: 0.0 Right: 101.4
2017-05-03 08:42:13,535 INFO: 		MEAN RECIPROCAL RANK VALID (L & R): 0.1825
2017-05-03 08:42:13,535 INFO: 	FilteredRanking: evaluating rank on 1000 triples
2017-05-03 08:45:06,690 INFO: 	NEW BEST TEST MR: 108.4
2017-05-03 08:45:06,691 INFO: 		Left MR: 113.7 Rel MR: 0.0 Right MR: 103.0
2017-05-03 08:45:06,791 INFO: 	(ranking took 492.022 seconds)
2017-05-03 08:46:59,899 INFO: ----------------------------------------------------------------------------
2017-05-03 08:46:59,900 INFO: EPOCH 71 (113.109 seconds):
2017-05-03 08:46:59,908 INFO: 	Average L2 norm of relation vector: 0.12464
2017-05-03 08:46:59,911 INFO: 	COST >> 0.145 +/- 0.006, % updates Left: 5.55%  Right: 4.91%
2017-05-03 08:48:33,172 INFO: ----------------------------------------------------------------------------
2017-05-03 08:48:33,173 INFO: EPOCH 72 (93.261 seconds):
2017-05-03 08:48:33,176 INFO: 	Average L2 norm of relation vector: 0.12473
2017-05-03 08:48:33,177 INFO: 	COST >> 0.144 +/- 0.006, % updates Left: 5.49%  Right: 4.87%
2017-05-03 08:50:09,707 INFO: ----------------------------------------------------------------------------
2017-05-03 08:50:09,707 INFO: EPOCH 73 (96.53 seconds):
2017-05-03 08:50:09,711 INFO: 	Average L2 norm of relation vector: 0.12481
2017-05-03 08:50:09,713 INFO: 	COST >> 0.143 +/- 0.006, % updates Left: 5.48%  Right: 4.86%
2017-05-03 08:51:47,118 INFO: ----------------------------------------------------------------------------
2017-05-03 08:51:47,119 INFO: EPOCH 74 (97.406 seconds):
2017-05-03 08:51:47,121 INFO: 	Average L2 norm of relation vector: 0.1249
2017-05-03 08:51:47,122 INFO: 	COST >> 0.142 +/- 0.006, % updates Left: 5.46%  Right: 4.8%
2017-05-03 08:53:27,475 INFO: ----------------------------------------------------------------------------
2017-05-03 08:53:27,476 INFO: EPOCH 75 (100.353 seconds):
2017-05-03 08:53:27,481 INFO: 	Average L2 norm of relation vector: 0.12497
2017-05-03 08:53:27,482 INFO: 	COST >> 0.141 +/- 0.005, % updates Left: 5.42%  Right: 4.78%
2017-05-03 08:55:14,083 INFO: ----------------------------------------------------------------------------
2017-05-03 08:55:14,084 INFO: EPOCH 76 (106.602 seconds):
2017-05-03 08:55:14,090 INFO: 	Average L2 norm of relation vector: 0.12503
2017-05-03 08:55:14,092 INFO: 	COST >> 0.14 +/- 0.005, % updates Left: 5.37%  Right: 4.74%
2017-05-03 08:56:47,196 INFO: ----------------------------------------------------------------------------
2017-05-03 08:56:47,196 INFO: EPOCH 77 (93.103 seconds):
2017-05-03 08:56:47,199 INFO: 	Average L2 norm of relation vector: 0.12511
2017-05-03 08:56:47,200 INFO: 	COST >> 0.141 +/- 0.006, % updates Left: 5.41%  Right: 4.78%
2017-05-03 08:58:30,576 INFO: ----------------------------------------------------------------------------
2017-05-03 08:58:30,576 INFO: EPOCH 78 (103.377 seconds):
2017-05-03 08:58:30,580 INFO: 	Average L2 norm of relation vector: 0.12518
2017-05-03 08:58:30,582 INFO: 	COST >> 0.14 +/- 0.006, % updates Left: 5.36%  Right: 4.76%
2017-05-03 09:00:17,892 INFO: ----------------------------------------------------------------------------
2017-05-03 09:00:17,893 INFO: EPOCH 79 (107.311 seconds):
2017-05-03 09:00:17,897 INFO: 	Average L2 norm of relation vector: 0.12523
2017-05-03 09:00:17,899 INFO: 	COST >> 0.14 +/- 0.006, % updates Left: 5.29%  Right: 4.72%
2017-05-03 09:02:14,473 INFO: ----------------------------------------------------------------------------
2017-05-03 09:02:14,474 INFO: EPOCH 80 (116.574 seconds):
2017-05-03 09:02:14,479 INFO: 	Average L2 norm of relation vector: 0.12529
2017-05-03 09:02:14,481 INFO: 	COST >> 0.139 +/- 0.005, % updates Left: 5.32%  Right: 4.64%
2017-05-03 09:02:14,481 INFO: 	FilteredRanking: evaluating rank on 1000 triples
2017-05-03 09:04:22,060 INFO: 	FilteredRanking: evaluating rank on 1000 triples
2017-05-03 09:07:12,170 INFO: 	MEAN RANK >> valid: 115.6, train: 63.0
2017-05-03 09:07:12,270 INFO: 		MEAN RANK TRAIN: Left: 64.5 Rel: 0.0 Right: 61.4
2017-05-03 09:07:12,272 INFO: 		MEAN RANK VALID: Left: 138.6 Rel: 0.0 Right: 92.6
2017-05-03 09:07:12,272 INFO: 		MEAN RECIPROCAL RANK VALID (L & R): 0.1975
2017-05-03 09:07:12,272 INFO: 	FilteredRanking: evaluating rank on 1000 triples
2017-05-03 09:09:25,658 INFO: 	NEW BEST TEST MR: 111.9
2017-05-03 09:09:25,660 INFO: 		Left MR: 119.2 Rel MR: 0.0 Right MR: 104.7
2017-05-03 09:09:25,744 INFO: 	(ranking took 431.262 seconds)
2017-05-03 09:10:37,046 INFO: ----------------------------------------------------------------------------
2017-05-03 09:10:37,047 INFO: EPOCH 81 (71.302 seconds):
2017-05-03 09:10:37,049 INFO: 	Average L2 norm of relation vector: 0.12533
2017-05-03 09:10:37,050 INFO: 	COST >> 0.139 +/- 0.006, % updates Left: 5.29%  Right: 4.69%
2017-05-03 09:12:05,252 INFO: ----------------------------------------------------------------------------
2017-05-03 09:12:05,253 INFO: EPOCH 82 (88.202 seconds):
2017-05-03 09:12:05,256 INFO: 	Average L2 norm of relation vector: 0.12539
2017-05-03 09:12:05,256 INFO: 	COST >> 0.139 +/- 0.005, % updates Left: 5.31%  Right: 4.69%
2017-05-03 09:13:13,808 INFO: ----------------------------------------------------------------------------
2017-05-03 09:13:13,808 INFO: EPOCH 83 (68.552 seconds):
2017-05-03 09:13:13,811 INFO: 	Average L2 norm of relation vector: 0.12541
2017-05-03 09:13:13,812 INFO: 	COST >> 0.139 +/- 0.006, % updates Left: 5.27%  Right: 4.65%
2017-05-03 09:15:01,627 INFO: ----------------------------------------------------------------------------
2017-05-03 09:15:01,628 INFO: EPOCH 84 (107.816 seconds):
2017-05-03 09:15:01,631 INFO: 	Average L2 norm of relation vector: 0.12546
2017-05-03 09:15:01,632 INFO: 	COST >> 0.138 +/- 0.005, % updates Left: 5.26%  Right: 4.66%
2017-05-03 09:16:24,721 INFO: ----------------------------------------------------------------------------
2017-05-03 09:16:24,722 INFO: EPOCH 85 (83.09 seconds):
2017-05-03 09:16:24,725 INFO: 	Average L2 norm of relation vector: 0.12551
2017-05-03 09:16:24,726 INFO: 	COST >> 0.138 +/- 0.006, % updates Left: 5.27%  Right: 4.62%
2017-05-03 09:17:36,464 INFO: ----------------------------------------------------------------------------
2017-05-03 09:17:36,465 INFO: EPOCH 86 (71.739 seconds):
2017-05-03 09:17:36,467 INFO: 	Average L2 norm of relation vector: 0.12554
2017-05-03 09:17:36,468 INFO: 	COST >> 0.137 +/- 0.006, % updates Left: 5.17%  Right: 4.62%
2017-05-03 09:18:52,799 INFO: ----------------------------------------------------------------------------
2017-05-03 09:18:52,800 INFO: EPOCH 87 (76.331 seconds):
2017-05-03 09:18:52,802 INFO: 	Average L2 norm of relation vector: 0.12558
2017-05-03 09:18:52,803 INFO: 	COST >> 0.136 +/- 0.006, % updates Left: 5.2%  Right: 4.55%
2017-05-03 09:20:12,488 INFO: ----------------------------------------------------------------------------
2017-05-03 09:20:12,489 INFO: EPOCH 88 (79.685 seconds):
2017-05-03 09:20:12,492 INFO: 	Average L2 norm of relation vector: 0.1256
2017-05-03 09:20:12,494 INFO: 	COST >> 0.135 +/- 0.005, % updates Left: 5.12%  Right: 4.63%
2017-05-03 09:21:45,809 INFO: ----------------------------------------------------------------------------
2017-05-03 09:21:45,810 INFO: EPOCH 89 (93.316 seconds):
2017-05-03 09:21:45,813 INFO: 	Average L2 norm of relation vector: 0.12563
2017-05-03 09:21:45,814 INFO: 	COST >> 0.136 +/- 0.005, % updates Left: 5.2%  Right: 4.57%
2017-05-03 09:23:15,480 INFO: ----------------------------------------------------------------------------
2017-05-03 09:23:15,481 INFO: EPOCH 90 (89.667 seconds):
2017-05-03 09:23:15,483 INFO: 	Average L2 norm of relation vector: 0.12564
2017-05-03 09:23:15,484 INFO: 	COST >> 0.135 +/- 0.005, % updates Left: 5.12%  Right: 4.5%
2017-05-03 09:23:15,484 INFO: 	FilteredRanking: evaluating rank on 1000 triples
2017-05-03 09:25:19,406 INFO: 	FilteredRanking: evaluating rank on 1000 triples
2017-05-03 09:27:40,354 INFO: 	MEAN RANK >> valid: 103.9, train: 63.2
2017-05-03 09:27:40,357 INFO: 		MEAN RANK TRAIN: Left: 69.0 Rel: 0.0 Right: 57.4
2017-05-03 09:27:40,359 INFO: 		MEAN RANK VALID: Left: 120.5 Rel: 0.0 Right: 87.3
2017-05-03 09:27:40,359 INFO: 		MEAN RECIPROCAL RANK VALID (L & R): 0.192
2017-05-03 09:27:40,360 WARNING: 	WARNING, failed to improve MRR on valid, 2 chances left

2017-05-03 09:27:40,492 INFO: 	(ranking took 265.007 seconds)
2017-05-03 09:28:58,422 INFO: ----------------------------------------------------------------------------
2017-05-03 09:28:58,422 INFO: EPOCH 91 (77.929 seconds):
2017-05-03 09:28:58,425 INFO: 	Average L2 norm of relation vector: 0.12567
2017-05-03 09:28:58,426 INFO: 	COST >> 0.135 +/- 0.005, % updates Left: 5.11%  Right: 4.54%
2017-05-03 09:30:29,072 INFO: ----------------------------------------------------------------------------
2017-05-03 09:30:29,073 INFO: EPOCH 92 (90.647 seconds):
2017-05-03 09:30:29,079 INFO: 	Average L2 norm of relation vector: 0.12568
2017-05-03 09:30:29,081 INFO: 	COST >> 0.136 +/- 0.006, % updates Left: 5.17%  Right: 4.52%
2017-05-03 09:32:15,015 INFO: ----------------------------------------------------------------------------
2017-05-03 09:32:15,016 INFO: EPOCH 93 (105.935 seconds):
2017-05-03 09:32:15,023 INFO: 	Average L2 norm of relation vector: 0.1257
2017-05-03 09:32:15,026 INFO: 	COST >> 0.134 +/- 0.005, % updates Left: 5.1%  Right: 4.51%
2017-05-03 09:34:27,781 INFO: ----------------------------------------------------------------------------
2017-05-03 09:34:27,782 INFO: EPOCH 94 (132.755 seconds):
2017-05-03 09:34:27,786 INFO: 	Average L2 norm of relation vector: 0.12571
2017-05-03 09:34:27,787 INFO: 	COST >> 0.135 +/- 0.005, % updates Left: 5.07%  Right: 4.55%
2017-05-03 09:36:22,729 INFO: ----------------------------------------------------------------------------
2017-05-03 09:36:22,731 INFO: EPOCH 95 (114.943 seconds):
2017-05-03 09:36:22,736 INFO: 	Average L2 norm of relation vector: 0.12571
2017-05-03 09:36:22,738 INFO: 	COST >> 0.133 +/- 0.005, % updates Left: 5.03%  Right: 4.47%
2017-05-03 09:37:47,399 INFO: ----------------------------------------------------------------------------
2017-05-03 09:37:47,400 INFO: EPOCH 96 (84.661 seconds):
2017-05-03 09:37:47,406 INFO: 	Average L2 norm of relation vector: 0.12574
2017-05-03 09:37:47,408 INFO: 	COST >> 0.134 +/- 0.005, % updates Left: 5.13%  Right: 4.46%
2017-05-03 09:39:35,018 INFO: ----------------------------------------------------------------------------
2017-05-03 09:39:35,019 INFO: EPOCH 97 (107.61 seconds):
2017-05-03 09:39:35,022 INFO: 	Average L2 norm of relation vector: 0.12577
2017-05-03 09:39:35,023 INFO: 	COST >> 0.133 +/- 0.006, % updates Left: 5.11%  Right: 4.46%
2017-05-03 09:40:58,686 INFO: ----------------------------------------------------------------------------
2017-05-03 09:40:58,687 INFO: EPOCH 98 (83.663 seconds):
2017-05-03 09:40:58,689 INFO: 	Average L2 norm of relation vector: 0.12578
2017-05-03 09:40:58,690 INFO: 	COST >> 0.133 +/- 0.005, % updates Left: 5.06%  Right: 4.42%
2017-05-03 09:42:03,953 INFO: ----------------------------------------------------------------------------
2017-05-03 09:42:03,954 INFO: EPOCH 99 (65.264 seconds):
2017-05-03 09:42:03,956 INFO: 	Average L2 norm of relation vector: 0.12578
2017-05-03 09:42:03,957 INFO: 	COST >> 0.132 +/- 0.005, % updates Left: 5.03%  Right: 4.41%
2017-05-03 09:43:08,999 INFO: ----------------------------------------------------------------------------
2017-05-03 09:43:09,000 INFO: EPOCH 100 (65.043 seconds):
2017-05-03 09:43:09,003 INFO: 	Average L2 norm of relation vector: 0.12578
2017-05-03 09:43:09,004 INFO: 	COST >> 0.133 +/- 0.005, % updates Left: 5.04%  Right: 4.44%
2017-05-03 09:43:09,004 INFO: 	FilteredRanking: evaluating rank on 1000 triples
2017-05-03 09:45:35,106 INFO: 	FilteredRanking: evaluating rank on 1000 triples
2017-05-03 09:47:58,290 INFO: 	MEAN RANK >> valid: 111.0, train: 52.6
2017-05-03 09:47:58,293 INFO: 		MEAN RANK TRAIN: Left: 55.5 Rel: 0.0 Right: 49.6
2017-05-03 09:47:58,295 INFO: 		MEAN RANK VALID: Left: 130.2 Rel: 0.0 Right: 91.8
2017-05-03 09:47:58,295 INFO: 		MEAN RECIPROCAL RANK VALID (L & R): 0.202
2017-05-03 09:47:58,296 INFO: 	FilteredRanking: evaluating rank on 1000 triples
2017-05-03 09:50:20,293 INFO: 	NEW BEST TEST MR: 96.9
2017-05-03 09:50:20,296 INFO: 		Left MR: 103.3 Rel MR: 0.0 Right MR: 90.5
2017-05-03 09:50:20,450 INFO: 	(ranking took 431.445 seconds)
2017-05-03 09:52:12,143 INFO: ----------------------------------------------------------------------------
2017-05-03 09:52:12,144 INFO: EPOCH 101 (111.694 seconds):
2017-05-03 09:52:12,147 INFO: 	Average L2 norm of relation vector: 0.12577
2017-05-03 09:52:12,148 INFO: 	COST >> 0.131 +/- 0.005, % updates Left: 4.93%  Right: 4.42%
2017-05-03 09:54:10,760 INFO: ----------------------------------------------------------------------------
2017-05-03 09:54:10,761 INFO: EPOCH 102 (118.612 seconds):
2017-05-03 09:54:10,765 INFO: 	Average L2 norm of relation vector: 0.12578
2017-05-03 09:54:10,766 INFO: 	COST >> 0.132 +/- 0.005, % updates Left: 5.01%  Right: 4.41%
2017-05-03 09:55:35,480 INFO: ----------------------------------------------------------------------------
2017-05-03 09:55:35,482 INFO: EPOCH 103 (84.715 seconds):
2017-05-03 09:55:35,485 INFO: 	Average L2 norm of relation vector: 0.12577
2017-05-03 09:55:35,486 INFO: 	COST >> 0.131 +/- 0.006, % updates Left: 4.98%  Right: 4.41%
2017-05-03 09:56:43,332 INFO: ----------------------------------------------------------------------------
2017-05-03 09:56:43,333 INFO: EPOCH 104 (67.847 seconds):
2017-05-03 09:56:43,336 INFO: 	Average L2 norm of relation vector: 0.1258
2017-05-03 09:56:43,337 INFO: 	COST >> 0.131 +/- 0.005, % updates Left: 5.02%  Right: 4.43%
2017-05-03 09:58:03,238 INFO: ----------------------------------------------------------------------------
2017-05-03 09:58:03,239 INFO: EPOCH 105 (79.902 seconds):
2017-05-03 09:58:03,243 INFO: 	Average L2 norm of relation vector: 0.12581
2017-05-03 09:58:03,244 INFO: 	COST >> 0.132 +/- 0.006, % updates Left: 5.0%  Right: 4.42%
2017-05-03 09:59:23,087 INFO: ----------------------------------------------------------------------------
2017-05-03 09:59:23,087 INFO: EPOCH 106 (79.842 seconds):
2017-05-03 09:59:23,090 INFO: 	Average L2 norm of relation vector: 0.1258
2017-05-03 09:59:23,091 INFO: 	COST >> 0.13 +/- 0.005, % updates Left: 4.95%  Right: 4.4%
2017-05-03 10:00:58,870 INFO: ----------------------------------------------------------------------------
2017-05-03 10:00:58,870 INFO: EPOCH 107 (95.779 seconds):
2017-05-03 10:00:58,874 INFO: 	Average L2 norm of relation vector: 0.1258
2017-05-03 10:00:58,875 INFO: 	COST >> 0.131 +/- 0.004, % updates Left: 4.98%  Right: 4.39%
2017-05-03 10:02:29,139 INFO: ----------------------------------------------------------------------------
2017-05-03 10:02:29,139 INFO: EPOCH 108 (90.264 seconds):
2017-05-03 10:02:29,142 INFO: 	Average L2 norm of relation vector: 0.12578
2017-05-03 10:02:29,144 INFO: 	COST >> 0.13 +/- 0.006, % updates Left: 4.91%  Right: 4.34%
2017-05-03 10:04:20,491 INFO: ----------------------------------------------------------------------------
2017-05-03 10:04:20,492 INFO: EPOCH 109 (111.348 seconds):
2017-05-03 10:04:20,496 INFO: 	Average L2 norm of relation vector: 0.12576
2017-05-03 10:04:20,497 INFO: 	COST >> 0.13 +/- 0.006, % updates Left: 4.93%  Right: 4.33%
2017-05-03 10:05:39,418 INFO: ----------------------------------------------------------------------------
2017-05-03 10:05:39,419 INFO: EPOCH 110 (78.921 seconds):
2017-05-03 10:05:39,422 INFO: 	Average L2 norm of relation vector: 0.12573
2017-05-03 10:05:39,423 INFO: 	COST >> 0.13 +/- 0.005, % updates Left: 4.91%  Right: 4.34%
2017-05-03 10:05:39,424 INFO: 	FilteredRanking: evaluating rank on 1000 triples
2017-05-03 10:08:02,140 INFO: 	FilteredRanking: evaluating rank on 1000 triples
2017-05-03 10:10:53,458 INFO: 	MEAN RANK >> valid: 96.2, train: 53.1
2017-05-03 10:10:53,460 INFO: 		MEAN RANK TRAIN: Left: 58.3 Rel: 0.0 Right: 47.8
2017-05-03 10:10:53,461 INFO: 		MEAN RANK VALID: Left: 117.3 Rel: 0.0 Right: 75.1
2017-05-03 10:10:53,461 INFO: 		MEAN RECIPROCAL RANK VALID (L & R): 0.2075
2017-05-03 10:10:53,462 INFO: 	FilteredRanking: evaluating rank on 1000 triples
2017-05-03 10:13:50,652 INFO: 	NEW BEST TEST MR: 93.1
2017-05-03 10:13:50,654 INFO: 		Left MR: 104.2 Rel MR: 0.0 Right MR: 82.0
2017-05-03 10:13:50,775 INFO: 	(ranking took 491.352 seconds)
2017-05-03 10:15:43,193 INFO: ----------------------------------------------------------------------------
2017-05-03 10:15:43,194 INFO: EPOCH 111 (112.418 seconds):
2017-05-03 10:15:43,197 INFO: 	Average L2 norm of relation vector: 0.12571
2017-05-03 10:15:43,198 INFO: 	COST >> 0.129 +/- 0.005, % updates Left: 4.91%  Right: 4.32%
2017-05-03 10:17:13,130 INFO: ----------------------------------------------------------------------------
2017-05-03 10:17:13,131 INFO: EPOCH 112 (89.932 seconds):
2017-05-03 10:17:13,134 INFO: 	Average L2 norm of relation vector: 0.1257
2017-05-03 10:17:13,136 INFO: 	COST >> 0.13 +/- 0.006, % updates Left: 4.93%  Right: 4.33%
2017-05-03 10:18:50,151 INFO: ----------------------------------------------------------------------------
2017-05-03 10:18:50,152 INFO: EPOCH 113 (97.016 seconds):
2017-05-03 10:18:50,155 INFO: 	Average L2 norm of relation vector: 0.12569
2017-05-03 10:18:50,156 INFO: 	COST >> 0.128 +/- 0.005, % updates Left: 4.89%  Right: 4.27%
2017-05-03 10:20:15,598 INFO: ----------------------------------------------------------------------------
2017-05-03 10:20:15,600 INFO: EPOCH 114 (85.443 seconds):
2017-05-03 10:20:15,603 INFO: 	Average L2 norm of relation vector: 0.12568
2017-05-03 10:20:15,604 INFO: 	COST >> 0.129 +/- 0.005, % updates Left: 4.88%  Right: 4.36%
2017-05-03 10:21:40,832 INFO: ----------------------------------------------------------------------------
2017-05-03 10:21:40,832 INFO: EPOCH 115 (85.228 seconds):
2017-05-03 10:21:40,836 INFO: 	Average L2 norm of relation vector: 0.12567
2017-05-03 10:21:40,837 INFO: 	COST >> 0.129 +/- 0.005, % updates Left: 4.92%  Right: 4.28%
2017-05-03 10:22:59,085 INFO: ----------------------------------------------------------------------------
2017-05-03 10:22:59,086 INFO: EPOCH 116 (78.249 seconds):
2017-05-03 10:22:59,089 INFO: 	Average L2 norm of relation vector: 0.12565
2017-05-03 10:22:59,091 INFO: 	COST >> 0.128 +/- 0.005, % updates Left: 4.85%  Right: 4.27%
2017-05-03 10:24:32,052 INFO: ----------------------------------------------------------------------------
2017-05-03 10:24:32,083 INFO: EPOCH 117 (92.991 seconds):
2017-05-03 10:24:32,086 INFO: 	Average L2 norm of relation vector: 0.12563
2017-05-03 10:24:32,087 INFO: 	COST >> 0.129 +/- 0.005, % updates Left: 4.9%  Right: 4.33%
2017-05-03 10:26:06,510 INFO: ----------------------------------------------------------------------------
2017-05-03 10:26:06,511 INFO: EPOCH 118 (94.424 seconds):
2017-05-03 10:26:06,514 INFO: 	Average L2 norm of relation vector: 0.12562
2017-05-03 10:26:06,515 INFO: 	COST >> 0.128 +/- 0.005, % updates Left: 4.83%  Right: 4.29%
2017-05-03 10:27:32,021 INFO: ----------------------------------------------------------------------------
2017-05-03 10:27:32,022 INFO: EPOCH 119 (85.507 seconds):
2017-05-03 10:27:32,025 INFO: 	Average L2 norm of relation vector: 0.12562
2017-05-03 10:27:32,026 INFO: 	COST >> 0.127 +/- 0.005, % updates Left: 4.86%  Right: 4.25%
2017-05-03 10:29:19,870 INFO: ----------------------------------------------------------------------------
2017-05-03 10:29:19,871 INFO: EPOCH 120 (107.845 seconds):
2017-05-03 10:29:19,875 INFO: 	Average L2 norm of relation vector: 0.12561
2017-05-03 10:29:19,877 INFO: 	COST >> 0.127 +/- 0.005, % updates Left: 4.84%  Right: 4.28%
2017-05-03 10:29:19,877 INFO: 	FilteredRanking: evaluating rank on 1000 triples
2017-05-03 10:31:47,562 INFO: 	FilteredRanking: evaluating rank on 1000 triples
2017-05-03 10:34:07,796 INFO: 	MEAN RANK >> valid: 103.1, train: 47.7
2017-05-03 10:34:07,798 INFO: 		MEAN RANK TRAIN: Left: 49.7 Rel: 0.0 Right: 45.7
2017-05-03 10:34:07,799 INFO: 		MEAN RANK VALID: Left: 121.7 Rel: 0.0 Right: 84.5
2017-05-03 10:34:07,799 INFO: 		MEAN RECIPROCAL RANK VALID (L & R): 0.22
2017-05-03 10:34:07,799 INFO: 	FilteredRanking: evaluating rank on 1000 triples
2017-05-03 10:36:21,238 INFO: 	NEW BEST TEST MR: 84.6
2017-05-03 10:36:21,239 INFO: 		Left MR: 93.7 Rel MR: 0.0 Right MR: 75.4
2017-05-03 10:36:21,331 INFO: 	(ranking took 421.453 seconds)
2017-05-03 10:37:42,306 INFO: ----------------------------------------------------------------------------
2017-05-03 10:37:42,307 INFO: EPOCH 121 (80.976 seconds):
2017-05-03 10:37:42,310 INFO: 	Average L2 norm of relation vector: 0.12558
2017-05-03 10:37:42,311 INFO: 	COST >> 0.127 +/- 0.005, % updates Left: 4.8%  Right: 4.22%
2017-05-03 10:38:58,395 INFO: ----------------------------------------------------------------------------
2017-05-03 10:38:58,438 INFO: EPOCH 122 (76.126 seconds):
2017-05-03 10:38:58,440 INFO: 	Average L2 norm of relation vector: 0.12556
2017-05-03 10:38:58,441 INFO: 	COST >> 0.127 +/- 0.005, % updates Left: 4.8%  Right: 4.27%
2017-05-03 10:40:35,152 INFO: ----------------------------------------------------------------------------
2017-05-03 10:40:35,152 INFO: EPOCH 123 (96.711 seconds):
2017-05-03 10:40:35,155 INFO: 	Average L2 norm of relation vector: 0.12555
2017-05-03 10:40:35,156 INFO: 	COST >> 0.126 +/- 0.005, % updates Left: 4.84%  Right: 4.21%
2017-05-03 10:42:30,487 INFO: ----------------------------------------------------------------------------
2017-05-03 10:42:30,488 INFO: EPOCH 124 (115.331 seconds):
2017-05-03 10:42:30,492 INFO: 	Average L2 norm of relation vector: 0.12552
2017-05-03 10:42:30,494 INFO: 	COST >> 0.126 +/- 0.004, % updates Left: 4.82%  Right: 4.22%
2017-05-03 10:44:10,517 INFO: ----------------------------------------------------------------------------
2017-05-03 10:44:10,518 INFO: EPOCH 125 (100.024 seconds):
2017-05-03 10:44:10,520 INFO: 	Average L2 norm of relation vector: 0.12552
2017-05-03 10:44:10,522 INFO: 	COST >> 0.127 +/- 0.005, % updates Left: 4.85%  Right: 4.3%
2017-05-03 10:45:29,977 INFO: ----------------------------------------------------------------------------
2017-05-03 10:45:29,978 INFO: EPOCH 126 (79.456 seconds):
2017-05-03 10:45:29,981 INFO: 	Average L2 norm of relation vector: 0.12549
2017-05-03 10:45:29,982 INFO: 	COST >> 0.126 +/- 0.005, % updates Left: 4.79%  Right: 4.23%
2017-05-03 10:47:02,581 INFO: ----------------------------------------------------------------------------
2017-05-03 10:47:02,582 INFO: EPOCH 127 (92.599 seconds):
2017-05-03 10:47:02,584 INFO: 	Average L2 norm of relation vector: 0.12548
2017-05-03 10:47:02,586 INFO: 	COST >> 0.125 +/- 0.006, % updates Left: 4.78%  Right: 4.17%
2017-05-03 10:48:47,480 INFO: ----------------------------------------------------------------------------
2017-05-03 10:48:47,481 INFO: EPOCH 128 (104.895 seconds):
2017-05-03 10:48:47,484 INFO: 	Average L2 norm of relation vector: 0.12546
2017-05-03 10:48:47,486 INFO: 	COST >> 0.126 +/- 0.006, % updates Left: 4.81%  Right: 4.2%
2017-05-03 10:50:08,687 INFO: ----------------------------------------------------------------------------
2017-05-03 10:50:08,688 INFO: EPOCH 129 (81.202 seconds):
2017-05-03 10:50:08,690 INFO: 	Average L2 norm of relation vector: 0.12543
2017-05-03 10:50:08,691 INFO: 	COST >> 0.126 +/- 0.005, % updates Left: 4.78%  Right: 4.17%
2017-05-03 10:51:33,721 INFO: ----------------------------------------------------------------------------
2017-05-03 10:51:33,722 INFO: EPOCH 130 (85.031 seconds):
2017-05-03 10:51:33,724 INFO: 	Average L2 norm of relation vector: 0.1254
2017-05-03 10:51:33,725 INFO: 	COST >> 0.126 +/- 0.005, % updates Left: 4.74%  Right: 4.21%
2017-05-03 10:51:33,725 INFO: 	FilteredRanking: evaluating rank on 1000 triples
2017-05-03 10:53:26,097 INFO: 	FilteredRanking: evaluating rank on 1000 triples
2017-05-03 10:55:26,656 INFO: 	MEAN RANK >> valid: 97.7, train: 48.3
2017-05-03 10:55:26,657 INFO: 		MEAN RANK TRAIN: Left: 50.9 Rel: 0.0 Right: 45.6
2017-05-03 10:55:26,658 INFO: 		MEAN RANK VALID: Left: 116.9 Rel: 0.0 Right: 78.4
2017-05-03 10:55:26,658 INFO: 		MEAN RECIPROCAL RANK VALID (L & R): 0.2175
2017-05-03 10:55:26,658 WARNING: 	WARNING, failed to improve MRR on valid, 2 chances left

2017-05-03 10:55:26,742 INFO: 	(ranking took 233.016 seconds)
2017-05-03 10:56:43,175 INFO: ----------------------------------------------------------------------------
2017-05-03 10:56:43,176 INFO: EPOCH 131 (76.434 seconds):
2017-05-03 10:56:43,179 INFO: 	Average L2 norm of relation vector: 0.12539
2017-05-03 10:56:43,180 INFO: 	COST >> 0.125 +/- 0.005, % updates Left: 4.78%  Right: 4.17%
2017-05-03 10:58:13,778 INFO: ----------------------------------------------------------------------------
2017-05-03 10:58:13,779 INFO: EPOCH 132 (90.598 seconds):
2017-05-03 10:58:13,782 INFO: 	Average L2 norm of relation vector: 0.12535
2017-05-03 10:58:13,783 INFO: 	COST >> 0.124 +/- 0.005, % updates Left: 4.72%  Right: 4.13%
2017-05-03 10:59:41,870 INFO: ----------------------------------------------------------------------------
2017-05-03 10:59:41,899 INFO: EPOCH 133 (88.115 seconds):
2017-05-03 10:59:41,902 INFO: 	Average L2 norm of relation vector: 0.12533
2017-05-03 10:59:41,903 INFO: 	COST >> 0.123 +/- 0.005, % updates Left: 4.71%  Right: 4.12%
2017-05-03 11:01:11,964 INFO: ----------------------------------------------------------------------------
2017-05-03 11:01:11,965 INFO: EPOCH 134 (90.061 seconds):
2017-05-03 11:01:11,968 INFO: 	Average L2 norm of relation vector: 0.12531
2017-05-03 11:01:11,969 INFO: 	COST >> 0.125 +/- 0.005, % updates Left: 4.72%  Right: 4.23%
2017-05-03 11:02:48,576 INFO: ----------------------------------------------------------------------------
2017-05-03 11:02:48,577 INFO: EPOCH 135 (96.607 seconds):
2017-05-03 11:02:48,580 INFO: 	Average L2 norm of relation vector: 0.12527
2017-05-03 11:02:48,582 INFO: 	COST >> 0.124 +/- 0.005, % updates Left: 4.72%  Right: 4.13%
2017-05-03 11:04:26,860 INFO: ----------------------------------------------------------------------------
2017-05-03 11:04:26,860 INFO: EPOCH 136 (98.279 seconds):
2017-05-03 11:04:26,864 INFO: 	Average L2 norm of relation vector: 0.12525
2017-05-03 11:04:26,866 INFO: 	COST >> 0.124 +/- 0.005, % updates Left: 4.73%  Right: 4.15%
2017-05-03 11:06:04,136 INFO: ----------------------------------------------------------------------------
2017-05-03 11:06:04,137 INFO: EPOCH 137 (97.271 seconds):
2017-05-03 11:06:04,139 INFO: 	Average L2 norm of relation vector: 0.12522
2017-05-03 11:06:04,140 INFO: 	COST >> 0.124 +/- 0.005, % updates Left: 4.71%  Right: 4.21%
2017-05-03 11:07:23,051 INFO: ----------------------------------------------------------------------------
2017-05-03 11:07:23,051 INFO: EPOCH 138 (78.911 seconds):
2017-05-03 11:07:23,055 INFO: 	Average L2 norm of relation vector: 0.12519
2017-05-03 11:07:23,056 INFO: 	COST >> 0.124 +/- 0.005, % updates Left: 4.71%  Right: 4.14%
2017-05-03 11:08:37,608 INFO: ----------------------------------------------------------------------------
2017-05-03 11:08:37,609 INFO: EPOCH 139 (74.552 seconds):
2017-05-03 11:08:37,611 INFO: 	Average L2 norm of relation vector: 0.12515
2017-05-03 11:08:37,612 INFO: 	COST >> 0.123 +/- 0.005, % updates Left: 4.67%  Right: 4.16%
2017-05-03 11:10:19,152 INFO: ----------------------------------------------------------------------------
2017-05-03 11:10:19,153 INFO: EPOCH 140 (101.54 seconds):
2017-05-03 11:10:19,156 INFO: 	Average L2 norm of relation vector: 0.12514
2017-05-03 11:10:19,157 INFO: 	COST >> 0.124 +/- 0.005, % updates Left: 4.74%  Right: 4.15%
2017-05-03 11:10:19,158 INFO: 	FilteredRanking: evaluating rank on 1000 triples
2017-05-03 11:12:54,517 INFO: 	FilteredRanking: evaluating rank on 1000 triples
2017-05-03 11:14:49,221 INFO: 	MEAN RANK >> valid: 92.0, train: 46.0
2017-05-03 11:14:49,222 INFO: 		MEAN RANK TRAIN: Left: 52.0 Rel: 0.0 Right: 40.0
2017-05-03 11:14:49,223 INFO: 		MEAN RANK VALID: Left: 112.4 Rel: 0.0 Right: 71.6
2017-05-03 11:14:49,223 INFO: 		MEAN RECIPROCAL RANK VALID (L & R): 0.2145
2017-05-03 11:14:49,223 WARNING: 	WARNING, failed to improve MRR on valid, 1 chances left

2017-05-03 11:14:49,308 INFO: 	(ranking took 270.151 seconds)
2017-05-03 11:16:09,894 INFO: ----------------------------------------------------------------------------
2017-05-03 11:16:09,895 INFO: EPOCH 141 (80.586 seconds):
2017-05-03 11:16:09,899 INFO: 	Average L2 norm of relation vector: 0.12512
2017-05-03 11:16:09,900 INFO: 	COST >> 0.123 +/- 0.005, % updates Left: 4.71%  Right: 4.14%
2017-05-03 11:17:36,656 INFO: ----------------------------------------------------------------------------
2017-05-03 11:17:36,657 INFO: EPOCH 142 (86.757 seconds):
2017-05-03 11:17:36,660 INFO: 	Average L2 norm of relation vector: 0.1251
2017-05-03 11:17:36,661 INFO: 	COST >> 0.123 +/- 0.004, % updates Left: 4.71%  Right: 4.15%
2017-05-03 11:19:05,517 INFO: ----------------------------------------------------------------------------
2017-05-03 11:19:05,517 INFO: EPOCH 143 (88.856 seconds):
2017-05-03 11:19:05,521 INFO: 	Average L2 norm of relation vector: 0.12508
2017-05-03 11:19:05,522 INFO: 	COST >> 0.122 +/- 0.005, % updates Left: 4.7%  Right: 4.14%
2017-05-03 11:20:29,448 INFO: ----------------------------------------------------------------------------
2017-05-03 11:20:29,449 INFO: EPOCH 144 (83.927 seconds):
2017-05-03 11:20:29,452 INFO: 	Average L2 norm of relation vector: 0.12507
2017-05-03 11:20:29,453 INFO: 	COST >> 0.123 +/- 0.005, % updates Left: 4.72%  Right: 4.13%
2017-05-03 11:21:50,296 INFO: ----------------------------------------------------------------------------
2017-05-03 11:21:50,298 INFO: EPOCH 145 (80.844 seconds):
2017-05-03 11:21:50,302 INFO: 	Average L2 norm of relation vector: 0.12505
2017-05-03 11:21:50,304 INFO: 	COST >> 0.122 +/- 0.005, % updates Left: 4.7%  Right: 4.1%
2017-05-03 11:23:06,987 INFO: ----------------------------------------------------------------------------
2017-05-03 11:23:06,987 INFO: EPOCH 146 (76.683 seconds):
2017-05-03 11:23:06,990 INFO: 	Average L2 norm of relation vector: 0.12501
2017-05-03 11:23:06,991 INFO: 	COST >> 0.122 +/- 0.005, % updates Left: 4.61%  Right: 4.11%
2017-05-03 11:24:45,074 INFO: ----------------------------------------------------------------------------
2017-05-03 11:24:45,075 INFO: EPOCH 147 (98.084 seconds):
2017-05-03 11:24:45,079 INFO: 	Average L2 norm of relation vector: 0.12498
2017-05-03 11:24:45,080 INFO: 	COST >> 0.122 +/- 0.005, % updates Left: 4.64%  Right: 4.13%
2017-05-03 11:26:15,464 INFO: ----------------------------------------------------------------------------
2017-05-03 11:26:15,465 INFO: EPOCH 148 (90.385 seconds):
2017-05-03 11:26:15,468 INFO: 	Average L2 norm of relation vector: 0.12495
2017-05-03 11:26:15,469 INFO: 	COST >> 0.122 +/- 0.005, % updates Left: 4.64%  Right: 4.12%
2017-05-03 11:27:46,824 INFO: ----------------------------------------------------------------------------
2017-05-03 11:27:46,825 INFO: EPOCH 149 (91.355 seconds):
2017-05-03 11:27:46,828 INFO: 	Average L2 norm of relation vector: 0.12491
2017-05-03 11:27:46,829 INFO: 	COST >> 0.12 +/- 0.004, % updates Left: 4.61%  Right: 4.01%
2017-05-03 11:29:14,778 INFO: ----------------------------------------------------------------------------
2017-05-03 11:29:14,779 INFO: EPOCH 150 (87.95 seconds):
2017-05-03 11:29:14,782 INFO: 	Average L2 norm of relation vector: 0.12489
2017-05-03 11:29:14,783 INFO: 	COST >> 0.121 +/- 0.006, % updates Left: 4.64%  Right: 4.07%
2017-05-03 11:29:14,783 INFO: 	FilteredRanking: evaluating rank on 1000 triples
2017-05-03 11:31:24,474 INFO: 	FilteredRanking: evaluating rank on 1000 triples
2017-05-03 11:33:37,221 INFO: 	MEAN RANK >> valid: 87.6, train: 45.4
2017-05-03 11:33:37,223 INFO: 		MEAN RANK TRAIN: Left: 46.9 Rel: 0.0 Right: 43.9
2017-05-03 11:33:37,224 INFO: 		MEAN RANK VALID: Left: 104.5 Rel: 0.0 Right: 70.7
2017-05-03 11:33:37,224 INFO: 		MEAN RECIPROCAL RANK VALID (L & R): 0.22
2017-05-03 11:33:37,224 WARNING: 	WARNING, failed to improve MRR on valid, 0 chances left

2017-05-03 11:33:37,323 INFO: 	(ranking took 262.539 seconds)
2017-05-03 11:35:07,579 INFO: ----------------------------------------------------------------------------
2017-05-03 11:35:07,580 INFO: EPOCH 151 (90.257 seconds):
2017-05-03 11:35:07,583 INFO: 	Average L2 norm of relation vector: 0.12486
2017-05-03 11:35:07,584 INFO: 	COST >> 0.121 +/- 0.005, % updates Left: 4.64%  Right: 4.08%
2017-05-03 11:36:38,645 INFO: ----------------------------------------------------------------------------
2017-05-03 11:36:38,646 INFO: EPOCH 152 (91.061 seconds):
2017-05-03 11:36:38,648 INFO: 	Average L2 norm of relation vector: 0.12482
2017-05-03 11:36:38,649 INFO: 	COST >> 0.12 +/- 0.005, % updates Left: 4.6%  Right: 4.06%
2017-05-03 11:37:49,536 INFO: ----------------------------------------------------------------------------
2017-05-03 11:37:49,537 INFO: EPOCH 153 (70.887 seconds):
2017-05-03 11:37:49,540 INFO: 	Average L2 norm of relation vector: 0.12478
2017-05-03 11:37:49,541 INFO: 	COST >> 0.121 +/- 0.005, % updates Left: 4.63%  Right: 4.07%
2017-05-03 11:38:54,662 INFO: ----------------------------------------------------------------------------
2017-05-03 11:38:54,663 INFO: EPOCH 154 (65.122 seconds):
2017-05-03 11:38:54,665 INFO: 	Average L2 norm of relation vector: 0.12475
2017-05-03 11:38:54,666 INFO: 	COST >> 0.121 +/- 0.005, % updates Left: 4.64%  Right: 4.08%
2017-05-03 11:40:09,661 INFO: ----------------------------------------------------------------------------
2017-05-03 11:40:09,662 INFO: EPOCH 155 (74.995 seconds):
2017-05-03 11:40:09,664 INFO: 	Average L2 norm of relation vector: 0.12473
2017-05-03 11:40:09,665 INFO: 	COST >> 0.121 +/- 0.005, % updates Left: 4.61%  Right: 4.13%
2017-05-03 11:42:05,700 INFO: ----------------------------------------------------------------------------
2017-05-03 11:42:05,700 INFO: EPOCH 156 (116.035 seconds):
2017-05-03 11:42:05,703 INFO: 	Average L2 norm of relation vector: 0.1247
2017-05-03 11:42:05,704 INFO: 	COST >> 0.12 +/- 0.004, % updates Left: 4.56%  Right: 4.07%
2017-05-03 11:43:51,721 INFO: ----------------------------------------------------------------------------
2017-05-03 11:43:51,723 INFO: EPOCH 157 (106.018 seconds):
2017-05-03 11:43:51,730 INFO: 	Average L2 norm of relation vector: 0.12468
2017-05-03 11:43:51,733 INFO: 	COST >> 0.12 +/- 0.005, % updates Left: 4.58%  Right: 4.08%
2017-05-03 11:45:22,669 INFO: ----------------------------------------------------------------------------
2017-05-03 11:45:22,670 INFO: EPOCH 158 (90.936 seconds):
2017-05-03 11:45:22,673 INFO: 	Average L2 norm of relation vector: 0.12465
2017-05-03 11:45:22,674 INFO: 	COST >> 0.119 +/- 0.005, % updates Left: 4.57%  Right: 3.99%
2017-05-03 11:46:36,406 INFO: ----------------------------------------------------------------------------
2017-05-03 11:46:36,407 INFO: EPOCH 159 (73.732 seconds):
2017-05-03 11:46:36,411 INFO: 	Average L2 norm of relation vector: 0.12462
2017-05-03 11:46:36,412 INFO: 	COST >> 0.12 +/- 0.005, % updates Left: 4.58%  Right: 4.06%
2017-05-03 11:47:54,844 INFO: ----------------------------------------------------------------------------
2017-05-03 11:47:54,845 INFO: EPOCH 160 (78.432 seconds):
2017-05-03 11:47:54,847 INFO: 	Average L2 norm of relation vector: 0.12458
2017-05-03 11:47:54,848 INFO: 	COST >> 0.119 +/- 0.004, % updates Left: 4.55%  Right: 4.03%
2017-05-03 11:47:54,848 INFO: 	FilteredRanking: evaluating rank on 1000 triples
2017-05-03 11:50:46,616 INFO: 	FilteredRanking: evaluating rank on 1000 triples
2017-05-03 11:53:33,253 INFO: 	MEAN RANK >> valid: 83.2, train: 40.4
2017-05-03 11:53:33,254 INFO: 		MEAN RANK TRAIN: Left: 46.5 Rel: 0.0 Right: 34.3
2017-05-03 11:53:33,255 INFO: 		MEAN RANK VALID: Left: 100.0 Rel: 0.0 Right: 66.4
2017-05-03 11:53:33,255 INFO: 		MEAN RECIPROCAL RANK VALID (L & R): 0.2185
2017-05-03 11:53:33,255 WARNING: EARLY STOPPING, failed to improve MRR on valid after 30 epochs
2017-05-03 11:53:33,255 INFO: ----------------------------------------------------------------------------
2017-05-03 11:53:33,255 INFO: ----------------------------------------------------------------------------
2017-05-03 11:53:34,020 INFO: 	Ranking model on all examples from test. Each example ranked against 14951 other entities
2017-05-03 11:53:34,656 INFO: 	Ranking: evaluating rank on 59071 triples
2017-05-03 13:26:54,038 INFO: left_ranks: (59071,), right_ranks: (59071,), rel_ranks: (59071,)
2017-05-03 13:26:54,081 INFO: max left_ranks: 14950, max right_ranks: 14949, max rel_ranks: 0
2017-05-03 13:26:54,854 INFO: MICRO RAW:
2017-05-03 13:26:54,855 INFO: 	Left mean rank: 238.777, MRR: 0.174, median rank: 31.0, hits@10: 33.329%
2017-05-03 13:26:54,855 INFO: 	Right mean rank: 167.771, MRR: 0.229, median rank: 19.0, hits@10: 40.697%
2017-05-03 13:26:54,855 INFO: 	Global mean rank: 203.274, MRR: 0.202, median rank: 24.0, hits@10: 37.013%
2017-05-03 13:26:54,855 INFO: MACRO RAW
2017-05-03 13:26:54,856 INFO: 	Left mean rank: 150.844, MRR: 0.309, median rank: 11.0, hits@10: 51.94%
2017-05-03 13:26:54,856 INFO: 	Right mean rank: 127.982, MRR: 0.356, median rank: 8.0, hits@10: 58.306%
2017-05-03 13:26:54,856 INFO: 	Global mean rank: 139.413, MRR: 0.332, median rank: 10.0, hits@10: 55.123%
2017-05-03 13:26:54,879 INFO: Ranking model on all examples from test. Each example ranked against 14951 other entities which are FILTERED
2017-05-03 13:26:56,860 INFO: 	FilteredRanking: evaluating rank on 59071 triples
2017-05-03 15:21:31,502 INFO: MICRO FILTERED:
2017-05-03 15:21:31,503 INFO: 	Left mean rank: 114.56969, MRR: 0.29024, median rank: 12.0, hits@10: 47.809%
2017-05-03 15:21:31,503 INFO: 	Right mean rank: 88.90796, MRR: 0.32985, median rank: 9.0, hits@10: 52.645%
2017-05-03 15:21:31,503 INFO: 	Global mean rank: 101.73882, MRR: 0.31004, median rank: 10.0, hits@10: 50.227%
2017-05-03 15:21:31,503 INFO: MACRO FILTERED
2017-05-03 15:21:31,503 INFO: 	Left mean rank: 123.24853, MRR: 0.42431, median rank: 5.0, hits@10: 62.048%
2017-05-03 15:21:31,504 INFO: 	Right mean rank: 114.72786, MRR: 0.45623, median rank: 4.0, hits@10: 64.569%
2017-05-03 15:21:31,504 INFO: 	Global mean rank: 118.98819, MRR: 0.44027, median rank: 5.5, hits@10: 63.309%
