2017-04-12 21:26:13,755 INFO: logger initialized for experiment identifier: ModelE_Sum_ndim_100_marg_1.0_lrate_0.01_cost_margincost_pos_high_reg_0.01_REL
2017-04-12 21:26:13,755 INFO: identifier: ModelE_Sum_ndim_100_marg_1.0_lrate_0.01_cost_margincost_pos_high_reg_0.01_REL
2017-04-12 21:26:13,755 INFO: models saved to path: /Users/corbinrosset/Dropbox/Arora/QA-code/src/KBC_Text/outputs/FB15k_ModelE/
2017-04-12 21:26:13,755 INFO: DD{'ndim': 100, 'test_all': 10, 'Nsyn_rel': 1345, 'totepochs': 500, 'bestvalidMRR': -1, 'loadmodel': False, 'lremb': 0.01, 'nvalid': 1000, 'seed': 123, 'marge': 1.0, 'margincostfunction': 'margincost_pos_high', 'simfn': 'Sum', 'savepath': '/Users/corbinrosset/Dropbox/Arora/QA-code/src/KBC_Text/outputs/FB15k_ModelE/ModelE_Sum_ndim_100_marg_1.0_lrate_0.01_cost_margincost_pos_high_reg_0.01_REL', 'dataset': 'FB15k', 'nbatches': 100, 'identifier': 'ModelE_Sum_ndim_100_marg_1.0_lrate_0.01_cost_margincost_pos_high_reg_0.01_REL', 'lrparam': 0.01, 'loademb': False, 'datapath': '/Users/corbinrosset/Dropbox/Arora/QA-code/src/KBC_Text/data/', 'ntrain': 1000, 'Nrel': 1345, 'experiment_type': 'FB15kexp', 'rel': True, 'Nent': 16296, 'logger': <logging.RootLogger object at 0x10bbb0e50>, 'ntest': 1000, 'Nsyn': 14951, 'reg': 0.01, 'op': 'ModelE'}
2017-04-12 21:26:15,979 INFO: loaded FB15k data in: 2.196322 seconds
2017-04-12 21:26:15,981 DEBUG: FB15kexp: load_FB15k_data(): trainl(16296, 483142), trainr(16296, 483142), traino(1345, 483142), trainlidx(1000,)
2017-04-12 21:26:18,460 DEBUG: Training to rank RELATIONS as well!
2017-04-12 21:26:18,461 DEBUG: loaded data and constructed model...
2017-04-12 21:26:18,461 DEBUG: num epochs: 500
2017-04-12 21:26:18,461 DEBUG: num batches per epoch: 100
2017-04-12 21:26:18,461 DEBUG: batchsize: 4831
2017-04-12 21:26:18,461 DEBUG: left and right entity ranking functions will rank a slot against 14951 competitors
2017-04-12 21:26:18,462 INFO: BEGIN TRAINING
2017-04-12 21:26:50,752 INFO: ----------------------------------------------------------------------------
2017-04-12 21:26:50,752 INFO: EPOCH 1 (32.29 seconds):
2017-04-12 21:26:50,766 INFO: 	Average L2 norm of relation vector: 0.04013
2017-04-12 21:26:50,766 INFO: 	COST >> 0.942 +/- 0.643, % updates Left: 53.19% Rel: 24.95% Right: 46.62%
2017-04-12 21:27:24,136 INFO: ----------------------------------------------------------------------------
2017-04-12 21:27:24,137 INFO: EPOCH 2 (33.37 seconds):
2017-04-12 21:27:24,138 INFO: 	Average L2 norm of relation vector: 0.04522
2017-04-12 21:27:24,138 INFO: 	COST >> 0.264 +/- 0.034, % updates Left: 20.92% Rel: 3.2% Right: 17.48%
2017-04-12 21:27:56,550 INFO: ----------------------------------------------------------------------------
2017-04-12 21:27:56,550 INFO: EPOCH 3 (32.412 seconds):
2017-04-12 21:27:56,552 INFO: 	Average L2 norm of relation vector: 0.04796
2017-04-12 21:27:56,552 INFO: 	COST >> 0.189 +/- 0.011, % updates Left: 14.34% Rel: 1.57% Right: 12.46%
2017-04-12 21:28:28,287 INFO: ----------------------------------------------------------------------------
2017-04-12 21:28:28,287 INFO: EPOCH 4 (31.735 seconds):
2017-04-12 21:28:28,288 INFO: 	Average L2 norm of relation vector: 0.04983
2017-04-12 21:28:28,289 INFO: 	COST >> 0.162 +/- 0.007, % updates Left: 11.87% Rel: 1.03% Right: 10.29%
2017-04-12 21:29:00,291 INFO: ----------------------------------------------------------------------------
2017-04-12 21:29:00,291 INFO: EPOCH 5 (32.002 seconds):
2017-04-12 21:29:00,292 INFO: 	Average L2 norm of relation vector: 0.0512
2017-04-12 21:29:00,293 INFO: 	COST >> 0.145 +/- 0.006, % updates Left: 10.36% Rel: 0.75% Right: 9.03%
2017-04-12 21:29:32,205 INFO: ----------------------------------------------------------------------------
2017-04-12 21:29:32,205 INFO: EPOCH 6 (31.912 seconds):
2017-04-12 21:29:32,206 INFO: 	Average L2 norm of relation vector: 0.05226
2017-04-12 21:29:32,206 INFO: 	COST >> 0.136 +/- 0.005, % updates Left: 9.41% Rel: 0.6% Right: 8.27%
2017-04-12 21:30:04,246 INFO: ----------------------------------------------------------------------------
2017-04-12 21:30:04,246 INFO: EPOCH 7 (32.039 seconds):
2017-04-12 21:30:04,247 INFO: 	Average L2 norm of relation vector: 0.0531
2017-04-12 21:30:04,247 INFO: 	COST >> 0.131 +/- 0.005, % updates Left: 8.8% Rel: 0.51% Right: 7.76%
2017-04-12 21:30:36,619 INFO: ----------------------------------------------------------------------------
2017-04-12 21:30:36,619 INFO: EPOCH 8 (32.371 seconds):
2017-04-12 21:30:36,620 INFO: 	Average L2 norm of relation vector: 0.0538
2017-04-12 21:30:36,620 INFO: 	COST >> 0.125 +/- 0.005, % updates Left: 8.29% Rel: 0.43% Right: 7.32%
2017-04-12 21:31:07,150 INFO: ----------------------------------------------------------------------------
2017-04-12 21:31:07,150 INFO: EPOCH 9 (30.529 seconds):
2017-04-12 21:31:07,151 INFO: 	Average L2 norm of relation vector: 0.05436
2017-04-12 21:31:07,152 INFO: 	COST >> 0.122 +/- 0.006, % updates Left: 7.92% Rel: 0.37% Right: 7.02%
2017-04-12 21:31:42,852 INFO: ----------------------------------------------------------------------------
2017-04-12 21:31:42,852 INFO: EPOCH 10 (35.699 seconds):
2017-04-12 21:31:42,853 INFO: 	Average L2 norm of relation vector: 0.05486
2017-04-12 21:31:42,854 INFO: 	COST >> 0.119 +/- 0.005, % updates Left: 7.72% Rel: 0.33% Right: 6.75%
2017-04-12 21:31:42,854 INFO: 	FilteredRanking: evaluating rank on 1000 triples
2017-04-12 21:32:36,239 INFO: 	FilteredRanking: evaluating rank on 1000 triples
2017-04-12 21:33:29,718 INFO: 	MEAN RANK >> valid: 376.2, train: 300.4
2017-04-12 21:33:29,718 INFO: 		MEAN RANK TRAIN: Left: 312.2 Rel: 1.5 Right: 288.5
2017-04-12 21:33:29,719 INFO: 		MEAN RANK VALID: Left: 390.1 Rel: 1.5 Right: 362.4
2017-04-12 21:33:29,719 INFO: 		MEAN RECIPROCAL RANK VALID (L & R): 0.1155
2017-04-12 21:33:29,719 INFO: 	FilteredRanking: evaluating rank on 1000 triples
2017-04-12 21:34:17,423 INFO: 	NEW BEST TEST MR: 364.3
2017-04-12 21:34:17,424 INFO: 		Left MR: 385.8 Rel MR: 2.0 Right MR: 342.9
2017-04-12 21:34:17,488 INFO: 	(ranking took 154.634 seconds)
2017-04-12 21:34:56,002 INFO: ----------------------------------------------------------------------------
2017-04-12 21:34:56,003 INFO: EPOCH 11 (38.515 seconds):
2017-04-12 21:34:56,003 INFO: 	Average L2 norm of relation vector: 0.0553
2017-04-12 21:34:56,004 INFO: 	COST >> 0.115 +/- 0.005, % updates Left: 7.42% Rel: 0.31% Right: 6.46%
2017-04-12 21:35:32,795 INFO: ----------------------------------------------------------------------------
2017-04-12 21:35:32,795 INFO: EPOCH 12 (36.791 seconds):
2017-04-12 21:35:32,796 INFO: 	Average L2 norm of relation vector: 0.05566
2017-04-12 21:35:32,796 INFO: 	COST >> 0.114 +/- 0.006, % updates Left: 7.26% Rel: 0.28% Right: 6.35%
2017-04-12 21:36:10,498 INFO: ----------------------------------------------------------------------------
2017-04-12 21:36:10,498 INFO: EPOCH 13 (37.702 seconds):
2017-04-12 21:36:10,499 INFO: 	Average L2 norm of relation vector: 0.05597
2017-04-12 21:36:10,500 INFO: 	COST >> 0.113 +/- 0.006, % updates Left: 7.08% Rel: 0.25% Right: 6.18%
2017-04-12 21:36:48,301 INFO: ----------------------------------------------------------------------------
2017-04-12 21:36:48,301 INFO: EPOCH 14 (37.801 seconds):
2017-04-12 21:36:48,302 INFO: 	Average L2 norm of relation vector: 0.05625
2017-04-12 21:36:48,302 INFO: 	COST >> 0.111 +/- 0.005, % updates Left: 6.91% Rel: 0.23% Right: 6.08%
2017-04-12 21:37:23,293 INFO: ----------------------------------------------------------------------------
2017-04-12 21:37:23,293 INFO: EPOCH 15 (34.991 seconds):
2017-04-12 21:37:23,294 INFO: 	Average L2 norm of relation vector: 0.05649
2017-04-12 21:37:23,294 INFO: 	COST >> 0.109 +/- 0.005, % updates Left: 6.75% Rel: 0.23% Right: 5.94%
2017-04-12 21:37:57,899 INFO: ----------------------------------------------------------------------------
2017-04-12 21:37:57,899 INFO: EPOCH 16 (34.605 seconds):
2017-04-12 21:37:57,900 INFO: 	Average L2 norm of relation vector: 0.05669
2017-04-12 21:37:57,901 INFO: 	COST >> 0.109 +/- 0.005, % updates Left: 6.62% Rel: 0.21% Right: 5.88%
2017-04-12 21:38:32,332 INFO: ----------------------------------------------------------------------------
2017-04-12 21:38:32,332 INFO: EPOCH 17 (34.431 seconds):
2017-04-12 21:38:32,333 INFO: 	Average L2 norm of relation vector: 0.05686
2017-04-12 21:38:32,333 INFO: 	COST >> 0.107 +/- 0.005, % updates Left: 6.54% Rel: 0.2% Right: 5.77%
2017-04-12 21:39:06,970 INFO: ----------------------------------------------------------------------------
2017-04-12 21:39:06,970 INFO: EPOCH 18 (34.636 seconds):
2017-04-12 21:39:06,971 INFO: 	Average L2 norm of relation vector: 0.05702
2017-04-12 21:39:06,971 INFO: 	COST >> 0.106 +/- 0.005, % updates Left: 6.48% Rel: 0.2% Right: 5.62%
2017-04-12 21:39:40,175 INFO: ----------------------------------------------------------------------------
2017-04-12 21:39:40,175 INFO: EPOCH 19 (33.204 seconds):
2017-04-12 21:39:40,176 INFO: 	Average L2 norm of relation vector: 0.05716
2017-04-12 21:39:40,176 INFO: 	COST >> 0.106 +/- 0.005, % updates Left: 6.41% Rel: 0.19% Right: 5.65%
2017-04-12 21:40:12,843 INFO: ----------------------------------------------------------------------------
2017-04-12 21:40:12,843 INFO: EPOCH 20 (32.666 seconds):
2017-04-12 21:40:12,844 INFO: 	Average L2 norm of relation vector: 0.05728
2017-04-12 21:40:12,844 INFO: 	COST >> 0.105 +/- 0.005, % updates Left: 6.32% Rel: 0.17% Right: 5.54%
2017-04-12 21:40:12,844 INFO: 	FilteredRanking: evaluating rank on 1000 triples
2017-04-12 21:41:02,988 INFO: 	FilteredRanking: evaluating rank on 1000 triples
2017-04-12 21:41:53,603 INFO: 	MEAN RANK >> valid: 356.6, train: 282.8
2017-04-12 21:41:53,603 INFO: 		MEAN RANK TRAIN: Left: 289.8 Rel: 1.3 Right: 275.8
2017-04-12 21:41:53,604 INFO: 		MEAN RANK VALID: Left: 380.1 Rel: 1.5 Right: 333.1
2017-04-12 21:41:53,604 INFO: 		MEAN RECIPROCAL RANK VALID (L & R): 0.125
2017-04-12 21:41:53,604 INFO: 	FilteredRanking: evaluating rank on 1000 triples
2017-04-12 21:42:39,026 INFO: 	NEW BEST TEST MR: 343.9
2017-04-12 21:42:39,026 INFO: 		Left MR: 355.0 Rel MR: 1.6 Right MR: 332.8
2017-04-12 21:42:39,091 INFO: 	(ranking took 146.247 seconds)
2017-04-12 21:43:14,512 INFO: ----------------------------------------------------------------------------
2017-04-12 21:43:14,512 INFO: EPOCH 21 (35.42 seconds):
2017-04-12 21:43:14,513 INFO: 	Average L2 norm of relation vector: 0.0574
2017-04-12 21:43:14,513 INFO: 	COST >> 0.105 +/- 0.005, % updates Left: 6.28% Rel: 0.18% Right: 5.52%
2017-04-12 21:43:53,534 INFO: ----------------------------------------------------------------------------
2017-04-12 21:43:53,534 INFO: EPOCH 22 (39.021 seconds):
2017-04-12 21:43:53,535 INFO: 	Average L2 norm of relation vector: 0.05747
2017-04-12 21:43:53,536 INFO: 	COST >> 0.103 +/- 0.005, % updates Left: 6.14% Rel: 0.17% Right: 5.47%
2017-04-12 21:44:32,146 INFO: ----------------------------------------------------------------------------
2017-04-12 21:44:32,146 INFO: EPOCH 23 (38.611 seconds):
2017-04-12 21:44:32,148 INFO: 	Average L2 norm of relation vector: 0.05756
2017-04-12 21:44:32,148 INFO: 	COST >> 0.103 +/- 0.005, % updates Left: 6.12% Rel: 0.17% Right: 5.43%
2017-04-12 21:45:08,700 INFO: ----------------------------------------------------------------------------
2017-04-12 21:45:08,700 INFO: EPOCH 24 (36.552 seconds):
2017-04-12 21:45:08,701 INFO: 	Average L2 norm of relation vector: 0.05763
2017-04-12 21:45:08,702 INFO: 	COST >> 0.102 +/- 0.005, % updates Left: 6.05% Rel: 0.16% Right: 5.39%
2017-04-12 21:45:46,592 INFO: ----------------------------------------------------------------------------
2017-04-12 21:45:46,592 INFO: EPOCH 25 (37.89 seconds):
2017-04-12 21:45:46,593 INFO: 	Average L2 norm of relation vector: 0.05768
2017-04-12 21:45:46,593 INFO: 	COST >> 0.101 +/- 0.005, % updates Left: 6.01% Rel: 0.15% Right: 5.33%
2017-04-12 21:46:24,877 INFO: ----------------------------------------------------------------------------
2017-04-12 21:46:24,877 INFO: EPOCH 26 (38.283 seconds):
2017-04-12 21:46:24,878 INFO: 	Average L2 norm of relation vector: 0.05774
2017-04-12 21:46:24,879 INFO: 	COST >> 0.101 +/- 0.006, % updates Left: 5.97% Rel: 0.16% Right: 5.28%
2017-04-12 21:46:58,827 INFO: ----------------------------------------------------------------------------
2017-04-12 21:46:58,827 INFO: EPOCH 27 (33.948 seconds):
2017-04-12 21:46:58,829 INFO: 	Average L2 norm of relation vector: 0.05778
2017-04-12 21:46:58,829 INFO: 	COST >> 0.101 +/- 0.005, % updates Left: 5.9% Rel: 0.16% Right: 5.26%
2017-04-12 21:47:34,085 INFO: ----------------------------------------------------------------------------
2017-04-12 21:47:34,086 INFO: EPOCH 28 (35.256 seconds):
2017-04-12 21:47:34,086 INFO: 	Average L2 norm of relation vector: 0.05782
2017-04-12 21:47:34,087 INFO: 	COST >> 0.099 +/- 0.005, % updates Left: 5.85% Rel: 0.15% Right: 5.16%
2017-04-12 21:48:08,486 INFO: ----------------------------------------------------------------------------
2017-04-12 21:48:08,486 INFO: EPOCH 29 (34.399 seconds):
2017-04-12 21:48:08,487 INFO: 	Average L2 norm of relation vector: 0.05783
2017-04-12 21:48:08,487 INFO: 	COST >> 0.099 +/- 0.004, % updates Left: 5.81% Rel: 0.15% Right: 5.19%
2017-04-12 21:48:42,352 INFO: ----------------------------------------------------------------------------
2017-04-12 21:48:42,352 INFO: EPOCH 30 (33.865 seconds):
2017-04-12 21:48:42,353 INFO: 	Average L2 norm of relation vector: 0.05784
2017-04-12 21:48:42,354 INFO: 	COST >> 0.101 +/- 0.005, % updates Left: 5.87% Rel: 0.15% Right: 5.19%
2017-04-12 21:48:42,354 INFO: 	FilteredRanking: evaluating rank on 1000 triples
2017-04-12 21:49:39,911 INFO: 	FilteredRanking: evaluating rank on 1000 triples
2017-04-12 21:50:37,246 INFO: 	MEAN RANK >> valid: 346.9, train: 269.1
2017-04-12 21:50:37,247 INFO: 		MEAN RANK TRAIN: Left: 278.6 Rel: 1.2 Right: 259.6
2017-04-12 21:50:37,248 INFO: 		MEAN RANK VALID: Left: 360.6 Rel: 1.5 Right: 333.2
2017-04-12 21:50:37,248 INFO: 		MEAN RECIPROCAL RANK VALID (L & R): 0.1155
2017-04-12 21:50:37,248 WARNING: 	WARNING, failed to improve MRR on valid, 2 chances left

2017-04-12 21:50:37,344 INFO: 	(ranking took 114.989 seconds)
2017-04-12 21:51:23,779 INFO: ----------------------------------------------------------------------------
2017-04-12 21:51:23,780 INFO: EPOCH 31 (46.436 seconds):
2017-04-12 21:51:23,781 INFO: 	Average L2 norm of relation vector: 0.05788
2017-04-12 21:51:23,782 INFO: 	COST >> 0.098 +/- 0.004, % updates Left: 5.79% Rel: 0.15% Right: 5.09%
2017-04-12 21:52:11,165 INFO: ----------------------------------------------------------------------------
2017-04-12 21:52:11,165 INFO: EPOCH 32 (47.383 seconds):
2017-04-12 21:52:11,166 INFO: 	Average L2 norm of relation vector: 0.05789
2017-04-12 21:52:11,166 INFO: 	COST >> 0.098 +/- 0.005, % updates Left: 5.76% Rel: 0.14% Right: 5.06%
2017-04-12 21:52:55,616 INFO: ----------------------------------------------------------------------------
2017-04-12 21:52:55,617 INFO: EPOCH 33 (44.45 seconds):
2017-04-12 21:52:55,618 INFO: 	Average L2 norm of relation vector: 0.0579
2017-04-12 21:52:55,619 INFO: 	COST >> 0.097 +/- 0.005, % updates Left: 5.69% Rel: 0.14% Right: 5.08%
2017-04-12 21:53:38,384 INFO: ----------------------------------------------------------------------------
2017-04-12 21:53:38,385 INFO: EPOCH 34 (42.766 seconds):
2017-04-12 21:53:38,386 INFO: 	Average L2 norm of relation vector: 0.05791
2017-04-12 21:53:38,387 INFO: 	COST >> 0.098 +/- 0.005, % updates Left: 5.73% Rel: 0.14% Right: 5.09%
2017-04-12 21:54:20,609 INFO: ----------------------------------------------------------------------------
2017-04-12 21:54:20,610 INFO: EPOCH 35 (42.222 seconds):
2017-04-12 21:54:20,612 INFO: 	Average L2 norm of relation vector: 0.05789
2017-04-12 21:54:20,613 INFO: 	COST >> 0.097 +/- 0.005, % updates Left: 5.6% Rel: 0.14% Right: 5.0%
2017-04-12 21:55:04,873 INFO: ----------------------------------------------------------------------------
2017-04-12 21:55:04,874 INFO: EPOCH 36 (44.26 seconds):
2017-04-12 21:55:04,875 INFO: 	Average L2 norm of relation vector: 0.05788
2017-04-12 21:55:04,875 INFO: 	COST >> 0.097 +/- 0.005, % updates Left: 5.66% Rel: 0.13% Right: 4.98%
2017-04-12 21:55:46,815 INFO: ----------------------------------------------------------------------------
2017-04-12 21:55:46,815 INFO: EPOCH 37 (41.939 seconds):
2017-04-12 21:55:46,816 INFO: 	Average L2 norm of relation vector: 0.05785
2017-04-12 21:55:46,817 INFO: 	COST >> 0.097 +/- 0.005, % updates Left: 5.6% Rel: 0.13% Right: 4.99%
2017-04-12 21:56:28,222 INFO: ----------------------------------------------------------------------------
2017-04-12 21:56:28,223 INFO: EPOCH 38 (41.405 seconds):
2017-04-12 21:56:28,224 INFO: 	Average L2 norm of relation vector: 0.05782
2017-04-12 21:56:28,224 INFO: 	COST >> 0.097 +/- 0.005, % updates Left: 5.66% Rel: 0.13% Right: 4.97%
2017-04-12 21:57:05,103 INFO: ----------------------------------------------------------------------------
2017-04-12 21:57:05,103 INFO: EPOCH 39 (36.879 seconds):
2017-04-12 21:57:05,105 INFO: 	Average L2 norm of relation vector: 0.05781
2017-04-12 21:57:05,105 INFO: 	COST >> 0.097 +/- 0.005, % updates Left: 5.57% Rel: 0.13% Right: 5.0%
2017-04-12 21:57:36,849 INFO: ----------------------------------------------------------------------------
2017-04-12 21:57:36,850 INFO: EPOCH 40 (31.744 seconds):
2017-04-12 21:57:36,851 INFO: 	Average L2 norm of relation vector: 0.05781
2017-04-12 21:57:36,851 INFO: 	COST >> 0.096 +/- 0.004, % updates Left: 5.59% Rel: 0.13% Right: 5.0%
2017-04-12 21:57:36,851 INFO: 	FilteredRanking: evaluating rank on 1000 triples
2017-04-12 21:58:26,123 INFO: 	FilteredRanking: evaluating rank on 1000 triples
2017-04-12 21:59:13,983 INFO: 	MEAN RANK >> valid: 354.2, train: 251.9
2017-04-12 21:59:13,984 INFO: 		MEAN RANK TRAIN: Left: 265.1 Rel: 1.2 Right: 238.6
2017-04-12 21:59:13,984 INFO: 		MEAN RANK VALID: Left: 372.6 Rel: 1.5 Right: 335.8
2017-04-12 21:59:13,984 INFO: 		MEAN RECIPROCAL RANK VALID (L & R): 0.13
2017-04-12 21:59:13,984 INFO: 	FilteredRanking: evaluating rank on 1000 triples
2017-04-12 22:00:00,627 INFO: 	NEW BEST TEST MR: 333.9
2017-04-12 22:00:00,628 INFO: 		Left MR: 355.5 Rel MR: 1.5 Right MR: 312.2
2017-04-12 22:00:00,700 INFO: 	(ranking took 143.849 seconds)
2017-04-12 22:00:33,616 INFO: ----------------------------------------------------------------------------
2017-04-12 22:00:33,616 INFO: EPOCH 41 (32.915 seconds):
2017-04-12 22:00:33,617 INFO: 	Average L2 norm of relation vector: 0.0578
2017-04-12 22:00:33,617 INFO: 	COST >> 0.096 +/- 0.005, % updates Left: 5.54% Rel: 0.13% Right: 4.93%
2017-04-12 22:01:05,236 INFO: ----------------------------------------------------------------------------
2017-04-12 22:01:05,236 INFO: EPOCH 42 (31.618 seconds):
2017-04-12 22:01:05,237 INFO: 	Average L2 norm of relation vector: 0.05778
2017-04-12 22:01:05,238 INFO: 	COST >> 0.096 +/- 0.004, % updates Left: 5.57% Rel: 0.12% Right: 4.92%
2017-04-12 22:01:37,191 INFO: ----------------------------------------------------------------------------
2017-04-12 22:01:37,191 INFO: EPOCH 43 (31.953 seconds):
2017-04-12 22:01:37,192 INFO: 	Average L2 norm of relation vector: 0.05778
2017-04-12 22:01:37,193 INFO: 	COST >> 0.095 +/- 0.005, % updates Left: 5.47% Rel: 0.13% Right: 4.93%
2017-04-12 22:02:11,565 INFO: ----------------------------------------------------------------------------
2017-04-12 22:02:11,566 INFO: EPOCH 44 (34.373 seconds):
2017-04-12 22:02:11,567 INFO: 	Average L2 norm of relation vector: 0.05773
2017-04-12 22:02:11,567 INFO: 	COST >> 0.096 +/- 0.004, % updates Left: 5.5% Rel: 0.13% Right: 4.88%
2017-04-12 22:02:45,584 INFO: ----------------------------------------------------------------------------
2017-04-12 22:02:45,584 INFO: EPOCH 45 (34.017 seconds):
2017-04-12 22:02:45,586 INFO: 	Average L2 norm of relation vector: 0.05771
2017-04-12 22:02:45,586 INFO: 	COST >> 0.095 +/- 0.005, % updates Left: 5.49% Rel: 0.13% Right: 4.93%
2017-04-12 22:03:19,063 INFO: ----------------------------------------------------------------------------
2017-04-12 22:03:19,063 INFO: EPOCH 46 (33.476 seconds):
2017-04-12 22:03:19,064 INFO: 	Average L2 norm of relation vector: 0.05767
2017-04-12 22:03:19,064 INFO: 	COST >> 0.095 +/- 0.005, % updates Left: 5.52% Rel: 0.13% Right: 4.84%
2017-04-12 22:03:52,531 INFO: ----------------------------------------------------------------------------
2017-04-12 22:03:52,531 INFO: EPOCH 47 (33.467 seconds):
2017-04-12 22:03:52,532 INFO: 	Average L2 norm of relation vector: 0.05766
2017-04-12 22:03:52,533 INFO: 	COST >> 0.094 +/- 0.005, % updates Left: 5.45% Rel: 0.15% Right: 4.88%
2017-04-12 22:04:25,910 INFO: ----------------------------------------------------------------------------
2017-04-12 22:04:25,910 INFO: EPOCH 48 (33.378 seconds):
2017-04-12 22:04:25,911 INFO: 	Average L2 norm of relation vector: 0.05763
2017-04-12 22:04:25,912 INFO: 	COST >> 0.095 +/- 0.005, % updates Left: 5.47% Rel: 0.13% Right: 4.87%
2017-04-12 22:04:57,661 INFO: ----------------------------------------------------------------------------
2017-04-12 22:04:57,661 INFO: EPOCH 49 (31.748 seconds):
2017-04-12 22:04:57,662 INFO: 	Average L2 norm of relation vector: 0.05759
2017-04-12 22:04:57,662 INFO: 	COST >> 0.094 +/- 0.005, % updates Left: 5.4% Rel: 0.13% Right: 4.85%
2017-04-12 22:05:28,829 INFO: ----------------------------------------------------------------------------
2017-04-12 22:05:28,829 INFO: EPOCH 50 (31.167 seconds):
2017-04-12 22:05:28,830 INFO: 	Average L2 norm of relation vector: 0.05754
2017-04-12 22:05:28,830 INFO: 	COST >> 0.095 +/- 0.004, % updates Left: 5.47% Rel: 0.12% Right: 4.82%
2017-04-12 22:05:28,830 INFO: 	FilteredRanking: evaluating rank on 1000 triples
2017-04-12 22:06:21,123 INFO: 	FilteredRanking: evaluating rank on 1000 triples
2017-04-12 22:07:12,159 INFO: 	MEAN RANK >> valid: 359.7, train: 253.0
2017-04-12 22:07:12,160 INFO: 		MEAN RANK TRAIN: Left: 258.3 Rel: 1.2 Right: 247.7
2017-04-12 22:07:12,161 INFO: 		MEAN RANK VALID: Left: 375.8 Rel: 1.4 Right: 343.6
2017-04-12 22:07:12,161 INFO: 		MEAN RECIPROCAL RANK VALID (L & R): 0.131
2017-04-12 22:07:12,161 INFO: 	FilteredRanking: evaluating rank on 1000 triples
2017-04-12 22:08:01,851 INFO: 	NEW BEST TEST MR: 344.0
2017-04-12 22:08:01,852 INFO: 		Left MR: 368.2 Rel MR: 1.5 Right MR: 319.8
2017-04-12 22:08:01,918 INFO: 	(ranking took 153.087 seconds)
2017-04-12 22:08:41,247 INFO: ----------------------------------------------------------------------------
2017-04-12 22:08:41,247 INFO: EPOCH 51 (39.329 seconds):
2017-04-12 22:08:41,248 INFO: 	Average L2 norm of relation vector: 0.05752
2017-04-12 22:08:41,249 INFO: 	COST >> 0.094 +/- 0.005, % updates Left: 5.43% Rel: 0.14% Right: 4.87%
2017-04-12 22:09:18,418 INFO: ----------------------------------------------------------------------------
2017-04-12 22:09:18,418 INFO: EPOCH 52 (37.169 seconds):
2017-04-12 22:09:18,419 INFO: 	Average L2 norm of relation vector: 0.05749
2017-04-12 22:09:18,420 INFO: 	COST >> 0.094 +/- 0.005, % updates Left: 5.44% Rel: 0.13% Right: 4.81%
2017-04-12 22:09:56,848 INFO: ----------------------------------------------------------------------------
2017-04-12 22:09:56,848 INFO: EPOCH 53 (38.428 seconds):
2017-04-12 22:09:56,850 INFO: 	Average L2 norm of relation vector: 0.05746
2017-04-12 22:09:56,850 INFO: 	COST >> 0.094 +/- 0.005, % updates Left: 5.41% Rel: 0.12% Right: 4.86%
2017-04-12 22:10:29,604 INFO: ----------------------------------------------------------------------------
2017-04-12 22:10:29,604 INFO: EPOCH 54 (32.754 seconds):
2017-04-12 22:10:29,605 INFO: 	Average L2 norm of relation vector: 0.05744
2017-04-12 22:10:29,606 INFO: 	COST >> 0.094 +/- 0.005, % updates Left: 5.4% Rel: 0.13% Right: 4.87%
2017-04-12 22:11:03,846 INFO: ----------------------------------------------------------------------------
2017-04-12 22:11:03,846 INFO: EPOCH 55 (34.24 seconds):
2017-04-12 22:11:03,847 INFO: 	Average L2 norm of relation vector: 0.05742
2017-04-12 22:11:03,847 INFO: 	COST >> 0.093 +/- 0.006, % updates Left: 5.43% Rel: 0.13% Right: 4.78%
2017-04-12 22:11:36,021 INFO: ----------------------------------------------------------------------------
2017-04-12 22:11:36,021 INFO: EPOCH 56 (32.174 seconds):
2017-04-12 22:11:36,022 INFO: 	Average L2 norm of relation vector: 0.05738
2017-04-12 22:11:36,023 INFO: 	COST >> 0.093 +/- 0.005, % updates Left: 5.38% Rel: 0.12% Right: 4.73%
2017-04-12 22:12:08,866 INFO: ----------------------------------------------------------------------------
2017-04-12 22:12:08,867 INFO: EPOCH 57 (32.843 seconds):
2017-04-12 22:12:08,868 INFO: 	Average L2 norm of relation vector: 0.05737
2017-04-12 22:12:08,868 INFO: 	COST >> 0.093 +/- 0.005, % updates Left: 5.36% Rel: 0.12% Right: 4.77%
2017-04-12 22:12:41,260 INFO: ----------------------------------------------------------------------------
2017-04-12 22:12:41,260 INFO: EPOCH 58 (32.392 seconds):
2017-04-12 22:12:41,262 INFO: 	Average L2 norm of relation vector: 0.05733
2017-04-12 22:12:41,262 INFO: 	COST >> 0.094 +/- 0.005, % updates Left: 5.38% Rel: 0.14% Right: 4.8%
2017-04-12 22:13:12,831 INFO: ----------------------------------------------------------------------------
2017-04-12 22:13:12,831 INFO: EPOCH 59 (31.569 seconds):
2017-04-12 22:13:12,832 INFO: 	Average L2 norm of relation vector: 0.05728
2017-04-12 22:13:12,833 INFO: 	COST >> 0.094 +/- 0.005, % updates Left: 5.37% Rel: 0.12% Right: 4.8%
2017-04-12 22:13:44,290 INFO: ----------------------------------------------------------------------------
2017-04-12 22:13:44,295 INFO: EPOCH 60 (31.462 seconds):
2017-04-12 22:13:44,296 INFO: 	Average L2 norm of relation vector: 0.05726
2017-04-12 22:13:44,297 INFO: 	COST >> 0.092 +/- 0.005, % updates Left: 5.36% Rel: 0.13% Right: 4.72%
2017-04-12 22:13:44,297 INFO: 	FilteredRanking: evaluating rank on 1000 triples
2017-04-12 22:14:32,274 INFO: 	FilteredRanking: evaluating rank on 1000 triples
2017-04-12 22:15:20,171 INFO: 	MEAN RANK >> valid: 365.2, train: 249.5
2017-04-12 22:15:20,171 INFO: 		MEAN RANK TRAIN: Left: 259.2 Rel: 1.2 Right: 239.8
2017-04-12 22:15:20,172 INFO: 		MEAN RANK VALID: Left: 387.8 Rel: 1.6 Right: 342.6
2017-04-12 22:15:20,172 INFO: 		MEAN RECIPROCAL RANK VALID (L & R): 0.1305
2017-04-12 22:15:20,172 WARNING: 	WARNING, failed to improve MRR on valid, 2 chances left

2017-04-12 22:15:20,285 INFO: 	(ranking took 95.988 seconds)
2017-04-12 22:15:50,402 INFO: ----------------------------------------------------------------------------
2017-04-12 22:15:50,402 INFO: EPOCH 61 (30.117 seconds):
2017-04-12 22:15:50,403 INFO: 	Average L2 norm of relation vector: 0.05724
2017-04-12 22:15:50,404 INFO: 	COST >> 0.093 +/- 0.005, % updates Left: 5.36% Rel: 0.12% Right: 4.75%
2017-04-12 22:16:20,409 INFO: ----------------------------------------------------------------------------
2017-04-12 22:16:20,409 INFO: EPOCH 62 (30.005 seconds):
2017-04-12 22:16:20,410 INFO: 	Average L2 norm of relation vector: 0.05722
2017-04-12 22:16:20,411 INFO: 	COST >> 0.093 +/- 0.005, % updates Left: 5.39% Rel: 0.12% Right: 4.76%
2017-04-12 22:16:52,794 INFO: ----------------------------------------------------------------------------
2017-04-12 22:16:52,794 INFO: EPOCH 63 (32.383 seconds):
2017-04-12 22:16:52,795 INFO: 	Average L2 norm of relation vector: 0.05719
2017-04-12 22:16:52,795 INFO: 	COST >> 0.093 +/- 0.005, % updates Left: 5.4% Rel: 0.13% Right: 4.74%
2017-04-12 22:17:24,440 INFO: ----------------------------------------------------------------------------
2017-04-12 22:17:24,440 INFO: EPOCH 64 (31.645 seconds):
2017-04-12 22:17:24,441 INFO: 	Average L2 norm of relation vector: 0.05716
2017-04-12 22:17:24,442 INFO: 	COST >> 0.092 +/- 0.005, % updates Left: 5.31% Rel: 0.13% Right: 4.76%
2017-04-12 22:17:56,079 INFO: ----------------------------------------------------------------------------
2017-04-12 22:17:56,080 INFO: EPOCH 65 (31.638 seconds):
2017-04-12 22:17:56,081 INFO: 	Average L2 norm of relation vector: 0.05713
2017-04-12 22:17:56,082 INFO: 	COST >> 0.092 +/- 0.005, % updates Left: 5.32% Rel: 0.14% Right: 4.72%
2017-04-12 22:18:26,814 INFO: ----------------------------------------------------------------------------
2017-04-12 22:18:26,814 INFO: EPOCH 66 (30.732 seconds):
2017-04-12 22:18:26,815 INFO: 	Average L2 norm of relation vector: 0.05709
2017-04-12 22:18:26,816 INFO: 	COST >> 0.093 +/- 0.005, % updates Left: 5.35% Rel: 0.12% Right: 4.71%
2017-04-12 22:18:58,844 INFO: ----------------------------------------------------------------------------
2017-04-12 22:18:58,845 INFO: EPOCH 67 (32.029 seconds):
2017-04-12 22:18:58,846 INFO: 	Average L2 norm of relation vector: 0.05707
2017-04-12 22:18:58,846 INFO: 	COST >> 0.093 +/- 0.005, % updates Left: 5.37% Rel: 0.12% Right: 4.73%
2017-04-12 22:19:32,162 INFO: ----------------------------------------------------------------------------
2017-04-12 22:19:32,163 INFO: EPOCH 68 (33.316 seconds):
2017-04-12 22:19:32,163 INFO: 	Average L2 norm of relation vector: 0.05703
2017-04-12 22:19:32,164 INFO: 	COST >> 0.092 +/- 0.005, % updates Left: 5.29% Rel: 0.13% Right: 4.73%
2017-04-12 22:20:04,616 INFO: ----------------------------------------------------------------------------
2017-04-12 22:20:04,616 INFO: EPOCH 69 (32.452 seconds):
2017-04-12 22:20:04,617 INFO: 	Average L2 norm of relation vector: 0.057
2017-04-12 22:20:04,617 INFO: 	COST >> 0.092 +/- 0.004, % updates Left: 5.3% Rel: 0.12% Right: 4.7%
2017-04-12 22:20:41,305 INFO: ----------------------------------------------------------------------------
2017-04-12 22:20:41,305 INFO: EPOCH 70 (36.688 seconds):
2017-04-12 22:20:41,307 INFO: 	Average L2 norm of relation vector: 0.05696
2017-04-12 22:20:41,307 INFO: 	COST >> 0.092 +/- 0.005, % updates Left: 5.32% Rel: 0.11% Right: 4.71%
2017-04-12 22:20:41,308 INFO: 	FilteredRanking: evaluating rank on 1000 triples
2017-04-12 22:21:36,068 INFO: 	FilteredRanking: evaluating rank on 1000 triples
2017-04-12 22:22:23,678 INFO: 	MEAN RANK >> valid: 366.6, train: 244.5
2017-04-12 22:22:23,679 INFO: 		MEAN RANK TRAIN: Left: 258.0 Rel: 1.2 Right: 230.9
2017-04-12 22:22:23,680 INFO: 		MEAN RANK VALID: Left: 382.6 Rel: 1.4 Right: 350.5
2017-04-12 22:22:23,680 INFO: 		MEAN RECIPROCAL RANK VALID (L & R): 0.138
2017-04-12 22:22:23,680 INFO: 	FilteredRanking: evaluating rank on 1000 triples
2017-04-12 22:23:09,313 INFO: 	NEW BEST TEST MR: 335.7
2017-04-12 22:23:09,315 INFO: 		Left MR: 360.2 Rel MR: 1.5 Right MR: 311.1
2017-04-12 22:23:09,392 INFO: 	(ranking took 148.084 seconds)
2017-04-12 22:23:43,919 INFO: ----------------------------------------------------------------------------
2017-04-12 22:23:43,919 INFO: EPOCH 71 (34.527 seconds):
2017-04-12 22:23:43,920 INFO: 	Average L2 norm of relation vector: 0.05692
2017-04-12 22:23:43,921 INFO: 	COST >> 0.092 +/- 0.005, % updates Left: 5.29% Rel: 0.12% Right: 4.7%
2017-04-12 22:24:19,916 INFO: ----------------------------------------------------------------------------
2017-04-12 22:24:19,916 INFO: EPOCH 72 (35.995 seconds):
2017-04-12 22:24:19,917 INFO: 	Average L2 norm of relation vector: 0.0569
2017-04-12 22:24:19,917 INFO: 	COST >> 0.091 +/- 0.004, % updates Left: 5.26% Rel: 0.13% Right: 4.72%
2017-04-12 22:24:54,755 INFO: ----------------------------------------------------------------------------
2017-04-12 22:24:54,756 INFO: EPOCH 73 (34.838 seconds):
2017-04-12 22:24:54,756 INFO: 	Average L2 norm of relation vector: 0.05688
2017-04-12 22:24:54,757 INFO: 	COST >> 0.092 +/- 0.005, % updates Left: 5.31% Rel: 0.12% Right: 4.75%
2017-04-12 22:25:31,962 INFO: ----------------------------------------------------------------------------
2017-04-12 22:25:31,962 INFO: EPOCH 74 (37.205 seconds):
2017-04-12 22:25:31,963 INFO: 	Average L2 norm of relation vector: 0.05682
2017-04-12 22:25:31,964 INFO: 	COST >> 0.092 +/- 0.005, % updates Left: 5.26% Rel: 0.12% Right: 4.69%
2017-04-12 22:26:11,905 INFO: ----------------------------------------------------------------------------
2017-04-12 22:26:11,906 INFO: EPOCH 75 (39.941 seconds):
2017-04-12 22:26:11,907 INFO: 	Average L2 norm of relation vector: 0.0568
2017-04-12 22:26:11,908 INFO: 	COST >> 0.091 +/- 0.004, % updates Left: 5.29% Rel: 0.13% Right: 4.67%
2017-04-12 22:26:52,114 INFO: ----------------------------------------------------------------------------
2017-04-12 22:26:52,114 INFO: EPOCH 76 (40.206 seconds):
2017-04-12 22:26:52,115 INFO: 	Average L2 norm of relation vector: 0.05678
2017-04-12 22:26:52,116 INFO: 	COST >> 0.09 +/- 0.005, % updates Left: 5.22% Rel: 0.12% Right: 4.7%
2017-04-12 22:27:31,644 INFO: ----------------------------------------------------------------------------
2017-04-12 22:27:31,644 INFO: EPOCH 77 (39.529 seconds):
2017-04-12 22:27:31,646 INFO: 	Average L2 norm of relation vector: 0.05675
2017-04-12 22:27:31,646 INFO: 	COST >> 0.091 +/- 0.005, % updates Left: 5.27% Rel: 0.12% Right: 4.69%
2017-04-12 22:28:07,696 INFO: ----------------------------------------------------------------------------
2017-04-12 22:28:07,697 INFO: EPOCH 78 (36.05 seconds):
2017-04-12 22:28:07,698 INFO: 	Average L2 norm of relation vector: 0.05672
2017-04-12 22:28:07,698 INFO: 	COST >> 0.092 +/- 0.005, % updates Left: 5.26% Rel: 0.12% Right: 4.75%
2017-04-12 22:28:44,255 INFO: ----------------------------------------------------------------------------
2017-04-12 22:28:44,255 INFO: EPOCH 79 (36.557 seconds):
2017-04-12 22:28:44,256 INFO: 	Average L2 norm of relation vector: 0.0567
2017-04-12 22:28:44,257 INFO: 	COST >> 0.091 +/- 0.005, % updates Left: 5.23% Rel: 0.12% Right: 4.71%
2017-04-12 22:29:22,313 INFO: ----------------------------------------------------------------------------
2017-04-12 22:29:22,313 INFO: EPOCH 80 (38.057 seconds):
2017-04-12 22:29:22,314 INFO: 	Average L2 norm of relation vector: 0.05667
2017-04-12 22:29:22,315 INFO: 	COST >> 0.091 +/- 0.004, % updates Left: 5.29% Rel: 0.13% Right: 4.67%
2017-04-12 22:29:22,315 INFO: 	FilteredRanking: evaluating rank on 1000 triples
2017-04-12 22:30:17,339 INFO: 	FilteredRanking: evaluating rank on 1000 triples
2017-04-12 22:31:13,894 INFO: 	MEAN RANK >> valid: 375.1, train: 241.4
2017-04-12 22:31:13,895 INFO: 		MEAN RANK TRAIN: Left: 254.6 Rel: 1.2 Right: 228.3
2017-04-12 22:31:13,896 INFO: 		MEAN RANK VALID: Left: 387.2 Rel: 1.9 Right: 363.1
2017-04-12 22:31:13,896 INFO: 		MEAN RECIPROCAL RANK VALID (L & R): 0.137
2017-04-12 22:31:13,896 WARNING: 	WARNING, failed to improve MRR on valid, 2 chances left

2017-04-12 22:31:13,974 INFO: 	(ranking took 111.659 seconds)
2017-04-12 22:31:47,374 INFO: ----------------------------------------------------------------------------
2017-04-12 22:31:47,374 INFO: EPOCH 81 (33.401 seconds):
2017-04-12 22:31:47,376 INFO: 	Average L2 norm of relation vector: 0.05661
2017-04-12 22:31:47,377 INFO: 	COST >> 0.091 +/- 0.005, % updates Left: 5.22% Rel: 0.12% Right: 4.65%
2017-04-12 22:32:20,029 INFO: ----------------------------------------------------------------------------
2017-04-12 22:32:20,030 INFO: EPOCH 82 (32.652 seconds):
2017-04-12 22:32:20,030 INFO: 	Average L2 norm of relation vector: 0.05658
2017-04-12 22:32:20,031 INFO: 	COST >> 0.09 +/- 0.004, % updates Left: 5.21% Rel: 0.13% Right: 4.66%
2017-04-12 22:32:54,415 INFO: ----------------------------------------------------------------------------
2017-04-12 22:32:54,415 INFO: EPOCH 83 (34.384 seconds):
2017-04-12 22:32:54,416 INFO: 	Average L2 norm of relation vector: 0.05656
2017-04-12 22:32:54,417 INFO: 	COST >> 0.091 +/- 0.005, % updates Left: 5.26% Rel: 0.12% Right: 4.68%
2017-04-12 22:33:26,962 INFO: ----------------------------------------------------------------------------
2017-04-12 22:33:26,962 INFO: EPOCH 84 (32.546 seconds):
2017-04-12 22:33:26,963 INFO: 	Average L2 norm of relation vector: 0.05653
2017-04-12 22:33:26,963 INFO: 	COST >> 0.091 +/- 0.005, % updates Left: 5.23% Rel: 0.12% Right: 4.67%
2017-04-12 22:33:59,282 INFO: ----------------------------------------------------------------------------
2017-04-12 22:33:59,282 INFO: EPOCH 85 (32.319 seconds):
2017-04-12 22:33:59,283 INFO: 	Average L2 norm of relation vector: 0.0565
2017-04-12 22:33:59,284 INFO: 	COST >> 0.091 +/- 0.005, % updates Left: 5.24% Rel: 0.12% Right: 4.66%
2017-04-12 22:34:30,155 INFO: ----------------------------------------------------------------------------
2017-04-12 22:34:30,155 INFO: EPOCH 86 (30.871 seconds):
2017-04-12 22:34:30,156 INFO: 	Average L2 norm of relation vector: 0.05647
2017-04-12 22:34:30,156 INFO: 	COST >> 0.09 +/- 0.005, % updates Left: 5.18% Rel: 0.13% Right: 4.71%
2017-04-12 22:35:05,951 INFO: ----------------------------------------------------------------------------
2017-04-12 22:35:05,951 INFO: EPOCH 87 (35.794 seconds):
2017-04-12 22:35:05,952 INFO: 	Average L2 norm of relation vector: 0.05644
2017-04-12 22:35:05,952 INFO: 	COST >> 0.091 +/- 0.004, % updates Left: 5.23% Rel: 0.11% Right: 4.66%
2017-04-12 22:35:39,600 INFO: ----------------------------------------------------------------------------
2017-04-12 22:35:39,600 INFO: EPOCH 88 (33.648 seconds):
2017-04-12 22:35:39,602 INFO: 	Average L2 norm of relation vector: 0.05641
2017-04-12 22:35:39,603 INFO: 	COST >> 0.091 +/- 0.005, % updates Left: 5.27% Rel: 0.12% Right: 4.61%
2017-04-12 22:36:13,874 INFO: ----------------------------------------------------------------------------
2017-04-12 22:36:13,874 INFO: EPOCH 89 (34.271 seconds):
2017-04-12 22:36:13,875 INFO: 	Average L2 norm of relation vector: 0.05639
2017-04-12 22:36:13,876 INFO: 	COST >> 0.091 +/- 0.004, % updates Left: 5.23% Rel: 0.12% Right: 4.73%
2017-04-12 22:36:49,680 INFO: ----------------------------------------------------------------------------
2017-04-12 22:36:49,680 INFO: EPOCH 90 (35.804 seconds):
2017-04-12 22:36:49,682 INFO: 	Average L2 norm of relation vector: 0.05638
2017-04-12 22:36:49,683 INFO: 	COST >> 0.091 +/- 0.005, % updates Left: 5.25% Rel: 0.12% Right: 4.66%
2017-04-12 22:36:49,684 INFO: 	FilteredRanking: evaluating rank on 1000 triples
2017-04-12 22:37:46,684 INFO: 	FilteredRanking: evaluating rank on 1000 triples
2017-04-12 22:38:39,346 INFO: 	MEAN RANK >> valid: 361.3, train: 235.1
2017-04-12 22:38:39,347 INFO: 		MEAN RANK TRAIN: Left: 241.9 Rel: 1.2 Right: 228.4
2017-04-12 22:38:39,348 INFO: 		MEAN RANK VALID: Left: 380.8 Rel: 1.9 Right: 341.8
2017-04-12 22:38:39,348 INFO: 		MEAN RECIPROCAL RANK VALID (L & R): 0.1435
2017-04-12 22:38:39,348 INFO: 	FilteredRanking: evaluating rank on 1000 triples
2017-04-12 22:39:23,693 INFO: 	NEW BEST TEST MR: 342.2
2017-04-12 22:39:23,694 INFO: 		Left MR: 364.7 Rel MR: 1.5 Right MR: 319.8
2017-04-12 22:39:23,758 INFO: 	(ranking took 154.074 seconds)
2017-04-12 22:39:58,660 INFO: ----------------------------------------------------------------------------
2017-04-12 22:39:58,661 INFO: EPOCH 91 (34.903 seconds):
2017-04-12 22:39:58,662 INFO: 	Average L2 norm of relation vector: 0.05635
2017-04-12 22:39:58,662 INFO: 	COST >> 0.09 +/- 0.004, % updates Left: 5.16% Rel: 0.12% Right: 4.69%
2017-04-12 22:40:29,935 INFO: ----------------------------------------------------------------------------
2017-04-12 22:40:29,935 INFO: EPOCH 92 (31.273 seconds):
2017-04-12 22:40:29,936 INFO: 	Average L2 norm of relation vector: 0.05632
2017-04-12 22:40:29,936 INFO: 	COST >> 0.091 +/- 0.005, % updates Left: 5.23% Rel: 0.12% Right: 4.67%
2017-04-12 22:40:59,645 INFO: ----------------------------------------------------------------------------
2017-04-12 22:40:59,645 INFO: EPOCH 93 (29.709 seconds):
2017-04-12 22:40:59,646 INFO: 	Average L2 norm of relation vector: 0.05629
2017-04-12 22:40:59,646 INFO: 	COST >> 0.09 +/- 0.005, % updates Left: 5.2% Rel: 0.12% Right: 4.64%
2017-04-12 22:41:28,570 INFO: ----------------------------------------------------------------------------
2017-04-12 22:41:28,570 INFO: EPOCH 94 (28.923 seconds):
2017-04-12 22:41:28,571 INFO: 	Average L2 norm of relation vector: 0.05626
2017-04-12 22:41:28,571 INFO: 	COST >> 0.091 +/- 0.004, % updates Left: 5.21% Rel: 0.12% Right: 4.64%
2017-04-12 22:41:58,016 INFO: ----------------------------------------------------------------------------
2017-04-12 22:41:58,016 INFO: EPOCH 95 (29.445 seconds):
2017-04-12 22:41:58,017 INFO: 	Average L2 norm of relation vector: 0.05625
2017-04-12 22:41:58,017 INFO: 	COST >> 0.09 +/- 0.005, % updates Left: 5.21% Rel: 0.13% Right: 4.63%
2017-04-12 22:42:27,472 INFO: ----------------------------------------------------------------------------
2017-04-12 22:42:27,472 INFO: EPOCH 96 (29.455 seconds):
2017-04-12 22:42:27,473 INFO: 	Average L2 norm of relation vector: 0.05622
2017-04-12 22:42:27,473 INFO: 	COST >> 0.09 +/- 0.005, % updates Left: 5.22% Rel: 0.12% Right: 4.59%
2017-04-12 22:42:58,346 INFO: ----------------------------------------------------------------------------
2017-04-12 22:42:58,347 INFO: EPOCH 97 (30.873 seconds):
2017-04-12 22:42:58,347 INFO: 	Average L2 norm of relation vector: 0.05622
2017-04-12 22:42:58,348 INFO: 	COST >> 0.09 +/- 0.004, % updates Left: 5.22% Rel: 0.13% Right: 4.65%
2017-04-12 22:43:32,690 INFO: ----------------------------------------------------------------------------
2017-04-12 22:43:32,690 INFO: EPOCH 98 (34.342 seconds):
2017-04-12 22:43:32,691 INFO: 	Average L2 norm of relation vector: 0.05621
2017-04-12 22:43:32,691 INFO: 	COST >> 0.09 +/- 0.005, % updates Left: 5.19% Rel: 0.12% Right: 4.65%
2017-04-12 22:44:04,747 INFO: ----------------------------------------------------------------------------
2017-04-12 22:44:04,747 INFO: EPOCH 99 (32.056 seconds):
2017-04-12 22:44:04,749 INFO: 	Average L2 norm of relation vector: 0.05618
2017-04-12 22:44:04,749 INFO: 	COST >> 0.089 +/- 0.005, % updates Left: 5.16% Rel: 0.12% Right: 4.58%
2017-04-12 22:44:40,842 INFO: ----------------------------------------------------------------------------
2017-04-12 22:44:40,842 INFO: EPOCH 100 (36.093 seconds):
2017-04-12 22:44:40,844 INFO: 	Average L2 norm of relation vector: 0.05617
2017-04-12 22:44:40,845 INFO: 	COST >> 0.09 +/- 0.005, % updates Left: 5.19% Rel: 0.12% Right: 4.63%
2017-04-12 22:44:40,846 INFO: 	FilteredRanking: evaluating rank on 1000 triples
2017-04-12 22:45:34,970 INFO: 	FilteredRanking: evaluating rank on 1000 triples
2017-04-12 22:46:27,570 INFO: 	MEAN RANK >> valid: 368.2, train: 236.7
2017-04-12 22:46:27,572 INFO: 		MEAN RANK TRAIN: Left: 245.8 Rel: 1.2 Right: 227.6
2017-04-12 22:46:27,573 INFO: 		MEAN RANK VALID: Left: 383.6 Rel: 1.8 Right: 352.8
2017-04-12 22:46:27,574 INFO: 		MEAN RECIPROCAL RANK VALID (L & R): 0.14
2017-04-12 22:46:27,574 WARNING: 	WARNING, failed to improve MRR on valid, 2 chances left

2017-04-12 22:46:27,674 INFO: 	(ranking took 106.828 seconds)
2017-04-12 22:47:02,749 INFO: ----------------------------------------------------------------------------
2017-04-12 22:47:02,750 INFO: EPOCH 101 (35.075 seconds):
2017-04-12 22:47:02,751 INFO: 	Average L2 norm of relation vector: 0.05613
2017-04-12 22:47:02,751 INFO: 	COST >> 0.089 +/- 0.005, % updates Left: 5.14% Rel: 0.12% Right: 4.6%
2017-04-12 22:47:38,750 INFO: ----------------------------------------------------------------------------
2017-04-12 22:47:38,750 INFO: EPOCH 102 (35.999 seconds):
2017-04-12 22:47:38,752 INFO: 	Average L2 norm of relation vector: 0.05613
2017-04-12 22:47:38,753 INFO: 	COST >> 0.089 +/- 0.004, % updates Left: 5.2% Rel: 0.12% Right: 4.65%
2017-04-12 22:48:11,736 INFO: ----------------------------------------------------------------------------
2017-04-12 22:48:11,737 INFO: EPOCH 103 (32.984 seconds):
2017-04-12 22:48:11,738 INFO: 	Average L2 norm of relation vector: 0.05611
2017-04-12 22:48:11,738 INFO: 	COST >> 0.089 +/- 0.005, % updates Left: 5.17% Rel: 0.12% Right: 4.61%
2017-04-12 22:48:47,753 INFO: ----------------------------------------------------------------------------
2017-04-12 22:48:47,753 INFO: EPOCH 104 (36.014 seconds):
2017-04-12 22:48:47,754 INFO: 	Average L2 norm of relation vector: 0.05609
2017-04-12 22:48:47,755 INFO: 	COST >> 0.09 +/- 0.005, % updates Left: 5.22% Rel: 0.11% Right: 4.68%
2017-04-12 22:49:20,709 INFO: ----------------------------------------------------------------------------
2017-04-12 22:49:20,709 INFO: EPOCH 105 (32.954 seconds):
2017-04-12 22:49:20,710 INFO: 	Average L2 norm of relation vector: 0.05606
2017-04-12 22:49:20,710 INFO: 	COST >> 0.09 +/- 0.005, % updates Left: 5.22% Rel: 0.12% Right: 4.64%
2017-04-12 22:49:50,176 INFO: ----------------------------------------------------------------------------
2017-04-12 22:49:50,176 INFO: EPOCH 106 (29.465 seconds):
2017-04-12 22:49:50,177 INFO: 	Average L2 norm of relation vector: 0.05607
2017-04-12 22:49:50,177 INFO: 	COST >> 0.09 +/- 0.005, % updates Left: 5.23% Rel: 0.12% Right: 4.69%
2017-04-12 22:50:20,248 INFO: ----------------------------------------------------------------------------
2017-04-12 22:50:20,249 INFO: EPOCH 107 (30.071 seconds):
2017-04-12 22:50:20,250 INFO: 	Average L2 norm of relation vector: 0.05604
2017-04-12 22:50:20,250 INFO: 	COST >> 0.09 +/- 0.005, % updates Left: 5.15% Rel: 0.13% Right: 4.63%
2017-04-12 22:50:51,497 INFO: ----------------------------------------------------------------------------
2017-04-12 22:50:51,497 INFO: EPOCH 108 (31.247 seconds):
2017-04-12 22:50:51,498 INFO: 	Average L2 norm of relation vector: 0.05602
2017-04-12 22:50:51,499 INFO: 	COST >> 0.09 +/- 0.005, % updates Left: 5.18% Rel: 0.12% Right: 4.63%
2017-04-12 22:51:27,527 INFO: ----------------------------------------------------------------------------
2017-04-12 22:51:27,527 INFO: EPOCH 109 (36.028 seconds):
2017-04-12 22:51:27,528 INFO: 	Average L2 norm of relation vector: 0.056
2017-04-12 22:51:27,528 INFO: 	COST >> 0.09 +/- 0.004, % updates Left: 5.19% Rel: 0.12% Right: 4.65%
2017-04-12 22:52:03,409 INFO: ----------------------------------------------------------------------------
2017-04-12 22:52:03,410 INFO: EPOCH 110 (35.881 seconds):
2017-04-12 22:52:03,411 INFO: 	Average L2 norm of relation vector: 0.05596
2017-04-12 22:52:03,411 INFO: 	COST >> 0.09 +/- 0.005, % updates Left: 5.17% Rel: 0.12% Right: 4.62%
2017-04-12 22:52:03,411 INFO: 	FilteredRanking: evaluating rank on 1000 triples
2017-04-12 22:52:56,347 INFO: 	FilteredRanking: evaluating rank on 1000 triples
2017-04-12 22:53:47,252 INFO: 	MEAN RANK >> valid: 372.4, train: 236.5
2017-04-12 22:53:47,253 INFO: 		MEAN RANK TRAIN: Left: 245.4 Rel: 1.2 Right: 227.6
2017-04-12 22:53:47,253 INFO: 		MEAN RANK VALID: Left: 395.6 Rel: 2.5 Right: 349.2
2017-04-12 22:53:47,254 INFO: 		MEAN RECIPROCAL RANK VALID (L & R): 0.139
2017-04-12 22:53:47,254 WARNING: 	WARNING, failed to improve MRR on valid, 1 chances left

2017-04-12 22:53:47,328 INFO: 	(ranking took 103.917 seconds)
2017-04-12 22:54:21,476 INFO: ----------------------------------------------------------------------------
2017-04-12 22:54:21,477 INFO: EPOCH 111 (34.148 seconds):
2017-04-12 22:54:21,478 INFO: 	Average L2 norm of relation vector: 0.05596
2017-04-12 22:54:21,478 INFO: 	COST >> 0.089 +/- 0.006, % updates Left: 5.15% Rel: 0.12% Right: 4.65%
2017-04-12 22:54:56,612 INFO: ----------------------------------------------------------------------------
2017-04-12 22:54:56,612 INFO: EPOCH 112 (35.134 seconds):
2017-04-12 22:54:56,613 INFO: 	Average L2 norm of relation vector: 0.05592
2017-04-12 22:54:56,614 INFO: 	COST >> 0.09 +/- 0.004, % updates Left: 5.18% Rel: 0.13% Right: 4.62%
2017-04-12 22:55:32,328 INFO: ----------------------------------------------------------------------------
2017-04-12 22:55:32,328 INFO: EPOCH 113 (35.712 seconds):
2017-04-12 22:55:32,329 INFO: 	Average L2 norm of relation vector: 0.05591
2017-04-12 22:55:32,330 INFO: 	COST >> 0.089 +/- 0.005, % updates Left: 5.15% Rel: 0.11% Right: 4.62%
2017-04-12 22:56:09,753 INFO: ----------------------------------------------------------------------------
2017-04-12 22:56:09,753 INFO: EPOCH 114 (37.423 seconds):
2017-04-12 22:56:09,755 INFO: 	Average L2 norm of relation vector: 0.05589
2017-04-12 22:56:09,755 INFO: 	COST >> 0.089 +/- 0.005, % updates Left: 5.17% Rel: 0.13% Right: 4.63%
2017-04-12 22:56:42,851 INFO: ----------------------------------------------------------------------------
2017-04-12 22:56:42,851 INFO: EPOCH 115 (33.095 seconds):
2017-04-12 22:56:42,853 INFO: 	Average L2 norm of relation vector: 0.05585
2017-04-12 22:56:42,854 INFO: 	COST >> 0.09 +/- 0.005, % updates Left: 5.18% Rel: 0.12% Right: 4.64%
2017-04-12 22:57:15,965 INFO: ----------------------------------------------------------------------------
2017-04-12 22:57:15,965 INFO: EPOCH 116 (33.111 seconds):
2017-04-12 22:57:15,967 INFO: 	Average L2 norm of relation vector: 0.05584
2017-04-12 22:57:15,967 INFO: 	COST >> 0.088 +/- 0.005, % updates Left: 5.09% Rel: 0.12% Right: 4.6%
2017-04-12 22:57:48,543 INFO: ----------------------------------------------------------------------------
2017-04-12 22:57:48,544 INFO: EPOCH 117 (32.576 seconds):
2017-04-12 22:57:48,546 INFO: 	Average L2 norm of relation vector: 0.05582
2017-04-12 22:57:48,546 INFO: 	COST >> 0.089 +/- 0.005, % updates Left: 5.15% Rel: 0.13% Right: 4.64%
2017-04-12 22:58:21,928 INFO: ----------------------------------------------------------------------------
2017-04-12 22:58:21,928 INFO: EPOCH 118 (33.381 seconds):
2017-04-12 22:58:21,929 INFO: 	Average L2 norm of relation vector: 0.05579
2017-04-12 22:58:21,929 INFO: 	COST >> 0.09 +/- 0.005, % updates Left: 5.13% Rel: 0.12% Right: 4.64%
2017-04-12 22:58:55,063 INFO: ----------------------------------------------------------------------------
2017-04-12 22:58:55,063 INFO: EPOCH 119 (33.134 seconds):
2017-04-12 22:58:55,065 INFO: 	Average L2 norm of relation vector: 0.05579
2017-04-12 22:58:55,066 INFO: 	COST >> 0.09 +/- 0.004, % updates Left: 5.22% Rel: 0.13% Right: 4.65%
2017-04-12 22:59:25,977 INFO: ----------------------------------------------------------------------------
2017-04-12 22:59:25,977 INFO: EPOCH 120 (30.911 seconds):
2017-04-12 22:59:25,978 INFO: 	Average L2 norm of relation vector: 0.05577
2017-04-12 22:59:25,978 INFO: 	COST >> 0.089 +/- 0.005, % updates Left: 5.14% Rel: 0.12% Right: 4.61%
2017-04-12 22:59:25,978 INFO: 	FilteredRanking: evaluating rank on 1000 triples
2017-04-12 23:00:16,852 INFO: 	FilteredRanking: evaluating rank on 1000 triples
2017-04-12 23:01:06,158 INFO: 	MEAN RANK >> valid: 383.0, train: 248.8
2017-04-12 23:01:06,159 INFO: 		MEAN RANK TRAIN: Left: 258.2 Rel: 1.2 Right: 239.5
2017-04-12 23:01:06,160 INFO: 		MEAN RANK VALID: Left: 398.8 Rel: 1.7 Right: 367.1
2017-04-12 23:01:06,160 INFO: 		MEAN RECIPROCAL RANK VALID (L & R): 0.1395
2017-04-12 23:01:06,160 WARNING: 	WARNING, failed to improve MRR on valid, 0 chances left

2017-04-12 23:01:06,228 INFO: 	(ranking took 100.25 seconds)
2017-04-12 23:01:41,449 INFO: ----------------------------------------------------------------------------
2017-04-12 23:01:41,449 INFO: EPOCH 121 (35.221 seconds):
2017-04-12 23:01:41,450 INFO: 	Average L2 norm of relation vector: 0.05577
2017-04-12 23:01:41,451 INFO: 	COST >> 0.09 +/- 0.004, % updates Left: 5.21% Rel: 0.12% Right: 4.61%
2017-04-12 23:02:15,109 INFO: ----------------------------------------------------------------------------
2017-04-12 23:02:15,109 INFO: EPOCH 122 (33.658 seconds):
2017-04-12 23:02:15,110 INFO: 	Average L2 norm of relation vector: 0.05575
2017-04-12 23:02:15,111 INFO: 	COST >> 0.09 +/- 0.005, % updates Left: 5.19% Rel: 0.13% Right: 4.66%
2017-04-12 23:02:49,191 INFO: ----------------------------------------------------------------------------
2017-04-12 23:02:49,191 INFO: EPOCH 123 (34.08 seconds):
2017-04-12 23:02:49,192 INFO: 	Average L2 norm of relation vector: 0.05574
2017-04-12 23:02:49,192 INFO: 	COST >> 0.09 +/- 0.004, % updates Left: 5.15% Rel: 0.12% Right: 4.65%
2017-04-12 23:03:23,454 INFO: ----------------------------------------------------------------------------
2017-04-12 23:03:23,454 INFO: EPOCH 124 (34.262 seconds):
2017-04-12 23:03:23,455 INFO: 	Average L2 norm of relation vector: 0.05572
2017-04-12 23:03:23,456 INFO: 	COST >> 0.089 +/- 0.004, % updates Left: 5.17% Rel: 0.13% Right: 4.62%
2017-04-12 23:03:57,406 INFO: ----------------------------------------------------------------------------
2017-04-12 23:03:57,406 INFO: EPOCH 125 (33.95 seconds):
2017-04-12 23:03:57,408 INFO: 	Average L2 norm of relation vector: 0.05573
2017-04-12 23:03:57,408 INFO: 	COST >> 0.089 +/- 0.004, % updates Left: 5.15% Rel: 0.13% Right: 4.62%
2017-04-12 23:04:33,898 INFO: ----------------------------------------------------------------------------
2017-04-12 23:04:33,899 INFO: EPOCH 126 (36.49 seconds):
2017-04-12 23:04:33,900 INFO: 	Average L2 norm of relation vector: 0.05571
2017-04-12 23:04:33,901 INFO: 	COST >> 0.089 +/- 0.005, % updates Left: 5.18% Rel: 0.12% Right: 4.61%
2017-04-12 23:05:11,785 INFO: ----------------------------------------------------------------------------
2017-04-12 23:05:11,785 INFO: EPOCH 127 (37.884 seconds):
2017-04-12 23:05:11,786 INFO: 	Average L2 norm of relation vector: 0.0557
2017-04-12 23:05:11,787 INFO: 	COST >> 0.089 +/- 0.005, % updates Left: 5.15% Rel: 0.12% Right: 4.6%
2017-04-12 23:05:48,981 INFO: ----------------------------------------------------------------------------
2017-04-12 23:05:48,981 INFO: EPOCH 128 (37.194 seconds):
2017-04-12 23:05:48,982 INFO: 	Average L2 norm of relation vector: 0.05566
2017-04-12 23:05:48,983 INFO: 	COST >> 0.089 +/- 0.005, % updates Left: 5.13% Rel: 0.12% Right: 4.58%
2017-04-12 23:06:22,347 INFO: ----------------------------------------------------------------------------
2017-04-12 23:06:22,348 INFO: EPOCH 129 (33.365 seconds):
2017-04-12 23:06:22,348 INFO: 	Average L2 norm of relation vector: 0.05566
2017-04-12 23:06:22,349 INFO: 	COST >> 0.09 +/- 0.004, % updates Left: 5.27% Rel: 0.12% Right: 4.59%
2017-04-12 23:06:53,663 INFO: ----------------------------------------------------------------------------
2017-04-12 23:06:53,663 INFO: EPOCH 130 (31.314 seconds):
2017-04-12 23:06:53,664 INFO: 	Average L2 norm of relation vector: 0.05564
2017-04-12 23:06:53,665 INFO: 	COST >> 0.089 +/- 0.005, % updates Left: 5.18% Rel: 0.12% Right: 4.59%
2017-04-12 23:06:53,665 INFO: 	FilteredRanking: evaluating rank on 1000 triples
2017-04-12 23:07:45,959 INFO: 	FilteredRanking: evaluating rank on 1000 triples
2017-04-12 23:08:36,885 INFO: 	MEAN RANK >> valid: 372.3, train: 241.8
2017-04-12 23:08:36,885 INFO: 		MEAN RANK TRAIN: Left: 244.3 Rel: 1.2 Right: 239.4
2017-04-12 23:08:36,886 INFO: 		MEAN RANK VALID: Left: 389.9 Rel: 1.8 Right: 354.6
2017-04-12 23:08:36,887 INFO: 		MEAN RECIPROCAL RANK VALID (L & R): 0.145
2017-04-12 23:08:36,887 INFO: 	FilteredRanking: evaluating rank on 1000 triples
2017-04-12 23:09:23,244 INFO: 	NEW BEST TEST MR: 350.1
2017-04-12 23:09:23,245 INFO: 		Left MR: 372.3 Rel MR: 1.5 Right MR: 327.9
2017-04-12 23:09:23,305 INFO: 	(ranking took 149.64 seconds)
2017-04-12 23:09:57,949 INFO: ----------------------------------------------------------------------------
2017-04-12 23:09:57,949 INFO: EPOCH 131 (34.644 seconds):
2017-04-12 23:09:57,950 INFO: 	Average L2 norm of relation vector: 0.05565
2017-04-12 23:09:57,951 INFO: 	COST >> 0.089 +/- 0.005, % updates Left: 5.15% Rel: 0.12% Right: 4.65%
2017-04-12 23:10:31,810 INFO: ----------------------------------------------------------------------------
2017-04-12 23:10:31,810 INFO: EPOCH 132 (33.859 seconds):
2017-04-12 23:10:31,812 INFO: 	Average L2 norm of relation vector: 0.05564
2017-04-12 23:10:31,812 INFO: 	COST >> 0.088 +/- 0.005, % updates Left: 5.09% Rel: 0.12% Right: 4.59%
2017-04-12 23:11:04,710 INFO: ----------------------------------------------------------------------------
2017-04-12 23:11:04,710 INFO: EPOCH 133 (32.898 seconds):
2017-04-12 23:11:04,711 INFO: 	Average L2 norm of relation vector: 0.05561
2017-04-12 23:11:04,712 INFO: 	COST >> 0.09 +/- 0.005, % updates Left: 5.15% Rel: 0.12% Right: 4.62%
2017-04-12 23:11:38,617 INFO: ----------------------------------------------------------------------------
2017-04-12 23:11:38,617 INFO: EPOCH 134 (33.906 seconds):
2017-04-12 23:11:38,618 INFO: 	Average L2 norm of relation vector: 0.05559
2017-04-12 23:11:38,619 INFO: 	COST >> 0.088 +/- 0.004, % updates Left: 5.09% Rel: 0.12% Right: 4.59%
2017-04-12 23:12:11,503 INFO: ----------------------------------------------------------------------------
2017-04-12 23:12:11,503 INFO: EPOCH 135 (32.885 seconds):
2017-04-12 23:12:11,504 INFO: 	Average L2 norm of relation vector: 0.05559
2017-04-12 23:12:11,505 INFO: 	COST >> 0.089 +/- 0.005, % updates Left: 5.13% Rel: 0.11% Right: 4.66%
2017-04-12 23:12:45,190 INFO: ----------------------------------------------------------------------------
2017-04-12 23:12:45,190 INFO: EPOCH 136 (33.685 seconds):
2017-04-12 23:12:45,191 INFO: 	Average L2 norm of relation vector: 0.05557
2017-04-12 23:12:45,192 INFO: 	COST >> 0.089 +/- 0.005, % updates Left: 5.1% Rel: 0.13% Right: 4.63%
2017-04-12 23:13:19,121 INFO: ----------------------------------------------------------------------------
2017-04-12 23:13:19,121 INFO: EPOCH 137 (33.929 seconds):
2017-04-12 23:13:19,122 INFO: 	Average L2 norm of relation vector: 0.05556
2017-04-12 23:13:19,122 INFO: 	COST >> 0.089 +/- 0.005, % updates Left: 5.12% Rel: 0.12% Right: 4.62%
2017-04-12 23:13:53,670 INFO: ----------------------------------------------------------------------------
2017-04-12 23:13:53,670 INFO: EPOCH 138 (34.547 seconds):
2017-04-12 23:13:53,671 INFO: 	Average L2 norm of relation vector: 0.05556
2017-04-12 23:13:53,672 INFO: 	COST >> 0.088 +/- 0.005, % updates Left: 5.11% Rel: 0.12% Right: 4.58%
2017-04-12 23:14:29,557 INFO: ----------------------------------------------------------------------------
2017-04-12 23:14:29,563 INFO: EPOCH 139 (35.891 seconds):
2017-04-12 23:14:29,565 INFO: 	Average L2 norm of relation vector: 0.05554
2017-04-12 23:14:29,566 INFO: 	COST >> 0.089 +/- 0.005, % updates Left: 5.08% Rel: 0.12% Right: 4.62%
2017-04-12 23:15:04,142 INFO: ----------------------------------------------------------------------------
2017-04-12 23:15:04,143 INFO: EPOCH 140 (34.576 seconds):
2017-04-12 23:15:04,143 INFO: 	Average L2 norm of relation vector: 0.05554
2017-04-12 23:15:04,144 INFO: 	COST >> 0.088 +/- 0.005, % updates Left: 5.13% Rel: 0.12% Right: 4.59%
2017-04-12 23:15:04,144 INFO: 	FilteredRanking: evaluating rank on 1000 triples
2017-04-12 23:15:56,300 INFO: 	FilteredRanking: evaluating rank on 1000 triples
2017-04-12 23:16:49,607 INFO: 	MEAN RANK >> valid: 373.1, train: 246.3
2017-04-12 23:16:49,608 INFO: 		MEAN RANK TRAIN: Left: 253.6 Rel: 1.2 Right: 239.1
2017-04-12 23:16:49,609 INFO: 		MEAN RANK VALID: Left: 381.4 Rel: 2.2 Right: 364.9
2017-04-12 23:16:49,609 INFO: 		MEAN RECIPROCAL RANK VALID (L & R): 0.1365
2017-04-12 23:16:49,609 WARNING: 	WARNING, failed to improve MRR on valid, 2 chances left

2017-04-12 23:16:49,747 INFO: 	(ranking took 105.603 seconds)
2017-04-12 23:17:28,436 INFO: ----------------------------------------------------------------------------
2017-04-12 23:17:28,436 INFO: EPOCH 141 (38.688 seconds):
2017-04-12 23:17:28,437 INFO: 	Average L2 norm of relation vector: 0.05553
2017-04-12 23:17:28,438 INFO: 	COST >> 0.089 +/- 0.005, % updates Left: 5.13% Rel: 0.12% Right: 4.59%
2017-04-12 23:18:05,849 INFO: ----------------------------------------------------------------------------
2017-04-12 23:18:05,849 INFO: EPOCH 142 (37.411 seconds):
2017-04-12 23:18:05,850 INFO: 	Average L2 norm of relation vector: 0.05552
2017-04-12 23:18:05,851 INFO: 	COST >> 0.089 +/- 0.005, % updates Left: 5.15% Rel: 0.13% Right: 4.63%
2017-04-12 23:18:40,552 INFO: ----------------------------------------------------------------------------
2017-04-12 23:18:40,552 INFO: EPOCH 143 (34.701 seconds):
2017-04-12 23:18:40,553 INFO: 	Average L2 norm of relation vector: 0.05551
2017-04-12 23:18:40,554 INFO: 	COST >> 0.089 +/- 0.004, % updates Left: 5.15% Rel: 0.12% Right: 4.57%
2017-04-12 23:19:15,348 INFO: ----------------------------------------------------------------------------
2017-04-12 23:19:15,348 INFO: EPOCH 144 (34.795 seconds):
2017-04-12 23:19:15,351 INFO: 	Average L2 norm of relation vector: 0.05549
2017-04-12 23:19:15,352 INFO: 	COST >> 0.089 +/- 0.005, % updates Left: 5.14% Rel: 0.12% Right: 4.6%
2017-04-12 23:19:50,612 INFO: ----------------------------------------------------------------------------
2017-04-12 23:19:50,613 INFO: EPOCH 145 (35.26 seconds):
2017-04-12 23:19:50,613 INFO: 	Average L2 norm of relation vector: 0.0555
2017-04-12 23:19:50,614 INFO: 	COST >> 0.088 +/- 0.005, % updates Left: 5.14% Rel: 0.12% Right: 4.61%
2017-04-12 23:20:25,447 INFO: ----------------------------------------------------------------------------
2017-04-12 23:20:25,447 INFO: EPOCH 146 (34.833 seconds):
2017-04-12 23:20:25,448 INFO: 	Average L2 norm of relation vector: 0.05548
2017-04-12 23:20:25,449 INFO: 	COST >> 0.089 +/- 0.004, % updates Left: 5.16% Rel: 0.12% Right: 4.6%
2017-04-12 23:21:00,216 INFO: ----------------------------------------------------------------------------
2017-04-12 23:21:00,217 INFO: EPOCH 147 (34.768 seconds):
2017-04-12 23:21:00,217 INFO: 	Average L2 norm of relation vector: 0.05547
2017-04-12 23:21:00,218 INFO: 	COST >> 0.088 +/- 0.004, % updates Left: 5.11% Rel: 0.13% Right: 4.51%
2017-04-12 23:21:34,917 INFO: ----------------------------------------------------------------------------
2017-04-12 23:21:34,917 INFO: EPOCH 148 (34.699 seconds):
2017-04-12 23:21:34,918 INFO: 	Average L2 norm of relation vector: 0.05545
2017-04-12 23:21:34,919 INFO: 	COST >> 0.089 +/- 0.005, % updates Left: 5.11% Rel: 0.12% Right: 4.61%
2017-04-12 23:22:09,600 INFO: ----------------------------------------------------------------------------
2017-04-12 23:22:09,600 INFO: EPOCH 149 (34.681 seconds):
2017-04-12 23:22:09,601 INFO: 	Average L2 norm of relation vector: 0.05543
2017-04-12 23:22:09,602 INFO: 	COST >> 0.089 +/- 0.005, % updates Left: 5.13% Rel: 0.13% Right: 4.58%
2017-04-12 23:22:42,130 INFO: ----------------------------------------------------------------------------
2017-04-12 23:22:42,130 INFO: EPOCH 150 (32.528 seconds):
2017-04-12 23:22:42,131 INFO: 	Average L2 norm of relation vector: 0.05542
2017-04-12 23:22:42,132 INFO: 	COST >> 0.089 +/- 0.005, % updates Left: 5.11% Rel: 0.12% Right: 4.6%
2017-04-12 23:22:42,132 INFO: 	FilteredRanking: evaluating rank on 1000 triples
2017-04-12 23:23:31,351 INFO: 	FilteredRanking: evaluating rank on 1000 triples
2017-04-12 23:24:19,722 INFO: 	MEAN RANK >> valid: 380.9, train: 233.8
2017-04-12 23:24:19,722 INFO: 		MEAN RANK TRAIN: Left: 240.9 Rel: 1.2 Right: 226.8
2017-04-12 23:24:19,723 INFO: 		MEAN RANK VALID: Left: 393.7 Rel: 1.8 Right: 368.2
2017-04-12 23:24:19,723 INFO: 		MEAN RECIPROCAL RANK VALID (L & R): 0.143
2017-04-12 23:24:19,723 WARNING: 	WARNING, failed to improve MRR on valid, 1 chances left

2017-04-12 23:24:19,799 INFO: 	(ranking took 97.667 seconds)
2017-04-12 23:24:56,720 INFO: ----------------------------------------------------------------------------
2017-04-12 23:24:56,720 INFO: EPOCH 151 (36.921 seconds):
2017-04-12 23:24:56,721 INFO: 	Average L2 norm of relation vector: 0.05539
2017-04-12 23:24:56,721 INFO: 	COST >> 0.088 +/- 0.005, % updates Left: 5.1% Rel: 0.12% Right: 4.55%
2017-04-12 23:25:28,580 INFO: ----------------------------------------------------------------------------
2017-04-12 23:25:28,581 INFO: EPOCH 152 (31.86 seconds):
2017-04-12 23:25:28,582 INFO: 	Average L2 norm of relation vector: 0.05538
2017-04-12 23:25:28,583 INFO: 	COST >> 0.089 +/- 0.005, % updates Left: 5.13% Rel: 0.13% Right: 4.63%
2017-04-12 23:26:01,331 INFO: ----------------------------------------------------------------------------
2017-04-12 23:26:01,331 INFO: EPOCH 153 (32.749 seconds):
2017-04-12 23:26:01,332 INFO: 	Average L2 norm of relation vector: 0.05536
2017-04-12 23:26:01,333 INFO: 	COST >> 0.089 +/- 0.005, % updates Left: 5.14% Rel: 0.12% Right: 4.58%
2017-04-12 23:26:34,380 INFO: ----------------------------------------------------------------------------
2017-04-12 23:26:34,380 INFO: EPOCH 154 (33.047 seconds):
2017-04-12 23:26:34,381 INFO: 	Average L2 norm of relation vector: 0.05536
2017-04-12 23:26:34,381 INFO: 	COST >> 0.089 +/- 0.005, % updates Left: 5.14% Rel: 0.12% Right: 4.52%
2017-04-12 23:27:06,181 INFO: ----------------------------------------------------------------------------
2017-04-12 23:27:06,181 INFO: EPOCH 155 (31.799 seconds):
2017-04-12 23:27:06,182 INFO: 	Average L2 norm of relation vector: 0.05534
2017-04-12 23:27:06,182 INFO: 	COST >> 0.089 +/- 0.004, % updates Left: 5.19% Rel: 0.12% Right: 4.59%
2017-04-12 23:27:36,913 INFO: ----------------------------------------------------------------------------
2017-04-12 23:27:36,913 INFO: EPOCH 156 (30.73 seconds):
2017-04-12 23:27:36,914 INFO: 	Average L2 norm of relation vector: 0.05533
2017-04-12 23:27:36,914 INFO: 	COST >> 0.089 +/- 0.005, % updates Left: 5.12% Rel: 0.12% Right: 4.6%
2017-04-12 23:28:08,489 INFO: ----------------------------------------------------------------------------
2017-04-12 23:28:08,489 INFO: EPOCH 157 (31.575 seconds):
2017-04-12 23:28:08,491 INFO: 	Average L2 norm of relation vector: 0.0553
2017-04-12 23:28:08,491 INFO: 	COST >> 0.088 +/- 0.005, % updates Left: 5.06% Rel: 0.12% Right: 4.56%
2017-04-12 23:28:40,138 INFO: ----------------------------------------------------------------------------
2017-04-12 23:28:40,138 INFO: EPOCH 158 (31.646 seconds):
2017-04-12 23:28:40,139 INFO: 	Average L2 norm of relation vector: 0.05529
2017-04-12 23:28:40,140 INFO: 	COST >> 0.088 +/- 0.005, % updates Left: 5.09% Rel: 0.12% Right: 4.57%
2017-04-12 23:29:11,493 INFO: ----------------------------------------------------------------------------
2017-04-12 23:29:11,493 INFO: EPOCH 159 (31.353 seconds):
2017-04-12 23:29:11,494 INFO: 	Average L2 norm of relation vector: 0.05529
2017-04-12 23:29:11,495 INFO: 	COST >> 0.089 +/- 0.005, % updates Left: 5.17% Rel: 0.12% Right: 4.58%
2017-04-12 23:29:43,043 INFO: ----------------------------------------------------------------------------
2017-04-12 23:29:43,043 INFO: EPOCH 160 (31.548 seconds):
2017-04-12 23:29:43,044 INFO: 	Average L2 norm of relation vector: 0.0553
2017-04-12 23:29:43,045 INFO: 	COST >> 0.089 +/- 0.004, % updates Left: 5.12% Rel: 0.13% Right: 4.64%
2017-04-12 23:29:43,046 INFO: 	FilteredRanking: evaluating rank on 1000 triples
2017-04-12 23:30:35,746 INFO: 	FilteredRanking: evaluating rank on 1000 triples
2017-04-12 23:31:23,006 INFO: 	MEAN RANK >> valid: 391.1, train: 239.9
2017-04-12 23:31:23,007 INFO: 		MEAN RANK TRAIN: Left: 245.1 Rel: 1.2 Right: 234.7
2017-04-12 23:31:23,007 INFO: 		MEAN RANK VALID: Left: 413.6 Rel: 3.0 Right: 368.7
2017-04-12 23:31:23,007 INFO: 		MEAN RECIPROCAL RANK VALID (L & R): 0.1345
2017-04-12 23:31:23,008 WARNING: 	WARNING, failed to improve MRR on valid, 0 chances left

2017-04-12 23:31:23,091 INFO: 	(ranking took 100.045 seconds)
2017-04-12 23:31:57,263 INFO: ----------------------------------------------------------------------------
2017-04-12 23:31:57,263 INFO: EPOCH 161 (34.172 seconds):
2017-04-12 23:31:57,264 INFO: 	Average L2 norm of relation vector: 0.05529
2017-04-12 23:31:57,265 INFO: 	COST >> 0.088 +/- 0.005, % updates Left: 5.07% Rel: 0.12% Right: 4.6%
2017-04-12 23:32:31,333 INFO: ----------------------------------------------------------------------------
2017-04-12 23:32:31,333 INFO: EPOCH 162 (34.068 seconds):
2017-04-12 23:32:31,334 INFO: 	Average L2 norm of relation vector: 0.05526
2017-04-12 23:32:31,335 INFO: 	COST >> 0.088 +/- 0.005, % updates Left: 5.1% Rel: 0.13% Right: 4.57%
2017-04-12 23:33:03,561 INFO: ----------------------------------------------------------------------------
2017-04-12 23:33:03,561 INFO: EPOCH 163 (32.226 seconds):
2017-04-12 23:33:03,562 INFO: 	Average L2 norm of relation vector: 0.05525
2017-04-12 23:33:03,563 INFO: 	COST >> 0.088 +/- 0.005, % updates Left: 5.13% Rel: 0.13% Right: 4.51%
2017-04-12 23:33:40,936 INFO: ----------------------------------------------------------------------------
2017-04-12 23:33:40,936 INFO: EPOCH 164 (37.373 seconds):
2017-04-12 23:33:40,937 INFO: 	Average L2 norm of relation vector: 0.05523
2017-04-12 23:33:40,937 INFO: 	COST >> 0.089 +/- 0.005, % updates Left: 5.12% Rel: 0.12% Right: 4.59%
2017-04-12 23:34:16,254 INFO: ----------------------------------------------------------------------------
2017-04-12 23:34:16,254 INFO: EPOCH 165 (35.317 seconds):
2017-04-12 23:34:16,256 INFO: 	Average L2 norm of relation vector: 0.05522
2017-04-12 23:34:16,256 INFO: 	COST >> 0.088 +/- 0.004, % updates Left: 5.09% Rel: 0.12% Right: 4.57%
2017-04-12 23:34:52,300 INFO: ----------------------------------------------------------------------------
2017-04-12 23:34:52,300 INFO: EPOCH 166 (36.043 seconds):
2017-04-12 23:34:52,301 INFO: 	Average L2 norm of relation vector: 0.0552
2017-04-12 23:34:52,302 INFO: 	COST >> 0.089 +/- 0.005, % updates Left: 5.09% Rel: 0.12% Right: 4.64%
2017-04-12 23:35:27,677 INFO: ----------------------------------------------------------------------------
2017-04-12 23:35:27,677 INFO: EPOCH 167 (35.376 seconds):
2017-04-12 23:35:27,678 INFO: 	Average L2 norm of relation vector: 0.05519
2017-04-12 23:35:27,679 INFO: 	COST >> 0.089 +/- 0.005, % updates Left: 5.15% Rel: 0.12% Right: 4.62%
2017-04-12 23:36:02,595 INFO: ----------------------------------------------------------------------------
2017-04-12 23:36:02,595 INFO: EPOCH 168 (34.916 seconds):
2017-04-12 23:36:02,596 INFO: 	Average L2 norm of relation vector: 0.05518
2017-04-12 23:36:02,597 INFO: 	COST >> 0.089 +/- 0.005, % updates Left: 5.11% Rel: 0.12% Right: 4.65%
2017-04-12 23:36:38,491 INFO: ----------------------------------------------------------------------------
2017-04-12 23:36:38,491 INFO: EPOCH 169 (35.894 seconds):
2017-04-12 23:36:38,492 INFO: 	Average L2 norm of relation vector: 0.05518
2017-04-12 23:36:38,493 INFO: 	COST >> 0.088 +/- 0.005, % updates Left: 5.13% Rel: 0.12% Right: 4.59%
2017-04-12 23:37:14,268 INFO: ----------------------------------------------------------------------------
2017-04-12 23:37:14,268 INFO: EPOCH 170 (35.775 seconds):
2017-04-12 23:37:14,270 INFO: 	Average L2 norm of relation vector: 0.05518
2017-04-12 23:37:14,271 INFO: 	COST >> 0.088 +/- 0.004, % updates Left: 5.13% Rel: 0.12% Right: 4.55%
2017-04-12 23:37:14,271 INFO: 	FilteredRanking: evaluating rank on 1000 triples
2017-04-12 23:38:06,957 INFO: 	FilteredRanking: evaluating rank on 1000 triples
2017-04-12 23:39:00,557 INFO: 	MEAN RANK >> valid: 390.0, train: 236.6
2017-04-12 23:39:00,557 INFO: 		MEAN RANK TRAIN: Left: 245.1 Rel: 1.1 Right: 228.0
2017-04-12 23:39:00,558 INFO: 		MEAN RANK VALID: Left: 410.3 Rel: 2.5 Right: 369.7
2017-04-12 23:39:00,558 INFO: 		MEAN RECIPROCAL RANK VALID (L & R): 0.1355
2017-04-12 23:39:00,558 WARNING: EARLY STOPPING, failed to improve MRR on valid after 30 epochs
2017-04-12 23:39:00,558 INFO: ----------------------------------------------------------------------------
2017-04-12 23:39:00,558 INFO: ----------------------------------------------------------------------------
2017-04-12 23:39:00,558 INFO: 	Ranking model on all examples from test. Each example ranked against 14951 other entities
2017-04-12 23:39:00,558 INFO: 	RELATION ranking: each rel ranked against 1345 other rels
2017-04-12 23:39:00,966 INFO: 	Ranking: evaluating rank on 59071 triples
2017-04-13 00:08:59,906 INFO: left_ranks: (59071,), right_ranks: (59071,), rel_ranks: (59071,)
2017-04-13 00:08:59,924 INFO: max left_ranks: 14832, max right_ranks: 14947, max rel_ranks: 1343
2017-04-13 00:09:00,751 INFO: MICRO RAW:
2017-04-13 00:09:00,751 INFO: 	Left mean rank: 522.409, MRR: 0.105, median rank: 119.0, hits@10: 20.54%
2017-04-13 00:09:00,751 INFO: 	Right mean rank: 414.674, MRR: 0.163, median rank: 61.0, hits@10: 28.451%
2017-04-13 00:09:00,751 INFO: 	relation mean rank: 2.014, MRR: 0.792, median rank: 1.0, hits@10: 99.172%
2017-04-13 00:09:00,751 INFO: 	Global mean rank: 468.542, MRR: 0.134, median rank: 87.0, hits@10: 24.495%
2017-04-13 00:09:00,751 INFO: MACRO RAW
2017-04-13 00:09:00,752 INFO: 	Left mean rank: 153.948, MRR: 0.227, median rank: 16.0, hits@10: 45.44%
2017-04-13 00:09:00,752 INFO: 	Right mean rank: 124.83, MRR: 0.292, median rank: 11.5, hits@10: 51.62%
2017-04-13 00:09:00,752 INFO: 	relation mean rank: 4.718, MRR: 0.547, median rank: 3.987, hits@10: 93.65%
2017-04-13 00:09:00,752 INFO: 	Global mean rank: 94.499, MRR: 0.355, median rank: 5.0, hits@10: 63.57%
2017-04-13 00:09:00,761 INFO: Ranking model on all examples from test. Each example ranked against 14951 other entities which are FILTERED
2017-04-13 00:09:00,762 INFO: RELATION ranking: each rel ranked against 1345 other rels
2017-04-13 00:09:01,731 INFO: 	FilteredRanking: evaluating rank on 59071 triples
2017-04-13 01:00:55,610 INFO: MICRO FILTERED:
2017-04-13 01:00:55,614 INFO: 	Left mean rank: 390.04569, MRR: 0.18914, median rank: 63.0, hits@10: 30.592%
2017-04-13 01:00:55,615 INFO: 	Right mean rank: 332.17256, MRR: 0.23607, median rank: 41.0, hits@10: 36.126%
2017-04-13 01:00:55,615 INFO: 	relation mean rank: 1.663, MRR: 0.899, median rank: 1.0, hits@10: 99.24%
2017-04-13 01:00:55,615 INFO: 	Global mean rank: 361.10912, MRR: 0.2126, median rank: 52.0, hits@10: 33.359%
2017-04-13 01:00:55,615 INFO: MACRO FILTERED
2017-04-13 01:00:55,615 INFO: 	Left mean rank: 124.69297, MRR: 0.32561, median rank: 8.0, hits@10: 55.646%
2017-04-13 01:00:55,615 INFO: 	Right mean rank: 110.94222, MRR: 0.36462, median rank: 7.0, hits@10: 57.991%
2017-04-13 01:00:55,616 INFO: 	relation mean rank: 4.082, MRR: 0.666, median rank: 3.33, hits@10: 94.28%
2017-04-13 01:00:55,616 INFO: 	Global mean rank: 79.90559, MRR: 0.45222, median rank: 3.5, hits@10: 69.306%
