2017-05-03 02:07:35,816 INFO: logger initialized for experiment identifier: DoubleLinear_L1_ndim_50_marg_1.0_lrate_0.01_cost_margincost_reg_0.001_REL
2017-05-03 02:07:35,816 INFO: identifier: DoubleLinear_L1_ndim_50_marg_1.0_lrate_0.01_cost_margincost_reg_0.001_REL
2017-05-03 02:07:35,816 INFO: models saved to path: /Users/corbinrosset/Dropbox/Arora/QA-code/src/KBC_Text/outputs/FB15k_DoubleLinear/
2017-05-03 02:07:35,817 INFO: DD{'ndim': 50, 'test_all': 10, 'Nsyn_rel': 1345, 'reverseRanking': True, 'bestvalidMRR': -1, 'loadmodel': False, 'totepochs': 500, 'lremb': 0.01, 'nvalid': 1000, 'seed': 123, 'marge': 1.0, 'margincostfunction': 'margincost', 'simfn': 'L1', 'savepath': '/Users/corbinrosset/Dropbox/Arora/QA-code/src/KBC_Text/outputs/FB15k_DoubleLinear/DoubleLinear_L1_ndim_50_marg_1.0_lrate_0.01_cost_margincost_reg_0.001_REL', 'dataset': 'FB15k', 'nbatches': 100, 'identifier': 'DoubleLinear_L1_ndim_50_marg_1.0_lrate_0.01_cost_margincost_reg_0.001_REL', 'lrparam': 0.01, 'loademb': False, 'datapath': '/Users/corbinrosset/Dropbox/Arora/QA-code/src/KBC_Text/data/', 'ntrain': 1000, 'Nrel': 1345, 'experiment_type': 'FB15kexp', 'rel': True, 'Nent': 14951, 'logger': <logging.RootLogger object at 0x10acd6f50>, 'ntest': 1000, 'Nsyn': 14951, 'reg': 0.001, 'op': 'DoubleLinear'}
2017-05-03 02:07:37,916 INFO: loaded FB15k data in: 2.090748 seconds
2017-05-03 02:07:37,919 DEBUG: FB15kexp: load_FB15k_data(): trainl(14951, 483142), trainr(14951, 483142), traino(1345, 483142), trainlidx(1000,)
2017-05-03 02:07:42,938 DEBUG: Training to rank RELATIONS as well!
2017-05-03 02:07:42,938 DEBUG: loaded data and constructed model...
2017-05-03 02:07:42,938 DEBUG: num epochs: 500
2017-05-03 02:07:42,938 DEBUG: num batches per epoch: 100
2017-05-03 02:07:42,938 DEBUG: batchsize: 4831
2017-05-03 02:07:42,938 DEBUG: left and right entity ranking functions will rank a slot against 14951 competitors
2017-05-03 02:07:42,938 INFO: BEGIN TRAINING
2017-05-03 02:13:21,197 INFO: ----------------------------------------------------------------------------
2017-05-03 02:13:21,197 INFO: EPOCH 1 (338.258 seconds):
2017-05-03 02:13:21,260 INFO: 	Average L2 norm of relation vector: 0.05371
2017-05-03 02:13:21,260 INFO: 	COST >> 0.895 +/- 0.447, % updates Left: 41.47% Rel: 6.25% Right: 35.94%
2017-05-03 02:15:42,429 INFO: logger initialized for experiment identifier: DoubleLinear_L1_ndim_50_marg_1.0_lrate_0.01_cost_margincost_reg_0.001_REL
2017-05-03 02:15:42,429 INFO: identifier: DoubleLinear_L1_ndim_50_marg_1.0_lrate_0.01_cost_margincost_reg_0.001_REL
2017-05-03 02:15:42,429 INFO: models saved to path: /Users/corbinrosset/Dropbox/Arora/QA-code/src/KBC_Text/outputs/FB15k_DoubleLinear/
2017-05-03 02:15:42,430 INFO: DD{'ndim': 50, 'test_all': 10, 'Nsyn_rel': 1345, 'reverseRanking': False, 'bestvalidMRR': -1, 'loadmodel': False, 'totepochs': 500, 'lremb': 0.01, 'nvalid': 1000, 'seed': 123, 'marge': 1.0, 'margincostfunction': 'margincost', 'simfn': 'L1', 'savepath': '/Users/corbinrosset/Dropbox/Arora/QA-code/src/KBC_Text/outputs/FB15k_DoubleLinear/DoubleLinear_L1_ndim_50_marg_1.0_lrate_0.01_cost_margincost_reg_0.001_REL', 'dataset': 'FB15k', 'nbatches': 100, 'identifier': 'DoubleLinear_L1_ndim_50_marg_1.0_lrate_0.01_cost_margincost_reg_0.001_REL', 'lrparam': 0.01, 'loademb': False, 'datapath': '/Users/corbinrosset/Dropbox/Arora/QA-code/src/KBC_Text/data/', 'ntrain': 1000, 'Nrel': 1345, 'experiment_type': 'FB15kexp', 'rel': True, 'Nent': 14951, 'logger': <logging.RootLogger object at 0x1041cff50>, 'ntest': 1000, 'Nsyn': 14951, 'reg': 0.001, 'op': 'DoubleLinear'}
2017-05-03 02:15:44,442 INFO: loaded FB15k data in: 1.996034 seconds
2017-05-03 02:15:44,445 DEBUG: FB15kexp: load_FB15k_data(): trainl(14951, 483142), trainr(14951, 483142), traino(1345, 483142), trainlidx(1000,)
2017-05-03 02:15:48,226 DEBUG: Training to rank RELATIONS as well!
2017-05-03 02:15:48,227 DEBUG: loaded data and constructed model...
2017-05-03 02:15:48,227 DEBUG: num epochs: 500
2017-05-03 02:15:48,227 DEBUG: num batches per epoch: 100
2017-05-03 02:15:48,227 DEBUG: batchsize: 4831
2017-05-03 02:15:48,227 DEBUG: left and right entity ranking functions will rank a slot against 14951 competitors
2017-05-03 02:15:48,227 INFO: BEGIN TRAINING
2017-05-03 02:21:26,195 INFO: ----------------------------------------------------------------------------
2017-05-03 02:21:26,195 INFO: EPOCH 1 (337.967 seconds):
2017-05-03 02:21:26,252 INFO: 	Average L2 norm of relation vector: 0.05371
2017-05-03 02:21:26,252 INFO: 	COST >> 0.895 +/- 0.447, % updates Left: 41.47% Rel: 6.25% Right: 35.94%
2017-05-03 02:27:02,562 INFO: ----------------------------------------------------------------------------
2017-05-03 02:27:02,562 INFO: EPOCH 2 (336.31 seconds):
2017-05-03 02:27:02,611 INFO: 	Average L2 norm of relation vector: 0.05733
2017-05-03 02:27:02,613 INFO: 	COST >> 0.215 +/- 0.021, % updates Left: 10.69% Rel: 0.79% Right: 9.06%
2017-05-03 02:33:48,489 INFO: ----------------------------------------------------------------------------
2017-05-03 02:33:48,492 INFO: EPOCH 3 (405.878 seconds):
2017-05-03 02:33:48,541 INFO: 	Average L2 norm of relation vector: 0.05936
2017-05-03 02:33:48,543 INFO: 	COST >> 0.144 +/- 0.009, % updates Left: 6.89% Rel: 0.55% Right: 5.95%
2017-05-03 02:40:47,116 INFO: ----------------------------------------------------------------------------
2017-05-03 02:40:47,119 INFO: EPOCH 4 (418.576 seconds):
2017-05-03 02:40:47,174 INFO: 	Average L2 norm of relation vector: 0.06081
2017-05-03 02:40:47,175 INFO: 	COST >> 0.117 +/- 0.007, % updates Left: 5.53% Rel: 0.44% Right: 4.68%
2017-05-03 02:47:21,209 INFO: ----------------------------------------------------------------------------
2017-05-03 02:47:21,209 INFO: EPOCH 5 (394.034 seconds):
2017-05-03 02:47:21,259 INFO: 	Average L2 norm of relation vector: 0.06196
2017-05-03 02:47:21,259 INFO: 	COST >> 0.103 +/- 0.007, % updates Left: 4.76% Rel: 0.38% Right: 4.12%
2017-05-03 02:54:10,919 INFO: ----------------------------------------------------------------------------
2017-05-03 02:54:10,922 INFO: EPOCH 6 (409.663 seconds):
2017-05-03 02:54:10,976 INFO: 	Average L2 norm of relation vector: 0.06306
2017-05-03 02:54:10,977 INFO: 	COST >> 0.092 +/- 0.006, % updates Left: 4.35% Rel: 0.35% Right: 3.68%
2017-05-03 03:01:16,815 INFO: ----------------------------------------------------------------------------
2017-05-03 03:01:16,817 INFO: EPOCH 7 (425.839 seconds):
2017-05-03 03:01:16,875 INFO: 	Average L2 norm of relation vector: 0.06402
2017-05-03 03:01:16,876 INFO: 	COST >> 0.085 +/- 0.006, % updates Left: 3.99% Rel: 0.32% Right: 3.36%
2017-05-03 03:08:14,679 INFO: ----------------------------------------------------------------------------
2017-05-03 03:08:14,679 INFO: EPOCH 8 (417.803 seconds):
2017-05-03 03:08:14,736 INFO: 	Average L2 norm of relation vector: 0.06486
2017-05-03 03:08:14,737 INFO: 	COST >> 0.079 +/- 0.005, % updates Left: 3.68% Rel: 0.3% Right: 3.12%
2017-05-03 03:15:17,873 INFO: ----------------------------------------------------------------------------
2017-05-03 03:15:17,875 INFO: EPOCH 9 (423.138 seconds):
2017-05-03 03:15:17,925 INFO: 	Average L2 norm of relation vector: 0.06561
2017-05-03 03:15:17,926 INFO: 	COST >> 0.073 +/- 0.005, % updates Left: 3.42% Rel: 0.28% Right: 2.9%
2017-05-03 03:37:25,668 INFO: ----------------------------------------------------------------------------
2017-05-03 03:37:25,671 INFO: EPOCH 10 (1327.744 seconds):
2017-05-03 03:37:25,723 INFO: 	Average L2 norm of relation vector: 0.06631
2017-05-03 03:37:25,725 INFO: 	COST >> 0.068 +/- 0.005, % updates Left: 3.19% Rel: 0.26% Right: 2.75%
2017-05-03 03:37:25,726 INFO: 	FilteredRanking: evaluating rank on 1000 triples
2017-05-03 03:50:51,163 INFO: 	FilteredRanking: evaluating rank on 1000 triples
2017-05-03 04:04:39,077 INFO: 	MEAN RANK >> valid: 344.2, train: 155.9
2017-05-03 04:04:39,081 INFO: 		MEAN RANK TRAIN: Left: 149.8 Rel: 2.9 Right: 162.1
2017-05-03 04:04:39,082 INFO: 		MEAN RANK VALID: Left: 379.4 Rel: 4.8 Right: 309.0
2017-05-03 04:04:39,083 INFO: 		MEAN RECIPROCAL RANK VALID (L & R): 0.136
2017-05-03 04:04:39,083 INFO: 	FilteredRanking: evaluating rank on 1000 triples
2017-05-03 04:18:04,045 INFO: 	NEW BEST TEST MR: 352.0
2017-05-03 04:18:04,045 INFO: 		Left MR: 384.2 Rel MR: 6.2 Right MR: 319.7
2017-05-03 04:18:04,246 INFO: 	(ranking took 2438.521 seconds)
2017-05-03 04:25:07,680 INFO: ----------------------------------------------------------------------------
2017-05-03 04:25:07,680 INFO: EPOCH 11 (423.434 seconds):
2017-05-03 04:25:07,729 INFO: 	Average L2 norm of relation vector: 0.06698
2017-05-03 04:25:07,730 INFO: 	COST >> 0.065 +/- 0.005, % updates Left: 3.07% Rel: 0.25% Right: 2.59%
2017-05-03 04:32:05,356 INFO: ----------------------------------------------------------------------------
2017-05-03 04:32:05,357 INFO: EPOCH 12 (417.626 seconds):
2017-05-03 04:32:05,411 INFO: 	Average L2 norm of relation vector: 0.06762
2017-05-03 04:32:05,412 INFO: 	COST >> 0.062 +/- 0.004, % updates Left: 2.92% Rel: 0.23% Right: 2.51%
2017-05-03 04:38:40,787 INFO: ----------------------------------------------------------------------------
2017-05-03 04:38:40,788 INFO: EPOCH 13 (395.376 seconds):
2017-05-03 04:38:40,845 INFO: 	Average L2 norm of relation vector: 0.06821
2017-05-03 04:38:40,846 INFO: 	COST >> 0.059 +/- 0.005, % updates Left: 2.77% Rel: 0.22% Right: 2.39%
2017-05-03 04:45:49,931 INFO: ----------------------------------------------------------------------------
2017-05-03 04:45:49,932 INFO: EPOCH 14 (429.086 seconds):
2017-05-03 04:45:49,991 INFO: 	Average L2 norm of relation vector: 0.06874
2017-05-03 04:45:49,992 INFO: 	COST >> 0.058 +/- 0.004, % updates Left: 2.7% Rel: 0.2% Right: 2.31%
2017-05-03 04:52:46,915 INFO: ----------------------------------------------------------------------------
2017-05-03 04:52:46,915 INFO: EPOCH 15 (416.923 seconds):
2017-05-03 04:52:46,966 INFO: 	Average L2 norm of relation vector: 0.06928
2017-05-03 04:52:46,967 INFO: 	COST >> 0.055 +/- 0.004, % updates Left: 2.62% Rel: 0.19% Right: 2.21%
2017-05-03 04:59:27,808 INFO: ----------------------------------------------------------------------------
2017-05-03 04:59:27,809 INFO: EPOCH 16 (400.841 seconds):
2017-05-03 04:59:27,861 INFO: 	Average L2 norm of relation vector: 0.06977
2017-05-03 04:59:27,862 INFO: 	COST >> 0.053 +/- 0.005, % updates Left: 2.51% Rel: 0.19% Right: 2.1%
2017-05-03 05:06:25,653 INFO: ----------------------------------------------------------------------------
2017-05-03 05:06:25,657 INFO: EPOCH 17 (417.795 seconds):
2017-05-03 05:06:25,715 INFO: 	Average L2 norm of relation vector: 0.07022
2017-05-03 05:06:25,716 INFO: 	COST >> 0.051 +/- 0.004, % updates Left: 2.37% Rel: 0.18% Right: 2.04%
2017-05-03 05:13:28,636 INFO: ----------------------------------------------------------------------------
2017-05-03 05:13:28,637 INFO: EPOCH 18 (422.921 seconds):
2017-05-03 05:13:28,687 INFO: 	Average L2 norm of relation vector: 0.07068
2017-05-03 05:13:28,687 INFO: 	COST >> 0.049 +/- 0.004, % updates Left: 2.33% Rel: 0.17% Right: 1.98%
2017-05-03 05:20:16,936 INFO: ----------------------------------------------------------------------------
2017-05-03 05:20:16,936 INFO: EPOCH 19 (408.249 seconds):
2017-05-03 05:20:16,994 INFO: 	Average L2 norm of relation vector: 0.07111
2017-05-03 05:20:16,995 INFO: 	COST >> 0.048 +/- 0.004, % updates Left: 2.24% Rel: 0.16% Right: 1.92%
2017-05-03 05:27:02,753 INFO: ----------------------------------------------------------------------------
2017-05-03 05:27:02,754 INFO: EPOCH 20 (405.758 seconds):
2017-05-03 05:27:02,805 INFO: 	Average L2 norm of relation vector: 0.07152
2017-05-03 05:27:02,806 INFO: 	COST >> 0.046 +/- 0.004, % updates Left: 2.18% Rel: 0.17% Right: 1.85%
2017-05-03 05:27:02,806 INFO: 	FilteredRanking: evaluating rank on 1000 triples
2017-05-03 05:41:56,348 INFO: 	FilteredRanking: evaluating rank on 1000 triples
2017-05-03 05:56:21,212 INFO: 	MEAN RANK >> valid: 255.9, train: 106.4
2017-05-03 05:56:21,213 INFO: 		MEAN RANK TRAIN: Left: 117.3 Rel: 2.2 Right: 95.5
2017-05-03 05:56:21,214 INFO: 		MEAN RANK VALID: Left: 269.9 Rel: 3.9 Right: 241.8
2017-05-03 05:56:21,214 INFO: 		MEAN RECIPROCAL RANK VALID (L & R): 0.1535
2017-05-03 05:56:21,215 INFO: 	FilteredRanking: evaluating rank on 1000 triples
2017-05-03 06:10:31,350 INFO: 	NEW BEST TEST MR: 233.7
2017-05-03 06:10:31,353 INFO: 		Left MR: 244.5 Rel MR: 4.8 Right MR: 222.9
2017-05-03 06:10:31,539 INFO: 	(ranking took 2608.732 seconds)
2017-05-03 06:17:37,641 INFO: ----------------------------------------------------------------------------
2017-05-03 06:17:37,641 INFO: EPOCH 21 (426.102 seconds):
2017-05-03 06:17:37,689 INFO: 	Average L2 norm of relation vector: 0.07193
2017-05-03 06:17:37,690 INFO: 	COST >> 0.045 +/- 0.004, % updates Left: 2.15% Rel: 0.15% Right: 1.84%
2017-05-03 06:24:36,449 INFO: ----------------------------------------------------------------------------
2017-05-03 06:24:36,450 INFO: EPOCH 22 (418.76 seconds):
2017-05-03 06:24:36,503 INFO: 	Average L2 norm of relation vector: 0.07231
2017-05-03 06:24:36,504 INFO: 	COST >> 0.044 +/- 0.004, % updates Left: 2.09% Rel: 0.14% Right: 1.76%
2017-05-03 06:31:28,989 INFO: ----------------------------------------------------------------------------
2017-05-03 06:31:28,989 INFO: EPOCH 23 (412.485 seconds):
2017-05-03 06:31:29,048 INFO: 	Average L2 norm of relation vector: 0.0727
2017-05-03 06:31:29,049 INFO: 	COST >> 0.043 +/- 0.004, % updates Left: 2.06% Rel: 0.15% Right: 1.71%
2017-05-03 06:38:15,040 INFO: ----------------------------------------------------------------------------
2017-05-03 06:38:15,040 INFO: EPOCH 24 (405.991 seconds):
2017-05-03 06:38:15,096 INFO: 	Average L2 norm of relation vector: 0.07307
2017-05-03 06:38:15,097 INFO: 	COST >> 0.043 +/- 0.005, % updates Left: 2.01% Rel: 0.15% Right: 1.72%
2017-05-03 06:45:23,277 INFO: ----------------------------------------------------------------------------
2017-05-03 06:45:23,277 INFO: EPOCH 25 (428.179 seconds):
2017-05-03 06:45:23,326 INFO: 	Average L2 norm of relation vector: 0.07341
2017-05-03 06:45:23,327 INFO: 	COST >> 0.041 +/- 0.004, % updates Left: 1.94% Rel: 0.14% Right: 1.66%
2017-05-03 06:52:17,339 INFO: ----------------------------------------------------------------------------
2017-05-03 06:52:17,339 INFO: EPOCH 26 (414.012 seconds):
2017-05-03 06:52:17,393 INFO: 	Average L2 norm of relation vector: 0.07373
2017-05-03 06:52:17,394 INFO: 	COST >> 0.041 +/- 0.004, % updates Left: 1.92% Rel: 0.14% Right: 1.64%
2017-05-03 06:58:54,613 INFO: ----------------------------------------------------------------------------
2017-05-03 06:58:54,613 INFO: EPOCH 27 (397.219 seconds):
2017-05-03 06:58:54,658 INFO: 	Average L2 norm of relation vector: 0.07408
2017-05-03 06:58:54,659 INFO: 	COST >> 0.04 +/- 0.003, % updates Left: 1.88% Rel: 0.13% Right: 1.63%
2017-05-03 07:05:52,211 INFO: ----------------------------------------------------------------------------
2017-05-03 07:05:52,213 INFO: EPOCH 28 (417.554 seconds):
2017-05-03 07:05:52,264 INFO: 	Average L2 norm of relation vector: 0.07441
2017-05-03 07:05:52,264 INFO: 	COST >> 0.04 +/- 0.004, % updates Left: 1.89% Rel: 0.13% Right: 1.63%
2017-05-03 07:12:34,208 INFO: ----------------------------------------------------------------------------
2017-05-03 07:12:34,209 INFO: EPOCH 29 (401.944 seconds):
2017-05-03 07:12:34,262 INFO: 	Average L2 norm of relation vector: 0.07473
2017-05-03 07:12:34,263 INFO: 	COST >> 0.039 +/- 0.004, % updates Left: 1.82% Rel: 0.12% Right: 1.56%
2017-05-03 07:19:08,029 INFO: ----------------------------------------------------------------------------
2017-05-03 07:19:08,029 INFO: EPOCH 30 (393.767 seconds):
2017-05-03 07:19:08,077 INFO: 	Average L2 norm of relation vector: 0.07504
2017-05-03 07:19:08,077 INFO: 	COST >> 0.038 +/- 0.004, % updates Left: 1.79% Rel: 0.13% Right: 1.54%
2017-05-03 07:19:08,078 INFO: 	FilteredRanking: evaluating rank on 1000 triples
2017-05-03 07:33:07,074 INFO: 	FilteredRanking: evaluating rank on 1000 triples
2017-05-03 07:46:45,215 INFO: 	MEAN RANK >> valid: 227.0, train: 87.1
2017-05-03 07:46:45,216 INFO: 		MEAN RANK TRAIN: Left: 93.7 Rel: 2.1 Right: 80.5
2017-05-03 07:46:45,217 INFO: 		MEAN RANK VALID: Left: 250.7 Rel: 3.3 Right: 203.4
2017-05-03 07:46:45,217 INFO: 		MEAN RECIPROCAL RANK VALID (L & R): 0.163
2017-05-03 07:46:45,217 INFO: 	FilteredRanking: evaluating rank on 1000 triples
2017-05-03 08:01:05,013 INFO: 	NEW BEST TEST MR: 190.0
2017-05-03 08:01:05,014 INFO: 		Left MR: 204.1 Rel MR: 3.8 Right MR: 175.9
2017-05-03 08:01:05,219 INFO: 	(ranking took 2517.141 seconds)
2017-05-03 08:07:43,542 INFO: ----------------------------------------------------------------------------
2017-05-03 08:07:43,548 INFO: EPOCH 31 (398.329 seconds):
2017-05-03 08:07:43,598 INFO: 	Average L2 norm of relation vector: 0.0753
2017-05-03 08:07:43,599 INFO: 	COST >> 0.038 +/- 0.003, % updates Left: 1.76% Rel: 0.12% Right: 1.5%
2017-05-03 08:14:32,510 INFO: ----------------------------------------------------------------------------
2017-05-03 08:14:32,510 INFO: EPOCH 32 (408.911 seconds):
2017-05-03 08:14:32,560 INFO: 	Average L2 norm of relation vector: 0.07559
2017-05-03 08:14:32,561 INFO: 	COST >> 0.037 +/- 0.003, % updates Left: 1.75% Rel: 0.12% Right: 1.5%
2017-05-03 08:21:07,901 INFO: ----------------------------------------------------------------------------
2017-05-03 08:21:07,901 INFO: EPOCH 33 (395.34 seconds):
2017-05-03 08:21:07,948 INFO: 	Average L2 norm of relation vector: 0.07586
2017-05-03 08:21:07,949 INFO: 	COST >> 0.036 +/- 0.003, % updates Left: 1.71% Rel: 0.12% Right: 1.46%
2017-05-03 08:27:28,008 INFO: ----------------------------------------------------------------------------
2017-05-03 08:27:28,008 INFO: EPOCH 34 (380.059 seconds):
2017-05-03 08:27:28,052 INFO: 	Average L2 norm of relation vector: 0.07613
2017-05-03 08:27:28,053 INFO: 	COST >> 0.036 +/- 0.003, % updates Left: 1.69% Rel: 0.11% Right: 1.45%
2017-05-03 08:34:03,983 INFO: ----------------------------------------------------------------------------
2017-05-03 08:34:03,983 INFO: EPOCH 35 (395.931 seconds):
2017-05-03 08:34:04,033 INFO: 	Average L2 norm of relation vector: 0.07641
2017-05-03 08:34:04,033 INFO: 	COST >> 0.036 +/- 0.004, % updates Left: 1.67% Rel: 0.11% Right: 1.43%
2017-05-03 08:40:41,599 INFO: ----------------------------------------------------------------------------
2017-05-03 08:40:41,600 INFO: EPOCH 36 (397.566 seconds):
2017-05-03 08:40:41,653 INFO: 	Average L2 norm of relation vector: 0.07667
2017-05-03 08:40:41,653 INFO: 	COST >> 0.035 +/- 0.003, % updates Left: 1.64% Rel: 0.11% Right: 1.39%
2017-05-03 08:47:04,245 INFO: ----------------------------------------------------------------------------
2017-05-03 08:47:04,245 INFO: EPOCH 37 (382.592 seconds):
2017-05-03 08:47:04,289 INFO: 	Average L2 norm of relation vector: 0.07694
2017-05-03 08:47:04,290 INFO: 	COST >> 0.035 +/- 0.004, % updates Left: 1.61% Rel: 0.1% Right: 1.4%
2017-05-03 08:53:34,526 INFO: ----------------------------------------------------------------------------
2017-05-03 08:53:34,527 INFO: EPOCH 38 (390.237 seconds):
2017-05-03 08:53:34,576 INFO: 	Average L2 norm of relation vector: 0.07719
2017-05-03 08:53:34,576 INFO: 	COST >> 0.035 +/- 0.004, % updates Left: 1.63% Rel: 0.11% Right: 1.38%
2017-05-03 09:00:14,774 INFO: ----------------------------------------------------------------------------
2017-05-03 09:00:14,775 INFO: EPOCH 39 (400.198 seconds):
2017-05-03 09:00:14,829 INFO: 	Average L2 norm of relation vector: 0.07743
2017-05-03 09:00:14,830 INFO: 	COST >> 0.034 +/- 0.004, % updates Left: 1.61% Rel: 0.11% Right: 1.38%
2017-05-03 09:06:44,597 INFO: ----------------------------------------------------------------------------
2017-05-03 09:06:44,601 INFO: EPOCH 40 (389.771 seconds):
2017-05-03 09:06:44,646 INFO: 	Average L2 norm of relation vector: 0.07766
2017-05-03 09:06:44,647 INFO: 	COST >> 0.033 +/- 0.003, % updates Left: 1.56% Rel: 0.1% Right: 1.32%
2017-05-03 09:06:44,647 INFO: 	FilteredRanking: evaluating rank on 1000 triples
2017-05-03 09:20:02,814 INFO: 	FilteredRanking: evaluating rank on 1000 triples
2017-05-03 09:33:04,891 INFO: 	MEAN RANK >> valid: 195.0, train: 75.7
2017-05-03 09:33:04,892 INFO: 		MEAN RANK TRAIN: Left: 82.5 Rel: 1.9 Right: 69.0
2017-05-03 09:33:04,893 INFO: 		MEAN RANK VALID: Left: 220.8 Rel: 3.0 Right: 169.3
2017-05-03 09:33:04,893 INFO: 		MEAN RECIPROCAL RANK VALID (L & R): 0.1755
2017-05-03 09:33:04,893 INFO: 	FilteredRanking: evaluating rank on 1000 triples
2017-05-03 09:46:44,278 INFO: 	NEW BEST TEST MR: 167.1
2017-05-03 09:46:44,279 INFO: 		Left MR: 175.5 Rel MR: 3.8 Right MR: 158.7
2017-05-03 09:46:44,474 INFO: 	(ranking took 2399.827 seconds)
2017-05-03 09:53:16,858 INFO: ----------------------------------------------------------------------------
2017-05-03 09:53:16,858 INFO: EPOCH 41 (392.384 seconds):
2017-05-03 09:53:16,907 INFO: 	Average L2 norm of relation vector: 0.07788
2017-05-03 09:53:16,907 INFO: 	COST >> 0.033 +/- 0.004, % updates Left: 1.54% Rel: 0.1% Right: 1.31%
2017-05-03 09:59:57,072 INFO: ----------------------------------------------------------------------------
2017-05-03 09:59:57,072 INFO: EPOCH 42 (400.165 seconds):
2017-05-03 09:59:57,122 INFO: 	Average L2 norm of relation vector: 0.07811
2017-05-03 09:59:57,122 INFO: 	COST >> 0.033 +/- 0.003, % updates Left: 1.53% Rel: 0.1% Right: 1.31%
2017-05-03 10:06:31,386 INFO: ----------------------------------------------------------------------------
2017-05-03 10:06:31,390 INFO: EPOCH 43 (394.267 seconds):
2017-05-03 10:06:31,436 INFO: 	Average L2 norm of relation vector: 0.07834
2017-05-03 10:06:31,436 INFO: 	COST >> 0.033 +/- 0.004, % updates Left: 1.52% Rel: 0.11% Right: 1.29%
2017-05-03 10:12:05,908 INFO: ----------------------------------------------------------------------------
2017-05-03 10:12:05,908 INFO: EPOCH 44 (334.471 seconds):
2017-05-03 10:12:05,952 INFO: 	Average L2 norm of relation vector: 0.07856
2017-05-03 10:12:05,953 INFO: 	COST >> 0.033 +/- 0.004, % updates Left: 1.51% Rel: 0.09% Right: 1.3%
2017-05-03 10:17:57,892 INFO: ----------------------------------------------------------------------------
2017-05-03 10:17:57,892 INFO: EPOCH 45 (351.939 seconds):
2017-05-03 10:17:57,938 INFO: 	Average L2 norm of relation vector: 0.0788
2017-05-03 10:17:57,938 INFO: 	COST >> 0.032 +/- 0.003, % updates Left: 1.48% Rel: 0.1% Right: 1.28%
2017-05-03 10:23:48,851 INFO: ----------------------------------------------------------------------------
2017-05-03 10:23:48,851 INFO: EPOCH 46 (350.912 seconds):
2017-05-03 10:23:48,897 INFO: 	Average L2 norm of relation vector: 0.07903
2017-05-03 10:23:48,897 INFO: 	COST >> 0.032 +/- 0.003, % updates Left: 1.48% Rel: 0.09% Right: 1.25%
2017-05-03 10:29:24,904 INFO: ----------------------------------------------------------------------------
2017-05-03 10:29:24,904 INFO: EPOCH 47 (336.006 seconds):
2017-05-03 10:29:24,949 INFO: 	Average L2 norm of relation vector: 0.07925
2017-05-03 10:29:24,949 INFO: 	COST >> 0.031 +/- 0.003, % updates Left: 1.46% Rel: 0.09% Right: 1.23%
2017-05-03 10:35:17,320 INFO: ----------------------------------------------------------------------------
2017-05-03 10:35:17,320 INFO: EPOCH 48 (352.371 seconds):
2017-05-03 10:35:17,369 INFO: 	Average L2 norm of relation vector: 0.07945
2017-05-03 10:35:17,369 INFO: 	COST >> 0.031 +/- 0.003, % updates Left: 1.44% Rel: 0.09% Right: 1.25%
2017-05-03 10:41:03,615 INFO: ----------------------------------------------------------------------------
2017-05-03 10:41:03,615 INFO: EPOCH 49 (346.246 seconds):
2017-05-03 10:41:03,659 INFO: 	Average L2 norm of relation vector: 0.07964
2017-05-03 10:41:03,660 INFO: 	COST >> 0.032 +/- 0.003, % updates Left: 1.46% Rel: 0.1% Right: 1.25%
2017-05-03 10:46:36,167 INFO: ----------------------------------------------------------------------------
2017-05-03 10:46:36,167 INFO: EPOCH 50 (332.507 seconds):
2017-05-03 10:46:36,213 INFO: 	Average L2 norm of relation vector: 0.07984
2017-05-03 10:46:36,213 INFO: 	COST >> 0.031 +/- 0.003, % updates Left: 1.43% Rel: 0.09% Right: 1.2%
2017-05-03 10:46:36,213 INFO: 	FilteredRanking: evaluating rank on 1000 triples
2017-05-03 11:00:25,822 INFO: 	FilteredRanking: evaluating rank on 1000 triples
2017-05-03 11:13:27,151 INFO: 	MEAN RANK >> valid: 192.4, train: 69.8
2017-05-03 11:13:27,157 INFO: 		MEAN RANK TRAIN: Left: 73.1 Rel: 1.8 Right: 66.6
2017-05-03 11:13:27,158 INFO: 		MEAN RANK VALID: Left: 218.0 Rel: 2.8 Right: 166.8
2017-05-03 11:13:27,158 INFO: 		MEAN RECIPROCAL RANK VALID (L & R): 0.174
2017-05-03 11:13:27,159 WARNING: 	WARNING, failed to improve MRR on valid, 2 chances left

2017-05-03 11:13:27,348 INFO: 	(ranking took 1611.135 seconds)
2017-05-03 11:19:35,450 INFO: ----------------------------------------------------------------------------
2017-05-03 11:19:35,450 INFO: EPOCH 51 (368.101 seconds):
2017-05-03 11:19:35,493 INFO: 	Average L2 norm of relation vector: 0.08006
2017-05-03 11:19:35,493 INFO: 	COST >> 0.031 +/- 0.004, % updates Left: 1.41% Rel: 0.09% Right: 1.23%
2017-05-03 11:25:14,675 INFO: ----------------------------------------------------------------------------
2017-05-03 11:25:14,676 INFO: EPOCH 52 (339.182 seconds):
2017-05-03 11:25:14,720 INFO: 	Average L2 norm of relation vector: 0.08025
2017-05-03 11:25:14,721 INFO: 	COST >> 0.03 +/- 0.003, % updates Left: 1.41% Rel: 0.09% Right: 1.2%
2017-05-03 11:31:01,644 INFO: ----------------------------------------------------------------------------
2017-05-03 11:31:01,644 INFO: EPOCH 53 (346.923 seconds):
2017-05-03 11:31:01,694 INFO: 	Average L2 norm of relation vector: 0.08044
2017-05-03 11:31:01,694 INFO: 	COST >> 0.03 +/- 0.004, % updates Left: 1.41% Rel: 0.09% Right: 1.17%
2017-05-03 11:37:02,676 INFO: ----------------------------------------------------------------------------
2017-05-03 11:37:02,676 INFO: EPOCH 54 (360.982 seconds):
2017-05-03 11:37:02,722 INFO: 	Average L2 norm of relation vector: 0.08063
2017-05-03 11:37:02,723 INFO: 	COST >> 0.03 +/- 0.003, % updates Left: 1.37% Rel: 0.08% Right: 1.18%
2017-05-03 11:42:49,793 INFO: ----------------------------------------------------------------------------
2017-05-03 11:42:49,793 INFO: EPOCH 55 (347.07 seconds):
2017-05-03 11:42:49,838 INFO: 	Average L2 norm of relation vector: 0.08082
2017-05-03 11:42:49,838 INFO: 	COST >> 0.029 +/- 0.003, % updates Left: 1.37% Rel: 0.09% Right: 1.14%
2017-05-03 11:49:34,443 INFO: ----------------------------------------------------------------------------
2017-05-03 11:49:34,443 INFO: EPOCH 56 (404.605 seconds):
2017-05-03 11:49:34,489 INFO: 	Average L2 norm of relation vector: 0.081
2017-05-03 11:49:34,490 INFO: 	COST >> 0.03 +/- 0.004, % updates Left: 1.36% Rel: 0.08% Right: 1.21%
2017-05-03 11:56:41,214 INFO: ----------------------------------------------------------------------------
2017-05-03 11:56:41,214 INFO: EPOCH 57 (426.724 seconds):
2017-05-03 11:56:41,275 INFO: 	Average L2 norm of relation vector: 0.08117
2017-05-03 11:56:41,276 INFO: 	COST >> 0.03 +/- 0.003, % updates Left: 1.35% Rel: 0.08% Right: 1.18%
2017-05-03 12:03:35,937 INFO: ----------------------------------------------------------------------------
2017-05-03 12:03:35,942 INFO: EPOCH 58 (414.666 seconds):
2017-05-03 12:03:35,985 INFO: 	Average L2 norm of relation vector: 0.08135
2017-05-03 12:03:35,986 INFO: 	COST >> 0.029 +/- 0.003, % updates Left: 1.34% Rel: 0.09% Right: 1.12%
2017-05-03 12:10:15,377 INFO: ----------------------------------------------------------------------------
2017-05-03 12:10:15,377 INFO: EPOCH 59 (399.391 seconds):
2017-05-03 12:10:15,434 INFO: 	Average L2 norm of relation vector: 0.08152
2017-05-03 12:10:15,435 INFO: 	COST >> 0.029 +/- 0.003, % updates Left: 1.32% Rel: 0.08% Right: 1.15%
2017-05-03 12:17:07,293 INFO: ----------------------------------------------------------------------------
2017-05-03 12:17:07,293 INFO: EPOCH 60 (411.858 seconds):
2017-05-03 12:17:07,343 INFO: 	Average L2 norm of relation vector: 0.0817
2017-05-03 12:17:07,343 INFO: 	COST >> 0.028 +/- 0.003, % updates Left: 1.31% Rel: 0.08% Right: 1.13%
2017-05-03 12:17:07,344 INFO: 	FilteredRanking: evaluating rank on 1000 triples
2017-05-03 12:30:29,902 INFO: 	FilteredRanking: evaluating rank on 1000 triples
2017-05-03 12:44:42,278 INFO: 	MEAN RANK >> valid: 172.3, train: 64.7
2017-05-03 12:44:42,279 INFO: 		MEAN RANK TRAIN: Left: 65.3 Rel: 1.8 Right: 64.1
2017-05-03 12:44:42,279 INFO: 		MEAN RANK VALID: Left: 190.6 Rel: 2.7 Right: 153.9
2017-05-03 12:44:42,279 INFO: 		MEAN RECIPROCAL RANK VALID (L & R): 0.193
2017-05-03 12:44:42,279 INFO: 	FilteredRanking: evaluating rank on 1000 triples
2017-05-03 12:59:04,611 INFO: 	NEW BEST TEST MR: 145.8
2017-05-03 12:59:04,612 INFO: 		Left MR: 159.4 Rel MR: 3.5 Right MR: 132.3
2017-05-03 12:59:04,802 INFO: 	(ranking took 2517.458 seconds)
2017-05-03 13:06:20,077 INFO: ----------------------------------------------------------------------------
2017-05-03 13:06:20,080 INFO: EPOCH 61 (435.278 seconds):
2017-05-03 13:06:20,131 INFO: 	Average L2 norm of relation vector: 0.08186
2017-05-03 13:06:20,131 INFO: 	COST >> 0.029 +/- 0.003, % updates Left: 1.29% Rel: 0.08% Right: 1.14%
2017-05-03 13:13:09,467 INFO: ----------------------------------------------------------------------------
2017-05-03 13:13:09,467 INFO: EPOCH 62 (409.335 seconds):
2017-05-03 13:13:09,511 INFO: 	Average L2 norm of relation vector: 0.08204
2017-05-03 13:13:09,512 INFO: 	COST >> 0.028 +/- 0.003, % updates Left: 1.3% Rel: 0.08% Right: 1.13%
2017-05-03 13:19:56,669 INFO: ----------------------------------------------------------------------------
2017-05-03 13:19:56,669 INFO: EPOCH 63 (407.157 seconds):
2017-05-03 13:19:56,726 INFO: 	Average L2 norm of relation vector: 0.08223
2017-05-03 13:19:56,727 INFO: 	COST >> 0.028 +/- 0.003, % updates Left: 1.31% Rel: 0.07% Right: 1.12%
2017-05-03 13:27:14,108 INFO: ----------------------------------------------------------------------------
2017-05-03 13:27:14,109 INFO: EPOCH 64 (437.382 seconds):
2017-05-03 13:27:14,169 INFO: 	Average L2 norm of relation vector: 0.0824
2017-05-03 13:27:14,170 INFO: 	COST >> 0.028 +/- 0.003, % updates Left: 1.28% Rel: 0.07% Right: 1.11%
2017-05-03 13:34:01,181 INFO: ----------------------------------------------------------------------------
2017-05-03 13:34:01,182 INFO: EPOCH 65 (407.011 seconds):
2017-05-03 13:34:01,226 INFO: 	Average L2 norm of relation vector: 0.08258
2017-05-03 13:34:01,227 INFO: 	COST >> 0.028 +/- 0.003, % updates Left: 1.28% Rel: 0.08% Right: 1.09%
2017-05-03 13:40:36,257 INFO: ----------------------------------------------------------------------------
2017-05-03 13:40:36,257 INFO: EPOCH 66 (395.03 seconds):
2017-05-03 13:40:36,307 INFO: 	Average L2 norm of relation vector: 0.08274
2017-05-03 13:40:36,307 INFO: 	COST >> 0.028 +/- 0.003, % updates Left: 1.28% Rel: 0.07% Right: 1.08%
2017-05-03 13:47:25,073 INFO: ----------------------------------------------------------------------------
2017-05-03 13:47:25,075 INFO: EPOCH 67 (408.767 seconds):
2017-05-03 13:47:25,139 INFO: 	Average L2 norm of relation vector: 0.0829
2017-05-03 13:47:25,140 INFO: 	COST >> 0.028 +/- 0.003, % updates Left: 1.25% Rel: 0.07% Right: 1.09%
2017-05-03 14:10:04,637 INFO: ----------------------------------------------------------------------------
2017-05-03 14:10:04,640 INFO: EPOCH 68 (1359.499 seconds):
2017-05-03 14:10:04,694 INFO: 	Average L2 norm of relation vector: 0.08305
2017-05-03 14:10:04,695 INFO: 	COST >> 0.028 +/- 0.003, % updates Left: 1.26% Rel: 0.08% Right: 1.07%
2017-05-03 14:16:33,989 INFO: ----------------------------------------------------------------------------
2017-05-03 14:16:33,991 INFO: EPOCH 69 (389.296 seconds):
2017-05-03 14:16:34,040 INFO: 	Average L2 norm of relation vector: 0.08318
2017-05-03 14:16:34,041 INFO: 	COST >> 0.027 +/- 0.003, % updates Left: 1.23% Rel: 0.08% Right: 1.06%
2017-05-03 14:23:04,422 INFO: ----------------------------------------------------------------------------
2017-05-03 14:23:04,427 INFO: EPOCH 70 (390.386 seconds):
2017-05-03 14:23:04,476 INFO: 	Average L2 norm of relation vector: 0.08332
2017-05-03 14:23:04,476 INFO: 	COST >> 0.027 +/- 0.003, % updates Left: 1.26% Rel: 0.07% Right: 1.08%
2017-05-03 14:23:04,477 INFO: 	FilteredRanking: evaluating rank on 1000 triples
2017-05-03 14:36:31,870 INFO: 	FilteredRanking: evaluating rank on 1000 triples
2017-05-03 14:49:44,464 INFO: 	MEAN RANK >> valid: 171.8, train: 61.6
2017-05-03 14:49:44,467 INFO: 		MEAN RANK TRAIN: Left: 68.8 Rel: 1.7 Right: 54.4
2017-05-03 14:49:44,468 INFO: 		MEAN RANK VALID: Left: 181.7 Rel: 2.8 Right: 162.0
2017-05-03 14:49:44,468 INFO: 		MEAN RECIPROCAL RANK VALID (L & R): 0.1815
2017-05-03 14:49:44,468 WARNING: 	WARNING, failed to improve MRR on valid, 2 chances left

2017-05-03 14:49:44,662 INFO: 	(ranking took 1600.185 seconds)
2017-05-03 14:56:40,047 INFO: ----------------------------------------------------------------------------
2017-05-03 14:56:40,049 INFO: EPOCH 71 (415.387 seconds):
2017-05-03 14:56:40,102 INFO: 	Average L2 norm of relation vector: 0.08346
2017-05-03 14:56:40,103 INFO: 	COST >> 0.028 +/- 0.003, % updates Left: 1.26% Rel: 0.08% Right: 1.06%
2017-05-03 15:03:11,070 INFO: ----------------------------------------------------------------------------
2017-05-03 15:03:11,073 INFO: EPOCH 72 (390.97 seconds):
2017-05-03 15:03:11,120 INFO: 	Average L2 norm of relation vector: 0.08361
2017-05-03 15:03:11,120 INFO: 	COST >> 0.028 +/- 0.003, % updates Left: 1.26% Rel: 0.08% Right: 1.07%
2017-05-03 15:09:44,907 INFO: ----------------------------------------------------------------------------
2017-05-03 15:09:44,912 INFO: EPOCH 73 (393.791 seconds):
2017-05-03 15:09:44,963 INFO: 	Average L2 norm of relation vector: 0.08376
2017-05-03 15:09:44,965 INFO: 	COST >> 0.026 +/- 0.003, % updates Left: 1.2% Rel: 0.08% Right: 1.02%
2017-05-03 15:16:43,785 INFO: ----------------------------------------------------------------------------
2017-05-03 15:16:43,787 INFO: EPOCH 74 (418.822 seconds):
2017-05-03 15:16:43,840 INFO: 	Average L2 norm of relation vector: 0.0839
2017-05-03 15:16:43,841 INFO: 	COST >> 0.026 +/- 0.003, % updates Left: 1.2% Rel: 0.07% Right: 1.01%
2017-05-03 15:23:50,201 INFO: ----------------------------------------------------------------------------
2017-05-03 15:23:50,208 INFO: EPOCH 75 (426.367 seconds):
2017-05-03 15:23:50,258 INFO: 	Average L2 norm of relation vector: 0.08405
2017-05-03 15:23:50,259 INFO: 	COST >> 0.026 +/- 0.003, % updates Left: 1.2% Rel: 0.07% Right: 1.03%
2017-05-03 15:30:45,338 INFO: ----------------------------------------------------------------------------
2017-05-03 15:30:45,339 INFO: EPOCH 76 (415.08 seconds):
2017-05-03 15:30:45,384 INFO: 	Average L2 norm of relation vector: 0.08418
2017-05-03 15:30:45,385 INFO: 	COST >> 0.026 +/- 0.003, % updates Left: 1.21% Rel: 0.07% Right: 1.02%
2017-05-03 15:37:57,558 INFO: ----------------------------------------------------------------------------
2017-05-03 15:37:57,559 INFO: EPOCH 77 (432.174 seconds):
2017-05-03 15:37:57,610 INFO: 	Average L2 norm of relation vector: 0.08432
2017-05-03 15:37:57,611 INFO: 	COST >> 0.027 +/- 0.003, % updates Left: 1.21% Rel: 0.07% Right: 1.04%
2017-05-03 15:44:35,557 INFO: ----------------------------------------------------------------------------
2017-05-03 15:44:35,560 INFO: EPOCH 78 (397.949 seconds):
2017-05-03 15:44:35,609 INFO: 	Average L2 norm of relation vector: 0.08444
2017-05-03 15:44:35,610 INFO: 	COST >> 0.026 +/- 0.003, % updates Left: 1.18% Rel: 0.06% Right: 0.99%
2017-05-03 15:50:52,421 INFO: ----------------------------------------------------------------------------
2017-05-03 15:50:52,421 INFO: EPOCH 79 (376.811 seconds):
2017-05-03 15:50:52,470 INFO: 	Average L2 norm of relation vector: 0.08457
2017-05-03 15:50:52,470 INFO: 	COST >> 0.026 +/- 0.003, % updates Left: 1.17% Rel: 0.07% Right: 0.99%
2017-05-03 15:57:23,919 INFO: ----------------------------------------------------------------------------
2017-05-03 15:57:23,920 INFO: EPOCH 80 (391.449 seconds):
2017-05-03 15:57:23,970 INFO: 	Average L2 norm of relation vector: 0.08472
2017-05-03 15:57:23,971 INFO: 	COST >> 0.026 +/- 0.003, % updates Left: 1.2% Rel: 0.07% Right: 1.01%
2017-05-03 15:57:23,972 INFO: 	FilteredRanking: evaluating rank on 1000 triples
2017-05-03 16:10:57,422 INFO: 	FilteredRanking: evaluating rank on 1000 triples
2017-05-03 16:24:36,722 INFO: 	MEAN RANK >> valid: 170.5, train: 58.5
2017-05-03 16:24:36,728 INFO: 		MEAN RANK TRAIN: Left: 61.5 Rel: 1.6 Right: 55.5
2017-05-03 16:24:36,729 INFO: 		MEAN RANK VALID: Left: 185.0 Rel: 2.8 Right: 156.1
2017-05-03 16:24:36,730 INFO: 		MEAN RECIPROCAL RANK VALID (L & R): 0.1995
2017-05-03 16:24:36,730 INFO: 	FilteredRanking: evaluating rank on 1000 triples
2017-05-03 16:38:06,594 INFO: 	NEW BEST TEST MR: 125.4
2017-05-03 16:38:06,598 INFO: 		Left MR: 144.4 Rel MR: 3.1 Right MR: 106.4
2017-05-03 16:38:06,799 INFO: 	(ranking took 2442.828 seconds)
2017-05-03 16:44:57,276 INFO: ----------------------------------------------------------------------------
2017-05-03 16:44:57,276 INFO: EPOCH 81 (410.477 seconds):
2017-05-03 16:44:57,323 INFO: 	Average L2 norm of relation vector: 0.08486
2017-05-03 16:44:57,324 INFO: 	COST >> 0.026 +/- 0.003, % updates Left: 1.21% Rel: 0.07% Right: 1.02%
2017-05-03 16:51:44,558 INFO: ----------------------------------------------------------------------------
2017-05-03 16:51:44,558 INFO: EPOCH 82 (407.234 seconds):
2017-05-03 16:51:44,610 INFO: 	Average L2 norm of relation vector: 0.08499
2017-05-03 16:51:44,610 INFO: 	COST >> 0.026 +/- 0.003, % updates Left: 1.17% Rel: 0.07% Right: 1.01%
2017-05-03 16:58:36,096 INFO: ----------------------------------------------------------------------------
2017-05-03 16:58:36,096 INFO: EPOCH 83 (411.485 seconds):
2017-05-03 16:58:36,148 INFO: 	Average L2 norm of relation vector: 0.08513
2017-05-03 16:58:36,149 INFO: 	COST >> 0.026 +/- 0.003, % updates Left: 1.18% Rel: 0.07% Right: 1.02%
2017-05-03 17:05:21,838 INFO: ----------------------------------------------------------------------------
2017-05-03 17:05:21,838 INFO: EPOCH 84 (405.688 seconds):
2017-05-03 17:05:21,892 INFO: 	Average L2 norm of relation vector: 0.08524
2017-05-03 17:05:21,892 INFO: 	COST >> 0.026 +/- 0.003, % updates Left: 1.14% Rel: 0.07% Right: 0.99%
2017-05-03 17:12:09,436 INFO: ----------------------------------------------------------------------------
2017-05-03 17:12:09,438 INFO: EPOCH 85 (407.546 seconds):
2017-05-03 17:12:09,484 INFO: 	Average L2 norm of relation vector: 0.08536
2017-05-03 17:12:09,484 INFO: 	COST >> 0.025 +/- 0.003, % updates Left: 1.12% Rel: 0.07% Right: 0.98%
2017-05-03 17:18:44,462 INFO: ----------------------------------------------------------------------------
2017-05-03 17:18:44,465 INFO: EPOCH 86 (394.981 seconds):
2017-05-03 17:18:44,507 INFO: 	Average L2 norm of relation vector: 0.08551
2017-05-03 17:18:44,507 INFO: 	COST >> 0.026 +/- 0.003, % updates Left: 1.15% Rel: 0.07% Right: 1.01%
2017-05-03 17:25:07,226 INFO: ----------------------------------------------------------------------------
2017-05-03 17:25:07,227 INFO: EPOCH 87 (382.719 seconds):
2017-05-03 17:25:07,275 INFO: 	Average L2 norm of relation vector: 0.08562
2017-05-03 17:25:07,276 INFO: 	COST >> 0.026 +/- 0.003, % updates Left: 1.16% Rel: 0.06% Right: 1.0%
2017-05-03 17:31:07,908 INFO: ----------------------------------------------------------------------------
2017-05-03 17:31:07,909 INFO: EPOCH 88 (360.632 seconds):
2017-05-03 17:31:07,952 INFO: 	Average L2 norm of relation vector: 0.08574
2017-05-03 17:31:07,952 INFO: 	COST >> 0.025 +/- 0.003, % updates Left: 1.13% Rel: 0.07% Right: 0.97%
2017-05-03 17:37:11,842 INFO: ----------------------------------------------------------------------------
2017-05-03 17:37:11,843 INFO: EPOCH 89 (363.89 seconds):
2017-05-03 17:37:11,893 INFO: 	Average L2 norm of relation vector: 0.08586
2017-05-03 17:37:11,894 INFO: 	COST >> 0.025 +/- 0.003, % updates Left: 1.13% Rel: 0.07% Right: 0.96%
2017-05-03 17:43:34,151 INFO: ----------------------------------------------------------------------------
2017-05-03 17:43:34,153 INFO: EPOCH 90 (382.259 seconds):
2017-05-03 17:43:34,203 INFO: 	Average L2 norm of relation vector: 0.08599
2017-05-03 17:43:34,204 INFO: 	COST >> 0.025 +/- 0.003, % updates Left: 1.13% Rel: 0.06% Right: 1.0%
2017-05-03 17:43:34,204 INFO: 	FilteredRanking: evaluating rank on 1000 triples
2017-05-03 17:55:37,555 INFO: 	FilteredRanking: evaluating rank on 1000 triples
2017-05-03 18:08:07,939 INFO: 	MEAN RANK >> valid: 164.5, train: 63.7
2017-05-03 18:08:07,939 INFO: 		MEAN RANK TRAIN: Left: 63.2 Rel: 1.5 Right: 64.2
2017-05-03 18:08:07,940 INFO: 		MEAN RANK VALID: Left: 182.1 Rel: 2.8 Right: 146.9
2017-05-03 18:08:07,940 INFO: 		MEAN RECIPROCAL RANK VALID (L & R): 0.2015
2017-05-03 18:08:07,940 INFO: 	FilteredRanking: evaluating rank on 1000 triples
2017-05-03 18:21:42,726 INFO: 	NEW BEST TEST MR: 125.9
2017-05-03 18:21:42,729 INFO: 		Left MR: 137.1 Rel MR: 3.0 Right MR: 114.7
2017-05-03 18:21:42,909 INFO: 	(ranking took 2288.704 seconds)
2017-05-03 18:27:30,020 INFO: ----------------------------------------------------------------------------
2017-05-03 18:27:30,022 INFO: EPOCH 91 (347.113 seconds):
2017-05-03 18:27:30,064 INFO: 	Average L2 norm of relation vector: 0.08609
2017-05-03 18:27:30,065 INFO: 	COST >> 0.025 +/- 0.003, % updates Left: 1.13% Rel: 0.06% Right: 0.98%
2017-05-03 18:33:07,245 INFO: ----------------------------------------------------------------------------
2017-05-03 18:33:07,245 INFO: EPOCH 92 (337.18 seconds):
2017-05-03 18:33:07,291 INFO: 	Average L2 norm of relation vector: 0.08621
2017-05-03 18:33:07,291 INFO: 	COST >> 0.025 +/- 0.003, % updates Left: 1.12% Rel: 0.07% Right: 0.98%
2017-05-03 18:38:53,931 INFO: ----------------------------------------------------------------------------
2017-05-03 18:38:53,931 INFO: EPOCH 93 (346.639 seconds):
2017-05-03 18:38:53,972 INFO: 	Average L2 norm of relation vector: 0.08632
2017-05-03 18:38:53,973 INFO: 	COST >> 0.025 +/- 0.003, % updates Left: 1.11% Rel: 0.06% Right: 0.99%
2017-05-03 18:44:23,093 INFO: ----------------------------------------------------------------------------
2017-05-03 18:44:23,093 INFO: EPOCH 94 (329.121 seconds):
2017-05-03 18:44:23,140 INFO: 	Average L2 norm of relation vector: 0.08645
2017-05-03 18:44:23,141 INFO: 	COST >> 0.025 +/- 0.003, % updates Left: 1.11% Rel: 0.06% Right: 0.96%
2017-05-03 18:50:38,441 INFO: ----------------------------------------------------------------------------
2017-05-03 18:50:38,442 INFO: EPOCH 95 (375.3 seconds):
2017-05-03 18:50:38,491 INFO: 	Average L2 norm of relation vector: 0.08656
2017-05-03 18:50:38,492 INFO: 	COST >> 0.025 +/- 0.003, % updates Left: 1.15% Rel: 0.06% Right: 0.95%
2017-05-03 18:57:14,160 INFO: ----------------------------------------------------------------------------
2017-05-03 18:57:14,161 INFO: EPOCH 96 (395.669 seconds):
2017-05-03 18:57:14,211 INFO: 	Average L2 norm of relation vector: 0.08668
2017-05-03 18:57:14,212 INFO: 	COST >> 0.025 +/- 0.003, % updates Left: 1.1% Rel: 0.06% Right: 0.94%
2017-05-03 19:02:54,495 INFO: ----------------------------------------------------------------------------
2017-05-03 19:02:54,495 INFO: EPOCH 97 (340.282 seconds):
2017-05-03 19:02:54,538 INFO: 	Average L2 norm of relation vector: 0.08678
2017-05-03 19:02:54,538 INFO: 	COST >> 0.025 +/- 0.003, % updates Left: 1.1% Rel: 0.06% Right: 0.94%
2017-05-03 19:08:18,364 INFO: ----------------------------------------------------------------------------
2017-05-03 19:08:18,364 INFO: EPOCH 98 (323.826 seconds):
2017-05-03 19:08:18,411 INFO: 	Average L2 norm of relation vector: 0.08689
2017-05-03 19:08:18,411 INFO: 	COST >> 0.025 +/- 0.003, % updates Left: 1.12% Rel: 0.06% Right: 0.93%
2017-05-03 19:14:14,911 INFO: ----------------------------------------------------------------------------
2017-05-03 19:14:14,912 INFO: EPOCH 99 (356.5 seconds):
2017-05-03 19:14:14,960 INFO: 	Average L2 norm of relation vector: 0.08699
2017-05-03 19:14:14,960 INFO: 	COST >> 0.025 +/- 0.003, % updates Left: 1.13% Rel: 0.06% Right: 0.96%
2017-05-03 19:20:12,889 INFO: ----------------------------------------------------------------------------
2017-05-03 19:20:12,891 INFO: EPOCH 100 (357.931 seconds):
2017-05-03 19:20:12,936 INFO: 	Average L2 norm of relation vector: 0.08711
2017-05-03 19:20:12,937 INFO: 	COST >> 0.024 +/- 0.003, % updates Left: 1.1% Rel: 0.06% Right: 0.94%
2017-05-03 19:20:12,937 INFO: 	FilteredRanking: evaluating rank on 1000 triples
2017-05-03 19:32:10,876 INFO: 	FilteredRanking: evaluating rank on 1000 triples
2017-05-03 19:43:55,617 INFO: 	MEAN RANK >> valid: 155.9, train: 57.7
2017-05-03 19:43:55,617 INFO: 		MEAN RANK TRAIN: Left: 63.5 Rel: 1.5 Right: 51.9
2017-05-03 19:43:55,619 INFO: 		MEAN RANK VALID: Left: 177.7 Rel: 2.6 Right: 134.2
2017-05-03 19:43:55,619 INFO: 		MEAN RECIPROCAL RANK VALID (L & R): 0.202
2017-05-03 19:43:55,619 INFO: 	FilteredRanking: evaluating rank on 1000 triples
2017-05-03 19:57:04,468 INFO: 	NEW BEST TEST MR: 127.2
2017-05-03 19:57:04,469 INFO: 		Left MR: 130.7 Rel MR: 3.0 Right MR: 123.7
2017-05-03 19:57:04,656 INFO: 	(ranking took 2211.719 seconds)
2017-05-03 20:02:35,558 INFO: ----------------------------------------------------------------------------
2017-05-03 20:02:35,559 INFO: EPOCH 101 (330.902 seconds):
2017-05-03 20:02:35,600 INFO: 	Average L2 norm of relation vector: 0.08722
2017-05-03 20:02:35,601 INFO: 	COST >> 0.025 +/- 0.003, % updates Left: 1.12% Rel: 0.06% Right: 0.94%
2017-05-03 20:08:33,924 INFO: ----------------------------------------------------------------------------
2017-05-03 20:08:33,924 INFO: EPOCH 102 (358.324 seconds):
2017-05-03 20:08:33,978 INFO: 	Average L2 norm of relation vector: 0.08732
2017-05-03 20:08:33,978 INFO: 	COST >> 0.024 +/- 0.003, % updates Left: 1.07% Rel: 0.06% Right: 0.92%
2017-05-03 20:14:42,546 INFO: ----------------------------------------------------------------------------
2017-05-03 20:14:42,547 INFO: EPOCH 103 (368.568 seconds):
2017-05-03 20:14:42,598 INFO: 	Average L2 norm of relation vector: 0.08743
2017-05-03 20:14:42,599 INFO: 	COST >> 0.024 +/- 0.003, % updates Left: 1.1% Rel: 0.06% Right: 0.92%
2017-05-03 20:20:25,236 INFO: ----------------------------------------------------------------------------
2017-05-03 20:20:25,242 INFO: EPOCH 104 (342.643 seconds):
2017-05-03 20:20:25,293 INFO: 	Average L2 norm of relation vector: 0.08753
2017-05-03 20:20:25,293 INFO: 	COST >> 0.024 +/- 0.003, % updates Left: 1.07% Rel: 0.07% Right: 0.91%
2017-05-03 20:26:18,558 INFO: ----------------------------------------------------------------------------
2017-05-03 20:26:18,558 INFO: EPOCH 105 (353.265 seconds):
2017-05-03 20:26:18,600 INFO: 	Average L2 norm of relation vector: 0.08764
2017-05-03 20:26:18,600 INFO: 	COST >> 0.024 +/- 0.003, % updates Left: 1.05% Rel: 0.06% Right: 0.93%
2017-05-03 20:32:18,297 INFO: ----------------------------------------------------------------------------
2017-05-03 20:32:18,298 INFO: EPOCH 106 (359.697 seconds):
2017-05-03 20:32:18,347 INFO: 	Average L2 norm of relation vector: 0.08775
2017-05-03 20:32:18,347 INFO: 	COST >> 0.024 +/- 0.003, % updates Left: 1.07% Rel: 0.07% Right: 0.94%
2017-05-03 20:38:58,333 INFO: ----------------------------------------------------------------------------
2017-05-03 20:38:58,333 INFO: EPOCH 107 (399.986 seconds):
2017-05-03 20:38:58,387 INFO: 	Average L2 norm of relation vector: 0.08785
2017-05-03 20:38:58,387 INFO: 	COST >> 0.024 +/- 0.003, % updates Left: 1.07% Rel: 0.06% Right: 0.93%
2017-05-03 20:45:44,835 INFO: ----------------------------------------------------------------------------
2017-05-03 20:45:44,836 INFO: EPOCH 108 (406.448 seconds):
2017-05-03 20:45:44,896 INFO: 	Average L2 norm of relation vector: 0.08796
2017-05-03 20:45:44,897 INFO: 	COST >> 0.024 +/- 0.003, % updates Left: 1.06% Rel: 0.06% Right: 0.91%
2017-05-03 20:52:36,568 INFO: ----------------------------------------------------------------------------
2017-05-03 20:52:36,569 INFO: EPOCH 109 (411.672 seconds):
2017-05-03 20:52:36,631 INFO: 	Average L2 norm of relation vector: 0.08806
2017-05-03 20:52:36,631 INFO: 	COST >> 0.024 +/- 0.003, % updates Left: 1.07% Rel: 0.06% Right: 0.92%
2017-05-03 20:59:13,124 INFO: ----------------------------------------------------------------------------
2017-05-03 20:59:13,125 INFO: EPOCH 110 (396.493 seconds):
2017-05-03 20:59:13,177 INFO: 	Average L2 norm of relation vector: 0.08815
2017-05-03 20:59:13,177 INFO: 	COST >> 0.024 +/- 0.003, % updates Left: 1.07% Rel: 0.06% Right: 0.91%
2017-05-03 20:59:13,178 INFO: 	FilteredRanking: evaluating rank on 1000 triples
2017-05-03 21:12:48,176 INFO: 	FilteredRanking: evaluating rank on 1000 triples
2017-05-03 21:27:23,789 INFO: 	MEAN RANK >> valid: 169.4, train: 49.4
2017-05-03 21:27:23,796 INFO: 		MEAN RANK TRAIN: Left: 51.4 Rel: 1.4 Right: 47.4
2017-05-03 21:27:23,798 INFO: 		MEAN RANK VALID: Left: 190.1 Rel: 2.8 Right: 148.8
2017-05-03 21:27:23,798 INFO: 		MEAN RECIPROCAL RANK VALID (L & R): 0.2065
2017-05-03 21:27:23,798 INFO: 	FilteredRanking: evaluating rank on 1000 triples
2017-05-03 21:41:00,632 INFO: 	NEW BEST TEST MR: 126.8
2017-05-03 21:41:00,633 INFO: 		Left MR: 133.8 Rel MR: 3.0 Right MR: 119.8
2017-05-03 21:41:00,816 INFO: 	(ranking took 2507.639 seconds)
2017-05-03 21:48:04,068 INFO: ----------------------------------------------------------------------------
2017-05-03 21:48:04,068 INFO: EPOCH 111 (423.252 seconds):
2017-05-03 21:48:04,126 INFO: 	Average L2 norm of relation vector: 0.08824
2017-05-03 21:48:04,126 INFO: 	COST >> 0.024 +/- 0.003, % updates Left: 1.05% Rel: 0.06% Right: 0.89%
2017-05-03 21:54:52,238 INFO: ----------------------------------------------------------------------------
2017-05-03 21:54:52,238 INFO: EPOCH 112 (408.112 seconds):
2017-05-03 21:54:52,292 INFO: 	Average L2 norm of relation vector: 0.08835
2017-05-03 21:54:52,293 INFO: 	COST >> 0.024 +/- 0.003, % updates Left: 1.04% Rel: 0.06% Right: 0.92%
2017-05-03 22:01:35,720 INFO: ----------------------------------------------------------------------------
2017-05-03 22:01:35,720 INFO: EPOCH 113 (403.426 seconds):
2017-05-03 22:01:35,769 INFO: 	Average L2 norm of relation vector: 0.08843
2017-05-03 22:01:35,769 INFO: 	COST >> 0.024 +/- 0.003, % updates Left: 1.07% Rel: 0.06% Right: 0.9%
2017-05-03 22:07:43,969 INFO: ----------------------------------------------------------------------------
2017-05-03 22:07:43,970 INFO: EPOCH 114 (368.2 seconds):
2017-05-03 22:07:44,014 INFO: 	Average L2 norm of relation vector: 0.08853
2017-05-03 22:07:44,014 INFO: 	COST >> 0.023 +/- 0.002, % updates Left: 1.06% Rel: 0.05% Right: 0.88%
2017-05-03 22:14:28,994 INFO: ----------------------------------------------------------------------------
2017-05-03 22:14:28,994 INFO: EPOCH 115 (404.979 seconds):
2017-05-03 22:14:29,047 INFO: 	Average L2 norm of relation vector: 0.08862
2017-05-03 22:14:29,047 INFO: 	COST >> 0.024 +/- 0.002, % updates Left: 1.05% Rel: 0.06% Right: 0.91%
2017-05-03 22:21:48,350 INFO: ----------------------------------------------------------------------------
2017-05-03 22:21:48,356 INFO: EPOCH 116 (439.308 seconds):
2017-05-03 22:21:48,409 INFO: 	Average L2 norm of relation vector: 0.08872
2017-05-03 22:21:48,410 INFO: 	COST >> 0.023 +/- 0.003, % updates Left: 1.05% Rel: 0.06% Right: 0.9%
2017-05-03 22:28:36,912 INFO: ----------------------------------------------------------------------------
2017-05-03 22:28:36,914 INFO: EPOCH 117 (408.503 seconds):
2017-05-03 22:28:36,967 INFO: 	Average L2 norm of relation vector: 0.08882
2017-05-03 22:28:36,968 INFO: 	COST >> 0.024 +/- 0.003, % updates Left: 1.05% Rel: 0.06% Right: 0.9%
2017-05-03 22:35:19,988 INFO: ----------------------------------------------------------------------------
2017-05-03 22:35:19,990 INFO: EPOCH 118 (403.021 seconds):
2017-05-03 22:35:20,047 INFO: 	Average L2 norm of relation vector: 0.08893
2017-05-03 22:35:20,048 INFO: 	COST >> 0.024 +/- 0.003, % updates Left: 1.05% Rel: 0.06% Right: 0.91%
2017-05-03 22:41:46,001 INFO: ----------------------------------------------------------------------------
2017-05-03 22:41:46,001 INFO: EPOCH 119 (385.953 seconds):
2017-05-03 22:41:46,049 INFO: 	Average L2 norm of relation vector: 0.08902
2017-05-03 22:41:46,049 INFO: 	COST >> 0.023 +/- 0.003, % updates Left: 1.02% Rel: 0.06% Right: 0.91%
2017-05-03 22:48:06,218 INFO: ----------------------------------------------------------------------------
2017-05-03 22:48:06,219 INFO: EPOCH 120 (380.169 seconds):
2017-05-03 22:48:06,269 INFO: 	Average L2 norm of relation vector: 0.08911
2017-05-03 22:48:06,270 INFO: 	COST >> 0.023 +/- 0.003, % updates Left: 1.03% Rel: 0.05% Right: 0.89%
2017-05-03 22:48:06,270 INFO: 	FilteredRanking: evaluating rank on 1000 triples
2017-05-03 23:03:24,908 INFO: 	FilteredRanking: evaluating rank on 1000 triples
2017-05-03 23:16:27,025 INFO: 	MEAN RANK >> valid: 149.1, train: 49.8
2017-05-03 23:16:27,025 INFO: 		MEAN RANK TRAIN: Left: 52.3 Rel: 1.4 Right: 47.4
2017-05-03 23:16:27,026 INFO: 		MEAN RANK VALID: Left: 172.9 Rel: 2.7 Right: 125.4
2017-05-03 23:16:27,026 INFO: 		MEAN RECIPROCAL RANK VALID (L & R): 0.2
2017-05-03 23:16:27,026 WARNING: 	WARNING, failed to improve MRR on valid, 2 chances left

2017-05-03 23:16:27,241 INFO: 	(ranking took 1700.971 seconds)
2017-05-03 23:23:20,905 INFO: ----------------------------------------------------------------------------
2017-05-03 23:23:20,911 INFO: EPOCH 121 (413.67 seconds):
2017-05-03 23:23:20,961 INFO: 	Average L2 norm of relation vector: 0.08921
2017-05-03 23:23:20,962 INFO: 	COST >> 0.023 +/- 0.003, % updates Left: 1.01% Rel: 0.06% Right: 0.9%
2017-05-03 23:30:01,354 INFO: ----------------------------------------------------------------------------
2017-05-03 23:30:01,354 INFO: EPOCH 122 (400.392 seconds):
2017-05-03 23:30:01,405 INFO: 	Average L2 norm of relation vector: 0.08929
2017-05-03 23:30:01,405 INFO: 	COST >> 0.023 +/- 0.003, % updates Left: 1.01% Rel: 0.05% Right: 0.88%
2017-05-03 23:36:52,062 INFO: ----------------------------------------------------------------------------
2017-05-03 23:36:52,062 INFO: EPOCH 123 (410.656 seconds):
2017-05-03 23:36:52,112 INFO: 	Average L2 norm of relation vector: 0.08938
2017-05-03 23:36:52,113 INFO: 	COST >> 0.024 +/- 0.003, % updates Left: 1.05% Rel: 0.05% Right: 0.89%
2017-05-03 23:43:31,351 INFO: ----------------------------------------------------------------------------
2017-05-03 23:43:31,351 INFO: EPOCH 124 (399.238 seconds):
2017-05-03 23:43:31,402 INFO: 	Average L2 norm of relation vector: 0.08947
2017-05-03 23:43:31,402 INFO: 	COST >> 0.023 +/- 0.003, % updates Left: 1.02% Rel: 0.05% Right: 0.89%
2017-05-03 23:49:51,684 INFO: ----------------------------------------------------------------------------
2017-05-03 23:49:51,684 INFO: EPOCH 125 (380.282 seconds):
2017-05-03 23:49:51,736 INFO: 	Average L2 norm of relation vector: 0.08956
2017-05-03 23:49:51,736 INFO: 	COST >> 0.023 +/- 0.003, % updates Left: 1.0% Rel: 0.05% Right: 0.88%
2017-05-03 23:56:57,046 INFO: ----------------------------------------------------------------------------
2017-05-03 23:56:57,047 INFO: EPOCH 126 (425.31 seconds):
2017-05-03 23:56:57,104 INFO: 	Average L2 norm of relation vector: 0.08965
2017-05-03 23:56:57,105 INFO: 	COST >> 0.024 +/- 0.003, % updates Left: 1.04% Rel: 0.06% Right: 0.87%
2017-05-04 00:04:08,783 INFO: ----------------------------------------------------------------------------
2017-05-04 00:04:08,784 INFO: EPOCH 127 (431.679 seconds):
2017-05-04 00:04:08,841 INFO: 	Average L2 norm of relation vector: 0.08973
2017-05-04 00:04:08,842 INFO: 	COST >> 0.024 +/- 0.003, % updates Left: 1.02% Rel: 0.05% Right: 0.91%
2017-05-04 00:11:13,768 INFO: ----------------------------------------------------------------------------
2017-05-04 00:11:13,771 INFO: EPOCH 128 (424.928 seconds):
2017-05-04 00:11:13,818 INFO: 	Average L2 norm of relation vector: 0.0898
2017-05-04 00:11:13,819 INFO: 	COST >> 0.023 +/- 0.003, % updates Left: 1.0% Rel: 0.06% Right: 0.86%
2017-05-04 00:18:10,043 INFO: ----------------------------------------------------------------------------
2017-05-04 00:18:10,060 INFO: EPOCH 129 (416.241 seconds):
2017-05-04 00:18:10,107 INFO: 	Average L2 norm of relation vector: 0.08988
2017-05-04 00:18:10,108 INFO: 	COST >> 0.023 +/- 0.003, % updates Left: 1.01% Rel: 0.06% Right: 0.85%
2017-05-04 00:24:33,431 INFO: ----------------------------------------------------------------------------
2017-05-04 00:24:33,432 INFO: EPOCH 130 (383.323 seconds):
2017-05-04 00:24:33,490 INFO: 	Average L2 norm of relation vector: 0.08997
2017-05-04 00:24:33,490 INFO: 	COST >> 0.023 +/- 0.003, % updates Left: 1.02% Rel: 0.05% Right: 0.88%
2017-05-04 00:24:33,491 INFO: 	FilteredRanking: evaluating rank on 1000 triples
2017-05-04 00:38:54,523 INFO: 	FilteredRanking: evaluating rank on 1000 triples
2017-05-04 00:51:32,962 INFO: 	MEAN RANK >> valid: 146.6, train: 56.3
2017-05-04 00:51:32,965 INFO: 		MEAN RANK TRAIN: Left: 60.1 Rel: 1.4 Right: 52.5
2017-05-04 00:51:32,966 INFO: 		MEAN RANK VALID: Left: 157.5 Rel: 2.5 Right: 135.7
2017-05-04 00:51:32,966 INFO: 		MEAN RECIPROCAL RANK VALID (L & R): 0.207
2017-05-04 00:51:32,966 INFO: 	FilteredRanking: evaluating rank on 1000 triples
2017-05-04 01:30:29,370 INFO: 	NEW BEST TEST MR: 113.9
2017-05-04 01:30:29,376 INFO: 		Left MR: 122.3 Rel MR: 2.9 Right MR: 105.5
2017-05-04 01:30:29,568 INFO: 	(ranking took 3956.077 seconds)
2017-05-04 01:36:36,388 INFO: ----------------------------------------------------------------------------
2017-05-04 01:36:36,389 INFO: EPOCH 131 (366.821 seconds):
2017-05-04 01:36:36,437 INFO: 	Average L2 norm of relation vector: 0.09007
2017-05-04 01:36:36,438 INFO: 	COST >> 0.023 +/- 0.003, % updates Left: 1.03% Rel: 0.05% Right: 0.87%
2017-05-04 01:42:27,432 INFO: ----------------------------------------------------------------------------
2017-05-04 01:42:27,432 INFO: EPOCH 132 (350.994 seconds):
2017-05-04 01:42:27,481 INFO: 	Average L2 norm of relation vector: 0.09016
2017-05-04 01:42:27,481 INFO: 	COST >> 0.023 +/- 0.003, % updates Left: 1.01% Rel: 0.06% Right: 0.84%
2017-05-04 01:47:54,083 INFO: ----------------------------------------------------------------------------
2017-05-04 01:47:54,087 INFO: EPOCH 133 (326.605 seconds):
2017-05-04 01:47:54,135 INFO: 	Average L2 norm of relation vector: 0.09024
2017-05-04 01:47:54,136 INFO: 	COST >> 0.023 +/- 0.003, % updates Left: 0.99% Rel: 0.06% Right: 0.88%
2017-05-04 01:53:37,087 INFO: ----------------------------------------------------------------------------
2017-05-04 01:53:37,088 INFO: EPOCH 134 (342.951 seconds):
2017-05-04 01:53:37,134 INFO: 	Average L2 norm of relation vector: 0.09032
2017-05-04 01:53:37,135 INFO: 	COST >> 0.022 +/- 0.003, % updates Left: 1.01% Rel: 0.06% Right: 0.82%
2017-05-04 01:59:32,712 INFO: ----------------------------------------------------------------------------
2017-05-04 01:59:32,713 INFO: EPOCH 135 (355.577 seconds):
2017-05-04 01:59:32,761 INFO: 	Average L2 norm of relation vector: 0.0904
2017-05-04 01:59:32,762 INFO: 	COST >> 0.023 +/- 0.003, % updates Left: 1.01% Rel: 0.05% Right: 0.89%
2017-05-04 02:05:44,442 INFO: ----------------------------------------------------------------------------
2017-05-04 02:05:44,442 INFO: EPOCH 136 (371.68 seconds):
2017-05-04 02:05:44,497 INFO: 	Average L2 norm of relation vector: 0.09047
2017-05-04 02:05:44,497 INFO: 	COST >> 0.022 +/- 0.003, % updates Left: 0.99% Rel: 0.05% Right: 0.82%
2017-05-04 02:11:49,606 INFO: ----------------------------------------------------------------------------
2017-05-04 02:11:49,606 INFO: EPOCH 137 (365.108 seconds):
2017-05-04 02:11:49,654 INFO: 	Average L2 norm of relation vector: 0.09057
2017-05-04 02:11:49,654 INFO: 	COST >> 0.024 +/- 0.003, % updates Left: 1.01% Rel: 0.05% Right: 0.9%
2017-05-04 02:17:20,669 INFO: ----------------------------------------------------------------------------
2017-05-04 02:17:20,669 INFO: EPOCH 138 (331.015 seconds):
2017-05-04 02:17:20,713 INFO: 	Average L2 norm of relation vector: 0.09065
2017-05-04 02:17:20,714 INFO: 	COST >> 0.023 +/- 0.003, % updates Left: 1.01% Rel: 0.05% Right: 0.85%
2017-05-04 02:22:59,797 INFO: ----------------------------------------------------------------------------
2017-05-04 02:22:59,797 INFO: EPOCH 139 (339.083 seconds):
2017-05-04 02:22:59,839 INFO: 	Average L2 norm of relation vector: 0.09074
2017-05-04 02:22:59,840 INFO: 	COST >> 0.023 +/- 0.003, % updates Left: 1.0% Rel: 0.05% Right: 0.85%
2017-05-04 02:29:11,715 INFO: ----------------------------------------------------------------------------
2017-05-04 02:29:11,715 INFO: EPOCH 140 (371.875 seconds):
2017-05-04 02:29:11,763 INFO: 	Average L2 norm of relation vector: 0.0908
2017-05-04 02:29:11,764 INFO: 	COST >> 0.023 +/- 0.003, % updates Left: 0.99% Rel: 0.06% Right: 0.84%
2017-05-04 02:29:11,764 INFO: 	FilteredRanking: evaluating rank on 1000 triples
2017-05-04 02:42:19,233 INFO: 	FilteredRanking: evaluating rank on 1000 triples
2017-05-04 02:54:11,363 INFO: 	MEAN RANK >> valid: 158.2, train: 48.0
2017-05-04 02:54:11,369 INFO: 		MEAN RANK TRAIN: Left: 48.9 Rel: 1.4 Right: 47.1
2017-05-04 02:54:11,370 INFO: 		MEAN RANK VALID: Left: 163.7 Rel: 2.5 Right: 152.8
2017-05-04 02:54:11,370 INFO: 		MEAN RECIPROCAL RANK VALID (L & R): 0.208
2017-05-04 02:54:11,371 INFO: 	FilteredRanking: evaluating rank on 1000 triples
2017-05-04 03:09:05,841 INFO: 	NEW BEST TEST MR: 118.3
2017-05-04 03:09:05,842 INFO: 		Left MR: 124.4 Rel MR: 2.9 Right MR: 112.1
2017-05-04 03:09:06,049 INFO: 	(ranking took 2394.285 seconds)
2017-05-04 03:16:02,634 INFO: ----------------------------------------------------------------------------
2017-05-04 03:16:02,634 INFO: EPOCH 141 (416.585 seconds):
2017-05-04 03:16:02,687 INFO: 	Average L2 norm of relation vector: 0.09089
2017-05-04 03:16:02,688 INFO: 	COST >> 0.023 +/- 0.003, % updates Left: 1.0% Rel: 0.05% Right: 0.85%
2017-05-04 03:22:33,916 INFO: ----------------------------------------------------------------------------
2017-05-04 03:22:33,916 INFO: EPOCH 142 (391.228 seconds):
2017-05-04 03:22:33,964 INFO: 	Average L2 norm of relation vector: 0.09098
2017-05-04 03:22:33,965 INFO: 	COST >> 0.023 +/- 0.003, % updates Left: 0.99% Rel: 0.05% Right: 0.85%
2017-05-04 03:29:14,737 INFO: ----------------------------------------------------------------------------
2017-05-04 03:29:14,737 INFO: EPOCH 143 (400.772 seconds):
2017-05-04 03:29:14,791 INFO: 	Average L2 norm of relation vector: 0.09106
2017-05-04 03:29:14,792 INFO: 	COST >> 0.023 +/- 0.003, % updates Left: 0.97% Rel: 0.05% Right: 0.83%
2017-05-04 03:36:11,857 INFO: ----------------------------------------------------------------------------
2017-05-04 03:36:11,857 INFO: EPOCH 144 (417.064 seconds):
2017-05-04 03:36:11,912 INFO: 	Average L2 norm of relation vector: 0.09114
2017-05-04 03:36:11,913 INFO: 	COST >> 0.023 +/- 0.003, % updates Left: 1.0% Rel: 0.05% Right: 0.84%
2017-05-04 03:43:31,167 INFO: ----------------------------------------------------------------------------
2017-05-04 03:43:31,167 INFO: EPOCH 145 (439.254 seconds):
2017-05-04 03:43:31,226 INFO: 	Average L2 norm of relation vector: 0.09122
2017-05-04 03:43:31,227 INFO: 	COST >> 0.022 +/- 0.003, % updates Left: 0.97% Rel: 0.05% Right: 0.84%
2017-05-04 03:50:31,220 INFO: ----------------------------------------------------------------------------
2017-05-04 03:50:31,227 INFO: EPOCH 146 (420.0 seconds):
2017-05-04 03:50:31,280 INFO: 	Average L2 norm of relation vector: 0.0913
2017-05-04 03:50:31,281 INFO: 	COST >> 0.022 +/- 0.003, % updates Left: 0.98% Rel: 0.06% Right: 0.85%
2017-05-04 03:57:04,274 INFO: ----------------------------------------------------------------------------
2017-05-04 03:57:04,274 INFO: EPOCH 147 (392.993 seconds):
2017-05-04 03:57:04,322 INFO: 	Average L2 norm of relation vector: 0.09138
2017-05-04 03:57:04,322 INFO: 	COST >> 0.022 +/- 0.003, % updates Left: 0.98% Rel: 0.05% Right: 0.85%
2017-05-04 04:03:51,374 INFO: ----------------------------------------------------------------------------
2017-05-04 04:03:51,374 INFO: EPOCH 148 (407.052 seconds):
2017-05-04 04:03:51,438 INFO: 	Average L2 norm of relation vector: 0.09145
2017-05-04 04:03:51,439 INFO: 	COST >> 0.022 +/- 0.002, % updates Left: 0.97% Rel: 0.05% Right: 0.83%
2017-05-04 04:10:45,707 INFO: ----------------------------------------------------------------------------
2017-05-04 04:10:45,707 INFO: EPOCH 149 (414.267 seconds):
2017-05-04 04:10:45,756 INFO: 	Average L2 norm of relation vector: 0.09151
2017-05-04 04:10:45,756 INFO: 	COST >> 0.022 +/- 0.003, % updates Left: 0.97% Rel: 0.05% Right: 0.82%
2017-05-04 04:18:02,924 INFO: ----------------------------------------------------------------------------
2017-05-04 04:18:02,924 INFO: EPOCH 150 (437.167 seconds):
2017-05-04 04:18:02,978 INFO: 	Average L2 norm of relation vector: 0.0916
2017-05-04 04:18:02,979 INFO: 	COST >> 0.023 +/- 0.002, % updates Left: 0.97% Rel: 0.05% Right: 0.87%
2017-05-04 04:18:02,980 INFO: 	FilteredRanking: evaluating rank on 1000 triples
2017-05-04 04:32:13,875 INFO: 	FilteredRanking: evaluating rank on 1000 triples
2017-05-04 04:47:06,088 INFO: 	MEAN RANK >> valid: 146.0, train: 50.6
2017-05-04 04:47:06,095 INFO: 		MEAN RANK TRAIN: Left: 52.8 Rel: 1.4 Right: 48.5
2017-05-04 04:47:06,098 INFO: 		MEAN RANK VALID: Left: 167.1 Rel: 2.6 Right: 125.0
2017-05-04 04:47:06,099 INFO: 		MEAN RECIPROCAL RANK VALID (L & R): 0.2055
2017-05-04 04:47:06,099 WARNING: 	WARNING, failed to improve MRR on valid, 2 chances left

2017-05-04 04:47:06,319 INFO: 	(ranking took 1743.339 seconds)
2017-05-04 04:54:22,225 INFO: ----------------------------------------------------------------------------
2017-05-04 04:54:22,225 INFO: EPOCH 151 (435.906 seconds):
2017-05-04 04:54:22,275 INFO: 	Average L2 norm of relation vector: 0.09168
2017-05-04 04:54:22,276 INFO: 	COST >> 0.023 +/- 0.003, % updates Left: 0.98% Rel: 0.04% Right: 0.85%
2017-05-04 05:00:56,839 INFO: ----------------------------------------------------------------------------
2017-05-04 05:00:56,839 INFO: EPOCH 152 (394.562 seconds):
2017-05-04 05:00:56,893 INFO: 	Average L2 norm of relation vector: 0.09175
2017-05-04 05:00:56,893 INFO: 	COST >> 0.022 +/- 0.003, % updates Left: 0.96% Rel: 0.05% Right: 0.84%
2017-05-04 05:07:35,225 INFO: ----------------------------------------------------------------------------
2017-05-04 05:07:35,225 INFO: EPOCH 153 (398.332 seconds):
2017-05-04 05:07:35,271 INFO: 	Average L2 norm of relation vector: 0.09182
2017-05-04 05:07:35,271 INFO: 	COST >> 0.022 +/- 0.003, % updates Left: 0.95% Rel: 0.05% Right: 0.83%
2017-05-04 05:14:30,857 INFO: ----------------------------------------------------------------------------
2017-05-04 05:14:30,857 INFO: EPOCH 154 (415.586 seconds):
2017-05-04 05:14:30,911 INFO: 	Average L2 norm of relation vector: 0.09189
2017-05-04 05:14:30,912 INFO: 	COST >> 0.022 +/- 0.003, % updates Left: 0.97% Rel: 0.05% Right: 0.82%
2017-05-04 05:21:24,737 INFO: ----------------------------------------------------------------------------
2017-05-04 05:21:24,737 INFO: EPOCH 155 (413.825 seconds):
2017-05-04 05:21:24,786 INFO: 	Average L2 norm of relation vector: 0.09197
2017-05-04 05:21:24,787 INFO: 	COST >> 0.022 +/- 0.003, % updates Left: 0.95% Rel: 0.06% Right: 0.83%
2017-05-04 05:28:41,439 INFO: ----------------------------------------------------------------------------
2017-05-04 05:28:41,439 INFO: EPOCH 156 (436.652 seconds):
2017-05-04 05:28:41,486 INFO: 	Average L2 norm of relation vector: 0.09203
2017-05-04 05:28:41,487 INFO: 	COST >> 0.023 +/- 0.003, % updates Left: 0.97% Rel: 0.05% Right: 0.83%
2017-05-04 05:35:18,781 INFO: ----------------------------------------------------------------------------
2017-05-04 05:35:18,781 INFO: EPOCH 157 (397.294 seconds):
2017-05-04 05:35:18,832 INFO: 	Average L2 norm of relation vector: 0.0921
2017-05-04 05:35:18,833 INFO: 	COST >> 0.022 +/- 0.003, % updates Left: 0.98% Rel: 0.05% Right: 0.83%
2017-05-04 05:41:52,824 INFO: ----------------------------------------------------------------------------
2017-05-04 05:41:52,824 INFO: EPOCH 158 (393.991 seconds):
2017-05-04 05:41:52,878 INFO: 	Average L2 norm of relation vector: 0.09216
2017-05-04 05:41:52,879 INFO: 	COST >> 0.022 +/- 0.002, % updates Left: 0.98% Rel: 0.05% Right: 0.8%
2017-05-04 05:48:48,397 INFO: ----------------------------------------------------------------------------
2017-05-04 05:48:48,404 INFO: EPOCH 159 (415.525 seconds):
2017-05-04 05:48:48,464 INFO: 	Average L2 norm of relation vector: 0.09221
2017-05-04 05:48:48,464 INFO: 	COST >> 0.023 +/- 0.003, % updates Left: 0.97% Rel: 0.05% Right: 0.83%
2017-05-04 05:55:42,666 INFO: ----------------------------------------------------------------------------
2017-05-04 05:55:42,666 INFO: EPOCH 160 (414.202 seconds):
2017-05-04 05:55:42,714 INFO: 	Average L2 norm of relation vector: 0.09229
2017-05-04 05:55:42,715 INFO: 	COST >> 0.022 +/- 0.003, % updates Left: 0.96% Rel: 0.05% Right: 0.84%
2017-05-04 05:55:42,715 INFO: 	FilteredRanking: evaluating rank on 1000 triples
2017-05-04 06:10:38,118 INFO: 	FilteredRanking: evaluating rank on 1000 triples
2017-05-04 06:25:41,977 INFO: 	MEAN RANK >> valid: 145.5, train: 48.7
2017-05-04 06:25:41,978 INFO: 		MEAN RANK TRAIN: Left: 49.6 Rel: 1.4 Right: 47.7
2017-05-04 06:25:41,979 INFO: 		MEAN RANK VALID: Left: 166.7 Rel: 2.6 Right: 124.3
2017-05-04 06:25:41,979 INFO: 		MEAN RECIPROCAL RANK VALID (L & R): 0.2205
2017-05-04 06:25:41,979 INFO: 	FilteredRanking: evaluating rank on 1000 triples
2017-05-04 06:40:18,346 INFO: 	NEW BEST TEST MR: 127.1
2017-05-04 06:40:18,347 INFO: 		Left MR: 124.7 Rel MR: 2.9 Right MR: 129.5
2017-05-04 06:40:18,528 INFO: 	(ranking took 2675.813 seconds)
2017-05-04 06:46:37,077 INFO: ----------------------------------------------------------------------------
2017-05-04 06:46:37,081 INFO: EPOCH 161 (378.553 seconds):
2017-05-04 06:46:37,127 INFO: 	Average L2 norm of relation vector: 0.09236
2017-05-04 06:46:37,127 INFO: 	COST >> 0.022 +/- 0.003, % updates Left: 0.97% Rel: 0.05% Right: 0.83%
2017-05-04 06:53:06,045 INFO: ----------------------------------------------------------------------------
2017-05-04 06:53:06,045 INFO: EPOCH 162 (388.918 seconds):
2017-05-04 06:53:06,091 INFO: 	Average L2 norm of relation vector: 0.09245
2017-05-04 06:53:06,092 INFO: 	COST >> 0.022 +/- 0.003, % updates Left: 0.99% Rel: 0.05% Right: 0.82%
2017-05-04 06:59:18,782 INFO: ----------------------------------------------------------------------------
2017-05-04 06:59:18,783 INFO: EPOCH 163 (372.69 seconds):
2017-05-04 06:59:18,831 INFO: 	Average L2 norm of relation vector: 0.09251
2017-05-04 06:59:18,832 INFO: 	COST >> 0.022 +/- 0.003, % updates Left: 0.95% Rel: 0.05% Right: 0.82%
2017-05-04 07:05:34,699 INFO: ----------------------------------------------------------------------------
2017-05-04 07:05:34,699 INFO: EPOCH 164 (375.867 seconds):
2017-05-04 07:05:34,753 INFO: 	Average L2 norm of relation vector: 0.09259
2017-05-04 07:05:34,754 INFO: 	COST >> 0.022 +/- 0.002, % updates Left: 0.93% Rel: 0.05% Right: 0.8%
2017-05-04 07:11:34,224 INFO: ----------------------------------------------------------------------------
2017-05-04 07:11:34,225 INFO: EPOCH 165 (359.47 seconds):
2017-05-04 07:11:34,273 INFO: 	Average L2 norm of relation vector: 0.09266
2017-05-04 07:11:34,274 INFO: 	COST >> 0.022 +/- 0.003, % updates Left: 0.97% Rel: 0.05% Right: 0.8%
2017-05-04 07:17:22,643 INFO: ----------------------------------------------------------------------------
2017-05-04 07:17:22,643 INFO: EPOCH 166 (348.369 seconds):
2017-05-04 07:17:22,688 INFO: 	Average L2 norm of relation vector: 0.09271
2017-05-04 07:17:22,689 INFO: 	COST >> 0.022 +/- 0.002, % updates Left: 0.94% Rel: 0.05% Right: 0.82%
2017-05-04 07:23:51,751 INFO: ----------------------------------------------------------------------------
2017-05-04 07:23:51,751 INFO: EPOCH 167 (389.062 seconds):
2017-05-04 07:23:51,802 INFO: 	Average L2 norm of relation vector: 0.09278
2017-05-04 07:23:51,802 INFO: 	COST >> 0.022 +/- 0.002, % updates Left: 0.93% Rel: 0.05% Right: 0.8%
2017-05-04 07:30:03,507 INFO: ----------------------------------------------------------------------------
2017-05-04 07:30:03,508 INFO: EPOCH 168 (371.705 seconds):
2017-05-04 07:30:03,562 INFO: 	Average L2 norm of relation vector: 0.09285
2017-05-04 07:30:03,563 INFO: 	COST >> 0.022 +/- 0.003, % updates Left: 0.96% Rel: 0.05% Right: 0.79%
2017-05-04 07:36:16,282 INFO: ----------------------------------------------------------------------------
2017-05-04 07:36:16,282 INFO: EPOCH 169 (372.719 seconds):
2017-05-04 07:36:16,327 INFO: 	Average L2 norm of relation vector: 0.09291
2017-05-04 07:36:16,328 INFO: 	COST >> 0.022 +/- 0.003, % updates Left: 0.94% Rel: 0.05% Right: 0.79%
2017-05-04 07:42:18,551 INFO: ----------------------------------------------------------------------------
2017-05-04 07:42:18,551 INFO: EPOCH 170 (362.223 seconds):
2017-05-04 07:42:18,602 INFO: 	Average L2 norm of relation vector: 0.09298
2017-05-04 07:42:18,602 INFO: 	COST >> 0.022 +/- 0.003, % updates Left: 0.92% Rel: 0.05% Right: 0.8%
2017-05-04 07:42:18,603 INFO: 	FilteredRanking: evaluating rank on 1000 triples
2017-05-04 07:56:01,446 INFO: 	FilteredRanking: evaluating rank on 1000 triples
2017-05-04 08:09:12,326 INFO: 	MEAN RANK >> valid: 132.7, train: 47.9
2017-05-04 08:09:12,327 INFO: 		MEAN RANK TRAIN: Left: 47.9 Rel: 1.4 Right: 47.9
2017-05-04 08:09:12,327 INFO: 		MEAN RANK VALID: Left: 153.2 Rel: 2.4 Right: 112.1
2017-05-04 08:09:12,327 INFO: 		MEAN RECIPROCAL RANK VALID (L & R): 0.217
2017-05-04 08:09:12,327 WARNING: 	WARNING, failed to improve MRR on valid, 2 chances left

2017-05-04 08:09:12,533 INFO: 	(ranking took 1613.931 seconds)
2017-05-04 08:15:19,990 INFO: ----------------------------------------------------------------------------
2017-05-04 08:15:19,990 INFO: EPOCH 171 (367.457 seconds):
2017-05-04 08:15:20,041 INFO: 	Average L2 norm of relation vector: 0.09304
2017-05-04 08:15:20,042 INFO: 	COST >> 0.022 +/- 0.003, % updates Left: 0.96% Rel: 0.06% Right: 0.79%
2017-05-04 08:21:38,486 INFO: ----------------------------------------------------------------------------
2017-05-04 08:21:38,487 INFO: EPOCH 172 (378.445 seconds):
2017-05-04 08:21:38,538 INFO: 	Average L2 norm of relation vector: 0.09311
2017-05-04 08:21:38,539 INFO: 	COST >> 0.022 +/- 0.003, % updates Left: 0.95% Rel: 0.05% Right: 0.79%
2017-05-04 08:28:04,877 INFO: ----------------------------------------------------------------------------
2017-05-04 08:28:04,877 INFO: EPOCH 173 (386.338 seconds):
2017-05-04 08:28:04,928 INFO: 	Average L2 norm of relation vector: 0.09317
2017-05-04 08:28:04,928 INFO: 	COST >> 0.021 +/- 0.003, % updates Left: 0.91% Rel: 0.04% Right: 0.79%
2017-05-04 08:34:05,935 INFO: ----------------------------------------------------------------------------
2017-05-04 08:34:05,935 INFO: EPOCH 174 (361.007 seconds):
2017-05-04 08:34:05,980 INFO: 	Average L2 norm of relation vector: 0.09323
2017-05-04 08:34:05,981 INFO: 	COST >> 0.022 +/- 0.002, % updates Left: 0.95% Rel: 0.04% Right: 0.8%
2017-05-04 08:40:05,424 INFO: ----------------------------------------------------------------------------
2017-05-04 08:40:05,424 INFO: EPOCH 175 (359.443 seconds):
2017-05-04 08:40:05,473 INFO: 	Average L2 norm of relation vector: 0.09329
2017-05-04 08:40:05,474 INFO: 	COST >> 0.021 +/- 0.003, % updates Left: 0.9% Rel: 0.04% Right: 0.78%
2017-05-04 08:46:21,167 INFO: ----------------------------------------------------------------------------
2017-05-04 08:46:21,173 INFO: EPOCH 176 (375.699 seconds):
2017-05-04 08:46:21,220 INFO: 	Average L2 norm of relation vector: 0.09335
2017-05-04 08:46:21,221 INFO: 	COST >> 0.022 +/- 0.003, % updates Left: 0.93% Rel: 0.04% Right: 0.81%
2017-05-04 08:52:36,392 INFO: ----------------------------------------------------------------------------
2017-05-04 08:52:36,392 INFO: EPOCH 177 (375.171 seconds):
2017-05-04 08:52:36,443 INFO: 	Average L2 norm of relation vector: 0.09341
2017-05-04 08:52:36,444 INFO: 	COST >> 0.021 +/- 0.002, % updates Left: 0.91% Rel: 0.05% Right: 0.8%
2017-05-04 08:59:05,053 INFO: ----------------------------------------------------------------------------
2017-05-04 08:59:05,054 INFO: EPOCH 178 (388.61 seconds):
2017-05-04 08:59:05,105 INFO: 	Average L2 norm of relation vector: 0.09346
2017-05-04 08:59:05,105 INFO: 	COST >> 0.022 +/- 0.003, % updates Left: 0.93% Rel: 0.05% Right: 0.8%
2017-05-04 09:04:53,725 INFO: ----------------------------------------------------------------------------
2017-05-04 09:04:53,726 INFO: EPOCH 179 (348.62 seconds):
2017-05-04 09:04:53,776 INFO: 	Average L2 norm of relation vector: 0.09352
2017-05-04 09:04:53,776 INFO: 	COST >> 0.022 +/- 0.003, % updates Left: 0.94% Rel: 0.05% Right: 0.81%
2017-05-04 09:10:50,486 INFO: ----------------------------------------------------------------------------
2017-05-04 09:10:50,486 INFO: EPOCH 180 (356.709 seconds):
2017-05-04 09:10:50,528 INFO: 	Average L2 norm of relation vector: 0.09358
2017-05-04 09:10:50,528 INFO: 	COST >> 0.022 +/- 0.002, % updates Left: 0.93% Rel: 0.05% Right: 0.81%
2017-05-04 09:10:50,528 INFO: 	FilteredRanking: evaluating rank on 1000 triples
2017-05-04 09:23:13,798 INFO: 	FilteredRanking: evaluating rank on 1000 triples
2017-05-04 09:35:58,344 INFO: 	MEAN RANK >> valid: 138.3, train: 48.1
2017-05-04 09:35:58,344 INFO: 		MEAN RANK TRAIN: Left: 49.7 Rel: 1.3 Right: 46.5
2017-05-04 09:35:58,345 INFO: 		MEAN RANK VALID: Left: 157.2 Rel: 2.6 Right: 119.3
2017-05-04 09:35:58,345 INFO: 		MEAN RECIPROCAL RANK VALID (L & R): 0.2175
2017-05-04 09:35:58,345 WARNING: 	WARNING, failed to improve MRR on valid, 1 chances left

2017-05-04 09:35:58,573 INFO: 	(ranking took 1508.044 seconds)
2017-05-04 09:42:05,612 INFO: ----------------------------------------------------------------------------
2017-05-04 09:42:05,613 INFO: EPOCH 181 (367.039 seconds):
2017-05-04 09:42:05,662 INFO: 	Average L2 norm of relation vector: 0.09363
2017-05-04 09:42:05,662 INFO: 	COST >> 0.022 +/- 0.003, % updates Left: 0.93% Rel: 0.05% Right: 0.8%
2017-05-04 09:47:54,326 INFO: ----------------------------------------------------------------------------
2017-05-04 09:47:54,332 INFO: EPOCH 182 (348.669 seconds):
2017-05-04 09:47:54,379 INFO: 	Average L2 norm of relation vector: 0.09368
2017-05-04 09:47:54,380 INFO: 	COST >> 0.022 +/- 0.002, % updates Left: 0.93% Rel: 0.04% Right: 0.78%
2017-05-04 09:53:44,302 INFO: ----------------------------------------------------------------------------
2017-05-04 09:53:44,303 INFO: EPOCH 183 (349.923 seconds):
2017-05-04 09:53:44,346 INFO: 	Average L2 norm of relation vector: 0.09374
2017-05-04 09:53:44,347 INFO: 	COST >> 0.022 +/- 0.003, % updates Left: 0.92% Rel: 0.05% Right: 0.79%
2017-05-04 09:59:33,568 INFO: ----------------------------------------------------------------------------
2017-05-04 09:59:33,569 INFO: EPOCH 184 (349.222 seconds):
2017-05-04 09:59:33,614 INFO: 	Average L2 norm of relation vector: 0.0938
2017-05-04 09:59:33,615 INFO: 	COST >> 0.022 +/- 0.003, % updates Left: 0.91% Rel: 0.05% Right: 0.81%
2017-05-04 10:05:33,895 INFO: ----------------------------------------------------------------------------
2017-05-04 10:05:33,896 INFO: EPOCH 185 (360.28 seconds):
2017-05-04 10:05:33,945 INFO: 	Average L2 norm of relation vector: 0.09387
2017-05-04 10:05:33,945 INFO: 	COST >> 0.021 +/- 0.002, % updates Left: 0.95% Rel: 0.04% Right: 0.79%
2017-05-04 10:11:35,434 INFO: ----------------------------------------------------------------------------
2017-05-04 10:11:35,434 INFO: EPOCH 186 (361.489 seconds):
2017-05-04 10:11:35,484 INFO: 	Average L2 norm of relation vector: 0.09394
2017-05-04 10:11:35,485 INFO: 	COST >> 0.022 +/- 0.003, % updates Left: 0.92% Rel: 0.04% Right: 0.79%
2017-05-04 10:17:24,204 INFO: ----------------------------------------------------------------------------
2017-05-04 10:17:24,204 INFO: EPOCH 187 (348.719 seconds):
2017-05-04 10:17:24,254 INFO: 	Average L2 norm of relation vector: 0.09401
2017-05-04 10:17:24,254 INFO: 	COST >> 0.022 +/- 0.003, % updates Left: 0.93% Rel: 0.05% Right: 0.77%
2017-05-04 10:23:14,050 INFO: ----------------------------------------------------------------------------
2017-05-04 10:23:14,050 INFO: EPOCH 188 (349.796 seconds):
2017-05-04 10:23:14,097 INFO: 	Average L2 norm of relation vector: 0.09406
2017-05-04 10:23:14,098 INFO: 	COST >> 0.022 +/- 0.003, % updates Left: 0.91% Rel: 0.05% Right: 0.78%
2017-05-04 10:29:03,004 INFO: ----------------------------------------------------------------------------
2017-05-04 10:29:03,005 INFO: EPOCH 189 (348.906 seconds):
2017-05-04 10:29:03,053 INFO: 	Average L2 norm of relation vector: 0.09413
2017-05-04 10:29:03,054 INFO: 	COST >> 0.021 +/- 0.002, % updates Left: 0.92% Rel: 0.04% Right: 0.8%
2017-05-04 10:35:04,080 INFO: ----------------------------------------------------------------------------
2017-05-04 10:35:04,080 INFO: EPOCH 190 (361.025 seconds):
2017-05-04 10:35:04,128 INFO: 	Average L2 norm of relation vector: 0.09418
2017-05-04 10:35:04,129 INFO: 	COST >> 0.022 +/- 0.003, % updates Left: 0.91% Rel: 0.05% Right: 0.8%
2017-05-04 10:35:04,129 INFO: 	FilteredRanking: evaluating rank on 1000 triples
2017-05-04 10:47:51,200 INFO: 	FilteredRanking: evaluating rank on 1000 triples
2017-05-04 11:00:18,335 INFO: 	MEAN RANK >> valid: 146.8, train: 47.3
2017-05-04 11:00:18,336 INFO: 		MEAN RANK TRAIN: Left: 50.7 Rel: 1.3 Right: 43.8
2017-05-04 11:00:18,336 INFO: 		MEAN RANK VALID: Left: 160.2 Rel: 2.7 Right: 133.5
2017-05-04 11:00:18,336 INFO: 		MEAN RECIPROCAL RANK VALID (L & R): 0.2095
2017-05-04 11:00:18,337 WARNING: 	WARNING, failed to improve MRR on valid, 0 chances left

2017-05-04 11:00:18,553 INFO: 	(ranking took 1514.424 seconds)
2017-05-04 11:06:22,121 INFO: ----------------------------------------------------------------------------
2017-05-04 11:06:22,121 INFO: EPOCH 191 (363.568 seconds):
2017-05-04 11:06:22,165 INFO: 	Average L2 norm of relation vector: 0.09422
2017-05-04 11:06:22,166 INFO: 	COST >> 0.021 +/- 0.003, % updates Left: 0.91% Rel: 0.05% Right: 0.78%
2017-05-04 11:12:10,804 INFO: ----------------------------------------------------------------------------
2017-05-04 11:12:10,804 INFO: EPOCH 192 (348.638 seconds):
2017-05-04 11:12:10,852 INFO: 	Average L2 norm of relation vector: 0.09426
2017-05-04 11:12:10,853 INFO: 	COST >> 0.021 +/- 0.002, % updates Left: 0.89% Rel: 0.04% Right: 0.76%
2017-05-04 11:18:12,081 INFO: ----------------------------------------------------------------------------
2017-05-04 11:18:12,082 INFO: EPOCH 193 (361.229 seconds):
2017-05-04 11:18:12,128 INFO: 	Average L2 norm of relation vector: 0.09432
2017-05-04 11:18:12,129 INFO: 	COST >> 0.021 +/- 0.003, % updates Left: 0.88% Rel: 0.05% Right: 0.78%
2017-05-04 11:24:04,456 INFO: ----------------------------------------------------------------------------
2017-05-04 11:24:04,457 INFO: EPOCH 194 (352.327 seconds):
2017-05-04 11:24:04,508 INFO: 	Average L2 norm of relation vector: 0.09436
2017-05-04 11:24:04,509 INFO: 	COST >> 0.021 +/- 0.003, % updates Left: 0.9% Rel: 0.04% Right: 0.78%
2017-05-04 11:29:53,375 INFO: ----------------------------------------------------------------------------
2017-05-04 11:29:53,375 INFO: EPOCH 195 (348.866 seconds):
2017-05-04 11:29:53,423 INFO: 	Average L2 norm of relation vector: 0.09442
2017-05-04 11:29:53,424 INFO: 	COST >> 0.022 +/- 0.003, % updates Left: 0.91% Rel: 0.04% Right: 0.79%
2017-05-04 11:35:51,587 INFO: ----------------------------------------------------------------------------
2017-05-04 11:35:51,587 INFO: EPOCH 196 (358.164 seconds):
2017-05-04 11:35:51,636 INFO: 	Average L2 norm of relation vector: 0.09447
2017-05-04 11:35:51,637 INFO: 	COST >> 0.022 +/- 0.002, % updates Left: 0.93% Rel: 0.05% Right: 0.77%
2017-05-04 11:41:34,100 INFO: ----------------------------------------------------------------------------
2017-05-04 11:41:34,101 INFO: EPOCH 197 (342.464 seconds):
2017-05-04 11:41:34,145 INFO: 	Average L2 norm of relation vector: 0.09452
2017-05-04 11:41:34,145 INFO: 	COST >> 0.021 +/- 0.003, % updates Left: 0.92% Rel: 0.05% Right: 0.76%
2017-05-04 11:47:22,426 INFO: ----------------------------------------------------------------------------
2017-05-04 11:47:22,431 INFO: EPOCH 198 (348.285 seconds):
2017-05-04 11:47:22,478 INFO: 	Average L2 norm of relation vector: 0.09459
2017-05-04 11:47:22,479 INFO: 	COST >> 0.021 +/- 0.002, % updates Left: 0.92% Rel: 0.05% Right: 0.79%
2017-05-04 13:22:04,554 INFO: ----------------------------------------------------------------------------
2017-05-04 13:22:04,557 INFO: EPOCH 199 (5682.078 seconds):
2017-05-04 13:22:04,602 INFO: 	Average L2 norm of relation vector: 0.09464
2017-05-04 13:22:04,603 INFO: 	COST >> 0.022 +/- 0.003, % updates Left: 0.94% Rel: 0.04% Right: 0.78%
2017-05-04 13:27:29,060 INFO: ----------------------------------------------------------------------------
2017-05-04 13:27:29,060 INFO: EPOCH 200 (324.457 seconds):
2017-05-04 13:27:29,103 INFO: 	Average L2 norm of relation vector: 0.0947
2017-05-04 13:27:29,103 INFO: 	COST >> 0.021 +/- 0.003, % updates Left: 0.9% Rel: 0.05% Right: 0.77%
2017-05-04 13:27:29,104 INFO: 	FilteredRanking: evaluating rank on 1000 triples
2017-05-04 13:38:23,030 INFO: 	FilteredRanking: evaluating rank on 1000 triples
2017-05-04 13:50:05,474 INFO: 	MEAN RANK >> valid: 140.6, train: 49.4
2017-05-04 13:50:05,474 INFO: 		MEAN RANK TRAIN: Left: 51.0 Rel: 1.3 Right: 47.8
2017-05-04 13:50:05,475 INFO: 		MEAN RANK VALID: Left: 153.8 Rel: 2.8 Right: 127.4
2017-05-04 13:50:05,475 INFO: 		MEAN RECIPROCAL RANK VALID (L & R): 0.214
2017-05-04 13:50:05,475 WARNING: EARLY STOPPING, failed to improve MRR on valid after 30 epochs
2017-05-04 13:50:05,478 INFO: ----------------------------------------------------------------------------
2017-05-04 13:50:05,479 INFO: ----------------------------------------------------------------------------
2017-05-04 13:50:05,884 INFO: 	Ranking model on all examples from test. Each example ranked against 14951 other entities
2017-05-04 13:50:05,885 INFO: 	RELATION ranking: each rel ranked against 1345 other rels
2017-05-04 13:50:06,833 INFO: 	Ranking: evaluating rank on 59071 triples
2017-05-05 01:48:40,331 INFO: left_ranks: (59071,), right_ranks: (59071,), rel_ranks: (59071,)
2017-05-05 01:48:40,356 INFO: max left_ranks: 14950, max right_ranks: 14947, max rel_ranks: 1345
2017-05-05 01:48:41,210 INFO: MICRO RAW:
2017-05-05 01:48:41,211 INFO: 	Left mean rank: 278.564, MRR: 0.151, median rank: 43.0, hits@10: 28.882%
2017-05-05 01:48:41,211 INFO: 	Right mean rank: 207.134, MRR: 0.213, median rank: 25.0, hits@10: 36.761%
2017-05-05 01:48:41,211 INFO: 	relation mean rank: 2.99, MRR: 0.789, median rank: 1.0, hits@10: 97.688%
2017-05-05 01:48:41,211 INFO: 	Global mean rank: 242.849, MRR: 0.182, median rank: 33.0, hits@10: 32.822%
2017-05-05 01:48:41,211 INFO: MACRO RAW
2017-05-05 01:48:41,211 INFO: 	Left mean rank: 439.616, MRR: 0.233, median rank: 23.5, hits@10: 41.625%
2017-05-05 01:48:41,211 INFO: 	Right mean rank: 385.282, MRR: 0.304, median rank: 15.0, hits@10: 49.046%
2017-05-05 01:48:41,212 INFO: 	relation mean rank: 38.398, MRR: 0.416, median rank: 35.139, hits@10: 70.821%
2017-05-05 01:48:41,212 INFO: 	Global mean rank: 412.449, MRR: 0.269, median rank: 17.0, hits@10: 45.335%
2017-05-05 01:48:41,229 INFO: Ranking model on all examples from test. Each example ranked against 14951 other entities which are FILTERED
2017-05-05 01:48:41,230 INFO: RELATION ranking: each rel ranked against 1345 other rels
2017-05-05 01:48:42,773 INFO: 	FilteredRanking: evaluating rank on 59071 triples
2017-05-05 13:18:31,119 INFO: MICRO FILTERED:
2017-05-05 13:18:31,138 INFO: 	Left mean rank: 156.84407, MRR: 0.27878, median rank: 16.0, hits@10: 44.524%
2017-05-05 13:18:31,139 INFO: 	Right mean rank: 131.34184, MRR: 0.32374, median rank: 11.0, hits@10: 49.129%
2017-05-05 13:18:31,139 INFO: 	relation mean rank: 2.652, MRR: 0.89, median rank: 1.0, hits@10: 97.828%
2017-05-05 13:18:31,139 INFO: 	Global mean rank: 144.09296, MRR: 0.30126, median rank: 13.0, hits@10: 46.827%
2017-05-05 13:18:31,139 INFO: MACRO FILTERED
2017-05-05 13:18:31,140 INFO: 	Left mean rank: 411.98417, MRR: 0.33393, median rank: 11.0, hits@10: 52.084%
2017-05-05 13:18:31,140 INFO: 	Right mean rank: 372.21332, MRR: 0.38338, median rank: 9.0, hits@10: 55.323%
2017-05-05 13:18:31,140 INFO: 	relation mean rank: 37.785, MRR: 0.504, median rank: 34.502, hits@10: 71.762%
2017-05-05 13:18:31,140 INFO: 	Global mean rank: 392.09875, MRR: 0.35866, median rank: 11.5, hits@10: 53.704%
2017-05-05 13:18:31,224 WARNING: Removing key file /Users/corbinrosset/.theano/compiledir_Darwin-14.5.0-x86_64-i386-64bit-i386-2.7.12-64/tmp4WbSLX/key.pkl because the corresponding module is gone from the file system.
2017-05-05 13:18:31,236 WARNING: Removing key file /Users/corbinrosset/.theano/compiledir_Darwin-14.5.0-x86_64-i386-64bit-i386-2.7.12-64/tmpfpEimj/key.pkl because the corresponding module is gone from the file system.
2017-05-05 13:18:31,237 WARNING: Removing key file /Users/corbinrosset/.theano/compiledir_Darwin-14.5.0-x86_64-i386-64bit-i386-2.7.12-64/tmpR4Q8IE/key.pkl because the corresponding module is gone from the file system.
2017-05-05 13:18:31,256 WARNING: Removing key file /Users/corbinrosset/.theano/compiledir_Darwin-14.5.0-x86_64-i386-64bit-i386-2.7.12-64/tmp6gPMLQ/key.pkl because the corresponding module is gone from the file system.
2017-05-05 13:18:31,263 WARNING: Removing key file /Users/corbinrosset/.theano/compiledir_Darwin-14.5.0-x86_64-i386-64bit-i386-2.7.12-64/tmpJQdrpS/key.pkl because the corresponding module is gone from the file system.
2017-05-05 13:18:31,279 WARNING: Removing key file /Users/corbinrosset/.theano/compiledir_Darwin-14.5.0-x86_64-i386-64bit-i386-2.7.12-64/tmpxMKOBD/key.pkl because the corresponding module is gone from the file system.
2017-05-05 13:18:31,281 WARNING: Removing key file /Users/corbinrosset/.theano/compiledir_Darwin-14.5.0-x86_64-i386-64bit-i386-2.7.12-64/tmpekPYyT/key.pkl because the corresponding module is gone from the file system.
2017-05-05 13:18:31,285 WARNING: Removing key file /Users/corbinrosset/.theano/compiledir_Darwin-14.5.0-x86_64-i386-64bit-i386-2.7.12-64/tmpFR4IN4/key.pkl because the corresponding module is gone from the file system.
2017-05-05 13:18:31,292 WARNING: Removing key file /Users/corbinrosset/.theano/compiledir_Darwin-14.5.0-x86_64-i386-64bit-i386-2.7.12-64/tmp0yic4d/key.pkl because the corresponding module is gone from the file system.
2017-05-05 13:18:31,296 WARNING: Removing key file /Users/corbinrosset/.theano/compiledir_Darwin-14.5.0-x86_64-i386-64bit-i386-2.7.12-64/tmpuTw5Sv/key.pkl because the corresponding module is gone from the file system.
