2017-05-03 00:59:33,135 INFO: logger initialized for experiment identifier: BilinearDiagExtended_Dot_ndim_100_marg_1.0_lrate_0.01_cost_margincost_pos_high_reg_0.01_REL
2017-05-03 00:59:33,136 INFO: DD{'ndim': 100, 'test_all': 10, 'Nsyn_rel': 1345, 'totepochs': 1000, 'bestvalidMRR': -1, 'loadmodel': False, 'lremb': 0.01, 'nvalid': 1000, 'seed': 123, 'marge': 1.0, 'margincostfunction': 'margincost_pos_high', 'simfn': 'Dot', 'savepath': '/Users/corbinrosset/Dropbox/Arora/QA-code/src/KBC_Text/outputs/FB15k_BilinearDiagExtended/BilinearDiagExtended_Dot_ndim_100_marg_1.0_lrate_0.01_cost_margincost_pos_high_reg_0.01_REL', 'dataset': 'FB15k', 'nbatches': 100, 'identifier': 'BilinearDiagExtended_Dot_ndim_100_marg_1.0_lrate_0.01_cost_margincost_pos_high_reg_0.01_REL', 'lrparam': 0.01, 'loademb': False, 'datapath': '/Users/corbinrosset/Dropbox/Arora/QA-code/src/KBC_Text/data/', 'ntrain': 1000, 'Nrel': 1345, 'experiment_type': 'FB15kexp', 'rel': True, 'Nent': 14951, 'logger': <logging.RootLogger object at 0x107934f90>, 'ntest': 1000, 'Nsyn': 14951, 'reg': 0.01, 'op': 'BilinearDiagExtended'}
2017-05-03 00:59:34,872 INFO: loaded FB15k data in: 1.696915 seconds
2017-05-03 00:59:34,874 DEBUG: FB15kexp: load_FB15k_data(): trainl(14951, 483142), trainr(14951, 483142), traino(1345, 483142), trainlidx(1000,)
2017-05-03 00:59:42,933 DEBUG: Training to rank RELATIONS as well!
2017-05-03 00:59:42,933 DEBUG: loaded data and constructed model...
2017-05-03 00:59:42,933 DEBUG: num epochs: 1000
2017-05-03 00:59:42,933 DEBUG: num batches per epoch: 100
2017-05-03 00:59:42,933 DEBUG: batchsize: 4831
2017-05-03 00:59:42,933 DEBUG: left and right entity ranking functions will rank a slot against 14951 competitors
2017-05-03 00:59:42,934 INFO: BEGIN TRAINING
2017-05-03 01:00:16,266 INFO: ----------------------------------------------------------------------------
2017-05-03 01:00:16,267 INFO: EPOCH 1 (33.333 seconds):
2017-05-03 01:00:16,288 INFO: 	Average L2 norm of relation vector: 0.027
2017-05-03 01:00:16,289 INFO: 	COST >> 3.003 +/- 0.0, % updates Left: 100.0% Rel: 100.0% Right: 100.0%
2017-05-03 01:00:57,436 INFO: ----------------------------------------------------------------------------
2017-05-03 01:00:57,436 INFO: EPOCH 2 (41.147 seconds):
2017-05-03 01:00:57,437 INFO: 	Average L2 norm of relation vector: 0.02674
2017-05-03 01:00:57,438 INFO: 	COST >> 3.003 +/- 0.0, % updates Left: 100.0% Rel: 100.0% Right: 100.0%
2017-05-03 01:01:40,180 INFO: ----------------------------------------------------------------------------
2017-05-03 01:01:40,180 INFO: EPOCH 3 (42.742 seconds):
2017-05-03 01:01:40,181 INFO: 	Average L2 norm of relation vector: 0.02649
2017-05-03 01:01:40,182 INFO: 	COST >> 3.002 +/- 0.0, % updates Left: 100.0% Rel: 100.0% Right: 100.0%
2017-05-03 01:02:21,234 INFO: ----------------------------------------------------------------------------
2017-05-03 01:02:21,234 INFO: EPOCH 4 (41.051 seconds):
2017-05-03 01:02:21,235 INFO: 	Average L2 norm of relation vector: 0.02625
2017-05-03 01:02:21,235 INFO: 	COST >> 3.002 +/- 0.0, % updates Left: 100.0% Rel: 100.0% Right: 100.0%
2017-05-03 01:02:55,948 INFO: ----------------------------------------------------------------------------
2017-05-03 01:02:55,948 INFO: EPOCH 5 (34.713 seconds):
2017-05-03 01:02:55,949 INFO: 	Average L2 norm of relation vector: 0.02603
2017-05-03 01:02:55,949 INFO: 	COST >> 3.002 +/- 0.0, % updates Left: 100.0% Rel: 100.0% Right: 100.0%
2017-05-03 01:03:30,805 INFO: ----------------------------------------------------------------------------
2017-05-03 01:03:30,805 INFO: EPOCH 6 (34.856 seconds):
2017-05-03 01:03:30,806 INFO: 	Average L2 norm of relation vector: 0.02581
2017-05-03 01:03:30,807 INFO: 	COST >> 3.002 +/- 0.0, % updates Left: 100.0% Rel: 100.0% Right: 100.0%
2017-05-03 01:04:05,850 INFO: ----------------------------------------------------------------------------
2017-05-03 01:04:05,850 INFO: EPOCH 7 (35.043 seconds):
2017-05-03 01:04:05,851 INFO: 	Average L2 norm of relation vector: 0.02562
2017-05-03 01:04:05,852 INFO: 	COST >> 3.002 +/- 0.0, % updates Left: 100.0% Rel: 100.0% Right: 100.0%
2017-05-03 01:04:40,494 INFO: ----------------------------------------------------------------------------
2017-05-03 01:04:40,495 INFO: EPOCH 8 (34.642 seconds):
2017-05-03 01:04:40,496 INFO: 	Average L2 norm of relation vector: 0.02563
2017-05-03 01:04:40,496 INFO: 	COST >> 2.994 +/- 0.018, % updates Left: 99.82% Rel: 99.81% Right: 99.81%
2017-05-03 01:05:15,200 INFO: ----------------------------------------------------------------------------
2017-05-03 01:05:15,201 INFO: EPOCH 9 (34.705 seconds):
2017-05-03 01:05:15,202 INFO: 	Average L2 norm of relation vector: 0.02598
2017-05-03 01:05:15,203 INFO: 	COST >> 2.891 +/- 0.029, % updates Left: 96.54% Rel: 96.43% Right: 96.48%
2017-05-03 01:05:50,256 INFO: ----------------------------------------------------------------------------
2017-05-03 01:05:50,256 INFO: EPOCH 10 (35.053 seconds):
2017-05-03 01:05:50,257 INFO: 	Average L2 norm of relation vector: 0.027
2017-05-03 01:05:50,257 INFO: 	COST >> 2.729 +/- 0.073, % updates Left: 91.48% Rel: 91.05% Right: 91.37%
2017-05-03 01:05:50,257 INFO: 	FilteredRanking: evaluating rank on 1000 triples
2017-05-03 01:07:14,474 INFO: 	FilteredRanking: evaluating rank on 1000 triples
2017-05-03 01:08:37,923 INFO: 	MEAN RANK >> valid: 5779.1, train: 5324.0
2017-05-03 01:08:37,924 INFO: 		MEAN RANK TRAIN: Left: 5307.7 Rel: 477.6 Right: 5340.3
2017-05-03 01:08:37,924 INFO: 		MEAN RANK VALID: Left: 5795.8 Rel: 519.3 Right: 5762.4
2017-05-03 01:08:37,924 INFO: 		MEAN RECIPROCAL RANK VALID (L & R): 0.014
2017-05-03 01:08:37,924 INFO: 	FilteredRanking: evaluating rank on 1000 triples
2017-05-03 01:10:01,871 INFO: 	NEW BEST TEST MR: 6022.3
2017-05-03 01:10:01,872 INFO: 		Left MR: 6066.5 Rel MR: 544.1 Right MR: 5978.2
2017-05-03 01:10:01,925 INFO: 	(ranking took 251.667 seconds)
2017-05-03 01:10:35,109 INFO: ----------------------------------------------------------------------------
2017-05-03 01:10:35,109 INFO: EPOCH 11 (33.184 seconds):
2017-05-03 01:10:35,110 INFO: 	Average L2 norm of relation vector: 0.031
2017-05-03 01:10:35,110 INFO: 	COST >> 2.017 +/- 0.283, % updates Left: 69.84% Rel: 66.4% Right: 69.66%
2017-05-03 01:11:10,259 INFO: ----------------------------------------------------------------------------
2017-05-03 01:11:10,259 INFO: EPOCH 12 (35.149 seconds):
2017-05-03 01:11:10,260 INFO: 	Average L2 norm of relation vector: 0.03365
2017-05-03 01:11:10,260 INFO: 	COST >> 1.418 +/- 0.14, % updates Left: 50.75% Rel: 43.96% Right: 50.16%
2017-05-03 01:11:45,225 INFO: ----------------------------------------------------------------------------
2017-05-03 01:11:45,226 INFO: EPOCH 13 (34.965 seconds):
2017-05-03 01:11:45,226 INFO: 	Average L2 norm of relation vector: 0.03597
2017-05-03 01:11:45,227 INFO: 	COST >> 1.083 +/- 0.07, % updates Left: 40.42% Rel: 31.07% Right: 39.76%
2017-05-03 01:12:19,988 INFO: ----------------------------------------------------------------------------
2017-05-03 01:12:19,988 INFO: EPOCH 14 (34.761 seconds):
2017-05-03 01:12:19,989 INFO: 	Average L2 norm of relation vector: 0.03761
2017-05-03 01:12:19,990 INFO: 	COST >> 0.889 +/- 0.062, % updates Left: 34.48% Rel: 23.0% Right: 33.61%
2017-05-03 01:12:54,730 INFO: ----------------------------------------------------------------------------
2017-05-03 01:12:54,731 INFO: EPOCH 15 (34.741 seconds):
2017-05-03 01:12:54,731 INFO: 	Average L2 norm of relation vector: 0.03867
2017-05-03 01:12:54,732 INFO: 	COST >> 0.763 +/- 0.025, % updates Left: 30.36% Rel: 18.06% Right: 29.37%
2017-05-03 01:13:30,213 INFO: ----------------------------------------------------------------------------
2017-05-03 01:13:30,213 INFO: EPOCH 16 (35.481 seconds):
2017-05-03 01:13:30,214 INFO: 	Average L2 norm of relation vector: 0.03956
2017-05-03 01:13:30,215 INFO: 	COST >> 0.711 +/- 0.02, % updates Left: 28.57% Rel: 16.14% Right: 27.66%
2017-05-03 01:14:05,592 INFO: ----------------------------------------------------------------------------
2017-05-03 01:14:05,592 INFO: EPOCH 17 (35.377 seconds):
2017-05-03 01:14:05,593 INFO: 	Average L2 norm of relation vector: 0.04058
2017-05-03 01:14:05,594 INFO: 	COST >> 0.659 +/- 0.024, % updates Left: 26.89% Rel: 14.52% Right: 25.91%
2017-05-03 01:14:41,032 INFO: ----------------------------------------------------------------------------
2017-05-03 01:14:41,032 INFO: EPOCH 18 (35.438 seconds):
2017-05-03 01:14:41,033 INFO: 	Average L2 norm of relation vector: 0.04129
2017-05-03 01:14:41,034 INFO: 	COST >> 0.623 +/- 0.015, % updates Left: 25.43% Rel: 13.5% Right: 24.42%
2017-05-03 01:15:16,331 INFO: ----------------------------------------------------------------------------
2017-05-03 01:15:16,331 INFO: EPOCH 19 (35.297 seconds):
2017-05-03 01:15:16,332 INFO: 	Average L2 norm of relation vector: 0.0421
2017-05-03 01:15:16,333 INFO: 	COST >> 0.6 +/- 0.014, % updates Left: 24.67% Rel: 12.97% Right: 23.57%
2017-05-03 01:15:52,331 INFO: ----------------------------------------------------------------------------
2017-05-03 01:15:52,331 INFO: EPOCH 20 (35.998 seconds):
2017-05-03 01:15:52,332 INFO: 	Average L2 norm of relation vector: 0.04308
2017-05-03 01:15:52,333 INFO: 	COST >> 0.57 +/- 0.017, % updates Left: 23.64% Rel: 12.1% Right: 22.72%
2017-05-03 01:15:52,333 INFO: 	FilteredRanking: evaluating rank on 1000 triples
2017-05-03 01:17:17,291 INFO: 	FilteredRanking: evaluating rank on 1000 triples
2017-05-03 01:18:41,664 INFO: 	MEAN RANK >> valid: 1313.9, train: 1197.2
2017-05-03 01:18:41,665 INFO: 		MEAN RANK TRAIN: Left: 1237.4 Rel: 49.6 Right: 1157.1
2017-05-03 01:18:41,665 INFO: 		MEAN RANK VALID: Left: 1395.7 Rel: 51.5 Right: 1232.2
2017-05-03 01:18:41,666 INFO: 		MEAN RECIPROCAL RANK VALID (L & R): 0.0125
2017-05-03 01:18:41,666 WARNING: 	WARNING, failed to improve MRR on valid, 2 chances left

2017-05-03 01:18:41,740 INFO: 	(ranking took 169.407 seconds)
2017-05-03 01:19:14,945 INFO: ----------------------------------------------------------------------------
2017-05-03 01:19:14,945 INFO: EPOCH 21 (33.205 seconds):
2017-05-03 01:19:14,945 INFO: 	Average L2 norm of relation vector: 0.04392
2017-05-03 01:19:14,946 INFO: 	COST >> 0.538 +/- 0.015, % updates Left: 22.59% Rel: 11.04% Right: 21.44%
2017-05-03 01:19:51,062 INFO: ----------------------------------------------------------------------------
2017-05-03 01:19:51,063 INFO: EPOCH 22 (36.117 seconds):
2017-05-03 01:19:51,063 INFO: 	Average L2 norm of relation vector: 0.04464
2017-05-03 01:19:51,064 INFO: 	COST >> 0.519 +/- 0.014, % updates Left: 21.81% Rel: 10.46% Right: 20.75%
2017-05-03 01:20:26,320 INFO: ----------------------------------------------------------------------------
2017-05-03 01:20:26,320 INFO: EPOCH 23 (35.256 seconds):
2017-05-03 01:20:26,321 INFO: 	Average L2 norm of relation vector: 0.04565
2017-05-03 01:20:26,321 INFO: 	COST >> 0.489 +/- 0.019, % updates Left: 20.92% Rel: 9.73% Right: 19.85%
2017-05-03 01:21:01,505 INFO: ----------------------------------------------------------------------------
2017-05-03 01:21:01,505 INFO: EPOCH 24 (35.183 seconds):
2017-05-03 01:21:01,505 INFO: 	Average L2 norm of relation vector: 0.0463
2017-05-03 01:21:01,506 INFO: 	COST >> 0.46 +/- 0.015, % updates Left: 19.65% Rel: 8.77% Right: 18.6%
2017-05-03 01:21:36,827 INFO: ----------------------------------------------------------------------------
2017-05-03 01:21:36,827 INFO: EPOCH 25 (35.321 seconds):
2017-05-03 01:21:36,828 INFO: 	Average L2 norm of relation vector: 0.04691
2017-05-03 01:21:36,828 INFO: 	COST >> 0.45 +/- 0.014, % updates Left: 19.25% Rel: 8.45% Right: 18.28%
2017-05-03 01:22:12,333 INFO: ----------------------------------------------------------------------------
2017-05-03 01:22:12,333 INFO: EPOCH 26 (35.505 seconds):
2017-05-03 01:22:12,334 INFO: 	Average L2 norm of relation vector: 0.04756
2017-05-03 01:22:12,335 INFO: 	COST >> 0.438 +/- 0.013, % updates Left: 18.85% Rel: 8.17% Right: 17.85%
2017-05-03 01:22:48,010 INFO: ----------------------------------------------------------------------------
2017-05-03 01:22:48,010 INFO: EPOCH 27 (35.675 seconds):
2017-05-03 01:22:48,011 INFO: 	Average L2 norm of relation vector: 0.04815
2017-05-03 01:22:48,011 INFO: 	COST >> 0.428 +/- 0.013, % updates Left: 18.47% Rel: 7.82% Right: 17.5%
2017-05-03 01:23:24,053 INFO: ----------------------------------------------------------------------------
2017-05-03 01:23:24,054 INFO: EPOCH 28 (36.042 seconds):
2017-05-03 01:23:24,055 INFO: 	Average L2 norm of relation vector: 0.04873
2017-05-03 01:23:24,056 INFO: 	COST >> 0.421 +/- 0.014, % updates Left: 18.29% Rel: 7.59% Right: 17.15%
2017-05-03 01:23:59,441 INFO: ----------------------------------------------------------------------------
2017-05-03 01:23:59,442 INFO: EPOCH 29 (35.386 seconds):
2017-05-03 01:23:59,443 INFO: 	Average L2 norm of relation vector: 0.04925
2017-05-03 01:23:59,443 INFO: 	COST >> 0.415 +/- 0.012, % updates Left: 17.91% Rel: 7.54% Right: 16.93%
2017-05-03 01:24:34,804 INFO: ----------------------------------------------------------------------------
2017-05-03 01:24:34,804 INFO: EPOCH 30 (35.361 seconds):
2017-05-03 01:24:34,805 INFO: 	Average L2 norm of relation vector: 0.04976
2017-05-03 01:24:34,805 INFO: 	COST >> 0.409 +/- 0.013, % updates Left: 17.7% Rel: 7.34% Right: 16.72%
2017-05-03 01:24:34,806 INFO: 	FilteredRanking: evaluating rank on 1000 triples
2017-05-03 01:26:00,866 INFO: 	FilteredRanking: evaluating rank on 1000 triples
2017-05-03 01:27:25,940 INFO: 	MEAN RANK >> valid: 1026.3, train: 899.1
2017-05-03 01:27:25,941 INFO: 		MEAN RANK TRAIN: Left: 956.2 Rel: 31.9 Right: 842.0
2017-05-03 01:27:25,941 INFO: 		MEAN RANK VALID: Left: 1103.0 Rel: 34.3 Right: 949.6
2017-05-03 01:27:25,941 INFO: 		MEAN RECIPROCAL RANK VALID (L & R): 0.0325
2017-05-03 01:27:25,941 INFO: 	FilteredRanking: evaluating rank on 1000 triples
2017-05-03 01:28:49,457 INFO: 	NEW BEST TEST MR: 965.6
2017-05-03 01:28:49,457 INFO: 		Left MR: 1037.7 Rel MR: 33.3 Right MR: 893.4
2017-05-03 01:28:49,513 INFO: 	(ranking took 254.708 seconds)
2017-05-03 01:29:22,415 INFO: ----------------------------------------------------------------------------
2017-05-03 01:29:22,415 INFO: EPOCH 31 (32.901 seconds):
2017-05-03 01:29:22,416 INFO: 	Average L2 norm of relation vector: 0.05026
2017-05-03 01:29:22,416 INFO: 	COST >> 0.405 +/- 0.015, % updates Left: 17.64% Rel: 7.22% Right: 16.5%
2017-05-03 01:29:56,538 INFO: ----------------------------------------------------------------------------
2017-05-03 01:29:56,538 INFO: EPOCH 32 (34.121 seconds):
2017-05-03 01:29:56,539 INFO: 	Average L2 norm of relation vector: 0.05087
2017-05-03 01:29:56,539 INFO: 	COST >> 0.392 +/- 0.013, % updates Left: 17.18% Rel: 6.9% Right: 16.19%
2017-05-03 01:30:29,232 INFO: ----------------------------------------------------------------------------
2017-05-03 01:30:29,232 INFO: EPOCH 33 (32.693 seconds):
2017-05-03 01:30:29,233 INFO: 	Average L2 norm of relation vector: 0.05134
2017-05-03 01:30:29,233 INFO: 	COST >> 0.386 +/- 0.013, % updates Left: 16.85% Rel: 6.65% Right: 15.92%
2017-05-03 01:31:05,980 INFO: ----------------------------------------------------------------------------
2017-05-03 01:31:05,980 INFO: EPOCH 34 (36.746 seconds):
2017-05-03 01:31:05,981 INFO: 	Average L2 norm of relation vector: 0.05184
2017-05-03 01:31:05,981 INFO: 	COST >> 0.38 +/- 0.012, % updates Left: 16.64% Rel: 6.56% Right: 15.69%
2017-05-03 01:31:45,375 INFO: ----------------------------------------------------------------------------
2017-05-03 01:31:45,375 INFO: EPOCH 35 (39.393 seconds):
2017-05-03 01:31:45,376 INFO: 	Average L2 norm of relation vector: 0.05233
2017-05-03 01:31:45,376 INFO: 	COST >> 0.376 +/- 0.014, % updates Left: 16.48% Rel: 6.37% Right: 15.59%
2017-05-03 01:32:23,491 INFO: ----------------------------------------------------------------------------
2017-05-03 01:32:23,491 INFO: EPOCH 36 (38.114 seconds):
2017-05-03 01:32:23,492 INFO: 	Average L2 norm of relation vector: 0.05278
2017-05-03 01:32:23,493 INFO: 	COST >> 0.37 +/- 0.014, % updates Left: 16.27% Rel: 6.29% Right: 15.26%
2017-05-03 01:33:02,022 INFO: ----------------------------------------------------------------------------
2017-05-03 01:33:02,022 INFO: EPOCH 37 (38.529 seconds):
2017-05-03 01:33:02,023 INFO: 	Average L2 norm of relation vector: 0.05325
2017-05-03 01:33:02,024 INFO: 	COST >> 0.363 +/- 0.012, % updates Left: 15.92% Rel: 6.2% Right: 15.01%
2017-05-03 01:33:40,899 INFO: ----------------------------------------------------------------------------
2017-05-03 01:33:40,899 INFO: EPOCH 38 (38.874 seconds):
2017-05-03 01:33:40,900 INFO: 	Average L2 norm of relation vector: 0.05373
2017-05-03 01:33:40,901 INFO: 	COST >> 0.36 +/- 0.013, % updates Left: 15.91% Rel: 6.09% Right: 14.89%
2017-05-03 01:34:16,076 INFO: ----------------------------------------------------------------------------
2017-05-03 01:34:16,077 INFO: EPOCH 39 (35.175 seconds):
2017-05-03 01:34:16,078 INFO: 	Average L2 norm of relation vector: 0.05416
2017-05-03 01:34:16,079 INFO: 	COST >> 0.356 +/- 0.013, % updates Left: 15.72% Rel: 5.97% Right: 14.71%
2017-05-03 01:34:51,106 INFO: ----------------------------------------------------------------------------
2017-05-03 01:34:51,106 INFO: EPOCH 40 (35.027 seconds):
2017-05-03 01:34:51,107 INFO: 	Average L2 norm of relation vector: 0.05458
2017-05-03 01:34:51,108 INFO: 	COST >> 0.353 +/- 0.014, % updates Left: 15.54% Rel: 5.92% Right: 14.56%
2017-05-03 01:34:51,108 INFO: 	FilteredRanking: evaluating rank on 1000 triples
2017-05-03 01:36:15,917 INFO: 	FilteredRanking: evaluating rank on 1000 triples
2017-05-03 01:37:40,098 INFO: 	MEAN RANK >> valid: 905.7, train: 780.2
2017-05-03 01:37:40,098 INFO: 		MEAN RANK TRAIN: Left: 822.4 Rel: 27.7 Right: 738.0
2017-05-03 01:37:40,099 INFO: 		MEAN RANK VALID: Left: 936.8 Rel: 30.3 Right: 874.6
2017-05-03 01:37:40,099 INFO: 		MEAN RECIPROCAL RANK VALID (L & R): 0.024
2017-05-03 01:37:40,099 WARNING: 	WARNING, failed to improve MRR on valid, 2 chances left

2017-05-03 01:37:40,165 INFO: 	(ranking took 169.057 seconds)
2017-05-03 01:38:11,335 INFO: ----------------------------------------------------------------------------
2017-05-03 01:38:11,335 INFO: EPOCH 41 (31.169 seconds):
2017-05-03 01:38:11,335 INFO: 	Average L2 norm of relation vector: 0.05499
2017-05-03 01:38:11,336 INFO: 	COST >> 0.349 +/- 0.013, % updates Left: 15.37% Rel: 5.86% Right: 14.38%
2017-05-03 01:38:40,597 INFO: ----------------------------------------------------------------------------
2017-05-03 01:38:40,597 INFO: EPOCH 42 (29.261 seconds):
2017-05-03 01:38:40,598 INFO: 	Average L2 norm of relation vector: 0.0554
2017-05-03 01:38:40,598 INFO: 	COST >> 0.343 +/- 0.013, % updates Left: 15.12% Rel: 5.77% Right: 14.13%
2017-05-03 01:39:09,747 INFO: ----------------------------------------------------------------------------
2017-05-03 01:39:09,747 INFO: EPOCH 43 (29.149 seconds):
2017-05-03 01:39:09,748 INFO: 	Average L2 norm of relation vector: 0.05581
2017-05-03 01:39:09,749 INFO: 	COST >> 0.341 +/- 0.011, % updates Left: 15.0% Rel: 5.76% Right: 14.09%
2017-05-03 01:39:42,333 INFO: ----------------------------------------------------------------------------
2017-05-03 01:39:42,333 INFO: EPOCH 44 (32.584 seconds):
2017-05-03 01:39:42,334 INFO: 	Average L2 norm of relation vector: 0.05619
2017-05-03 01:39:42,334 INFO: 	COST >> 0.337 +/- 0.012, % updates Left: 14.87% Rel: 5.62% Right: 13.89%
2017-05-03 01:40:18,542 INFO: ----------------------------------------------------------------------------
2017-05-03 01:40:18,542 INFO: EPOCH 45 (36.208 seconds):
2017-05-03 01:40:18,544 INFO: 	Average L2 norm of relation vector: 0.05654
2017-05-03 01:40:18,544 INFO: 	COST >> 0.334 +/- 0.013, % updates Left: 14.72% Rel: 5.58% Right: 13.76%
2017-05-03 01:40:53,830 INFO: ----------------------------------------------------------------------------
2017-05-03 01:40:53,830 INFO: EPOCH 46 (35.286 seconds):
2017-05-03 01:40:53,831 INFO: 	Average L2 norm of relation vector: 0.05687
2017-05-03 01:40:53,831 INFO: 	COST >> 0.332 +/- 0.013, % updates Left: 14.57% Rel: 5.55% Right: 13.69%
2017-05-03 01:41:28,538 INFO: ----------------------------------------------------------------------------
2017-05-03 01:41:28,538 INFO: EPOCH 47 (34.706 seconds):
2017-05-03 01:41:28,539 INFO: 	Average L2 norm of relation vector: 0.05714
2017-05-03 01:41:28,540 INFO: 	COST >> 0.331 +/- 0.011, % updates Left: 14.5% Rel: 5.49% Right: 13.61%
2017-05-03 01:42:03,989 INFO: ----------------------------------------------------------------------------
2017-05-03 01:42:03,989 INFO: EPOCH 48 (35.449 seconds):
2017-05-03 01:42:03,990 INFO: 	Average L2 norm of relation vector: 0.05746
2017-05-03 01:42:03,991 INFO: 	COST >> 0.327 +/- 0.013, % updates Left: 14.45% Rel: 5.41% Right: 13.45%
2017-05-03 01:42:39,065 INFO: ----------------------------------------------------------------------------
2017-05-03 01:42:39,065 INFO: EPOCH 49 (35.074 seconds):
2017-05-03 01:42:39,066 INFO: 	Average L2 norm of relation vector: 0.05772
2017-05-03 01:42:39,067 INFO: 	COST >> 0.326 +/- 0.011, % updates Left: 14.33% Rel: 5.44% Right: 13.31%
2017-05-03 01:43:14,402 INFO: ----------------------------------------------------------------------------
2017-05-03 01:43:14,402 INFO: EPOCH 50 (35.335 seconds):
2017-05-03 01:43:14,403 INFO: 	Average L2 norm of relation vector: 0.05801
2017-05-03 01:43:14,404 INFO: 	COST >> 0.321 +/- 0.012, % updates Left: 14.06% Rel: 5.39% Right: 13.21%
2017-05-03 01:43:14,404 INFO: 	FilteredRanking: evaluating rank on 1000 triples
2017-05-03 01:44:44,846 INFO: 	FilteredRanking: evaluating rank on 1000 triples
2017-05-03 01:46:12,126 INFO: 	MEAN RANK >> valid: 854.5, train: 695.7
2017-05-03 01:46:12,127 INFO: 		MEAN RANK TRAIN: Left: 742.4 Rel: 24.9 Right: 649.1
2017-05-03 01:46:12,128 INFO: 		MEAN RANK VALID: Left: 909.2 Rel: 29.0 Right: 799.8
2017-05-03 01:46:12,128 INFO: 		MEAN RECIPROCAL RANK VALID (L & R): 0.032
2017-05-03 01:46:12,128 WARNING: 	WARNING, failed to improve MRR on valid, 1 chances left

2017-05-03 01:46:12,196 INFO: 	(ranking took 177.792 seconds)
2017-05-03 01:46:42,691 INFO: ----------------------------------------------------------------------------
2017-05-03 01:46:42,692 INFO: EPOCH 51 (30.496 seconds):
2017-05-03 01:46:42,692 INFO: 	Average L2 norm of relation vector: 0.05824
2017-05-03 01:46:42,693 INFO: 	COST >> 0.321 +/- 0.012, % updates Left: 14.05% Rel: 5.38% Right: 13.1%
2017-05-03 01:47:12,347 INFO: ----------------------------------------------------------------------------
2017-05-03 01:47:12,348 INFO: EPOCH 52 (29.655 seconds):
2017-05-03 01:47:12,348 INFO: 	Average L2 norm of relation vector: 0.05851
2017-05-03 01:47:12,349 INFO: 	COST >> 0.318 +/- 0.011, % updates Left: 13.97% Rel: 5.28% Right: 12.99%
2017-05-03 01:47:41,512 INFO: ----------------------------------------------------------------------------
2017-05-03 01:47:41,517 INFO: EPOCH 53 (29.168 seconds):
2017-05-03 01:47:41,518 INFO: 	Average L2 norm of relation vector: 0.05874
2017-05-03 01:47:41,519 INFO: 	COST >> 0.318 +/- 0.015, % updates Left: 13.88% Rel: 5.28% Right: 13.01%
2017-05-03 01:48:11,230 INFO: ----------------------------------------------------------------------------
2017-05-03 01:48:11,230 INFO: EPOCH 54 (29.711 seconds):
2017-05-03 01:48:11,231 INFO: 	Average L2 norm of relation vector: 0.059
2017-05-03 01:48:11,231 INFO: 	COST >> 0.316 +/- 0.011, % updates Left: 13.92% Rel: 5.23% Right: 12.92%
2017-05-03 01:48:40,309 INFO: ----------------------------------------------------------------------------
2017-05-03 01:48:40,309 INFO: EPOCH 55 (29.078 seconds):
2017-05-03 01:48:40,310 INFO: 	Average L2 norm of relation vector: 0.0592
2017-05-03 01:48:40,310 INFO: 	COST >> 0.314 +/- 0.013, % updates Left: 13.78% Rel: 5.21% Right: 12.74%
2017-05-03 01:49:09,442 INFO: ----------------------------------------------------------------------------
2017-05-03 01:49:09,443 INFO: EPOCH 56 (29.132 seconds):
2017-05-03 01:49:09,443 INFO: 	Average L2 norm of relation vector: 0.05942
2017-05-03 01:49:09,444 INFO: 	COST >> 0.312 +/- 0.013, % updates Left: 13.7% Rel: 5.21% Right: 12.66%
2017-05-03 01:49:40,795 INFO: ----------------------------------------------------------------------------
2017-05-03 01:49:40,796 INFO: EPOCH 57 (31.352 seconds):
2017-05-03 01:49:40,796 INFO: 	Average L2 norm of relation vector: 0.05961
2017-05-03 01:49:40,797 INFO: 	COST >> 0.311 +/- 0.012, % updates Left: 13.65% Rel: 5.13% Right: 12.63%
2017-05-03 01:50:16,347 INFO: ----------------------------------------------------------------------------
2017-05-03 01:50:16,347 INFO: EPOCH 58 (35.55 seconds):
2017-05-03 01:50:16,348 INFO: 	Average L2 norm of relation vector: 0.05981
2017-05-03 01:50:16,349 INFO: 	COST >> 0.311 +/- 0.011, % updates Left: 13.64% Rel: 5.2% Right: 12.64%
2017-05-03 01:50:51,383 INFO: ----------------------------------------------------------------------------
2017-05-03 01:50:51,383 INFO: EPOCH 59 (35.035 seconds):
2017-05-03 01:50:51,384 INFO: 	Average L2 norm of relation vector: 0.05999
2017-05-03 01:50:51,385 INFO: 	COST >> 0.309 +/- 0.012, % updates Left: 13.58% Rel: 5.18% Right: 12.45%
2017-05-03 01:51:27,696 INFO: ----------------------------------------------------------------------------
2017-05-03 01:51:27,696 INFO: EPOCH 60 (36.311 seconds):
2017-05-03 01:51:27,697 INFO: 	Average L2 norm of relation vector: 0.0602
2017-05-03 01:51:27,698 INFO: 	COST >> 0.306 +/- 0.012, % updates Left: 13.44% Rel: 5.08% Right: 12.39%
2017-05-03 01:51:27,698 INFO: 	FilteredRanking: evaluating rank on 1000 triples
2017-05-03 01:52:56,562 INFO: 	FilteredRanking: evaluating rank on 1000 triples
2017-05-03 01:54:27,768 INFO: 	MEAN RANK >> valid: 799.5, train: 664.0
2017-05-03 01:54:27,768 INFO: 		MEAN RANK TRAIN: Left: 716.6 Rel: 23.5 Right: 611.4
2017-05-03 01:54:27,769 INFO: 		MEAN RANK VALID: Left: 856.2 Rel: 27.7 Right: 742.9
2017-05-03 01:54:27,769 INFO: 		MEAN RECIPROCAL RANK VALID (L & R): 0.03
2017-05-03 01:54:27,769 WARNING: 	WARNING, failed to improve MRR on valid, 0 chances left

2017-05-03 01:54:27,883 INFO: 	(ranking took 180.185 seconds)
2017-05-03 01:55:03,867 INFO: ----------------------------------------------------------------------------
2017-05-03 01:55:03,868 INFO: EPOCH 61 (35.984 seconds):
2017-05-03 01:55:03,868 INFO: 	Average L2 norm of relation vector: 0.06033
2017-05-03 01:55:03,869 INFO: 	COST >> 0.304 +/- 0.011, % updates Left: 13.3% Rel: 5.06% Right: 12.28%
2017-05-03 01:55:35,007 INFO: ----------------------------------------------------------------------------
2017-05-03 01:55:35,007 INFO: EPOCH 62 (31.138 seconds):
2017-05-03 01:55:35,008 INFO: 	Average L2 norm of relation vector: 0.0605
2017-05-03 01:55:35,008 INFO: 	COST >> 0.305 +/- 0.012, % updates Left: 13.36% Rel: 5.1% Right: 12.3%
2017-05-03 01:56:06,972 INFO: ----------------------------------------------------------------------------
2017-05-03 01:56:06,972 INFO: EPOCH 63 (31.963 seconds):
2017-05-03 01:56:06,972 INFO: 	Average L2 norm of relation vector: 0.0607
2017-05-03 01:56:06,973 INFO: 	COST >> 0.301 +/- 0.012, % updates Left: 13.28% Rel: 5.08% Right: 12.14%
2017-05-03 01:56:35,637 INFO: ----------------------------------------------------------------------------
2017-05-03 01:56:35,637 INFO: EPOCH 64 (28.664 seconds):
2017-05-03 01:56:35,638 INFO: 	Average L2 norm of relation vector: 0.06088
2017-05-03 01:56:35,639 INFO: 	COST >> 0.298 +/- 0.012, % updates Left: 13.1% Rel: 5.03% Right: 12.03%
2017-05-03 01:57:04,656 INFO: ----------------------------------------------------------------------------
2017-05-03 01:57:04,656 INFO: EPOCH 65 (29.017 seconds):
2017-05-03 01:57:04,657 INFO: 	Average L2 norm of relation vector: 0.06103
2017-05-03 01:57:04,657 INFO: 	COST >> 0.3 +/- 0.012, % updates Left: 13.06% Rel: 5.07% Right: 12.08%
2017-05-03 01:57:34,312 INFO: ----------------------------------------------------------------------------
2017-05-03 01:57:34,312 INFO: EPOCH 66 (29.655 seconds):
2017-05-03 01:57:34,312 INFO: 	Average L2 norm of relation vector: 0.06124
2017-05-03 01:57:34,313 INFO: 	COST >> 0.295 +/- 0.011, % updates Left: 12.99% Rel: 4.97% Right: 11.96%
2017-05-03 01:58:03,798 INFO: ----------------------------------------------------------------------------
2017-05-03 01:58:03,799 INFO: EPOCH 67 (29.486 seconds):
2017-05-03 01:58:03,799 INFO: 	Average L2 norm of relation vector: 0.06137
2017-05-03 01:58:03,800 INFO: 	COST >> 0.295 +/- 0.013, % updates Left: 12.89% Rel: 4.94% Right: 11.84%
2017-05-03 01:58:36,007 INFO: ----------------------------------------------------------------------------
2017-05-03 01:58:36,007 INFO: EPOCH 68 (32.207 seconds):
2017-05-03 01:58:36,008 INFO: 	Average L2 norm of relation vector: 0.06151
2017-05-03 01:58:36,009 INFO: 	COST >> 0.294 +/- 0.012, % updates Left: 12.8% Rel: 4.97% Right: 11.87%
2017-05-03 01:59:07,927 INFO: ----------------------------------------------------------------------------
2017-05-03 01:59:07,927 INFO: EPOCH 69 (31.918 seconds):
2017-05-03 01:59:07,928 INFO: 	Average L2 norm of relation vector: 0.06166
2017-05-03 01:59:07,928 INFO: 	COST >> 0.291 +/- 0.011, % updates Left: 12.77% Rel: 4.88% Right: 11.7%
2017-05-03 01:59:41,943 INFO: ----------------------------------------------------------------------------
2017-05-03 01:59:41,943 INFO: EPOCH 70 (34.015 seconds):
2017-05-03 01:59:41,944 INFO: 	Average L2 norm of relation vector: 0.06183
2017-05-03 01:59:41,945 INFO: 	COST >> 0.29 +/- 0.012, % updates Left: 12.75% Rel: 4.9% Right: 11.65%
2017-05-03 01:59:41,945 INFO: 	FilteredRanking: evaluating rank on 1000 triples
2017-05-03 02:01:12,096 INFO: 	FilteredRanking: evaluating rank on 1000 triples
2017-05-03 02:02:47,836 INFO: 	MEAN RANK >> valid: 755.4, train: 630.1
2017-05-03 02:02:47,837 INFO: 		MEAN RANK TRAIN: Left: 685.6 Rel: 23.5 Right: 574.6
2017-05-03 02:02:47,839 INFO: 		MEAN RANK VALID: Left: 797.9 Rel: 26.6 Right: 712.9
2017-05-03 02:02:47,839 INFO: 		MEAN RECIPROCAL RANK VALID (L & R): 0.0355
2017-05-03 02:02:47,839 INFO: 	FilteredRanking: evaluating rank on 1000 triples
2017-05-03 02:04:19,607 INFO: 	NEW BEST TEST MR: 694.8
2017-05-03 02:04:19,608 INFO: 		Left MR: 738.7 Rel MR: 25.8 Right MR: 651.0
2017-05-03 02:04:19,667 INFO: 	(ranking took 277.722 seconds)
2017-05-03 02:04:48,469 INFO: ----------------------------------------------------------------------------
2017-05-03 02:04:48,469 INFO: EPOCH 71 (28.802 seconds):
2017-05-03 02:04:48,470 INFO: 	Average L2 norm of relation vector: 0.06198
2017-05-03 02:04:48,470 INFO: 	COST >> 0.289 +/- 0.011, % updates Left: 12.61% Rel: 4.9% Right: 11.65%
2017-05-03 02:05:16,059 INFO: ----------------------------------------------------------------------------
2017-05-03 02:05:16,059 INFO: EPOCH 72 (27.589 seconds):
2017-05-03 02:05:16,060 INFO: 	Average L2 norm of relation vector: 0.0622
2017-05-03 02:05:16,060 INFO: 	COST >> 0.287 +/- 0.011, % updates Left: 12.63% Rel: 4.91% Right: 11.6%
2017-05-03 02:05:45,508 INFO: ----------------------------------------------------------------------------
2017-05-03 02:05:45,508 INFO: EPOCH 73 (29.448 seconds):
2017-05-03 02:05:45,509 INFO: 	Average L2 norm of relation vector: 0.06238
2017-05-03 02:05:45,509 INFO: 	COST >> 0.286 +/- 0.013, % updates Left: 12.6% Rel: 4.87% Right: 11.48%
2017-05-03 02:06:14,579 INFO: ----------------------------------------------------------------------------
2017-05-03 02:06:14,579 INFO: EPOCH 74 (29.07 seconds):
2017-05-03 02:06:14,580 INFO: 	Average L2 norm of relation vector: 0.06258
2017-05-03 02:06:14,580 INFO: 	COST >> 0.283 +/- 0.012, % updates Left: 12.39% Rel: 4.84% Right: 11.4%
2017-05-03 02:06:44,394 INFO: ----------------------------------------------------------------------------
2017-05-03 02:06:44,394 INFO: EPOCH 75 (29.814 seconds):
2017-05-03 02:06:44,395 INFO: 	Average L2 norm of relation vector: 0.0628
2017-05-03 02:06:44,395 INFO: 	COST >> 0.279 +/- 0.012, % updates Left: 12.24% Rel: 4.81% Right: 11.31%
2017-05-03 02:07:16,365 INFO: ----------------------------------------------------------------------------
2017-05-03 02:07:16,365 INFO: EPOCH 76 (31.969 seconds):
2017-05-03 02:07:16,366 INFO: 	Average L2 norm of relation vector: 0.06302
2017-05-03 02:07:16,366 INFO: 	COST >> 0.274 +/- 0.011, % updates Left: 12.12% Rel: 4.67% Right: 11.0%
2017-05-03 02:07:49,131 INFO: ----------------------------------------------------------------------------
2017-05-03 02:07:49,132 INFO: EPOCH 77 (32.765 seconds):
2017-05-03 02:07:49,133 INFO: 	Average L2 norm of relation vector: 0.06321
2017-05-03 02:07:49,133 INFO: 	COST >> 0.272 +/- 0.012, % updates Left: 11.93% Rel: 4.68% Right: 10.9%
2017-05-03 02:08:26,437 INFO: ----------------------------------------------------------------------------
2017-05-03 02:08:26,438 INFO: EPOCH 78 (37.304 seconds):
2017-05-03 02:08:26,438 INFO: 	Average L2 norm of relation vector: 0.06339
2017-05-03 02:08:26,439 INFO: 	COST >> 0.268 +/- 0.012, % updates Left: 11.8% Rel: 4.57% Right: 10.75%
2017-05-03 02:09:02,515 INFO: ----------------------------------------------------------------------------
2017-05-03 02:09:02,515 INFO: EPOCH 79 (36.076 seconds):
2017-05-03 02:09:02,516 INFO: 	Average L2 norm of relation vector: 0.06356
2017-05-03 02:09:02,517 INFO: 	COST >> 0.265 +/- 0.011, % updates Left: 11.59% Rel: 4.58% Right: 10.62%
2017-05-03 02:09:38,688 INFO: ----------------------------------------------------------------------------
2017-05-03 02:09:38,688 INFO: EPOCH 80 (36.171 seconds):
2017-05-03 02:09:38,689 INFO: 	Average L2 norm of relation vector: 0.06371
2017-05-03 02:09:38,689 INFO: 	COST >> 0.262 +/- 0.011, % updates Left: 11.45% Rel: 4.51% Right: 10.53%
2017-05-03 02:09:38,689 INFO: 	FilteredRanking: evaluating rank on 1000 triples
2017-05-03 02:11:08,084 INFO: 	FilteredRanking: evaluating rank on 1000 triples
2017-05-03 02:12:35,373 INFO: 	MEAN RANK >> valid: 667.3, train: 565.5
2017-05-03 02:12:35,373 INFO: 		MEAN RANK TRAIN: Left: 615.7 Rel: 20.0 Right: 515.2
2017-05-03 02:12:35,374 INFO: 		MEAN RANK VALID: Left: 716.0 Rel: 23.7 Right: 618.6
2017-05-03 02:12:35,374 INFO: 		MEAN RECIPROCAL RANK VALID (L & R): 0.032
2017-05-03 02:12:35,374 WARNING: 	WARNING, failed to improve MRR on valid, 2 chances left

2017-05-03 02:12:35,439 INFO: 	(ranking took 176.75 seconds)
2017-05-03 02:13:07,836 INFO: ----------------------------------------------------------------------------
2017-05-03 02:13:07,836 INFO: EPOCH 81 (32.397 seconds):
2017-05-03 02:13:07,837 INFO: 	Average L2 norm of relation vector: 0.06387
2017-05-03 02:13:07,837 INFO: 	COST >> 0.259 +/- 0.011, % updates Left: 11.36% Rel: 4.51% Right: 10.38%
2017-05-03 02:13:38,277 INFO: ----------------------------------------------------------------------------
2017-05-03 02:13:38,278 INFO: EPOCH 82 (30.44 seconds):
2017-05-03 02:13:38,278 INFO: 	Average L2 norm of relation vector: 0.06408
2017-05-03 02:13:38,279 INFO: 	COST >> 0.254 +/- 0.011, % updates Left: 11.22% Rel: 4.34% Right: 10.28%
2017-05-03 02:14:08,679 INFO: ----------------------------------------------------------------------------
2017-05-03 02:14:08,680 INFO: EPOCH 83 (30.401 seconds):
2017-05-03 02:14:08,680 INFO: 	Average L2 norm of relation vector: 0.06425
2017-05-03 02:14:08,681 INFO: 	COST >> 0.251 +/- 0.01, % updates Left: 11.06% Rel: 4.3% Right: 10.11%
2017-05-03 02:14:40,107 INFO: ----------------------------------------------------------------------------
2017-05-03 02:14:40,107 INFO: EPOCH 84 (31.426 seconds):
2017-05-03 02:14:40,108 INFO: 	Average L2 norm of relation vector: 0.06442
2017-05-03 02:14:40,108 INFO: 	COST >> 0.252 +/- 0.011, % updates Left: 11.11% Rel: 4.31% Right: 10.08%
2017-05-03 02:15:10,462 INFO: ----------------------------------------------------------------------------
2017-05-03 02:15:10,462 INFO: EPOCH 85 (30.354 seconds):
2017-05-03 02:15:10,463 INFO: 	Average L2 norm of relation vector: 0.06456
2017-05-03 02:15:10,463 INFO: 	COST >> 0.249 +/- 0.013, % updates Left: 10.95% Rel: 4.24% Right: 9.94%
2017-05-03 02:15:38,093 INFO: ----------------------------------------------------------------------------
2017-05-03 02:15:38,093 INFO: EPOCH 86 (27.629 seconds):
2017-05-03 02:15:38,094 INFO: 	Average L2 norm of relation vector: 0.06471
2017-05-03 02:15:38,094 INFO: 	COST >> 0.249 +/- 0.012, % updates Left: 10.93% Rel: 4.19% Right: 10.0%
2017-05-03 02:16:11,628 INFO: ----------------------------------------------------------------------------
2017-05-03 02:16:11,629 INFO: EPOCH 87 (33.534 seconds):
2017-05-03 02:16:11,629 INFO: 	Average L2 norm of relation vector: 0.06485
2017-05-03 02:16:11,630 INFO: 	COST >> 0.247 +/- 0.012, % updates Left: 10.9% Rel: 4.19% Right: 9.9%
2017-05-03 02:16:45,649 INFO: ----------------------------------------------------------------------------
2017-05-03 02:16:45,649 INFO: EPOCH 88 (34.019 seconds):
2017-05-03 02:16:45,650 INFO: 	Average L2 norm of relation vector: 0.06495
2017-05-03 02:16:45,650 INFO: 	COST >> 0.248 +/- 0.011, % updates Left: 10.85% Rel: 4.24% Right: 9.85%
2017-05-03 02:17:19,850 INFO: ----------------------------------------------------------------------------
2017-05-03 02:17:19,850 INFO: EPOCH 89 (34.2 seconds):
2017-05-03 02:17:19,851 INFO: 	Average L2 norm of relation vector: 0.06513
2017-05-03 02:17:19,852 INFO: 	COST >> 0.242 +/- 0.01, % updates Left: 10.78% Rel: 4.08% Right: 9.72%
2017-05-03 02:17:54,166 INFO: ----------------------------------------------------------------------------
2017-05-03 02:17:54,166 INFO: EPOCH 90 (34.315 seconds):
2017-05-03 02:17:54,167 INFO: 	Average L2 norm of relation vector: 0.06525
2017-05-03 02:17:54,168 INFO: 	COST >> 0.243 +/- 0.011, % updates Left: 10.65% Rel: 4.14% Right: 9.76%
2017-05-03 02:17:54,168 INFO: 	FilteredRanking: evaluating rank on 1000 triples
2017-05-03 02:19:22,720 INFO: 	FilteredRanking: evaluating rank on 1000 triples
2017-05-03 02:20:52,268 INFO: 	MEAN RANK >> valid: 636.2, train: 507.2
2017-05-03 02:20:52,269 INFO: 		MEAN RANK TRAIN: Left: 557.6 Rel: 18.7 Right: 456.8
2017-05-03 02:20:52,270 INFO: 		MEAN RANK VALID: Left: 680.3 Rel: 23.3 Right: 592.1
2017-05-03 02:20:52,270 INFO: 		MEAN RECIPROCAL RANK VALID (L & R): 0.0255
2017-05-03 02:20:52,270 WARNING: 	WARNING, failed to improve MRR on valid, 1 chances left

2017-05-03 02:20:52,343 INFO: 	(ranking took 178.175 seconds)
2017-05-03 02:21:24,689 INFO: ----------------------------------------------------------------------------
2017-05-03 02:21:24,689 INFO: EPOCH 91 (32.346 seconds):
2017-05-03 02:21:24,690 INFO: 	Average L2 norm of relation vector: 0.0654
2017-05-03 02:21:24,690 INFO: 	COST >> 0.24 +/- 0.012, % updates Left: 10.6% Rel: 4.03% Right: 9.6%
2017-05-03 02:21:55,727 INFO: ----------------------------------------------------------------------------
2017-05-03 02:21:55,727 INFO: EPOCH 92 (31.037 seconds):
2017-05-03 02:21:55,728 INFO: 	Average L2 norm of relation vector: 0.06553
2017-05-03 02:21:55,729 INFO: 	COST >> 0.238 +/- 0.009, % updates Left: 10.48% Rel: 4.01% Right: 9.57%
2017-05-03 02:22:26,786 INFO: ----------------------------------------------------------------------------
2017-05-03 02:22:26,786 INFO: EPOCH 93 (31.057 seconds):
2017-05-03 02:22:26,786 INFO: 	Average L2 norm of relation vector: 0.06558
2017-05-03 02:22:26,787 INFO: 	COST >> 0.24 +/- 0.011, % updates Left: 10.49% Rel: 4.02% Right: 9.53%
2017-05-03 02:22:57,132 INFO: ----------------------------------------------------------------------------
2017-05-03 02:22:57,133 INFO: EPOCH 94 (30.346 seconds):
2017-05-03 02:22:57,133 INFO: 	Average L2 norm of relation vector: 0.06569
2017-05-03 02:22:57,134 INFO: 	COST >> 0.236 +/- 0.01, % updates Left: 10.41% Rel: 3.94% Right: 9.44%
2017-05-03 02:23:27,613 INFO: ----------------------------------------------------------------------------
2017-05-03 02:23:27,613 INFO: EPOCH 95 (30.479 seconds):
2017-05-03 02:23:27,614 INFO: 	Average L2 norm of relation vector: 0.06579
2017-05-03 02:23:27,615 INFO: 	COST >> 0.237 +/- 0.01, % updates Left: 10.38% Rel: 4.01% Right: 9.42%
2017-05-03 02:23:58,540 INFO: ----------------------------------------------------------------------------
2017-05-03 02:23:58,540 INFO: EPOCH 96 (30.925 seconds):
2017-05-03 02:23:58,541 INFO: 	Average L2 norm of relation vector: 0.06588
2017-05-03 02:23:58,541 INFO: 	COST >> 0.235 +/- 0.011, % updates Left: 10.33% Rel: 3.98% Right: 9.37%
2017-05-03 02:24:29,722 INFO: ----------------------------------------------------------------------------
2017-05-03 02:24:29,722 INFO: EPOCH 97 (31.18 seconds):
2017-05-03 02:24:29,722 INFO: 	Average L2 norm of relation vector: 0.06596
2017-05-03 02:24:29,723 INFO: 	COST >> 0.233 +/- 0.009, % updates Left: 10.23% Rel: 3.92% Right: 9.26%
2017-05-03 02:25:00,636 INFO: ----------------------------------------------------------------------------
2017-05-03 02:25:00,636 INFO: EPOCH 98 (30.913 seconds):
2017-05-03 02:25:00,637 INFO: 	Average L2 norm of relation vector: 0.06605
2017-05-03 02:25:00,638 INFO: 	COST >> 0.233 +/- 0.011, % updates Left: 10.27% Rel: 3.85% Right: 9.29%
2017-05-03 02:25:34,140 INFO: ----------------------------------------------------------------------------
2017-05-03 02:25:34,141 INFO: EPOCH 99 (33.502 seconds):
2017-05-03 02:25:34,142 INFO: 	Average L2 norm of relation vector: 0.06612
2017-05-03 02:25:34,142 INFO: 	COST >> 0.234 +/- 0.012, % updates Left: 10.23% Rel: 3.95% Right: 9.35%
2017-05-03 02:26:08,975 INFO: ----------------------------------------------------------------------------
2017-05-03 02:26:08,975 INFO: EPOCH 100 (34.833 seconds):
2017-05-03 02:26:08,976 INFO: 	Average L2 norm of relation vector: 0.06625
2017-05-03 02:26:08,977 INFO: 	COST >> 0.23 +/- 0.011, % updates Left: 10.22% Rel: 3.82% Right: 9.23%
2017-05-03 02:26:08,977 INFO: 	FilteredRanking: evaluating rank on 1000 triples
2017-05-03 02:27:40,446 INFO: 	FilteredRanking: evaluating rank on 1000 triples
2017-05-03 02:29:28,692 INFO: 	MEAN RANK >> valid: 606.7, train: 474.9
2017-05-03 02:29:28,693 INFO: 		MEAN RANK TRAIN: Left: 520.5 Rel: 18.7 Right: 429.3
2017-05-03 02:29:28,693 INFO: 		MEAN RANK VALID: Left: 640.8 Rel: 21.7 Right: 572.5
2017-05-03 02:29:28,693 INFO: 		MEAN RECIPROCAL RANK VALID (L & R): 0.024
2017-05-03 02:29:28,694 WARNING: 	WARNING, failed to improve MRR on valid, 0 chances left

2017-05-03 02:29:28,786 INFO: 	(ranking took 199.809 seconds)
2017-05-03 02:30:11,045 INFO: ----------------------------------------------------------------------------
2017-05-03 02:30:11,047 INFO: EPOCH 101 (42.261 seconds):
2017-05-03 02:30:11,048 INFO: 	Average L2 norm of relation vector: 0.06637
2017-05-03 02:30:11,049 INFO: 	COST >> 0.232 +/- 0.01, % updates Left: 10.23% Rel: 3.93% Right: 9.28%
2017-05-03 02:30:15,339 WARNING: Removing key file /Users/corbinrosset/.theano/compiledir_Darwin-14.5.0-x86_64-i386-64bit-i386-2.7.12-64/tmpLQPXRo/key.pkl because the corresponding module is gone from the file system.
