2017-04-02 04:03:33,671 INFO: logger initialized for experiment identifier: Bilinear_Dot_ndim_50_marg_0.5_lrate_0.01_cost_margincost_pos_high_reg_0.01
2017-04-02 04:03:33,671 INFO: identifier: Bilinear_Dot_ndim_50_marg_0.5_lrate_0.01_cost_margincost_pos_high_reg_0.01
2017-04-02 04:03:33,671 INFO: models saved to path: /Users/corbinrosset/Dropbox/Arora/QA-code/src/KBC_Text/outputs/FB15k_Bilinear/
2017-04-02 04:03:33,671 INFO: DD{'ndim': 50, 'test_all': 10, 'Nsyn_rel': 1345, 'totepochs': 500, 'bestvalidMRR': -1, 'loadmodel': False, 'lremb': 0.01, 'nvalid': 1000, 'seed': 123, 'marge': 0.5, 'margincostfunction': 'margincost_pos_high', 'simfn': 'Dot', 'savepath': '/Users/corbinrosset/Dropbox/Arora/QA-code/src/KBC_Text/outputs/FB15k_Bilinear/Bilinear_Dot_ndim_50_marg_0.5_lrate_0.01_cost_margincost_pos_high_reg_0.01', 'dataset': 'FB15k', 'nbatches': 100, 'identifier': 'Bilinear_Dot_ndim_50_marg_0.5_lrate_0.01_cost_margincost_pos_high_reg_0.01', 'lrparam': 0.01, 'loademb': False, 'datapath': '/Users/corbinrosset/Dropbox/Arora/QA-code/src/KBC_Text/data/', 'ntrain': 1000, 'Nrel': 1345, 'experiment_type': 'FB15kexp', 'rel': False, 'Nent': 16296, 'logger': <logging.RootLogger object at 0x10e344c90>, 'ntest': 1000, 'Nsyn': 14951, 'reg': 0.01, 'op': 'Bilinear'}
2017-04-02 04:03:35,611 DEBUG: FB15kexp: load_FB15k_data(): trainl(16296, 483142), trainr(16296, 483142), traino(1345, 483142), trainlidx(1000,)
2017-04-02 04:03:37,764 DEBUG: loaded data and constructed model...
2017-04-02 04:03:37,764 DEBUG: num epochs: 500
2017-04-02 04:03:37,764 DEBUG: num batches per epoch: 100
2017-04-02 04:03:37,764 DEBUG: batchsize: 4831
2017-04-02 04:03:37,764 DEBUG: left and right entity ranking functions will rank a slot against 14951 competitors
2017-04-02 04:03:37,764 INFO: BEGIN TRAINING
2017-04-02 04:05:35,966 INFO: ----------------------------------------------------------------------------
2017-04-02 04:05:35,966 INFO: EPOCH 1 (118.202 seconds):
2017-04-02 04:05:36,134 INFO: 	Average L2 norm of relation vector: 0.03145
2017-04-02 04:05:36,135 INFO: 	COST >> 0.961 +/- 0.058, % updates Left: 98.02%  Right: 98.03%
2017-04-02 04:07:35,545 INFO: ----------------------------------------------------------------------------
2017-04-02 04:07:35,546 INFO: EPOCH 2 (119.411 seconds):
2017-04-02 04:07:35,588 INFO: 	Average L2 norm of relation vector: 0.04141
2017-04-02 04:07:35,589 INFO: 	COST >> 0.432 +/- 0.156, % updates Left: 55.8%  Right: 55.48%
2017-04-02 04:09:31,246 INFO: ----------------------------------------------------------------------------
2017-04-02 04:09:31,246 INFO: EPOCH 3 (115.658 seconds):
2017-04-02 04:09:31,288 INFO: 	Average L2 norm of relation vector: 0.04601
2017-04-02 04:09:31,289 INFO: 	COST >> 0.163 +/- 0.026, % updates Left: 24.26%  Right: 23.61%
2017-04-02 04:11:26,707 INFO: ----------------------------------------------------------------------------
2017-04-02 04:11:26,707 INFO: EPOCH 4 (115.418 seconds):
2017-04-02 04:11:26,755 INFO: 	Average L2 norm of relation vector: 0.04836
2017-04-02 04:11:26,756 INFO: 	COST >> 0.108 +/- 0.007, % updates Left: 15.85%  Right: 14.95%
2017-04-02 04:13:29,045 INFO: ----------------------------------------------------------------------------
2017-04-02 04:13:29,045 INFO: EPOCH 5 (122.289 seconds):
2017-04-02 04:13:29,098 INFO: 	Average L2 norm of relation vector: 0.04988
2017-04-02 04:13:29,099 INFO: 	COST >> 0.087 +/- 0.004, % updates Left: 12.52%  Right: 11.72%
2017-04-02 04:15:35,643 INFO: ----------------------------------------------------------------------------
2017-04-02 04:15:35,643 INFO: EPOCH 6 (126.544 seconds):
2017-04-02 04:15:35,697 INFO: 	Average L2 norm of relation vector: 0.05093
2017-04-02 04:15:35,698 INFO: 	COST >> 0.075 +/- 0.003, % updates Left: 10.75%  Right: 9.83%
2017-04-02 04:17:47,982 INFO: ----------------------------------------------------------------------------
2017-04-02 04:17:47,982 INFO: EPOCH 7 (132.284 seconds):
2017-04-02 04:17:48,045 INFO: 	Average L2 norm of relation vector: 0.0517
2017-04-02 04:17:48,046 INFO: 	COST >> 0.068 +/- 0.003, % updates Left: 9.51%  Right: 8.72%
2017-04-02 04:19:58,983 INFO: ----------------------------------------------------------------------------
2017-04-02 04:19:58,983 INFO: EPOCH 8 (130.936 seconds):
2017-04-02 04:19:59,031 INFO: 	Average L2 norm of relation vector: 0.05224
2017-04-02 04:19:59,031 INFO: 	COST >> 0.063 +/- 0.002, % updates Left: 8.56%  Right: 7.82%
2017-04-02 04:22:09,863 INFO: ----------------------------------------------------------------------------
2017-04-02 04:22:09,863 INFO: EPOCH 9 (130.831 seconds):
2017-04-02 04:22:09,912 INFO: 	Average L2 norm of relation vector: 0.05265
2017-04-02 04:22:09,913 INFO: 	COST >> 0.059 +/- 0.002, % updates Left: 7.93%  Right: 7.24%
2017-04-02 04:24:20,680 INFO: ----------------------------------------------------------------------------
2017-04-02 04:24:20,680 INFO: EPOCH 10 (130.766 seconds):
2017-04-02 04:24:20,736 INFO: 	Average L2 norm of relation vector: 0.05294
2017-04-02 04:24:20,737 INFO: 	COST >> 0.056 +/- 0.002, % updates Left: 7.51%  Right: 6.73%
2017-04-02 04:24:20,737 INFO: 	FilteredRanking: evaluating rank on 1000 triples
2017-04-02 04:30:42,959 INFO: 	FilteredRanking: evaluating rank on 1000 triples
2017-04-02 04:36:57,620 INFO: 	MEAN RANK >> valid: 312.5, train: 218.4
2017-04-02 04:36:57,620 INFO: 		MEAN RANK TRAIN: Left: 229.7 Rel: 0.0 Right: 207.2
2017-04-02 04:36:57,621 INFO: 		MEAN RANK VALID: Left: 334.1 Rel: 0.0 Right: 291.0
2017-04-02 04:36:57,621 INFO: 		MEAN RECIPROCAL RANK VALID (L & R): 0.145
2017-04-02 04:36:57,621 INFO: 	FilteredRanking: evaluating rank on 1000 triples
2017-04-02 04:42:48,530 INFO: 	NEW BEST TEST MR: 301.7
2017-04-02 04:42:48,531 INFO: 		Left MR: 322.5 Rel MR: 0.0 Right MR: 280.9
2017-04-02 04:42:48,650 INFO: 	(ranking took 1107.912 seconds)
2017-04-02 04:44:53,583 INFO: ----------------------------------------------------------------------------
2017-04-02 04:44:53,583 INFO: EPOCH 11 (124.933 seconds):
2017-04-02 04:44:53,631 INFO: 	Average L2 norm of relation vector: 0.05316
2017-04-02 04:44:53,632 INFO: 	COST >> 0.054 +/- 0.002, % updates Left: 7.03%  Right: 6.44%
2017-04-02 04:46:56,575 INFO: ----------------------------------------------------------------------------
2017-04-02 04:46:56,575 INFO: EPOCH 12 (122.943 seconds):
2017-04-02 04:46:56,619 INFO: 	Average L2 norm of relation vector: 0.05334
2017-04-02 04:46:56,619 INFO: 	COST >> 0.052 +/- 0.002, % updates Left: 6.83%  Right: 6.12%
2017-04-02 04:48:58,484 INFO: ----------------------------------------------------------------------------
2017-04-02 04:48:58,484 INFO: EPOCH 13 (121.865 seconds):
2017-04-02 04:48:58,526 INFO: 	Average L2 norm of relation vector: 0.05344
2017-04-02 04:48:58,527 INFO: 	COST >> 0.049 +/- 0.002, % updates Left: 6.44%  Right: 5.79%
2017-04-02 04:51:00,683 INFO: ----------------------------------------------------------------------------
2017-04-02 04:51:00,689 INFO: EPOCH 14 (122.162 seconds):
2017-04-02 04:51:00,735 INFO: 	Average L2 norm of relation vector: 0.05352
2017-04-02 04:51:00,736 INFO: 	COST >> 0.048 +/- 0.002, % updates Left: 6.24%  Right: 5.65%
2017-04-02 04:53:02,418 INFO: ----------------------------------------------------------------------------
2017-04-02 04:53:02,418 INFO: EPOCH 15 (121.682 seconds):
2017-04-02 04:53:02,466 INFO: 	Average L2 norm of relation vector: 0.05355
2017-04-02 04:53:02,466 INFO: 	COST >> 0.047 +/- 0.002, % updates Left: 6.04%  Right: 5.36%
2017-04-02 04:55:04,344 INFO: ----------------------------------------------------------------------------
2017-04-02 04:55:04,344 INFO: EPOCH 16 (121.877 seconds):
2017-04-02 04:55:04,391 INFO: 	Average L2 norm of relation vector: 0.05357
2017-04-02 04:55:04,391 INFO: 	COST >> 0.045 +/- 0.002, % updates Left: 5.89%  Right: 5.21%
2017-04-02 04:57:12,924 INFO: ----------------------------------------------------------------------------
2017-04-02 04:57:12,925 INFO: EPOCH 17 (128.533 seconds):
2017-04-02 04:57:12,973 INFO: 	Average L2 norm of relation vector: 0.05354
2017-04-02 04:57:12,973 INFO: 	COST >> 0.045 +/- 0.002, % updates Left: 5.7%  Right: 5.12%
2017-04-02 04:59:19,502 INFO: ----------------------------------------------------------------------------
2017-04-02 04:59:19,503 INFO: EPOCH 18 (126.53 seconds):
2017-04-02 04:59:19,552 INFO: 	Average L2 norm of relation vector: 0.0535
2017-04-02 04:59:19,552 INFO: 	COST >> 0.043 +/- 0.002, % updates Left: 5.55%  Right: 4.97%
2017-04-02 05:01:27,018 INFO: ----------------------------------------------------------------------------
2017-04-02 05:01:27,019 INFO: EPOCH 19 (127.466 seconds):
2017-04-02 05:01:27,067 INFO: 	Average L2 norm of relation vector: 0.05345
2017-04-02 05:01:27,067 INFO: 	COST >> 0.042 +/- 0.002, % updates Left: 5.36%  Right: 4.85%
2017-04-02 05:03:35,728 INFO: ----------------------------------------------------------------------------
2017-04-02 05:03:35,728 INFO: EPOCH 20 (128.66 seconds):
2017-04-02 05:03:35,773 INFO: 	Average L2 norm of relation vector: 0.05339
2017-04-02 05:03:35,774 INFO: 	COST >> 0.042 +/- 0.002, % updates Left: 5.31%  Right: 4.78%
2017-04-02 05:03:35,774 INFO: 	FilteredRanking: evaluating rank on 1000 triples
2017-04-02 05:09:45,024 INFO: 	FilteredRanking: evaluating rank on 1000 triples
2017-04-02 05:16:06,695 INFO: 	MEAN RANK >> valid: 220.5, train: 158.5
2017-04-02 05:16:06,695 INFO: 		MEAN RANK TRAIN: Left: 171.3 Rel: 0.0 Right: 145.8
2017-04-02 05:16:06,696 INFO: 		MEAN RANK VALID: Left: 236.4 Rel: 0.0 Right: 204.7
2017-04-02 05:16:06,696 INFO: 		MEAN RECIPROCAL RANK VALID (L & R): 0.1585
2017-04-02 05:16:06,696 INFO: 	FilteredRanking: evaluating rank on 1000 triples
2017-04-02 05:22:07,524 INFO: 	NEW BEST TEST MR: 236.7
2017-04-02 05:22:07,525 INFO: 		Left MR: 252.2 Rel MR: 0.0 Right MR: 221.1
2017-04-02 05:22:07,643 INFO: 	(ranking took 1111.869 seconds)
2017-04-02 05:24:16,096 INFO: ----------------------------------------------------------------------------
2017-04-02 05:24:16,096 INFO: EPOCH 21 (128.453 seconds):
2017-04-02 05:24:16,143 INFO: 	Average L2 norm of relation vector: 0.05332
2017-04-02 05:24:16,143 INFO: 	COST >> 0.041 +/- 0.002, % updates Left: 5.25%  Right: 4.66%
2017-04-02 05:26:21,143 INFO: ----------------------------------------------------------------------------
2017-04-02 05:26:21,143 INFO: EPOCH 22 (125.0 seconds):
2017-04-02 05:26:21,191 INFO: 	Average L2 norm of relation vector: 0.05325
2017-04-02 05:26:21,191 INFO: 	COST >> 0.04 +/- 0.002, % updates Left: 5.14%  Right: 4.53%
2017-04-02 05:28:26,845 INFO: ----------------------------------------------------------------------------
2017-04-02 05:28:26,845 INFO: EPOCH 23 (125.654 seconds):
2017-04-02 05:28:26,898 INFO: 	Average L2 norm of relation vector: 0.05316
2017-04-02 05:28:26,899 INFO: 	COST >> 0.039 +/- 0.002, % updates Left: 5.03%  Right: 4.41%
2017-04-02 05:30:41,601 INFO: ----------------------------------------------------------------------------
2017-04-02 05:30:41,601 INFO: EPOCH 24 (134.702 seconds):
2017-04-02 05:30:41,661 INFO: 	Average L2 norm of relation vector: 0.05309
2017-04-02 05:30:41,661 INFO: 	COST >> 0.039 +/- 0.002, % updates Left: 5.01%  Right: 4.43%
2017-04-02 05:32:52,445 INFO: ----------------------------------------------------------------------------
2017-04-02 05:32:52,445 INFO: EPOCH 25 (130.783 seconds):
2017-04-02 05:32:52,496 INFO: 	Average L2 norm of relation vector: 0.05299
2017-04-02 05:32:52,497 INFO: 	COST >> 0.038 +/- 0.002, % updates Left: 4.86%  Right: 4.29%
2017-04-02 05:35:04,601 INFO: ----------------------------------------------------------------------------
2017-04-02 05:35:04,601 INFO: EPOCH 26 (132.104 seconds):
2017-04-02 05:35:04,656 INFO: 	Average L2 norm of relation vector: 0.05289
2017-04-02 05:35:04,656 INFO: 	COST >> 0.037 +/- 0.001, % updates Left: 4.8%  Right: 4.24%
2017-04-02 05:37:17,368 INFO: ----------------------------------------------------------------------------
2017-04-02 05:37:17,369 INFO: EPOCH 27 (132.712 seconds):
2017-04-02 05:37:17,431 INFO: 	Average L2 norm of relation vector: 0.05279
2017-04-02 05:37:17,432 INFO: 	COST >> 0.037 +/- 0.002, % updates Left: 4.71%  Right: 4.23%
2017-04-02 05:39:29,409 INFO: ----------------------------------------------------------------------------
2017-04-02 05:39:29,409 INFO: EPOCH 28 (131.976 seconds):
2017-04-02 05:39:29,461 INFO: 	Average L2 norm of relation vector: 0.05269
2017-04-02 05:39:29,461 INFO: 	COST >> 0.036 +/- 0.002, % updates Left: 4.69%  Right: 4.11%
2017-04-02 05:41:41,041 INFO: ----------------------------------------------------------------------------
2017-04-02 05:41:41,041 INFO: EPOCH 29 (131.579 seconds):
2017-04-02 05:41:41,096 INFO: 	Average L2 norm of relation vector: 0.05261
2017-04-02 05:41:41,097 INFO: 	COST >> 0.036 +/- 0.002, % updates Left: 4.62%  Right: 4.12%
2017-04-02 05:43:53,925 INFO: ----------------------------------------------------------------------------
2017-04-02 05:43:53,925 INFO: EPOCH 30 (132.828 seconds):
2017-04-02 05:43:53,987 INFO: 	Average L2 norm of relation vector: 0.05249
2017-04-02 05:43:53,988 INFO: 	COST >> 0.035 +/- 0.001, % updates Left: 4.53%  Right: 3.96%
2017-04-02 05:43:53,989 INFO: 	FilteredRanking: evaluating rank on 1000 triples
2017-04-02 05:50:17,572 INFO: 	FilteredRanking: evaluating rank on 1000 triples
2017-04-02 05:56:16,255 INFO: 	MEAN RANK >> valid: 189.9, train: 118.2
2017-04-02 05:56:16,257 INFO: 		MEAN RANK TRAIN: Left: 125.2 Rel: 0.0 Right: 111.3
2017-04-02 05:56:16,259 INFO: 		MEAN RANK VALID: Left: 209.7 Rel: 0.0 Right: 170.0
2017-04-02 05:56:16,259 INFO: 		MEAN RECIPROCAL RANK VALID (L & R): 0.165
2017-04-02 05:56:16,259 INFO: 	FilteredRanking: evaluating rank on 1000 triples
2017-04-02 06:02:08,041 INFO: 	NEW BEST TEST MR: 193.5
2017-04-02 06:02:08,042 INFO: 		Left MR: 207.3 Rel MR: 0.0 Right MR: 179.7
2017-04-02 06:02:08,181 INFO: 	(ranking took 1094.192 seconds)
2017-04-02 06:04:20,457 INFO: ----------------------------------------------------------------------------
2017-04-02 06:04:20,458 INFO: EPOCH 31 (132.277 seconds):
2017-04-02 06:04:20,503 INFO: 	Average L2 norm of relation vector: 0.0524
2017-04-02 06:04:20,503 INFO: 	COST >> 0.034 +/- 0.002, % updates Left: 4.47%  Right: 3.97%
2017-04-02 06:06:28,265 INFO: ----------------------------------------------------------------------------
2017-04-02 06:06:28,265 INFO: EPOCH 32 (127.762 seconds):
2017-04-02 06:06:28,319 INFO: 	Average L2 norm of relation vector: 0.05231
2017-04-02 06:06:28,319 INFO: 	COST >> 0.034 +/- 0.002, % updates Left: 4.49%  Right: 3.93%
2017-04-02 06:08:36,060 INFO: ----------------------------------------------------------------------------
2017-04-02 06:08:36,060 INFO: EPOCH 33 (127.74 seconds):
2017-04-02 06:08:36,117 INFO: 	Average L2 norm of relation vector: 0.0522
2017-04-02 06:08:36,117 INFO: 	COST >> 0.034 +/- 0.002, % updates Left: 4.37%  Right: 3.88%
2017-04-02 06:10:43,570 INFO: ----------------------------------------------------------------------------
2017-04-02 06:10:43,571 INFO: EPOCH 34 (127.453 seconds):
2017-04-02 06:10:43,621 INFO: 	Average L2 norm of relation vector: 0.0521
2017-04-02 06:10:43,622 INFO: 	COST >> 0.033 +/- 0.002, % updates Left: 4.28%  Right: 3.82%
2017-04-02 06:12:50,786 INFO: ----------------------------------------------------------------------------
2017-04-02 06:12:50,786 INFO: EPOCH 35 (127.164 seconds):
2017-04-02 06:12:50,842 INFO: 	Average L2 norm of relation vector: 0.05199
2017-04-02 06:12:50,842 INFO: 	COST >> 0.033 +/- 0.002, % updates Left: 4.25%  Right: 3.76%
2017-04-02 06:14:58,686 INFO: ----------------------------------------------------------------------------
2017-04-02 06:14:58,686 INFO: EPOCH 36 (127.843 seconds):
2017-04-02 06:14:58,732 INFO: 	Average L2 norm of relation vector: 0.05188
2017-04-02 06:14:58,732 INFO: 	COST >> 0.032 +/- 0.002, % updates Left: 4.2%  Right: 3.71%
2017-04-02 06:17:06,097 INFO: ----------------------------------------------------------------------------
2017-04-02 06:17:06,097 INFO: EPOCH 37 (127.365 seconds):
2017-04-02 06:17:06,151 INFO: 	Average L2 norm of relation vector: 0.05178
2017-04-02 06:17:06,151 INFO: 	COST >> 0.032 +/- 0.001, % updates Left: 4.19%  Right: 3.71%
2017-04-02 06:19:13,910 INFO: ----------------------------------------------------------------------------
2017-04-02 06:19:13,910 INFO: EPOCH 38 (127.759 seconds):
2017-04-02 06:19:13,957 INFO: 	Average L2 norm of relation vector: 0.05167
2017-04-02 06:19:13,958 INFO: 	COST >> 0.032 +/- 0.001, % updates Left: 4.14%  Right: 3.63%
2017-04-02 06:21:20,353 INFO: ----------------------------------------------------------------------------
2017-04-02 06:21:20,353 INFO: EPOCH 39 (126.395 seconds):
2017-04-02 06:21:20,402 INFO: 	Average L2 norm of relation vector: 0.05158
2017-04-02 06:21:20,403 INFO: 	COST >> 0.031 +/- 0.001, % updates Left: 4.11%  Right: 3.62%
2017-04-02 06:23:27,821 INFO: ----------------------------------------------------------------------------
2017-04-02 06:23:27,821 INFO: EPOCH 40 (127.418 seconds):
2017-04-02 06:23:27,871 INFO: 	Average L2 norm of relation vector: 0.05148
2017-04-02 06:23:27,872 INFO: 	COST >> 0.031 +/- 0.001, % updates Left: 4.05%  Right: 3.61%
2017-04-02 06:23:27,872 INFO: 	FilteredRanking: evaluating rank on 1000 triples
2017-04-02 06:29:20,326 INFO: 	FilteredRanking: evaluating rank on 1000 triples
2017-04-02 06:35:23,906 INFO: 	MEAN RANK >> valid: 157.6, train: 95.4
2017-04-02 06:35:23,906 INFO: 		MEAN RANK TRAIN: Left: 102.1 Rel: 0.0 Right: 88.6
2017-04-02 06:35:23,907 INFO: 		MEAN RANK VALID: Left: 172.7 Rel: 0.0 Right: 142.5
2017-04-02 06:35:23,907 INFO: 		MEAN RECIPROCAL RANK VALID (L & R): 0.178
2017-04-02 06:35:23,907 INFO: 	FilteredRanking: evaluating rank on 1000 triples
2017-04-02 06:42:08,780 INFO: 	NEW BEST TEST MR: 163.6
2017-04-02 06:42:08,780 INFO: 		Left MR: 170.3 Rel MR: 0.0 Right MR: 157.0
2017-04-02 06:42:08,896 INFO: 	(ranking took 1121.024 seconds)
2017-04-02 06:44:24,576 INFO: ----------------------------------------------------------------------------
2017-04-02 06:44:24,576 INFO: EPOCH 41 (135.68 seconds):
2017-04-02 06:44:24,628 INFO: 	Average L2 norm of relation vector: 0.05139
2017-04-02 06:44:24,629 INFO: 	COST >> 0.031 +/- 0.001, % updates Left: 4.03%  Right: 3.58%
2017-04-02 06:46:38,148 INFO: ----------------------------------------------------------------------------
2017-04-02 06:46:38,149 INFO: EPOCH 42 (133.52 seconds):
2017-04-02 06:46:38,204 INFO: 	Average L2 norm of relation vector: 0.05128
2017-04-02 06:46:38,204 INFO: 	COST >> 0.03 +/- 0.001, % updates Left: 3.93%  Right: 3.53%
2017-04-02 06:48:50,422 INFO: ----------------------------------------------------------------------------
2017-04-02 06:48:50,422 INFO: EPOCH 43 (132.218 seconds):
2017-04-02 06:48:50,480 INFO: 	Average L2 norm of relation vector: 0.05118
2017-04-02 06:48:50,481 INFO: 	COST >> 0.03 +/- 0.002, % updates Left: 3.98%  Right: 3.48%
2017-04-02 06:51:03,413 INFO: ----------------------------------------------------------------------------
2017-04-02 06:51:03,414 INFO: EPOCH 44 (132.932 seconds):
2017-04-02 06:51:03,478 INFO: 	Average L2 norm of relation vector: 0.05108
2017-04-02 06:51:03,478 INFO: 	COST >> 0.03 +/- 0.001, % updates Left: 3.91%  Right: 3.46%
2017-04-02 06:53:17,107 INFO: ----------------------------------------------------------------------------
2017-04-02 06:53:17,112 INFO: EPOCH 45 (133.633 seconds):
2017-04-02 06:53:17,172 INFO: 	Average L2 norm of relation vector: 0.05099
2017-04-02 06:53:17,173 INFO: 	COST >> 0.029 +/- 0.001, % updates Left: 3.91%  Right: 3.45%
2017-04-02 06:55:30,348 INFO: ----------------------------------------------------------------------------
2017-04-02 06:55:30,348 INFO: EPOCH 46 (133.174 seconds):
2017-04-02 06:55:30,407 INFO: 	Average L2 norm of relation vector: 0.05089
2017-04-02 06:55:30,409 INFO: 	COST >> 0.029 +/- 0.001, % updates Left: 3.88%  Right: 3.41%
2017-04-02 06:57:42,622 INFO: ----------------------------------------------------------------------------
2017-04-02 06:57:42,623 INFO: EPOCH 47 (132.214 seconds):
2017-04-02 06:57:42,676 INFO: 	Average L2 norm of relation vector: 0.05079
2017-04-02 06:57:42,677 INFO: 	COST >> 0.029 +/- 0.001, % updates Left: 3.8%  Right: 3.39%
2017-04-02 06:59:46,390 INFO: ----------------------------------------------------------------------------
2017-04-02 06:59:46,390 INFO: EPOCH 48 (123.713 seconds):
2017-04-02 06:59:46,438 INFO: 	Average L2 norm of relation vector: 0.0507
2017-04-02 06:59:46,439 INFO: 	COST >> 0.029 +/- 0.001, % updates Left: 3.83%  Right: 3.4%
2017-04-02 07:01:47,894 INFO: ----------------------------------------------------------------------------
2017-04-02 07:01:47,895 INFO: EPOCH 49 (121.456 seconds):
2017-04-02 07:01:47,941 INFO: 	Average L2 norm of relation vector: 0.0506
2017-04-02 07:01:47,941 INFO: 	COST >> 0.028 +/- 0.001, % updates Left: 3.79%  Right: 3.32%
2017-04-02 07:03:49,984 INFO: ----------------------------------------------------------------------------
2017-04-02 07:03:49,984 INFO: EPOCH 50 (122.043 seconds):
2017-04-02 07:03:50,033 INFO: 	Average L2 norm of relation vector: 0.05052
2017-04-02 07:03:50,034 INFO: 	COST >> 0.028 +/- 0.001, % updates Left: 3.77%  Right: 3.31%
2017-04-02 07:03:50,034 INFO: 	FilteredRanking: evaluating rank on 1000 triples
2017-04-02 07:09:52,166 INFO: 	FilteredRanking: evaluating rank on 1000 triples
2017-04-02 07:15:52,280 INFO: 	MEAN RANK >> valid: 130.9, train: 81.9
2017-04-02 07:15:52,281 INFO: 		MEAN RANK TRAIN: Left: 87.1 Rel: 0.0 Right: 76.7
2017-04-02 07:15:52,281 INFO: 		MEAN RANK VALID: Left: 144.2 Rel: 0.0 Right: 117.7
2017-04-02 07:15:52,281 INFO: 		MEAN RECIPROCAL RANK VALID (L & R): 0.1835
2017-04-02 07:15:52,282 INFO: 	FilteredRanking: evaluating rank on 1000 triples
2017-04-02 07:22:01,629 INFO: 	NEW BEST TEST MR: 152.7
2017-04-02 07:22:01,630 INFO: 		Left MR: 164.8 Rel MR: 0.0 Right MR: 140.7
2017-04-02 07:22:01,764 INFO: 	(ranking took 1091.73 seconds)
2017-04-02 07:24:07,408 INFO: ----------------------------------------------------------------------------
2017-04-02 07:24:07,408 INFO: EPOCH 51 (125.643 seconds):
2017-04-02 07:24:07,454 INFO: 	Average L2 norm of relation vector: 0.05041
2017-04-02 07:24:07,455 INFO: 	COST >> 0.028 +/- 0.001, % updates Left: 3.71%  Right: 3.28%
2017-04-02 07:26:10,025 INFO: ----------------------------------------------------------------------------
2017-04-02 07:26:10,025 INFO: EPOCH 52 (122.57 seconds):
2017-04-02 07:26:10,072 INFO: 	Average L2 norm of relation vector: 0.05034
2017-04-02 07:26:10,072 INFO: 	COST >> 0.027 +/- 0.001, % updates Left: 3.71%  Right: 3.28%
2017-04-02 07:28:12,635 INFO: ----------------------------------------------------------------------------
2017-04-02 07:28:12,636 INFO: EPOCH 53 (122.563 seconds):
2017-04-02 07:28:12,683 INFO: 	Average L2 norm of relation vector: 0.05025
2017-04-02 07:28:12,683 INFO: 	COST >> 0.027 +/- 0.001, % updates Left: 3.68%  Right: 3.28%
2017-04-02 07:30:15,031 INFO: ----------------------------------------------------------------------------
2017-04-02 07:30:15,031 INFO: EPOCH 54 (122.348 seconds):
2017-04-02 07:30:15,081 INFO: 	Average L2 norm of relation vector: 0.05018
2017-04-02 07:30:15,082 INFO: 	COST >> 0.027 +/- 0.001, % updates Left: 3.71%  Right: 3.27%
2017-04-02 07:32:18,093 INFO: ----------------------------------------------------------------------------
2017-04-02 07:32:18,093 INFO: EPOCH 55 (123.011 seconds):
2017-04-02 07:32:18,144 INFO: 	Average L2 norm of relation vector: 0.0501
2017-04-02 07:32:18,145 INFO: 	COST >> 0.027 +/- 0.001, % updates Left: 3.65%  Right: 3.23%
2017-04-02 07:34:22,125 INFO: ----------------------------------------------------------------------------
2017-04-02 07:34:22,125 INFO: EPOCH 56 (123.98 seconds):
2017-04-02 07:34:22,176 INFO: 	Average L2 norm of relation vector: 0.05001
2017-04-02 07:34:22,176 INFO: 	COST >> 0.027 +/- 0.001, % updates Left: 3.67%  Right: 3.19%
2017-04-02 07:36:25,778 INFO: ----------------------------------------------------------------------------
2017-04-02 07:36:25,778 INFO: EPOCH 57 (123.601 seconds):
2017-04-02 07:36:25,830 INFO: 	Average L2 norm of relation vector: 0.04994
2017-04-02 07:36:25,831 INFO: 	COST >> 0.027 +/- 0.001, % updates Left: 3.64%  Right: 3.22%
2017-04-02 07:38:26,682 INFO: ----------------------------------------------------------------------------
2017-04-02 07:38:26,683 INFO: EPOCH 58 (120.852 seconds):
2017-04-02 07:38:26,729 INFO: 	Average L2 norm of relation vector: 0.04986
2017-04-02 07:38:26,730 INFO: 	COST >> 0.026 +/- 0.001, % updates Left: 3.58%  Right: 3.16%
2017-04-02 07:40:25,373 INFO: ----------------------------------------------------------------------------
2017-04-02 07:40:25,373 INFO: EPOCH 59 (118.643 seconds):
2017-04-02 07:40:25,419 INFO: 	Average L2 norm of relation vector: 0.04978
2017-04-02 07:40:25,419 INFO: 	COST >> 0.026 +/- 0.001, % updates Left: 3.59%  Right: 3.14%
2017-04-02 07:42:23,955 INFO: ----------------------------------------------------------------------------
2017-04-02 07:42:23,955 INFO: EPOCH 60 (118.536 seconds):
2017-04-02 07:42:24,002 INFO: 	Average L2 norm of relation vector: 0.04971
2017-04-02 07:42:24,002 INFO: 	COST >> 0.026 +/- 0.001, % updates Left: 3.53%  Right: 3.16%
2017-04-02 07:42:24,003 INFO: 	FilteredRanking: evaluating rank on 1000 triples
2017-04-02 07:48:16,271 INFO: 	FilteredRanking: evaluating rank on 1000 triples
2017-04-02 07:54:23,194 INFO: 	MEAN RANK >> valid: 121.4, train: 71.6
2017-04-02 07:54:23,200 INFO: 		MEAN RANK TRAIN: Left: 75.0 Rel: 0.0 Right: 68.1
2017-04-02 07:54:23,201 INFO: 		MEAN RANK VALID: Left: 135.8 Rel: 0.0 Right: 107.0
2017-04-02 07:54:23,202 INFO: 		MEAN RECIPROCAL RANK VALID (L & R): 0.191
2017-04-02 07:54:23,202 INFO: 	FilteredRanking: evaluating rank on 1000 triples
2017-04-02 08:00:45,944 INFO: 	NEW BEST TEST MR: 131.8
2017-04-02 08:00:45,945 INFO: 		Left MR: 142.6 Rel MR: 0.0 Right MR: 121.0
2017-04-02 08:00:46,079 INFO: 	(ranking took 1102.076 seconds)
2017-04-02 08:02:55,669 INFO: ----------------------------------------------------------------------------
2017-04-02 08:02:55,669 INFO: EPOCH 61 (129.59 seconds):
2017-04-02 08:02:55,721 INFO: 	Average L2 norm of relation vector: 0.04964
2017-04-02 08:02:55,721 INFO: 	COST >> 0.026 +/- 0.001, % updates Left: 3.54%  Right: 3.15%
2017-04-02 08:05:03,144 INFO: ----------------------------------------------------------------------------
2017-04-02 08:05:03,144 INFO: EPOCH 62 (127.423 seconds):
2017-04-02 08:05:03,195 INFO: 	Average L2 norm of relation vector: 0.04957
2017-04-02 08:05:03,197 INFO: 	COST >> 0.026 +/- 0.001, % updates Left: 3.52%  Right: 3.15%
2017-04-02 08:07:09,131 INFO: ----------------------------------------------------------------------------
2017-04-02 08:07:09,131 INFO: EPOCH 63 (125.934 seconds):
2017-04-02 08:07:09,177 INFO: 	Average L2 norm of relation vector: 0.0495
2017-04-02 08:07:09,178 INFO: 	COST >> 0.026 +/- 0.001, % updates Left: 3.5%  Right: 3.12%
2017-04-02 08:09:16,362 INFO: ----------------------------------------------------------------------------
2017-04-02 08:09:16,363 INFO: EPOCH 64 (127.185 seconds):
2017-04-02 08:09:16,409 INFO: 	Average L2 norm of relation vector: 0.04943
2017-04-02 08:09:16,410 INFO: 	COST >> 0.026 +/- 0.001, % updates Left: 3.48%  Right: 3.12%
2017-04-02 08:11:22,391 INFO: ----------------------------------------------------------------------------
2017-04-02 08:11:22,391 INFO: EPOCH 65 (125.981 seconds):
2017-04-02 08:11:22,435 INFO: 	Average L2 norm of relation vector: 0.04936
2017-04-02 08:11:22,435 INFO: 	COST >> 0.025 +/- 0.001, % updates Left: 3.48%  Right: 3.1%
2017-04-02 08:13:29,777 INFO: ----------------------------------------------------------------------------
2017-04-02 08:13:29,778 INFO: EPOCH 66 (127.342 seconds):
2017-04-02 08:13:29,830 INFO: 	Average L2 norm of relation vector: 0.04931
2017-04-02 08:13:29,831 INFO: 	COST >> 0.025 +/- 0.001, % updates Left: 3.46%  Right: 3.08%
2017-04-02 08:15:35,840 INFO: ----------------------------------------------------------------------------
2017-04-02 08:15:35,841 INFO: EPOCH 67 (126.01 seconds):
2017-04-02 08:15:35,887 INFO: 	Average L2 norm of relation vector: 0.04925
2017-04-02 08:15:35,887 INFO: 	COST >> 0.025 +/- 0.001, % updates Left: 3.43%  Right: 3.08%
2017-04-02 08:17:39,082 INFO: ----------------------------------------------------------------------------
2017-04-02 08:17:39,083 INFO: EPOCH 68 (123.195 seconds):
2017-04-02 08:17:39,127 INFO: 	Average L2 norm of relation vector: 0.04918
2017-04-02 08:17:39,127 INFO: 	COST >> 0.025 +/- 0.001, % updates Left: 3.41%  Right: 3.11%
2017-04-02 08:19:40,822 INFO: ----------------------------------------------------------------------------
2017-04-02 08:19:40,822 INFO: EPOCH 69 (121.694 seconds):
2017-04-02 08:19:40,868 INFO: 	Average L2 norm of relation vector: 0.04912
2017-04-02 08:19:40,868 INFO: 	COST >> 0.025 +/- 0.001, % updates Left: 3.45%  Right: 3.02%
2017-04-02 08:21:42,193 INFO: ----------------------------------------------------------------------------
2017-04-02 08:21:42,194 INFO: EPOCH 70 (121.325 seconds):
2017-04-02 08:21:42,238 INFO: 	Average L2 norm of relation vector: 0.04907
2017-04-02 08:21:42,238 INFO: 	COST >> 0.025 +/- 0.001, % updates Left: 3.41%  Right: 3.05%
2017-04-02 08:21:42,238 INFO: 	FilteredRanking: evaluating rank on 1000 triples
2017-04-02 08:27:44,893 INFO: 	FilteredRanking: evaluating rank on 1000 triples
2017-04-02 08:33:45,751 INFO: 	MEAN RANK >> valid: 114.7, train: 65.9
2017-04-02 08:33:45,751 INFO: 		MEAN RANK TRAIN: Left: 70.3 Rel: 0.0 Right: 61.5
2017-04-02 08:33:45,752 INFO: 		MEAN RANK VALID: Left: 128.6 Rel: 0.0 Right: 100.8
2017-04-02 08:33:45,752 INFO: 		MEAN RECIPROCAL RANK VALID (L & R): 0.194
2017-04-02 08:33:45,752 INFO: 	FilteredRanking: evaluating rank on 1000 triples
2017-04-02 08:39:55,717 INFO: 	NEW BEST TEST MR: 123.5
2017-04-02 08:39:55,718 INFO: 		Left MR: 135.8 Rel MR: 0.0 Right MR: 111.2
2017-04-02 08:39:55,844 INFO: 	(ranking took 1093.606 seconds)
2017-04-02 08:42:01,647 INFO: ----------------------------------------------------------------------------
2017-04-02 08:42:01,647 INFO: EPOCH 71 (125.803 seconds):
2017-04-02 08:42:01,693 INFO: 	Average L2 norm of relation vector: 0.04901
2017-04-02 08:42:01,693 INFO: 	COST >> 0.025 +/- 0.001, % updates Left: 3.39%  Right: 3.03%
2017-04-02 08:44:04,806 INFO: ----------------------------------------------------------------------------
2017-04-02 08:44:04,806 INFO: EPOCH 72 (123.113 seconds):
2017-04-02 08:44:04,853 INFO: 	Average L2 norm of relation vector: 0.04896
2017-04-02 08:44:04,853 INFO: 	COST >> 0.025 +/- 0.001, % updates Left: 3.44%  Right: 3.0%
2017-04-02 08:46:07,539 INFO: ----------------------------------------------------------------------------
2017-04-02 08:46:07,540 INFO: EPOCH 73 (122.686 seconds):
2017-04-02 08:46:07,588 INFO: 	Average L2 norm of relation vector: 0.04889
2017-04-02 08:46:07,588 INFO: 	COST >> 0.025 +/- 0.001, % updates Left: 3.34%  Right: 3.03%
2017-04-02 08:48:10,532 INFO: ----------------------------------------------------------------------------
2017-04-02 08:48:10,532 INFO: EPOCH 74 (122.944 seconds):
2017-04-02 08:48:10,578 INFO: 	Average L2 norm of relation vector: 0.04884
2017-04-02 08:48:10,579 INFO: 	COST >> 0.024 +/- 0.001, % updates Left: 3.34%  Right: 3.01%
2017-04-02 08:50:13,451 INFO: ----------------------------------------------------------------------------
2017-04-02 08:50:13,451 INFO: EPOCH 75 (122.872 seconds):
2017-04-02 08:50:13,495 INFO: 	Average L2 norm of relation vector: 0.04879
2017-04-02 08:50:13,495 INFO: 	COST >> 0.024 +/- 0.001, % updates Left: 3.35%  Right: 3.01%
2017-04-02 08:52:16,105 INFO: ----------------------------------------------------------------------------
2017-04-02 08:52:16,106 INFO: EPOCH 76 (122.61 seconds):
2017-04-02 08:52:16,156 INFO: 	Average L2 norm of relation vector: 0.04875
2017-04-02 08:52:16,157 INFO: 	COST >> 0.024 +/- 0.001, % updates Left: 3.34%  Right: 2.99%
2017-04-02 08:54:18,780 INFO: ----------------------------------------------------------------------------
2017-04-02 08:54:18,780 INFO: EPOCH 77 (122.623 seconds):
2017-04-02 08:54:18,825 INFO: 	Average L2 norm of relation vector: 0.04869
2017-04-02 08:54:18,826 INFO: 	COST >> 0.024 +/- 0.001, % updates Left: 3.31%  Right: 2.96%
2017-04-02 08:56:18,887 INFO: ----------------------------------------------------------------------------
2017-04-02 08:56:18,888 INFO: EPOCH 78 (120.062 seconds):
2017-04-02 08:56:18,935 INFO: 	Average L2 norm of relation vector: 0.04862
2017-04-02 08:56:18,935 INFO: 	COST >> 0.024 +/- 0.001, % updates Left: 3.31%  Right: 2.9%
2017-04-02 08:58:17,708 INFO: ----------------------------------------------------------------------------
2017-04-02 08:58:17,708 INFO: EPOCH 79 (118.772 seconds):
2017-04-02 08:58:17,763 INFO: 	Average L2 norm of relation vector: 0.04857
2017-04-02 08:58:17,764 INFO: 	COST >> 0.024 +/- 0.001, % updates Left: 3.3%  Right: 2.96%
2017-04-02 09:00:16,431 INFO: ----------------------------------------------------------------------------
2017-04-02 09:00:16,432 INFO: EPOCH 80 (118.667 seconds):
2017-04-02 09:00:16,473 INFO: 	Average L2 norm of relation vector: 0.04853
2017-04-02 09:00:16,474 INFO: 	COST >> 0.024 +/- 0.001, % updates Left: 3.27%  Right: 2.95%
2017-04-02 09:00:16,474 INFO: 	FilteredRanking: evaluating rank on 1000 triples
2017-04-02 09:06:08,656 INFO: 	FilteredRanking: evaluating rank on 1000 triples
2017-04-02 09:12:34,088 INFO: 	MEAN RANK >> valid: 112.1, train: 60.2
2017-04-02 09:12:34,089 INFO: 		MEAN RANK TRAIN: Left: 63.5 Rel: 0.0 Right: 56.9
2017-04-02 09:12:34,090 INFO: 		MEAN RANK VALID: Left: 127.9 Rel: 0.0 Right: 96.3
2017-04-02 09:12:34,090 INFO: 		MEAN RECIPROCAL RANK VALID (L & R): 0.1985
2017-04-02 09:12:34,090 INFO: 	FilteredRanking: evaluating rank on 1000 triples
2017-04-02 09:18:58,336 INFO: 	NEW BEST TEST MR: 117.9
2017-04-02 09:18:58,337 INFO: 		Left MR: 128.6 Rel MR: 0.0 Right MR: 107.2
2017-04-02 09:18:58,450 INFO: 	(ranking took 1121.976 seconds)
2017-04-02 09:21:07,276 INFO: ----------------------------------------------------------------------------
2017-04-02 09:21:07,276 INFO: EPOCH 81 (128.826 seconds):
2017-04-02 09:21:07,321 INFO: 	Average L2 norm of relation vector: 0.04847
2017-04-02 09:21:07,322 INFO: 	COST >> 0.023 +/- 0.001, % updates Left: 3.26%  Right: 2.9%
2017-04-02 09:23:13,196 INFO: ----------------------------------------------------------------------------
2017-04-02 09:23:13,196 INFO: EPOCH 82 (125.874 seconds):
2017-04-02 09:23:13,247 INFO: 	Average L2 norm of relation vector: 0.04842
2017-04-02 09:23:13,247 INFO: 	COST >> 0.023 +/- 0.001, % updates Left: 3.23%  Right: 2.93%
2017-04-02 09:25:19,446 INFO: ----------------------------------------------------------------------------
2017-04-02 09:25:19,446 INFO: EPOCH 83 (126.198 seconds):
2017-04-02 09:25:19,495 INFO: 	Average L2 norm of relation vector: 0.04838
2017-04-02 09:25:19,495 INFO: 	COST >> 0.023 +/- 0.001, % updates Left: 3.25%  Right: 2.93%
2017-04-02 09:27:26,615 INFO: ----------------------------------------------------------------------------
2017-04-02 09:27:26,615 INFO: EPOCH 84 (127.12 seconds):
2017-04-02 09:27:26,666 INFO: 	Average L2 norm of relation vector: 0.04833
2017-04-02 09:27:26,666 INFO: 	COST >> 0.023 +/- 0.001, % updates Left: 3.22%  Right: 2.9%
2017-04-02 09:29:29,035 INFO: ----------------------------------------------------------------------------
2017-04-02 09:29:29,035 INFO: EPOCH 85 (122.369 seconds):
2017-04-02 09:29:29,090 INFO: 	Average L2 norm of relation vector: 0.04828
2017-04-02 09:29:29,091 INFO: 	COST >> 0.023 +/- 0.001, % updates Left: 3.21%  Right: 2.9%
2017-04-02 09:31:30,616 INFO: ----------------------------------------------------------------------------
2017-04-02 09:31:30,617 INFO: EPOCH 86 (121.526 seconds):
2017-04-02 09:31:30,661 INFO: 	Average L2 norm of relation vector: 0.04823
2017-04-02 09:31:30,661 INFO: 	COST >> 0.023 +/- 0.001, % updates Left: 3.26%  Right: 2.89%
2017-04-02 09:33:32,124 INFO: ----------------------------------------------------------------------------
2017-04-02 09:33:32,124 INFO: EPOCH 87 (121.463 seconds):
2017-04-02 09:33:32,175 INFO: 	Average L2 norm of relation vector: 0.04819
2017-04-02 09:33:32,175 INFO: 	COST >> 0.023 +/- 0.001, % updates Left: 3.24%  Right: 2.87%
2017-04-02 09:35:33,536 INFO: ----------------------------------------------------------------------------
2017-04-02 09:35:33,536 INFO: EPOCH 88 (121.361 seconds):
2017-04-02 09:35:33,581 INFO: 	Average L2 norm of relation vector: 0.04815
2017-04-02 09:35:33,582 INFO: 	COST >> 0.023 +/- 0.001, % updates Left: 3.21%  Right: 2.88%
2017-04-02 09:37:34,648 INFO: ----------------------------------------------------------------------------
2017-04-02 09:37:34,648 INFO: EPOCH 89 (121.065 seconds):
2017-04-02 09:37:34,693 INFO: 	Average L2 norm of relation vector: 0.04811
2017-04-02 09:37:34,694 INFO: 	COST >> 0.023 +/- 0.001, % updates Left: 3.18%  Right: 2.87%
2017-04-02 09:39:36,350 INFO: ----------------------------------------------------------------------------
2017-04-02 09:39:36,350 INFO: EPOCH 90 (121.656 seconds):
2017-04-02 09:39:36,393 INFO: 	Average L2 norm of relation vector: 0.04807
2017-04-02 09:39:36,394 INFO: 	COST >> 0.023 +/- 0.001, % updates Left: 3.2%  Right: 2.85%
2017-04-02 09:39:36,394 INFO: 	FilteredRanking: evaluating rank on 1000 triples
2017-04-02 09:45:39,419 INFO: 	FilteredRanking: evaluating rank on 1000 triples
2017-04-02 09:51:57,067 INFO: 	MEAN RANK >> valid: 112.2, train: 57.3
2017-04-02 09:51:57,067 INFO: 		MEAN RANK TRAIN: Left: 60.2 Rel: 0.0 Right: 54.4
2017-04-02 09:51:57,068 INFO: 		MEAN RANK VALID: Left: 129.4 Rel: 0.0 Right: 95.0
2017-04-02 09:51:57,068 INFO: 		MEAN RECIPROCAL RANK VALID (L & R): 0.208
2017-04-02 09:51:57,068 INFO: 	FilteredRanking: evaluating rank on 1000 triples
2017-04-02 09:58:06,893 INFO: 	NEW BEST TEST MR: 110.6
2017-04-02 09:58:06,901 INFO: 		Left MR: 118.7 Rel MR: 0.0 Right MR: 102.6
2017-04-02 09:58:07,017 INFO: 	(ranking took 1110.623 seconds)
2017-04-02 10:00:12,768 INFO: ----------------------------------------------------------------------------
2017-04-02 10:00:12,768 INFO: EPOCH 91 (125.75 seconds):
2017-04-02 10:00:12,814 INFO: 	Average L2 norm of relation vector: 0.04803
2017-04-02 10:00:12,815 INFO: 	COST >> 0.023 +/- 0.001, % updates Left: 3.21%  Right: 2.82%
2017-04-02 10:02:15,292 INFO: ----------------------------------------------------------------------------
2017-04-02 10:02:15,292 INFO: EPOCH 92 (122.477 seconds):
2017-04-02 10:02:15,340 INFO: 	Average L2 norm of relation vector: 0.04799
2017-04-02 10:02:15,340 INFO: 	COST >> 0.023 +/- 0.001, % updates Left: 3.19%  Right: 2.92%
2017-04-02 10:04:19,055 INFO: ----------------------------------------------------------------------------
2017-04-02 10:04:19,055 INFO: EPOCH 93 (123.715 seconds):
2017-04-02 10:04:19,108 INFO: 	Average L2 norm of relation vector: 0.04795
2017-04-02 10:04:19,109 INFO: 	COST >> 0.022 +/- 0.001, % updates Left: 3.16%  Right: 2.81%
2017-04-02 10:06:21,558 INFO: ----------------------------------------------------------------------------
2017-04-02 10:06:21,558 INFO: EPOCH 94 (122.449 seconds):
2017-04-02 10:06:21,607 INFO: 	Average L2 norm of relation vector: 0.04791
2017-04-02 10:06:21,607 INFO: 	COST >> 0.022 +/- 0.001, % updates Left: 3.16%  Right: 2.81%
2017-04-02 10:08:22,098 INFO: ----------------------------------------------------------------------------
2017-04-02 10:08:22,099 INFO: EPOCH 95 (120.491 seconds):
2017-04-02 10:08:22,145 INFO: 	Average L2 norm of relation vector: 0.04786
2017-04-02 10:08:22,146 INFO: 	COST >> 0.022 +/- 0.001, % updates Left: 3.15%  Right: 2.82%
2017-04-02 10:10:20,733 INFO: ----------------------------------------------------------------------------
2017-04-02 10:10:20,734 INFO: EPOCH 96 (118.588 seconds):
2017-04-02 10:10:20,781 INFO: 	Average L2 norm of relation vector: 0.04783
2017-04-02 10:10:20,781 INFO: 	COST >> 0.023 +/- 0.001, % updates Left: 3.17%  Right: 2.85%
2017-04-02 10:12:19,169 INFO: ----------------------------------------------------------------------------
2017-04-02 10:12:19,169 INFO: EPOCH 97 (118.388 seconds):
2017-04-02 10:12:19,214 INFO: 	Average L2 norm of relation vector: 0.04778
2017-04-02 10:12:19,215 INFO: 	COST >> 0.022 +/- 0.001, % updates Left: 3.11%  Right: 2.8%
2017-04-02 10:14:22,158 INFO: ----------------------------------------------------------------------------
2017-04-02 10:14:22,158 INFO: EPOCH 98 (122.943 seconds):
2017-04-02 10:14:22,206 INFO: 	Average L2 norm of relation vector: 0.04774
2017-04-02 10:14:22,207 INFO: 	COST >> 0.022 +/- 0.001, % updates Left: 3.12%  Right: 2.77%
2017-04-02 10:16:25,549 INFO: ----------------------------------------------------------------------------
2017-04-02 10:16:25,549 INFO: EPOCH 99 (123.341 seconds):
2017-04-02 10:16:25,597 INFO: 	Average L2 norm of relation vector: 0.04771
2017-04-02 10:16:25,598 INFO: 	COST >> 0.022 +/- 0.001, % updates Left: 3.18%  Right: 2.81%
2017-04-02 10:18:26,957 INFO: ----------------------------------------------------------------------------
2017-04-02 10:18:26,958 INFO: EPOCH 100 (121.36 seconds):
2017-04-02 10:18:27,007 INFO: 	Average L2 norm of relation vector: 0.04768
2017-04-02 10:18:27,007 INFO: 	COST >> 0.022 +/- 0.001, % updates Left: 3.1%  Right: 2.8%
2017-04-02 10:18:27,008 INFO: 	FilteredRanking: evaluating rank on 1000 triples
2017-04-02 10:24:30,459 INFO: 	FilteredRanking: evaluating rank on 1000 triples
2017-04-02 10:30:53,031 INFO: 	MEAN RANK >> valid: 104.8, train: 54.1
2017-04-02 10:30:53,032 INFO: 		MEAN RANK TRAIN: Left: 57.3 Rel: 0.0 Right: 51.0
2017-04-02 10:30:53,033 INFO: 		MEAN RANK VALID: Left: 121.7 Rel: 0.0 Right: 87.8
2017-04-02 10:30:53,033 INFO: 		MEAN RECIPROCAL RANK VALID (L & R): 0.204
2017-04-02 10:30:53,033 WARNING: 	WARNING, failed to improve MRR on valid, 2 chances left

2017-04-02 10:30:53,160 INFO: 	(ranking took 746.152 seconds)
2017-04-02 10:33:02,482 INFO: ----------------------------------------------------------------------------
2017-04-02 10:33:02,482 INFO: EPOCH 101 (129.322 seconds):
2017-04-02 10:33:02,534 INFO: 	Average L2 norm of relation vector: 0.04764
2017-04-02 10:33:02,535 INFO: 	COST >> 0.022 +/- 0.001, % updates Left: 3.14%  Right: 2.79%
2017-04-02 10:35:08,839 INFO: ----------------------------------------------------------------------------
2017-04-02 10:35:08,839 INFO: EPOCH 102 (126.304 seconds):
2017-04-02 10:35:08,887 INFO: 	Average L2 norm of relation vector: 0.04761
2017-04-02 10:35:08,888 INFO: 	COST >> 0.022 +/- 0.001, % updates Left: 3.09%  Right: 2.79%
2017-04-02 10:37:16,047 INFO: ----------------------------------------------------------------------------
2017-04-02 10:37:16,047 INFO: EPOCH 103 (127.159 seconds):
2017-04-02 10:37:16,102 INFO: 	Average L2 norm of relation vector: 0.04757
2017-04-02 10:37:16,103 INFO: 	COST >> 0.022 +/- 0.001, % updates Left: 3.1%  Right: 2.77%
2017-04-02 10:39:23,262 INFO: ----------------------------------------------------------------------------
2017-04-02 10:39:23,262 INFO: EPOCH 104 (127.159 seconds):
2017-04-02 10:39:23,321 INFO: 	Average L2 norm of relation vector: 0.04753
2017-04-02 10:39:23,322 INFO: 	COST >> 0.022 +/- 0.001, % updates Left: 3.1%  Right: 2.72%
2017-04-02 10:41:30,481 INFO: ----------------------------------------------------------------------------
2017-04-02 10:41:30,481 INFO: EPOCH 105 (127.159 seconds):
2017-04-02 10:41:30,536 INFO: 	Average L2 norm of relation vector: 0.0475
2017-04-02 10:41:30,537 INFO: 	COST >> 0.022 +/- 0.001, % updates Left: 3.09%  Right: 2.81%
2017-04-02 10:43:37,121 INFO: ----------------------------------------------------------------------------
2017-04-02 10:43:37,121 INFO: EPOCH 106 (126.584 seconds):
2017-04-02 10:43:37,173 INFO: 	Average L2 norm of relation vector: 0.04746
2017-04-02 10:43:37,173 INFO: 	COST >> 0.022 +/- 0.001, % updates Left: 3.07%  Right: 2.72%
2017-04-02 10:45:43,469 INFO: ----------------------------------------------------------------------------
2017-04-02 10:45:43,469 INFO: EPOCH 107 (126.296 seconds):
2017-04-02 10:45:43,517 INFO: 	Average L2 norm of relation vector: 0.04743
2017-04-02 10:45:43,518 INFO: 	COST >> 0.022 +/- 0.001, % updates Left: 3.12%  Right: 2.72%
2017-04-02 10:47:46,973 INFO: ----------------------------------------------------------------------------
2017-04-02 10:47:46,973 INFO: EPOCH 108 (123.455 seconds):
2017-04-02 10:47:47,019 INFO: 	Average L2 norm of relation vector: 0.0474
2017-04-02 10:47:47,019 INFO: 	COST >> 0.022 +/- 0.001, % updates Left: 3.06%  Right: 2.77%
2017-04-02 10:49:48,695 INFO: ----------------------------------------------------------------------------
2017-04-02 10:49:48,695 INFO: EPOCH 109 (121.676 seconds):
2017-04-02 10:49:48,743 INFO: 	Average L2 norm of relation vector: 0.04738
2017-04-02 10:49:48,743 INFO: 	COST >> 0.022 +/- 0.001, % updates Left: 3.08%  Right: 2.79%
2017-04-02 10:51:50,351 INFO: ----------------------------------------------------------------------------
2017-04-02 10:51:50,351 INFO: EPOCH 110 (121.608 seconds):
2017-04-02 10:51:50,397 INFO: 	Average L2 norm of relation vector: 0.04735
2017-04-02 10:51:50,398 INFO: 	COST >> 0.022 +/- 0.001, % updates Left: 3.09%  Right: 2.75%
2017-04-02 10:51:50,398 INFO: 	FilteredRanking: evaluating rank on 1000 triples
2017-04-02 10:57:49,944 INFO: 	FilteredRanking: evaluating rank on 1000 triples
2017-04-02 11:03:43,328 INFO: 	MEAN RANK >> valid: 102.6, train: 50.7
2017-04-02 11:03:43,328 INFO: 		MEAN RANK TRAIN: Left: 54.3 Rel: 0.0 Right: 47.0
2017-04-02 11:03:43,329 INFO: 		MEAN RANK VALID: Left: 118.8 Rel: 0.0 Right: 86.5
2017-04-02 11:03:43,329 INFO: 		MEAN RECIPROCAL RANK VALID (L & R): 0.208
2017-04-02 11:03:43,329 WARNING: 	WARNING, failed to improve MRR on valid, 1 chances left

2017-04-02 11:03:43,456 INFO: 	(ranking took 713.058 seconds)
2017-04-02 11:05:49,790 INFO: ----------------------------------------------------------------------------
2017-04-02 11:05:49,790 INFO: EPOCH 111 (126.334 seconds):
2017-04-02 11:05:49,837 INFO: 	Average L2 norm of relation vector: 0.04732
2017-04-02 11:05:49,838 INFO: 	COST >> 0.021 +/- 0.001, % updates Left: 3.04%  Right: 2.73%
2017-04-02 11:07:53,223 INFO: ----------------------------------------------------------------------------
2017-04-02 11:07:53,223 INFO: EPOCH 112 (123.385 seconds):
2017-04-02 11:07:53,272 INFO: 	Average L2 norm of relation vector: 0.04729
2017-04-02 11:07:53,273 INFO: 	COST >> 0.022 +/- 0.001, % updates Left: 3.08%  Right: 2.74%
2017-04-02 11:09:57,172 INFO: ----------------------------------------------------------------------------
2017-04-02 11:09:57,172 INFO: EPOCH 113 (123.899 seconds):
2017-04-02 11:09:57,218 INFO: 	Average L2 norm of relation vector: 0.04727
2017-04-02 11:09:57,218 INFO: 	COST >> 0.021 +/- 0.001, % updates Left: 3.04%  Right: 2.76%
2017-04-02 11:11:59,910 INFO: ----------------------------------------------------------------------------
2017-04-02 11:11:59,910 INFO: EPOCH 114 (122.692 seconds):
2017-04-02 11:11:59,961 INFO: 	Average L2 norm of relation vector: 0.04724
2017-04-02 11:11:59,961 INFO: 	COST >> 0.021 +/- 0.001, % updates Left: 3.03%  Right: 2.7%
2017-04-02 11:14:03,416 INFO: ----------------------------------------------------------------------------
2017-04-02 11:14:03,416 INFO: EPOCH 115 (123.455 seconds):
2017-04-02 11:14:03,466 INFO: 	Average L2 norm of relation vector: 0.04721
2017-04-02 11:14:03,467 INFO: 	COST >> 0.021 +/- 0.001, % updates Left: 3.04%  Right: 2.71%
2017-04-02 11:16:06,056 INFO: ----------------------------------------------------------------------------
2017-04-02 11:16:06,056 INFO: EPOCH 116 (122.589 seconds):
2017-04-02 11:16:06,107 INFO: 	Average L2 norm of relation vector: 0.04719
2017-04-02 11:16:06,108 INFO: 	COST >> 0.021 +/- 0.001, % updates Left: 3.01%  Right: 2.73%
2017-04-02 11:18:09,827 INFO: ----------------------------------------------------------------------------
2017-04-02 11:18:09,827 INFO: EPOCH 117 (123.719 seconds):
2017-04-02 11:18:09,880 INFO: 	Average L2 norm of relation vector: 0.04716
2017-04-02 11:18:09,881 INFO: 	COST >> 0.021 +/- 0.001, % updates Left: 2.99%  Right: 2.73%
2017-04-02 11:20:14,861 INFO: ----------------------------------------------------------------------------
2017-04-02 11:20:14,861 INFO: EPOCH 118 (124.98 seconds):
2017-04-02 11:20:14,912 INFO: 	Average L2 norm of relation vector: 0.04714
2017-04-02 11:20:14,913 INFO: 	COST >> 0.021 +/- 0.001, % updates Left: 2.99%  Right: 2.74%
2017-04-02 11:22:25,276 INFO: ----------------------------------------------------------------------------
2017-04-02 11:22:25,276 INFO: EPOCH 119 (130.363 seconds):
2017-04-02 11:22:25,322 INFO: 	Average L2 norm of relation vector: 0.04711
2017-04-02 11:22:25,322 INFO: 	COST >> 0.021 +/- 0.001, % updates Left: 3.01%  Right: 2.71%
2017-04-02 11:24:31,916 INFO: ----------------------------------------------------------------------------
2017-04-02 11:24:31,916 INFO: EPOCH 120 (126.592 seconds):
2017-04-02 11:24:31,960 INFO: 	Average L2 norm of relation vector: 0.0471
2017-04-02 11:24:31,961 INFO: 	COST >> 0.021 +/- 0.001, % updates Left: 3.02%  Right: 2.7%
2017-04-02 11:24:31,961 INFO: 	FilteredRanking: evaluating rank on 1000 triples
2017-04-02 11:30:38,515 INFO: 	FilteredRanking: evaluating rank on 1000 triples
2017-04-02 11:36:42,880 INFO: 	MEAN RANK >> valid: 101.0, train: 49.5
2017-04-02 11:36:42,881 INFO: 		MEAN RANK TRAIN: Left: 52.2 Rel: 0.0 Right: 46.7
2017-04-02 11:36:42,881 INFO: 		MEAN RANK VALID: Left: 115.9 Rel: 0.0 Right: 86.1
2017-04-02 11:36:42,881 INFO: 		MEAN RECIPROCAL RANK VALID (L & R): 0.2075
2017-04-02 11:36:42,882 WARNING: 	WARNING, failed to improve MRR on valid, 0 chances left

2017-04-02 11:36:43,006 INFO: 	(ranking took 731.045 seconds)
2017-04-02 11:38:53,245 INFO: ----------------------------------------------------------------------------
2017-04-02 11:38:53,246 INFO: EPOCH 121 (130.24 seconds):
2017-04-02 11:38:53,298 INFO: 	Average L2 norm of relation vector: 0.04707
2017-04-02 11:38:53,299 INFO: 	COST >> 0.021 +/- 0.001, % updates Left: 3.0%  Right: 2.73%
2017-04-02 11:41:00,683 INFO: ----------------------------------------------------------------------------
2017-04-02 11:41:00,684 INFO: EPOCH 122 (127.384 seconds):
2017-04-02 11:41:00,735 INFO: 	Average L2 norm of relation vector: 0.04705
2017-04-02 11:41:00,735 INFO: 	COST >> 0.021 +/- 0.001, % updates Left: 3.03%  Right: 2.7%
2017-04-02 11:43:07,081 INFO: ----------------------------------------------------------------------------
2017-04-02 11:43:07,081 INFO: EPOCH 123 (126.346 seconds):
2017-04-02 11:43:07,126 INFO: 	Average L2 norm of relation vector: 0.04705
2017-04-02 11:43:07,127 INFO: 	COST >> 0.021 +/- 0.001, % updates Left: 3.08%  Right: 2.73%
2017-04-02 11:45:14,403 INFO: ----------------------------------------------------------------------------
2017-04-02 11:45:14,403 INFO: EPOCH 124 (127.277 seconds):
2017-04-02 11:45:14,454 INFO: 	Average L2 norm of relation vector: 0.04703
2017-04-02 11:45:14,455 INFO: 	COST >> 0.021 +/- 0.001, % updates Left: 3.04%  Right: 2.69%
2017-04-02 11:47:21,361 INFO: ----------------------------------------------------------------------------
2017-04-02 11:47:21,361 INFO: EPOCH 125 (126.906 seconds):
2017-04-02 11:47:21,414 INFO: 	Average L2 norm of relation vector: 0.047
2017-04-02 11:47:21,414 INFO: 	COST >> 0.021 +/- 0.001, % updates Left: 3.02%  Right: 2.66%
2017-04-02 11:49:29,067 INFO: ----------------------------------------------------------------------------
2017-04-02 11:49:29,067 INFO: EPOCH 126 (127.652 seconds):
2017-04-02 11:49:29,117 INFO: 	Average L2 norm of relation vector: 0.047
2017-04-02 11:49:29,118 INFO: 	COST >> 0.021 +/- 0.001, % updates Left: 3.01%  Right: 2.71%
2017-04-02 11:51:36,230 INFO: ----------------------------------------------------------------------------
2017-04-02 11:51:36,231 INFO: EPOCH 127 (127.113 seconds):
2017-04-02 11:51:36,281 INFO: 	Average L2 norm of relation vector: 0.04697
2017-04-02 11:51:36,281 INFO: 	COST >> 0.021 +/- 0.001, % updates Left: 2.99%  Right: 2.67%
2017-04-02 11:53:44,362 INFO: ----------------------------------------------------------------------------
2017-04-02 11:53:44,362 INFO: EPOCH 128 (128.081 seconds):
2017-04-02 11:53:44,412 INFO: 	Average L2 norm of relation vector: 0.04695
2017-04-02 11:53:44,413 INFO: 	COST >> 0.021 +/- 0.001, % updates Left: 2.98%  Right: 2.65%
2017-04-02 11:55:51,540 INFO: ----------------------------------------------------------------------------
2017-04-02 11:55:51,540 INFO: EPOCH 129 (127.127 seconds):
2017-04-02 11:55:51,594 INFO: 	Average L2 norm of relation vector: 0.04693
2017-04-02 11:55:51,594 INFO: 	COST >> 0.021 +/- 0.001, % updates Left: 2.97%  Right: 2.7%
2017-04-02 11:57:58,852 INFO: ----------------------------------------------------------------------------
2017-04-02 11:57:58,859 INFO: EPOCH 130 (127.264 seconds):
2017-04-02 11:57:58,915 INFO: 	Average L2 norm of relation vector: 0.04692
2017-04-02 11:57:58,915 INFO: 	COST >> 0.021 +/- 0.001, % updates Left: 3.02%  Right: 2.65%
2017-04-02 11:57:58,916 INFO: 	FilteredRanking: evaluating rank on 1000 triples
2017-04-02 12:04:03,762 INFO: 	FilteredRanking: evaluating rank on 1000 triples
2017-04-02 12:09:57,387 INFO: 	MEAN RANK >> valid: 96.0, train: 47.1
2017-04-02 12:09:57,388 INFO: 		MEAN RANK TRAIN: Left: 49.2 Rel: 0.0 Right: 45.0
2017-04-02 12:09:57,389 INFO: 		MEAN RANK VALID: Left: 113.2 Rel: 0.0 Right: 78.9
2017-04-02 12:09:57,389 INFO: 		MEAN RECIPROCAL RANK VALID (L & R): 0.209
2017-04-02 12:09:57,389 INFO: 	FilteredRanking: evaluating rank on 1000 triples
2017-04-02 12:16:07,253 INFO: 	NEW BEST TEST MR: 92.2
2017-04-02 12:16:07,253 INFO: 		Left MR: 102.4 Rel MR: 0.0 Right MR: 82.0
2017-04-02 12:16:07,392 INFO: 	(ranking took 1088.476 seconds)
2017-04-02 12:18:13,776 INFO: ----------------------------------------------------------------------------
2017-04-02 12:18:13,776 INFO: EPOCH 131 (126.384 seconds):
2017-04-02 12:18:13,830 INFO: 	Average L2 norm of relation vector: 0.04688
2017-04-02 12:18:13,830 INFO: 	COST >> 0.021 +/- 0.001, % updates Left: 2.92%  Right: 2.65%
2017-04-02 12:20:16,694 INFO: ----------------------------------------------------------------------------
2017-04-02 12:20:16,694 INFO: EPOCH 132 (122.864 seconds):
2017-04-02 12:20:16,742 INFO: 	Average L2 norm of relation vector: 0.04686
2017-04-02 12:20:16,742 INFO: 	COST >> 0.021 +/- 0.001, % updates Left: 2.99%  Right: 2.65%
2017-04-02 12:22:19,407 INFO: ----------------------------------------------------------------------------
2017-04-02 12:22:19,407 INFO: EPOCH 133 (122.664 seconds):
2017-04-02 12:22:19,453 INFO: 	Average L2 norm of relation vector: 0.04683
2017-04-02 12:22:19,453 INFO: 	COST >> 0.021 +/- 0.001, % updates Left: 2.93%  Right: 2.65%
2017-04-02 12:24:22,380 INFO: ----------------------------------------------------------------------------
2017-04-02 12:24:22,381 INFO: EPOCH 134 (122.927 seconds):
2017-04-02 12:24:22,428 INFO: 	Average L2 norm of relation vector: 0.04682
2017-04-02 12:24:22,428 INFO: 	COST >> 0.021 +/- 0.001, % updates Left: 2.98%  Right: 2.67%
2017-04-02 12:26:25,424 INFO: ----------------------------------------------------------------------------
2017-04-02 12:26:25,424 INFO: EPOCH 135 (122.996 seconds):
2017-04-02 12:26:25,476 INFO: 	Average L2 norm of relation vector: 0.0468
2017-04-02 12:26:25,476 INFO: 	COST >> 0.02 +/- 0.001, % updates Left: 2.98%  Right: 2.59%
2017-04-02 12:28:28,547 INFO: ----------------------------------------------------------------------------
2017-04-02 12:28:28,547 INFO: EPOCH 136 (123.071 seconds):
2017-04-02 12:28:28,595 INFO: 	Average L2 norm of relation vector: 0.04678
2017-04-02 12:28:28,595 INFO: 	COST >> 0.021 +/- 0.001, % updates Left: 2.96%  Right: 2.66%
2017-04-02 12:30:31,789 INFO: ----------------------------------------------------------------------------
2017-04-02 12:30:31,789 INFO: EPOCH 137 (123.194 seconds):
2017-04-02 12:30:31,842 INFO: 	Average L2 norm of relation vector: 0.04677
2017-04-02 12:30:31,843 INFO: 	COST >> 0.021 +/- 0.001, % updates Left: 2.96%  Right: 2.65%
2017-04-02 12:32:32,181 INFO: ----------------------------------------------------------------------------
2017-04-02 12:32:32,182 INFO: EPOCH 138 (120.338 seconds):
2017-04-02 12:32:32,227 INFO: 	Average L2 norm of relation vector: 0.04676
2017-04-02 12:32:32,227 INFO: 	COST >> 0.021 +/- 0.001, % updates Left: 2.94%  Right: 2.68%
2017-04-02 12:34:30,809 INFO: ----------------------------------------------------------------------------
2017-04-02 12:34:30,809 INFO: EPOCH 139 (118.582 seconds):
2017-04-02 12:34:30,853 INFO: 	Average L2 norm of relation vector: 0.04675
2017-04-02 12:34:30,854 INFO: 	COST >> 0.021 +/- 0.001, % updates Left: 2.98%  Right: 2.66%
2017-04-02 12:36:29,163 INFO: ----------------------------------------------------------------------------
2017-04-02 12:36:29,163 INFO: EPOCH 140 (118.309 seconds):
2017-04-02 12:36:29,211 INFO: 	Average L2 norm of relation vector: 0.04672
2017-04-02 12:36:29,211 INFO: 	COST >> 0.02 +/- 0.001, % updates Left: 2.93%  Right: 2.63%
2017-04-02 12:36:29,211 INFO: 	FilteredRanking: evaluating rank on 1000 triples
2017-04-02 12:42:34,509 INFO: 	FilteredRanking: evaluating rank on 1000 triples
2017-04-02 12:48:39,489 INFO: 	MEAN RANK >> valid: 95.4, train: 45.6
2017-04-02 12:48:39,489 INFO: 		MEAN RANK TRAIN: Left: 47.2 Rel: 0.0 Right: 44.0
2017-04-02 12:48:39,490 INFO: 		MEAN RANK VALID: Left: 112.1 Rel: 0.0 Right: 78.8
2017-04-02 12:48:39,490 INFO: 		MEAN RECIPROCAL RANK VALID (L & R): 0.214
2017-04-02 12:48:39,490 INFO: 	FilteredRanking: evaluating rank on 1000 triples
2017-04-02 12:55:03,240 INFO: 	NEW BEST TEST MR: 89.2
2017-04-02 12:55:03,241 INFO: 		Left MR: 97.8 Rel MR: 0.0 Right MR: 80.6
2017-04-02 12:55:03,349 INFO: 	(ranking took 1114.137 seconds)
2017-04-02 12:57:13,432 INFO: ----------------------------------------------------------------------------
2017-04-02 12:57:13,432 INFO: EPOCH 141 (130.083 seconds):
2017-04-02 12:57:13,478 INFO: 	Average L2 norm of relation vector: 0.0467
2017-04-02 12:57:13,479 INFO: 	COST >> 0.02 +/- 0.001, % updates Left: 2.91%  Right: 2.64%
2017-04-02 12:59:21,286 INFO: ----------------------------------------------------------------------------
2017-04-02 12:59:21,293 INFO: EPOCH 142 (127.814 seconds):
2017-04-02 12:59:21,339 INFO: 	Average L2 norm of relation vector: 0.04668
2017-04-02 12:59:21,339 INFO: 	COST >> 0.02 +/- 0.001, % updates Left: 2.95%  Right: 2.62%
2017-04-02 13:01:27,905 INFO: ----------------------------------------------------------------------------
2017-04-02 13:01:27,906 INFO: EPOCH 143 (126.566 seconds):
2017-04-02 13:01:27,952 INFO: 	Average L2 norm of relation vector: 0.04667
2017-04-02 13:01:27,953 INFO: 	COST >> 0.02 +/- 0.001, % updates Left: 2.93%  Right: 2.67%
2017-04-02 13:03:35,240 INFO: ----------------------------------------------------------------------------
2017-04-02 13:03:35,240 INFO: EPOCH 144 (127.287 seconds):
2017-04-02 13:03:35,287 INFO: 	Average L2 norm of relation vector: 0.04666
2017-04-02 13:03:35,288 INFO: 	COST >> 0.021 +/- 0.001, % updates Left: 2.95%  Right: 2.66%
2017-04-02 13:05:41,922 INFO: ----------------------------------------------------------------------------
2017-04-02 13:05:41,922 INFO: EPOCH 145 (126.634 seconds):
2017-04-02 13:05:41,967 INFO: 	Average L2 norm of relation vector: 0.04664
2017-04-02 13:05:41,967 INFO: 	COST >> 0.02 +/- 0.001, % updates Left: 2.92%  Right: 2.65%
2017-04-02 13:07:48,746 INFO: ----------------------------------------------------------------------------
2017-04-02 13:07:48,746 INFO: EPOCH 146 (126.779 seconds):
2017-04-02 13:07:48,792 INFO: 	Average L2 norm of relation vector: 0.04661
2017-04-02 13:07:48,793 INFO: 	COST >> 0.02 +/- 0.001, % updates Left: 2.91%  Right: 2.59%
2017-04-02 13:09:55,295 INFO: ----------------------------------------------------------------------------
2017-04-02 13:09:55,295 INFO: EPOCH 147 (126.502 seconds):
2017-04-02 13:09:55,343 INFO: 	Average L2 norm of relation vector: 0.0466
2017-04-02 13:09:55,344 INFO: 	COST >> 0.02 +/- 0.001, % updates Left: 2.93%  Right: 2.64%
2017-04-02 13:11:59,249 INFO: ----------------------------------------------------------------------------
2017-04-02 13:11:59,249 INFO: EPOCH 148 (123.905 seconds):
2017-04-02 13:11:59,297 INFO: 	Average L2 norm of relation vector: 0.04659
2017-04-02 13:11:59,297 INFO: 	COST >> 0.02 +/- 0.001, % updates Left: 2.91%  Right: 2.64%
2017-04-02 13:14:01,201 INFO: ----------------------------------------------------------------------------
2017-04-02 13:14:01,201 INFO: EPOCH 149 (121.904 seconds):
2017-04-02 13:14:01,248 INFO: 	Average L2 norm of relation vector: 0.04656
2017-04-02 13:14:01,249 INFO: 	COST >> 0.02 +/- 0.001, % updates Left: 2.89%  Right: 2.59%
2017-04-02 13:16:02,974 INFO: ----------------------------------------------------------------------------
2017-04-02 13:16:02,974 INFO: EPOCH 150 (121.725 seconds):
2017-04-02 13:16:03,020 INFO: 	Average L2 norm of relation vector: 0.04655
2017-04-02 13:16:03,020 INFO: 	COST >> 0.02 +/- 0.001, % updates Left: 2.9%  Right: 2.63%
2017-04-02 13:16:03,020 INFO: 	FilteredRanking: evaluating rank on 1000 triples
2017-04-02 13:22:03,791 INFO: 	FilteredRanking: evaluating rank on 1000 triples
2017-04-02 13:28:13,319 INFO: 	MEAN RANK >> valid: 93.8, train: 43.9
2017-04-02 13:28:13,319 INFO: 		MEAN RANK TRAIN: Left: 46.2 Rel: 0.0 Right: 41.7
2017-04-02 13:28:13,320 INFO: 		MEAN RANK VALID: Left: 109.4 Rel: 0.0 Right: 78.3
2017-04-02 13:28:13,320 INFO: 		MEAN RECIPROCAL RANK VALID (L & R): 0.2265
2017-04-02 13:28:13,320 INFO: 	FilteredRanking: evaluating rank on 1000 triples
2017-04-02 13:34:17,631 INFO: 	NEW BEST TEST MR: 88.4
2017-04-02 13:34:17,632 INFO: 		Left MR: 94.3 Rel MR: 0.0 Right MR: 82.6
2017-04-02 13:34:17,744 INFO: 	(ranking took 1094.724 seconds)
2017-04-02 13:36:16,784 INFO: ----------------------------------------------------------------------------
2017-04-02 13:36:16,784 INFO: EPOCH 151 (119.04 seconds):
2017-04-02 13:36:16,832 INFO: 	Average L2 norm of relation vector: 0.04654
2017-04-02 13:36:16,832 INFO: 	COST >> 0.02 +/- 0.001, % updates Left: 2.95%  Right: 2.6%
2017-04-02 13:38:12,114 INFO: ----------------------------------------------------------------------------
2017-04-02 13:38:12,114 INFO: EPOCH 152 (115.282 seconds):
2017-04-02 13:38:12,165 INFO: 	Average L2 norm of relation vector: 0.04652
2017-04-02 13:38:12,166 INFO: 	COST >> 0.02 +/- 0.001, % updates Left: 2.88%  Right: 2.6%
2017-04-02 13:40:16,639 INFO: ----------------------------------------------------------------------------
2017-04-02 13:40:16,639 INFO: EPOCH 153 (124.473 seconds):
2017-04-02 13:40:16,687 INFO: 	Average L2 norm of relation vector: 0.04652
2017-04-02 13:40:16,688 INFO: 	COST >> 0.02 +/- 0.001, % updates Left: 2.93%  Right: 2.6%
2017-04-02 13:42:20,284 INFO: ----------------------------------------------------------------------------
2017-04-02 13:42:20,284 INFO: EPOCH 154 (123.595 seconds):
2017-04-02 13:42:20,328 INFO: 	Average L2 norm of relation vector: 0.04649
2017-04-02 13:42:20,329 INFO: 	COST >> 0.02 +/- 0.001, % updates Left: 2.82%  Right: 2.55%
2017-04-02 13:44:20,997 INFO: ----------------------------------------------------------------------------
2017-04-02 13:44:20,997 INFO: EPOCH 155 (120.668 seconds):
2017-04-02 13:44:21,045 INFO: 	Average L2 norm of relation vector: 0.04649
2017-04-02 13:44:21,045 INFO: 	COST >> 0.02 +/- 0.001, % updates Left: 2.94%  Right: 2.61%
2017-04-02 13:46:20,169 INFO: ----------------------------------------------------------------------------
2017-04-02 13:46:20,170 INFO: EPOCH 156 (119.124 seconds):
2017-04-02 13:46:20,217 INFO: 	Average L2 norm of relation vector: 0.04648
2017-04-02 13:46:20,218 INFO: 	COST >> 0.02 +/- 0.001, % updates Left: 2.86%  Right: 2.62%
2017-04-02 13:48:19,259 INFO: ----------------------------------------------------------------------------
2017-04-02 13:48:19,259 INFO: EPOCH 157 (119.042 seconds):
2017-04-02 13:48:19,305 INFO: 	Average L2 norm of relation vector: 0.04647
2017-04-02 13:48:19,306 INFO: 	COST >> 0.02 +/- 0.001, % updates Left: 2.95%  Right: 2.61%
2017-04-02 13:50:18,229 INFO: ----------------------------------------------------------------------------
2017-04-02 13:50:18,230 INFO: EPOCH 158 (118.924 seconds):
2017-04-02 13:50:18,275 INFO: 	Average L2 norm of relation vector: 0.04647
2017-04-02 13:50:18,275 INFO: 	COST >> 0.02 +/- 0.001, % updates Left: 2.9%  Right: 2.64%
2017-04-02 13:52:17,917 INFO: ----------------------------------------------------------------------------
2017-04-02 13:52:17,918 INFO: EPOCH 159 (119.642 seconds):
2017-04-02 13:52:17,962 INFO: 	Average L2 norm of relation vector: 0.04646
2017-04-02 13:52:17,962 INFO: 	COST >> 0.02 +/- 0.001, % updates Left: 2.87%  Right: 2.58%
2017-04-02 13:54:17,280 INFO: ----------------------------------------------------------------------------
2017-04-02 13:54:17,280 INFO: EPOCH 160 (119.318 seconds):
2017-04-02 13:54:17,327 INFO: 	Average L2 norm of relation vector: 0.04643
2017-04-02 13:54:17,329 INFO: 	COST >> 0.02 +/- 0.001, % updates Left: 2.86%  Right: 2.56%
2017-04-02 13:54:17,329 INFO: 	FilteredRanking: evaluating rank on 1000 triples
2017-04-02 14:00:44,643 INFO: 	FilteredRanking: evaluating rank on 1000 triples
2017-04-02 14:07:10,962 INFO: 	MEAN RANK >> valid: 94.1, train: 43.2
2017-04-02 14:07:10,963 INFO: 		MEAN RANK TRAIN: Left: 45.2 Rel: 0.0 Right: 41.2
2017-04-02 14:07:10,963 INFO: 		MEAN RANK VALID: Left: 110.1 Rel: 0.0 Right: 78.1
2017-04-02 14:07:10,964 INFO: 		MEAN RECIPROCAL RANK VALID (L & R): 0.222
2017-04-02 14:07:10,964 WARNING: 	WARNING, failed to improve MRR on valid, 2 chances left

2017-04-02 14:07:11,095 INFO: 	(ranking took 773.766 seconds)
2017-04-02 14:09:21,920 INFO: ----------------------------------------------------------------------------
2017-04-02 14:09:21,921 INFO: EPOCH 161 (130.826 seconds):
2017-04-02 14:09:21,970 INFO: 	Average L2 norm of relation vector: 0.04642
2017-04-02 14:09:21,971 INFO: 	COST >> 0.02 +/- 0.001, % updates Left: 2.85%  Right: 2.57%
2017-04-02 14:11:29,906 INFO: ----------------------------------------------------------------------------
2017-04-02 14:11:29,906 INFO: EPOCH 162 (127.935 seconds):
2017-04-02 14:11:29,957 INFO: 	Average L2 norm of relation vector: 0.04641
2017-04-02 14:11:29,958 INFO: 	COST >> 0.02 +/- 0.001, % updates Left: 2.85%  Right: 2.61%
2017-04-02 14:13:37,533 INFO: ----------------------------------------------------------------------------
2017-04-02 14:13:37,533 INFO: EPOCH 163 (127.574 seconds):
2017-04-02 14:13:37,589 INFO: 	Average L2 norm of relation vector: 0.04641
2017-04-02 14:13:37,590 INFO: 	COST >> 0.02 +/- 0.001, % updates Left: 2.89%  Right: 2.61%
2017-04-02 14:15:45,723 INFO: ----------------------------------------------------------------------------
2017-04-02 14:15:45,724 INFO: EPOCH 164 (128.134 seconds):
2017-04-02 14:15:45,769 INFO: 	Average L2 norm of relation vector: 0.0464
2017-04-02 14:15:45,769 INFO: 	COST >> 0.02 +/- 0.001, % updates Left: 2.87%  Right: 2.58%
2017-04-02 14:38:42,933 INFO: ----------------------------------------------------------------------------
2017-04-02 14:38:42,934 INFO: EPOCH 165 (1377.164 seconds):
2017-04-02 14:38:42,977 INFO: 	Average L2 norm of relation vector: 0.0464
2017-04-02 14:38:42,977 INFO: 	COST >> 0.02 +/- 0.001, % updates Left: 2.91%  Right: 2.58%
2017-04-02 14:40:46,430 INFO: ----------------------------------------------------------------------------
2017-04-02 14:40:46,430 INFO: EPOCH 166 (123.453 seconds):
2017-04-02 14:40:46,472 INFO: 	Average L2 norm of relation vector: 0.04638
2017-04-02 14:40:46,472 INFO: 	COST >> 0.02 +/- 0.001, % updates Left: 2.87%  Right: 2.57%
2017-04-02 14:42:42,568 INFO: ----------------------------------------------------------------------------
2017-04-02 14:42:42,568 INFO: EPOCH 167 (116.096 seconds):
2017-04-02 14:42:42,610 INFO: 	Average L2 norm of relation vector: 0.04637
2017-04-02 14:42:42,610 INFO: 	COST >> 0.02 +/- 0.001, % updates Left: 2.87%  Right: 2.59%
2017-04-02 14:44:41,314 INFO: ----------------------------------------------------------------------------
2017-04-02 14:44:41,314 INFO: EPOCH 168 (118.704 seconds):
2017-04-02 14:44:41,355 INFO: 	Average L2 norm of relation vector: 0.04636
2017-04-02 14:44:41,356 INFO: 	COST >> 0.02 +/- 0.001, % updates Left: 2.86%  Right: 2.56%
2017-04-02 14:46:40,428 INFO: ----------------------------------------------------------------------------
2017-04-02 14:46:40,428 INFO: EPOCH 169 (119.072 seconds):
2017-04-02 14:46:40,469 INFO: 	Average L2 norm of relation vector: 0.04634
2017-04-02 14:46:40,470 INFO: 	COST >> 0.02 +/- 0.001, % updates Left: 2.81%  Right: 2.58%
2017-04-02 14:48:38,331 INFO: ----------------------------------------------------------------------------
2017-04-02 14:48:38,331 INFO: EPOCH 170 (117.861 seconds):
2017-04-02 14:48:38,374 INFO: 	Average L2 norm of relation vector: 0.04633
2017-04-02 14:48:38,374 INFO: 	COST >> 0.02 +/- 0.001, % updates Left: 2.86%  Right: 2.56%
2017-04-02 14:48:38,374 INFO: 	FilteredRanking: evaluating rank on 1000 triples
2017-04-02 14:54:31,346 INFO: 	FilteredRanking: evaluating rank on 1000 triples
2017-04-02 15:00:20,027 INFO: 	MEAN RANK >> valid: 90.4, train: 42.0
2017-04-02 15:00:20,028 INFO: 		MEAN RANK TRAIN: Left: 44.9 Rel: 0.0 Right: 39.1
2017-04-02 15:00:20,028 INFO: 		MEAN RANK VALID: Left: 107.0 Rel: 0.0 Right: 73.7
2017-04-02 15:00:20,028 INFO: 		MEAN RECIPROCAL RANK VALID (L & R): 0.2225
2017-04-02 15:00:20,028 WARNING: 	WARNING, failed to improve MRR on valid, 1 chances left

2017-04-02 15:00:20,161 INFO: 	(ranking took 701.786 seconds)
2017-04-02 15:02:18,488 INFO: ----------------------------------------------------------------------------
2017-04-02 15:02:18,488 INFO: EPOCH 171 (118.327 seconds):
2017-04-02 15:02:18,533 INFO: 	Average L2 norm of relation vector: 0.04633
2017-04-02 15:02:18,533 INFO: 	COST >> 0.02 +/- 0.001, % updates Left: 2.87%  Right: 2.57%
2017-04-02 15:04:15,517 INFO: ----------------------------------------------------------------------------
2017-04-02 15:04:15,518 INFO: EPOCH 172 (116.984 seconds):
2017-04-02 15:04:15,570 INFO: 	Average L2 norm of relation vector: 0.04632
2017-04-02 15:04:15,571 INFO: 	COST >> 0.019 +/- 0.001, % updates Left: 2.86%  Right: 2.52%
2017-04-02 15:06:11,568 INFO: ----------------------------------------------------------------------------
2017-04-02 15:06:11,568 INFO: EPOCH 173 (115.997 seconds):
2017-04-02 15:06:11,612 INFO: 	Average L2 norm of relation vector: 0.04631
2017-04-02 15:06:11,612 INFO: 	COST >> 0.02 +/- 0.001, % updates Left: 2.85%  Right: 2.57%
2017-04-02 15:08:07,888 INFO: ----------------------------------------------------------------------------
2017-04-02 15:08:07,888 INFO: EPOCH 174 (116.276 seconds):
2017-04-02 15:08:07,931 INFO: 	Average L2 norm of relation vector: 0.04629
2017-04-02 15:08:07,932 INFO: 	COST >> 0.019 +/- 0.001, % updates Left: 2.82%  Right: 2.51%
2017-04-02 15:10:05,738 INFO: ----------------------------------------------------------------------------
2017-04-02 15:10:05,738 INFO: EPOCH 175 (117.806 seconds):
2017-04-02 15:10:05,782 INFO: 	Average L2 norm of relation vector: 0.04628
2017-04-02 15:10:05,783 INFO: 	COST >> 0.02 +/- 0.001, % updates Left: 2.84%  Right: 2.56%
2017-04-02 15:12:01,916 INFO: ----------------------------------------------------------------------------
2017-04-02 15:12:01,917 INFO: EPOCH 176 (116.134 seconds):
2017-04-02 15:12:01,962 INFO: 	Average L2 norm of relation vector: 0.04626
2017-04-02 15:12:01,963 INFO: 	COST >> 0.019 +/- 0.001, % updates Left: 2.82%  Right: 2.53%
2017-04-02 15:13:56,634 INFO: ----------------------------------------------------------------------------
2017-04-02 15:13:56,634 INFO: EPOCH 177 (114.671 seconds):
2017-04-02 15:13:56,674 INFO: 	Average L2 norm of relation vector: 0.04625
2017-04-02 15:13:56,674 INFO: 	COST >> 0.02 +/- 0.001, % updates Left: 2.85%  Right: 2.57%
2017-04-02 15:15:51,342 INFO: ----------------------------------------------------------------------------
2017-04-02 15:15:51,342 INFO: EPOCH 178 (114.668 seconds):
2017-04-02 15:15:51,389 INFO: 	Average L2 norm of relation vector: 0.04624
2017-04-02 15:15:51,390 INFO: 	COST >> 0.019 +/- 0.001, % updates Left: 2.81%  Right: 2.52%
2017-04-02 15:17:49,934 INFO: ----------------------------------------------------------------------------
2017-04-02 15:17:49,934 INFO: EPOCH 179 (118.544 seconds):
2017-04-02 15:17:49,976 INFO: 	Average L2 norm of relation vector: 0.04623
2017-04-02 15:17:49,977 INFO: 	COST >> 0.019 +/- 0.001, % updates Left: 2.8%  Right: 2.54%
2017-04-02 15:19:40,815 INFO: ----------------------------------------------------------------------------
2017-04-02 15:19:40,815 INFO: EPOCH 180 (110.838 seconds):
2017-04-02 15:19:40,857 INFO: 	Average L2 norm of relation vector: 0.04621
2017-04-02 15:19:40,858 INFO: 	COST >> 0.019 +/- 0.001, % updates Left: 2.83%  Right: 2.5%
2017-04-02 15:19:40,858 INFO: 	FilteredRanking: evaluating rank on 1000 triples
2017-04-02 15:25:28,738 INFO: 	FilteredRanking: evaluating rank on 1000 triples
2017-04-02 15:31:06,513 INFO: 	MEAN RANK >> valid: 87.1, train: 41.3
2017-04-02 15:31:06,514 INFO: 		MEAN RANK TRAIN: Left: 44.3 Rel: 0.0 Right: 38.3
2017-04-02 15:31:06,514 INFO: 		MEAN RANK VALID: Left: 95.7 Rel: 0.0 Right: 78.6
2017-04-02 15:31:06,514 INFO: 		MEAN RECIPROCAL RANK VALID (L & R): 0.221
2017-04-02 15:31:06,514 WARNING: 	WARNING, failed to improve MRR on valid, 0 chances left

2017-04-02 15:31:06,629 INFO: 	(ranking took 685.771 seconds)
2017-04-02 15:33:03,591 INFO: ----------------------------------------------------------------------------
2017-04-02 15:33:03,591 INFO: EPOCH 181 (116.961 seconds):
2017-04-02 15:33:03,633 INFO: 	Average L2 norm of relation vector: 0.0462
2017-04-02 15:33:03,634 INFO: 	COST >> 0.019 +/- 0.001, % updates Left: 2.84%  Right: 2.54%
2017-04-02 15:34:56,207 INFO: ----------------------------------------------------------------------------
2017-04-02 15:34:56,207 INFO: EPOCH 182 (112.573 seconds):
2017-04-02 15:34:56,250 INFO: 	Average L2 norm of relation vector: 0.0462
2017-04-02 15:34:56,250 INFO: 	COST >> 0.019 +/- 0.001, % updates Left: 2.84%  Right: 2.53%
2017-04-02 15:36:49,752 INFO: ----------------------------------------------------------------------------
2017-04-02 15:36:49,752 INFO: EPOCH 183 (113.502 seconds):
2017-04-02 15:36:49,796 INFO: 	Average L2 norm of relation vector: 0.04618
2017-04-02 15:36:49,796 INFO: 	COST >> 0.019 +/- 0.001, % updates Left: 2.82%  Right: 2.56%
2017-04-02 15:38:51,394 INFO: ----------------------------------------------------------------------------
2017-04-02 15:38:51,394 INFO: EPOCH 184 (121.598 seconds):
2017-04-02 15:38:51,444 INFO: 	Average L2 norm of relation vector: 0.04618
2017-04-02 15:38:51,444 INFO: 	COST >> 0.019 +/- 0.001, % updates Left: 2.85%  Right: 2.56%
2017-04-02 15:40:54,074 INFO: ----------------------------------------------------------------------------
2017-04-02 15:40:54,075 INFO: EPOCH 185 (122.63 seconds):
2017-04-02 15:40:54,123 INFO: 	Average L2 norm of relation vector: 0.04619
2017-04-02 15:40:54,123 INFO: 	COST >> 0.02 +/- 0.001, % updates Left: 2.89%  Right: 2.53%
2017-04-02 15:42:49,624 INFO: ----------------------------------------------------------------------------
2017-04-02 15:42:49,624 INFO: EPOCH 186 (115.501 seconds):
2017-04-02 15:42:49,668 INFO: 	Average L2 norm of relation vector: 0.04618
2017-04-02 15:42:49,668 INFO: 	COST >> 0.019 +/- 0.001, % updates Left: 2.83%  Right: 2.53%
2017-04-02 15:44:52,211 INFO: ----------------------------------------------------------------------------
2017-04-02 15:44:52,211 INFO: EPOCH 187 (122.543 seconds):
2017-04-02 15:44:52,256 INFO: 	Average L2 norm of relation vector: 0.04617
2017-04-02 15:44:52,257 INFO: 	COST >> 0.019 +/- 0.001, % updates Left: 2.83%  Right: 2.52%
2017-04-02 15:46:58,731 INFO: ----------------------------------------------------------------------------
2017-04-02 15:46:58,731 INFO: EPOCH 188 (126.475 seconds):
2017-04-02 15:46:58,778 INFO: 	Average L2 norm of relation vector: 0.04616
2017-04-02 15:46:58,778 INFO: 	COST >> 0.019 +/- 0.001, % updates Left: 2.8%  Right: 2.52%
2017-04-02 15:49:04,499 INFO: ----------------------------------------------------------------------------
2017-04-02 15:49:04,499 INFO: EPOCH 189 (125.721 seconds):
2017-04-02 15:49:04,542 INFO: 	Average L2 norm of relation vector: 0.04616
2017-04-02 15:49:04,543 INFO: 	COST >> 0.019 +/- 0.001, % updates Left: 2.83%  Right: 2.53%
2017-04-02 15:51:09,460 INFO: ----------------------------------------------------------------------------
2017-04-02 15:51:09,460 INFO: EPOCH 190 (124.917 seconds):
2017-04-02 15:51:09,509 INFO: 	Average L2 norm of relation vector: 0.04615
2017-04-02 15:51:09,510 INFO: 	COST >> 0.019 +/- 0.001, % updates Left: 2.82%  Right: 2.53%
2017-04-02 15:51:09,510 INFO: 	FilteredRanking: evaluating rank on 1000 triples
2017-04-02 15:57:13,795 INFO: 	FilteredRanking: evaluating rank on 1000 triples
2017-04-02 16:02:50,050 INFO: 	MEAN RANK >> valid: 86.1, train: 40.7
2017-04-02 16:02:50,051 INFO: 		MEAN RANK TRAIN: Left: 43.2 Rel: 0.0 Right: 38.3
2017-04-02 16:02:50,051 INFO: 		MEAN RANK VALID: Left: 99.3 Rel: 0.0 Right: 72.9
2017-04-02 16:02:50,051 INFO: 		MEAN RECIPROCAL RANK VALID (L & R): 0.228
2017-04-02 16:02:50,051 INFO: 	FilteredRanking: evaluating rank on 1000 triples
2017-04-02 16:09:03,940 INFO: 	NEW BEST TEST MR: 80.3
2017-04-02 16:09:03,941 INFO: 		Left MR: 89.9 Rel MR: 0.0 Right MR: 70.6
2017-04-02 16:09:04,050 INFO: 	(ranking took 1074.54 seconds)
2017-04-02 16:11:10,584 INFO: ----------------------------------------------------------------------------
2017-04-02 16:11:10,584 INFO: EPOCH 191 (126.534 seconds):
2017-04-02 16:11:10,631 INFO: 	Average L2 norm of relation vector: 0.04614
2017-04-02 16:11:10,632 INFO: 	COST >> 0.019 +/- 0.001, % updates Left: 2.85%  Right: 2.49%
2017-04-02 16:13:15,529 INFO: ----------------------------------------------------------------------------
2017-04-02 16:13:15,529 INFO: EPOCH 192 (124.897 seconds):
2017-04-02 16:13:15,579 INFO: 	Average L2 norm of relation vector: 0.04613
2017-04-02 16:13:15,579 INFO: 	COST >> 0.019 +/- 0.001, % updates Left: 2.82%  Right: 2.52%
2017-04-02 16:15:17,341 INFO: ----------------------------------------------------------------------------
2017-04-02 16:15:17,341 INFO: EPOCH 193 (121.762 seconds):
2017-04-02 16:15:17,388 INFO: 	Average L2 norm of relation vector: 0.04611
2017-04-02 16:15:17,388 INFO: 	COST >> 0.019 +/- 0.001, % updates Left: 2.8%  Right: 2.48%
2017-04-02 16:17:16,805 INFO: ----------------------------------------------------------------------------
2017-04-02 16:17:16,805 INFO: EPOCH 194 (119.417 seconds):
2017-04-02 16:17:16,847 INFO: 	Average L2 norm of relation vector: 0.0461
2017-04-02 16:17:16,848 INFO: 	COST >> 0.019 +/- 0.001, % updates Left: 2.81%  Right: 2.5%
2017-04-02 16:19:25,581 INFO: ----------------------------------------------------------------------------
2017-04-02 16:19:25,581 INFO: EPOCH 195 (128.733 seconds):
2017-04-02 16:19:25,629 INFO: 	Average L2 norm of relation vector: 0.0461
2017-04-02 16:19:25,630 INFO: 	COST >> 0.019 +/- 0.001, % updates Left: 2.85%  Right: 2.51%
2017-04-02 16:21:33,983 INFO: ----------------------------------------------------------------------------
2017-04-02 16:21:33,983 INFO: EPOCH 196 (128.353 seconds):
2017-04-02 16:21:34,031 INFO: 	Average L2 norm of relation vector: 0.0461
2017-04-02 16:21:34,031 INFO: 	COST >> 0.019 +/- 0.001, % updates Left: 2.8%  Right: 2.5%
2017-04-02 16:23:42,249 INFO: ----------------------------------------------------------------------------
2017-04-02 16:23:42,256 INFO: EPOCH 197 (128.224 seconds):
2017-04-02 16:23:42,301 INFO: 	Average L2 norm of relation vector: 0.0461
2017-04-02 16:23:42,302 INFO: 	COST >> 0.019 +/- 0.001, % updates Left: 2.82%  Right: 2.53%
2017-04-02 16:25:54,355 INFO: ----------------------------------------------------------------------------
2017-04-02 16:25:54,355 INFO: EPOCH 198 (132.053 seconds):
2017-04-02 16:25:54,412 INFO: 	Average L2 norm of relation vector: 0.04609
2017-04-02 16:25:54,412 INFO: 	COST >> 0.019 +/- 0.001, % updates Left: 2.79%  Right: 2.49%
2017-04-02 16:28:05,233 INFO: ----------------------------------------------------------------------------
2017-04-02 16:28:05,233 INFO: EPOCH 199 (130.821 seconds):
2017-04-02 16:28:05,283 INFO: 	Average L2 norm of relation vector: 0.04608
2017-04-02 16:28:05,283 INFO: 	COST >> 0.019 +/- 0.001, % updates Left: 2.82%  Right: 2.5%
2017-04-02 16:30:13,084 INFO: ----------------------------------------------------------------------------
2017-04-02 16:30:13,085 INFO: EPOCH 200 (127.801 seconds):
2017-04-02 16:30:13,133 INFO: 	Average L2 norm of relation vector: 0.04607
2017-04-02 16:30:13,133 INFO: 	COST >> 0.019 +/- 0.001, % updates Left: 2.81%  Right: 2.52%
2017-04-02 16:30:13,134 INFO: 	FilteredRanking: evaluating rank on 1000 triples
2017-04-02 16:36:17,558 INFO: 	FilteredRanking: evaluating rank on 1000 triples
2017-04-02 16:42:16,026 INFO: 	MEAN RANK >> valid: 79.3, train: 38.5
2017-04-02 16:42:16,026 INFO: 		MEAN RANK TRAIN: Left: 41.2 Rel: 0.0 Right: 35.9
2017-04-02 16:42:16,027 INFO: 		MEAN RANK VALID: Left: 90.4 Rel: 0.0 Right: 68.2
2017-04-02 16:42:16,027 INFO: 		MEAN RECIPROCAL RANK VALID (L & R): 0.226
2017-04-02 16:42:16,028 WARNING: 	WARNING, failed to improve MRR on valid, 2 chances left

2017-04-02 16:42:16,178 INFO: 	(ranking took 723.044 seconds)
2017-04-02 16:44:30,737 INFO: ----------------------------------------------------------------------------
2017-04-02 16:44:30,738 INFO: EPOCH 201 (134.56 seconds):
2017-04-02 16:44:30,782 INFO: 	Average L2 norm of relation vector: 0.04606
2017-04-02 16:44:30,783 INFO: 	COST >> 0.019 +/- 0.001, % updates Left: 2.83%  Right: 2.5%
2017-04-02 16:46:33,654 INFO: ----------------------------------------------------------------------------
2017-04-02 16:46:33,654 INFO: EPOCH 202 (122.871 seconds):
2017-04-02 16:46:33,701 INFO: 	Average L2 norm of relation vector: 0.04606
2017-04-02 16:46:33,702 INFO: 	COST >> 0.019 +/- 0.001, % updates Left: 2.8%  Right: 2.53%
2017-04-02 16:48:33,510 INFO: ----------------------------------------------------------------------------
2017-04-02 16:48:33,510 INFO: EPOCH 203 (119.808 seconds):
2017-04-02 16:48:33,561 INFO: 	Average L2 norm of relation vector: 0.04604
2017-04-02 16:48:33,561 INFO: 	COST >> 0.019 +/- 0.001, % updates Left: 2.79%  Right: 2.47%
2017-04-02 16:50:32,238 INFO: ----------------------------------------------------------------------------
2017-04-02 16:50:32,238 INFO: EPOCH 204 (118.677 seconds):
2017-04-02 16:50:32,283 INFO: 	Average L2 norm of relation vector: 0.04603
2017-04-02 16:50:32,284 INFO: 	COST >> 0.019 +/- 0.001, % updates Left: 2.79%  Right: 2.49%
2017-04-02 16:52:32,078 INFO: ----------------------------------------------------------------------------
2017-04-02 16:52:32,078 INFO: EPOCH 205 (119.795 seconds):
2017-04-02 16:52:32,124 INFO: 	Average L2 norm of relation vector: 0.04603
2017-04-02 16:52:32,124 INFO: 	COST >> 0.019 +/- 0.001, % updates Left: 2.79%  Right: 2.5%
2017-04-02 16:54:38,981 INFO: ----------------------------------------------------------------------------
2017-04-02 16:54:38,982 INFO: EPOCH 206 (126.857 seconds):
2017-04-02 16:54:39,032 INFO: 	Average L2 norm of relation vector: 0.04602
2017-04-02 16:54:39,032 INFO: 	COST >> 0.019 +/- 0.001, % updates Left: 2.8%  Right: 2.48%
2017-04-02 16:56:45,441 INFO: ----------------------------------------------------------------------------
2017-04-02 16:56:45,442 INFO: EPOCH 207 (126.409 seconds):
2017-04-02 16:56:45,490 INFO: 	Average L2 norm of relation vector: 0.04602
2017-04-02 16:56:45,491 INFO: 	COST >> 0.019 +/- 0.001, % updates Left: 2.78%  Right: 2.48%
2017-04-02 16:58:47,075 INFO: ----------------------------------------------------------------------------
2017-04-02 16:58:47,076 INFO: EPOCH 208 (121.585 seconds):
2017-04-02 16:58:47,119 INFO: 	Average L2 norm of relation vector: 0.046
2017-04-02 16:58:47,120 INFO: 	COST >> 0.019 +/- 0.001, % updates Left: 2.76%  Right: 2.48%
2017-04-02 17:00:46,381 INFO: ----------------------------------------------------------------------------
2017-04-02 17:00:46,382 INFO: EPOCH 209 (119.262 seconds):
2017-04-02 17:00:46,429 INFO: 	Average L2 norm of relation vector: 0.04599
2017-04-02 17:00:46,429 INFO: 	COST >> 0.019 +/- 0.001, % updates Left: 2.79%  Right: 2.47%
2017-04-02 17:02:54,724 INFO: ----------------------------------------------------------------------------
2017-04-02 17:02:54,724 INFO: EPOCH 210 (128.295 seconds):
2017-04-02 17:02:54,768 INFO: 	Average L2 norm of relation vector: 0.04599
2017-04-02 17:02:54,768 INFO: 	COST >> 0.019 +/- 0.001, % updates Left: 2.77%  Right: 2.52%
2017-04-02 17:02:54,769 INFO: 	FilteredRanking: evaluating rank on 1000 triples
2017-04-02 17:09:02,713 INFO: 	FilteredRanking: evaluating rank on 1000 triples
2017-04-02 17:15:01,134 INFO: 	MEAN RANK >> valid: 80.0, train: 37.6
2017-04-02 17:15:01,135 INFO: 		MEAN RANK TRAIN: Left: 39.7 Rel: 0.0 Right: 35.5
2017-04-02 17:15:01,136 INFO: 		MEAN RANK VALID: Left: 91.1 Rel: 0.0 Right: 68.8
2017-04-02 17:15:01,136 INFO: 		MEAN RECIPROCAL RANK VALID (L & R): 0.2195
2017-04-02 17:15:01,136 WARNING: 	WARNING, failed to improve MRR on valid, 1 chances left

2017-04-02 17:15:01,263 INFO: 	(ranking took 726.494 seconds)
2017-04-02 17:17:05,393 INFO: ----------------------------------------------------------------------------
2017-04-02 17:17:05,394 INFO: EPOCH 211 (124.13 seconds):
2017-04-02 17:17:05,440 INFO: 	Average L2 norm of relation vector: 0.04598
2017-04-02 17:17:05,440 INFO: 	COST >> 0.019 +/- 0.001, % updates Left: 2.76%  Right: 2.49%
2017-04-02 17:19:08,223 INFO: ----------------------------------------------------------------------------
2017-04-02 17:19:08,223 INFO: EPOCH 212 (122.783 seconds):
2017-04-02 17:19:08,275 INFO: 	Average L2 norm of relation vector: 0.04599
2017-04-02 17:19:08,276 INFO: 	COST >> 0.019 +/- 0.001, % updates Left: 2.86%  Right: 2.49%
2017-04-02 17:21:09,990 INFO: ----------------------------------------------------------------------------
2017-04-02 17:21:09,990 INFO: EPOCH 213 (121.714 seconds):
2017-04-02 17:21:10,032 INFO: 	Average L2 norm of relation vector: 0.04599
2017-04-02 17:21:10,033 INFO: 	COST >> 0.019 +/- 0.001, % updates Left: 2.79%  Right: 2.48%
2017-04-02 17:23:09,714 INFO: ----------------------------------------------------------------------------
2017-04-02 17:23:09,714 INFO: EPOCH 214 (119.682 seconds):
2017-04-02 17:23:09,758 INFO: 	Average L2 norm of relation vector: 0.04598
2017-04-02 17:23:09,759 INFO: 	COST >> 0.019 +/- 0.001, % updates Left: 2.78%  Right: 2.46%
2017-04-02 17:25:10,222 INFO: ----------------------------------------------------------------------------
2017-04-02 17:25:10,228 INFO: EPOCH 215 (120.469 seconds):
2017-04-02 17:25:10,272 INFO: 	Average L2 norm of relation vector: 0.04597
2017-04-02 17:25:10,272 INFO: 	COST >> 0.019 +/- 0.001, % updates Left: 2.74%  Right: 2.49%
2017-04-02 17:27:16,476 INFO: ----------------------------------------------------------------------------
2017-04-02 17:27:16,476 INFO: EPOCH 216 (126.203 seconds):
2017-04-02 17:27:16,537 INFO: 	Average L2 norm of relation vector: 0.04596
2017-04-02 17:27:16,538 INFO: 	COST >> 0.019 +/- 0.001, % updates Left: 2.81%  Right: 2.47%
2017-04-02 17:29:31,056 INFO: ----------------------------------------------------------------------------
2017-04-02 17:29:31,056 INFO: EPOCH 217 (134.518 seconds):
2017-04-02 17:29:31,110 INFO: 	Average L2 norm of relation vector: 0.04596
2017-04-02 17:29:31,110 INFO: 	COST >> 0.019 +/- 0.001, % updates Left: 2.77%  Right: 2.48%
2017-04-02 17:31:43,987 INFO: ----------------------------------------------------------------------------
2017-04-02 17:31:43,988 INFO: EPOCH 218 (132.877 seconds):
2017-04-02 17:31:44,036 INFO: 	Average L2 norm of relation vector: 0.04597
2017-04-02 17:31:44,037 INFO: 	COST >> 0.019 +/- 0.001, % updates Left: 2.82%  Right: 2.46%
2017-04-02 17:33:59,351 INFO: ----------------------------------------------------------------------------
2017-04-02 17:33:59,353 INFO: EPOCH 219 (135.316 seconds):
2017-04-02 17:33:59,400 INFO: 	Average L2 norm of relation vector: 0.04595
2017-04-02 17:33:59,400 INFO: 	COST >> 0.019 +/- 0.001, % updates Left: 2.75%  Right: 2.46%
2017-04-02 17:36:18,461 INFO: ----------------------------------------------------------------------------
2017-04-02 17:36:18,464 INFO: EPOCH 220 (139.063 seconds):
2017-04-02 17:36:18,511 INFO: 	Average L2 norm of relation vector: 0.04595
2017-04-02 17:36:18,512 INFO: 	COST >> 0.019 +/- 0.001, % updates Left: 2.79%  Right: 2.49%
2017-04-02 17:36:18,512 INFO: 	FilteredRanking: evaluating rank on 1000 triples
2017-04-02 18:07:59,061 INFO: 	FilteredRanking: evaluating rank on 1000 triples
2017-04-02 18:14:04,128 INFO: 	MEAN RANK >> valid: 78.5, train: 37.5
2017-04-02 18:14:04,129 INFO: 		MEAN RANK TRAIN: Left: 39.9 Rel: 0.0 Right: 35.2
2017-04-02 18:14:04,129 INFO: 		MEAN RANK VALID: Left: 88.1 Rel: 0.0 Right: 68.8
2017-04-02 18:14:04,129 INFO: 		MEAN RECIPROCAL RANK VALID (L & R): 0.219
2017-04-02 18:14:04,129 WARNING: 	WARNING, failed to improve MRR on valid, 0 chances left

2017-04-02 18:14:04,250 INFO: 	(ranking took 2265.738 seconds)
2017-04-02 18:16:10,607 INFO: ----------------------------------------------------------------------------
2017-04-02 18:16:10,607 INFO: EPOCH 221 (126.358 seconds):
2017-04-02 18:16:10,656 INFO: 	Average L2 norm of relation vector: 0.04594
2017-04-02 18:16:10,656 INFO: 	COST >> 0.019 +/- 0.001, % updates Left: 2.75%  Right: 2.47%
2017-04-02 18:18:13,995 INFO: ----------------------------------------------------------------------------
2017-04-02 18:18:13,996 INFO: EPOCH 222 (123.339 seconds):
2017-04-02 18:18:14,048 INFO: 	Average L2 norm of relation vector: 0.04593
2017-04-02 18:18:14,049 INFO: 	COST >> 0.019 +/- 0.001, % updates Left: 2.75%  Right: 2.46%
2017-04-02 18:20:17,717 INFO: ----------------------------------------------------------------------------
2017-04-02 18:20:17,717 INFO: EPOCH 223 (123.668 seconds):
2017-04-02 18:20:17,761 INFO: 	Average L2 norm of relation vector: 0.04593
2017-04-02 18:20:17,761 INFO: 	COST >> 0.019 +/- 0.001, % updates Left: 2.77%  Right: 2.52%
2017-04-02 18:22:21,360 INFO: ----------------------------------------------------------------------------
2017-04-02 18:22:21,361 INFO: EPOCH 224 (123.599 seconds):
2017-04-02 18:22:21,409 INFO: 	Average L2 norm of relation vector: 0.04593
2017-04-02 18:22:21,410 INFO: 	COST >> 0.019 +/- 0.001, % updates Left: 2.75%  Right: 2.47%
2017-04-02 18:24:25,268 INFO: ----------------------------------------------------------------------------
2017-04-02 18:24:25,268 INFO: EPOCH 225 (123.858 seconds):
2017-04-02 18:24:25,315 INFO: 	Average L2 norm of relation vector: 0.04592
2017-04-02 18:24:25,316 INFO: 	COST >> 0.019 +/- 0.001, % updates Left: 2.76%  Right: 2.5%
2017-04-02 18:26:29,231 INFO: ----------------------------------------------------------------------------
2017-04-02 18:26:29,231 INFO: EPOCH 226 (123.915 seconds):
2017-04-02 18:26:29,279 INFO: 	Average L2 norm of relation vector: 0.04591
2017-04-02 18:26:29,280 INFO: 	COST >> 0.019 +/- 0.001, % updates Left: 2.71%  Right: 2.47%
2017-04-02 18:28:33,208 INFO: ----------------------------------------------------------------------------
2017-04-02 18:28:33,208 INFO: EPOCH 227 (123.928 seconds):
2017-04-02 18:28:33,254 INFO: 	Average L2 norm of relation vector: 0.04589
2017-04-02 18:28:33,254 INFO: 	COST >> 0.019 +/- 0.001, % updates Left: 2.7%  Right: 2.48%
2017-04-02 18:30:36,771 INFO: ----------------------------------------------------------------------------
2017-04-02 18:30:36,771 INFO: EPOCH 228 (123.517 seconds):
2017-04-02 18:30:36,817 INFO: 	Average L2 norm of relation vector: 0.04588
2017-04-02 18:30:36,818 INFO: 	COST >> 0.019 +/- 0.001, % updates Left: 2.74%  Right: 2.49%
2017-04-02 18:32:40,741 INFO: ----------------------------------------------------------------------------
2017-04-02 18:32:40,742 INFO: EPOCH 229 (123.924 seconds):
2017-04-02 18:32:40,788 INFO: 	Average L2 norm of relation vector: 0.04588
2017-04-02 18:32:40,788 INFO: 	COST >> 0.019 +/- 0.001, % updates Left: 2.76%  Right: 2.49%
2017-04-02 18:34:46,560 INFO: ----------------------------------------------------------------------------
2017-04-02 18:34:46,560 INFO: EPOCH 230 (125.772 seconds):
2017-04-02 18:34:46,603 INFO: 	Average L2 norm of relation vector: 0.04588
2017-04-02 18:34:46,604 INFO: 	COST >> 0.019 +/- 0.001, % updates Left: 2.76%  Right: 2.48%
2017-04-02 18:34:46,604 INFO: 	FilteredRanking: evaluating rank on 1000 triples
2017-04-02 18:41:03,288 INFO: 	FilteredRanking: evaluating rank on 1000 triples
2017-04-02 18:47:24,427 INFO: 	MEAN RANK >> valid: 87.3, train: 38.8
2017-04-02 18:47:24,427 INFO: 		MEAN RANK TRAIN: Left: 39.8 Rel: 0.0 Right: 37.7
2017-04-02 18:47:24,428 INFO: 		MEAN RANK VALID: Left: 102.3 Rel: 0.0 Right: 72.3
2017-04-02 18:47:24,428 INFO: 		MEAN RECIPROCAL RANK VALID (L & R): 0.2165
2017-04-02 18:47:24,428 WARNING: EARLY STOPPING, failed to improve MRR on valid after 30 epochs
2017-04-02 18:47:24,428 INFO: ----------------------------------------------------------------------------
2017-04-02 18:47:24,428 INFO: ----------------------------------------------------------------------------
2017-04-02 18:47:24,682 INFO: 	Ranking model on all examples from test. Each example ranked against 14951 other entities
2017-04-02 18:47:25,101 INFO: 	Ranking: evaluating rank on 59071 triples
2017-04-03 00:03:56,333 INFO: left_ranks: (59071,), right_ranks: (59071,), rel_ranks: (59071,)
2017-04-03 00:03:56,353 INFO: max left_ranks: 14951, max right_ranks: 14951, max rel_ranks: 0
2017-04-03 00:03:56,818 INFO: MICRO RAW:
2017-04-03 00:03:56,818 INFO: 	Left mean rank: 223.039, MRR: 0.161, median rank: 33.0, hits@10: 31.684%
2017-04-03 00:03:56,818 INFO: 	Right mean rank: 159.066, MRR: 0.221, median rank: 20.0, hits@10: 39.439%
2017-04-03 00:03:56,819 INFO: 	Global mean rank: 191.053, MRR: 0.191, median rank: 25.0, hits@10: 35.561%
2017-04-03 00:03:56,819 INFO: MACRO RAW
2017-04-03 00:03:56,819 INFO: 	Left mean rank: 132.825, MRR: 0.259, median rank: 14.5, hits@10: 47.876%
2017-04-03 00:03:56,819 INFO: 	Right mean rank: 101.586, MRR: 0.319, median rank: 10.0, hits@10: 54.474%
2017-04-03 00:03:56,819 INFO: 	Global mean rank: 117.206, MRR: 0.289, median rank: 11.5, hits@10: 51.175%
2017-04-03 00:03:56,827 INFO: Ranking model on all examples from test. Each example ranked against 14951 other entities which are FILTERED
2017-04-03 00:03:57,685 INFO: 	FilteredRanking: evaluating rank on 59071 triples
2017-04-03 05:23:40,492 INFO: MICRO FILTERED:
2017-04-03 05:23:40,497 INFO: 	Left mean rank: 101.93775, MRR: 0.30284, median rank: 11.0, hits@10: 49.224%
2017-04-03 05:23:40,498 INFO: 	Right mean rank: 83.2725, MRR: 0.34261, median rank: 8.0, hits@10: 53.515%
2017-04-03 05:23:40,498 INFO: 	Global mean rank: 92.60513, MRR: 0.32272, median rank: 10.0, hits@10: 51.37%
2017-04-03 05:23:40,498 INFO: MACRO FILTERED
2017-04-03 05:23:40,498 INFO: 	Left mean rank: 105.64588, MRR: 0.36734, median rank: 7.0, hits@10: 59.21%
2017-04-03 05:23:40,498 INFO: 	Right mean rank: 88.67038, MRR: 0.40569, median rank: 6.0, hits@10: 61.675%
2017-04-03 05:23:40,498 INFO: 	Global mean rank: 97.15813, MRR: 0.38651, median rank: 6.5, hits@10: 60.443%
