2017-05-04 17:24:07,687 INFO: logger initialized for experiment identifier: BilinearDiagExtended_L1_ndim_100_marg_0.75_lrate_0.01_cost_margincost_reg_0.01_REL
2017-05-04 17:24:07,690 INFO: DD{'ndim': 100, 'test_all': 10, 'Nsyn_rel': 1345, 'totepochs': 1000, 'bestvalidMRR': -1, 'loadmodel': False, 'lremb': 0.01, 'nvalid': 1000, 'seed': 123, 'marge': 0.75, 'margincostfunction': 'margincost', 'simfn': 'L1', 'savepath': '/home/ubuntu/Thesis_code/KBC_Text/outputs/FB15k_BilinearDiagExtended/BilinearDiagExtended_L1_ndim_100_marg_0.75_lrate_0.01_cost_margincost_reg_0.01_REL', 'dataset': 'FB15k', 'nbatches': 100, 'identifier': 'BilinearDiagExtended_L1_ndim_100_marg_0.75_lrate_0.01_cost_margincost_reg_0.01_REL', 'lrparam': 0.01, 'loademb': False, 'datapath': '/home/ubuntu/Thesis_data/', 'ntrain': 1000, 'Nrel': 1345, 'experiment_type': 'FB15kexp', 'rel': True, 'Nent': 14951, 'logger': <logging.RootLogger object at 0x7f78c5f40950>, 'ntest': 1000, 'Nsyn': 14951, 'reg': 0.01, 'op': 'BilinearDiagExtended'}
2017-05-04 17:24:11,213 INFO: loaded FB15k data in: 3.518607 seconds
2017-05-04 17:24:11,214 DEBUG: FB15kexp: load_FB15k_data(): trainl(14951, 483142), trainr(14951, 483142), traino(1345, 483142), trainlidx(1000,)
2017-05-04 17:24:17,614 DEBUG: Training to rank RELATIONS as well!
2017-05-04 17:24:17,616 DEBUG: loaded data and constructed model...
2017-05-04 17:24:17,616 DEBUG: num epochs: 1000
2017-05-04 17:24:17,617 DEBUG: num batches per epoch: 100
2017-05-04 17:24:17,617 DEBUG: batchsize: 4831
2017-05-04 17:24:17,617 DEBUG: left and right entity ranking functions will rank a slot against 14951 competitors
2017-05-04 17:24:17,617 INFO: BEGIN TRAINING
2017-05-04 17:25:27,160 INFO: ----------------------------------------------------------------------------
2017-05-04 17:25:27,161 INFO: EPOCH 1 (69.543 seconds):
2017-05-04 17:25:27,185 INFO: 	Average L2 norm of relation vector: 0.03763
2017-05-04 17:25:27,186 INFO: 	COST >> 0.882 +/- 0.396, % updates Left: 69.44% Rel: 16.38% Right: 63.13%
2017-05-04 17:26:51,597 INFO: ----------------------------------------------------------------------------
2017-05-04 17:26:51,598 INFO: EPOCH 2 (84.411 seconds):
2017-05-04 17:26:51,602 INFO: 	Average L2 norm of relation vector: 0.04314
2017-05-04 17:26:51,604 INFO: 	COST >> 0.301 +/- 0.043, % updates Left: 30.82% Rel: 4.45% Right: 26.19%
2017-05-04 17:28:15,181 INFO: ----------------------------------------------------------------------------
2017-05-04 17:28:15,187 INFO: EPOCH 3 (83.582 seconds):
2017-05-04 17:28:15,190 INFO: 	Average L2 norm of relation vector: 0.04655
2017-05-04 17:28:15,191 INFO: 	COST >> 0.198 +/- 0.014, % updates Left: 20.8% Rel: 2.74% Right: 17.51%
2017-05-04 17:29:35,058 INFO: ----------------------------------------------------------------------------
2017-05-04 17:29:35,059 INFO: EPOCH 4 (79.868 seconds):
2017-05-04 17:29:35,061 INFO: 	Average L2 norm of relation vector: 0.04886
2017-05-04 17:29:35,062 INFO: 	COST >> 0.158 +/- 0.007, % updates Left: 16.15% Rel: 2.06% Right: 13.93%
2017-05-04 17:30:37,222 INFO: ----------------------------------------------------------------------------
2017-05-04 17:30:37,223 INFO: EPOCH 5 (62.16 seconds):
2017-05-04 17:30:37,225 INFO: 	Average L2 norm of relation vector: 0.05061
2017-05-04 17:30:37,226 INFO: 	COST >> 0.135 +/- 0.005, % updates Left: 13.61% Rel: 1.64% Right: 11.85%
2017-05-04 17:31:38,653 INFO: ----------------------------------------------------------------------------
2017-05-04 17:31:38,654 INFO: EPOCH 6 (61.427 seconds):
2017-05-04 17:31:38,656 INFO: 	Average L2 norm of relation vector: 0.05201
2017-05-04 17:31:38,657 INFO: 	COST >> 0.124 +/- 0.005, % updates Left: 12.22% Rel: 1.37% Right: 10.67%
2017-05-04 17:33:16,304 INFO: ----------------------------------------------------------------------------
2017-05-04 17:33:16,305 INFO: EPOCH 7 (97.648 seconds):
2017-05-04 17:33:16,309 INFO: 	Average L2 norm of relation vector: 0.05314
2017-05-04 17:33:16,310 INFO: 	COST >> 0.114 +/- 0.005, % updates Left: 11.06% Rel: 1.22% Right: 9.7%
2017-05-04 17:35:18,277 INFO: ----------------------------------------------------------------------------
2017-05-04 17:35:18,282 INFO: EPOCH 8 (121.971 seconds):
2017-05-04 17:35:18,285 INFO: 	Average L2 norm of relation vector: 0.05415
2017-05-04 17:35:18,286 INFO: 	COST >> 0.106 +/- 0.004, % updates Left: 10.42% Rel: 1.07% Right: 8.98%
2017-05-04 17:37:36,923 INFO: ----------------------------------------------------------------------------
2017-05-04 17:37:36,924 INFO: EPOCH 9 (138.637 seconds):
2017-05-04 17:37:36,928 INFO: 	Average L2 norm of relation vector: 0.05503
2017-05-04 17:37:36,930 INFO: 	COST >> 0.101 +/- 0.004, % updates Left: 9.78% Rel: 0.99% Right: 8.55%
2017-05-04 17:39:31,024 INFO: ----------------------------------------------------------------------------
2017-05-04 17:39:31,024 INFO: EPOCH 10 (114.094 seconds):
2017-05-04 17:39:31,027 INFO: 	Average L2 norm of relation vector: 0.05581
2017-05-04 17:39:31,028 INFO: 	COST >> 0.095 +/- 0.004, % updates Left: 9.16% Rel: 0.93% Right: 8.02%
2017-05-04 17:39:31,028 INFO: 	FilteredRanking: evaluating rank on 1000 triples
2017-05-04 17:42:04,283 INFO: 	FilteredRanking: evaluating rank on 1000 triples
2017-05-04 17:44:38,401 INFO: 	MEAN RANK >> valid: 316.0, train: 215.1
2017-05-04 17:44:38,403 INFO: 		MEAN RANK TRAIN: Left: 230.0 Rel: 7.5 Right: 200.1
2017-05-04 17:44:38,405 INFO: 		MEAN RANK VALID: Left: 340.7 Rel: 4.1 Right: 291.2
2017-05-04 17:44:38,406 INFO: 		MEAN RECIPROCAL RANK VALID (L & R): 0.12
2017-05-04 17:44:38,406 INFO: 	FilteredRanking: evaluating rank on 1000 triples
2017-05-04 17:47:00,886 INFO: 	NEW BEST TEST MR: 334.5
2017-05-04 17:47:00,887 INFO: 		Left MR: 357.3 Rel MR: 7.3 Right MR: 311.7
2017-05-04 17:47:00,961 INFO: 	(ranking took 449.933 seconds)
2017-05-04 17:48:16,712 INFO: ----------------------------------------------------------------------------
2017-05-04 17:48:16,713 INFO: EPOCH 11 (75.752 seconds):
2017-05-04 17:48:16,716 INFO: 	Average L2 norm of relation vector: 0.05653
2017-05-04 17:48:16,717 INFO: 	COST >> 0.091 +/- 0.004, % updates Left: 8.77% Rel: 0.87% Right: 7.69%
2017-05-04 17:49:38,097 INFO: ----------------------------------------------------------------------------
2017-05-04 17:49:38,098 INFO: EPOCH 12 (81.38 seconds):
2017-05-04 17:49:38,101 INFO: 	Average L2 norm of relation vector: 0.05721
2017-05-04 17:49:38,102 INFO: 	COST >> 0.086 +/- 0.003, % updates Left: 8.47% Rel: 0.84% Right: 7.32%
2017-05-04 17:51:14,282 INFO: ----------------------------------------------------------------------------
2017-05-04 17:51:14,283 INFO: EPOCH 13 (96.18 seconds):
2017-05-04 17:51:14,285 INFO: 	Average L2 norm of relation vector: 0.05785
2017-05-04 17:51:14,286 INFO: 	COST >> 0.083 +/- 0.003, % updates Left: 8.1% Rel: 0.81% Right: 7.01%
2017-05-04 17:52:57,787 INFO: ----------------------------------------------------------------------------
2017-05-04 17:52:57,788 INFO: EPOCH 14 (103.501 seconds):
2017-05-04 17:52:57,791 INFO: 	Average L2 norm of relation vector: 0.05843
2017-05-04 17:52:57,792 INFO: 	COST >> 0.08 +/- 0.003, % updates Left: 7.81% Rel: 0.8% Right: 6.71%
2017-05-04 17:54:16,887 INFO: ----------------------------------------------------------------------------
2017-05-04 17:54:16,888 INFO: EPOCH 15 (79.095 seconds):
2017-05-04 17:54:16,890 INFO: 	Average L2 norm of relation vector: 0.05899
2017-05-04 17:54:16,891 INFO: 	COST >> 0.076 +/- 0.003, % updates Left: 7.47% Rel: 0.78% Right: 6.45%
2017-05-04 17:55:46,545 INFO: ----------------------------------------------------------------------------
2017-05-04 17:55:46,547 INFO: EPOCH 16 (89.655 seconds):
2017-05-04 17:55:46,551 INFO: 	Average L2 norm of relation vector: 0.05947
2017-05-04 17:55:46,552 INFO: 	COST >> 0.074 +/- 0.003, % updates Left: 7.14% Rel: 0.75% Right: 6.28%
2017-05-04 17:57:36,342 INFO: ----------------------------------------------------------------------------
2017-05-04 17:57:36,343 INFO: EPOCH 17 (109.79 seconds):
2017-05-04 17:57:36,346 INFO: 	Average L2 norm of relation vector: 0.05994
2017-05-04 17:57:36,348 INFO: 	COST >> 0.071 +/- 0.003, % updates Left: 6.99% Rel: 0.72% Right: 6.05%
2017-05-04 17:59:05,415 INFO: ----------------------------------------------------------------------------
2017-05-04 17:59:05,416 INFO: EPOCH 18 (89.068 seconds):
2017-05-04 17:59:05,419 INFO: 	Average L2 norm of relation vector: 0.06038
2017-05-04 17:59:05,420 INFO: 	COST >> 0.069 +/- 0.003, % updates Left: 6.8% Rel: 0.73% Right: 5.83%
2017-05-04 18:00:51,095 INFO: ----------------------------------------------------------------------------
2017-05-04 18:00:51,096 INFO: EPOCH 19 (105.675 seconds):
2017-05-04 18:00:51,098 INFO: 	Average L2 norm of relation vector: 0.06078
2017-05-04 18:00:51,099 INFO: 	COST >> 0.067 +/- 0.003, % updates Left: 6.58% Rel: 0.7% Right: 5.61%
2017-05-04 18:02:22,599 INFO: ----------------------------------------------------------------------------
2017-05-04 18:02:22,600 INFO: EPOCH 20 (91.501 seconds):
2017-05-04 18:02:22,604 INFO: 	Average L2 norm of relation vector: 0.06114
2017-05-04 18:02:22,605 INFO: 	COST >> 0.065 +/- 0.003, % updates Left: 6.36% Rel: 0.67% Right: 5.44%
2017-05-04 18:02:22,605 INFO: 	FilteredRanking: evaluating rank on 1000 triples
2017-05-04 18:04:46,162 INFO: 	FilteredRanking: evaluating rank on 1000 triples
2017-05-04 18:07:25,893 INFO: 	MEAN RANK >> valid: 217.9, train: 123.3
2017-05-04 18:07:25,896 INFO: 		MEAN RANK TRAIN: Left: 134.8 Rel: 5.0 Right: 111.8
2017-05-04 18:07:25,899 INFO: 		MEAN RANK VALID: Left: 250.1 Rel: 3.3 Right: 185.8
2017-05-04 18:07:25,900 INFO: 		MEAN RECIPROCAL RANK VALID (L & R): 0.1465
2017-05-04 18:07:25,900 INFO: 	FilteredRanking: evaluating rank on 1000 triples
2017-05-04 18:09:51,101 INFO: 	NEW BEST TEST MR: 227.4
2017-05-04 18:09:51,102 INFO: 		Left MR: 257.9 Rel MR: 5.5 Right MR: 196.9
2017-05-04 18:09:51,653 INFO: 	(ranking took 449.047 seconds)
2017-05-04 18:11:32,310 INFO: ----------------------------------------------------------------------------
2017-05-04 18:11:32,310 INFO: EPOCH 21 (100.657 seconds):
2017-05-04 18:11:32,313 INFO: 	Average L2 norm of relation vector: 0.06148
2017-05-04 18:11:32,315 INFO: 	COST >> 0.063 +/- 0.003, % updates Left: 6.17% Rel: 0.66% Right: 5.24%
2017-05-04 18:13:08,222 INFO: ----------------------------------------------------------------------------
2017-05-04 18:13:08,223 INFO: EPOCH 22 (95.908 seconds):
2017-05-04 18:13:08,225 INFO: 	Average L2 norm of relation vector: 0.06179
2017-05-04 18:13:08,226 INFO: 	COST >> 0.063 +/- 0.003, % updates Left: 6.05% Rel: 0.65% Right: 5.17%
2017-05-04 18:14:12,851 INFO: ----------------------------------------------------------------------------
2017-05-04 18:14:12,852 INFO: EPOCH 23 (64.625 seconds):
2017-05-04 18:14:12,855 INFO: 	Average L2 norm of relation vector: 0.06207
2017-05-04 18:14:12,856 INFO: 	COST >> 0.061 +/- 0.003, % updates Left: 5.86% Rel: 0.64% Right: 5.06%
2017-05-04 18:15:52,421 INFO: ----------------------------------------------------------------------------
2017-05-04 18:15:52,422 INFO: EPOCH 24 (99.565 seconds):
2017-05-04 18:15:52,425 INFO: 	Average L2 norm of relation vector: 0.06234
2017-05-04 18:15:52,426 INFO: 	COST >> 0.06 +/- 0.003, % updates Left: 5.8% Rel: 0.64% Right: 4.93%
2017-05-04 18:17:29,241 INFO: ----------------------------------------------------------------------------
2017-05-04 18:17:29,242 INFO: EPOCH 25 (96.816 seconds):
2017-05-04 18:17:29,246 INFO: 	Average L2 norm of relation vector: 0.06257
2017-05-04 18:17:29,247 INFO: 	COST >> 0.059 +/- 0.003, % updates Left: 5.61% Rel: 0.61% Right: 4.85%
2017-05-04 18:18:59,974 INFO: ----------------------------------------------------------------------------
2017-05-04 18:18:59,974 INFO: EPOCH 26 (90.727 seconds):
2017-05-04 18:18:59,977 INFO: 	Average L2 norm of relation vector: 0.06281
2017-05-04 18:18:59,978 INFO: 	COST >> 0.057 +/- 0.003, % updates Left: 5.5% Rel: 0.61% Right: 4.7%
2017-05-04 18:20:27,872 INFO: ----------------------------------------------------------------------------
2017-05-04 18:20:27,873 INFO: EPOCH 27 (87.895 seconds):
2017-05-04 18:20:27,877 INFO: 	Average L2 norm of relation vector: 0.06302
2017-05-04 18:20:27,878 INFO: 	COST >> 0.057 +/- 0.002, % updates Left: 5.47% Rel: 0.6% Right: 4.63%
2017-05-04 18:22:05,816 INFO: ----------------------------------------------------------------------------
2017-05-04 18:22:05,817 INFO: EPOCH 28 (97.939 seconds):
2017-05-04 18:22:05,820 INFO: 	Average L2 norm of relation vector: 0.06323
2017-05-04 18:22:05,822 INFO: 	COST >> 0.056 +/- 0.003, % updates Left: 5.36% Rel: 0.61% Right: 4.54%
2017-05-04 18:23:51,545 INFO: ----------------------------------------------------------------------------
2017-05-04 18:23:51,547 INFO: EPOCH 29 (105.725 seconds):
2017-05-04 18:23:51,556 INFO: 	Average L2 norm of relation vector: 0.06342
2017-05-04 18:23:51,559 INFO: 	COST >> 0.055 +/- 0.003, % updates Left: 5.25% Rel: 0.58% Right: 4.44%
2017-05-04 18:25:49,265 INFO: ----------------------------------------------------------------------------
2017-05-04 18:25:49,266 INFO: EPOCH 30 (117.705 seconds):
2017-05-04 18:25:49,270 INFO: 	Average L2 norm of relation vector: 0.06361
2017-05-04 18:25:49,272 INFO: 	COST >> 0.053 +/- 0.003, % updates Left: 5.1% Rel: 0.57% Right: 4.38%
2017-05-04 18:25:49,273 INFO: 	FilteredRanking: evaluating rank on 1000 triples
2017-05-04 18:28:32,690 INFO: 	FilteredRanking: evaluating rank on 1000 triples
2017-05-04 18:30:45,511 INFO: 	MEAN RANK >> valid: 183.5, train: 93.0
2017-05-04 18:30:45,512 INFO: 		MEAN RANK TRAIN: Left: 99.0 Rel: 3.9 Right: 87.0
2017-05-04 18:30:45,513 INFO: 		MEAN RANK VALID: Left: 207.9 Rel: 3.0 Right: 159.1
2017-05-04 18:30:45,513 INFO: 		MEAN RECIPROCAL RANK VALID (L & R): 0.1645
2017-05-04 18:30:45,513 INFO: 	FilteredRanking: evaluating rank on 1000 triples
2017-05-04 18:33:22,155 INFO: 	NEW BEST TEST MR: 185.2
2017-05-04 18:33:22,156 INFO: 		Left MR: 207.9 Rel MR: 4.3 Right MR: 162.5
2017-05-04 18:33:22,257 INFO: 	(ranking took 452.984 seconds)
2017-05-04 18:34:54,268 INFO: ----------------------------------------------------------------------------
2017-05-04 18:34:54,269 INFO: EPOCH 31 (92.011 seconds):
2017-05-04 18:34:54,271 INFO: 	Average L2 norm of relation vector: 0.06376
2017-05-04 18:34:54,272 INFO: 	COST >> 0.054 +/- 0.003, % updates Left: 5.08% Rel: 0.57% Right: 4.29%
2017-05-04 18:36:16,086 INFO: ----------------------------------------------------------------------------
2017-05-04 18:36:16,087 INFO: EPOCH 32 (81.814 seconds):
2017-05-04 18:36:16,090 INFO: 	Average L2 norm of relation vector: 0.0639
2017-05-04 18:36:16,091 INFO: 	COST >> 0.052 +/- 0.002, % updates Left: 4.96% Rel: 0.56% Right: 4.16%
2017-05-04 18:37:23,711 INFO: ----------------------------------------------------------------------------
2017-05-04 18:37:23,712 INFO: EPOCH 33 (67.621 seconds):
2017-05-04 18:37:23,714 INFO: 	Average L2 norm of relation vector: 0.06404
2017-05-04 18:37:23,715 INFO: 	COST >> 0.051 +/- 0.002, % updates Left: 4.88% Rel: 0.55% Right: 4.11%
2017-05-04 18:38:40,850 INFO: ----------------------------------------------------------------------------
2017-05-04 18:38:40,850 INFO: EPOCH 34 (77.135 seconds):
2017-05-04 18:38:40,853 INFO: 	Average L2 norm of relation vector: 0.06417
2017-05-04 18:38:40,854 INFO: 	COST >> 0.051 +/- 0.002, % updates Left: 4.86% Rel: 0.55% Right: 4.06%
2017-05-04 18:39:55,398 INFO: ----------------------------------------------------------------------------
2017-05-04 18:39:55,400 INFO: EPOCH 35 (74.546 seconds):
2017-05-04 18:39:55,403 INFO: 	Average L2 norm of relation vector: 0.06429
2017-05-04 18:39:55,404 INFO: 	COST >> 0.05 +/- 0.002, % updates Left: 4.76% Rel: 0.55% Right: 4.07%
2017-05-04 18:41:11,026 INFO: ----------------------------------------------------------------------------
2017-05-04 18:41:11,027 INFO: EPOCH 36 (75.622 seconds):
2017-05-04 18:41:11,029 INFO: 	Average L2 norm of relation vector: 0.06441
2017-05-04 18:41:11,030 INFO: 	COST >> 0.05 +/- 0.003, % updates Left: 4.7% Rel: 0.52% Right: 4.0%
2017-05-04 18:42:35,205 INFO: ----------------------------------------------------------------------------
2017-05-04 18:42:35,206 INFO: EPOCH 37 (84.176 seconds):
2017-05-04 18:42:35,209 INFO: 	Average L2 norm of relation vector: 0.06452
2017-05-04 18:42:35,210 INFO: 	COST >> 0.049 +/- 0.002, % updates Left: 4.58% Rel: 0.55% Right: 3.93%
2017-05-04 18:43:43,259 INFO: ----------------------------------------------------------------------------
2017-05-04 18:43:43,260 INFO: EPOCH 38 (68.049 seconds):
2017-05-04 18:43:43,262 INFO: 	Average L2 norm of relation vector: 0.06462
2017-05-04 18:43:43,263 INFO: 	COST >> 0.049 +/- 0.002, % updates Left: 4.61% Rel: 0.53% Right: 3.94%
2017-05-04 18:45:13,947 INFO: ----------------------------------------------------------------------------
2017-05-04 18:45:13,948 INFO: EPOCH 39 (90.685 seconds):
2017-05-04 18:45:13,952 INFO: 	Average L2 norm of relation vector: 0.06471
2017-05-04 18:45:13,954 INFO: 	COST >> 0.048 +/- 0.002, % updates Left: 4.53% Rel: 0.5% Right: 3.89%
