2017-04-11 21:48:04,745 INFO: logger initialized for experiment identifier: BilinearDiagExtended_L1_ndim_100_marg_2.0_lrate_0.01_cost_margincost_pos_high_reg_0.01
2017-04-11 21:48:04,745 INFO: DD{'ndim': 100, 'test_all': 10, 'Nsyn_rel': 1345, 'totepochs': 500, 'bestvalidMRR': -1, 'loadmodel': False, 'lremb': 0.01, 'nvalid': 1000, 'seed': 123, 'marge': 2.0, 'margincostfunction': 'margincost_pos_high', 'simfn': 'L1', 'savepath': '/Users/corbinrosset/Dropbox/Arora/QA-code/src/KBC_Text/outputs/FB15k_BilinearDiagExtended/BilinearDiagExtended_L1_ndim_100_marg_2.0_lrate_0.01_cost_margincost_pos_high_reg_0.01', 'dataset': 'FB15k', 'nbatches': 100, 'identifier': 'BilinearDiagExtended_L1_ndim_100_marg_2.0_lrate_0.01_cost_margincost_pos_high_reg_0.01', 'lrparam': 0.01, 'loademb': False, 'datapath': '/Users/corbinrosset/Dropbox/Arora/QA-code/src/KBC_Text/data/', 'ntrain': 1000, 'Nrel': 1345, 'experiment_type': 'FB15kexp', 'rel': False, 'Nent': 16296, 'logger': <logging.RootLogger object at 0x10ba11e90>, 'ntest': 1000, 'Nsyn': 14951, 'reg': 0.01, 'op': 'BilinearDiagExtended'}
2017-04-11 21:48:06,833 INFO: loaded FB15k data in: 2.05712 seconds
2017-04-11 21:48:06,836 DEBUG: FB15kexp: load_FB15k_data(): trainl(16296, 483142), trainr(16296, 483142), traino(1345, 483142), trainlidx(1000,)
2017-04-11 21:48:10,010 DEBUG: loaded data and constructed model...
2017-04-11 21:48:10,010 DEBUG: num epochs: 500
2017-04-11 21:48:10,010 DEBUG: num batches per epoch: 100
2017-04-11 21:48:10,011 DEBUG: batchsize: 4831
2017-04-11 21:48:10,011 DEBUG: left and right entity ranking functions will rank a slot against 14951 competitors
2017-04-11 21:48:10,011 INFO: BEGIN TRAINING
2017-04-11 21:48:45,352 INFO: ----------------------------------------------------------------------------
2017-04-11 21:48:45,352 INFO: EPOCH 1 (35.341 seconds):
2017-04-11 21:48:45,370 INFO: 	Average L2 norm of relation vector: 0.04435
2017-04-11 21:48:45,371 INFO: 	COST >> 2.954 +/- 0.656, % updates Left: 86.31%  Right: 84.47%
2017-04-11 21:49:21,273 INFO: ----------------------------------------------------------------------------
2017-04-11 21:49:21,273 INFO: EPOCH 2 (35.902 seconds):
2017-04-11 21:49:21,274 INFO: 	Average L2 norm of relation vector: 0.06085
2017-04-11 21:49:21,275 INFO: 	COST >> 1.5 +/- 0.193, % updates Left: 53.91%  Right: 52.27%
2017-04-11 21:49:56,615 INFO: ----------------------------------------------------------------------------
2017-04-11 21:49:56,615 INFO: EPOCH 3 (35.339 seconds):
2017-04-11 21:49:56,616 INFO: 	Average L2 norm of relation vector: 0.07171
2017-04-11 21:49:56,616 INFO: 	COST >> 1.045 +/- 0.061, % updates Left: 39.69%  Right: 38.85%
2017-04-11 21:50:28,559 INFO: ----------------------------------------------------------------------------
2017-04-11 21:50:28,559 INFO: EPOCH 4 (31.942 seconds):
2017-04-11 21:50:28,560 INFO: 	Average L2 norm of relation vector: 0.08003
2017-04-11 21:50:28,560 INFO: 	COST >> 0.878 +/- 0.03, % updates Left: 33.79%  Right: 33.21%
2017-04-11 21:50:59,675 INFO: ----------------------------------------------------------------------------
2017-04-11 21:50:59,675 INFO: EPOCH 5 (31.115 seconds):
2017-04-11 21:50:59,676 INFO: 	Average L2 norm of relation vector: 0.08714
2017-04-11 21:50:59,676 INFO: 	COST >> 0.785 +/- 0.023, % updates Left: 30.56%  Right: 30.12%
2017-04-11 21:51:30,799 INFO: ----------------------------------------------------------------------------
2017-04-11 21:51:30,799 INFO: EPOCH 6 (31.123 seconds):
2017-04-11 21:51:30,800 INFO: 	Average L2 norm of relation vector: 0.09327
2017-04-11 21:51:30,801 INFO: 	COST >> 0.72 +/- 0.021, % updates Left: 28.12%  Right: 28.1%
2017-04-11 21:52:02,407 INFO: ----------------------------------------------------------------------------
2017-04-11 21:52:02,407 INFO: EPOCH 7 (31.606 seconds):
2017-04-11 21:52:02,408 INFO: 	Average L2 norm of relation vector: 0.09852
2017-04-11 21:52:02,408 INFO: 	COST >> 0.664 +/- 0.018, % updates Left: 26.06%  Right: 25.9%
2017-04-11 21:52:37,359 INFO: ----------------------------------------------------------------------------
2017-04-11 21:52:37,359 INFO: EPOCH 8 (34.951 seconds):
2017-04-11 21:52:37,360 INFO: 	Average L2 norm of relation vector: 0.10318
2017-04-11 21:52:37,361 INFO: 	COST >> 0.624 +/- 0.015, % updates Left: 24.53%  Right: 24.55%
2017-04-11 21:53:11,953 INFO: ----------------------------------------------------------------------------
2017-04-11 21:53:11,953 INFO: EPOCH 9 (34.592 seconds):
2017-04-11 21:53:11,955 INFO: 	Average L2 norm of relation vector: 0.10731
2017-04-11 21:53:11,956 INFO: 	COST >> 0.588 +/- 0.016, % updates Left: 23.05%  Right: 23.34%
2017-04-11 21:53:45,140 INFO: ----------------------------------------------------------------------------
2017-04-11 21:53:45,140 INFO: EPOCH 10 (33.184 seconds):
2017-04-11 21:53:45,142 INFO: 	Average L2 norm of relation vector: 0.11104
2017-04-11 21:53:45,143 INFO: 	COST >> 0.554 +/- 0.014, % updates Left: 21.65%  Right: 22.21%
2017-04-11 21:53:45,143 INFO: 	FilteredRanking: evaluating rank on 1000 triples
2017-04-11 21:54:54,770 INFO: 	FilteredRanking: evaluating rank on 1000 triples
2017-04-11 21:56:04,981 INFO: 	MEAN RANK >> valid: 607.4, train: 522.9
2017-04-11 21:56:04,982 INFO: 		MEAN RANK TRAIN: Left: 504.7 Rel: 0.0 Right: 541.1
2017-04-11 21:56:04,983 INFO: 		MEAN RANK VALID: Left: 500.1 Rel: 0.0 Right: 714.7
2017-04-11 21:56:04,983 INFO: 		MEAN RECIPROCAL RANK VALID (L & R): 0.0855
2017-04-11 21:56:04,983 INFO: 	FilteredRanking: evaluating rank on 1000 triples
2017-04-11 21:57:14,949 INFO: 	NEW BEST TEST MR: 621.0
2017-04-11 21:57:14,950 INFO: 		Left MR: 542.2 Rel MR: 0.0 Right MR: 699.9
2017-04-11 21:57:15,016 INFO: 	(ranking took 209.872 seconds)
2017-04-11 21:57:49,077 INFO: ----------------------------------------------------------------------------
2017-04-11 21:57:49,078 INFO: EPOCH 11 (34.062 seconds):
2017-04-11 21:57:49,079 INFO: 	Average L2 norm of relation vector: 0.11436
2017-04-11 21:57:49,079 INFO: 	COST >> 0.526 +/- 0.016, % updates Left: 20.5%  Right: 21.05%
2017-04-11 21:58:21,803 INFO: ----------------------------------------------------------------------------
2017-04-11 21:58:21,803 INFO: EPOCH 12 (32.724 seconds):
2017-04-11 21:58:21,804 INFO: 	Average L2 norm of relation vector: 0.11739
2017-04-11 21:58:21,805 INFO: 	COST >> 0.505 +/- 0.019, % updates Left: 19.56%  Right: 20.18%
2017-04-11 21:58:55,364 INFO: ----------------------------------------------------------------------------
2017-04-11 21:58:55,364 INFO: EPOCH 13 (33.559 seconds):
2017-04-11 21:58:55,366 INFO: 	Average L2 norm of relation vector: 0.12012
2017-04-11 21:58:55,367 INFO: 	COST >> 0.48 +/- 0.019, % updates Left: 18.66%  Right: 19.27%
2017-04-11 21:59:30,259 INFO: ----------------------------------------------------------------------------
2017-04-11 21:59:30,259 INFO: EPOCH 14 (34.892 seconds):
2017-04-11 21:59:30,260 INFO: 	Average L2 norm of relation vector: 0.12266
2017-04-11 21:59:30,260 INFO: 	COST >> 0.461 +/- 0.018, % updates Left: 17.85%  Right: 18.61%
2017-04-11 22:00:02,705 INFO: ----------------------------------------------------------------------------
2017-04-11 22:00:02,705 INFO: EPOCH 15 (32.445 seconds):
2017-04-11 22:00:02,706 INFO: 	Average L2 norm of relation vector: 0.12488
2017-04-11 22:00:02,707 INFO: 	COST >> 0.429 +/- 0.02, % updates Left: 16.92%  Right: 17.16%
2017-04-11 22:00:36,935 INFO: ----------------------------------------------------------------------------
2017-04-11 22:00:36,935 INFO: EPOCH 16 (34.228 seconds):
2017-04-11 22:00:36,937 INFO: 	Average L2 norm of relation vector: 0.12691
2017-04-11 22:00:36,937 INFO: 	COST >> 0.388 +/- 0.018, % updates Left: 15.6%  Right: 15.61%
2017-04-11 22:01:12,726 INFO: ----------------------------------------------------------------------------
2017-04-11 22:01:12,727 INFO: EPOCH 17 (35.789 seconds):
2017-04-11 22:01:12,728 INFO: 	Average L2 norm of relation vector: 0.12858
2017-04-11 22:01:12,729 INFO: 	COST >> 0.344 +/- 0.014, % updates Left: 13.89%  Right: 13.85%
2017-04-11 22:01:50,111 INFO: ----------------------------------------------------------------------------
2017-04-11 22:01:50,112 INFO: EPOCH 18 (37.383 seconds):
2017-04-11 22:01:50,114 INFO: 	Average L2 norm of relation vector: 0.13004
2017-04-11 22:01:50,114 INFO: 	COST >> 0.325 +/- 0.014, % updates Left: 13.04%  Right: 12.97%
2017-04-11 22:02:25,607 INFO: ----------------------------------------------------------------------------
2017-04-11 22:02:25,607 INFO: EPOCH 19 (35.493 seconds):
2017-04-11 22:02:25,609 INFO: 	Average L2 norm of relation vector: 0.13141
2017-04-11 22:02:25,610 INFO: 	COST >> 0.314 +/- 0.013, % updates Left: 12.63%  Right: 12.41%
2017-04-11 22:03:03,347 INFO: ----------------------------------------------------------------------------
2017-04-11 22:03:03,348 INFO: EPOCH 20 (37.737 seconds):
2017-04-11 22:03:03,350 INFO: 	Average L2 norm of relation vector: 0.13266
2017-04-11 22:03:03,351 INFO: 	COST >> 0.301 +/- 0.014, % updates Left: 12.03%  Right: 11.85%
2017-04-11 22:03:03,351 INFO: 	FilteredRanking: evaluating rank on 1000 triples
2017-04-11 22:04:20,798 INFO: 	FilteredRanking: evaluating rank on 1000 triples
2017-04-11 22:05:34,687 INFO: 	MEAN RANK >> valid: 318.6, train: 228.8
2017-04-11 22:05:34,688 INFO: 		MEAN RANK TRAIN: Left: 171.2 Rel: 0.0 Right: 286.4
2017-04-11 22:05:34,688 INFO: 		MEAN RANK VALID: Left: 255.8 Rel: 0.0 Right: 381.4
2017-04-11 22:05:34,689 INFO: 		MEAN RECIPROCAL RANK VALID (L & R): 0.1415
2017-04-11 22:05:34,689 INFO: 	FilteredRanking: evaluating rank on 1000 triples
2017-04-11 22:06:48,747 INFO: 	NEW BEST TEST MR: 324.7
2017-04-11 22:06:48,748 INFO: 		Left MR: 232.4 Rel MR: 0.0 Right MR: 417.1
2017-04-11 22:06:48,817 INFO: 	(ranking took 225.466 seconds)
2017-04-11 22:07:25,121 INFO: ----------------------------------------------------------------------------
2017-04-11 22:07:25,122 INFO: EPOCH 21 (36.304 seconds):
2017-04-11 22:07:25,123 INFO: 	Average L2 norm of relation vector: 0.13383
2017-04-11 22:07:25,123 INFO: 	COST >> 0.294 +/- 0.013, % updates Left: 11.71%  Right: 11.58%
2017-04-11 22:07:58,127 INFO: ----------------------------------------------------------------------------
2017-04-11 22:07:58,127 INFO: EPOCH 22 (33.003 seconds):
2017-04-11 22:07:58,128 INFO: 	Average L2 norm of relation vector: 0.13493
2017-04-11 22:07:58,128 INFO: 	COST >> 0.297 +/- 0.017, % updates Left: 11.78%  Right: 11.47%
2017-04-11 22:08:32,261 INFO: ----------------------------------------------------------------------------
2017-04-11 22:08:32,261 INFO: EPOCH 23 (34.132 seconds):
2017-04-11 22:08:32,262 INFO: 	Average L2 norm of relation vector: 0.13597
2017-04-11 22:08:32,262 INFO: 	COST >> 0.281 +/- 0.012, % updates Left: 11.3%  Right: 10.88%
2017-04-11 22:09:11,146 INFO: ----------------------------------------------------------------------------
2017-04-11 22:09:11,146 INFO: EPOCH 24 (38.884 seconds):
2017-04-11 22:09:11,148 INFO: 	Average L2 norm of relation vector: 0.13683
2017-04-11 22:09:11,148 INFO: 	COST >> 0.266 +/- 0.013, % updates Left: 10.7%  Right: 10.17%
2017-04-11 22:09:48,176 INFO: ----------------------------------------------------------------------------
2017-04-11 22:09:48,176 INFO: EPOCH 25 (37.028 seconds):
2017-04-11 22:09:48,178 INFO: 	Average L2 norm of relation vector: 0.13763
2017-04-11 22:09:48,178 INFO: 	COST >> 0.259 +/- 0.013, % updates Left: 10.38%  Right: 9.81%
2017-04-11 22:10:25,238 INFO: ----------------------------------------------------------------------------
2017-04-11 22:10:25,238 INFO: EPOCH 26 (37.06 seconds):
2017-04-11 22:10:25,239 INFO: 	Average L2 norm of relation vector: 0.13831
2017-04-11 22:10:25,240 INFO: 	COST >> 0.25 +/- 0.01, % updates Left: 9.97%  Right: 9.31%
2017-04-11 22:11:03,008 INFO: ----------------------------------------------------------------------------
2017-04-11 22:11:03,008 INFO: EPOCH 27 (37.768 seconds):
2017-04-11 22:11:03,009 INFO: 	Average L2 norm of relation vector: 0.13882
2017-04-11 22:11:03,009 INFO: 	COST >> 0.232 +/- 0.008, % updates Left: 9.32%  Right: 8.44%
2017-04-11 22:11:38,798 INFO: ----------------------------------------------------------------------------
2017-04-11 22:11:38,798 INFO: EPOCH 28 (35.788 seconds):
2017-04-11 22:11:38,799 INFO: 	Average L2 norm of relation vector: 0.13929
2017-04-11 22:11:38,799 INFO: 	COST >> 0.227 +/- 0.008, % updates Left: 9.14%  Right: 8.13%
2017-04-11 22:12:15,277 INFO: ----------------------------------------------------------------------------
2017-04-11 22:12:15,277 INFO: EPOCH 29 (36.477 seconds):
2017-04-11 22:12:15,278 INFO: 	Average L2 norm of relation vector: 0.13969
2017-04-11 22:12:15,278 INFO: 	COST >> 0.223 +/- 0.009, % updates Left: 8.84%  Right: 7.96%
2017-04-11 22:12:52,183 INFO: ----------------------------------------------------------------------------
2017-04-11 22:12:52,183 INFO: EPOCH 30 (36.904 seconds):
2017-04-11 22:12:52,184 INFO: 	Average L2 norm of relation vector: 0.14007
2017-04-11 22:12:52,184 INFO: 	COST >> 0.221 +/- 0.01, % updates Left: 8.7%  Right: 7.92%
2017-04-11 22:12:52,185 INFO: 	FilteredRanking: evaluating rank on 1000 triples
2017-04-11 22:14:05,641 INFO: 	FilteredRanking: evaluating rank on 1000 triples
2017-04-11 22:15:17,078 INFO: 	MEAN RANK >> valid: 223.2, train: 159.4
2017-04-11 22:15:17,079 INFO: 		MEAN RANK TRAIN: Left: 115.1 Rel: 0.0 Right: 203.6
2017-04-11 22:15:17,079 INFO: 		MEAN RANK VALID: Left: 200.9 Rel: 0.0 Right: 245.4
2017-04-11 22:15:17,079 INFO: 		MEAN RECIPROCAL RANK VALID (L & R): 0.151
2017-04-11 22:15:17,079 INFO: 	FilteredRanking: evaluating rank on 1000 triples
2017-04-11 22:16:24,305 INFO: 	NEW BEST TEST MR: 227.0
2017-04-11 22:16:24,306 INFO: 		Left MR: 190.2 Rel MR: 0.0 Right MR: 263.7
2017-04-11 22:16:24,369 INFO: 	(ranking took 212.184 seconds)
2017-04-11 22:16:56,182 INFO: ----------------------------------------------------------------------------
2017-04-11 22:16:56,182 INFO: EPOCH 31 (31.813 seconds):
2017-04-11 22:16:56,183 INFO: 	Average L2 norm of relation vector: 0.14063
2017-04-11 22:16:56,184 INFO: 	COST >> 0.238 +/- 0.012, % updates Left: 9.06%  Right: 8.8%
2017-04-11 22:17:26,460 INFO: ----------------------------------------------------------------------------
2017-04-11 22:17:26,460 INFO: EPOCH 32 (30.276 seconds):
2017-04-11 22:17:26,461 INFO: 	Average L2 norm of relation vector: 0.14111
2017-04-11 22:17:26,462 INFO: 	COST >> 0.239 +/- 0.022, % updates Left: 9.16%  Right: 8.62%
2017-04-11 22:17:56,271 INFO: ----------------------------------------------------------------------------
2017-04-11 22:17:56,271 INFO: EPOCH 33 (29.81 seconds):
2017-04-11 22:17:56,272 INFO: 	Average L2 norm of relation vector: 0.14157
2017-04-11 22:17:56,273 INFO: 	COST >> 0.239 +/- 0.014, % updates Left: 9.24%  Right: 8.6%
2017-04-11 22:18:29,978 INFO: ----------------------------------------------------------------------------
2017-04-11 22:18:29,978 INFO: EPOCH 34 (33.705 seconds):
2017-04-11 22:18:29,980 INFO: 	Average L2 norm of relation vector: 0.14183
2017-04-11 22:18:29,981 INFO: 	COST >> 0.214 +/- 0.007, % updates Left: 8.35%  Right: 7.45%
2017-04-11 22:19:02,119 INFO: ----------------------------------------------------------------------------
2017-04-11 22:19:02,119 INFO: EPOCH 35 (32.138 seconds):
2017-04-11 22:19:02,120 INFO: 	Average L2 norm of relation vector: 0.14205
2017-04-11 22:19:02,121 INFO: 	COST >> 0.207 +/- 0.007, % updates Left: 8.06%  Right: 7.09%
2017-04-11 22:19:34,333 INFO: ----------------------------------------------------------------------------
2017-04-11 22:19:34,333 INFO: EPOCH 36 (32.212 seconds):
2017-04-11 22:19:34,334 INFO: 	Average L2 norm of relation vector: 0.1422
2017-04-11 22:19:34,335 INFO: 	COST >> 0.204 +/- 0.007, % updates Left: 7.81%  Right: 6.99%
2017-04-11 22:20:06,555 INFO: ----------------------------------------------------------------------------
2017-04-11 22:20:06,555 INFO: EPOCH 37 (32.221 seconds):
2017-04-11 22:20:06,557 INFO: 	Average L2 norm of relation vector: 0.1423
2017-04-11 22:20:06,558 INFO: 	COST >> 0.212 +/- 0.017, % updates Left: 7.88%  Right: 6.98%
2017-04-11 22:20:42,832 INFO: ----------------------------------------------------------------------------
2017-04-11 22:20:42,832 INFO: EPOCH 38 (36.274 seconds):
2017-04-11 22:20:42,835 INFO: 	Average L2 norm of relation vector: 0.14242
2017-04-11 22:20:42,836 INFO: 	COST >> 0.216 +/- 0.008, % updates Left: 7.97%  Right: 7.13%
2017-04-11 22:21:19,138 INFO: ----------------------------------------------------------------------------
2017-04-11 22:21:19,138 INFO: EPOCH 39 (36.302 seconds):
2017-04-11 22:21:19,139 INFO: 	Average L2 norm of relation vector: 0.14259
2017-04-11 22:21:19,140 INFO: 	COST >> 0.211 +/- 0.01, % updates Left: 8.05%  Right: 7.07%
2017-04-11 22:21:55,562 INFO: ----------------------------------------------------------------------------
2017-04-11 22:21:55,562 INFO: EPOCH 40 (36.423 seconds):
2017-04-11 22:21:55,564 INFO: 	Average L2 norm of relation vector: 0.14268
2017-04-11 22:21:55,565 INFO: 	COST >> 0.196 +/- 0.007, % updates Left: 7.45%  Right: 6.65%
2017-04-11 22:21:55,565 INFO: 	FilteredRanking: evaluating rank on 1000 triples
2017-04-11 22:23:08,776 INFO: 	FilteredRanking: evaluating rank on 1000 triples
2017-04-11 22:24:21,015 INFO: 	MEAN RANK >> valid: 149.8, train: 91.9
2017-04-11 22:24:21,015 INFO: 		MEAN RANK TRAIN: Left: 105.4 Rel: 0.0 Right: 78.3
2017-04-11 22:24:21,016 INFO: 		MEAN RANK VALID: Left: 168.5 Rel: 0.0 Right: 131.1
2017-04-11 22:24:21,016 INFO: 		MEAN RECIPROCAL RANK VALID (L & R): 0.1615
2017-04-11 22:24:21,016 INFO: 	FilteredRanking: evaluating rank on 1000 triples
2017-04-11 22:25:31,288 INFO: 	NEW BEST TEST MR: 155.0
2017-04-11 22:25:31,289 INFO: 		Left MR: 158.3 Rel MR: 0.0 Right MR: 151.6
2017-04-11 22:25:31,352 INFO: 	(ranking took 215.787 seconds)
2017-04-11 22:26:06,694 INFO: ----------------------------------------------------------------------------
2017-04-11 22:26:06,694 INFO: EPOCH 41 (35.342 seconds):
2017-04-11 22:26:06,695 INFO: 	Average L2 norm of relation vector: 0.14277
2017-04-11 22:26:06,696 INFO: 	COST >> 0.194 +/- 0.008, % updates Left: 7.36%  Right: 6.48%
2017-04-11 22:26:44,012 INFO: ----------------------------------------------------------------------------
2017-04-11 22:26:44,012 INFO: EPOCH 42 (37.316 seconds):
2017-04-11 22:26:44,013 INFO: 	Average L2 norm of relation vector: 0.14282
2017-04-11 22:26:44,014 INFO: 	COST >> 0.19 +/- 0.007, % updates Left: 7.19%  Right: 6.34%
2017-04-11 22:27:20,553 INFO: ----------------------------------------------------------------------------
2017-04-11 22:27:20,553 INFO: EPOCH 43 (36.539 seconds):
2017-04-11 22:27:20,554 INFO: 	Average L2 norm of relation vector: 0.14286
2017-04-11 22:27:20,555 INFO: 	COST >> 0.188 +/- 0.007, % updates Left: 7.12%  Right: 6.22%
2017-04-11 22:27:56,710 INFO: ----------------------------------------------------------------------------
2017-04-11 22:27:56,711 INFO: EPOCH 44 (36.156 seconds):
2017-04-11 22:27:56,712 INFO: 	Average L2 norm of relation vector: 0.14288
2017-04-11 22:27:56,712 INFO: 	COST >> 0.186 +/- 0.007, % updates Left: 6.91%  Right: 6.15%
2017-04-11 22:28:32,754 INFO: ----------------------------------------------------------------------------
2017-04-11 22:28:32,755 INFO: EPOCH 45 (36.043 seconds):
2017-04-11 22:28:32,755 INFO: 	Average L2 norm of relation vector: 0.14286
2017-04-11 22:28:32,756 INFO: 	COST >> 0.193 +/- 0.017, % updates Left: 7.02%  Right: 6.22%
2017-04-11 22:29:08,719 INFO: ----------------------------------------------------------------------------
2017-04-11 22:29:08,720 INFO: EPOCH 46 (35.964 seconds):
2017-04-11 22:29:08,721 INFO: 	Average L2 norm of relation vector: 0.1429
2017-04-11 22:29:08,721 INFO: 	COST >> 0.228 +/- 0.022, % updates Left: 8.18%  Right: 7.27%
2017-04-11 22:29:44,601 INFO: ----------------------------------------------------------------------------
2017-04-11 22:29:44,601 INFO: EPOCH 47 (35.88 seconds):
2017-04-11 22:29:44,603 INFO: 	Average L2 norm of relation vector: 0.14303
2017-04-11 22:29:44,603 INFO: 	COST >> 0.206 +/- 0.011, % updates Left: 7.74%  Right: 6.94%
2017-04-11 22:30:20,772 INFO: ----------------------------------------------------------------------------
2017-04-11 22:30:20,773 INFO: EPOCH 48 (36.169 seconds):
2017-04-11 22:30:20,774 INFO: 	Average L2 norm of relation vector: 0.1431
2017-04-11 22:30:20,774 INFO: 	COST >> 0.189 +/- 0.006, % updates Left: 7.13%  Right: 6.32%
2017-04-11 22:30:56,814 INFO: ----------------------------------------------------------------------------
2017-04-11 22:30:56,815 INFO: EPOCH 49 (36.04 seconds):
2017-04-11 22:30:56,816 INFO: 	Average L2 norm of relation vector: 0.1431
2017-04-11 22:30:56,816 INFO: 	COST >> 0.184 +/- 0.005, % updates Left: 6.88%  Right: 6.08%
2017-04-11 22:31:35,192 INFO: ----------------------------------------------------------------------------
2017-04-11 22:31:35,192 INFO: EPOCH 50 (38.375 seconds):
2017-04-11 22:31:35,193 INFO: 	Average L2 norm of relation vector: 0.14305
2017-04-11 22:31:35,193 INFO: 	COST >> 0.182 +/- 0.007, % updates Left: 6.7%  Right: 5.9%
2017-04-11 22:31:35,194 INFO: 	FilteredRanking: evaluating rank on 1000 triples
2017-04-11 22:32:49,383 INFO: 	FilteredRanking: evaluating rank on 1000 triples
2017-04-11 22:34:01,224 INFO: 	MEAN RANK >> valid: 142.8, train: 80.2
2017-04-11 22:34:01,228 INFO: 		MEAN RANK TRAIN: Left: 80.5 Rel: 0.0 Right: 80.0
2017-04-11 22:34:01,230 INFO: 		MEAN RANK VALID: Left: 163.9 Rel: 0.0 Right: 121.7
2017-04-11 22:34:01,230 INFO: 		MEAN RECIPROCAL RANK VALID (L & R): 0.173
2017-04-11 22:34:01,230 INFO: 	FilteredRanking: evaluating rank on 1000 triples
2017-04-11 22:35:15,703 INFO: 	NEW BEST TEST MR: 139.7
2017-04-11 22:35:15,704 INFO: 		Left MR: 157.4 Rel MR: 0.0 Right MR: 122.0
2017-04-11 22:35:15,813 INFO: 	(ranking took 220.62 seconds)
2017-04-11 22:35:51,710 INFO: ----------------------------------------------------------------------------
2017-04-11 22:35:51,710 INFO: EPOCH 51 (35.897 seconds):
2017-04-11 22:35:51,711 INFO: 	Average L2 norm of relation vector: 0.14302
2017-04-11 22:35:51,712 INFO: 	COST >> 0.18 +/- 0.007, % updates Left: 6.66%  Right: 5.85%
2017-04-11 22:36:25,282 INFO: ----------------------------------------------------------------------------
2017-04-11 22:36:25,282 INFO: EPOCH 52 (33.57 seconds):
2017-04-11 22:36:25,283 INFO: 	Average L2 norm of relation vector: 0.14296
2017-04-11 22:36:25,284 INFO: 	COST >> 0.185 +/- 0.013, % updates Left: 6.77%  Right: 5.99%
2017-04-11 22:36:58,883 INFO: ----------------------------------------------------------------------------
2017-04-11 22:36:58,883 INFO: EPOCH 53 (33.599 seconds):
2017-04-11 22:36:58,884 INFO: 	Average L2 norm of relation vector: 0.14292
2017-04-11 22:36:58,884 INFO: 	COST >> 0.182 +/- 0.007, % updates Left: 6.72%  Right: 5.93%
2017-04-11 22:37:32,162 INFO: ----------------------------------------------------------------------------
2017-04-11 22:37:32,163 INFO: EPOCH 54 (33.278 seconds):
2017-04-11 22:37:32,163 INFO: 	Average L2 norm of relation vector: 0.14284
2017-04-11 22:37:32,164 INFO: 	COST >> 0.176 +/- 0.006, % updates Left: 6.41%  Right: 5.69%
2017-04-11 22:38:06,050 INFO: ----------------------------------------------------------------------------
2017-04-11 22:38:06,051 INFO: EPOCH 55 (33.887 seconds):
2017-04-11 22:38:06,052 INFO: 	Average L2 norm of relation vector: 0.14276
2017-04-11 22:38:06,053 INFO: 	COST >> 0.175 +/- 0.01, % updates Left: 6.32%  Right: 5.71%
2017-04-11 22:38:42,638 INFO: ----------------------------------------------------------------------------
2017-04-11 22:38:42,638 INFO: EPOCH 56 (36.585 seconds):
2017-04-11 22:38:42,639 INFO: 	Average L2 norm of relation vector: 0.14293
2017-04-11 22:38:42,640 INFO: 	COST >> 0.205 +/- 0.011, % updates Left: 7.14%  Right: 7.03%
2017-04-11 22:39:19,176 INFO: ----------------------------------------------------------------------------
2017-04-11 22:39:19,176 INFO: EPOCH 57 (36.536 seconds):
2017-04-11 22:39:19,177 INFO: 	Average L2 norm of relation vector: 0.14299
2017-04-11 22:39:19,178 INFO: 	COST >> 0.189 +/- 0.011, % updates Left: 6.86%  Right: 6.4%
2017-04-11 22:39:55,831 INFO: ----------------------------------------------------------------------------
2017-04-11 22:39:55,831 INFO: EPOCH 58 (36.653 seconds):
2017-04-11 22:39:55,832 INFO: 	Average L2 norm of relation vector: 0.1429
2017-04-11 22:39:55,833 INFO: 	COST >> 0.173 +/- 0.006, % updates Left: 6.29%  Right: 5.57%
2017-04-11 22:40:31,956 INFO: ----------------------------------------------------------------------------
2017-04-11 22:40:31,956 INFO: EPOCH 59 (36.123 seconds):
2017-04-11 22:40:31,958 INFO: 	Average L2 norm of relation vector: 0.14275
2017-04-11 22:40:31,959 INFO: 	COST >> 0.171 +/- 0.006, % updates Left: 6.12%  Right: 5.47%
2017-04-11 22:41:06,913 INFO: ----------------------------------------------------------------------------
2017-04-11 22:41:06,914 INFO: EPOCH 60 (34.954 seconds):
2017-04-11 22:41:06,914 INFO: 	Average L2 norm of relation vector: 0.1426
2017-04-11 22:41:06,915 INFO: 	COST >> 0.168 +/- 0.006, % updates Left: 6.0%  Right: 5.38%
2017-04-11 22:41:06,915 INFO: 	FilteredRanking: evaluating rank on 1000 triples
2017-04-11 22:42:18,439 INFO: 	FilteredRanking: evaluating rank on 1000 triples
2017-04-11 22:43:30,510 INFO: 	MEAN RANK >> valid: 125.5, train: 76.6
2017-04-11 22:43:30,511 INFO: 		MEAN RANK TRAIN: Left: 86.9 Rel: 0.0 Right: 66.3
2017-04-11 22:43:30,511 INFO: 		MEAN RANK VALID: Left: 149.0 Rel: 0.0 Right: 102.1
2017-04-11 22:43:30,511 INFO: 		MEAN RECIPROCAL RANK VALID (L & R): 0.185
2017-04-11 22:43:30,512 INFO: 	FilteredRanking: evaluating rank on 1000 triples
2017-04-11 22:44:46,764 INFO: 	NEW BEST TEST MR: 118.2
2017-04-11 22:44:46,765 INFO: 		Left MR: 141.0 Rel MR: 0.0 Right MR: 95.4
2017-04-11 22:44:46,835 INFO: 	(ranking took 219.92 seconds)
2017-04-11 22:45:24,323 INFO: ----------------------------------------------------------------------------
2017-04-11 22:45:24,323 INFO: EPOCH 61 (37.488 seconds):
2017-04-11 22:45:24,325 INFO: 	Average L2 norm of relation vector: 0.14245
2017-04-11 22:45:24,325 INFO: 	COST >> 0.179 +/- 0.017, % updates Left: 6.31%  Right: 5.63%
2017-04-11 22:46:00,753 INFO: ----------------------------------------------------------------------------
2017-04-11 22:46:00,753 INFO: EPOCH 62 (36.428 seconds):
2017-04-11 22:46:00,754 INFO: 	Average L2 norm of relation vector: 0.14235
2017-04-11 22:46:00,755 INFO: 	COST >> 0.176 +/- 0.011, % updates Left: 6.4%  Right: 5.66%
2017-04-11 22:46:35,988 INFO: ----------------------------------------------------------------------------
2017-04-11 22:46:35,988 INFO: EPOCH 63 (35.233 seconds):
2017-04-11 22:46:35,989 INFO: 	Average L2 norm of relation vector: 0.14225
2017-04-11 22:46:35,989 INFO: 	COST >> 0.174 +/- 0.009, % updates Left: 6.31%  Right: 5.55%
2017-04-11 22:47:11,039 INFO: ----------------------------------------------------------------------------
2017-04-11 22:47:11,040 INFO: EPOCH 64 (35.05 seconds):
2017-04-11 22:47:11,041 INFO: 	Average L2 norm of relation vector: 0.14212
2017-04-11 22:47:11,041 INFO: 	COST >> 0.166 +/- 0.006, % updates Left: 5.93%  Right: 5.32%
2017-04-11 22:47:45,449 INFO: ----------------------------------------------------------------------------
2017-04-11 22:47:45,449 INFO: EPOCH 65 (34.408 seconds):
2017-04-11 22:47:45,451 INFO: 	Average L2 norm of relation vector: 0.14197
2017-04-11 22:47:45,451 INFO: 	COST >> 0.165 +/- 0.005, % updates Left: 5.94%  Right: 5.23%
2017-04-11 22:48:21,607 INFO: ----------------------------------------------------------------------------
2017-04-11 22:48:21,607 INFO: EPOCH 66 (36.156 seconds):
2017-04-11 22:48:21,608 INFO: 	Average L2 norm of relation vector: 0.14182
2017-04-11 22:48:21,609 INFO: 	COST >> 0.163 +/- 0.006, % updates Left: 5.82%  Right: 5.16%
2017-04-11 22:48:57,257 INFO: ----------------------------------------------------------------------------
2017-04-11 22:48:57,257 INFO: EPOCH 67 (35.649 seconds):
2017-04-11 22:48:57,258 INFO: 	Average L2 norm of relation vector: 0.14166
2017-04-11 22:48:57,259 INFO: 	COST >> 0.162 +/- 0.006, % updates Left: 5.78%  Right: 5.13%
2017-04-11 22:49:32,214 INFO: ----------------------------------------------------------------------------
2017-04-11 22:49:32,214 INFO: EPOCH 68 (34.955 seconds):
2017-04-11 22:49:32,216 INFO: 	Average L2 norm of relation vector: 0.14149
2017-04-11 22:49:32,216 INFO: 	COST >> 0.161 +/- 0.006, % updates Left: 5.73%  Right: 5.08%
2017-04-11 22:50:08,082 INFO: ----------------------------------------------------------------------------
2017-04-11 22:50:08,082 INFO: EPOCH 69 (35.865 seconds):
2017-04-11 22:50:08,083 INFO: 	Average L2 norm of relation vector: 0.14131
2017-04-11 22:50:08,083 INFO: 	COST >> 0.16 +/- 0.006, % updates Left: 5.72%  Right: 5.05%
2017-04-11 22:50:41,980 INFO: ----------------------------------------------------------------------------
2017-04-11 22:50:41,981 INFO: EPOCH 70 (33.897 seconds):
2017-04-11 22:50:41,983 INFO: 	Average L2 norm of relation vector: 0.14113
2017-04-11 22:50:41,983 INFO: 	COST >> 0.16 +/- 0.006, % updates Left: 5.74%  Right: 5.01%
2017-04-11 22:50:41,984 INFO: 	FilteredRanking: evaluating rank on 1000 triples
2017-04-11 22:51:52,590 INFO: 	FilteredRanking: evaluating rank on 1000 triples
2017-04-11 22:53:05,610 INFO: 	MEAN RANK >> valid: 110.3, train: 62.7
2017-04-11 22:53:05,611 INFO: 		MEAN RANK TRAIN: Left: 62.4 Rel: 0.0 Right: 62.9
2017-04-11 22:53:05,612 INFO: 		MEAN RANK VALID: Left: 127.4 Rel: 0.0 Right: 93.3
2017-04-11 22:53:05,612 INFO: 		MEAN RECIPROCAL RANK VALID (L & R): 0.181
2017-04-11 22:53:05,612 WARNING: 	WARNING, failed to improve MRR on valid, 2 chances left

2017-04-11 22:53:05,697 INFO: 	(ranking took 143.713 seconds)
2017-04-11 22:53:41,083 INFO: ----------------------------------------------------------------------------
2017-04-11 22:53:41,084 INFO: EPOCH 71 (35.387 seconds):
2017-04-11 22:53:41,084 INFO: 	Average L2 norm of relation vector: 0.14096
2017-04-11 22:53:41,085 INFO: 	COST >> 0.159 +/- 0.006, % updates Left: 5.68%  Right: 4.97%
2017-04-11 22:54:18,841 INFO: ----------------------------------------------------------------------------
2017-04-11 22:54:18,841 INFO: EPOCH 72 (37.756 seconds):
2017-04-11 22:54:18,842 INFO: 	Average L2 norm of relation vector: 0.14078
2017-04-11 22:54:18,843 INFO: 	COST >> 0.156 +/- 0.006, % updates Left: 5.56%  Right: 4.9%
2017-04-11 22:54:56,215 INFO: ----------------------------------------------------------------------------
2017-04-11 22:54:56,216 INFO: EPOCH 73 (37.372 seconds):
2017-04-11 22:54:56,217 INFO: 	Average L2 norm of relation vector: 0.14059
2017-04-11 22:54:56,217 INFO: 	COST >> 0.156 +/- 0.006, % updates Left: 5.54%  Right: 4.94%
2017-04-11 22:55:33,896 INFO: ----------------------------------------------------------------------------
2017-04-11 22:55:33,896 INFO: EPOCH 74 (37.679 seconds):
2017-04-11 22:55:33,898 INFO: 	Average L2 norm of relation vector: 0.14042
2017-04-11 22:55:33,898 INFO: 	COST >> 0.156 +/- 0.007, % updates Left: 5.59%  Right: 4.93%
2017-04-11 22:56:10,751 INFO: ----------------------------------------------------------------------------
2017-04-11 22:56:10,751 INFO: EPOCH 75 (36.853 seconds):
2017-04-11 22:56:10,752 INFO: 	Average L2 norm of relation vector: 0.14028
2017-04-11 22:56:10,753 INFO: 	COST >> 0.168 +/- 0.009, % updates Left: 5.95%  Right: 5.34%
2017-04-11 22:56:47,065 INFO: ----------------------------------------------------------------------------
2017-04-11 22:56:47,066 INFO: EPOCH 76 (36.313 seconds):
2017-04-11 22:56:47,067 INFO: 	Average L2 norm of relation vector: 0.1401
2017-04-11 22:56:47,068 INFO: 	COST >> 0.155 +/- 0.006, % updates Left: 5.58%  Right: 4.91%
2017-04-11 22:57:20,227 INFO: ----------------------------------------------------------------------------
2017-04-11 22:57:20,228 INFO: EPOCH 77 (33.16 seconds):
2017-04-11 22:57:20,230 INFO: 	Average L2 norm of relation vector: 0.13991
2017-04-11 22:57:20,231 INFO: 	COST >> 0.155 +/- 0.005, % updates Left: 5.56%  Right: 4.93%
2017-04-11 22:57:57,402 INFO: ----------------------------------------------------------------------------
2017-04-11 22:57:57,402 INFO: EPOCH 78 (37.171 seconds):
2017-04-11 22:57:57,404 INFO: 	Average L2 norm of relation vector: 0.13974
2017-04-11 22:57:57,404 INFO: 	COST >> 0.154 +/- 0.005, % updates Left: 5.5%  Right: 4.91%
2017-04-11 22:58:34,386 INFO: ----------------------------------------------------------------------------
2017-04-11 22:58:34,386 INFO: EPOCH 79 (36.981 seconds):
2017-04-11 22:58:34,387 INFO: 	Average L2 norm of relation vector: 0.13954
2017-04-11 22:58:34,388 INFO: 	COST >> 0.152 +/- 0.006, % updates Left: 5.41%  Right: 4.8%
2017-04-11 22:59:11,481 INFO: ----------------------------------------------------------------------------
2017-04-11 22:59:11,482 INFO: EPOCH 80 (37.094 seconds):
2017-04-11 22:59:11,483 INFO: 	Average L2 norm of relation vector: 0.13936
2017-04-11 22:59:11,483 INFO: 	COST >> 0.151 +/- 0.006, % updates Left: 5.42%  Right: 4.8%
2017-04-11 22:59:11,483 INFO: 	FilteredRanking: evaluating rank on 1000 triples
2017-04-11 23:00:24,222 INFO: 	FilteredRanking: evaluating rank on 1000 triples
2017-04-11 23:01:36,887 INFO: 	MEAN RANK >> valid: 99.7, train: 59.9
2017-04-11 23:01:36,888 INFO: 		MEAN RANK TRAIN: Left: 60.5 Rel: 0.0 Right: 59.2
2017-04-11 23:01:36,888 INFO: 		MEAN RANK VALID: Left: 118.2 Rel: 0.0 Right: 81.3
2017-04-11 23:01:36,888 INFO: 		MEAN RECIPROCAL RANK VALID (L & R): 0.185
2017-04-11 23:01:36,888 WARNING: 	WARNING, failed to improve MRR on valid, 1 chances left

2017-04-11 23:01:36,958 INFO: 	(ranking took 145.474 seconds)
2017-04-11 23:02:11,779 INFO: ----------------------------------------------------------------------------
2017-04-11 23:02:11,779 INFO: EPOCH 81 (34.821 seconds):
2017-04-11 23:02:11,780 INFO: 	Average L2 norm of relation vector: 0.13918
2017-04-11 23:02:11,780 INFO: 	COST >> 0.151 +/- 0.006, % updates Left: 5.36%  Right: 4.77%
2017-04-11 23:02:45,328 INFO: ----------------------------------------------------------------------------
2017-04-11 23:02:45,328 INFO: EPOCH 82 (33.547 seconds):
2017-04-11 23:02:45,329 INFO: 	Average L2 norm of relation vector: 0.139
2017-04-11 23:02:45,330 INFO: 	COST >> 0.15 +/- 0.007, % updates Left: 5.34%  Right: 4.79%
2017-04-11 23:03:19,224 INFO: ----------------------------------------------------------------------------
2017-04-11 23:03:19,224 INFO: EPOCH 83 (33.894 seconds):
2017-04-11 23:03:19,226 INFO: 	Average L2 norm of relation vector: 0.13883
2017-04-11 23:03:19,227 INFO: 	COST >> 0.15 +/- 0.005, % updates Left: 5.34%  Right: 4.76%
2017-04-11 23:03:55,802 INFO: ----------------------------------------------------------------------------
2017-04-11 23:03:55,802 INFO: EPOCH 84 (36.575 seconds):
2017-04-11 23:03:55,803 INFO: 	Average L2 norm of relation vector: 0.13866
2017-04-11 23:03:55,804 INFO: 	COST >> 0.149 +/- 0.006, % updates Left: 5.35%  Right: 4.71%
2017-04-11 23:04:31,662 INFO: ----------------------------------------------------------------------------
2017-04-11 23:04:31,663 INFO: EPOCH 85 (35.859 seconds):
2017-04-11 23:04:31,664 INFO: 	Average L2 norm of relation vector: 0.13847
2017-04-11 23:04:31,664 INFO: 	COST >> 0.148 +/- 0.005, % updates Left: 5.29%  Right: 4.67%
2017-04-11 23:05:08,423 INFO: ----------------------------------------------------------------------------
2017-04-11 23:05:08,424 INFO: EPOCH 86 (36.759 seconds):
2017-04-11 23:05:08,426 INFO: 	Average L2 norm of relation vector: 0.13842
2017-04-11 23:05:08,426 INFO: 	COST >> 0.166 +/- 0.019, % updates Left: 5.75%  Right: 5.51%
2017-04-11 23:05:43,653 INFO: ----------------------------------------------------------------------------
2017-04-11 23:05:43,653 INFO: EPOCH 87 (35.226 seconds):
2017-04-11 23:05:43,654 INFO: 	Average L2 norm of relation vector: 0.13856
2017-04-11 23:05:43,655 INFO: 	COST >> 0.176 +/- 0.009, % updates Left: 6.23%  Right: 6.17%
2017-04-11 23:06:19,397 INFO: ----------------------------------------------------------------------------
2017-04-11 23:06:19,398 INFO: EPOCH 88 (35.743 seconds):
2017-04-11 23:06:19,399 INFO: 	Average L2 norm of relation vector: 0.13846
2017-04-11 23:06:19,399 INFO: 	COST >> 0.153 +/- 0.008, % updates Left: 5.56%  Right: 5.04%
2017-04-11 23:06:54,652 INFO: ----------------------------------------------------------------------------
2017-04-11 23:06:54,653 INFO: EPOCH 89 (35.253 seconds):
2017-04-11 23:06:54,654 INFO: 	Average L2 norm of relation vector: 0.13829
2017-04-11 23:06:54,654 INFO: 	COST >> 0.149 +/- 0.006, % updates Left: 5.39%  Right: 4.75%
2017-04-11 23:07:29,880 INFO: ----------------------------------------------------------------------------
2017-04-11 23:07:29,881 INFO: EPOCH 90 (35.226 seconds):
2017-04-11 23:07:29,882 INFO: 	Average L2 norm of relation vector: 0.13811
2017-04-11 23:07:29,882 INFO: 	COST >> 0.147 +/- 0.005, % updates Left: 5.23%  Right: 4.72%
2017-04-11 23:07:29,882 INFO: 	FilteredRanking: evaluating rank on 1000 triples
2017-04-11 23:08:42,006 INFO: 	FilteredRanking: evaluating rank on 1000 triples
2017-04-11 23:09:47,864 INFO: 	MEAN RANK >> valid: 112.6, train: 55.5
2017-04-11 23:09:47,864 INFO: 		MEAN RANK TRAIN: Left: 56.8 Rel: 0.0 Right: 54.3
2017-04-11 23:09:47,865 INFO: 		MEAN RANK VALID: Left: 133.7 Rel: 0.0 Right: 91.5
2017-04-11 23:09:47,865 INFO: 		MEAN RECIPROCAL RANK VALID (L & R): 0.2095
2017-04-11 23:09:47,865 INFO: 	FilteredRanking: evaluating rank on 1000 triples
2017-04-11 23:10:55,492 INFO: 	NEW BEST TEST MR: 94.7
2017-04-11 23:10:55,493 INFO: 		Left MR: 98.9 Rel MR: 0.0 Right MR: 90.5
2017-04-11 23:10:55,554 INFO: 	(ranking took 205.672 seconds)
2017-04-11 23:11:30,515 INFO: ----------------------------------------------------------------------------
2017-04-11 23:11:30,516 INFO: EPOCH 91 (34.961 seconds):
2017-04-11 23:11:30,517 INFO: 	Average L2 norm of relation vector: 0.13793
2017-04-11 23:11:30,517 INFO: 	COST >> 0.147 +/- 0.005, % updates Left: 5.25%  Right: 4.62%
2017-04-11 23:12:04,898 INFO: ----------------------------------------------------------------------------
2017-04-11 23:12:04,898 INFO: EPOCH 92 (34.38 seconds):
2017-04-11 23:12:04,899 INFO: 	Average L2 norm of relation vector: 0.13778
2017-04-11 23:12:04,899 INFO: 	COST >> 0.145 +/- 0.005, % updates Left: 5.24%  Right: 4.63%
2017-04-11 23:12:40,786 INFO: ----------------------------------------------------------------------------
2017-04-11 23:12:40,786 INFO: EPOCH 93 (35.887 seconds):
2017-04-11 23:12:40,788 INFO: 	Average L2 norm of relation vector: 0.13759
2017-04-11 23:12:40,788 INFO: 	COST >> 0.145 +/- 0.005, % updates Left: 5.18%  Right: 4.61%
2017-04-11 23:13:16,738 INFO: ----------------------------------------------------------------------------
2017-04-11 23:13:16,738 INFO: EPOCH 94 (35.949 seconds):
2017-04-11 23:13:16,740 INFO: 	Average L2 norm of relation vector: 0.13738
2017-04-11 23:13:16,740 INFO: 	COST >> 0.143 +/- 0.006, % updates Left: 5.08%  Right: 4.6%
2017-04-11 23:13:50,998 INFO: ----------------------------------------------------------------------------
2017-04-11 23:13:50,998 INFO: EPOCH 95 (34.258 seconds):
2017-04-11 23:13:51,000 INFO: 	Average L2 norm of relation vector: 0.13719
2017-04-11 23:13:51,000 INFO: 	COST >> 0.144 +/- 0.005, % updates Left: 5.13%  Right: 4.52%
2017-04-11 23:14:23,644 INFO: ----------------------------------------------------------------------------
2017-04-11 23:14:23,645 INFO: EPOCH 96 (32.644 seconds):
2017-04-11 23:14:23,646 INFO: 	Average L2 norm of relation vector: 0.137
2017-04-11 23:14:23,647 INFO: 	COST >> 0.142 +/- 0.006, % updates Left: 5.07%  Right: 4.52%
2017-04-11 23:14:57,555 INFO: ----------------------------------------------------------------------------
2017-04-11 23:14:57,556 INFO: EPOCH 97 (33.909 seconds):
2017-04-11 23:14:57,557 INFO: 	Average L2 norm of relation vector: 0.1368
2017-04-11 23:14:57,557 INFO: 	COST >> 0.142 +/- 0.005, % updates Left: 5.08%  Right: 4.5%
2017-04-11 23:15:29,981 INFO: ----------------------------------------------------------------------------
2017-04-11 23:15:29,981 INFO: EPOCH 98 (32.424 seconds):
2017-04-11 23:15:29,983 INFO: 	Average L2 norm of relation vector: 0.13665
2017-04-11 23:15:29,983 INFO: 	COST >> 0.157 +/- 0.015, % updates Left: 5.47%  Right: 4.99%
2017-04-11 23:16:02,722 INFO: ----------------------------------------------------------------------------
2017-04-11 23:16:02,723 INFO: EPOCH 99 (32.739 seconds):
2017-04-11 23:16:02,724 INFO: 	Average L2 norm of relation vector: 0.13652
2017-04-11 23:16:02,724 INFO: 	COST >> 0.149 +/- 0.007, % updates Left: 5.43%  Right: 4.78%
2017-04-11 23:16:35,606 INFO: ----------------------------------------------------------------------------
2017-04-11 23:16:35,606 INFO: EPOCH 100 (32.882 seconds):
2017-04-11 23:16:35,607 INFO: 	Average L2 norm of relation vector: 0.13639
2017-04-11 23:16:35,607 INFO: 	COST >> 0.143 +/- 0.005, % updates Left: 5.18%  Right: 4.63%
2017-04-11 23:16:35,608 INFO: 	FilteredRanking: evaluating rank on 1000 triples
2017-04-11 23:17:41,965 INFO: 	FilteredRanking: evaluating rank on 1000 triples
2017-04-11 23:18:46,892 INFO: 	MEAN RANK >> valid: 103.3, train: 55.0
2017-04-11 23:18:46,892 INFO: 		MEAN RANK TRAIN: Left: 57.5 Rel: 0.0 Right: 52.5
2017-04-11 23:18:46,893 INFO: 		MEAN RANK VALID: Left: 121.8 Rel: 0.0 Right: 84.8
2017-04-11 23:18:46,893 INFO: 		MEAN RECIPROCAL RANK VALID (L & R): 0.2085
2017-04-11 23:18:46,893 WARNING: 	WARNING, failed to improve MRR on valid, 2 chances left

2017-04-11 23:18:46,964 INFO: 	(ranking took 131.356 seconds)
2017-04-11 23:19:17,504 INFO: ----------------------------------------------------------------------------
2017-04-11 23:19:17,504 INFO: EPOCH 101 (30.54 seconds):
2017-04-11 23:19:17,505 INFO: 	Average L2 norm of relation vector: 0.1362
2017-04-11 23:19:17,505 INFO: 	COST >> 0.142 +/- 0.005, % updates Left: 5.08%  Right: 4.53%
2017-04-11 23:19:50,625 INFO: ----------------------------------------------------------------------------
2017-04-11 23:19:50,626 INFO: EPOCH 102 (33.12 seconds):
2017-04-11 23:19:50,627 INFO: 	Average L2 norm of relation vector: 0.13605
2017-04-11 23:19:50,627 INFO: 	COST >> 0.142 +/- 0.005, % updates Left: 5.15%  Right: 4.56%
2017-04-11 23:20:23,280 INFO: ----------------------------------------------------------------------------
2017-04-11 23:20:23,280 INFO: EPOCH 103 (32.653 seconds):
2017-04-11 23:20:23,282 INFO: 	Average L2 norm of relation vector: 0.13588
2017-04-11 23:20:23,282 INFO: 	COST >> 0.14 +/- 0.005, % updates Left: 5.05%  Right: 4.52%
2017-04-11 23:20:56,371 INFO: ----------------------------------------------------------------------------
2017-04-11 23:20:56,372 INFO: EPOCH 104 (33.089 seconds):
2017-04-11 23:20:56,373 INFO: 	Average L2 norm of relation vector: 0.1357
2017-04-11 23:20:56,374 INFO: 	COST >> 0.139 +/- 0.006, % updates Left: 5.02%  Right: 4.44%
2017-04-11 23:21:29,140 INFO: ----------------------------------------------------------------------------
2017-04-11 23:21:29,140 INFO: EPOCH 105 (32.767 seconds):
2017-04-11 23:21:29,142 INFO: 	Average L2 norm of relation vector: 0.1355
2017-04-11 23:21:29,142 INFO: 	COST >> 0.157 +/- 0.032, % updates Left: 5.4%  Right: 4.76%
2017-04-11 23:22:03,716 INFO: ----------------------------------------------------------------------------
2017-04-11 23:22:03,716 INFO: EPOCH 106 (34.574 seconds):
2017-04-11 23:22:03,717 INFO: 	Average L2 norm of relation vector: 0.13548
2017-04-11 23:22:03,718 INFO: 	COST >> 0.18 +/- 0.019, % updates Left: 6.37%  Right: 5.77%
2017-04-11 23:22:38,242 INFO: ----------------------------------------------------------------------------
2017-04-11 23:22:38,242 INFO: EPOCH 107 (34.524 seconds):
2017-04-11 23:22:38,244 INFO: 	Average L2 norm of relation vector: 0.1355
2017-04-11 23:22:38,244 INFO: 	COST >> 0.155 +/- 0.011, % updates Left: 5.83%  Right: 5.28%
2017-04-11 23:23:11,574 INFO: ----------------------------------------------------------------------------
2017-04-11 23:23:11,574 INFO: EPOCH 108 (33.33 seconds):
2017-04-11 23:23:11,575 INFO: 	Average L2 norm of relation vector: 0.1354
2017-04-11 23:23:11,576 INFO: 	COST >> 0.143 +/- 0.005, % updates Left: 5.35%  Right: 4.71%
2017-04-11 23:23:44,864 INFO: ----------------------------------------------------------------------------
2017-04-11 23:23:44,864 INFO: EPOCH 109 (33.288 seconds):
2017-04-11 23:23:44,865 INFO: 	Average L2 norm of relation vector: 0.13527
2017-04-11 23:23:44,865 INFO: 	COST >> 0.141 +/- 0.006, % updates Left: 5.23%  Right: 4.59%
2017-04-11 23:24:18,366 INFO: ----------------------------------------------------------------------------
2017-04-11 23:24:18,366 INFO: EPOCH 110 (33.501 seconds):
2017-04-11 23:24:18,368 INFO: 	Average L2 norm of relation vector: 0.13513
2017-04-11 23:24:18,368 INFO: 	COST >> 0.141 +/- 0.006, % updates Left: 5.15%  Right: 4.54%
2017-04-11 23:24:18,368 INFO: 	FilteredRanking: evaluating rank on 1000 triples
2017-04-11 23:25:25,180 INFO: 	FilteredRanking: evaluating rank on 1000 triples
2017-04-11 23:26:31,010 INFO: 	MEAN RANK >> valid: 101.4, train: 45.7
2017-04-11 23:26:31,011 INFO: 		MEAN RANK TRAIN: Left: 49.3 Rel: 0.0 Right: 42.2
2017-04-11 23:26:31,011 INFO: 		MEAN RANK VALID: Left: 124.4 Rel: 0.0 Right: 78.5
2017-04-11 23:26:31,011 INFO: 		MEAN RECIPROCAL RANK VALID (L & R): 0.199
2017-04-11 23:26:31,011 WARNING: 	WARNING, failed to improve MRR on valid, 1 chances left

2017-04-11 23:26:31,075 INFO: 	(ranking took 132.706 seconds)
2017-04-11 23:27:02,533 INFO: ----------------------------------------------------------------------------
2017-04-11 23:27:02,533 INFO: EPOCH 111 (31.458 seconds):
2017-04-11 23:27:02,534 INFO: 	Average L2 norm of relation vector: 0.13498
2017-04-11 23:27:02,535 INFO: 	COST >> 0.139 +/- 0.006, % updates Left: 5.04%  Right: 4.45%
2017-04-11 23:27:33,313 INFO: ----------------------------------------------------------------------------
2017-04-11 23:27:33,313 INFO: EPOCH 112 (30.778 seconds):
2017-04-11 23:27:33,314 INFO: 	Average L2 norm of relation vector: 0.13482
2017-04-11 23:27:33,314 INFO: 	COST >> 0.137 +/- 0.005, % updates Left: 5.03%  Right: 4.39%
2017-04-11 23:28:04,216 INFO: ----------------------------------------------------------------------------
2017-04-11 23:28:04,216 INFO: EPOCH 113 (30.901 seconds):
2017-04-11 23:28:04,217 INFO: 	Average L2 norm of relation vector: 0.13465
2017-04-11 23:28:04,217 INFO: 	COST >> 0.137 +/- 0.005, % updates Left: 4.98%  Right: 4.35%
2017-04-11 23:28:36,820 INFO: ----------------------------------------------------------------------------
2017-04-11 23:28:36,820 INFO: EPOCH 114 (32.603 seconds):
2017-04-11 23:28:36,821 INFO: 	Average L2 norm of relation vector: 0.13448
2017-04-11 23:28:36,821 INFO: 	COST >> 0.137 +/- 0.005, % updates Left: 4.9%  Right: 4.38%
2017-04-11 23:29:06,967 INFO: ----------------------------------------------------------------------------
2017-04-11 23:29:06,967 INFO: EPOCH 115 (30.146 seconds):
2017-04-11 23:29:06,970 INFO: 	Average L2 norm of relation vector: 0.13431
2017-04-11 23:29:06,971 INFO: 	COST >> 0.135 +/- 0.005, % updates Left: 4.91%  Right: 4.31%
2017-04-11 23:29:36,543 INFO: ----------------------------------------------------------------------------
2017-04-11 23:29:36,543 INFO: EPOCH 116 (29.572 seconds):
2017-04-11 23:29:36,544 INFO: 	Average L2 norm of relation vector: 0.13413
2017-04-11 23:29:36,544 INFO: 	COST >> 0.135 +/- 0.005, % updates Left: 4.89%  Right: 4.31%
2017-04-11 23:30:05,245 INFO: ----------------------------------------------------------------------------
2017-04-11 23:30:05,245 INFO: EPOCH 117 (28.701 seconds):
2017-04-11 23:30:05,246 INFO: 	Average L2 norm of relation vector: 0.13396
2017-04-11 23:30:05,247 INFO: 	COST >> 0.136 +/- 0.005, % updates Left: 4.86%  Right: 4.38%
2017-04-11 23:30:33,481 INFO: ----------------------------------------------------------------------------
2017-04-11 23:30:33,481 INFO: EPOCH 118 (28.234 seconds):
2017-04-11 23:30:33,482 INFO: 	Average L2 norm of relation vector: 0.1338
2017-04-11 23:30:33,482 INFO: 	COST >> 0.144 +/- 0.015, % updates Left: 5.11%  Right: 4.59%
2017-04-11 23:31:01,910 INFO: ----------------------------------------------------------------------------
2017-04-11 23:31:01,910 INFO: EPOCH 119 (28.427 seconds):
2017-04-11 23:31:01,911 INFO: 	Average L2 norm of relation vector: 0.13368
2017-04-11 23:31:01,911 INFO: 	COST >> 0.142 +/- 0.007, % updates Left: 5.15%  Right: 4.62%
2017-04-11 23:31:30,302 INFO: ----------------------------------------------------------------------------
2017-04-11 23:31:30,302 INFO: EPOCH 120 (28.39 seconds):
2017-04-11 23:31:30,303 INFO: 	Average L2 norm of relation vector: 0.13355
2017-04-11 23:31:30,303 INFO: 	COST >> 0.136 +/- 0.005, % updates Left: 4.98%  Right: 4.39%
2017-04-11 23:31:30,304 INFO: 	FilteredRanking: evaluating rank on 1000 triples
2017-04-11 23:32:32,986 INFO: 	FilteredRanking: evaluating rank on 1000 triples
2017-04-11 23:33:36,118 INFO: 	MEAN RANK >> valid: 81.0, train: 48.2
2017-04-11 23:33:36,119 INFO: 		MEAN RANK TRAIN: Left: 45.9 Rel: 0.0 Right: 50.4
2017-04-11 23:33:36,119 INFO: 		MEAN RANK VALID: Left: 93.6 Rel: 0.0 Right: 68.3
2017-04-11 23:33:36,119 INFO: 		MEAN RECIPROCAL RANK VALID (L & R): 0.206
2017-04-11 23:33:36,119 WARNING: 	WARNING, failed to improve MRR on valid, 0 chances left

2017-04-11 23:33:36,179 INFO: 	(ranking took 125.876 seconds)
2017-04-11 23:34:05,400 INFO: ----------------------------------------------------------------------------
2017-04-11 23:34:05,401 INFO: EPOCH 121 (29.221 seconds):
2017-04-11 23:34:05,402 INFO: 	Average L2 norm of relation vector: 0.13341
2017-04-11 23:34:05,402 INFO: 	COST >> 0.135 +/- 0.005, % updates Left: 4.92%  Right: 4.37%
2017-04-11 23:34:33,873 INFO: ----------------------------------------------------------------------------
2017-04-11 23:34:33,873 INFO: EPOCH 122 (28.471 seconds):
2017-04-11 23:34:33,874 INFO: 	Average L2 norm of relation vector: 0.13326
2017-04-11 23:34:33,875 INFO: 	COST >> 0.135 +/- 0.005, % updates Left: 4.88%  Right: 4.39%
2017-04-11 23:35:02,815 INFO: ----------------------------------------------------------------------------
2017-04-11 23:35:02,815 INFO: EPOCH 123 (28.94 seconds):
2017-04-11 23:35:02,816 INFO: 	Average L2 norm of relation vector: 0.13311
2017-04-11 23:35:02,816 INFO: 	COST >> 0.133 +/- 0.005, % updates Left: 4.88%  Right: 4.26%
2017-04-11 23:35:33,816 INFO: ----------------------------------------------------------------------------
2017-04-11 23:35:33,816 INFO: EPOCH 124 (31.0 seconds):
2017-04-11 23:35:33,817 INFO: 	Average L2 norm of relation vector: 0.13296
2017-04-11 23:35:33,818 INFO: 	COST >> 0.133 +/- 0.005, % updates Left: 4.85%  Right: 4.29%
2017-04-11 23:36:05,601 INFO: ----------------------------------------------------------------------------
2017-04-11 23:36:05,601 INFO: EPOCH 125 (31.783 seconds):
2017-04-11 23:36:05,602 INFO: 	Average L2 norm of relation vector: 0.13281
2017-04-11 23:36:05,602 INFO: 	COST >> 0.133 +/- 0.005, % updates Left: 4.82%  Right: 4.23%
2017-04-11 23:36:37,497 INFO: ----------------------------------------------------------------------------
2017-04-11 23:36:37,498 INFO: EPOCH 126 (31.895 seconds):
2017-04-11 23:36:37,499 INFO: 	Average L2 norm of relation vector: 0.13264
2017-04-11 23:36:37,499 INFO: 	COST >> 0.133 +/- 0.005, % updates Left: 4.8%  Right: 4.26%
2017-04-11 23:37:09,072 INFO: ----------------------------------------------------------------------------
2017-04-11 23:37:09,072 INFO: EPOCH 127 (31.573 seconds):
2017-04-11 23:37:09,073 INFO: 	Average L2 norm of relation vector: 0.1325
2017-04-11 23:37:09,073 INFO: 	COST >> 0.132 +/- 0.005, % updates Left: 4.81%  Right: 4.27%
2017-04-11 23:37:41,101 INFO: ----------------------------------------------------------------------------
2017-04-11 23:37:41,101 INFO: EPOCH 128 (32.028 seconds):
2017-04-11 23:37:41,102 INFO: 	Average L2 norm of relation vector: 0.13234
2017-04-11 23:37:41,102 INFO: 	COST >> 0.131 +/- 0.005, % updates Left: 4.76%  Right: 4.2%
2017-04-11 23:38:12,754 INFO: ----------------------------------------------------------------------------
2017-04-11 23:38:12,755 INFO: EPOCH 129 (31.652 seconds):
2017-04-11 23:38:12,756 INFO: 	Average L2 norm of relation vector: 0.1322
2017-04-11 23:38:12,756 INFO: 	COST >> 0.131 +/- 0.006, % updates Left: 4.76%  Right: 4.25%
2017-04-11 23:38:43,796 INFO: ----------------------------------------------------------------------------
2017-04-11 23:38:43,797 INFO: EPOCH 130 (31.04 seconds):
2017-04-11 23:38:43,798 INFO: 	Average L2 norm of relation vector: 0.13206
2017-04-11 23:38:43,798 INFO: 	COST >> 0.131 +/- 0.005, % updates Left: 4.83%  Right: 4.23%
2017-04-11 23:38:43,798 INFO: 	FilteredRanking: evaluating rank on 1000 triples
2017-04-11 23:39:50,003 INFO: 	FilteredRanking: evaluating rank on 1000 triples
2017-04-11 23:40:57,150 INFO: 	MEAN RANK >> valid: 93.5, train: 46.0
2017-04-11 23:40:57,150 INFO: 		MEAN RANK TRAIN: Left: 47.4 Rel: 0.0 Right: 44.5
2017-04-11 23:40:57,152 INFO: 		MEAN RANK VALID: Left: 104.4 Rel: 0.0 Right: 82.7
2017-04-11 23:40:57,152 INFO: 		MEAN RECIPROCAL RANK VALID (L & R): 0.2035
2017-04-11 23:40:57,152 WARNING: EARLY STOPPING, failed to improve MRR on valid after 30 epochs
2017-04-11 23:40:57,152 INFO: ----------------------------------------------------------------------------
2017-04-11 23:40:57,152 INFO: ----------------------------------------------------------------------------
2017-04-11 23:40:57,152 INFO: 	Ranking model on all examples from test. Each example ranked against 14951 other entities
2017-04-11 23:40:57,468 INFO: 	Ranking: evaluating rank on 59071 triples
2017-04-12 00:25:22,546 INFO: left_ranks: (59071,), right_ranks: (59071,), rel_ranks: (59071,)
2017-04-12 00:25:22,559 INFO: max left_ranks: 14925, max right_ranks: 14938, max rel_ranks: 0
2017-04-12 00:25:23,026 INFO: MICRO RAW:
2017-04-12 00:25:23,027 INFO: 	Left mean rank: 239.765, MRR: 0.175, median rank: 29.0, hits@10: 33.692%
2017-04-12 00:25:23,027 INFO: 	Right mean rank: 172.237, MRR: 0.233, median rank: 18.0, hits@10: 41.547%
2017-04-12 00:25:23,027 INFO: 	Global mean rank: 206.001, MRR: 0.204, median rank: 22.0, hits@10: 37.619%
2017-04-12 00:25:23,027 INFO: MACRO RAW
2017-04-12 00:25:23,027 INFO: 	Left mean rank: 143.753, MRR: 0.357, median rank: 7.0, hits@10: 58.532%
2017-04-12 00:25:23,027 INFO: 	Right mean rank: 109.359, MRR: 0.414, median rank: 5.0, hits@10: 65.711%
2017-04-12 00:25:23,027 INFO: 	Global mean rank: 126.556, MRR: 0.386, median rank: 5.5, hits@10: 62.122%
2017-04-12 00:25:23,034 INFO: Ranking model on all examples from test. Each example ranked against 14951 other entities which are FILTERED
2017-04-12 00:25:23,765 INFO: 	FilteredRanking: evaluating rank on 59071 triples
2017-04-12 01:29:20,932 INFO: MICRO FILTERED:
2017-04-12 01:29:20,936 INFO: 	Left mean rank: 118.70219, MRR: 0.2749, median rank: 12.0, hits@10: 47.467%
2017-04-12 01:29:20,937 INFO: 	Right mean rank: 94.89238, MRR: 0.32637, median rank: 9.0, hits@10: 52.792%
2017-04-12 01:29:20,937 INFO: 	Global mean rank: 106.79729, MRR: 0.30064, median rank: 10.0, hits@10: 50.13%
2017-04-12 01:29:20,937 INFO: MACRO FILTERED
2017-04-12 01:29:20,937 INFO: 	Left mean rank: 116.91751, MRR: 0.48929, median rank: 3.5, hits@10: 69.354%
2017-04-12 01:29:20,937 INFO: 	Right mean rank: 96.4304, MRR: 0.53324, median rank: 2.5, hits@10: 72.83%
2017-04-12 01:29:20,937 INFO: 	Global mean rank: 106.67396, MRR: 0.51126, median rank: 3.0, hits@10: 71.092%
