2017-05-04 17:31:23,714 INFO: logger initialized for experiment identifier: BilinearDiagExtended_L1_ndim_200_marg_0.2_lrate_0.01_cost_margincost_reg_0.01
2017-05-04 17:31:23,716 INFO: DD{'ndim': 200, 'test_all': 10, 'Nsyn_rel': 1345, 'totepochs': 2000, 'bestvalidMRR': -1, 'loadmodel': False, 'lremb': 0.01, 'nvalid': 1000, 'seed': 123, 'marge': 0.2, 'margincostfunction': 'margincost', 'simfn': 'L1', 'savepath': '/home/ubuntu/Thesis_code/KBC_Text/outputs/FB15k_BilinearDiagExtended/BilinearDiagExtended_L1_ndim_200_marg_0.2_lrate_0.01_cost_margincost_reg_0.01', 'dataset': 'FB15k', 'nbatches': 100, 'identifier': 'BilinearDiagExtended_L1_ndim_200_marg_0.2_lrate_0.01_cost_margincost_reg_0.01', 'lrparam': 0.01, 'loademb': False, 'datapath': '/home/ubuntu/data/', 'ntrain': 1000, 'Nrel': 1345, 'experiment_type': 'FB15kexp', 'rel': False, 'Nent': 14951, 'logger': <logging.RootLogger object at 0x7f232c37bd10>, 'ntest': 1000, 'Nsyn': 14951, 'reg': 0.01, 'op': 'BilinearDiagExtended'}
2017-05-04 17:31:28,182 INFO: loaded FB15k data in: 4.46382 seconds
2017-05-04 17:31:28,183 DEBUG: FB15kexp: load_FB15k_data(): trainl(14951, 483142), trainr(14951, 483142), traino(1345, 483142), trainlidx(1000,)
2017-05-04 17:31:35,574 DEBUG: loaded data and constructed model...
2017-05-04 17:31:35,577 DEBUG: num epochs: 2000
2017-05-04 17:31:35,577 DEBUG: num batches per epoch: 100
2017-05-04 17:31:35,577 DEBUG: batchsize: 4831
2017-05-04 17:31:35,578 DEBUG: left and right entity ranking functions will rank a slot against 14951 competitors
2017-05-04 17:31:35,578 INFO: BEGIN TRAINING
2017-05-04 17:36:44,671 INFO: ----------------------------------------------------------------------------
2017-05-04 17:36:44,672 INFO: EPOCH 1 (309.094 seconds):
2017-05-04 17:36:44,711 INFO: 	Average L2 norm of relation vector: 0.02997
2017-05-04 17:36:44,713 INFO: 	COST >> 0.207 +/- 0.085, % updates Left: 66.13%  Right: 59.86%
2017-05-04 17:41:30,397 INFO: ----------------------------------------------------------------------------
2017-05-04 17:41:30,398 INFO: EPOCH 2 (285.685 seconds):
2017-05-04 17:41:30,403 INFO: 	Average L2 norm of relation vector: 0.03164
2017-05-04 17:41:30,404 INFO: 	COST >> 0.068 +/- 0.009, % updates Left: 27.69%  Right: 23.37%
2017-05-04 17:45:49,277 INFO: ----------------------------------------------------------------------------
2017-05-04 17:45:49,278 INFO: EPOCH 3 (258.874 seconds):
2017-05-04 17:45:49,285 INFO: 	Average L2 norm of relation vector: 0.03263
2017-05-04 17:45:49,287 INFO: 	COST >> 0.043 +/- 0.003, % updates Left: 17.78%  Right: 15.08%
2017-05-04 17:50:32,100 INFO: ----------------------------------------------------------------------------
2017-05-04 17:50:32,101 INFO: EPOCH 4 (282.813 seconds):
2017-05-04 17:50:32,106 INFO: 	Average L2 norm of relation vector: 0.03326
2017-05-04 17:50:32,107 INFO: 	COST >> 0.034 +/- 0.001, % updates Left: 13.37%  Right: 11.46%
2017-05-04 17:54:19,429 INFO: ----------------------------------------------------------------------------
2017-05-04 17:54:19,430 INFO: EPOCH 5 (227.322 seconds):
2017-05-04 17:54:19,436 INFO: 	Average L2 norm of relation vector: 0.03368
2017-05-04 17:54:19,437 INFO: 	COST >> 0.029 +/- 0.001, % updates Left: 10.95%  Right: 9.62%
2017-05-04 17:58:29,426 INFO: ----------------------------------------------------------------------------
2017-05-04 17:58:29,427 INFO: EPOCH 6 (249.99 seconds):
2017-05-04 17:58:29,438 INFO: 	Average L2 norm of relation vector: 0.03398
2017-05-04 17:58:29,439 INFO: 	COST >> 0.026 +/- 0.001, % updates Left: 9.52%  Right: 8.28%
2017-05-04 18:02:19,363 INFO: ----------------------------------------------------------------------------
2017-05-04 18:02:19,364 INFO: EPOCH 7 (229.924 seconds):
2017-05-04 18:02:19,369 INFO: 	Average L2 norm of relation vector: 0.0342
2017-05-04 18:02:19,370 INFO: 	COST >> 0.023 +/- 0.001, % updates Left: 8.46%  Right: 7.36%
2017-05-04 18:06:30,321 INFO: ----------------------------------------------------------------------------
2017-05-04 18:06:30,322 INFO: EPOCH 8 (250.952 seconds):
2017-05-04 18:06:30,331 INFO: 	Average L2 norm of relation vector: 0.03437
2017-05-04 18:06:30,332 INFO: 	COST >> 0.022 +/- 0.001, % updates Left: 7.78%  Right: 6.68%
2017-05-04 18:10:10,559 INFO: ----------------------------------------------------------------------------
2017-05-04 18:10:10,560 INFO: EPOCH 9 (220.227 seconds):
2017-05-04 18:10:10,566 INFO: 	Average L2 norm of relation vector: 0.03449
2017-05-04 18:10:10,567 INFO: 	COST >> 0.02 +/- 0.001, % updates Left: 7.05%  Right: 6.15%
2017-05-04 18:13:17,655 INFO: ----------------------------------------------------------------------------
2017-05-04 18:13:17,656 INFO: EPOCH 10 (187.089 seconds):
2017-05-04 18:13:17,663 INFO: 	Average L2 norm of relation vector: 0.03457
2017-05-04 18:13:17,664 INFO: 	COST >> 0.019 +/- 0.001, % updates Left: 6.52%  Right: 5.63%
2017-05-04 18:13:17,665 INFO: 	FilteredRanking: evaluating rank on 1000 triples
2017-05-04 18:17:04,489 INFO: 	FilteredRanking: evaluating rank on 1000 triples
2017-05-04 18:20:41,201 INFO: 	MEAN RANK >> valid: 298.0, train: 163.8
2017-05-04 18:20:41,203 INFO: 		MEAN RANK TRAIN: Left: 181.9 Rel: 0.0 Right: 145.8
2017-05-04 18:20:41,204 INFO: 		MEAN RANK VALID: Left: 323.1 Rel: 0.0 Right: 272.9
2017-05-04 18:20:41,205 INFO: 		MEAN RECIPROCAL RANK VALID (L & R): 0.133
2017-05-04 18:20:41,205 INFO: 	FilteredRanking: evaluating rank on 1000 triples
2017-05-04 18:24:45,086 INFO: 	NEW BEST TEST MR: 330.0
2017-05-04 18:24:45,088 INFO: 		Left MR: 360.1 Rel MR: 0.0 Right MR: 299.9
2017-05-04 18:24:45,219 INFO: 	(ranking took 687.555 seconds)
2017-05-04 18:29:39,713 INFO: ----------------------------------------------------------------------------
2017-05-04 18:29:39,714 INFO: EPOCH 11 (294.494 seconds):
2017-05-04 18:29:39,721 INFO: 	Average L2 norm of relation vector: 0.03462
2017-05-04 18:29:39,724 INFO: 	COST >> 0.018 +/- 0.001, % updates Left: 6.17%  Right: 5.27%
2017-05-04 18:33:51,421 INFO: ----------------------------------------------------------------------------
2017-05-04 18:33:51,421 INFO: EPOCH 12 (251.697 seconds):
2017-05-04 18:33:51,427 INFO: 	Average L2 norm of relation vector: 0.03467
2017-05-04 18:33:51,428 INFO: 	COST >> 0.017 +/- 0.001, % updates Left: 5.8%  Right: 5.01%
2017-05-04 18:38:07,685 INFO: ----------------------------------------------------------------------------
2017-05-04 18:38:07,685 INFO: EPOCH 13 (256.257 seconds):
2017-05-04 18:38:07,690 INFO: 	Average L2 norm of relation vector: 0.0347
2017-05-04 18:38:07,692 INFO: 	COST >> 0.016 +/- 0.001, % updates Left: 5.46%  Right: 4.68%
2017-05-04 18:41:55,252 INFO: ----------------------------------------------------------------------------
2017-05-04 18:41:55,253 INFO: EPOCH 14 (227.561 seconds):
2017-05-04 18:41:55,260 INFO: 	Average L2 norm of relation vector: 0.0347
2017-05-04 18:41:55,262 INFO: 	COST >> 0.015 +/- 0.001, % updates Left: 5.14%  Right: 4.32%
2017-05-04 18:46:01,039 INFO: ----------------------------------------------------------------------------
2017-05-04 18:46:01,040 INFO: EPOCH 15 (245.777 seconds):
2017-05-04 18:46:01,046 INFO: 	Average L2 norm of relation vector: 0.03469
2017-05-04 18:46:01,047 INFO: 	COST >> 0.015 +/- 0.001, % updates Left: 4.89%  Right: 4.16%
