2017-05-03 05:37:14,663 INFO: logger initialized for experiment identifier: BilinearDiagExtended_L1_ndim_100_marg_0.5_lrate_0.01_cost_margincost_reg_0.01_REL
2017-05-03 05:37:14,665 INFO: DD{'ndim': 100, 'test_all': 10, 'Nsyn_rel': 1345, 'totepochs': 1000, 'bestvalidMRR': -1, 'loadmodel': False, 'lremb': 0.01, 'nvalid': 1000, 'seed': 123, 'marge': 0.5, 'margincostfunction': 'margincost', 'simfn': 'L1', 'savepath': '/home/ubuntu/Thesis_code/KBC_Text/outputs/FB15k_BilinearDiagExtended/BilinearDiagExtended_L1_ndim_100_marg_0.5_lrate_0.01_cost_margincost_reg_0.01_REL', 'dataset': 'FB15k', 'nbatches': 100, 'identifier': 'BilinearDiagExtended_L1_ndim_100_marg_0.5_lrate_0.01_cost_margincost_reg_0.01_REL', 'lrparam': 0.01, 'loademb': False, 'datapath': '/home/ubuntu/data/', 'ntrain': 1000, 'Nrel': 1345, 'experiment_type': 'FB15kexp', 'rel': True, 'Nent': 14951, 'logger': <logging.RootLogger object at 0x7f5ed02d0dd0>, 'ntest': 1000, 'Nsyn': 14951, 'reg': 0.01, 'op': 'BilinearDiagExtended'}
2017-05-03 05:37:18,423 INFO: loaded FB15k data in: 2.912084 seconds
2017-05-03 05:37:18,432 DEBUG: FB15kexp: load_FB15k_data(): trainl(14951, 483142), trainr(14951, 483142), traino(1345, 483142), trainlidx(1000,)
2017-05-03 05:37:28,481 DEBUG: Training to rank RELATIONS as well!
2017-05-03 05:37:28,482 DEBUG: loaded data and constructed model...
2017-05-03 05:37:28,520 DEBUG: num epochs: 1000
2017-05-03 05:37:28,521 DEBUG: num batches per epoch: 100
2017-05-03 05:37:28,521 DEBUG: batchsize: 4831
2017-05-03 05:37:28,521 DEBUG: left and right entity ranking functions will rank a slot against 14951 competitors
2017-05-03 05:37:28,521 INFO: BEGIN TRAINING
2017-05-03 05:38:47,747 INFO: ----------------------------------------------------------------------------
2017-05-03 05:38:47,747 INFO: EPOCH 1 (79.226 seconds):
2017-05-03 05:38:47,773 INFO: 	Average L2 norm of relation vector: 0.03429
2017-05-03 05:38:47,774 INFO: 	COST >> 0.571 +/- 0.257, % updates Left: 67.67% Rel: 14.18% Right: 61.22%
2017-05-03 05:40:13,660 INFO: ----------------------------------------------------------------------------
2017-05-03 05:40:13,661 INFO: EPOCH 2 (85.887 seconds):
2017-05-03 05:40:13,663 INFO: 	Average L2 norm of relation vector: 0.03815
2017-05-03 05:40:13,664 INFO: 	COST >> 0.193 +/- 0.027, % updates Left: 29.54% Rel: 3.9% Right: 24.94%
2017-05-03 05:41:31,740 INFO: ----------------------------------------------------------------------------
2017-05-03 05:41:31,741 INFO: EPOCH 3 (78.076 seconds):
2017-05-03 05:41:31,744 INFO: 	Average L2 norm of relation vector: 0.04055
2017-05-03 05:41:31,745 INFO: 	COST >> 0.127 +/- 0.009, % updates Left: 19.77% Rel: 2.38% Right: 16.6%
2017-05-03 05:42:32,519 INFO: ----------------------------------------------------------------------------
2017-05-03 05:42:32,520 INFO: EPOCH 4 (60.774 seconds):
2017-05-03 05:42:32,522 INFO: 	Average L2 norm of relation vector: 0.04216
2017-05-03 05:42:32,523 INFO: 	COST >> 0.1 +/- 0.004, % updates Left: 15.23% Rel: 1.79% Right: 13.15%
2017-05-03 05:43:32,427 INFO: ----------------------------------------------------------------------------
2017-05-03 05:43:32,428 INFO: EPOCH 5 (59.905 seconds):
2017-05-03 05:43:32,430 INFO: 	Average L2 norm of relation vector: 0.04337
2017-05-03 05:43:32,431 INFO: 	COST >> 0.086 +/- 0.003, % updates Left: 12.77% Rel: 1.41% Right: 11.11%
2017-05-03 05:44:38,890 INFO: ----------------------------------------------------------------------------
2017-05-03 05:44:38,891 INFO: EPOCH 6 (66.46 seconds):
2017-05-03 05:44:38,893 INFO: 	Average L2 norm of relation vector: 0.04431
2017-05-03 05:44:38,894 INFO: 	COST >> 0.079 +/- 0.003, % updates Left: 11.45% Rel: 1.17% Right: 10.01%
2017-05-03 05:45:51,019 INFO: ----------------------------------------------------------------------------
2017-05-03 05:45:51,019 INFO: EPOCH 7 (72.125 seconds):
2017-05-03 05:45:51,021 INFO: 	Average L2 norm of relation vector: 0.04507
2017-05-03 05:45:51,022 INFO: 	COST >> 0.072 +/- 0.003, % updates Left: 10.34% Rel: 1.05% Right: 9.06%
2017-05-03 05:46:52,248 INFO: ----------------------------------------------------------------------------
2017-05-03 05:46:52,249 INFO: EPOCH 8 (61.226 seconds):
2017-05-03 05:46:52,251 INFO: 	Average L2 norm of relation vector: 0.04573
2017-05-03 05:46:52,252 INFO: 	COST >> 0.068 +/- 0.002, % updates Left: 9.72% Rel: 0.92% Right: 8.37%
2017-05-03 05:47:52,854 INFO: ----------------------------------------------------------------------------
2017-05-03 05:47:52,855 INFO: EPOCH 9 (60.603 seconds):
2017-05-03 05:47:52,857 INFO: 	Average L2 norm of relation vector: 0.0463
2017-05-03 05:47:52,858 INFO: 	COST >> 0.064 +/- 0.002, % updates Left: 9.12% Rel: 0.85% Right: 7.93%
2017-05-03 05:48:52,675 INFO: ----------------------------------------------------------------------------
2017-05-03 05:48:52,675 INFO: EPOCH 10 (59.817 seconds):
2017-05-03 05:48:52,677 INFO: 	Average L2 norm of relation vector: 0.04681
2017-05-03 05:48:52,678 INFO: 	COST >> 0.06 +/- 0.002, % updates Left: 8.54% Rel: 0.8% Right: 7.41%
2017-05-03 05:48:52,679 INFO: 	FilteredRanking: evaluating rank on 1000 triples
2017-05-03 05:50:37,145 INFO: 	FilteredRanking: evaluating rank on 1000 triples
2017-05-03 05:52:17,587 INFO: 	MEAN RANK >> valid: 321.7, train: 217.1
2017-05-03 05:52:17,588 INFO: 		MEAN RANK TRAIN: Left: 226.1 Rel: 6.5 Right: 208.1
2017-05-03 05:52:18,111 INFO: 		MEAN RANK VALID: Left: 348.3 Rel: 4.0 Right: 295.2
2017-05-03 05:52:18,111 INFO: 		MEAN RECIPROCAL RANK VALID (L & R): 0.132
2017-05-03 05:52:18,112 INFO: 	FilteredRanking: evaluating rank on 1000 triples
2017-05-03 05:53:59,162 INFO: 	NEW BEST TEST MR: 340.3
2017-05-03 05:53:59,164 INFO: 		Left MR: 368.0 Rel MR: 7.1 Right MR: 312.5
2017-05-03 05:53:59,220 INFO: 	(ranking took 306.542 seconds)
2017-05-03 05:55:03,068 INFO: ----------------------------------------------------------------------------
2017-05-03 05:55:03,069 INFO: EPOCH 11 (63.848 seconds):
2017-05-03 05:55:03,071 INFO: 	Average L2 norm of relation vector: 0.04725
2017-05-03 05:55:03,072 INFO: 	COST >> 0.058 +/- 0.002, % updates Left: 8.12% Rel: 0.74% Right: 7.07%
2017-05-03 05:56:05,338 INFO: ----------------------------------------------------------------------------
2017-05-03 05:56:05,339 INFO: EPOCH 12 (62.267 seconds):
2017-05-03 05:56:05,341 INFO: 	Average L2 norm of relation vector: 0.04767
2017-05-03 05:56:05,342 INFO: 	COST >> 0.055 +/- 0.002, % updates Left: 7.84% Rel: 0.72% Right: 6.76%
2017-05-03 05:57:05,183 INFO: ----------------------------------------------------------------------------
2017-05-03 05:57:05,183 INFO: EPOCH 13 (59.841 seconds):
2017-05-03 05:57:05,185 INFO: 	Average L2 norm of relation vector: 0.04804
2017-05-03 05:57:05,186 INFO: 	COST >> 0.053 +/- 0.002, % updates Left: 7.45% Rel: 0.69% Right: 6.46%
2017-05-03 05:58:04,030 INFO: ----------------------------------------------------------------------------
2017-05-03 05:58:04,030 INFO: EPOCH 14 (58.844 seconds):
2017-05-03 05:58:04,033 INFO: 	Average L2 norm of relation vector: 0.04839
2017-05-03 05:58:04,033 INFO: 	COST >> 0.052 +/- 0.002, % updates Left: 7.23% Rel: 0.67% Right: 6.21%
2017-05-03 05:59:03,779 INFO: ----------------------------------------------------------------------------
2017-05-03 05:59:03,779 INFO: EPOCH 15 (59.746 seconds):
2017-05-03 05:59:03,782 INFO: 	Average L2 norm of relation vector: 0.0487
2017-05-03 05:59:03,783 INFO: 	COST >> 0.049 +/- 0.002, % updates Left: 6.89% Rel: 0.66% Right: 5.97%
2017-05-03 06:00:08,092 INFO: ----------------------------------------------------------------------------
2017-05-03 06:00:08,093 INFO: EPOCH 16 (64.309 seconds):
2017-05-03 06:00:08,095 INFO: 	Average L2 norm of relation vector: 0.04898
2017-05-03 06:00:08,096 INFO: 	COST >> 0.048 +/- 0.002, % updates Left: 6.63% Rel: 0.64% Right: 5.79%
2017-05-03 06:01:11,767 INFO: ----------------------------------------------------------------------------
2017-05-03 06:01:11,795 INFO: EPOCH 17 (63.699 seconds):
2017-05-03 06:01:11,798 INFO: 	Average L2 norm of relation vector: 0.04926
2017-05-03 06:01:11,800 INFO: 	COST >> 0.046 +/- 0.002, % updates Left: 6.49% Rel: 0.62% Right: 5.59%
2017-05-03 06:02:12,545 INFO: ----------------------------------------------------------------------------
2017-05-03 06:02:12,546 INFO: EPOCH 18 (60.745 seconds):
2017-05-03 06:02:12,548 INFO: 	Average L2 norm of relation vector: 0.04951
2017-05-03 06:02:12,549 INFO: 	COST >> 0.045 +/- 0.002, % updates Left: 6.3% Rel: 0.62% Right: 5.37%
2017-05-03 06:03:12,455 INFO: ----------------------------------------------------------------------------
2017-05-03 06:03:12,455 INFO: EPOCH 19 (59.906 seconds):
2017-05-03 06:03:12,457 INFO: 	Average L2 norm of relation vector: 0.04973
2017-05-03 06:03:12,458 INFO: 	COST >> 0.043 +/- 0.002, % updates Left: 6.04% Rel: 0.59% Right: 5.18%
2017-05-03 06:04:15,662 INFO: ----------------------------------------------------------------------------
2017-05-03 06:04:15,662 INFO: EPOCH 20 (63.204 seconds):
2017-05-03 06:04:15,665 INFO: 	Average L2 norm of relation vector: 0.04995
2017-05-03 06:04:15,665 INFO: 	COST >> 0.042 +/- 0.002, % updates Left: 5.93% Rel: 0.57% Right: 5.02%
2017-05-03 06:04:15,666 INFO: 	FilteredRanking: evaluating rank on 1000 triples
2017-05-03 06:05:54,101 INFO: 	FilteredRanking: evaluating rank on 1000 triples
2017-05-03 06:07:37,957 INFO: 	MEAN RANK >> valid: 242.6, train: 126.7
2017-05-03 06:07:37,958 INFO: 		MEAN RANK TRAIN: Left: 135.0 Rel: 4.3 Right: 118.4
2017-05-03 06:07:37,959 INFO: 		MEAN RANK VALID: Left: 282.1 Rel: 3.2 Right: 203.2
2017-05-03 06:07:37,960 INFO: 		MEAN RECIPROCAL RANK VALID (L & R): 0.152
2017-05-03 06:07:37,960 INFO: 	FilteredRanking: evaluating rank on 1000 triples
2017-05-03 06:09:24,632 INFO: 	NEW BEST TEST MR: 237.4
2017-05-03 06:09:24,634 INFO: 		Left MR: 265.8 Rel MR: 5.1 Right MR: 209.0
2017-05-03 06:09:25,210 INFO: 	(ranking took 309.544 seconds)
2017-05-03 06:10:25,855 INFO: ----------------------------------------------------------------------------
2017-05-03 06:10:25,855 INFO: EPOCH 21 (60.645 seconds):
2017-05-03 06:10:25,857 INFO: 	Average L2 norm of relation vector: 0.05014
2017-05-03 06:10:25,858 INFO: 	COST >> 0.041 +/- 0.002, % updates Left: 5.71% Rel: 0.57% Right: 4.84%
2017-05-03 06:11:25,668 INFO: ----------------------------------------------------------------------------
2017-05-03 06:11:25,668 INFO: EPOCH 22 (59.81 seconds):
2017-05-03 06:11:25,671 INFO: 	Average L2 norm of relation vector: 0.05031
2017-05-03 06:11:25,671 INFO: 	COST >> 0.04 +/- 0.002, % updates Left: 5.61% Rel: 0.56% Right: 4.76%
2017-05-03 06:12:28,345 INFO: ----------------------------------------------------------------------------
2017-05-03 06:12:28,346 INFO: EPOCH 23 (62.674 seconds):
2017-05-03 06:12:28,348 INFO: 	Average L2 norm of relation vector: 0.05047
2017-05-03 06:12:28,349 INFO: 	COST >> 0.039 +/- 0.002, % updates Left: 5.44% Rel: 0.56% Right: 4.65%
2017-05-03 06:13:30,242 INFO: ----------------------------------------------------------------------------
2017-05-03 06:13:30,243 INFO: EPOCH 24 (61.894 seconds):
2017-05-03 06:13:30,245 INFO: 	Average L2 norm of relation vector: 0.05061
2017-05-03 06:13:30,246 INFO: 	COST >> 0.039 +/- 0.002, % updates Left: 5.31% Rel: 0.54% Right: 4.52%
2017-05-03 06:14:30,358 INFO: ----------------------------------------------------------------------------
2017-05-03 06:14:30,358 INFO: EPOCH 25 (60.112 seconds):
2017-05-03 06:14:30,361 INFO: 	Average L2 norm of relation vector: 0.05072
2017-05-03 06:14:30,361 INFO: 	COST >> 0.038 +/- 0.002, % updates Left: 5.17% Rel: 0.54% Right: 4.45%
2017-05-03 06:15:29,832 INFO: ----------------------------------------------------------------------------
2017-05-03 06:15:29,832 INFO: EPOCH 26 (59.471 seconds):
2017-05-03 06:15:29,834 INFO: 	Average L2 norm of relation vector: 0.05084
2017-05-03 06:15:29,835 INFO: 	COST >> 0.037 +/- 0.002, % updates Left: 5.05% Rel: 0.52% Right: 4.33%
2017-05-03 06:16:28,721 INFO: ----------------------------------------------------------------------------
2017-05-03 06:16:28,722 INFO: EPOCH 27 (58.886 seconds):
2017-05-03 06:16:28,724 INFO: 	Average L2 norm of relation vector: 0.05094
2017-05-03 06:16:28,725 INFO: 	COST >> 0.036 +/- 0.002, % updates Left: 5.01% Rel: 0.52% Right: 4.23%
2017-05-03 06:17:28,484 INFO: ----------------------------------------------------------------------------
2017-05-03 06:17:28,485 INFO: EPOCH 28 (59.76 seconds):
2017-05-03 06:17:28,487 INFO: 	Average L2 norm of relation vector: 0.05104
2017-05-03 06:17:28,488 INFO: 	COST >> 0.036 +/- 0.002, % updates Left: 4.93% Rel: 0.52% Right: 4.17%
2017-05-03 06:18:28,752 INFO: ----------------------------------------------------------------------------
2017-05-03 06:18:28,753 INFO: EPOCH 29 (60.265 seconds):
2017-05-03 06:18:28,755 INFO: 	Average L2 norm of relation vector: 0.05114
2017-05-03 06:18:28,756 INFO: 	COST >> 0.035 +/- 0.002, % updates Left: 4.8% Rel: 0.5% Right: 4.08%
2017-05-03 06:19:28,350 INFO: ----------------------------------------------------------------------------
2017-05-03 06:19:28,350 INFO: EPOCH 30 (59.594 seconds):
2017-05-03 06:19:28,353 INFO: 	Average L2 norm of relation vector: 0.05122
2017-05-03 06:19:28,353 INFO: 	COST >> 0.034 +/- 0.002, % updates Left: 4.65% Rel: 0.49% Right: 3.97%
2017-05-03 06:19:28,354 INFO: 	FilteredRanking: evaluating rank on 1000 triples
2017-05-03 06:21:10,576 INFO: 	FilteredRanking: evaluating rank on 1000 triples
2017-05-03 06:22:52,141 INFO: 	MEAN RANK >> valid: 189.0, train: 90.3
2017-05-03 06:22:52,142 INFO: 		MEAN RANK TRAIN: Left: 98.7 Rel: 3.5 Right: 81.9
2017-05-03 06:22:52,143 INFO: 		MEAN RANK VALID: Left: 221.5 Rel: 2.9 Right: 156.5
2017-05-03 06:22:52,143 INFO: 		MEAN RECIPROCAL RANK VALID (L & R): 0.161
2017-05-03 06:22:52,143 INFO: 	FilteredRanking: evaluating rank on 1000 triples
2017-05-03 06:24:34,148 INFO: 	NEW BEST TEST MR: 181.5
2017-05-03 06:24:34,149 INFO: 		Left MR: 206.6 Rel MR: 4.3 Right MR: 156.5
2017-05-03 06:24:34,223 INFO: 	(ranking took 305.869 seconds)
2017-05-03 06:25:39,808 INFO: ----------------------------------------------------------------------------
2017-05-03 06:25:39,808 INFO: EPOCH 31 (65.585 seconds):
2017-05-03 06:25:39,810 INFO: 	Average L2 norm of relation vector: 0.05129
2017-05-03 06:25:39,811 INFO: 	COST >> 0.034 +/- 0.002, % updates Left: 4.67% Rel: 0.49% Right: 3.92%
2017-05-03 06:26:38,647 INFO: ----------------------------------------------------------------------------
2017-05-03 06:26:38,648 INFO: EPOCH 32 (58.836 seconds):
2017-05-03 06:26:38,650 INFO: 	Average L2 norm of relation vector: 0.05135
2017-05-03 06:26:38,651 INFO: 	COST >> 0.033 +/- 0.001, % updates Left: 4.53% Rel: 0.49% Right: 3.81%
2017-05-03 06:27:37,543 INFO: ----------------------------------------------------------------------------
2017-05-03 06:27:37,544 INFO: EPOCH 33 (58.893 seconds):
2017-05-03 06:27:37,546 INFO: 	Average L2 norm of relation vector: 0.0514
2017-05-03 06:27:37,546 INFO: 	COST >> 0.033 +/- 0.001, % updates Left: 4.45% Rel: 0.49% Right: 3.77%
2017-05-03 06:28:40,390 INFO: ----------------------------------------------------------------------------
2017-05-03 06:28:40,390 INFO: EPOCH 34 (62.844 seconds):
2017-05-03 06:28:40,393 INFO: 	Average L2 norm of relation vector: 0.05146
2017-05-03 06:28:40,393 INFO: 	COST >> 0.032 +/- 0.001, % updates Left: 4.44% Rel: 0.48% Right: 3.69%
2017-05-03 06:29:39,794 INFO: ----------------------------------------------------------------------------
2017-05-03 06:29:39,794 INFO: EPOCH 35 (59.401 seconds):
2017-05-03 06:29:39,796 INFO: 	Average L2 norm of relation vector: 0.05151
2017-05-03 06:29:39,797 INFO: 	COST >> 0.032 +/- 0.002, % updates Left: 4.38% Rel: 0.47% Right: 3.67%
2017-05-03 06:30:42,144 INFO: ----------------------------------------------------------------------------
2017-05-03 06:30:42,145 INFO: EPOCH 36 (62.347 seconds):
2017-05-03 06:30:42,147 INFO: 	Average L2 norm of relation vector: 0.05156
2017-05-03 06:30:42,148 INFO: 	COST >> 0.031 +/- 0.001, % updates Left: 4.28% Rel: 0.46% Right: 3.64%
2017-05-03 06:31:53,474 INFO: ----------------------------------------------------------------------------
2017-05-03 06:31:53,474 INFO: EPOCH 37 (71.326 seconds):
2017-05-03 06:31:53,476 INFO: 	Average L2 norm of relation vector: 0.0516
2017-05-03 06:31:53,477 INFO: 	COST >> 0.031 +/- 0.001, % updates Left: 4.19% Rel: 0.48% Right: 3.57%
2017-05-03 06:33:07,775 INFO: ----------------------------------------------------------------------------
2017-05-03 06:33:07,775 INFO: EPOCH 38 (74.298 seconds):
2017-05-03 06:33:07,779 INFO: 	Average L2 norm of relation vector: 0.05164
2017-05-03 06:33:07,780 INFO: 	COST >> 0.031 +/- 0.002, % updates Left: 4.19% Rel: 0.47% Right: 3.56%
2017-05-03 06:34:06,431 INFO: ----------------------------------------------------------------------------
2017-05-03 06:34:06,431 INFO: EPOCH 39 (58.651 seconds):
2017-05-03 06:34:06,433 INFO: 	Average L2 norm of relation vector: 0.05166
2017-05-03 06:34:06,434 INFO: 	COST >> 0.03 +/- 0.001, % updates Left: 4.12% Rel: 0.44% Right: 3.53%
2017-05-03 06:35:31,658 INFO: ----------------------------------------------------------------------------
2017-05-03 06:35:31,659 INFO: EPOCH 40 (85.225 seconds):
2017-05-03 06:35:31,661 INFO: 	Average L2 norm of relation vector: 0.05169
2017-05-03 06:35:31,662 INFO: 	COST >> 0.03 +/- 0.001, % updates Left: 4.06% Rel: 0.44% Right: 3.44%
2017-05-03 06:35:31,662 INFO: 	FilteredRanking: evaluating rank on 1000 triples
2017-05-03 06:37:29,681 INFO: 	FilteredRanking: evaluating rank on 1000 triples
2017-05-03 06:39:09,628 INFO: 	MEAN RANK >> valid: 157.2, train: 71.7
2017-05-03 06:39:09,629 INFO: 		MEAN RANK TRAIN: Left: 77.6 Rel: 3.2 Right: 65.8
2017-05-03 06:39:09,630 INFO: 		MEAN RANK VALID: Left: 184.5 Rel: 2.7 Right: 129.9
2017-05-03 06:39:09,630 INFO: 		MEAN RECIPROCAL RANK VALID (L & R): 0.174
2017-05-03 06:39:09,630 INFO: 	FilteredRanking: evaluating rank on 1000 triples
2017-05-03 06:40:49,992 INFO: 	NEW BEST TEST MR: 157.5
2017-05-03 06:40:49,993 INFO: 		Left MR: 176.8 Rel MR: 3.9 Right MR: 138.1
2017-05-03 06:40:50,057 INFO: 	(ranking took 318.395 seconds)
2017-05-03 06:41:48,423 INFO: ----------------------------------------------------------------------------
2017-05-03 06:41:48,423 INFO: EPOCH 41 (58.366 seconds):
2017-05-03 06:41:48,425 INFO: 	Average L2 norm of relation vector: 0.05171
2017-05-03 06:41:48,426 INFO: 	COST >> 0.03 +/- 0.001, % updates Left: 4.06% Rel: 0.45% Right: 3.39%
2017-05-03 06:43:00,646 INFO: ----------------------------------------------------------------------------
2017-05-03 06:43:00,647 INFO: EPOCH 42 (72.22 seconds):
2017-05-03 06:43:00,650 INFO: 	Average L2 norm of relation vector: 0.05172
2017-05-03 06:43:00,651 INFO: 	COST >> 0.029 +/- 0.001, % updates Left: 3.89% Rel: 0.43% Right: 3.32%
2017-05-03 06:44:02,033 INFO: ----------------------------------------------------------------------------
2017-05-03 06:44:02,033 INFO: EPOCH 43 (61.382 seconds):
2017-05-03 06:44:02,035 INFO: 	Average L2 norm of relation vector: 0.05173
2017-05-03 06:44:02,036 INFO: 	COST >> 0.029 +/- 0.001, % updates Left: 3.9% Rel: 0.44% Right: 3.31%
2017-05-03 06:45:05,361 INFO: ----------------------------------------------------------------------------
2017-05-03 06:45:05,362 INFO: EPOCH 44 (63.326 seconds):
2017-05-03 06:45:05,364 INFO: 	Average L2 norm of relation vector: 0.05174
2017-05-03 06:45:05,365 INFO: 	COST >> 0.029 +/- 0.001, % updates Left: 3.87% Rel: 0.45% Right: 3.32%
2017-05-03 06:46:05,723 INFO: ----------------------------------------------------------------------------
2017-05-03 06:46:05,723 INFO: EPOCH 45 (60.358 seconds):
2017-05-03 06:46:05,725 INFO: 	Average L2 norm of relation vector: 0.05174
2017-05-03 06:46:05,726 INFO: 	COST >> 0.028 +/- 0.001, % updates Left: 3.82% Rel: 0.46% Right: 3.22%
2017-05-03 06:47:09,965 INFO: ----------------------------------------------------------------------------
2017-05-03 06:47:09,965 INFO: EPOCH 46 (64.239 seconds):
2017-05-03 06:47:09,967 INFO: 	Average L2 norm of relation vector: 0.05173
2017-05-03 06:47:09,968 INFO: 	COST >> 0.028 +/- 0.001, % updates Left: 3.79% Rel: 0.44% Right: 3.25%
2017-05-03 06:48:09,368 INFO: ----------------------------------------------------------------------------
2017-05-03 06:48:09,369 INFO: EPOCH 47 (59.4 seconds):
2017-05-03 06:48:09,371 INFO: 	Average L2 norm of relation vector: 0.05173
2017-05-03 06:48:09,372 INFO: 	COST >> 0.028 +/- 0.001, % updates Left: 3.75% Rel: 0.43% Right: 3.24%
2017-05-03 06:49:36,781 INFO: ----------------------------------------------------------------------------
2017-05-03 06:49:36,782 INFO: EPOCH 48 (87.41 seconds):
2017-05-03 06:49:36,785 INFO: 	Average L2 norm of relation vector: 0.05173
2017-05-03 06:49:36,786 INFO: 	COST >> 0.028 +/- 0.001, % updates Left: 3.7% Rel: 0.45% Right: 3.18%
2017-05-03 06:51:00,925 INFO: ----------------------------------------------------------------------------
2017-05-03 06:51:00,926 INFO: EPOCH 49 (84.139 seconds):
2017-05-03 06:51:00,928 INFO: 	Average L2 norm of relation vector: 0.05173
2017-05-03 06:51:00,929 INFO: 	COST >> 0.027 +/- 0.001, % updates Left: 3.68% Rel: 0.44% Right: 3.14%
2017-05-03 06:51:59,750 INFO: ----------------------------------------------------------------------------
2017-05-03 06:51:59,751 INFO: EPOCH 50 (58.821 seconds):
2017-05-03 06:51:59,753 INFO: 	Average L2 norm of relation vector: 0.05171
2017-05-03 06:51:59,754 INFO: 	COST >> 0.027 +/- 0.001, % updates Left: 3.57% Rel: 0.42% Right: 3.06%
2017-05-03 06:51:59,754 INFO: 	FilteredRanking: evaluating rank on 1000 triples
2017-05-03 06:53:47,096 INFO: 	FilteredRanking: evaluating rank on 1000 triples
2017-05-03 06:55:27,282 INFO: 	MEAN RANK >> valid: 139.4, train: 57.8
2017-05-03 06:55:27,283 INFO: 		MEAN RANK TRAIN: Left: 64.4 Rel: 2.8 Right: 51.3
2017-05-03 06:55:27,284 INFO: 		MEAN RANK VALID: Left: 166.0 Rel: 2.6 Right: 112.7
2017-05-03 06:55:27,284 INFO: 		MEAN RECIPROCAL RANK VALID (L & R): 0.188
2017-05-03 06:55:27,284 INFO: 	FilteredRanking: evaluating rank on 1000 triples
2017-05-03 06:57:06,156 INFO: 	NEW BEST TEST MR: 143.9
2017-05-03 06:57:06,157 INFO: 		Left MR: 163.7 Rel MR: 3.6 Right MR: 124.0
2017-05-03 06:57:06,231 INFO: 	(ranking took 306.477 seconds)
2017-05-03 06:58:06,785 INFO: ----------------------------------------------------------------------------
2017-05-03 06:58:06,786 INFO: EPOCH 51 (60.554 seconds):
2017-05-03 06:58:06,788 INFO: 	Average L2 norm of relation vector: 0.0517
2017-05-03 06:58:06,789 INFO: 	COST >> 0.027 +/- 0.001, % updates Left: 3.61% Rel: 0.43% Right: 3.05%
2017-05-03 06:59:13,038 INFO: ----------------------------------------------------------------------------
2017-05-03 06:59:13,038 INFO: EPOCH 52 (66.249 seconds):
2017-05-03 06:59:13,041 INFO: 	Average L2 norm of relation vector: 0.05168
2017-05-03 06:59:13,042 INFO: 	COST >> 0.026 +/- 0.001, % updates Left: 3.52% Rel: 0.43% Right: 3.01%
2017-05-03 07:00:12,893 INFO: ----------------------------------------------------------------------------
2017-05-03 07:00:12,894 INFO: EPOCH 53 (59.852 seconds):
2017-05-03 07:00:12,896 INFO: 	Average L2 norm of relation vector: 0.05166
2017-05-03 07:00:12,897 INFO: 	COST >> 0.026 +/- 0.001, % updates Left: 3.55% Rel: 0.41% Right: 2.99%
2017-05-03 07:01:12,875 INFO: ----------------------------------------------------------------------------
2017-05-03 07:01:12,876 INFO: EPOCH 54 (59.979 seconds):
2017-05-03 07:01:12,878 INFO: 	Average L2 norm of relation vector: 0.05166
2017-05-03 07:01:12,879 INFO: 	COST >> 0.026 +/- 0.001, % updates Left: 3.59% Rel: 0.44% Right: 2.96%
2017-05-03 07:02:13,041 INFO: ----------------------------------------------------------------------------
2017-05-03 07:02:13,042 INFO: EPOCH 55 (60.163 seconds):
2017-05-03 07:02:13,044 INFO: 	Average L2 norm of relation vector: 0.05163
2017-05-03 07:02:13,045 INFO: 	COST >> 0.026 +/- 0.001, % updates Left: 3.45% Rel: 0.42% Right: 2.91%
2017-05-03 07:03:23,549 INFO: ----------------------------------------------------------------------------
2017-05-03 07:03:23,550 INFO: EPOCH 56 (70.504 seconds):
2017-05-03 07:03:23,552 INFO: 	Average L2 norm of relation vector: 0.05161
2017-05-03 07:03:23,553 INFO: 	COST >> 0.026 +/- 0.001, % updates Left: 3.44% Rel: 0.41% Right: 2.97%
2017-05-03 07:04:22,676 INFO: ----------------------------------------------------------------------------
2017-05-03 07:04:22,676 INFO: EPOCH 57 (59.123 seconds):
2017-05-03 07:04:22,679 INFO: 	Average L2 norm of relation vector: 0.05158
2017-05-03 07:04:22,680 INFO: 	COST >> 0.026 +/- 0.001, % updates Left: 3.41% Rel: 0.41% Right: 2.85%
2017-05-03 07:05:22,184 INFO: ----------------------------------------------------------------------------
2017-05-03 07:05:22,185 INFO: EPOCH 58 (59.505 seconds):
2017-05-03 07:05:22,187 INFO: 	Average L2 norm of relation vector: 0.05157
2017-05-03 07:05:22,188 INFO: 	COST >> 0.025 +/- 0.001, % updates Left: 3.43% Rel: 0.43% Right: 2.88%
2017-05-03 07:06:21,477 INFO: ----------------------------------------------------------------------------
2017-05-03 07:06:21,477 INFO: EPOCH 59 (59.289 seconds):
2017-05-03 07:06:21,479 INFO: 	Average L2 norm of relation vector: 0.05154
2017-05-03 07:06:21,480 INFO: 	COST >> 0.025 +/- 0.001, % updates Left: 3.35% Rel: 0.4% Right: 2.86%
2017-05-03 07:07:22,584 INFO: ----------------------------------------------------------------------------
2017-05-03 07:07:22,585 INFO: EPOCH 60 (61.105 seconds):
2017-05-03 07:07:22,587 INFO: 	Average L2 norm of relation vector: 0.0515
2017-05-03 07:07:22,588 INFO: 	COST >> 0.025 +/- 0.001, % updates Left: 3.3% Rel: 0.42% Right: 2.81%
2017-05-03 07:07:22,588 INFO: 	FilteredRanking: evaluating rank on 1000 triples
2017-05-03 07:09:01,667 INFO: 	FilteredRanking: evaluating rank on 1000 triples
2017-05-03 07:10:41,708 INFO: 	MEAN RANK >> valid: 123.0, train: 50.5
2017-05-03 07:10:41,709 INFO: 		MEAN RANK TRAIN: Left: 53.3 Rel: 2.6 Right: 47.8
2017-05-03 07:10:41,710 INFO: 		MEAN RANK VALID: Left: 149.8 Rel: 2.5 Right: 96.3
2017-05-03 07:10:41,710 INFO: 		MEAN RECIPROCAL RANK VALID (L & R): 0.1935
2017-05-03 07:10:41,710 INFO: 	FilteredRanking: evaluating rank on 1000 triples
2017-05-03 07:12:21,036 INFO: 	NEW BEST TEST MR: 125.7
2017-05-03 07:12:21,038 INFO: 		Left MR: 140.7 Rel MR: 3.6 Right MR: 110.6
2017-05-03 07:12:21,114 INFO: 	(ranking took 298.526 seconds)
2017-05-03 07:13:21,717 INFO: ----------------------------------------------------------------------------
2017-05-03 07:13:21,718 INFO: EPOCH 61 (60.603 seconds):
2017-05-03 07:13:21,720 INFO: 	Average L2 norm of relation vector: 0.05145
2017-05-03 07:13:21,721 INFO: 	COST >> 0.025 +/- 0.001, % updates Left: 3.26% Rel: 0.4% Right: 2.8%
2017-05-03 07:14:20,058 INFO: ----------------------------------------------------------------------------
2017-05-03 07:14:20,059 INFO: EPOCH 62 (58.338 seconds):
2017-05-03 07:14:20,061 INFO: 	Average L2 norm of relation vector: 0.05142
2017-05-03 07:14:20,062 INFO: 	COST >> 0.025 +/- 0.001, % updates Left: 3.27% Rel: 0.42% Right: 2.78%
2017-05-03 07:15:19,951 INFO: ----------------------------------------------------------------------------
2017-05-03 07:15:19,952 INFO: EPOCH 63 (59.89 seconds):
2017-05-03 07:15:19,954 INFO: 	Average L2 norm of relation vector: 0.05139
2017-05-03 07:15:19,955 INFO: 	COST >> 0.024 +/- 0.001, % updates Left: 3.28% Rel: 0.4% Right: 2.79%
2017-05-03 07:16:19,394 INFO: ----------------------------------------------------------------------------
2017-05-03 07:16:19,394 INFO: EPOCH 64 (59.439 seconds):
2017-05-03 07:16:19,396 INFO: 	Average L2 norm of relation vector: 0.05136
2017-05-03 07:16:19,397 INFO: 	COST >> 0.024 +/- 0.001, % updates Left: 3.23% Rel: 0.4% Right: 2.74%
2017-05-03 07:17:19,219 INFO: ----------------------------------------------------------------------------
2017-05-03 07:17:19,220 INFO: EPOCH 65 (59.822 seconds):
2017-05-03 07:17:19,222 INFO: 	Average L2 norm of relation vector: 0.05132
2017-05-03 07:17:19,223 INFO: 	COST >> 0.024 +/- 0.001, % updates Left: 3.21% Rel: 0.41% Right: 2.74%
2017-05-03 07:18:18,592 INFO: ----------------------------------------------------------------------------
2017-05-03 07:18:18,592 INFO: EPOCH 66 (59.369 seconds):
2017-05-03 07:18:18,594 INFO: 	Average L2 norm of relation vector: 0.05128
2017-05-03 07:18:18,595 INFO: 	COST >> 0.024 +/- 0.001, % updates Left: 3.16% Rel: 0.4% Right: 2.7%
2017-05-03 07:19:17,665 INFO: ----------------------------------------------------------------------------
2017-05-03 07:19:17,666 INFO: EPOCH 67 (59.07 seconds):
2017-05-03 07:19:17,668 INFO: 	Average L2 norm of relation vector: 0.05124
2017-05-03 07:19:17,669 INFO: 	COST >> 0.024 +/- 0.001, % updates Left: 3.15% Rel: 0.39% Right: 2.74%
2017-05-03 07:20:16,587 INFO: ----------------------------------------------------------------------------
2017-05-03 07:20:16,587 INFO: EPOCH 68 (58.918 seconds):
2017-05-03 07:20:16,589 INFO: 	Average L2 norm of relation vector: 0.0512
2017-05-03 07:20:16,590 INFO: 	COST >> 0.024 +/- 0.001, % updates Left: 3.12% Rel: 0.39% Right: 2.71%
2017-05-03 07:21:16,222 INFO: ----------------------------------------------------------------------------
2017-05-03 07:21:16,222 INFO: EPOCH 69 (59.632 seconds):
2017-05-03 07:21:16,257 INFO: 	Average L2 norm of relation vector: 0.05114
2017-05-03 07:21:16,258 INFO: 	COST >> 0.024 +/- 0.001, % updates Left: 3.1% Rel: 0.41% Right: 2.66%
2017-05-03 07:22:30,289 INFO: ----------------------------------------------------------------------------
2017-05-03 07:22:30,289 INFO: EPOCH 70 (74.031 seconds):
2017-05-03 07:22:30,291 INFO: 	Average L2 norm of relation vector: 0.0511
2017-05-03 07:22:30,292 INFO: 	COST >> 0.023 +/- 0.001, % updates Left: 3.11% Rel: 0.4% Right: 2.64%
2017-05-03 07:22:30,292 INFO: 	FilteredRanking: evaluating rank on 1000 triples
2017-05-03 07:24:11,377 INFO: 	FilteredRanking: evaluating rank on 1000 triples
2017-05-03 07:25:55,011 INFO: 	MEAN RANK >> valid: 118.3, train: 41.4
2017-05-03 07:25:55,012 INFO: 		MEAN RANK TRAIN: Left: 44.0 Rel: 2.4 Right: 38.9
2017-05-03 07:25:55,013 INFO: 		MEAN RANK VALID: Left: 139.3 Rel: 2.4 Right: 97.4
2017-05-03 07:25:55,013 INFO: 		MEAN RECIPROCAL RANK VALID (L & R): 0.21
2017-05-03 07:25:55,013 INFO: 	FilteredRanking: evaluating rank on 1000 triples
2017-05-03 07:27:35,604 INFO: 	NEW BEST TEST MR: 124.5
2017-05-03 07:27:35,605 INFO: 		Left MR: 143.8 Rel MR: 3.5 Right MR: 105.2
2017-05-03 07:27:35,671 INFO: 	(ranking took 305.379 seconds)
2017-05-03 07:28:40,903 INFO: ----------------------------------------------------------------------------
2017-05-03 07:28:40,904 INFO: EPOCH 71 (65.232 seconds):
2017-05-03 07:28:40,906 INFO: 	Average L2 norm of relation vector: 0.05105
2017-05-03 07:28:40,907 INFO: 	COST >> 0.023 +/- 0.001, % updates Left: 3.09% Rel: 0.39% Right: 2.59%
2017-05-03 07:29:40,885 INFO: ----------------------------------------------------------------------------
2017-05-03 07:29:40,885 INFO: EPOCH 72 (59.979 seconds):
2017-05-03 07:29:40,888 INFO: 	Average L2 norm of relation vector: 0.05101
2017-05-03 07:29:40,889 INFO: 	COST >> 0.023 +/- 0.001, % updates Left: 3.11% Rel: 0.39% Right: 2.58%
2017-05-03 07:30:49,623 INFO: ----------------------------------------------------------------------------
2017-05-03 07:30:49,623 INFO: EPOCH 73 (68.734 seconds):
2017-05-03 07:30:49,625 INFO: 	Average L2 norm of relation vector: 0.05096
2017-05-03 07:30:49,626 INFO: 	COST >> 0.023 +/- 0.001, % updates Left: 3.05% Rel: 0.38% Right: 2.59%
2017-05-03 07:31:48,104 INFO: ----------------------------------------------------------------------------
2017-05-03 07:31:48,105 INFO: EPOCH 74 (58.478 seconds):
2017-05-03 07:31:48,106 INFO: 	Average L2 norm of relation vector: 0.05092
2017-05-03 07:31:48,107 INFO: 	COST >> 0.023 +/- 0.001, % updates Left: 3.01% Rel: 0.39% Right: 2.57%
2017-05-03 07:32:46,966 INFO: ----------------------------------------------------------------------------
2017-05-03 07:32:46,967 INFO: EPOCH 75 (58.859 seconds):
2017-05-03 07:32:46,969 INFO: 	Average L2 norm of relation vector: 0.05087
2017-05-03 07:32:46,970 INFO: 	COST >> 0.023 +/- 0.001, % updates Left: 3.03% Rel: 0.38% Right: 2.63%
2017-05-03 07:33:47,599 INFO: ----------------------------------------------------------------------------
2017-05-03 07:33:47,599 INFO: EPOCH 76 (60.629 seconds):
2017-05-03 07:33:47,601 INFO: 	Average L2 norm of relation vector: 0.05082
2017-05-03 07:33:47,602 INFO: 	COST >> 0.023 +/- 0.001, % updates Left: 3.01% Rel: 0.39% Right: 2.52%
2017-05-03 07:34:47,325 INFO: ----------------------------------------------------------------------------
2017-05-03 07:34:47,326 INFO: EPOCH 77 (59.723 seconds):
2017-05-03 07:34:47,355 INFO: 	Average L2 norm of relation vector: 0.05077
2017-05-03 07:34:47,356 INFO: 	COST >> 0.023 +/- 0.001, % updates Left: 3.0% Rel: 0.39% Right: 2.52%
2017-05-03 07:35:57,732 INFO: ----------------------------------------------------------------------------
2017-05-03 07:35:57,732 INFO: EPOCH 78 (70.376 seconds):
2017-05-03 07:35:57,734 INFO: 	Average L2 norm of relation vector: 0.05071
2017-05-03 07:35:57,735 INFO: 	COST >> 0.022 +/- 0.001, % updates Left: 2.95% Rel: 0.39% Right: 2.54%
2017-05-03 07:36:57,328 INFO: ----------------------------------------------------------------------------
2017-05-03 07:36:57,328 INFO: EPOCH 79 (59.593 seconds):
2017-05-03 07:36:57,330 INFO: 	Average L2 norm of relation vector: 0.05066
2017-05-03 07:36:57,331 INFO: 	COST >> 0.023 +/- 0.001, % updates Left: 2.98% Rel: 0.39% Right: 2.54%
2017-05-03 07:38:05,134 INFO: ----------------------------------------------------------------------------
2017-05-03 07:38:05,135 INFO: EPOCH 80 (67.803 seconds):
2017-05-03 07:38:05,138 INFO: 	Average L2 norm of relation vector: 0.05061
2017-05-03 07:38:05,139 INFO: 	COST >> 0.022 +/- 0.001, % updates Left: 2.93% Rel: 0.4% Right: 2.51%
2017-05-03 07:38:05,139 INFO: 	FilteredRanking: evaluating rank on 1000 triples
2017-05-03 07:40:06,553 INFO: 	FilteredRanking: evaluating rank on 1000 triples
2017-05-03 07:41:54,815 INFO: 	MEAN RANK >> valid: 112.6, train: 38.3
2017-05-03 07:41:54,816 INFO: 		MEAN RANK TRAIN: Left: 40.0 Rel: 2.3 Right: 36.5
2017-05-03 07:41:54,816 INFO: 		MEAN RANK VALID: Left: 135.8 Rel: 2.4 Right: 89.4
2017-05-03 07:41:54,817 INFO: 		MEAN RECIPROCAL RANK VALID (L & R): 0.2115
2017-05-03 07:41:54,817 INFO: 	FilteredRanking: evaluating rank on 1000 triples
2017-05-03 07:43:37,636 INFO: 	NEW BEST TEST MR: 124.6
2017-05-03 07:43:37,638 INFO: 		Left MR: 139.3 Rel MR: 3.3 Right MR: 109.9
2017-05-03 07:43:37,712 INFO: 	(ranking took 332.573 seconds)
2017-05-03 07:44:38,813 INFO: ----------------------------------------------------------------------------
2017-05-03 07:44:38,813 INFO: EPOCH 81 (61.101 seconds):
2017-05-03 07:44:38,815 INFO: 	Average L2 norm of relation vector: 0.05057
2017-05-03 07:44:38,816 INFO: 	COST >> 0.022 +/- 0.001, % updates Left: 2.97% Rel: 0.39% Right: 2.49%
2017-05-03 07:45:36,961 INFO: ----------------------------------------------------------------------------
2017-05-03 07:45:36,961 INFO: EPOCH 82 (58.144 seconds):
2017-05-03 07:45:36,963 INFO: 	Average L2 norm of relation vector: 0.05052
2017-05-03 07:45:36,964 INFO: 	COST >> 0.022 +/- 0.001, % updates Left: 2.97% Rel: 0.39% Right: 2.48%
2017-05-03 07:46:37,210 INFO: ----------------------------------------------------------------------------
2017-05-03 07:46:37,210 INFO: EPOCH 83 (60.246 seconds):
2017-05-03 07:46:37,212 INFO: 	Average L2 norm of relation vector: 0.05046
2017-05-03 07:46:37,213 INFO: 	COST >> 0.022 +/- 0.001, % updates Left: 2.86% Rel: 0.38% Right: 2.43%
2017-05-03 07:47:54,667 INFO: ----------------------------------------------------------------------------
2017-05-03 07:47:54,668 INFO: EPOCH 84 (77.454 seconds):
2017-05-03 07:47:54,671 INFO: 	Average L2 norm of relation vector: 0.05043
2017-05-03 07:47:54,672 INFO: 	COST >> 0.022 +/- 0.001, % updates Left: 2.93% Rel: 0.4% Right: 2.47%
2017-05-03 07:49:00,548 INFO: ----------------------------------------------------------------------------
2017-05-03 07:49:00,548 INFO: EPOCH 85 (65.876 seconds):
2017-05-03 07:49:00,550 INFO: 	Average L2 norm of relation vector: 0.05037
2017-05-03 07:49:00,551 INFO: 	COST >> 0.021 +/- 0.001, % updates Left: 2.84% Rel: 0.38% Right: 2.42%
2017-05-03 07:50:01,577 INFO: ----------------------------------------------------------------------------
2017-05-03 07:50:01,577 INFO: EPOCH 86 (61.026 seconds):
2017-05-03 07:50:01,617 INFO: 	Average L2 norm of relation vector: 0.05032
2017-05-03 07:50:01,618 INFO: 	COST >> 0.022 +/- 0.001, % updates Left: 2.85% Rel: 0.37% Right: 2.46%
2017-05-03 07:51:00,334 INFO: ----------------------------------------------------------------------------
2017-05-03 07:51:00,335 INFO: EPOCH 87 (58.717 seconds):
2017-05-03 07:51:00,337 INFO: 	Average L2 norm of relation vector: 0.05027
2017-05-03 07:51:00,338 INFO: 	COST >> 0.022 +/- 0.001, % updates Left: 2.84% Rel: 0.38% Right: 2.4%
2017-05-03 07:52:00,678 INFO: ----------------------------------------------------------------------------
2017-05-03 07:52:00,679 INFO: EPOCH 88 (60.34 seconds):
2017-05-03 07:52:00,681 INFO: 	Average L2 norm of relation vector: 0.05023
2017-05-03 07:52:00,682 INFO: 	COST >> 0.021 +/- 0.001, % updates Left: 2.85% Rel: 0.38% Right: 2.42%
2017-05-03 07:53:10,591 INFO: ----------------------------------------------------------------------------
2017-05-03 07:53:10,592 INFO: EPOCH 89 (69.909 seconds):
2017-05-03 07:53:10,594 INFO: 	Average L2 norm of relation vector: 0.05018
2017-05-03 07:53:10,594 INFO: 	COST >> 0.021 +/- 0.001, % updates Left: 2.83% Rel: 0.37% Right: 2.42%
2017-05-03 07:54:09,636 INFO: ----------------------------------------------------------------------------
2017-05-03 07:54:09,636 INFO: EPOCH 90 (59.042 seconds):
2017-05-03 07:54:09,638 INFO: 	Average L2 norm of relation vector: 0.05012
2017-05-03 07:54:09,639 INFO: 	COST >> 0.021 +/- 0.001, % updates Left: 2.75% Rel: 0.38% Right: 2.39%
2017-05-03 07:54:09,639 INFO: 	FilteredRanking: evaluating rank on 1000 triples
2017-05-03 07:55:53,233 INFO: 	FilteredRanking: evaluating rank on 1000 triples
2017-05-03 07:57:33,590 INFO: 	MEAN RANK >> valid: 107.9, train: 33.4
2017-05-03 07:57:33,592 INFO: 		MEAN RANK TRAIN: Left: 36.0 Rel: 2.3 Right: 30.7
2017-05-03 07:57:33,593 INFO: 		MEAN RANK VALID: Left: 129.3 Rel: 2.4 Right: 86.5
2017-05-03 07:57:33,594 INFO: 		MEAN RECIPROCAL RANK VALID (L & R): 0.212
2017-05-03 07:57:33,594 INFO: 	FilteredRanking: evaluating rank on 1000 triples
2017-05-03 07:59:24,501 INFO: 	NEW BEST TEST MR: 114.4
2017-05-03 07:59:24,502 INFO: 		Left MR: 122.3 Rel MR: 3.3 Right MR: 106.5
2017-05-03 07:59:24,568 INFO: 	(ranking took 314.929 seconds)
2017-05-03 08:00:24,914 INFO: ----------------------------------------------------------------------------
2017-05-03 08:00:24,915 INFO: EPOCH 91 (60.346 seconds):
2017-05-03 08:00:24,917 INFO: 	Average L2 norm of relation vector: 0.05006
2017-05-03 08:00:24,918 INFO: 	COST >> 0.021 +/- 0.001, % updates Left: 2.78% Rel: 0.38% Right: 2.37%
2017-05-03 08:01:29,685 INFO: ----------------------------------------------------------------------------
2017-05-03 08:01:29,685 INFO: EPOCH 92 (64.768 seconds):
2017-05-03 08:01:29,688 INFO: 	Average L2 norm of relation vector: 0.05
2017-05-03 08:01:29,689 INFO: 	COST >> 0.021 +/- 0.001, % updates Left: 2.77% Rel: 0.39% Right: 2.4%
2017-05-03 08:02:30,795 INFO: ----------------------------------------------------------------------------
2017-05-03 08:02:30,796 INFO: EPOCH 93 (61.106 seconds):
2017-05-03 08:02:30,798 INFO: 	Average L2 norm of relation vector: 0.04995
2017-05-03 08:02:30,798 INFO: 	COST >> 0.021 +/- 0.001, % updates Left: 2.78% Rel: 0.38% Right: 2.41%
2017-05-03 08:03:32,002 INFO: ----------------------------------------------------------------------------
2017-05-03 08:03:32,003 INFO: EPOCH 94 (61.204 seconds):
2017-05-03 08:03:32,005 INFO: 	Average L2 norm of relation vector: 0.0499
2017-05-03 08:03:32,006 INFO: 	COST >> 0.021 +/- 0.001, % updates Left: 2.72% Rel: 0.38% Right: 2.36%
2017-05-03 08:04:35,913 INFO: ----------------------------------------------------------------------------
2017-05-03 08:04:35,914 INFO: EPOCH 95 (63.908 seconds):
2017-05-03 08:04:35,916 INFO: 	Average L2 norm of relation vector: 0.04986
2017-05-03 08:04:35,917 INFO: 	COST >> 0.021 +/- 0.001, % updates Left: 2.76% Rel: 0.39% Right: 2.37%
2017-05-03 08:05:42,022 INFO: ----------------------------------------------------------------------------
2017-05-03 08:05:42,022 INFO: EPOCH 96 (66.105 seconds):
2017-05-03 08:05:42,025 INFO: 	Average L2 norm of relation vector: 0.04982
2017-05-03 08:05:42,026 INFO: 	COST >> 0.021 +/- 0.001, % updates Left: 2.77% Rel: 0.37% Right: 2.35%
2017-05-03 08:06:44,685 INFO: ----------------------------------------------------------------------------
2017-05-03 08:06:44,685 INFO: EPOCH 97 (62.66 seconds):
2017-05-03 08:06:44,688 INFO: 	Average L2 norm of relation vector: 0.04976
2017-05-03 08:06:44,689 INFO: 	COST >> 0.021 +/- 0.001, % updates Left: 2.76% Rel: 0.37% Right: 2.34%
2017-05-03 08:07:43,657 INFO: ----------------------------------------------------------------------------
2017-05-03 08:07:43,658 INFO: EPOCH 98 (58.969 seconds):
2017-05-03 08:07:43,660 INFO: 	Average L2 norm of relation vector: 0.0497
2017-05-03 08:07:43,661 INFO: 	COST >> 0.021 +/- 0.001, % updates Left: 2.76% Rel: 0.37% Right: 2.31%
2017-05-03 08:08:49,016 INFO: ----------------------------------------------------------------------------
2017-05-03 08:08:49,016 INFO: EPOCH 99 (65.355 seconds):
2017-05-03 08:08:49,019 INFO: 	Average L2 norm of relation vector: 0.04965
2017-05-03 08:08:49,020 INFO: 	COST >> 0.02 +/- 0.001, % updates Left: 2.71% Rel: 0.37% Right: 2.34%
2017-05-03 08:09:56,140 INFO: ----------------------------------------------------------------------------
2017-05-03 08:09:56,140 INFO: EPOCH 100 (67.12 seconds):
2017-05-03 08:09:56,142 INFO: 	Average L2 norm of relation vector: 0.0496
2017-05-03 08:09:56,143 INFO: 	COST >> 0.02 +/- 0.001, % updates Left: 2.73% Rel: 0.36% Right: 2.32%
2017-05-03 08:09:56,144 INFO: 	FilteredRanking: evaluating rank on 1000 triples
2017-05-03 08:11:42,406 INFO: 	FilteredRanking: evaluating rank on 1000 triples
2017-05-03 08:13:49,612 INFO: 	MEAN RANK >> valid: 108.4, train: 31.9
2017-05-03 08:13:49,613 INFO: 		MEAN RANK TRAIN: Left: 33.6 Rel: 2.2 Right: 30.2
2017-05-03 08:13:49,614 INFO: 		MEAN RANK VALID: Left: 132.5 Rel: 2.3 Right: 84.2
2017-05-03 08:13:49,614 INFO: 		MEAN RECIPROCAL RANK VALID (L & R): 0.215
2017-05-03 08:13:49,614 INFO: 	FilteredRanking: evaluating rank on 1000 triples
2017-05-03 08:15:34,090 INFO: 	NEW BEST TEST MR: 111.5
2017-05-03 08:15:34,091 INFO: 		Left MR: 117.9 Rel MR: 3.2 Right MR: 105.0
2017-05-03 08:15:34,499 INFO: 	(ranking took 338.356 seconds)
2017-05-03 08:16:40,391 INFO: ----------------------------------------------------------------------------
2017-05-03 08:16:40,391 INFO: EPOCH 101 (65.891 seconds):
2017-05-03 08:16:40,393 INFO: 	Average L2 norm of relation vector: 0.04955
2017-05-03 08:16:40,394 INFO: 	COST >> 0.02 +/- 0.001, % updates Left: 2.69% Rel: 0.38% Right: 2.3%
2017-05-03 08:17:45,594 INFO: ----------------------------------------------------------------------------
2017-05-03 08:17:45,595 INFO: EPOCH 102 (65.2 seconds):
2017-05-03 08:17:45,597 INFO: 	Average L2 norm of relation vector: 0.0495
2017-05-03 08:17:45,598 INFO: 	COST >> 0.02 +/- 0.001, % updates Left: 2.72% Rel: 0.38% Right: 2.27%
2017-05-03 08:18:44,026 INFO: ----------------------------------------------------------------------------
2017-05-03 08:18:44,027 INFO: EPOCH 103 (58.428 seconds):
2017-05-03 08:18:44,029 INFO: 	Average L2 norm of relation vector: 0.04944
2017-05-03 08:18:44,030 INFO: 	COST >> 0.02 +/- 0.001, % updates Left: 2.73% Rel: 0.37% Right: 2.32%
2017-05-03 08:19:42,402 INFO: ----------------------------------------------------------------------------
2017-05-03 08:19:42,403 INFO: EPOCH 104 (58.372 seconds):
2017-05-03 08:19:42,405 INFO: 	Average L2 norm of relation vector: 0.0494
2017-05-03 08:19:42,406 INFO: 	COST >> 0.02 +/- 0.001, % updates Left: 2.71% Rel: 0.35% Right: 2.26%
2017-05-03 08:20:40,372 INFO: ----------------------------------------------------------------------------
2017-05-03 08:20:40,372 INFO: EPOCH 105 (57.966 seconds):
2017-05-03 08:20:40,374 INFO: 	Average L2 norm of relation vector: 0.04935
2017-05-03 08:20:40,375 INFO: 	COST >> 0.02 +/- 0.001, % updates Left: 2.67% Rel: 0.37% Right: 2.26%
2017-05-03 08:21:38,342 INFO: ----------------------------------------------------------------------------
2017-05-03 08:21:38,342 INFO: EPOCH 106 (57.967 seconds):
2017-05-03 08:21:38,344 INFO: 	Average L2 norm of relation vector: 0.04929
2017-05-03 08:21:38,345 INFO: 	COST >> 0.02 +/- 0.001, % updates Left: 2.63% Rel: 0.37% Right: 2.28%
2017-05-03 08:22:36,999 INFO: ----------------------------------------------------------------------------
2017-05-03 08:22:37,000 INFO: EPOCH 107 (58.654 seconds):
2017-05-03 08:22:37,002 INFO: 	Average L2 norm of relation vector: 0.04924
2017-05-03 08:22:37,003 INFO: 	COST >> 0.02 +/- 0.001, % updates Left: 2.66% Rel: 0.36% Right: 2.2%
2017-05-03 08:23:36,230 INFO: ----------------------------------------------------------------------------
2017-05-03 08:23:36,231 INFO: EPOCH 108 (59.228 seconds):
2017-05-03 08:23:36,233 INFO: 	Average L2 norm of relation vector: 0.04919
2017-05-03 08:23:36,234 INFO: 	COST >> 0.02 +/- 0.001, % updates Left: 2.67% Rel: 0.37% Right: 2.28%
2017-05-03 08:24:37,382 INFO: ----------------------------------------------------------------------------
2017-05-03 08:24:37,383 INFO: EPOCH 109 (61.149 seconds):
2017-05-03 08:24:37,385 INFO: 	Average L2 norm of relation vector: 0.04913
2017-05-03 08:24:37,386 INFO: 	COST >> 0.02 +/- 0.001, % updates Left: 2.61% Rel: 0.37% Right: 2.26%
2017-05-03 08:25:51,846 INFO: ----------------------------------------------------------------------------
2017-05-03 08:25:51,847 INFO: EPOCH 110 (74.46 seconds):
2017-05-03 08:25:51,849 INFO: 	Average L2 norm of relation vector: 0.04908
2017-05-03 08:25:51,850 INFO: 	COST >> 0.02 +/- 0.001, % updates Left: 2.69% Rel: 0.37% Right: 2.25%
2017-05-03 08:25:51,850 INFO: 	FilteredRanking: evaluating rank on 1000 triples
2017-05-03 08:27:36,003 INFO: 	FilteredRanking: evaluating rank on 1000 triples
2017-05-03 08:29:15,967 INFO: 	MEAN RANK >> valid: 98.5, train: 28.7
2017-05-03 08:29:15,968 INFO: 		MEAN RANK TRAIN: Left: 32.1 Rel: 2.2 Right: 25.4
2017-05-03 08:29:15,969 INFO: 		MEAN RANK VALID: Left: 117.8 Rel: 2.3 Right: 79.2
2017-05-03 08:29:15,969 INFO: 		MEAN RECIPROCAL RANK VALID (L & R): 0.2315
2017-05-03 08:29:15,969 INFO: 	FilteredRanking: evaluating rank on 1000 triples
2017-05-03 08:31:00,390 INFO: 	NEW BEST TEST MR: 104.9
2017-05-03 08:31:00,393 INFO: 		Left MR: 113.3 Rel MR: 3.2 Right MR: 96.6
2017-05-03 08:31:01,019 INFO: 	(ranking took 309.168 seconds)
2017-05-03 08:32:19,695 INFO: ----------------------------------------------------------------------------
2017-05-03 08:32:19,695 INFO: EPOCH 111 (78.676 seconds):
2017-05-03 08:32:19,698 INFO: 	Average L2 norm of relation vector: 0.04903
2017-05-03 08:32:19,700 INFO: 	COST >> 0.02 +/- 0.001, % updates Left: 2.61% Rel: 0.36% Right: 2.26%
2017-05-03 08:33:39,726 INFO: ----------------------------------------------------------------------------
2017-05-03 08:33:39,726 INFO: EPOCH 112 (80.026 seconds):
2017-05-03 08:33:39,729 INFO: 	Average L2 norm of relation vector: 0.04898
2017-05-03 08:33:39,729 INFO: 	COST >> 0.019 +/- 0.001, % updates Left: 2.59% Rel: 0.37% Right: 2.25%
2017-05-03 08:34:38,558 INFO: ----------------------------------------------------------------------------
2017-05-03 08:34:38,558 INFO: EPOCH 113 (58.829 seconds):
2017-05-03 08:34:39,362 INFO: 	Average L2 norm of relation vector: 0.04893
2017-05-03 08:34:39,363 INFO: 	COST >> 0.019 +/- 0.001, % updates Left: 2.59% Rel: 0.36% Right: 2.25%
2017-05-03 08:35:38,707 INFO: ----------------------------------------------------------------------------
2017-05-03 08:35:38,708 INFO: EPOCH 114 (59.345 seconds):
2017-05-03 08:35:38,710 INFO: 	Average L2 norm of relation vector: 0.04889
2017-05-03 08:35:38,711 INFO: 	COST >> 0.019 +/- 0.001, % updates Left: 2.59% Rel: 0.36% Right: 2.24%
2017-05-03 08:36:44,368 INFO: ----------------------------------------------------------------------------
2017-05-03 08:36:44,369 INFO: EPOCH 115 (65.658 seconds):
2017-05-03 08:36:44,371 INFO: 	Average L2 norm of relation vector: 0.04883
2017-05-03 08:36:44,372 INFO: 	COST >> 0.019 +/- 0.001, % updates Left: 2.59% Rel: 0.36% Right: 2.24%
2017-05-03 08:37:47,328 INFO: ----------------------------------------------------------------------------
2017-05-03 08:37:47,329 INFO: EPOCH 116 (62.957 seconds):
2017-05-03 08:37:47,331 INFO: 	Average L2 norm of relation vector: 0.04879
2017-05-03 08:37:47,332 INFO: 	COST >> 0.019 +/- 0.001, % updates Left: 2.62% Rel: 0.37% Right: 2.23%
2017-05-03 08:38:50,144 INFO: ----------------------------------------------------------------------------
2017-05-03 08:38:50,145 INFO: EPOCH 117 (62.812 seconds):
2017-05-03 08:38:50,147 INFO: 	Average L2 norm of relation vector: 0.04873
2017-05-03 08:38:50,148 INFO: 	COST >> 0.019 +/- 0.001, % updates Left: 2.59% Rel: 0.37% Right: 2.21%
2017-05-03 08:40:17,500 INFO: ----------------------------------------------------------------------------
2017-05-03 08:40:17,501 INFO: EPOCH 118 (87.353 seconds):
2017-05-03 08:40:17,504 INFO: 	Average L2 norm of relation vector: 0.0487
2017-05-03 08:40:17,505 INFO: 	COST >> 0.019 +/- 0.001, % updates Left: 2.61% Rel: 0.37% Right: 2.22%
2017-05-03 08:41:23,963 INFO: ----------------------------------------------------------------------------
2017-05-03 08:41:23,963 INFO: EPOCH 119 (66.458 seconds):
2017-05-03 08:41:23,966 INFO: 	Average L2 norm of relation vector: 0.04864
2017-05-03 08:41:23,966 INFO: 	COST >> 0.019 +/- 0.001, % updates Left: 2.59% Rel: 0.37% Right: 2.21%
2017-05-03 08:42:23,374 INFO: ----------------------------------------------------------------------------
2017-05-03 08:42:23,375 INFO: EPOCH 120 (59.408 seconds):
2017-05-03 08:42:23,377 INFO: 	Average L2 norm of relation vector: 0.0486
2017-05-03 08:42:23,378 INFO: 	COST >> 0.019 +/- 0.001, % updates Left: 2.56% Rel: 0.37% Right: 2.2%
2017-05-03 08:42:23,378 INFO: 	FilteredRanking: evaluating rank on 1000 triples
2017-05-03 08:44:12,801 INFO: 	FilteredRanking: evaluating rank on 1000 triples
2017-05-03 08:45:53,183 INFO: 	MEAN RANK >> valid: 93.4, train: 29.7
2017-05-03 08:45:53,184 INFO: 		MEAN RANK TRAIN: Left: 32.6 Rel: 2.1 Right: 26.8
2017-05-03 08:45:53,185 INFO: 		MEAN RANK VALID: Left: 111.3 Rel: 2.2 Right: 75.5
2017-05-03 08:45:53,185 INFO: 		MEAN RECIPROCAL RANK VALID (L & R): 0.232
2017-05-03 08:45:53,185 INFO: 	FilteredRanking: evaluating rank on 1000 triples
2017-05-03 08:47:47,661 INFO: 	NEW BEST TEST MR: 99.0
2017-05-03 08:47:47,662 INFO: 		Left MR: 103.0 Rel MR: 3.1 Right MR: 95.0
2017-05-03 08:47:48,035 INFO: 	(ranking took 324.657 seconds)
2017-05-03 08:48:46,922 INFO: ----------------------------------------------------------------------------
2017-05-03 08:48:46,922 INFO: EPOCH 121 (58.886 seconds):
2017-05-03 08:48:46,924 INFO: 	Average L2 norm of relation vector: 0.04856
2017-05-03 08:48:46,925 INFO: 	COST >> 0.019 +/- 0.001, % updates Left: 2.61% Rel: 0.36% Right: 2.17%
2017-05-03 08:49:46,026 INFO: ----------------------------------------------------------------------------
2017-05-03 08:49:46,027 INFO: EPOCH 122 (59.101 seconds):
2017-05-03 08:49:46,029 INFO: 	Average L2 norm of relation vector: 0.04851
2017-05-03 08:49:46,030 INFO: 	COST >> 0.019 +/- 0.001, % updates Left: 2.55% Rel: 0.36% Right: 2.18%
2017-05-03 08:50:45,215 INFO: ----------------------------------------------------------------------------
2017-05-03 08:50:45,215 INFO: EPOCH 123 (59.185 seconds):
2017-05-03 08:50:45,217 INFO: 	Average L2 norm of relation vector: 0.04847
2017-05-03 08:50:45,218 INFO: 	COST >> 0.019 +/- 0.001, % updates Left: 2.55% Rel: 0.37% Right: 2.19%
2017-05-03 08:51:45,113 INFO: ----------------------------------------------------------------------------
2017-05-03 08:51:45,114 INFO: EPOCH 124 (59.895 seconds):
2017-05-03 08:51:45,116 INFO: 	Average L2 norm of relation vector: 0.04842
2017-05-03 08:51:45,117 INFO: 	COST >> 0.019 +/- 0.001, % updates Left: 2.56% Rel: 0.36% Right: 2.12%
2017-05-03 08:52:45,458 INFO: ----------------------------------------------------------------------------
2017-05-03 08:52:45,458 INFO: EPOCH 125 (60.341 seconds):
2017-05-03 08:52:45,460 INFO: 	Average L2 norm of relation vector: 0.04837
2017-05-03 08:52:45,461 INFO: 	COST >> 0.019 +/- 0.001, % updates Left: 2.54% Rel: 0.36% Right: 2.13%
2017-05-03 08:53:54,226 INFO: ----------------------------------------------------------------------------
2017-05-03 08:53:54,227 INFO: EPOCH 126 (68.766 seconds):
2017-05-03 08:53:54,230 INFO: 	Average L2 norm of relation vector: 0.04832
2017-05-03 08:53:54,230 INFO: 	COST >> 0.019 +/- 0.001, % updates Left: 2.53% Rel: 0.36% Right: 2.17%
2017-05-03 08:55:04,612 INFO: ----------------------------------------------------------------------------
2017-05-03 08:55:04,613 INFO: EPOCH 127 (70.382 seconds):
2017-05-03 08:55:04,617 INFO: 	Average L2 norm of relation vector: 0.04827
2017-05-03 08:55:04,618 INFO: 	COST >> 0.019 +/- 0.001, % updates Left: 2.54% Rel: 0.36% Right: 2.16%
2017-05-03 08:56:30,402 INFO: ----------------------------------------------------------------------------
2017-05-03 08:56:30,402 INFO: EPOCH 128 (85.783 seconds):
2017-05-03 08:56:30,404 INFO: 	Average L2 norm of relation vector: 0.04823
2017-05-03 08:56:30,405 INFO: 	COST >> 0.019 +/- 0.001, % updates Left: 2.51% Rel: 0.37% Right: 2.16%
2017-05-03 08:57:46,913 INFO: ----------------------------------------------------------------------------
2017-05-03 08:57:46,913 INFO: EPOCH 129 (76.507 seconds):
2017-05-03 08:57:46,915 INFO: 	Average L2 norm of relation vector: 0.04819
2017-05-03 08:57:46,916 INFO: 	COST >> 0.019 +/- 0.001, % updates Left: 2.55% Rel: 0.36% Right: 2.18%
2017-05-03 08:58:54,348 INFO: ----------------------------------------------------------------------------
2017-05-03 08:58:54,348 INFO: EPOCH 130 (67.432 seconds):
2017-05-03 08:58:54,350 INFO: 	Average L2 norm of relation vector: 0.04814
2017-05-03 08:58:54,351 INFO: 	COST >> 0.019 +/- 0.001, % updates Left: 2.53% Rel: 0.37% Right: 2.14%
2017-05-03 08:58:54,351 INFO: 	FilteredRanking: evaluating rank on 1000 triples
2017-05-03 09:00:50,021 INFO: 	FilteredRanking: evaluating rank on 1000 triples
2017-05-03 09:02:31,758 INFO: 	MEAN RANK >> valid: 94.9, train: 27.2
2017-05-03 09:02:31,759 INFO: 		MEAN RANK TRAIN: Left: 30.9 Rel: 2.1 Right: 23.6
2017-05-03 09:02:31,759 INFO: 		MEAN RANK VALID: Left: 117.9 Rel: 2.2 Right: 71.8
2017-05-03 09:02:31,759 INFO: 		MEAN RECIPROCAL RANK VALID (L & R): 0.2445
2017-05-03 09:02:31,760 INFO: 	FilteredRanking: evaluating rank on 1000 triples
2017-05-03 09:04:15,268 INFO: 	NEW BEST TEST MR: 95.2
2017-05-03 09:04:15,269 INFO: 		Left MR: 100.5 Rel MR: 3.0 Right MR: 90.0
2017-05-03 09:04:15,346 INFO: 	(ranking took 320.994 seconds)
2017-05-03 09:05:16,753 INFO: ----------------------------------------------------------------------------
2017-05-03 09:05:16,782 INFO: EPOCH 131 (61.436 seconds):
2017-05-03 09:05:16,785 INFO: 	Average L2 norm of relation vector: 0.0481
2017-05-03 09:05:16,786 INFO: 	COST >> 0.019 +/- 0.001, % updates Left: 2.53% Rel: 0.36% Right: 2.13%
2017-05-03 09:06:30,677 INFO: ----------------------------------------------------------------------------
2017-05-03 09:06:30,678 INFO: EPOCH 132 (73.891 seconds):
2017-05-03 09:06:30,681 INFO: 	Average L2 norm of relation vector: 0.04806
2017-05-03 09:06:30,682 INFO: 	COST >> 0.019 +/- 0.001, % updates Left: 2.52% Rel: 0.36% Right: 2.12%
2017-05-03 09:07:45,162 INFO: ----------------------------------------------------------------------------
2017-05-03 09:07:45,163 INFO: EPOCH 133 (74.481 seconds):
2017-05-03 09:07:45,166 INFO: 	Average L2 norm of relation vector: 0.04802
2017-05-03 09:07:45,167 INFO: 	COST >> 0.018 +/- 0.001, % updates Left: 2.5% Rel: 0.35% Right: 2.14%
2017-05-03 09:08:57,436 INFO: ----------------------------------------------------------------------------
2017-05-03 09:08:57,437 INFO: EPOCH 134 (72.27 seconds):
2017-05-03 09:08:57,440 INFO: 	Average L2 norm of relation vector: 0.04797
2017-05-03 09:08:57,441 INFO: 	COST >> 0.018 +/- 0.001, % updates Left: 2.49% Rel: 0.35% Right: 2.11%
2017-05-03 09:10:29,823 INFO: ----------------------------------------------------------------------------
2017-05-03 09:10:29,824 INFO: EPOCH 135 (92.383 seconds):
2017-05-03 09:10:29,827 INFO: 	Average L2 norm of relation vector: 0.04794
2017-05-03 09:10:29,829 INFO: 	COST >> 0.019 +/- 0.001, % updates Left: 2.51% Rel: 0.37% Right: 2.13%
2017-05-03 09:12:01,691 INFO: ----------------------------------------------------------------------------
2017-05-03 09:12:01,692 INFO: EPOCH 136 (91.863 seconds):
2017-05-03 09:12:01,695 INFO: 	Average L2 norm of relation vector: 0.04791
2017-05-03 09:12:01,696 INFO: 	COST >> 0.018 +/- 0.001, % updates Left: 2.51% Rel: 0.35% Right: 2.13%
2017-05-03 09:13:31,426 INFO: ----------------------------------------------------------------------------
2017-05-03 09:13:31,427 INFO: EPOCH 137 (89.731 seconds):
2017-05-03 09:13:31,430 INFO: 	Average L2 norm of relation vector: 0.04786
2017-05-03 09:13:31,431 INFO: 	COST >> 0.018 +/- 0.001, % updates Left: 2.47% Rel: 0.37% Right: 2.12%
2017-05-03 09:15:01,309 INFO: ----------------------------------------------------------------------------
2017-05-03 09:15:01,310 INFO: EPOCH 138 (89.878 seconds):
2017-05-03 09:15:01,312 INFO: 	Average L2 norm of relation vector: 0.04781
2017-05-03 09:15:01,313 INFO: 	COST >> 0.018 +/- 0.001, % updates Left: 2.44% Rel: 0.36% Right: 2.12%
2017-05-03 09:16:30,824 INFO: ----------------------------------------------------------------------------
2017-05-03 09:16:30,875 INFO: EPOCH 139 (89.561 seconds):
2017-05-03 09:16:30,877 INFO: 	Average L2 norm of relation vector: 0.04778
2017-05-03 09:16:30,878 INFO: 	COST >> 0.018 +/- 0.001, % updates Left: 2.51% Rel: 0.36% Right: 2.11%
2017-05-03 09:17:32,073 INFO: ----------------------------------------------------------------------------
2017-05-03 09:17:32,073 INFO: EPOCH 140 (61.195 seconds):
2017-05-03 09:17:32,075 INFO: 	Average L2 norm of relation vector: 0.04775
2017-05-03 09:17:32,076 INFO: 	COST >> 0.018 +/- 0.001, % updates Left: 2.47% Rel: 0.36% Right: 2.14%
2017-05-03 09:17:32,077 INFO: 	FilteredRanking: evaluating rank on 1000 triples
2017-05-03 09:19:16,944 INFO: 	FilteredRanking: evaluating rank on 1000 triples
2017-05-03 09:20:57,246 INFO: 	MEAN RANK >> valid: 97.1, train: 27.1
2017-05-03 09:20:57,247 INFO: 		MEAN RANK TRAIN: Left: 30.2 Rel: 2.1 Right: 24.0
2017-05-03 09:20:57,248 INFO: 		MEAN RANK VALID: Left: 118.6 Rel: 2.3 Right: 75.6
2017-05-03 09:20:57,248 INFO: 		MEAN RECIPROCAL RANK VALID (L & R): 0.254
2017-05-03 09:20:57,249 INFO: 	FilteredRanking: evaluating rank on 1000 triples
2017-05-03 09:22:37,198 INFO: 	NEW BEST TEST MR: 88.6
2017-05-03 09:22:37,199 INFO: 		Left MR: 89.4 Rel MR: 3.0 Right MR: 87.9
2017-05-03 09:22:37,277 INFO: 	(ranking took 305.2 seconds)
2017-05-03 09:23:39,778 INFO: ----------------------------------------------------------------------------
2017-05-03 09:23:39,779 INFO: EPOCH 141 (62.501 seconds):
2017-05-03 09:23:39,781 INFO: 	Average L2 norm of relation vector: 0.04771
2017-05-03 09:23:39,782 INFO: 	COST >> 0.018 +/- 0.001, % updates Left: 2.47% Rel: 0.35% Right: 2.11%
2017-05-03 09:24:38,415 INFO: ----------------------------------------------------------------------------
2017-05-03 09:24:38,416 INFO: EPOCH 142 (58.633 seconds):
2017-05-03 09:24:38,418 INFO: 	Average L2 norm of relation vector: 0.04766
2017-05-03 09:24:38,419 INFO: 	COST >> 0.018 +/- 0.001, % updates Left: 2.45% Rel: 0.36% Right: 2.1%
2017-05-03 09:25:46,716 INFO: ----------------------------------------------------------------------------
2017-05-03 09:25:46,716 INFO: EPOCH 143 (68.297 seconds):
2017-05-03 09:25:46,718 INFO: 	Average L2 norm of relation vector: 0.04762
2017-05-03 09:25:46,719 INFO: 	COST >> 0.018 +/- 0.001, % updates Left: 2.44% Rel: 0.36% Right: 2.11%
2017-05-03 09:26:48,446 INFO: ----------------------------------------------------------------------------
2017-05-03 09:26:48,490 INFO: EPOCH 144 (61.77 seconds):
2017-05-03 09:26:48,492 INFO: 	Average L2 norm of relation vector: 0.04758
2017-05-03 09:26:48,493 INFO: 	COST >> 0.018 +/- 0.001, % updates Left: 2.43% Rel: 0.35% Right: 2.12%
2017-05-03 09:28:03,153 INFO: ----------------------------------------------------------------------------
2017-05-03 09:28:03,154 INFO: EPOCH 145 (74.661 seconds):
2017-05-03 09:28:03,156 INFO: 	Average L2 norm of relation vector: 0.04753
2017-05-03 09:28:03,157 INFO: 	COST >> 0.018 +/- 0.001, % updates Left: 2.43% Rel: 0.35% Right: 2.08%
2017-05-03 09:29:11,954 INFO: ----------------------------------------------------------------------------
2017-05-03 09:29:11,954 INFO: EPOCH 146 (68.797 seconds):
2017-05-03 09:29:11,957 INFO: 	Average L2 norm of relation vector: 0.04748
2017-05-03 09:29:11,958 INFO: 	COST >> 0.018 +/- 0.001, % updates Left: 2.41% Rel: 0.36% Right: 2.09%
2017-05-03 09:30:13,713 INFO: ----------------------------------------------------------------------------
2017-05-03 09:30:13,713 INFO: EPOCH 147 (61.756 seconds):
2017-05-03 09:30:13,716 INFO: 	Average L2 norm of relation vector: 0.04745
2017-05-03 09:30:13,717 INFO: 	COST >> 0.018 +/- 0.001, % updates Left: 2.47% Rel: 0.35% Right: 2.09%
2017-05-03 09:31:13,140 INFO: ----------------------------------------------------------------------------
2017-05-03 09:31:13,141 INFO: EPOCH 148 (59.424 seconds):
2017-05-03 09:31:13,143 INFO: 	Average L2 norm of relation vector: 0.04741
2017-05-03 09:31:13,144 INFO: 	COST >> 0.018 +/- 0.001, % updates Left: 2.43% Rel: 0.35% Right: 2.06%
2017-05-03 09:32:14,025 INFO: ----------------------------------------------------------------------------
2017-05-03 09:32:14,025 INFO: EPOCH 149 (60.881 seconds):
2017-05-03 09:32:14,027 INFO: 	Average L2 norm of relation vector: 0.04738
2017-05-03 09:32:14,028 INFO: 	COST >> 0.018 +/- 0.001, % updates Left: 2.44% Rel: 0.36% Right: 2.05%
2017-05-03 09:33:34,329 INFO: ----------------------------------------------------------------------------
2017-05-03 09:33:34,329 INFO: EPOCH 150 (80.301 seconds):
2017-05-03 09:33:34,333 INFO: 	Average L2 norm of relation vector: 0.04734
2017-05-03 09:33:34,334 INFO: 	COST >> 0.018 +/- 0.001, % updates Left: 2.42% Rel: 0.36% Right: 2.13%
2017-05-03 09:33:34,334 INFO: 	FilteredRanking: evaluating rank on 1000 triples
2017-05-03 09:35:15,773 INFO: 	FilteredRanking: evaluating rank on 1000 triples
2017-05-03 09:36:56,872 INFO: 	MEAN RANK >> valid: 96.9, train: 26.0
2017-05-03 09:36:56,873 INFO: 		MEAN RANK TRAIN: Left: 30.2 Rel: 2.1 Right: 21.9
2017-05-03 09:36:56,873 INFO: 		MEAN RANK VALID: Left: 118.6 Rel: 2.3 Right: 75.1
2017-05-03 09:36:56,873 INFO: 		MEAN RECIPROCAL RANK VALID (L & R): 0.243
2017-05-03 09:36:56,874 WARNING: 	WARNING, failed to improve MRR on valid, 2 chances left

2017-05-03 09:36:56,940 INFO: 	(ranking took 202.606 seconds)
2017-05-03 09:38:07,344 INFO: ----------------------------------------------------------------------------
2017-05-03 09:38:07,345 INFO: EPOCH 151 (70.404 seconds):
2017-05-03 09:38:07,348 INFO: 	Average L2 norm of relation vector: 0.0473
2017-05-03 09:38:07,349 INFO: 	COST >> 0.018 +/- 0.001, % updates Left: 2.44% Rel: 0.36% Right: 2.01%
2017-05-03 09:39:08,155 INFO: ----------------------------------------------------------------------------
2017-05-03 09:39:08,156 INFO: EPOCH 152 (60.806 seconds):
2017-05-03 09:39:08,158 INFO: 	Average L2 norm of relation vector: 0.04727
2017-05-03 09:39:08,159 INFO: 	COST >> 0.018 +/- 0.001, % updates Left: 2.43% Rel: 0.35% Right: 2.11%
2017-05-03 09:40:10,379 INFO: ----------------------------------------------------------------------------
2017-05-03 09:40:10,379 INFO: EPOCH 153 (62.22 seconds):
2017-05-03 09:40:10,381 INFO: 	Average L2 norm of relation vector: 0.04723
2017-05-03 09:40:10,382 INFO: 	COST >> 0.018 +/- 0.001, % updates Left: 2.41% Rel: 0.36% Right: 2.05%
2017-05-03 09:41:21,977 INFO: ----------------------------------------------------------------------------
2017-05-03 09:41:21,977 INFO: EPOCH 154 (71.595 seconds):
2017-05-03 09:41:21,981 INFO: 	Average L2 norm of relation vector: 0.04719
2017-05-03 09:41:21,982 INFO: 	COST >> 0.018 +/- 0.001, % updates Left: 2.43% Rel: 0.35% Right: 2.05%
2017-05-03 09:42:37,488 INFO: ----------------------------------------------------------------------------
2017-05-03 09:42:37,489 INFO: EPOCH 155 (75.507 seconds):
2017-05-03 09:42:37,491 INFO: 	Average L2 norm of relation vector: 0.04716
2017-05-03 09:42:37,492 INFO: 	COST >> 0.018 +/- 0.001, % updates Left: 2.43% Rel: 0.37% Right: 2.01%
2017-05-03 09:43:39,793 INFO: ----------------------------------------------------------------------------
2017-05-03 09:43:39,793 INFO: EPOCH 156 (62.301 seconds):
2017-05-03 09:43:39,796 INFO: 	Average L2 norm of relation vector: 0.04713
2017-05-03 09:43:39,798 INFO: 	COST >> 0.018 +/- 0.001, % updates Left: 2.39% Rel: 0.37% Right: 2.05%
2017-05-03 09:45:03,251 INFO: ----------------------------------------------------------------------------
2017-05-03 09:45:03,252 INFO: EPOCH 157 (83.454 seconds):
2017-05-03 09:45:03,254 INFO: 	Average L2 norm of relation vector: 0.04709
2017-05-03 09:45:03,255 INFO: 	COST >> 0.018 +/- 0.001, % updates Left: 2.41% Rel: 0.37% Right: 2.06%
2017-05-03 09:46:09,788 INFO: ----------------------------------------------------------------------------
2017-05-03 09:46:09,789 INFO: EPOCH 158 (66.533 seconds):
2017-05-03 09:46:09,792 INFO: 	Average L2 norm of relation vector: 0.04705
2017-05-03 09:46:09,793 INFO: 	COST >> 0.018 +/- 0.001, % updates Left: 2.37% Rel: 0.36% Right: 2.05%
2017-05-03 09:47:45,152 INFO: ----------------------------------------------------------------------------
2017-05-03 09:47:45,153 INFO: EPOCH 159 (95.359 seconds):
2017-05-03 09:47:45,157 INFO: 	Average L2 norm of relation vector: 0.04701
2017-05-03 09:47:45,158 INFO: 	COST >> 0.017 +/- 0.001, % updates Left: 2.4% Rel: 0.34% Right: 2.03%
2017-05-03 09:49:22,003 INFO: ----------------------------------------------------------------------------
2017-05-03 09:49:22,004 INFO: EPOCH 160 (96.845 seconds):
2017-05-03 09:49:22,008 INFO: 	Average L2 norm of relation vector: 0.04699
2017-05-03 09:49:22,009 INFO: 	COST >> 0.017 +/- 0.001, % updates Left: 2.41% Rel: 0.35% Right: 2.04%
2017-05-03 09:49:22,010 INFO: 	FilteredRanking: evaluating rank on 1000 triples
2017-05-03 09:51:58,726 INFO: 	FilteredRanking: evaluating rank on 1000 triples
2017-05-03 09:54:15,811 INFO: 	MEAN RANK >> valid: 94.2, train: 24.2
2017-05-03 09:54:15,812 INFO: 		MEAN RANK TRAIN: Left: 27.3 Rel: 2.1 Right: 21.0
2017-05-03 09:54:15,813 INFO: 		MEAN RANK VALID: Left: 114.6 Rel: 2.2 Right: 73.9
2017-05-03 09:54:15,813 INFO: 		MEAN RECIPROCAL RANK VALID (L & R): 0.2515
2017-05-03 09:54:15,814 WARNING: 	WARNING, failed to improve MRR on valid, 1 chances left

2017-05-03 09:54:15,895 INFO: 	(ranking took 293.885 seconds)
2017-05-03 09:55:35,866 INFO: ----------------------------------------------------------------------------
2017-05-03 09:55:35,866 INFO: EPOCH 161 (79.971 seconds):
2017-05-03 09:55:35,869 INFO: 	Average L2 norm of relation vector: 0.04696
2017-05-03 09:55:35,869 INFO: 	COST >> 0.017 +/- 0.001, % updates Left: 2.39% Rel: 0.35% Right: 2.04%
2017-05-03 09:56:46,903 INFO: ----------------------------------------------------------------------------
2017-05-03 09:56:46,903 INFO: EPOCH 162 (71.034 seconds):
2017-05-03 09:56:46,906 INFO: 	Average L2 norm of relation vector: 0.04692
2017-05-03 09:56:46,907 INFO: 	COST >> 0.017 +/- 0.001, % updates Left: 2.34% Rel: 0.35% Right: 2.02%
2017-05-03 09:57:48,289 INFO: ----------------------------------------------------------------------------
2017-05-03 09:57:48,289 INFO: EPOCH 163 (61.382 seconds):
2017-05-03 09:57:48,291 INFO: 	Average L2 norm of relation vector: 0.04689
2017-05-03 09:57:48,292 INFO: 	COST >> 0.017 +/- 0.001, % updates Left: 2.38% Rel: 0.36% Right: 2.02%
2017-05-03 09:58:50,167 INFO: ----------------------------------------------------------------------------
2017-05-03 09:58:50,168 INFO: EPOCH 164 (61.876 seconds):
2017-05-03 09:58:50,170 INFO: 	Average L2 norm of relation vector: 0.04685
2017-05-03 09:58:50,171 INFO: 	COST >> 0.017 +/- 0.001, % updates Left: 2.41% Rel: 0.35% Right: 2.0%
2017-05-03 09:59:50,637 INFO: ----------------------------------------------------------------------------
2017-05-03 09:59:50,638 INFO: EPOCH 165 (60.467 seconds):
2017-05-03 09:59:50,640 INFO: 	Average L2 norm of relation vector: 0.04682
2017-05-03 09:59:50,641 INFO: 	COST >> 0.017 +/- 0.001, % updates Left: 2.36% Rel: 0.36% Right: 2.04%
2017-05-03 10:00:49,992 INFO: ----------------------------------------------------------------------------
2017-05-03 10:00:49,992 INFO: EPOCH 166 (59.351 seconds):
2017-05-03 10:00:49,994 INFO: 	Average L2 norm of relation vector: 0.04678
2017-05-03 10:00:49,995 INFO: 	COST >> 0.017 +/- 0.001, % updates Left: 2.35% Rel: 0.36% Right: 1.98%
2017-05-03 10:01:49,447 INFO: ----------------------------------------------------------------------------
2017-05-03 10:01:49,448 INFO: EPOCH 167 (59.452 seconds):
2017-05-03 10:01:49,450 INFO: 	Average L2 norm of relation vector: 0.04675
2017-05-03 10:01:49,451 INFO: 	COST >> 0.017 +/- 0.001, % updates Left: 2.35% Rel: 0.34% Right: 2.04%
2017-05-03 10:02:49,469 INFO: ----------------------------------------------------------------------------
2017-05-03 10:02:49,469 INFO: EPOCH 168 (60.018 seconds):
2017-05-03 10:02:49,471 INFO: 	Average L2 norm of relation vector: 0.0467
2017-05-03 10:02:49,472 INFO: 	COST >> 0.017 +/- 0.001, % updates Left: 2.32% Rel: 0.34% Right: 1.97%
2017-05-03 10:03:48,934 INFO: ----------------------------------------------------------------------------
2017-05-03 10:03:48,935 INFO: EPOCH 169 (59.462 seconds):
2017-05-03 10:03:48,937 INFO: 	Average L2 norm of relation vector: 0.04667
2017-05-03 10:03:48,937 INFO: 	COST >> 0.017 +/- 0.001, % updates Left: 2.34% Rel: 0.36% Right: 2.01%
2017-05-03 10:04:50,866 INFO: ----------------------------------------------------------------------------
2017-05-03 10:04:50,867 INFO: EPOCH 170 (61.929 seconds):
2017-05-03 10:04:50,869 INFO: 	Average L2 norm of relation vector: 0.04664
2017-05-03 10:04:50,870 INFO: 	COST >> 0.017 +/- 0.001, % updates Left: 2.34% Rel: 0.35% Right: 2.02%
2017-05-03 10:04:50,870 INFO: 	FilteredRanking: evaluating rank on 1000 triples
2017-05-03 10:06:28,397 INFO: 	FilteredRanking: evaluating rank on 1000 triples
2017-05-03 10:08:07,184 INFO: 	MEAN RANK >> valid: 93.7, train: 23.7
2017-05-03 10:08:07,185 INFO: 		MEAN RANK TRAIN: Left: 25.4 Rel: 2.0 Right: 21.9
2017-05-03 10:08:07,186 INFO: 		MEAN RANK VALID: Left: 116.6 Rel: 2.2 Right: 70.8
2017-05-03 10:08:07,186 INFO: 		MEAN RECIPROCAL RANK VALID (L & R): 0.254
2017-05-03 10:08:07,186 WARNING: 	WARNING, failed to improve MRR on valid, 0 chances left

2017-05-03 10:08:07,255 INFO: 	(ranking took 196.385 seconds)
2017-05-03 10:09:06,051 INFO: ----------------------------------------------------------------------------
2017-05-03 10:09:06,052 INFO: EPOCH 171 (58.797 seconds):
2017-05-03 10:09:06,054 INFO: 	Average L2 norm of relation vector: 0.04661
2017-05-03 10:09:06,055 INFO: 	COST >> 0.017 +/- 0.001, % updates Left: 2.34% Rel: 0.35% Right: 1.97%
2017-05-03 10:10:38,623 INFO: ----------------------------------------------------------------------------
2017-05-03 10:10:38,624 INFO: EPOCH 172 (92.569 seconds):
2017-05-03 10:10:38,683 INFO: 	Average L2 norm of relation vector: 0.04657
2017-05-03 10:10:38,684 INFO: 	COST >> 0.017 +/- 0.001, % updates Left: 2.34% Rel: 0.34% Right: 1.99%
2017-05-03 10:12:42,544 INFO: ----------------------------------------------------------------------------
2017-05-03 10:12:42,583 INFO: EPOCH 173 (123.898 seconds):
2017-05-03 10:12:42,585 INFO: 	Average L2 norm of relation vector: 0.04654
2017-05-03 10:12:42,587 INFO: 	COST >> 0.017 +/- 0.001, % updates Left: 2.34% Rel: 0.37% Right: 2.02%
2017-05-03 10:13:58,628 INFO: ----------------------------------------------------------------------------
2017-05-03 10:13:58,629 INFO: EPOCH 174 (76.042 seconds):
2017-05-03 10:13:58,632 INFO: 	Average L2 norm of relation vector: 0.0465
2017-05-03 10:13:58,633 INFO: 	COST >> 0.017 +/- 0.001, % updates Left: 2.31% Rel: 0.36% Right: 1.96%
2017-05-03 10:15:18,731 INFO: ----------------------------------------------------------------------------
2017-05-03 10:15:18,732 INFO: EPOCH 175 (80.099 seconds):
2017-05-03 10:15:18,734 INFO: 	Average L2 norm of relation vector: 0.04647
2017-05-03 10:15:18,735 INFO: 	COST >> 0.017 +/- 0.001, % updates Left: 2.36% Rel: 0.33% Right: 2.0%
2017-05-03 10:16:18,157 INFO: ----------------------------------------------------------------------------
2017-05-03 10:16:18,157 INFO: EPOCH 176 (59.422 seconds):
2017-05-03 10:16:18,160 INFO: 	Average L2 norm of relation vector: 0.04645
2017-05-03 10:16:18,161 INFO: 	COST >> 0.017 +/- 0.001, % updates Left: 2.37% Rel: 0.35% Right: 2.01%
2017-05-03 10:17:29,018 INFO: ----------------------------------------------------------------------------
2017-05-03 10:17:29,019 INFO: EPOCH 177 (70.858 seconds):
2017-05-03 10:17:29,021 INFO: 	Average L2 norm of relation vector: 0.04643
2017-05-03 10:17:29,022 INFO: 	COST >> 0.017 +/- 0.001, % updates Left: 2.34% Rel: 0.36% Right: 1.99%
2017-05-03 10:18:42,660 INFO: ----------------------------------------------------------------------------
2017-05-03 10:18:42,661 INFO: EPOCH 178 (73.639 seconds):
2017-05-03 10:18:42,664 INFO: 	Average L2 norm of relation vector: 0.04639
2017-05-03 10:18:42,665 INFO: 	COST >> 0.017 +/- 0.001, % updates Left: 2.32% Rel: 0.36% Right: 1.99%
2017-05-03 10:19:58,009 INFO: ----------------------------------------------------------------------------
2017-05-03 10:19:58,009 INFO: EPOCH 179 (75.344 seconds):
2017-05-03 10:19:58,011 INFO: 	Average L2 norm of relation vector: 0.04636
2017-05-03 10:19:58,012 INFO: 	COST >> 0.017 +/- 0.001, % updates Left: 2.3% Rel: 0.36% Right: 1.99%
2017-05-03 10:21:13,702 INFO: ----------------------------------------------------------------------------
2017-05-03 10:21:13,703 INFO: EPOCH 180 (75.69 seconds):
2017-05-03 10:21:13,705 INFO: 	Average L2 norm of relation vector: 0.04633
2017-05-03 10:21:13,706 INFO: 	COST >> 0.017 +/- 0.001, % updates Left: 2.34% Rel: 0.35% Right: 1.97%
2017-05-03 10:21:13,707 INFO: 	FilteredRanking: evaluating rank on 1000 triples
2017-05-03 10:22:55,763 INFO: 	FilteredRanking: evaluating rank on 1000 triples
2017-05-03 10:24:45,054 INFO: 	MEAN RANK >> valid: 90.4, train: 21.7
2017-05-03 10:24:45,056 INFO: 		MEAN RANK TRAIN: Left: 24.7 Rel: 2.0 Right: 18.7
2017-05-03 10:24:45,056 INFO: 		MEAN RANK VALID: Left: 110.4 Rel: 2.2 Right: 70.3
2017-05-03 10:24:45,057 INFO: 		MEAN RECIPROCAL RANK VALID (L & R): 0.273
2017-05-03 10:24:45,057 INFO: 	FilteredRanking: evaluating rank on 1000 triples
2017-05-03 10:27:03,044 INFO: 	NEW BEST TEST MR: 88.0
2017-05-03 10:27:03,046 INFO: 		Left MR: 93.6 Rel MR: 2.9 Right MR: 82.5
2017-05-03 10:27:03,380 INFO: 	(ranking took 349.673 seconds)
2017-05-03 10:28:47,008 INFO: ----------------------------------------------------------------------------
2017-05-03 10:28:47,009 INFO: EPOCH 181 (103.629 seconds):
2017-05-03 10:28:47,012 INFO: 	Average L2 norm of relation vector: 0.0463
2017-05-03 10:28:47,014 INFO: 	COST >> 0.017 +/- 0.001, % updates Left: 2.31% Rel: 0.36% Right: 1.95%
2017-05-03 10:30:29,666 INFO: ----------------------------------------------------------------------------
2017-05-03 10:30:29,668 INFO: EPOCH 182 (102.653 seconds):
2017-05-03 10:30:29,672 INFO: 	Average L2 norm of relation vector: 0.04628
2017-05-03 10:30:29,674 INFO: 	COST >> 0.017 +/- 0.001, % updates Left: 2.29% Rel: 0.34% Right: 1.98%
2017-05-03 10:32:25,930 INFO: ----------------------------------------------------------------------------
2017-05-03 10:32:25,932 INFO: EPOCH 183 (116.257 seconds):
2017-05-03 10:32:25,937 INFO: 	Average L2 norm of relation vector: 0.04625
2017-05-03 10:32:25,940 INFO: 	COST >> 0.017 +/- 0.001, % updates Left: 2.32% Rel: 0.34% Right: 1.97%
2017-05-03 10:34:11,164 INFO: ----------------------------------------------------------------------------
2017-05-03 10:34:11,165 INFO: EPOCH 184 (105.224 seconds):
2017-05-03 10:34:11,168 INFO: 	Average L2 norm of relation vector: 0.04623
2017-05-03 10:34:11,169 INFO: 	COST >> 0.017 +/- 0.001, % updates Left: 2.35% Rel: 0.37% Right: 1.98%
2017-05-03 10:35:37,285 INFO: ----------------------------------------------------------------------------
2017-05-03 10:35:37,323 INFO: EPOCH 185 (86.153 seconds):
2017-05-03 10:35:37,326 INFO: 	Average L2 norm of relation vector: 0.0462
2017-05-03 10:35:37,327 INFO: 	COST >> 0.017 +/- 0.001, % updates Left: 2.28% Rel: 0.36% Right: 1.96%
2017-05-03 10:37:02,973 INFO: ----------------------------------------------------------------------------
2017-05-03 10:37:02,974 INFO: EPOCH 186 (85.646 seconds):
2017-05-03 10:37:02,977 INFO: 	Average L2 norm of relation vector: 0.04617
2017-05-03 10:37:02,978 INFO: 	COST >> 0.017 +/- 0.001, % updates Left: 2.28% Rel: 0.36% Right: 2.0%
2017-05-03 10:38:30,933 INFO: ----------------------------------------------------------------------------
2017-05-03 10:38:30,934 INFO: EPOCH 187 (87.955 seconds):
2017-05-03 10:38:30,937 INFO: 	Average L2 norm of relation vector: 0.04614
2017-05-03 10:38:30,938 INFO: 	COST >> 0.017 +/- 0.001, % updates Left: 2.3% Rel: 0.35% Right: 1.97%
2017-05-03 10:40:02,057 INFO: ----------------------------------------------------------------------------
2017-05-03 10:40:02,058 INFO: EPOCH 188 (91.119 seconds):
2017-05-03 10:40:02,061 INFO: 	Average L2 norm of relation vector: 0.04612
2017-05-03 10:40:02,062 INFO: 	COST >> 0.017 +/- 0.001, % updates Left: 2.3% Rel: 0.35% Right: 1.98%
2017-05-03 10:41:31,137 INFO: ----------------------------------------------------------------------------
2017-05-03 10:41:31,138 INFO: EPOCH 189 (89.076 seconds):
2017-05-03 10:41:31,141 INFO: 	Average L2 norm of relation vector: 0.04608
2017-05-03 10:41:31,142 INFO: 	COST >> 0.017 +/- 0.001, % updates Left: 2.29% Rel: 0.36% Right: 1.96%
2017-05-03 10:43:00,096 INFO: ----------------------------------------------------------------------------
2017-05-03 10:43:00,097 INFO: EPOCH 190 (88.954 seconds):
2017-05-03 10:43:00,100 INFO: 	Average L2 norm of relation vector: 0.04606
2017-05-03 10:43:00,101 INFO: 	COST >> 0.017 +/- 0.001, % updates Left: 2.3% Rel: 0.36% Right: 1.95%
2017-05-03 10:43:00,102 INFO: 	FilteredRanking: evaluating rank on 1000 triples
2017-05-03 10:45:06,307 INFO: 	FilteredRanking: evaluating rank on 1000 triples
2017-05-03 10:47:02,630 INFO: 	MEAN RANK >> valid: 91.9, train: 20.4
2017-05-03 10:47:02,631 INFO: 		MEAN RANK TRAIN: Left: 22.7 Rel: 2.0 Right: 18.1
2017-05-03 10:47:02,632 INFO: 		MEAN RANK VALID: Left: 110.2 Rel: 2.2 Right: 73.7
2017-05-03 10:47:02,632 INFO: 		MEAN RECIPROCAL RANK VALID (L & R): 0.264
2017-05-03 10:47:02,632 WARNING: 	WARNING, failed to improve MRR on valid, 2 chances left

2017-05-03 10:47:02,713 INFO: 	(ranking took 242.611 seconds)
2017-05-03 10:48:16,329 INFO: ----------------------------------------------------------------------------
2017-05-03 10:48:16,330 INFO: EPOCH 191 (73.617 seconds):
2017-05-03 10:48:16,332 INFO: 	Average L2 norm of relation vector: 0.04602
2017-05-03 10:48:16,333 INFO: 	COST >> 0.017 +/- 0.001, % updates Left: 2.28% Rel: 0.35% Right: 1.94%
2017-05-03 10:49:29,126 INFO: ----------------------------------------------------------------------------
2017-05-03 10:49:29,127 INFO: EPOCH 192 (72.794 seconds):
2017-05-03 10:49:29,129 INFO: 	Average L2 norm of relation vector: 0.04599
2017-05-03 10:49:29,130 INFO: 	COST >> 0.017 +/- 0.001, % updates Left: 2.3% Rel: 0.34% Right: 1.95%
2017-05-03 10:50:59,086 INFO: ----------------------------------------------------------------------------
2017-05-03 10:50:59,087 INFO: EPOCH 193 (89.956 seconds):
2017-05-03 10:50:59,090 INFO: 	Average L2 norm of relation vector: 0.04595
2017-05-03 10:50:59,091 INFO: 	COST >> 0.017 +/- 0.001, % updates Left: 2.28% Rel: 0.34% Right: 1.96%
2017-05-03 10:52:30,304 INFO: ----------------------------------------------------------------------------
2017-05-03 10:52:30,305 INFO: EPOCH 194 (91.213 seconds):
2017-05-03 10:52:30,308 INFO: 	Average L2 norm of relation vector: 0.04592
2017-05-03 10:52:30,309 INFO: 	COST >> 0.016 +/- 0.001, % updates Left: 2.27% Rel: 0.35% Right: 1.97%
2017-05-03 10:53:59,465 INFO: ----------------------------------------------------------------------------
2017-05-03 10:53:59,466 INFO: EPOCH 195 (89.156 seconds):
2017-05-03 10:53:59,469 INFO: 	Average L2 norm of relation vector: 0.0459
2017-05-03 10:53:59,470 INFO: 	COST >> 0.017 +/- 0.001, % updates Left: 2.31% Rel: 0.35% Right: 1.96%
2017-05-03 10:55:27,762 INFO: ----------------------------------------------------------------------------
2017-05-03 10:55:27,763 INFO: EPOCH 196 (88.293 seconds):
2017-05-03 10:55:27,766 INFO: 	Average L2 norm of relation vector: 0.04588
2017-05-03 10:55:27,768 INFO: 	COST >> 0.016 +/- 0.001, % updates Left: 2.3% Rel: 0.34% Right: 1.92%
2017-05-03 10:56:56,474 INFO: ----------------------------------------------------------------------------
2017-05-03 10:56:56,475 INFO: EPOCH 197 (88.707 seconds):
2017-05-03 10:56:56,478 INFO: 	Average L2 norm of relation vector: 0.04585
2017-05-03 10:56:56,480 INFO: 	COST >> 0.016 +/- 0.001, % updates Left: 2.29% Rel: 0.34% Right: 1.95%
2017-05-03 10:58:23,712 INFO: ----------------------------------------------------------------------------
2017-05-03 10:58:23,712 INFO: EPOCH 198 (87.232 seconds):
2017-05-03 10:58:23,716 INFO: 	Average L2 norm of relation vector: 0.04583
2017-05-03 10:58:23,717 INFO: 	COST >> 0.016 +/- 0.001, % updates Left: 2.26% Rel: 0.36% Right: 1.91%
2017-05-03 10:59:53,136 INFO: ----------------------------------------------------------------------------
2017-05-03 10:59:53,137 INFO: EPOCH 199 (89.42 seconds):
2017-05-03 10:59:53,140 INFO: 	Average L2 norm of relation vector: 0.0458
2017-05-03 10:59:53,141 INFO: 	COST >> 0.016 +/- 0.001, % updates Left: 2.27% Rel: 0.36% Right: 1.93%
2017-05-03 11:01:28,197 INFO: ----------------------------------------------------------------------------
2017-05-03 11:01:28,198 INFO: EPOCH 200 (95.056 seconds):
2017-05-03 11:01:28,202 INFO: 	Average L2 norm of relation vector: 0.04578
2017-05-03 11:01:28,203 INFO: 	COST >> 0.016 +/- 0.001, % updates Left: 2.27% Rel: 0.35% Right: 1.91%
2017-05-03 11:01:28,204 INFO: 	FilteredRanking: evaluating rank on 1000 triples
2017-05-03 11:03:51,478 INFO: 	FilteredRanking: evaluating rank on 1000 triples
2017-05-03 11:05:44,023 INFO: 	MEAN RANK >> valid: 94.1, train: 20.3
2017-05-03 11:05:44,024 INFO: 		MEAN RANK TRAIN: Left: 22.0 Rel: 2.0 Right: 18.6
2017-05-03 11:05:44,025 INFO: 		MEAN RANK VALID: Left: 111.9 Rel: 2.2 Right: 76.4
2017-05-03 11:05:44,025 INFO: 		MEAN RECIPROCAL RANK VALID (L & R): 0.2695
2017-05-03 11:05:44,026 WARNING: 	WARNING, failed to improve MRR on valid, 1 chances left

2017-05-03 11:05:44,092 INFO: 	(ranking took 255.887 seconds)
2017-05-03 11:06:46,689 INFO: ----------------------------------------------------------------------------
2017-05-03 11:06:46,689 INFO: EPOCH 201 (62.597 seconds):
2017-05-03 11:06:46,691 INFO: 	Average L2 norm of relation vector: 0.04575
2017-05-03 11:06:46,692 INFO: 	COST >> 0.016 +/- 0.001, % updates Left: 2.24% Rel: 0.36% Right: 1.92%
2017-05-03 11:07:45,451 INFO: ----------------------------------------------------------------------------
2017-05-03 11:07:45,452 INFO: EPOCH 202 (58.76 seconds):
2017-05-03 11:07:45,454 INFO: 	Average L2 norm of relation vector: 0.04572
2017-05-03 11:07:45,455 INFO: 	COST >> 0.016 +/- 0.001, % updates Left: 2.21% Rel: 0.36% Right: 1.9%
2017-05-03 11:08:44,987 INFO: ----------------------------------------------------------------------------
2017-05-03 11:08:44,988 INFO: EPOCH 203 (59.532 seconds):
2017-05-03 11:08:44,990 INFO: 	Average L2 norm of relation vector: 0.04569
2017-05-03 11:08:44,991 INFO: 	COST >> 0.016 +/- 0.001, % updates Left: 2.27% Rel: 0.35% Right: 1.94%
2017-05-03 11:09:47,114 INFO: ----------------------------------------------------------------------------
2017-05-03 11:09:47,115 INFO: EPOCH 204 (62.124 seconds):
2017-05-03 11:09:47,117 INFO: 	Average L2 norm of relation vector: 0.04566
2017-05-03 11:09:47,118 INFO: 	COST >> 0.016 +/- 0.001, % updates Left: 2.21% Rel: 0.36% Right: 1.92%
2017-05-03 11:10:47,459 INFO: ----------------------------------------------------------------------------
2017-05-03 11:10:47,460 INFO: EPOCH 205 (60.341 seconds):
2017-05-03 11:10:47,462 INFO: 	Average L2 norm of relation vector: 0.04564
2017-05-03 11:10:47,463 INFO: 	COST >> 0.016 +/- 0.001, % updates Left: 2.28% Rel: 0.35% Right: 1.92%
2017-05-03 11:11:48,230 INFO: ----------------------------------------------------------------------------
2017-05-03 11:11:48,230 INFO: EPOCH 206 (60.767 seconds):
2017-05-03 11:11:48,232 INFO: 	Average L2 norm of relation vector: 0.04562
2017-05-03 11:11:48,233 INFO: 	COST >> 0.016 +/- 0.001, % updates Left: 2.27% Rel: 0.36% Right: 1.9%
2017-05-03 11:12:48,591 INFO: ----------------------------------------------------------------------------
2017-05-03 11:12:48,591 INFO: EPOCH 207 (60.357 seconds):
2017-05-03 11:12:48,627 INFO: 	Average L2 norm of relation vector: 0.04559
2017-05-03 11:12:48,628 INFO: 	COST >> 0.016 +/- 0.001, % updates Left: 2.26% Rel: 0.35% Right: 1.93%
2017-05-03 11:13:48,742 INFO: ----------------------------------------------------------------------------
2017-05-03 11:13:48,743 INFO: EPOCH 208 (60.114 seconds):
2017-05-03 11:13:48,902 INFO: 	Average L2 norm of relation vector: 0.04557
2017-05-03 11:13:48,903 INFO: 	COST >> 0.016 +/- 0.001, % updates Left: 2.26% Rel: 0.35% Right: 1.93%
2017-05-03 11:14:47,689 INFO: ----------------------------------------------------------------------------
2017-05-03 11:14:47,690 INFO: EPOCH 209 (58.786 seconds):
2017-05-03 11:14:47,692 INFO: 	Average L2 norm of relation vector: 0.04555
2017-05-03 11:14:47,693 INFO: 	COST >> 0.016 +/- 0.001, % updates Left: 2.23% Rel: 0.35% Right: 1.93%
2017-05-03 11:15:46,913 INFO: ----------------------------------------------------------------------------
2017-05-03 11:15:46,914 INFO: EPOCH 210 (59.221 seconds):
2017-05-03 11:15:46,916 INFO: 	Average L2 norm of relation vector: 0.04552
2017-05-03 11:15:46,917 INFO: 	COST >> 0.016 +/- 0.001, % updates Left: 2.23% Rel: 0.36% Right: 1.9%
2017-05-03 11:15:46,917 INFO: 	FilteredRanking: evaluating rank on 1000 triples
2017-05-03 11:17:25,054 INFO: 	FilteredRanking: evaluating rank on 1000 triples
2017-05-03 11:19:06,954 INFO: 	MEAN RANK >> valid: 92.8, train: 19.2
2017-05-03 11:19:06,955 INFO: 		MEAN RANK TRAIN: Left: 20.9 Rel: 1.9 Right: 17.5
2017-05-03 11:19:06,956 INFO: 		MEAN RANK VALID: Left: 111.2 Rel: 2.2 Right: 74.4
2017-05-03 11:19:06,957 INFO: 		MEAN RECIPROCAL RANK VALID (L & R): 0.254
2017-05-03 11:19:06,957 WARNING: 	WARNING, failed to improve MRR on valid, 0 chances left

2017-05-03 11:19:07,039 INFO: 	(ranking took 200.122 seconds)
2017-05-03 11:20:09,475 INFO: ----------------------------------------------------------------------------
2017-05-03 11:20:09,476 INFO: EPOCH 211 (62.436 seconds):
2017-05-03 11:20:09,478 INFO: 	Average L2 norm of relation vector: 0.0455
2017-05-03 11:20:09,479 INFO: 	COST >> 0.016 +/- 0.001, % updates Left: 2.25% Rel: 0.35% Right: 1.9%
2017-05-03 11:21:09,030 INFO: ----------------------------------------------------------------------------
2017-05-03 11:21:09,031 INFO: EPOCH 212 (59.551 seconds):
2017-05-03 11:21:09,033 INFO: 	Average L2 norm of relation vector: 0.04548
2017-05-03 11:21:09,034 INFO: 	COST >> 0.016 +/- 0.001, % updates Left: 2.25% Rel: 0.35% Right: 1.9%
2017-05-03 11:22:08,199 INFO: ----------------------------------------------------------------------------
2017-05-03 11:22:08,199 INFO: EPOCH 213 (59.165 seconds):
2017-05-03 11:22:08,201 INFO: 	Average L2 norm of relation vector: 0.04546
2017-05-03 11:22:08,202 INFO: 	COST >> 0.016 +/- 0.001, % updates Left: 2.23% Rel: 0.35% Right: 1.89%
2017-05-03 11:23:07,008 INFO: ----------------------------------------------------------------------------
2017-05-03 11:23:07,009 INFO: EPOCH 214 (58.806 seconds):
2017-05-03 11:23:07,011 INFO: 	Average L2 norm of relation vector: 0.04543
2017-05-03 11:23:07,012 INFO: 	COST >> 0.016 +/- 0.001, % updates Left: 2.21% Rel: 0.36% Right: 1.87%
2017-05-03 11:24:06,017 INFO: ----------------------------------------------------------------------------
2017-05-03 11:24:06,018 INFO: EPOCH 215 (59.006 seconds):
2017-05-03 11:24:06,020 INFO: 	Average L2 norm of relation vector: 0.04541
2017-05-03 11:24:06,021 INFO: 	COST >> 0.016 +/- 0.001, % updates Left: 2.22% Rel: 0.35% Right: 1.91%
2017-05-03 11:25:07,395 INFO: ----------------------------------------------------------------------------
2017-05-03 11:25:07,395 INFO: EPOCH 216 (61.374 seconds):
2017-05-03 11:25:07,398 INFO: 	Average L2 norm of relation vector: 0.04539
2017-05-03 11:25:07,399 INFO: 	COST >> 0.016 +/- 0.001, % updates Left: 2.2% Rel: 0.35% Right: 1.91%
2017-05-03 11:26:06,701 INFO: ----------------------------------------------------------------------------
2017-05-03 11:26:06,701 INFO: EPOCH 217 (59.302 seconds):
2017-05-03 11:26:06,703 INFO: 	Average L2 norm of relation vector: 0.04536
2017-05-03 11:26:06,704 INFO: 	COST >> 0.016 +/- 0.001, % updates Left: 2.19% Rel: 0.35% Right: 1.88%
2017-05-03 11:27:06,062 INFO: ----------------------------------------------------------------------------
2017-05-03 11:27:06,062 INFO: EPOCH 218 (59.358 seconds):
2017-05-03 11:27:06,064 INFO: 	Average L2 norm of relation vector: 0.04533
2017-05-03 11:27:06,065 INFO: 	COST >> 0.016 +/- 0.001, % updates Left: 2.23% Rel: 0.35% Right: 1.89%
2017-05-03 11:28:05,423 INFO: ----------------------------------------------------------------------------
2017-05-03 11:28:05,424 INFO: EPOCH 219 (59.358 seconds):
2017-05-03 11:28:05,426 INFO: 	Average L2 norm of relation vector: 0.04531
2017-05-03 11:28:05,427 INFO: 	COST >> 0.016 +/- 0.001, % updates Left: 2.25% Rel: 0.35% Right: 1.91%
2017-05-03 11:29:04,228 INFO: ----------------------------------------------------------------------------
2017-05-03 11:29:04,228 INFO: EPOCH 220 (58.802 seconds):
2017-05-03 11:29:04,230 INFO: 	Average L2 norm of relation vector: 0.04528
2017-05-03 11:29:04,231 INFO: 	COST >> 0.016 +/- 0.001, % updates Left: 2.2% Rel: 0.33% Right: 1.86%
2017-05-03 11:29:04,232 INFO: 	FilteredRanking: evaluating rank on 1000 triples
2017-05-03 11:30:42,046 INFO: 	FilteredRanking: evaluating rank on 1000 triples
2017-05-03 11:32:24,021 INFO: 	MEAN RANK >> valid: 90.5, train: 18.8
2017-05-03 11:32:24,022 INFO: 		MEAN RANK TRAIN: Left: 20.2 Rel: 1.9 Right: 17.3
2017-05-03 11:32:24,023 INFO: 		MEAN RANK VALID: Left: 113.0 Rel: 2.2 Right: 68.0
2017-05-03 11:32:24,023 INFO: 		MEAN RECIPROCAL RANK VALID (L & R): 0.265
2017-05-03 11:32:24,023 WARNING: EARLY STOPPING, failed to improve MRR on valid after 30 epochs
2017-05-03 11:32:24,024 INFO: ----------------------------------------------------------------------------
2017-05-03 11:32:24,024 INFO: ----------------------------------------------------------------------------
2017-05-03 11:32:24,655 INFO: 	Ranking model on all examples from test. Each example ranked against 14951 other entities
2017-05-03 11:32:24,656 INFO: 	RELATION ranking: each rel ranked against 1345 other rels
2017-05-03 11:32:25,252 INFO: 	Ranking: evaluating rank on 59071 triples
2017-05-03 12:40:39,133 INFO: left_ranks: (59071,), right_ranks: (59071,), rel_ranks: (59071,)
2017-05-03 12:40:39,167 INFO: max left_ranks: 14950, max right_ranks: 14950, max rel_ranks: 954
2017-05-03 12:40:40,184 INFO: MICRO RAW:
2017-05-03 12:40:40,185 INFO: 	Left mean rank: 233.115, MRR: 0.193, median rank: 24.0, hits@10: 36.6%
2017-05-03 12:40:40,185 INFO: 	Right mean rank: 156.661, MRR: 0.251, median rank: 14.0, hits@10: 44.645%
2017-05-03 12:40:40,185 INFO: 	relation mean rank: 3.041, MRR: 0.767, median rank: 1.0, hits@10: 96.795%
2017-05-03 12:40:40,186 INFO: 	Global mean rank: 194.888, MRR: 0.222, median rank: 18.0, hits@10: 40.622%
2017-05-03 12:40:40,186 INFO: MACRO RAW
2017-05-03 12:40:40,186 INFO: 	Left mean rank: 145.206, MRR: 0.311, median rank: 10.0, hits@10: 54.201%
2017-05-03 12:40:40,186 INFO: 	Right mean rank: 146.781, MRR: 0.379, median rank: 6.0, hits@10: 61.598%
2017-05-03 12:40:40,186 INFO: 	relation mean rank: 41.014, MRR: 0.283, median rank: 39.786, hits@10: 54.748%
2017-05-03 12:40:40,186 INFO: 	Global mean rank: 145.993, MRR: 0.345, median rank: 8.5, hits@10: 57.899%
2017-05-03 12:40:40,203 INFO: Ranking model on all examples from test. Each example ranked against 14951 other entities which are FILTERED
2017-05-03 12:40:40,204 INFO: RELATION ranking: each rel ranked against 1345 other rels
2017-05-03 12:40:41,533 INFO: 	FilteredRanking: evaluating rank on 59071 triples
2017-05-03 14:24:27,483 INFO: MICRO FILTERED:
2017-05-03 14:24:27,484 INFO: 	Left mean rank: 103.54592, MRR: 0.34942, median rank: 7.0, hits@10: 55.525%
2017-05-03 14:24:27,484 INFO: 	Right mean rank: 76.87358, MRR: 0.38988, median rank: 5.0, hits@10: 60.344%
2017-05-03 14:24:27,484 INFO: 	relation mean rank: 2.718, MRR: 0.852, median rank: 1.0, hits@10: 97.036%
2017-05-03 14:24:27,484 INFO: 	Global mean rank: 90.20975, MRR: 0.36965, median rank: 6.0, hits@10: 57.935%
2017-05-03 14:24:27,485 INFO: MACRO FILTERED
2017-05-03 14:24:27,485 INFO: 	Left mean rank: 115.97274, MRR: 0.44991, median rank: 4.0, hits@10: 66.955%
2017-05-03 14:24:27,485 INFO: 	Right mean rank: 133.01554, MRR: 0.49391, median rank: 3.0, hits@10: 69.439%
2017-05-03 14:24:27,485 INFO: 	relation mean rank: 40.398, MRR: 0.336, median rank: 39.156, hits@10: 56.264%
2017-05-03 14:24:27,485 INFO: 	Global mean rank: 124.49414, MRR: 0.47191, median rank: 4.0, hits@10: 68.197%
