2017-05-03 17:46:06,351 INFO: logger initialized for experiment identifier: BilinearDiagExtended_L1_ndim_300_marg_1.0_lrate_0.01_cost_margincost_reg_0.01_REL
2017-05-03 17:46:06,352 INFO: DD{'ndim': 300, 'test_all': 10, 'Nsyn_rel': 1345, 'totepochs': 2000, 'bestvalidMRR': -1, 'loadmodel': False, 'lremb': 0.01, 'nvalid': 1000, 'seed': 123, 'marge': 1.0, 'margincostfunction': 'margincost', 'simfn': 'L1', 'savepath': '/home/ubuntu/Thesis_code/KBC_Text/outputs/FB15k_BilinearDiagExtended/BilinearDiagExtended_L1_ndim_300_marg_1.0_lrate_0.01_cost_margincost_reg_0.01_REL', 'dataset': 'FB15k', 'nbatches': 100, 'identifier': 'BilinearDiagExtended_L1_ndim_300_marg_1.0_lrate_0.01_cost_margincost_reg_0.01_REL', 'lrparam': 0.01, 'loademb': False, 'datapath': '/home/ubuntu/data/', 'ntrain': 1000, 'Nrel': 1345, 'experiment_type': 'FB15kexp', 'rel': True, 'Nent': 14951, 'logger': <logging.RootLogger object at 0x7f986758dd10>, 'ntest': 1000, 'Nsyn': 14951, 'reg': 0.01, 'op': 'BilinearDiagExtended'}
2017-05-03 17:46:10,534 INFO: loaded FB15k data in: 4.179978 seconds
2017-05-03 17:46:10,535 DEBUG: FB15kexp: load_FB15k_data(): trainl(14951, 483142), trainr(14951, 483142), traino(1345, 483142), trainlidx(1000,)
2017-05-03 17:46:20,138 DEBUG: Training to rank RELATIONS as well!
2017-05-03 17:46:20,139 DEBUG: loaded data and constructed model...
2017-05-03 17:46:20,139 DEBUG: num epochs: 2000
2017-05-03 17:46:20,140 DEBUG: num batches per epoch: 100
2017-05-03 17:46:20,140 DEBUG: batchsize: 4831
2017-05-03 17:46:20,140 DEBUG: left and right entity ranking functions will rank a slot against 14951 competitors
2017-05-03 17:46:20,140 INFO: BEGIN TRAINING
2017-05-03 17:52:26,936 INFO: ----------------------------------------------------------------------------
2017-05-03 17:52:26,937 INFO: EPOCH 1 (366.797 seconds):
2017-05-03 17:52:26,974 INFO: 	Average L2 norm of relation vector: 0.04093
2017-05-03 17:52:26,976 INFO: 	COST >> 1.203 +/- 0.539, % updates Left: 70.64% Rel: 18.12% Right: 64.9%
2017-05-03 18:00:21,714 INFO: ----------------------------------------------------------------------------
2017-05-03 18:00:21,715 INFO: EPOCH 2 (474.739 seconds):
2017-05-03 18:00:21,726 INFO: 	Average L2 norm of relation vector: 0.04806
2017-05-03 18:00:21,728 INFO: 	COST >> 0.398 +/- 0.061, % updates Left: 31.17% Rel: 4.9% Right: 26.43%
2017-05-03 18:08:16,450 INFO: ----------------------------------------------------------------------------
2017-05-03 18:08:16,450 INFO: EPOCH 3 (474.723 seconds):
2017-05-03 18:08:16,461 INFO: 	Average L2 norm of relation vector: 0.05237
2017-05-03 18:08:16,462 INFO: 	COST >> 0.259 +/- 0.018, % updates Left: 20.76% Rel: 3.06% Right: 17.62%
2017-05-03 18:15:48,919 INFO: ----------------------------------------------------------------------------
2017-05-03 18:15:48,920 INFO: EPOCH 4 (452.457 seconds):
2017-05-03 18:15:48,930 INFO: 	Average L2 norm of relation vector: 0.05528
2017-05-03 18:15:48,931 INFO: 	COST >> 0.204 +/- 0.009, % updates Left: 16.0% Rel: 2.26% Right: 13.82%
2017-05-03 18:22:57,612 INFO: ----------------------------------------------------------------------------
2017-05-03 18:22:57,614 INFO: EPOCH 5 (428.682 seconds):
2017-05-03 18:22:57,625 INFO: 	Average L2 norm of relation vector: 0.05743
2017-05-03 18:22:57,627 INFO: 	COST >> 0.176 +/- 0.007, % updates Left: 13.51% Rel: 1.8% Right: 11.81%
2017-05-03 18:33:48,174 INFO: ----------------------------------------------------------------------------
2017-05-03 18:33:48,176 INFO: EPOCH 6 (650.547 seconds):
2017-05-03 18:33:48,190 INFO: 	Average L2 norm of relation vector: 0.05919
2017-05-03 18:33:48,192 INFO: 	COST >> 0.159 +/- 0.006, % updates Left: 12.11% Rel: 1.52% Right: 10.61%
2017-05-03 18:41:23,241 INFO: ----------------------------------------------------------------------------
2017-05-03 18:41:23,242 INFO: EPOCH 7 (455.048 seconds):
2017-05-03 18:41:23,254 INFO: 	Average L2 norm of relation vector: 0.0607
2017-05-03 18:41:23,256 INFO: 	COST >> 0.145 +/- 0.006, % updates Left: 11.05% Rel: 1.36% Right: 9.72%
2017-05-03 18:48:29,293 INFO: ----------------------------------------------------------------------------
2017-05-03 18:48:29,295 INFO: EPOCH 8 (426.038 seconds):
2017-05-03 18:48:29,310 INFO: 	Average L2 norm of relation vector: 0.062
2017-05-03 18:48:29,312 INFO: 	COST >> 0.134 +/- 0.006, % updates Left: 10.22% Rel: 1.22% Right: 8.97%
2017-05-03 18:56:31,089 INFO: ----------------------------------------------------------------------------
2017-05-03 18:56:31,090 INFO: EPOCH 9 (481.777 seconds):
2017-05-03 18:56:31,100 INFO: 	Average L2 norm of relation vector: 0.06321
2017-05-03 18:56:31,102 INFO: 	COST >> 0.125 +/- 0.005, % updates Left: 9.65% Rel: 1.12% Right: 8.41%
2017-05-03 19:04:53,440 INFO: ----------------------------------------------------------------------------
2017-05-03 19:04:53,441 INFO: EPOCH 10 (502.339 seconds):
2017-05-03 19:04:53,448 INFO: 	Average L2 norm of relation vector: 0.06435
2017-05-03 19:04:53,450 INFO: 	COST >> 0.116 +/- 0.005, % updates Left: 9.12% Rel: 1.06% Right: 7.84%
2017-05-03 19:04:53,450 INFO: 	FilteredRanking: evaluating rank on 1000 triples
2017-05-03 19:11:04,355 INFO: 	FilteredRanking: evaluating rank on 1000 triples
2017-05-03 19:15:41,577 INFO: 	MEAN RANK >> valid: 253.7, train: 169.5
2017-05-03 19:15:41,578 INFO: 		MEAN RANK TRAIN: Left: 176.6 Rel: 8.1 Right: 162.4
2017-05-03 19:15:41,579 INFO: 		MEAN RANK VALID: Left: 281.9 Rel: 4.2 Right: 225.5
2017-05-03 19:15:41,579 INFO: 		MEAN RECIPROCAL RANK VALID (L & R): 0.138
2017-05-03 19:15:41,579 INFO: 	FilteredRanking: evaluating rank on 1000 triples
2017-05-03 19:22:35,064 INFO: 	NEW BEST TEST MR: 248.5
2017-05-03 19:22:35,065 INFO: 		Left MR: 263.7 Rel MR: 7.3 Right MR: 233.4
2017-05-03 19:22:35,263 INFO: 	(ranking took 1061.813 seconds)
2017-05-03 19:30:22,896 INFO: ----------------------------------------------------------------------------
2017-05-03 19:30:22,897 INFO: EPOCH 11 (467.633 seconds):
2017-05-03 19:30:22,906 INFO: 	Average L2 norm of relation vector: 0.0654
2017-05-03 19:30:22,908 INFO: 	COST >> 0.108 +/- 0.005, % updates Left: 8.59% Rel: 1.01% Right: 7.45%
2017-05-03 19:38:06,492 INFO: ----------------------------------------------------------------------------
2017-05-03 19:38:06,492 INFO: EPOCH 12 (463.584 seconds):
2017-05-03 19:38:06,503 INFO: 	Average L2 norm of relation vector: 0.06636
2017-05-03 19:38:06,505 INFO: 	COST >> 0.101 +/- 0.004, % updates Left: 8.1% Rel: 0.96% Right: 7.02%
2017-05-03 19:46:05,849 INFO: ----------------------------------------------------------------------------
2017-05-03 19:46:05,850 INFO: EPOCH 13 (479.344 seconds):
2017-05-03 19:46:05,858 INFO: 	Average L2 norm of relation vector: 0.06723
2017-05-03 19:46:05,859 INFO: 	COST >> 0.097 +/- 0.004, % updates Left: 7.74% Rel: 0.95% Right: 6.59%
2017-05-03 19:56:47,115 INFO: ----------------------------------------------------------------------------
2017-05-03 19:56:47,116 INFO: EPOCH 14 (641.256 seconds):
2017-05-03 19:56:47,124 INFO: 	Average L2 norm of relation vector: 0.06801
2017-05-03 19:56:47,126 INFO: 	COST >> 0.093 +/- 0.004, % updates Left: 7.4% Rel: 0.9% Right: 6.34%
2017-05-03 20:06:04,422 INFO: ----------------------------------------------------------------------------
2017-05-03 20:06:04,423 INFO: EPOCH 15 (557.297 seconds):
2017-05-03 20:06:04,435 INFO: 	Average L2 norm of relation vector: 0.06875
2017-05-03 20:06:04,436 INFO: 	COST >> 0.088 +/- 0.004, % updates Left: 7.02% Rel: 0.86% Right: 6.03%
2017-05-03 20:14:48,593 INFO: ----------------------------------------------------------------------------
2017-05-03 20:14:48,594 INFO: EPOCH 16 (524.158 seconds):
2017-05-03 20:14:48,604 INFO: 	Average L2 norm of relation vector: 0.06939
2017-05-03 20:14:48,605 INFO: 	COST >> 0.085 +/- 0.004, % updates Left: 6.72% Rel: 0.84% Right: 5.78%
2017-05-03 20:22:11,190 INFO: ----------------------------------------------------------------------------
2017-05-03 20:22:11,192 INFO: EPOCH 17 (442.586 seconds):
2017-05-03 20:22:11,211 INFO: 	Average L2 norm of relation vector: 0.06998
2017-05-03 20:22:11,214 INFO: 	COST >> 0.082 +/- 0.004, % updates Left: 6.43% Rel: 0.81% Right: 5.54%
2017-05-03 20:30:59,697 INFO: ----------------------------------------------------------------------------
2017-05-03 20:30:59,698 INFO: EPOCH 18 (528.483 seconds):
2017-05-03 20:30:59,709 INFO: 	Average L2 norm of relation vector: 0.07051
2017-05-03 20:30:59,710 INFO: 	COST >> 0.079 +/- 0.003, % updates Left: 6.17% Rel: 0.78% Right: 5.33%
2017-05-03 20:38:29,620 INFO: ----------------------------------------------------------------------------
2017-05-03 20:38:29,620 INFO: EPOCH 19 (449.91 seconds):
2017-05-03 20:38:29,630 INFO: 	Average L2 norm of relation vector: 0.07102
2017-05-03 20:38:29,631 INFO: 	COST >> 0.077 +/- 0.004, % updates Left: 6.07% Rel: 0.79% Right: 5.19%
2017-05-03 20:46:17,279 INFO: ----------------------------------------------------------------------------
2017-05-03 20:46:17,280 INFO: EPOCH 20 (467.649 seconds):
2017-05-03 20:46:17,290 INFO: 	Average L2 norm of relation vector: 0.0715
2017-05-03 20:46:17,292 INFO: 	COST >> 0.075 +/- 0.003, % updates Left: 5.89% Rel: 0.75% Right: 5.0%
2017-05-03 20:46:17,292 INFO: 	FilteredRanking: evaluating rank on 1000 triples
2017-05-03 20:53:59,384 INFO: 	FilteredRanking: evaluating rank on 1000 triples
2017-05-03 21:00:43,617 INFO: 	MEAN RANK >> valid: 160.5, train: 86.2
2017-05-03 21:00:43,618 INFO: 		MEAN RANK TRAIN: Left: 97.0 Rel: 5.1 Right: 75.4
2017-05-03 21:00:43,619 INFO: 		MEAN RANK VALID: Left: 191.4 Rel: 3.1 Right: 129.5
2017-05-03 21:00:43,619 INFO: 		MEAN RECIPROCAL RANK VALID (L & R): 0.188
2017-05-03 21:00:43,619 INFO: 	FilteredRanking: evaluating rank on 1000 triples
2017-05-03 21:09:15,480 INFO: 	NEW BEST TEST MR: 157.7
2017-05-03 21:09:15,485 INFO: 		Left MR: 173.7 Rel MR: 5.2 Right MR: 141.8
2017-05-03 21:09:16,741 INFO: 	(ranking took 1379.448 seconds)
2017-05-03 21:17:40,177 INFO: ----------------------------------------------------------------------------
2017-05-03 21:17:40,178 INFO: EPOCH 21 (503.436 seconds):
2017-05-03 21:17:40,186 INFO: 	Average L2 norm of relation vector: 0.07192
2017-05-03 21:17:40,188 INFO: 	COST >> 0.073 +/- 0.003, % updates Left: 5.65% Rel: 0.75% Right: 4.84%
2017-05-03 21:25:37,709 INFO: ----------------------------------------------------------------------------
2017-05-03 21:25:37,710 INFO: EPOCH 22 (477.522 seconds):
2017-05-03 21:25:37,719 INFO: 	Average L2 norm of relation vector: 0.07232
2017-05-03 21:25:37,721 INFO: 	COST >> 0.071 +/- 0.004, % updates Left: 5.52% Rel: 0.72% Right: 4.7%
2017-05-03 21:29:49,907 INFO: ----------------------------------------------------------------------------
2017-05-03 21:29:49,907 INFO: EPOCH 23 (252.186 seconds):
2017-05-03 21:29:49,914 INFO: 	Average L2 norm of relation vector: 0.07268
2017-05-03 21:29:49,915 INFO: 	COST >> 0.069 +/- 0.003, % updates Left: 5.34% Rel: 0.7% Right: 4.58%
2017-05-03 21:36:46,674 INFO: ----------------------------------------------------------------------------
2017-05-03 21:36:46,675 INFO: EPOCH 24 (416.76 seconds):
2017-05-03 21:36:46,685 INFO: 	Average L2 norm of relation vector: 0.07299
2017-05-03 21:36:46,687 INFO: 	COST >> 0.068 +/- 0.003, % updates Left: 5.2% Rel: 0.68% Right: 4.45%
2017-05-03 21:43:55,254 INFO: ----------------------------------------------------------------------------
2017-05-03 21:43:55,256 INFO: EPOCH 25 (428.569 seconds):
2017-05-03 21:43:55,275 INFO: 	Average L2 norm of relation vector: 0.07331
2017-05-03 21:43:55,278 INFO: 	COST >> 0.067 +/- 0.003, % updates Left: 5.14% Rel: 0.68% Right: 4.34%
2017-05-03 21:51:23,040 INFO: ----------------------------------------------------------------------------
2017-05-03 21:51:23,041 INFO: EPOCH 26 (447.761 seconds):
2017-05-03 21:51:23,051 INFO: 	Average L2 norm of relation vector: 0.07361
2017-05-03 21:51:23,053 INFO: 	COST >> 0.065 +/- 0.003, % updates Left: 5.0% Rel: 0.67% Right: 4.28%
2017-05-03 21:58:33,268 INFO: ----------------------------------------------------------------------------
2017-05-03 21:58:33,268 INFO: EPOCH 27 (430.215 seconds):
2017-05-03 21:58:33,279 INFO: 	Average L2 norm of relation vector: 0.07389
2017-05-03 21:58:33,280 INFO: 	COST >> 0.064 +/- 0.003, % updates Left: 4.91% Rel: 0.65% Right: 4.21%
2017-05-03 22:05:56,945 INFO: ----------------------------------------------------------------------------
2017-05-03 22:05:56,946 INFO: EPOCH 28 (443.665 seconds):
2017-05-03 22:05:56,954 INFO: 	Average L2 norm of relation vector: 0.07414
2017-05-03 22:05:56,956 INFO: 	COST >> 0.063 +/- 0.003, % updates Left: 4.78% Rel: 0.65% Right: 4.11%
2017-05-03 22:13:22,875 INFO: ----------------------------------------------------------------------------
2017-05-03 22:13:22,876 INFO: EPOCH 29 (445.92 seconds):
2017-05-03 22:13:22,883 INFO: 	Average L2 norm of relation vector: 0.07438
2017-05-03 22:13:22,884 INFO: 	COST >> 0.062 +/- 0.003, % updates Left: 4.76% Rel: 0.63% Right: 4.01%
2017-05-03 22:19:33,003 INFO: ----------------------------------------------------------------------------
2017-05-03 22:19:33,004 INFO: EPOCH 30 (370.12 seconds):
2017-05-03 22:19:33,014 INFO: 	Average L2 norm of relation vector: 0.07461
2017-05-03 22:19:33,015 INFO: 	COST >> 0.061 +/- 0.003, % updates Left: 4.62% Rel: 0.64% Right: 4.01%
2017-05-03 22:19:33,016 INFO: 	FilteredRanking: evaluating rank on 1000 triples
2017-05-03 22:24:43,872 INFO: 	FilteredRanking: evaluating rank on 1000 triples
2017-05-03 22:30:47,634 INFO: 	MEAN RANK >> valid: 117.4, train: 58.1
2017-05-03 22:30:47,635 INFO: 		MEAN RANK TRAIN: Left: 63.1 Rel: 3.9 Right: 53.2
2017-05-03 22:30:47,636 INFO: 		MEAN RANK VALID: Left: 147.0 Rel: 2.8 Right: 87.8
2017-05-03 22:30:47,637 INFO: 		MEAN RECIPROCAL RANK VALID (L & R): 0.2425
2017-05-03 22:30:47,637 INFO: 	FilteredRanking: evaluating rank on 1000 triples
2017-05-03 22:36:17,691 INFO: 	NEW BEST TEST MR: 113.4
2017-05-03 22:36:17,694 INFO: 		Left MR: 125.1 Rel MR: 4.0 Right MR: 101.7
2017-05-03 22:36:18,324 INFO: 	(ranking took 1005.308 seconds)
2017-05-03 22:42:30,907 INFO: ----------------------------------------------------------------------------
2017-05-03 22:42:30,908 INFO: EPOCH 31 (372.583 seconds):
2017-05-03 22:42:30,915 INFO: 	Average L2 norm of relation vector: 0.07481
2017-05-03 22:42:30,916 INFO: 	COST >> 0.06 +/- 0.003, % updates Left: 4.54% Rel: 0.62% Right: 3.86%
2017-05-03 22:49:03,654 INFO: ----------------------------------------------------------------------------
2017-05-03 22:49:03,654 INFO: EPOCH 32 (392.737 seconds):
2017-05-03 22:49:03,661 INFO: 	Average L2 norm of relation vector: 0.07501
2017-05-03 22:49:03,662 INFO: 	COST >> 0.058 +/- 0.002, % updates Left: 4.42% Rel: 0.61% Right: 3.78%
2017-05-03 22:56:35,571 INFO: ----------------------------------------------------------------------------
2017-05-03 22:56:35,572 INFO: EPOCH 33 (451.909 seconds):
2017-05-03 22:56:35,585 INFO: 	Average L2 norm of relation vector: 0.07518
2017-05-03 22:56:35,587 INFO: 	COST >> 0.058 +/- 0.003, % updates Left: 4.37% Rel: 0.6% Right: 3.74%
2017-05-03 23:04:53,363 INFO: ----------------------------------------------------------------------------
2017-05-03 23:04:53,364 INFO: EPOCH 34 (497.775 seconds):
2017-05-03 23:04:53,372 INFO: 	Average L2 norm of relation vector: 0.07534
2017-05-03 23:04:53,373 INFO: 	COST >> 0.057 +/- 0.003, % updates Left: 4.22% Rel: 0.58% Right: 3.69%
2017-05-03 23:11:53,955 INFO: ----------------------------------------------------------------------------
2017-05-03 23:11:53,956 INFO: EPOCH 35 (420.582 seconds):
2017-05-03 23:11:53,966 INFO: 	Average L2 norm of relation vector: 0.07549
2017-05-03 23:11:53,967 INFO: 	COST >> 0.056 +/- 0.002, % updates Left: 4.21% Rel: 0.58% Right: 3.57%
2017-05-03 23:19:20,474 INFO: ----------------------------------------------------------------------------
2017-05-03 23:19:20,475 INFO: EPOCH 36 (446.507 seconds):
2017-05-03 23:19:20,484 INFO: 	Average L2 norm of relation vector: 0.07561
2017-05-03 23:19:20,486 INFO: 	COST >> 0.055 +/- 0.003, % updates Left: 4.15% Rel: 0.57% Right: 3.51%
2017-05-03 23:26:56,629 INFO: ----------------------------------------------------------------------------
2017-05-03 23:26:56,630 INFO: EPOCH 37 (456.144 seconds):
2017-05-03 23:26:56,641 INFO: 	Average L2 norm of relation vector: 0.07574
2017-05-03 23:26:56,642 INFO: 	COST >> 0.055 +/- 0.003, % updates Left: 4.07% Rel: 0.6% Right: 3.53%
2017-05-03 23:34:44,826 INFO: ----------------------------------------------------------------------------
2017-05-03 23:34:44,827 INFO: EPOCH 38 (468.184 seconds):
2017-05-03 23:34:44,837 INFO: 	Average L2 norm of relation vector: 0.07587
2017-05-03 23:34:44,839 INFO: 	COST >> 0.054 +/- 0.003, % updates Left: 4.02% Rel: 0.56% Right: 3.49%
2017-05-03 23:43:34,296 INFO: ----------------------------------------------------------------------------
2017-05-03 23:43:34,298 INFO: EPOCH 39 (529.458 seconds):
2017-05-03 23:43:34,314 INFO: 	Average L2 norm of relation vector: 0.07596
2017-05-03 23:43:34,316 INFO: 	COST >> 0.053 +/- 0.002, % updates Left: 3.93% Rel: 0.56% Right: 3.38%
2017-05-03 23:50:47,084 INFO: ----------------------------------------------------------------------------
2017-05-03 23:50:47,086 INFO: EPOCH 40 (432.769 seconds):
2017-05-03 23:50:47,102 INFO: 	Average L2 norm of relation vector: 0.07606
2017-05-03 23:50:47,104 INFO: 	COST >> 0.053 +/- 0.002, % updates Left: 3.94% Rel: 0.57% Right: 3.32%
2017-05-03 23:50:47,105 INFO: 	FilteredRanking: evaluating rank on 1000 triples
2017-05-03 23:56:49,896 INFO: 	FilteredRanking: evaluating rank on 1000 triples
2017-05-04 00:04:24,078 INFO: 	MEAN RANK >> valid: 98.3, train: 40.0
2017-05-04 00:04:24,079 INFO: 		MEAN RANK TRAIN: Left: 42.9 Rel: 3.1 Right: 37.1
2017-05-04 00:04:24,081 INFO: 		MEAN RANK VALID: Left: 122.3 Rel: 2.6 Right: 74.3
2017-05-04 00:04:24,082 INFO: 		MEAN RECIPROCAL RANK VALID (L & R): 0.2735
2017-05-04 00:04:24,082 INFO: 	FilteredRanking: evaluating rank on 1000 triples
2017-05-04 00:12:02,992 INFO: 	NEW BEST TEST MR: 92.3
2017-05-04 00:12:02,994 INFO: 		Left MR: 96.5 Rel MR: 3.3 Right MR: 88.0
2017-05-04 00:12:03,901 INFO: 	(ranking took 1276.795 seconds)
2017-05-04 00:18:48,065 INFO: ----------------------------------------------------------------------------
2017-05-04 00:18:48,067 INFO: EPOCH 41 (404.165 seconds):
2017-05-04 00:18:48,079 INFO: 	Average L2 norm of relation vector: 0.07614
2017-05-04 00:18:48,081 INFO: 	COST >> 0.052 +/- 0.002, % updates Left: 3.84% Rel: 0.55% Right: 3.3%
2017-05-04 00:26:50,410 INFO: ----------------------------------------------------------------------------
2017-05-04 00:26:50,411 INFO: EPOCH 42 (482.33 seconds):
2017-05-04 00:26:50,422 INFO: 	Average L2 norm of relation vector: 0.07621
2017-05-04 00:26:50,423 INFO: 	COST >> 0.052 +/- 0.002, % updates Left: 3.8% Rel: 0.55% Right: 3.22%
2017-05-04 00:34:46,018 INFO: ----------------------------------------------------------------------------
2017-05-04 00:34:46,019 INFO: EPOCH 43 (475.595 seconds):
2017-05-04 00:34:46,029 INFO: 	Average L2 norm of relation vector: 0.07628
2017-05-04 00:34:46,030 INFO: 	COST >> 0.051 +/- 0.002, % updates Left: 3.72% Rel: 0.56% Right: 3.24%
2017-05-04 00:42:17,774 INFO: ----------------------------------------------------------------------------
2017-05-04 00:42:17,775 INFO: EPOCH 44 (451.744 seconds):
2017-05-04 00:42:17,784 INFO: 	Average L2 norm of relation vector: 0.07634
2017-05-04 00:42:17,786 INFO: 	COST >> 0.05 +/- 0.002, % updates Left: 3.68% Rel: 0.55% Right: 3.19%
2017-05-04 00:49:28,547 INFO: ----------------------------------------------------------------------------
2017-05-04 00:49:28,548 INFO: EPOCH 45 (430.762 seconds):
2017-05-04 00:49:28,555 INFO: 	Average L2 norm of relation vector: 0.07639
2017-05-04 00:49:28,556 INFO: 	COST >> 0.05 +/- 0.002, % updates Left: 3.63% Rel: 0.54% Right: 3.12%
2017-05-04 00:57:52,501 INFO: ----------------------------------------------------------------------------
2017-05-04 00:57:52,502 INFO: EPOCH 46 (503.946 seconds):
2017-05-04 00:57:52,509 INFO: 	Average L2 norm of relation vector: 0.07643
2017-05-04 00:57:52,510 INFO: 	COST >> 0.05 +/- 0.002, % updates Left: 3.62% Rel: 0.55% Right: 3.1%
2017-05-04 01:05:03,328 INFO: ----------------------------------------------------------------------------
2017-05-04 01:05:03,329 INFO: EPOCH 47 (430.818 seconds):
2017-05-04 01:05:03,339 INFO: 	Average L2 norm of relation vector: 0.07647
2017-05-04 01:05:03,340 INFO: 	COST >> 0.05 +/- 0.002, % updates Left: 3.57% Rel: 0.52% Right: 3.08%
2017-05-04 01:12:57,885 INFO: ----------------------------------------------------------------------------
2017-05-04 01:12:57,886 INFO: EPOCH 48 (474.546 seconds):
2017-05-04 01:12:57,898 INFO: 	Average L2 norm of relation vector: 0.07649
2017-05-04 01:12:57,899 INFO: 	COST >> 0.049 +/- 0.002, % updates Left: 3.55% Rel: 0.52% Right: 3.03%
2017-05-04 01:20:25,019 INFO: ----------------------------------------------------------------------------
2017-05-04 01:20:25,020 INFO: EPOCH 49 (447.12 seconds):
2017-05-04 01:20:25,029 INFO: 	Average L2 norm of relation vector: 0.07651
2017-05-04 01:20:25,030 INFO: 	COST >> 0.048 +/- 0.002, % updates Left: 3.49% Rel: 0.52% Right: 3.0%
2017-05-04 01:27:54,794 INFO: ----------------------------------------------------------------------------
2017-05-04 01:27:54,795 INFO: EPOCH 50 (449.765 seconds):
2017-05-04 01:27:54,802 INFO: 	Average L2 norm of relation vector: 0.07654
2017-05-04 01:27:54,803 INFO: 	COST >> 0.048 +/- 0.002, % updates Left: 3.5% Rel: 0.53% Right: 2.99%
2017-05-04 01:27:54,803 INFO: 	FilteredRanking: evaluating rank on 1000 triples
2017-05-04 01:35:32,125 INFO: 	FilteredRanking: evaluating rank on 1000 triples
2017-05-04 01:42:30,408 INFO: 	MEAN RANK >> valid: 87.1, train: 29.5
2017-05-04 01:42:30,409 INFO: 		MEAN RANK TRAIN: Left: 33.3 Rel: 2.5 Right: 25.8
2017-05-04 01:42:30,410 INFO: 		MEAN RANK VALID: Left: 110.2 Rel: 2.4 Right: 63.9
2017-05-04 01:42:30,410 INFO: 		MEAN RECIPROCAL RANK VALID (L & R): 0.2945
2017-05-04 01:42:30,410 INFO: 	FilteredRanking: evaluating rank on 1000 triples
2017-05-04 01:49:23,552 INFO: 	NEW BEST TEST MR: 76.0
2017-05-04 01:49:23,554 INFO: 		Left MR: 79.1 Rel MR: 3.0 Right MR: 72.9
2017-05-04 01:49:24,259 INFO: 	(ranking took 1289.455 seconds)
2017-05-04 01:57:18,208 INFO: ----------------------------------------------------------------------------
2017-05-04 01:57:18,209 INFO: EPOCH 51 (473.947 seconds):
2017-05-04 01:57:18,221 INFO: 	Average L2 norm of relation vector: 0.07656
2017-05-04 01:57:18,222 INFO: 	COST >> 0.048 +/- 0.002, % updates Left: 3.44% Rel: 0.52% Right: 2.92%
2017-05-04 02:05:02,018 INFO: ----------------------------------------------------------------------------
2017-05-04 02:05:02,019 INFO: EPOCH 52 (463.796 seconds):
2017-05-04 02:05:02,029 INFO: 	Average L2 norm of relation vector: 0.07657
2017-05-04 02:05:02,031 INFO: 	COST >> 0.047 +/- 0.002, % updates Left: 3.38% Rel: 0.53% Right: 2.9%
2017-05-04 02:12:48,663 INFO: ----------------------------------------------------------------------------
2017-05-04 02:12:48,664 INFO: EPOCH 53 (466.633 seconds):
2017-05-04 02:12:48,674 INFO: 	Average L2 norm of relation vector: 0.07657
2017-05-04 02:12:48,675 INFO: 	COST >> 0.047 +/- 0.002, % updates Left: 3.39% Rel: 0.52% Right: 2.87%
2017-05-04 02:20:47,572 INFO: ----------------------------------------------------------------------------
2017-05-04 02:20:47,573 INFO: EPOCH 54 (478.897 seconds):
2017-05-04 02:20:47,580 INFO: 	Average L2 norm of relation vector: 0.07656
2017-05-04 02:20:47,582 INFO: 	COST >> 0.047 +/- 0.002, % updates Left: 3.33% Rel: 0.51% Right: 2.87%
2017-05-04 02:26:03,804 INFO: ----------------------------------------------------------------------------
2017-05-04 02:26:03,805 INFO: EPOCH 55 (316.223 seconds):
2017-05-04 02:26:03,817 INFO: 	Average L2 norm of relation vector: 0.07655
2017-05-04 02:26:03,818 INFO: 	COST >> 0.046 +/- 0.002, % updates Left: 3.29% Rel: 0.53% Right: 2.85%
2017-05-04 02:33:42,162 INFO: ----------------------------------------------------------------------------
2017-05-04 02:33:42,164 INFO: EPOCH 56 (458.345 seconds):
2017-05-04 02:33:42,177 INFO: 	Average L2 norm of relation vector: 0.07654
2017-05-04 02:33:42,179 INFO: 	COST >> 0.046 +/- 0.002, % updates Left: 3.29% Rel: 0.5% Right: 2.81%
2017-05-04 02:41:25,634 INFO: ----------------------------------------------------------------------------
2017-05-04 02:41:25,635 INFO: EPOCH 57 (463.455 seconds):
2017-05-04 02:41:25,645 INFO: 	Average L2 norm of relation vector: 0.07654
2017-05-04 02:41:25,646 INFO: 	COST >> 0.046 +/- 0.002, % updates Left: 3.31% Rel: 0.49% Right: 2.79%
2017-05-04 02:48:25,343 INFO: ----------------------------------------------------------------------------
2017-05-04 02:48:25,344 INFO: EPOCH 58 (419.697 seconds):
2017-05-04 02:48:25,355 INFO: 	Average L2 norm of relation vector: 0.07652
2017-05-04 02:48:25,357 INFO: 	COST >> 0.045 +/- 0.002, % updates Left: 3.19% Rel: 0.49% Right: 2.75%
2017-05-04 02:55:45,778 INFO: ----------------------------------------------------------------------------
2017-05-04 02:55:45,779 INFO: EPOCH 59 (440.422 seconds):
2017-05-04 02:55:45,790 INFO: 	Average L2 norm of relation vector: 0.07651
2017-05-04 02:55:45,792 INFO: 	COST >> 0.045 +/- 0.002, % updates Left: 3.24% Rel: 0.5% Right: 2.77%
2017-05-04 03:02:32,513 INFO: ----------------------------------------------------------------------------
2017-05-04 03:02:32,514 INFO: EPOCH 60 (406.722 seconds):
2017-05-04 03:02:32,524 INFO: 	Average L2 norm of relation vector: 0.0765
2017-05-04 03:02:32,525 INFO: 	COST >> 0.045 +/- 0.002, % updates Left: 3.25% Rel: 0.5% Right: 2.73%
2017-05-04 03:02:32,525 INFO: 	FilteredRanking: evaluating rank on 1000 triples
2017-05-04 03:09:32,829 INFO: 	FilteredRanking: evaluating rank on 1000 triples
2017-05-04 03:16:23,009 INFO: 	MEAN RANK >> valid: 83.1, train: 22.4
2017-05-04 03:16:23,010 INFO: 		MEAN RANK TRAIN: Left: 25.0 Rel: 2.2 Right: 19.9
2017-05-04 03:16:23,011 INFO: 		MEAN RANK VALID: Left: 103.9 Rel: 2.3 Right: 62.3
2017-05-04 03:16:23,011 INFO: 		MEAN RECIPROCAL RANK VALID (L & R): 0.2845
2017-05-04 03:16:23,012 WARNING: 	WARNING, failed to improve MRR on valid, 2 chances left

2017-05-04 03:16:23,927 INFO: 	(ranking took 831.402 seconds)
2017-05-04 03:24:13,398 INFO: ----------------------------------------------------------------------------
2017-05-04 03:24:13,399 INFO: EPOCH 61 (469.471 seconds):
2017-05-04 03:24:13,407 INFO: 	Average L2 norm of relation vector: 0.07649
2017-05-04 03:24:13,408 INFO: 	COST >> 0.044 +/- 0.002, % updates Left: 3.19% Rel: 0.5% Right: 2.72%
2017-05-04 03:30:42,629 INFO: ----------------------------------------------------------------------------
2017-05-04 03:30:42,630 INFO: EPOCH 62 (389.221 seconds):
2017-05-04 03:30:42,640 INFO: 	Average L2 norm of relation vector: 0.07646
2017-05-04 03:30:42,641 INFO: 	COST >> 0.044 +/- 0.002, % updates Left: 3.15% Rel: 0.49% Right: 2.71%
2017-05-04 03:37:52,794 INFO: ----------------------------------------------------------------------------
2017-05-04 03:37:52,795 INFO: EPOCH 63 (430.153 seconds):
2017-05-04 03:37:52,806 INFO: 	Average L2 norm of relation vector: 0.07644
2017-05-04 03:37:52,807 INFO: 	COST >> 0.044 +/- 0.002, % updates Left: 3.18% Rel: 0.49% Right: 2.65%
2017-05-04 03:44:44,983 INFO: ----------------------------------------------------------------------------
2017-05-04 03:44:44,984 INFO: EPOCH 64 (412.176 seconds):
2017-05-04 03:44:44,992 INFO: 	Average L2 norm of relation vector: 0.0764
2017-05-04 03:44:44,993 INFO: 	COST >> 0.044 +/- 0.002, % updates Left: 3.08% Rel: 0.48% Right: 2.65%
2017-05-04 03:51:10,098 INFO: ----------------------------------------------------------------------------
2017-05-04 03:51:10,098 INFO: EPOCH 65 (385.105 seconds):
2017-05-04 03:51:10,106 INFO: 	Average L2 norm of relation vector: 0.07635
2017-05-04 03:51:10,107 INFO: 	COST >> 0.044 +/- 0.002, % updates Left: 3.06% Rel: 0.5% Right: 2.6%
2017-05-04 03:57:07,100 INFO: ----------------------------------------------------------------------------
2017-05-04 03:57:07,101 INFO: EPOCH 66 (356.993 seconds):
2017-05-04 03:57:07,107 INFO: 	Average L2 norm of relation vector: 0.07631
2017-05-04 03:57:07,108 INFO: 	COST >> 0.043 +/- 0.002, % updates Left: 3.08% Rel: 0.49% Right: 2.6%
2017-05-04 04:02:18,826 INFO: ----------------------------------------------------------------------------
2017-05-04 04:02:18,827 INFO: EPOCH 67 (311.718 seconds):
2017-05-04 04:02:18,835 INFO: 	Average L2 norm of relation vector: 0.07628
2017-05-04 04:02:18,837 INFO: 	COST >> 0.043 +/- 0.002, % updates Left: 3.09% Rel: 0.48% Right: 2.63%
2017-05-04 04:08:36,763 INFO: ----------------------------------------------------------------------------
2017-05-04 04:08:36,764 INFO: EPOCH 68 (377.927 seconds):
2017-05-04 04:08:36,777 INFO: 	Average L2 norm of relation vector: 0.07624
2017-05-04 04:08:36,780 INFO: 	COST >> 0.043 +/- 0.002, % updates Left: 3.02% Rel: 0.51% Right: 2.62%
2017-05-04 04:15:41,164 INFO: ----------------------------------------------------------------------------
2017-05-04 04:15:41,164 INFO: EPOCH 69 (424.384 seconds):
2017-05-04 04:15:41,173 INFO: 	Average L2 norm of relation vector: 0.0762
2017-05-04 04:15:41,174 INFO: 	COST >> 0.042 +/- 0.002, % updates Left: 2.99% Rel: 0.47% Right: 2.58%
2017-05-04 04:22:07,688 INFO: ----------------------------------------------------------------------------
2017-05-04 04:22:07,689 INFO: EPOCH 70 (386.514 seconds):
2017-05-04 04:22:07,698 INFO: 	Average L2 norm of relation vector: 0.07616
2017-05-04 04:22:07,700 INFO: 	COST >> 0.042 +/- 0.002, % updates Left: 2.99% Rel: 0.47% Right: 2.56%
2017-05-04 04:22:07,700 INFO: 	FilteredRanking: evaluating rank on 1000 triples
2017-05-04 04:31:59,820 INFO: 	FilteredRanking: evaluating rank on 1000 triples
2017-05-04 04:41:30,954 INFO: 	MEAN RANK >> valid: 73.5, train: 22.8
2017-05-04 04:41:30,956 INFO: 		MEAN RANK TRAIN: Left: 25.6 Rel: 2.0 Right: 20.0
2017-05-04 04:41:30,959 INFO: 		MEAN RANK VALID: Left: 96.2 Rel: 2.3 Right: 50.8
2017-05-04 04:41:30,960 INFO: 		MEAN RECIPROCAL RANK VALID (L & R): 0.3125
2017-05-04 04:41:30,961 INFO: 	FilteredRanking: evaluating rank on 1000 triples
2017-05-04 04:47:42,680 INFO: 	NEW BEST TEST MR: 68.3
2017-05-04 04:47:42,681 INFO: 		Left MR: 70.0 Rel MR: 2.8 Right MR: 66.6
2017-05-04 04:47:43,626 INFO: 	(ranking took 1535.925 seconds)
2017-05-04 04:52:17,339 INFO: ----------------------------------------------------------------------------
2017-05-04 04:52:17,340 INFO: EPOCH 71 (273.714 seconds):
2017-05-04 04:52:17,349 INFO: 	Average L2 norm of relation vector: 0.07611
2017-05-04 04:52:17,351 INFO: 	COST >> 0.042 +/- 0.002, % updates Left: 3.0% Rel: 0.48% Right: 2.52%
2017-05-04 04:58:38,328 INFO: ----------------------------------------------------------------------------
2017-05-04 04:58:38,328 INFO: EPOCH 72 (380.977 seconds):
2017-05-04 04:58:38,336 INFO: 	Average L2 norm of relation vector: 0.07606
2017-05-04 04:58:38,337 INFO: 	COST >> 0.042 +/- 0.002, % updates Left: 2.99% Rel: 0.46% Right: 2.53%
2017-05-04 05:04:06,523 INFO: ----------------------------------------------------------------------------
2017-05-04 05:04:06,524 INFO: EPOCH 73 (328.186 seconds):
2017-05-04 05:04:06,530 INFO: 	Average L2 norm of relation vector: 0.07601
2017-05-04 05:04:06,531 INFO: 	COST >> 0.042 +/- 0.002, % updates Left: 2.96% Rel: 0.47% Right: 2.53%
2017-05-04 05:07:14,339 INFO: ----------------------------------------------------------------------------
2017-05-04 05:07:14,340 INFO: EPOCH 74 (187.808 seconds):
2017-05-04 05:07:14,346 INFO: 	Average L2 norm of relation vector: 0.07595
2017-05-04 05:07:14,347 INFO: 	COST >> 0.041 +/- 0.002, % updates Left: 2.95% Rel: 0.48% Right: 2.47%
2017-05-04 05:13:08,156 INFO: ----------------------------------------------------------------------------
2017-05-04 05:13:08,156 INFO: EPOCH 75 (353.809 seconds):
2017-05-04 05:13:08,165 INFO: 	Average L2 norm of relation vector: 0.0759
2017-05-04 05:13:08,166 INFO: 	COST >> 0.041 +/- 0.002, % updates Left: 2.91% Rel: 0.46% Right: 2.54%
2017-05-04 05:19:09,345 INFO: ----------------------------------------------------------------------------
2017-05-04 05:19:09,346 INFO: EPOCH 76 (361.179 seconds):
2017-05-04 05:19:09,355 INFO: 	Average L2 norm of relation vector: 0.07585
2017-05-04 05:19:09,356 INFO: 	COST >> 0.041 +/- 0.001, % updates Left: 2.94% Rel: 0.47% Right: 2.45%
2017-05-04 05:24:51,413 INFO: ----------------------------------------------------------------------------
2017-05-04 05:24:51,413 INFO: EPOCH 77 (342.057 seconds):
2017-05-04 05:24:51,421 INFO: 	Average L2 norm of relation vector: 0.0758
2017-05-04 05:24:51,422 INFO: 	COST >> 0.041 +/- 0.002, % updates Left: 2.88% Rel: 0.47% Right: 2.45%
2017-05-04 05:30:32,026 INFO: ----------------------------------------------------------------------------
2017-05-04 05:30:32,027 INFO: EPOCH 78 (340.605 seconds):
2017-05-04 05:30:32,036 INFO: 	Average L2 norm of relation vector: 0.07574
2017-05-04 05:30:32,037 INFO: 	COST >> 0.041 +/- 0.002, % updates Left: 2.91% Rel: 0.47% Right: 2.45%
2017-05-04 05:36:32,011 INFO: ----------------------------------------------------------------------------
2017-05-04 05:36:32,011 INFO: EPOCH 79 (359.974 seconds):
2017-05-04 05:36:32,017 INFO: 	Average L2 norm of relation vector: 0.0757
2017-05-04 05:36:32,018 INFO: 	COST >> 0.04 +/- 0.002, % updates Left: 2.9% Rel: 0.47% Right: 2.42%
2017-05-04 05:42:07,800 INFO: ----------------------------------------------------------------------------
2017-05-04 05:42:07,801 INFO: EPOCH 80 (335.783 seconds):
2017-05-04 05:42:07,810 INFO: 	Average L2 norm of relation vector: 0.07564
2017-05-04 05:42:07,811 INFO: 	COST >> 0.04 +/- 0.002, % updates Left: 2.84% Rel: 0.47% Right: 2.43%
2017-05-04 05:42:07,812 INFO: 	FilteredRanking: evaluating rank on 1000 triples
2017-05-04 05:47:28,259 INFO: 	FilteredRanking: evaluating rank on 1000 triples
2017-05-04 05:52:25,070 INFO: 	MEAN RANK >> valid: 68.8, train: 18.5
2017-05-04 05:52:25,071 INFO: 		MEAN RANK TRAIN: Left: 20.6 Rel: 1.9 Right: 16.4
2017-05-04 05:52:25,072 INFO: 		MEAN RANK VALID: Left: 87.9 Rel: 2.2 Right: 49.6
2017-05-04 05:52:25,072 INFO: 		MEAN RECIPROCAL RANK VALID (L & R): 0.317
2017-05-04 05:52:25,072 INFO: 	FilteredRanking: evaluating rank on 1000 triples
2017-05-04 05:57:00,184 INFO: 	NEW BEST TEST MR: 65.8
2017-05-04 05:57:00,189 INFO: 		Left MR: 68.2 Rel MR: 2.7 Right MR: 63.3
2017-05-04 05:57:00,912 INFO: 	(ranking took 893.1 seconds)
2017-05-04 06:02:22,735 INFO: ----------------------------------------------------------------------------
2017-05-04 06:02:22,735 INFO: EPOCH 81 (321.823 seconds):
2017-05-04 06:02:22,742 INFO: 	Average L2 norm of relation vector: 0.07559
2017-05-04 06:02:22,743 INFO: 	COST >> 0.04 +/- 0.002, % updates Left: 2.88% Rel: 0.45% Right: 2.43%
2017-05-04 06:08:30,059 INFO: ----------------------------------------------------------------------------
2017-05-04 06:08:30,060 INFO: EPOCH 82 (367.317 seconds):
2017-05-04 06:08:30,069 INFO: 	Average L2 norm of relation vector: 0.07554
2017-05-04 06:08:30,070 INFO: 	COST >> 0.04 +/- 0.002, % updates Left: 2.84% Rel: 0.47% Right: 2.44%
2017-05-04 06:13:52,108 INFO: ----------------------------------------------------------------------------
2017-05-04 06:13:52,108 INFO: EPOCH 83 (322.038 seconds):
2017-05-04 06:13:52,114 INFO: 	Average L2 norm of relation vector: 0.07548
2017-05-04 06:13:52,115 INFO: 	COST >> 0.04 +/- 0.002, % updates Left: 2.83% Rel: 0.45% Right: 2.43%
2017-05-04 06:19:10,215 INFO: ----------------------------------------------------------------------------
2017-05-04 06:19:10,215 INFO: EPOCH 84 (318.1 seconds):
2017-05-04 06:19:10,223 INFO: 	Average L2 norm of relation vector: 0.07543
2017-05-04 06:19:10,224 INFO: 	COST >> 0.04 +/- 0.002, % updates Left: 2.84% Rel: 0.46% Right: 2.42%
2017-05-04 06:25:32,790 INFO: ----------------------------------------------------------------------------
2017-05-04 06:25:32,791 INFO: EPOCH 85 (382.566 seconds):
2017-05-04 06:25:32,800 INFO: 	Average L2 norm of relation vector: 0.07538
2017-05-04 06:25:32,801 INFO: 	COST >> 0.04 +/- 0.002, % updates Left: 2.82% Rel: 0.45% Right: 2.39%
2017-05-04 06:30:39,719 INFO: ----------------------------------------------------------------------------
2017-05-04 06:30:39,720 INFO: EPOCH 86 (306.918 seconds):
2017-05-04 06:30:39,726 INFO: 	Average L2 norm of relation vector: 0.07532
2017-05-04 06:30:39,727 INFO: 	COST >> 0.04 +/- 0.002, % updates Left: 2.79% Rel: 0.45% Right: 2.41%
2017-05-04 06:36:19,668 INFO: ----------------------------------------------------------------------------
2017-05-04 06:36:19,669 INFO: EPOCH 87 (339.942 seconds):
2017-05-04 06:36:19,676 INFO: 	Average L2 norm of relation vector: 0.07526
2017-05-04 06:36:19,677 INFO: 	COST >> 0.039 +/- 0.002, % updates Left: 2.76% Rel: 0.44% Right: 2.38%
2017-05-04 06:41:47,102 INFO: ----------------------------------------------------------------------------
2017-05-04 06:41:47,102 INFO: EPOCH 88 (327.425 seconds):
2017-05-04 06:41:47,109 INFO: 	Average L2 norm of relation vector: 0.07519
2017-05-04 06:41:47,110 INFO: 	COST >> 0.039 +/- 0.002, % updates Left: 2.79% Rel: 0.45% Right: 2.35%
2017-05-04 06:47:43,748 INFO: ----------------------------------------------------------------------------
2017-05-04 06:47:43,749 INFO: EPOCH 89 (356.639 seconds):
2017-05-04 06:47:43,758 INFO: 	Average L2 norm of relation vector: 0.07515
2017-05-04 06:47:43,759 INFO: 	COST >> 0.039 +/- 0.002, % updates Left: 2.82% Rel: 0.46% Right: 2.37%
2017-05-04 06:52:07,384 INFO: ----------------------------------------------------------------------------
2017-05-04 06:52:07,385 INFO: EPOCH 90 (263.626 seconds):
2017-05-04 06:52:07,395 INFO: 	Average L2 norm of relation vector: 0.07509
2017-05-04 06:52:07,396 INFO: 	COST >> 0.039 +/- 0.002, % updates Left: 2.74% Rel: 0.45% Right: 2.35%
2017-05-04 06:52:07,397 INFO: 	FilteredRanking: evaluating rank on 1000 triples
2017-05-04 06:56:05,349 INFO: 	FilteredRanking: evaluating rank on 1000 triples
2017-05-04 07:00:06,435 INFO: 	MEAN RANK >> valid: 67.5, train: 16.2
2017-05-04 07:00:06,436 INFO: 		MEAN RANK TRAIN: Left: 17.8 Rel: 1.9 Right: 14.5
2017-05-04 07:00:06,437 INFO: 		MEAN RANK VALID: Left: 86.9 Rel: 2.2 Right: 48.0
2017-05-04 07:00:06,437 INFO: 		MEAN RECIPROCAL RANK VALID (L & R): 0.3275
2017-05-04 07:00:06,437 INFO: 	FilteredRanking: evaluating rank on 1000 triples
2017-05-04 07:04:31,489 INFO: 	NEW BEST TEST MR: 64.8
2017-05-04 07:04:31,499 INFO: 		Left MR: 69.5 Rel MR: 2.7 Right MR: 60.0
2017-05-04 07:04:32,284 INFO: 	(ranking took 744.887 seconds)
2017-05-04 07:10:43,291 INFO: ----------------------------------------------------------------------------
2017-05-04 07:10:43,293 INFO: EPOCH 91 (371.008 seconds):
2017-05-04 07:10:43,303 INFO: 	Average L2 norm of relation vector: 0.07503
2017-05-04 07:10:43,304 INFO: 	COST >> 0.039 +/- 0.002, % updates Left: 2.75% Rel: 0.46% Right: 2.34%
2017-05-04 07:16:32,138 INFO: ----------------------------------------------------------------------------
2017-05-04 07:16:32,139 INFO: EPOCH 92 (348.834 seconds):
2017-05-04 07:16:32,145 INFO: 	Average L2 norm of relation vector: 0.07497
2017-05-04 07:16:32,146 INFO: 	COST >> 0.039 +/- 0.002, % updates Left: 2.79% Rel: 0.45% Right: 2.33%
2017-05-04 07:22:12,846 INFO: ----------------------------------------------------------------------------
2017-05-04 07:22:12,847 INFO: EPOCH 93 (340.7 seconds):
2017-05-04 07:22:12,856 INFO: 	Average L2 norm of relation vector: 0.07491
2017-05-04 07:22:12,857 INFO: 	COST >> 0.039 +/- 0.002, % updates Left: 2.74% Rel: 0.45% Right: 2.33%
2017-05-04 07:27:59,981 INFO: ----------------------------------------------------------------------------
2017-05-04 07:27:59,981 INFO: EPOCH 94 (347.124 seconds):
2017-05-04 07:27:59,988 INFO: 	Average L2 norm of relation vector: 0.07487
2017-05-04 07:27:59,989 INFO: 	COST >> 0.038 +/- 0.002, % updates Left: 2.74% Rel: 0.45% Right: 2.33%
2017-05-04 07:33:55,567 INFO: ----------------------------------------------------------------------------
2017-05-04 07:33:55,567 INFO: EPOCH 95 (355.578 seconds):
2017-05-04 07:33:55,576 INFO: 	Average L2 norm of relation vector: 0.07481
2017-05-04 07:33:55,577 INFO: 	COST >> 0.039 +/- 0.002, % updates Left: 2.76% Rel: 0.44% Right: 2.32%
2017-05-04 07:39:51,748 INFO: ----------------------------------------------------------------------------
2017-05-04 07:39:51,748 INFO: EPOCH 96 (356.171 seconds):
2017-05-04 07:39:51,755 INFO: 	Average L2 norm of relation vector: 0.07474
2017-05-04 07:39:51,756 INFO: 	COST >> 0.038 +/- 0.002, % updates Left: 2.66% Rel: 0.44% Right: 2.33%
2017-05-04 07:45:25,494 INFO: ----------------------------------------------------------------------------
2017-05-04 07:45:25,495 INFO: EPOCH 97 (333.739 seconds):
2017-05-04 07:45:25,504 INFO: 	Average L2 norm of relation vector: 0.07469
2017-05-04 07:45:25,505 INFO: 	COST >> 0.038 +/- 0.001, % updates Left: 2.76% Rel: 0.44% Right: 2.32%
2017-05-04 07:51:37,507 INFO: ----------------------------------------------------------------------------
2017-05-04 07:51:37,508 INFO: EPOCH 98 (372.002 seconds):
2017-05-04 07:51:37,517 INFO: 	Average L2 norm of relation vector: 0.07463
2017-05-04 07:51:37,518 INFO: 	COST >> 0.038 +/- 0.002, % updates Left: 2.68% Rel: 0.45% Right: 2.29%
2017-05-04 07:57:12,392 INFO: ----------------------------------------------------------------------------
2017-05-04 07:57:12,393 INFO: EPOCH 99 (334.875 seconds):
2017-05-04 07:57:12,401 INFO: 	Average L2 norm of relation vector: 0.07458
2017-05-04 07:57:12,402 INFO: 	COST >> 0.038 +/- 0.001, % updates Left: 2.72% Rel: 0.46% Right: 2.32%
2017-05-04 08:02:51,046 INFO: ----------------------------------------------------------------------------
2017-05-04 08:02:51,047 INFO: EPOCH 100 (338.645 seconds):
2017-05-04 08:02:51,057 INFO: 	Average L2 norm of relation vector: 0.07452
2017-05-04 08:02:51,059 INFO: 	COST >> 0.037 +/- 0.001, % updates Left: 2.67% Rel: 0.44% Right: 2.26%
2017-05-04 08:02:51,059 INFO: 	FilteredRanking: evaluating rank on 1000 triples
2017-05-04 08:08:04,007 INFO: 	FilteredRanking: evaluating rank on 1000 triples
2017-05-04 08:13:14,288 INFO: 	MEAN RANK >> valid: 59.0, train: 13.1
2017-05-04 08:13:14,290 INFO: 		MEAN RANK TRAIN: Left: 14.3 Rel: 1.8 Right: 11.9
2017-05-04 08:13:14,291 INFO: 		MEAN RANK VALID: Left: 76.7 Rel: 2.2 Right: 41.2
2017-05-04 08:13:14,291 INFO: 		MEAN RECIPROCAL RANK VALID (L & R): 0.3345
2017-05-04 08:13:14,292 INFO: 	FilteredRanking: evaluating rank on 1000 triples
2017-05-04 08:18:42,397 INFO: 	NEW BEST TEST MR: 54.6
2017-05-04 08:18:42,401 INFO: 		Left MR: 59.4 Rel MR: 2.6 Right MR: 49.8
2017-05-04 08:18:43,150 INFO: 	(ranking took 952.091 seconds)
2017-05-04 08:24:09,896 INFO: ----------------------------------------------------------------------------
2017-05-04 08:24:09,897 INFO: EPOCH 101 (326.746 seconds):
2017-05-04 08:24:09,903 INFO: 	Average L2 norm of relation vector: 0.07446
2017-05-04 08:24:09,904 INFO: 	COST >> 0.038 +/- 0.002, % updates Left: 2.72% Rel: 0.44% Right: 2.3%
2017-05-04 08:29:43,769 INFO: ----------------------------------------------------------------------------
2017-05-04 08:29:43,770 INFO: EPOCH 102 (333.866 seconds):
2017-05-04 08:29:43,779 INFO: 	Average L2 norm of relation vector: 0.0744
2017-05-04 08:29:43,780 INFO: 	COST >> 0.038 +/- 0.002, % updates Left: 2.66% Rel: 0.44% Right: 2.31%
2017-05-04 08:35:29,152 INFO: ----------------------------------------------------------------------------
2017-05-04 08:35:29,152 INFO: EPOCH 103 (345.372 seconds):
2017-05-04 08:35:29,158 INFO: 	Average L2 norm of relation vector: 0.07436
2017-05-04 08:35:29,159 INFO: 	COST >> 0.037 +/- 0.002, % updates Left: 2.68% Rel: 0.45% Right: 2.27%
2017-05-04 08:38:43,893 INFO: ----------------------------------------------------------------------------
2017-05-04 08:38:43,893 INFO: EPOCH 104 (194.734 seconds):
2017-05-04 08:38:43,902 INFO: 	Average L2 norm of relation vector: 0.0743
2017-05-04 08:38:43,903 INFO: 	COST >> 0.037 +/- 0.002, % updates Left: 2.66% Rel: 0.45% Right: 2.27%
2017-05-04 08:44:30,054 INFO: ----------------------------------------------------------------------------
2017-05-04 08:44:30,054 INFO: EPOCH 105 (346.151 seconds):
2017-05-04 08:44:30,060 INFO: 	Average L2 norm of relation vector: 0.07424
2017-05-04 08:44:30,061 INFO: 	COST >> 0.037 +/- 0.001, % updates Left: 2.66% Rel: 0.44% Right: 2.26%
2017-05-04 08:50:33,520 INFO: ----------------------------------------------------------------------------
2017-05-04 08:50:33,521 INFO: EPOCH 106 (363.46 seconds):
2017-05-04 08:50:33,530 INFO: 	Average L2 norm of relation vector: 0.07419
2017-05-04 08:50:33,532 INFO: 	COST >> 0.037 +/- 0.002, % updates Left: 2.71% Rel: 0.44% Right: 2.25%
2017-05-04 08:56:08,709 INFO: ----------------------------------------------------------------------------
2017-05-04 08:56:08,710 INFO: EPOCH 107 (335.178 seconds):
2017-05-04 08:56:08,717 INFO: 	Average L2 norm of relation vector: 0.07414
2017-05-04 08:56:08,718 INFO: 	COST >> 0.037 +/- 0.002, % updates Left: 2.68% Rel: 0.45% Right: 2.32%
2017-05-04 09:01:37,355 INFO: ----------------------------------------------------------------------------
2017-05-04 09:01:37,356 INFO: EPOCH 108 (328.637 seconds):
2017-05-04 09:01:37,365 INFO: 	Average L2 norm of relation vector: 0.07408
2017-05-04 09:01:37,366 INFO: 	COST >> 0.037 +/- 0.002, % updates Left: 2.58% Rel: 0.44% Right: 2.22%
2017-05-04 09:07:39,144 INFO: ----------------------------------------------------------------------------
2017-05-04 09:07:39,144 INFO: EPOCH 109 (361.778 seconds):
2017-05-04 09:07:39,153 INFO: 	Average L2 norm of relation vector: 0.07403
2017-05-04 09:07:39,154 INFO: 	COST >> 0.037 +/- 0.002, % updates Left: 2.67% Rel: 0.43% Right: 2.27%
2017-05-04 09:13:29,345 INFO: ----------------------------------------------------------------------------
2017-05-04 09:13:29,345 INFO: EPOCH 110 (350.191 seconds):
2017-05-04 09:13:29,351 INFO: 	Average L2 norm of relation vector: 0.07397
2017-05-04 09:13:29,352 INFO: 	COST >> 0.037 +/- 0.001, % updates Left: 2.6% Rel: 0.43% Right: 2.22%
2017-05-04 09:13:29,353 INFO: 	FilteredRanking: evaluating rank on 1000 triples
2017-05-04 09:18:12,023 INFO: 	FilteredRanking: evaluating rank on 1000 triples
2017-05-04 09:23:02,570 INFO: 	MEAN RANK >> valid: 61.2, train: 13.4
2017-05-04 09:23:02,572 INFO: 		MEAN RANK TRAIN: Left: 15.8 Rel: 1.8 Right: 11.0
2017-05-04 09:23:02,572 INFO: 		MEAN RANK VALID: Left: 77.7 Rel: 2.2 Right: 44.7
2017-05-04 09:23:02,572 INFO: 		MEAN RECIPROCAL RANK VALID (L & R): 0.347
2017-05-04 09:23:02,573 INFO: 	FilteredRanking: evaluating rank on 1000 triples
2017-05-04 09:27:34,186 INFO: 	NEW BEST TEST MR: 56.8
2017-05-04 09:27:34,188 INFO: 		Left MR: 61.9 Rel MR: 2.5 Right MR: 51.8
2017-05-04 09:27:35,338 INFO: 	(ranking took 845.985 seconds)
2017-05-04 09:32:43,209 INFO: ----------------------------------------------------------------------------
2017-05-04 09:32:43,210 INFO: EPOCH 111 (307.872 seconds):
2017-05-04 09:32:43,219 INFO: 	Average L2 norm of relation vector: 0.07391
2017-05-04 09:32:43,220 INFO: 	COST >> 0.036 +/- 0.001, % updates Left: 2.63% Rel: 0.43% Right: 2.21%
2017-05-04 09:37:55,912 INFO: ----------------------------------------------------------------------------
2017-05-04 09:37:55,912 INFO: EPOCH 112 (312.692 seconds):
2017-05-04 09:37:55,918 INFO: 	Average L2 norm of relation vector: 0.07386
2017-05-04 09:37:55,919 INFO: 	COST >> 0.036 +/- 0.002, % updates Left: 2.61% Rel: 0.42% Right: 2.24%
2017-05-04 09:41:44,220 INFO: ----------------------------------------------------------------------------
2017-05-04 09:41:44,220 INFO: EPOCH 113 (228.301 seconds):
2017-05-04 09:41:44,227 INFO: 	Average L2 norm of relation vector: 0.07381
2017-05-04 09:41:44,228 INFO: 	COST >> 0.037 +/- 0.002, % updates Left: 2.64% Rel: 0.43% Right: 2.22%
2017-05-04 09:45:20,279 INFO: ----------------------------------------------------------------------------
2017-05-04 09:45:20,280 INFO: EPOCH 114 (216.052 seconds):
2017-05-04 09:45:20,286 INFO: 	Average L2 norm of relation vector: 0.07376
2017-05-04 09:45:20,287 INFO: 	COST >> 0.036 +/- 0.001, % updates Left: 2.58% Rel: 0.44% Right: 2.23%
2017-05-04 09:51:30,658 INFO: ----------------------------------------------------------------------------
2017-05-04 09:51:30,659 INFO: EPOCH 115 (370.371 seconds):
2017-05-04 09:51:30,666 INFO: 	Average L2 norm of relation vector: 0.07371
2017-05-04 09:51:30,667 INFO: 	COST >> 0.036 +/- 0.001, % updates Left: 2.59% Rel: 0.43% Right: 2.22%
2017-05-04 09:57:24,666 INFO: ----------------------------------------------------------------------------
2017-05-04 09:57:24,666 INFO: EPOCH 116 (353.999 seconds):
2017-05-04 09:57:24,677 INFO: 	Average L2 norm of relation vector: 0.07366
2017-05-04 09:57:24,679 INFO: 	COST >> 0.036 +/- 0.001, % updates Left: 2.61% Rel: 0.44% Right: 2.21%
2017-05-04 10:03:27,102 INFO: ----------------------------------------------------------------------------
2017-05-04 10:03:27,103 INFO: EPOCH 117 (362.424 seconds):
2017-05-04 10:03:27,113 INFO: 	Average L2 norm of relation vector: 0.0736
2017-05-04 10:03:27,114 INFO: 	COST >> 0.036 +/- 0.002, % updates Left: 2.59% Rel: 0.42% Right: 2.21%
2017-05-04 10:09:31,738 INFO: ----------------------------------------------------------------------------
2017-05-04 10:09:31,739 INFO: EPOCH 118 (364.624 seconds):
2017-05-04 10:09:31,747 INFO: 	Average L2 norm of relation vector: 0.07355
2017-05-04 10:09:31,748 INFO: 	COST >> 0.036 +/- 0.002, % updates Left: 2.58% Rel: 0.44% Right: 2.21%
2017-05-04 10:14:38,287 INFO: ----------------------------------------------------------------------------
2017-05-04 10:14:38,287 INFO: EPOCH 119 (306.539 seconds):
2017-05-04 10:14:38,294 INFO: 	Average L2 norm of relation vector: 0.0735
2017-05-04 10:14:38,294 INFO: 	COST >> 0.036 +/- 0.002, % updates Left: 2.58% Rel: 0.43% Right: 2.2%
2017-05-04 10:20:17,092 INFO: ----------------------------------------------------------------------------
2017-05-04 10:20:17,093 INFO: EPOCH 120 (338.799 seconds):
2017-05-04 10:20:17,102 INFO: 	Average L2 norm of relation vector: 0.07345
2017-05-04 10:20:17,103 INFO: 	COST >> 0.036 +/- 0.002, % updates Left: 2.61% Rel: 0.42% Right: 2.17%
2017-05-04 10:20:17,104 INFO: 	FilteredRanking: evaluating rank on 1000 triples
2017-05-04 10:25:02,094 INFO: 	FilteredRanking: evaluating rank on 1000 triples
2017-05-04 10:29:25,518 INFO: 	MEAN RANK >> valid: 58.3, train: 11.6
2017-05-04 10:29:25,519 INFO: 		MEAN RANK TRAIN: Left: 12.0 Rel: 1.8 Right: 11.2
2017-05-04 10:29:25,520 INFO: 		MEAN RANK VALID: Left: 75.2 Rel: 2.2 Right: 41.5
2017-05-04 10:29:25,520 INFO: 		MEAN RECIPROCAL RANK VALID (L & R): 0.343
2017-05-04 10:29:25,520 WARNING: 	WARNING, failed to improve MRR on valid, 2 chances left

2017-05-04 10:29:26,370 INFO: 	(ranking took 549.267 seconds)
2017-05-04 10:35:58,211 INFO: ----------------------------------------------------------------------------
2017-05-04 10:35:58,212 INFO: EPOCH 121 (391.841 seconds):
2017-05-04 10:35:58,222 INFO: 	Average L2 norm of relation vector: 0.0734
2017-05-04 10:35:58,224 INFO: 	COST >> 0.036 +/- 0.001, % updates Left: 2.58% Rel: 0.43% Right: 2.18%
2017-05-04 10:41:20,727 INFO: ----------------------------------------------------------------------------
2017-05-04 10:41:20,727 INFO: EPOCH 122 (322.503 seconds):
2017-05-04 10:41:20,733 INFO: 	Average L2 norm of relation vector: 0.07334
2017-05-04 10:41:20,734 INFO: 	COST >> 0.036 +/- 0.002, % updates Left: 2.56% Rel: 0.44% Right: 2.19%
2017-05-04 10:46:05,551 INFO: ----------------------------------------------------------------------------
2017-05-04 10:46:05,552 INFO: EPOCH 123 (284.817 seconds):
2017-05-04 10:46:05,558 INFO: 	Average L2 norm of relation vector: 0.07329
2017-05-04 10:46:05,559 INFO: 	COST >> 0.035 +/- 0.001, % updates Left: 2.56% Rel: 0.43% Right: 2.2%
2017-05-04 10:51:01,334 INFO: ----------------------------------------------------------------------------
2017-05-04 10:51:01,335 INFO: EPOCH 124 (295.775 seconds):
2017-05-04 10:51:01,341 INFO: 	Average L2 norm of relation vector: 0.07324
2017-05-04 10:51:01,342 INFO: 	COST >> 0.036 +/- 0.001, % updates Left: 2.59% Rel: 0.43% Right: 2.19%
2017-05-04 10:54:44,825 INFO: ----------------------------------------------------------------------------
2017-05-04 10:54:44,826 INFO: EPOCH 125 (223.483 seconds):
2017-05-04 10:54:44,833 INFO: 	Average L2 norm of relation vector: 0.07319
2017-05-04 10:54:44,835 INFO: 	COST >> 0.035 +/- 0.001, % updates Left: 2.56% Rel: 0.44% Right: 2.17%
2017-05-04 11:00:20,596 INFO: ----------------------------------------------------------------------------
2017-05-04 11:00:20,597 INFO: EPOCH 126 (335.762 seconds):
2017-05-04 11:00:20,603 INFO: 	Average L2 norm of relation vector: 0.07315
2017-05-04 11:00:20,604 INFO: 	COST >> 0.035 +/- 0.001, % updates Left: 2.55% Rel: 0.44% Right: 2.19%
2017-05-04 11:05:35,468 INFO: ----------------------------------------------------------------------------
2017-05-04 11:05:35,469 INFO: EPOCH 127 (314.864 seconds):
2017-05-04 11:05:35,475 INFO: 	Average L2 norm of relation vector: 0.07311
2017-05-04 11:05:35,476 INFO: 	COST >> 0.035 +/- 0.001, % updates Left: 2.6% Rel: 0.43% Right: 2.18%
2017-05-04 11:08:47,804 INFO: ----------------------------------------------------------------------------
2017-05-04 11:08:47,804 INFO: EPOCH 128 (192.328 seconds):
2017-05-04 11:08:47,810 INFO: 	Average L2 norm of relation vector: 0.07306
2017-05-04 11:08:47,812 INFO: 	COST >> 0.035 +/- 0.001, % updates Left: 2.51% Rel: 0.43% Right: 2.19%
2017-05-04 11:13:59,644 INFO: ----------------------------------------------------------------------------
2017-05-04 11:13:59,646 INFO: EPOCH 129 (311.834 seconds):
2017-05-04 11:13:59,657 INFO: 	Average L2 norm of relation vector: 0.073
2017-05-04 11:13:59,659 INFO: 	COST >> 0.035 +/- 0.001, % updates Left: 2.55% Rel: 0.42% Right: 2.17%
2017-05-04 11:19:54,992 INFO: ----------------------------------------------------------------------------
2017-05-04 11:19:54,993 INFO: EPOCH 130 (355.334 seconds):
2017-05-04 11:19:55,002 INFO: 	Average L2 norm of relation vector: 0.07295
2017-05-04 11:19:55,003 INFO: 	COST >> 0.035 +/- 0.001, % updates Left: 2.51% Rel: 0.42% Right: 2.16%
2017-05-04 11:19:55,003 INFO: 	FilteredRanking: evaluating rank on 1000 triples
2017-05-04 11:24:26,720 INFO: 	FilteredRanking: evaluating rank on 1000 triples
2017-05-04 11:29:25,404 INFO: 	MEAN RANK >> valid: 56.6, train: 12.0
2017-05-04 11:29:25,405 INFO: 		MEAN RANK TRAIN: Left: 13.3 Rel: 1.7 Right: 10.7
2017-05-04 11:29:25,406 INFO: 		MEAN RANK VALID: Left: 75.8 Rel: 2.1 Right: 37.3
2017-05-04 11:29:25,406 INFO: 		MEAN RECIPROCAL RANK VALID (L & R): 0.3585
2017-05-04 11:29:25,406 INFO: 	FilteredRanking: evaluating rank on 1000 triples
2017-05-04 11:34:26,886 INFO: 	NEW BEST TEST MR: 51.1
2017-05-04 11:34:26,888 INFO: 		Left MR: 55.7 Rel MR: 2.5 Right MR: 46.5
2017-05-04 11:34:28,197 INFO: 	(ranking took 873.193 seconds)
2017-05-04 11:40:01,126 INFO: ----------------------------------------------------------------------------
2017-05-04 11:40:01,126 INFO: EPOCH 131 (332.929 seconds):
2017-05-04 11:40:01,135 INFO: 	Average L2 norm of relation vector: 0.07291
2017-05-04 11:40:01,136 INFO: 	COST >> 0.035 +/- 0.001, % updates Left: 2.53% Rel: 0.41% Right: 2.16%
2017-05-04 11:45:18,324 INFO: ----------------------------------------------------------------------------
2017-05-04 11:45:18,325 INFO: EPOCH 132 (317.188 seconds):
2017-05-04 11:45:18,332 INFO: 	Average L2 norm of relation vector: 0.07286
2017-05-04 11:45:18,333 INFO: 	COST >> 0.035 +/- 0.002, % updates Left: 2.51% Rel: 0.42% Right: 2.14%
2017-05-04 11:50:20,947 INFO: ----------------------------------------------------------------------------
2017-05-04 11:50:20,947 INFO: EPOCH 133 (302.614 seconds):
2017-05-04 11:50:20,954 INFO: 	Average L2 norm of relation vector: 0.07279
2017-05-04 11:50:20,955 INFO: 	COST >> 0.035 +/- 0.001, % updates Left: 2.46% Rel: 0.42% Right: 2.13%
2017-05-04 11:56:34,543 INFO: ----------------------------------------------------------------------------
2017-05-04 11:56:34,544 INFO: EPOCH 134 (373.589 seconds):
2017-05-04 11:56:34,553 INFO: 	Average L2 norm of relation vector: 0.07275
2017-05-04 11:56:34,554 INFO: 	COST >> 0.035 +/- 0.001, % updates Left: 2.5% Rel: 0.43% Right: 2.17%
2017-05-04 12:02:07,987 INFO: ----------------------------------------------------------------------------
2017-05-04 12:02:07,988 INFO: EPOCH 135 (333.433 seconds):
2017-05-04 12:02:07,997 INFO: 	Average L2 norm of relation vector: 0.0727
2017-05-04 12:02:07,998 INFO: 	COST >> 0.034 +/- 0.001, % updates Left: 2.5% Rel: 0.43% Right: 2.13%
2017-05-04 12:08:20,476 INFO: ----------------------------------------------------------------------------
2017-05-04 12:08:20,477 INFO: EPOCH 136 (372.479 seconds):
2017-05-04 12:08:20,486 INFO: 	Average L2 norm of relation vector: 0.07265
2017-05-04 12:08:20,487 INFO: 	COST >> 0.034 +/- 0.001, % updates Left: 2.51% Rel: 0.42% Right: 2.13%
2017-05-04 12:14:02,779 INFO: ----------------------------------------------------------------------------
2017-05-04 12:14:02,780 INFO: EPOCH 137 (342.293 seconds):
2017-05-04 12:14:02,789 INFO: 	Average L2 norm of relation vector: 0.07261
2017-05-04 12:14:02,790 INFO: 	COST >> 0.034 +/- 0.002, % updates Left: 2.53% Rel: 0.41% Right: 2.08%
2017-05-04 12:19:28,857 INFO: ----------------------------------------------------------------------------
2017-05-04 12:19:28,857 INFO: EPOCH 138 (326.067 seconds):
2017-05-04 12:19:28,864 INFO: 	Average L2 norm of relation vector: 0.07255
2017-05-04 12:19:28,865 INFO: 	COST >> 0.034 +/- 0.001, % updates Left: 2.48% Rel: 0.43% Right: 2.12%
2017-05-04 12:22:51,352 INFO: ----------------------------------------------------------------------------
2017-05-04 12:22:51,353 INFO: EPOCH 139 (202.487 seconds):
2017-05-04 12:22:51,359 INFO: 	Average L2 norm of relation vector: 0.07249
2017-05-04 12:22:51,360 INFO: 	COST >> 0.034 +/- 0.002, % updates Left: 2.46% Rel: 0.42% Right: 2.09%
2017-05-04 12:28:10,342 INFO: ----------------------------------------------------------------------------
2017-05-04 12:28:10,343 INFO: EPOCH 140 (318.982 seconds):
2017-05-04 12:28:10,350 INFO: 	Average L2 norm of relation vector: 0.07245
2017-05-04 12:28:10,351 INFO: 	COST >> 0.034 +/- 0.002, % updates Left: 2.5% Rel: 0.42% Right: 2.08%
2017-05-04 12:28:10,351 INFO: 	FilteredRanking: evaluating rank on 1000 triples
2017-05-04 12:33:23,350 INFO: 	FilteredRanking: evaluating rank on 1000 triples
2017-05-04 12:39:16,371 INFO: 	MEAN RANK >> valid: 54.0, train: 11.7
2017-05-04 12:39:16,372 INFO: 		MEAN RANK TRAIN: Left: 12.5 Rel: 1.7 Right: 10.9
2017-05-04 12:39:16,373 INFO: 		MEAN RANK VALID: Left: 72.0 Rel: 2.1 Right: 36.1
2017-05-04 12:39:16,373 INFO: 		MEAN RECIPROCAL RANK VALID (L & R): 0.3565
2017-05-04 12:39:16,374 WARNING: 	WARNING, failed to improve MRR on valid, 2 chances left

2017-05-04 12:39:17,229 INFO: 	(ranking took 666.878 seconds)
2017-05-04 12:44:52,455 INFO: ----------------------------------------------------------------------------
2017-05-04 12:44:52,456 INFO: EPOCH 141 (335.226 seconds):
2017-05-04 12:44:52,467 INFO: 	Average L2 norm of relation vector: 0.0724
2017-05-04 12:44:52,468 INFO: 	COST >> 0.034 +/- 0.001, % updates Left: 2.46% Rel: 0.44% Right: 2.18%
2017-05-04 12:51:01,874 INFO: ----------------------------------------------------------------------------
2017-05-04 12:51:01,875 INFO: EPOCH 142 (369.407 seconds):
2017-05-04 12:51:01,882 INFO: 	Average L2 norm of relation vector: 0.07236
2017-05-04 12:51:01,883 INFO: 	COST >> 0.034 +/- 0.002, % updates Left: 2.47% Rel: 0.44% Right: 2.09%
2017-05-04 12:56:36,524 INFO: ----------------------------------------------------------------------------
2017-05-04 12:56:36,525 INFO: EPOCH 143 (334.641 seconds):
2017-05-04 12:56:36,535 INFO: 	Average L2 norm of relation vector: 0.0723
2017-05-04 12:56:36,536 INFO: 	COST >> 0.034 +/- 0.001, % updates Left: 2.45% Rel: 0.42% Right: 2.11%
2017-05-04 13:01:59,363 INFO: ----------------------------------------------------------------------------
2017-05-04 13:01:59,363 INFO: EPOCH 144 (322.827 seconds):
2017-05-04 13:01:59,370 INFO: 	Average L2 norm of relation vector: 0.07226
2017-05-04 13:01:59,371 INFO: 	COST >> 0.034 +/- 0.002, % updates Left: 2.52% Rel: 0.43% Right: 2.1%
2017-05-04 13:07:20,167 INFO: ----------------------------------------------------------------------------
2017-05-04 13:07:20,168 INFO: EPOCH 145 (320.797 seconds):
2017-05-04 13:07:20,174 INFO: 	Average L2 norm of relation vector: 0.07222
2017-05-04 13:07:20,175 INFO: 	COST >> 0.034 +/- 0.001, % updates Left: 2.47% Rel: 0.42% Right: 2.11%
2017-05-04 13:12:39,568 INFO: ----------------------------------------------------------------------------
2017-05-04 13:12:39,568 INFO: EPOCH 146 (319.393 seconds):
2017-05-04 13:12:39,575 INFO: 	Average L2 norm of relation vector: 0.07217
2017-05-04 13:12:39,576 INFO: 	COST >> 0.034 +/- 0.001, % updates Left: 2.42% Rel: 0.43% Right: 2.09%
2017-05-04 13:18:32,308 INFO: ----------------------------------------------------------------------------
2017-05-04 13:18:32,309 INFO: EPOCH 147 (352.733 seconds):
2017-05-04 13:18:32,318 INFO: 	Average L2 norm of relation vector: 0.07213
2017-05-04 13:18:32,319 INFO: 	COST >> 0.034 +/- 0.001, % updates Left: 2.46% Rel: 0.43% Right: 2.11%
2017-05-04 13:23:13,052 INFO: ----------------------------------------------------------------------------
2017-05-04 13:23:13,053 INFO: EPOCH 148 (280.734 seconds):
2017-05-04 13:23:13,062 INFO: 	Average L2 norm of relation vector: 0.07209
2017-05-04 13:23:13,063 INFO: 	COST >> 0.034 +/- 0.001, % updates Left: 2.44% Rel: 0.41% Right: 2.1%
2017-05-04 13:29:29,197 INFO: ----------------------------------------------------------------------------
2017-05-04 13:29:29,198 INFO: EPOCH 149 (376.135 seconds):
2017-05-04 13:29:29,205 INFO: 	Average L2 norm of relation vector: 0.07204
2017-05-04 13:29:29,206 INFO: 	COST >> 0.034 +/- 0.002, % updates Left: 2.43% Rel: 0.42% Right: 2.09%
2017-05-04 13:34:50,384 INFO: ----------------------------------------------------------------------------
2017-05-04 13:34:50,385 INFO: EPOCH 150 (321.179 seconds):
2017-05-04 13:34:50,391 INFO: 	Average L2 norm of relation vector: 0.07201
2017-05-04 13:34:50,392 INFO: 	COST >> 0.034 +/- 0.001, % updates Left: 2.5% Rel: 0.42% Right: 2.1%
2017-05-04 13:34:50,392 INFO: 	FilteredRanking: evaluating rank on 1000 triples
2017-05-04 13:38:38,068 INFO: 	FilteredRanking: evaluating rank on 1000 triples
2017-05-04 13:42:32,235 INFO: 	MEAN RANK >> valid: 49.9, train: 11.2
2017-05-04 13:42:32,236 INFO: 		MEAN RANK TRAIN: Left: 11.9 Rel: 1.7 Right: 10.6
2017-05-04 13:42:32,236 INFO: 		MEAN RANK VALID: Left: 65.6 Rel: 2.1 Right: 34.2
2017-05-04 13:42:32,237 INFO: 		MEAN RECIPROCAL RANK VALID (L & R): 0.363
2017-05-04 13:42:32,237 INFO: 	FilteredRanking: evaluating rank on 1000 triples
2017-05-04 13:46:40,544 INFO: 	NEW BEST TEST MR: 50.1
2017-05-04 13:46:40,548 INFO: 		Left MR: 53.4 Rel MR: 2.5 Right MR: 46.8
2017-05-04 13:46:41,528 INFO: 	(ranking took 711.136 seconds)
2017-05-04 13:52:41,393 INFO: ----------------------------------------------------------------------------
2017-05-04 13:52:41,394 INFO: EPOCH 151 (359.865 seconds):
2017-05-04 13:52:41,401 INFO: 	Average L2 norm of relation vector: 0.07197
2017-05-04 13:52:41,402 INFO: 	COST >> 0.034 +/- 0.001, % updates Left: 2.48% Rel: 0.42% Right: 2.08%
2017-05-04 13:58:03,557 INFO: ----------------------------------------------------------------------------
2017-05-04 13:58:03,558 INFO: EPOCH 152 (322.155 seconds):
2017-05-04 13:58:03,564 INFO: 	Average L2 norm of relation vector: 0.07193
2017-05-04 13:58:03,565 INFO: 	COST >> 0.034 +/- 0.001, % updates Left: 2.47% Rel: 0.42% Right: 2.11%
2017-05-04 14:03:55,111 INFO: ----------------------------------------------------------------------------
2017-05-04 14:03:55,112 INFO: EPOCH 153 (351.547 seconds):
2017-05-04 14:03:55,118 INFO: 	Average L2 norm of relation vector: 0.07189
2017-05-04 14:03:55,119 INFO: 	COST >> 0.033 +/- 0.002, % updates Left: 2.44% Rel: 0.43% Right: 2.12%
2017-05-04 14:08:31,260 INFO: ----------------------------------------------------------------------------
2017-05-04 14:08:31,261 INFO: EPOCH 154 (276.142 seconds):
2017-05-04 14:08:31,272 INFO: 	Average L2 norm of relation vector: 0.07185
2017-05-04 14:08:31,273 INFO: 	COST >> 0.033 +/- 0.001, % updates Left: 2.44% Rel: 0.44% Right: 2.06%
2017-05-04 14:14:43,976 INFO: ----------------------------------------------------------------------------
2017-05-04 14:14:43,977 INFO: EPOCH 155 (372.704 seconds):
2017-05-04 14:14:43,985 INFO: 	Average L2 norm of relation vector: 0.0718
2017-05-04 14:14:43,986 INFO: 	COST >> 0.033 +/- 0.001, % updates Left: 2.45% Rel: 0.41% Right: 2.1%
2017-05-04 14:20:57,972 INFO: ----------------------------------------------------------------------------
2017-05-04 14:20:57,973 INFO: EPOCH 156 (373.987 seconds):
2017-05-04 14:20:57,982 INFO: 	Average L2 norm of relation vector: 0.07176
2017-05-04 14:20:57,983 INFO: 	COST >> 0.033 +/- 0.001, % updates Left: 2.43% Rel: 0.41% Right: 2.07%
2017-05-04 14:27:04,931 INFO: ----------------------------------------------------------------------------
2017-05-04 14:27:04,932 INFO: EPOCH 157 (366.949 seconds):
2017-05-04 14:27:04,940 INFO: 	Average L2 norm of relation vector: 0.07172
2017-05-04 14:27:04,941 INFO: 	COST >> 0.033 +/- 0.001, % updates Left: 2.43% Rel: 0.42% Right: 2.08%
2017-05-04 14:32:21,846 INFO: ----------------------------------------------------------------------------
2017-05-04 14:32:21,846 INFO: EPOCH 158 (316.904 seconds):
2017-05-04 14:32:21,852 INFO: 	Average L2 norm of relation vector: 0.07168
2017-05-04 14:32:21,853 INFO: 	COST >> 0.033 +/- 0.001, % updates Left: 2.44% Rel: 0.42% Right: 2.05%
2017-05-04 14:37:40,128 INFO: ----------------------------------------------------------------------------
2017-05-04 14:37:40,129 INFO: EPOCH 159 (318.275 seconds):
2017-05-04 14:37:40,137 INFO: 	Average L2 norm of relation vector: 0.07164
2017-05-04 14:37:40,138 INFO: 	COST >> 0.033 +/- 0.001, % updates Left: 2.43% Rel: 0.41% Right: 2.08%
2017-05-04 14:43:10,187 INFO: ----------------------------------------------------------------------------
2017-05-04 14:43:10,188 INFO: EPOCH 160 (330.049 seconds):
2017-05-04 14:43:10,194 INFO: 	Average L2 norm of relation vector: 0.0716
2017-05-04 14:43:10,195 INFO: 	COST >> 0.033 +/- 0.001, % updates Left: 2.42% Rel: 0.42% Right: 2.1%
2017-05-04 14:43:10,195 INFO: 	FilteredRanking: evaluating rank on 1000 triples
2017-05-04 14:48:15,176 INFO: 	FilteredRanking: evaluating rank on 1000 triples
2017-05-04 14:53:31,451 INFO: 	MEAN RANK >> valid: 49.4, train: 9.9
2017-05-04 14:53:31,452 INFO: 		MEAN RANK TRAIN: Left: 10.8 Rel: 1.7 Right: 9.0
2017-05-04 14:53:31,452 INFO: 		MEAN RANK VALID: Left: 66.6 Rel: 2.1 Right: 32.2
2017-05-04 14:53:31,453 INFO: 		MEAN RECIPROCAL RANK VALID (L & R): 0.3735
2017-05-04 14:53:31,453 INFO: 	FilteredRanking: evaluating rank on 1000 triples
2017-05-04 14:58:06,428 INFO: 	NEW BEST TEST MR: 48.4
2017-05-04 14:58:06,431 INFO: 		Left MR: 53.8 Rel MR: 2.5 Right MR: 43.0
2017-05-04 14:58:07,431 INFO: 	(ranking took 897.235 seconds)
2017-05-04 15:03:54,865 INFO: ----------------------------------------------------------------------------
2017-05-04 15:03:54,866 INFO: EPOCH 161 (347.434 seconds):
2017-05-04 15:03:54,875 INFO: 	Average L2 norm of relation vector: 0.07156
2017-05-04 15:03:54,876 INFO: 	COST >> 0.033 +/- 0.001, % updates Left: 2.41% Rel: 0.42% Right: 2.04%
2017-05-04 15:09:21,842 INFO: ----------------------------------------------------------------------------
2017-05-04 15:09:21,843 INFO: EPOCH 162 (326.967 seconds):
2017-05-04 15:09:21,850 INFO: 	Average L2 norm of relation vector: 0.07153
2017-05-04 15:09:21,852 INFO: 	COST >> 0.033 +/- 0.001, % updates Left: 2.44% Rel: 0.42% Right: 2.04%
2017-05-04 15:14:34,284 INFO: ----------------------------------------------------------------------------
2017-05-04 15:14:34,285 INFO: EPOCH 163 (312.433 seconds):
2017-05-04 15:14:34,291 INFO: 	Average L2 norm of relation vector: 0.07148
2017-05-04 15:14:34,292 INFO: 	COST >> 0.033 +/- 0.001, % updates Left: 2.42% Rel: 0.42% Right: 2.07%
2017-05-04 15:19:51,518 INFO: ----------------------------------------------------------------------------
2017-05-04 15:19:51,518 INFO: EPOCH 164 (317.226 seconds):
2017-05-04 15:19:51,526 INFO: 	Average L2 norm of relation vector: 0.07143
2017-05-04 15:19:51,527 INFO: 	COST >> 0.033 +/- 0.001, % updates Left: 2.39% Rel: 0.43% Right: 2.04%
2017-05-04 15:25:57,195 INFO: ----------------------------------------------------------------------------
2017-05-04 15:25:57,196 INFO: EPOCH 165 (365.669 seconds):
2017-05-04 15:25:57,206 INFO: 	Average L2 norm of relation vector: 0.0714
2017-05-04 15:25:57,207 INFO: 	COST >> 0.033 +/- 0.001, % updates Left: 2.42% Rel: 0.41% Right: 2.04%
2017-05-04 15:31:25,575 INFO: ----------------------------------------------------------------------------
2017-05-04 15:31:25,575 INFO: EPOCH 166 (328.368 seconds):
2017-05-04 15:31:25,582 INFO: 	Average L2 norm of relation vector: 0.07137
2017-05-04 15:31:25,583 INFO: 	COST >> 0.033 +/- 0.001, % updates Left: 2.44% Rel: 0.41% Right: 2.07%
2017-05-04 15:37:22,186 INFO: ----------------------------------------------------------------------------
2017-05-04 15:37:22,187 INFO: EPOCH 167 (356.604 seconds):
2017-05-04 15:37:22,198 INFO: 	Average L2 norm of relation vector: 0.07135
2017-05-04 15:37:22,199 INFO: 	COST >> 0.033 +/- 0.001, % updates Left: 2.43% Rel: 0.42% Right: 2.08%
2017-05-04 15:42:50,706 INFO: ----------------------------------------------------------------------------
2017-05-04 15:42:50,706 INFO: EPOCH 168 (328.507 seconds):
2017-05-04 15:42:50,713 INFO: 	Average L2 norm of relation vector: 0.07131
2017-05-04 15:42:50,714 INFO: 	COST >> 0.033 +/- 0.001, % updates Left: 2.4% Rel: 0.41% Right: 2.03%
2017-05-04 15:47:59,189 INFO: ----------------------------------------------------------------------------
2017-05-04 15:47:59,189 INFO: EPOCH 169 (308.475 seconds):
2017-05-04 15:47:59,196 INFO: 	Average L2 norm of relation vector: 0.07126
2017-05-04 15:47:59,197 INFO: 	COST >> 0.032 +/- 0.002, % updates Left: 2.35% Rel: 0.42% Right: 2.02%
2017-05-04 15:53:15,023 INFO: ----------------------------------------------------------------------------
2017-05-04 15:53:15,024 INFO: EPOCH 170 (315.827 seconds):
2017-05-04 15:53:15,032 INFO: 	Average L2 norm of relation vector: 0.07123
2017-05-04 15:53:15,034 INFO: 	COST >> 0.033 +/- 0.001, % updates Left: 2.43% Rel: 0.44% Right: 2.03%
2017-05-04 15:53:15,034 INFO: 	FilteredRanking: evaluating rank on 1000 triples
2017-05-04 15:59:06,089 INFO: 	FilteredRanking: evaluating rank on 1000 triples
2017-05-04 16:03:56,475 INFO: 	MEAN RANK >> valid: 47.1, train: 10.5
2017-05-04 16:03:56,476 INFO: 		MEAN RANK TRAIN: Left: 12.0 Rel: 1.7 Right: 8.9
2017-05-04 16:03:56,477 INFO: 		MEAN RANK VALID: Left: 65.0 Rel: 2.1 Right: 29.2
2017-05-04 16:03:56,477 INFO: 		MEAN RECIPROCAL RANK VALID (L & R): 0.373
2017-05-04 16:03:56,477 WARNING: 	WARNING, failed to improve MRR on valid, 2 chances left

2017-05-04 16:03:57,203 INFO: 	(ranking took 642.169 seconds)
2017-05-04 16:09:12,601 INFO: ----------------------------------------------------------------------------
2017-05-04 16:09:12,602 INFO: EPOCH 171 (315.399 seconds):
2017-05-04 16:09:12,608 INFO: 	Average L2 norm of relation vector: 0.0712
2017-05-04 16:09:12,609 INFO: 	COST >> 0.032 +/- 0.001, % updates Left: 2.39% Rel: 0.4% Right: 2.06%
2017-05-04 16:14:45,813 INFO: ----------------------------------------------------------------------------
2017-05-04 16:14:45,814 INFO: EPOCH 172 (333.204 seconds):
2017-05-04 16:14:45,823 INFO: 	Average L2 norm of relation vector: 0.07116
2017-05-04 16:14:45,824 INFO: 	COST >> 0.032 +/- 0.002, % updates Left: 2.36% Rel: 0.41% Right: 2.03%
2017-05-04 16:20:20,194 INFO: ----------------------------------------------------------------------------
2017-05-04 16:20:20,195 INFO: EPOCH 173 (334.37 seconds):
2017-05-04 16:20:20,202 INFO: 	Average L2 norm of relation vector: 0.07112
2017-05-04 16:20:20,203 INFO: 	COST >> 0.033 +/- 0.001, % updates Left: 2.39% Rel: 0.41% Right: 2.07%
2017-05-04 16:23:36,073 INFO: ----------------------------------------------------------------------------
2017-05-04 16:23:36,074 INFO: EPOCH 174 (195.871 seconds):
2017-05-04 16:23:36,080 INFO: 	Average L2 norm of relation vector: 0.07109
2017-05-04 16:23:36,081 INFO: 	COST >> 0.032 +/- 0.001, % updates Left: 2.42% Rel: 0.41% Right: 2.0%
2017-05-04 16:27:41,047 INFO: ----------------------------------------------------------------------------
2017-05-04 16:27:41,048 INFO: EPOCH 175 (244.966 seconds):
2017-05-04 16:27:41,055 INFO: 	Average L2 norm of relation vector: 0.07105
2017-05-04 16:27:41,056 INFO: 	COST >> 0.032 +/- 0.001, % updates Left: 2.33% Rel: 0.41% Right: 2.02%
2017-05-04 16:31:24,790 INFO: ----------------------------------------------------------------------------
2017-05-04 16:31:24,791 INFO: EPOCH 176 (223.734 seconds):
2017-05-04 16:31:24,798 INFO: 	Average L2 norm of relation vector: 0.07101
2017-05-04 16:31:24,799 INFO: 	COST >> 0.032 +/- 0.001, % updates Left: 2.36% Rel: 0.41% Right: 2.04%
2017-05-04 16:37:09,054 INFO: ----------------------------------------------------------------------------
2017-05-04 16:37:09,055 INFO: EPOCH 177 (344.255 seconds):
2017-05-04 16:37:09,065 INFO: 	Average L2 norm of relation vector: 0.07097
2017-05-04 16:37:09,066 INFO: 	COST >> 0.032 +/- 0.002, % updates Left: 2.36% Rel: 0.41% Right: 2.04%
2017-05-04 16:43:28,143 INFO: ----------------------------------------------------------------------------
2017-05-04 16:43:28,144 INFO: EPOCH 178 (379.077 seconds):
2017-05-04 16:43:28,152 INFO: 	Average L2 norm of relation vector: 0.07096
2017-05-04 16:43:28,153 INFO: 	COST >> 0.032 +/- 0.001, % updates Left: 2.43% Rel: 0.42% Right: 2.04%
2017-05-04 16:49:15,474 INFO: ----------------------------------------------------------------------------
2017-05-04 16:49:15,474 INFO: EPOCH 179 (347.321 seconds):
2017-05-04 16:49:15,481 INFO: 	Average L2 norm of relation vector: 0.07092
2017-05-04 16:49:15,482 INFO: 	COST >> 0.032 +/- 0.001, % updates Left: 2.36% Rel: 0.41% Right: 2.0%
2017-05-04 16:53:33,690 INFO: ----------------------------------------------------------------------------
2017-05-04 16:53:33,690 INFO: EPOCH 180 (258.209 seconds):
2017-05-04 16:53:33,697 INFO: 	Average L2 norm of relation vector: 0.0709
2017-05-04 16:53:33,698 INFO: 	COST >> 0.032 +/- 0.001, % updates Left: 2.38% Rel: 0.41% Right: 2.04%
2017-05-04 16:53:33,698 INFO: 	FilteredRanking: evaluating rank on 1000 triples
2017-05-04 16:58:09,710 INFO: 	FilteredRanking: evaluating rank on 1000 triples
2017-05-04 17:02:44,230 INFO: 	MEAN RANK >> valid: 52.6, train: 10.1
2017-05-04 17:02:44,231 INFO: 		MEAN RANK TRAIN: Left: 11.8 Rel: 1.7 Right: 8.4
2017-05-04 17:02:44,232 INFO: 		MEAN RANK VALID: Left: 72.1 Rel: 2.1 Right: 33.1
2017-05-04 17:02:44,232 INFO: 		MEAN RECIPROCAL RANK VALID (L & R): 0.371
2017-05-04 17:02:44,232 WARNING: 	WARNING, failed to improve MRR on valid, 1 chances left

2017-05-04 17:02:44,891 INFO: 	(ranking took 551.193 seconds)
2017-05-04 17:07:45,568 INFO: ----------------------------------------------------------------------------
2017-05-04 17:07:45,568 INFO: EPOCH 181 (300.676 seconds):
2017-05-04 17:07:45,574 INFO: 	Average L2 norm of relation vector: 0.07086
2017-05-04 17:07:45,575 INFO: 	COST >> 0.032 +/- 0.001, % updates Left: 2.36% Rel: 0.42% Right: 2.04%
2017-05-04 17:11:19,646 INFO: ----------------------------------------------------------------------------
2017-05-04 17:11:19,646 INFO: EPOCH 182 (214.07 seconds):
2017-05-04 17:11:19,652 INFO: 	Average L2 norm of relation vector: 0.07084
2017-05-04 17:11:19,653 INFO: 	COST >> 0.032 +/- 0.001, % updates Left: 2.37% Rel: 0.42% Right: 2.04%
2017-05-04 17:14:29,261 INFO: ----------------------------------------------------------------------------
2017-05-04 17:14:29,262 INFO: EPOCH 183 (189.609 seconds):
2017-05-04 17:14:29,268 INFO: 	Average L2 norm of relation vector: 0.0708
2017-05-04 17:14:29,269 INFO: 	COST >> 0.032 +/- 0.001, % updates Left: 2.35% Rel: 0.43% Right: 2.02%
2017-05-04 17:19:23,271 INFO: ----------------------------------------------------------------------------
2017-05-04 17:19:23,272 INFO: EPOCH 184 (294.003 seconds):
2017-05-04 17:19:23,278 INFO: 	Average L2 norm of relation vector: 0.07077
2017-05-04 17:19:23,279 INFO: 	COST >> 0.032 +/- 0.001, % updates Left: 2.38% Rel: 0.41% Right: 2.02%
2017-05-04 17:24:32,134 INFO: ----------------------------------------------------------------------------
2017-05-04 17:24:32,135 INFO: EPOCH 185 (308.855 seconds):
2017-05-04 17:24:32,141 INFO: 	Average L2 norm of relation vector: 0.07075
2017-05-04 17:24:32,142 INFO: 	COST >> 0.032 +/- 0.001, % updates Left: 2.38% Rel: 0.43% Right: 2.04%
2017-05-04 17:29:43,030 INFO: ----------------------------------------------------------------------------
2017-05-04 17:29:43,031 INFO: EPOCH 186 (310.888 seconds):
2017-05-04 17:29:43,037 INFO: 	Average L2 norm of relation vector: 0.07071
2017-05-04 17:29:43,038 INFO: 	COST >> 0.032 +/- 0.001, % updates Left: 2.3% Rel: 0.41% Right: 2.03%
2017-05-04 17:37:20,266 INFO: ----------------------------------------------------------------------------
2017-05-04 17:37:20,267 INFO: EPOCH 187 (457.229 seconds):
2017-05-04 17:37:20,280 INFO: 	Average L2 norm of relation vector: 0.07067
2017-05-04 17:37:20,281 INFO: 	COST >> 0.032 +/- 0.001, % updates Left: 2.35% Rel: 0.4% Right: 1.99%
2017-05-04 17:45:33,399 INFO: ----------------------------------------------------------------------------
2017-05-04 17:45:33,400 INFO: EPOCH 188 (493.117 seconds):
2017-05-04 17:45:33,410 INFO: 	Average L2 norm of relation vector: 0.07064
2017-05-04 17:45:33,412 INFO: 	COST >> 0.032 +/- 0.001, % updates Left: 2.37% Rel: 0.43% Right: 1.99%
2017-05-04 17:53:31,136 INFO: ----------------------------------------------------------------------------
2017-05-04 17:53:31,137 INFO: EPOCH 189 (477.725 seconds):
2017-05-04 17:53:31,149 INFO: 	Average L2 norm of relation vector: 0.07061
2017-05-04 17:53:31,150 INFO: 	COST >> 0.032 +/- 0.001, % updates Left: 2.36% Rel: 0.42% Right: 2.0%
2017-05-04 18:01:33,639 INFO: ----------------------------------------------------------------------------
2017-05-04 18:01:33,640 INFO: EPOCH 190 (482.489 seconds):
2017-05-04 18:01:33,652 INFO: 	Average L2 norm of relation vector: 0.07058
2017-05-04 18:01:33,654 INFO: 	COST >> 0.032 +/- 0.001, % updates Left: 2.37% Rel: 0.43% Right: 2.0%
2017-05-04 18:01:33,655 INFO: 	FilteredRanking: evaluating rank on 1000 triples
2017-05-04 18:08:25,610 INFO: 	FilteredRanking: evaluating rank on 1000 triples
2017-05-04 18:14:39,576 INFO: 	MEAN RANK >> valid: 48.7, train: 9.5
2017-05-04 18:14:39,577 INFO: 		MEAN RANK TRAIN: Left: 10.7 Rel: 1.6 Right: 8.4
2017-05-04 18:14:39,578 INFO: 		MEAN RANK VALID: Left: 64.2 Rel: 2.1 Right: 33.1
2017-05-04 18:14:39,578 INFO: 		MEAN RECIPROCAL RANK VALID (L & R): 0.383
2017-05-04 18:14:39,579 INFO: 	FilteredRanking: evaluating rank on 1000 triples
2017-05-04 18:20:32,797 INFO: 	NEW BEST TEST MR: 44.1
2017-05-04 18:20:32,799 INFO: 		Left MR: 51.2 Rel MR: 2.4 Right MR: 37.0
2017-05-04 18:20:33,935 INFO: 	(ranking took 1140.28 seconds)
2017-05-04 18:28:29,133 INFO: ----------------------------------------------------------------------------
2017-05-04 18:28:29,134 INFO: EPOCH 191 (475.199 seconds):
2017-05-04 18:28:29,149 INFO: 	Average L2 norm of relation vector: 0.07055
2017-05-04 18:28:29,151 INFO: 	COST >> 0.032 +/- 0.001, % updates Left: 2.35% Rel: 0.41% Right: 1.99%
2017-05-04 18:38:10,344 INFO: ----------------------------------------------------------------------------
2017-05-04 18:38:10,345 INFO: EPOCH 192 (581.193 seconds):
2017-05-04 18:38:10,355 INFO: 	Average L2 norm of relation vector: 0.07052
2017-05-04 18:38:10,356 INFO: 	COST >> 0.032 +/- 0.001, % updates Left: 2.35% Rel: 0.4% Right: 2.01%
