2017-05-03 05:49:11,775 INFO: logger initialized for experiment identifier: BilinearDiagExtended_L2_ndim_100_marg_1.0_lrate_0.01_cost_margincost_reg_0.01_REL
2017-05-03 05:49:11,779 INFO: DD{'ndim': 100, 'test_all': 10, 'Nsyn_rel': 1345, 'totepochs': 1000, 'bestvalidMRR': -1, 'loadmodel': False, 'lremb': 0.01, 'nvalid': 1000, 'seed': 123, 'marge': 1.0, 'margincostfunction': 'margincost', 'simfn': 'L2', 'savepath': '/home/ubuntu/Thesis_code/KBC_Text/outputs/FB15k_BilinearDiagExtended/BilinearDiagExtended_L2_ndim_100_marg_1.0_lrate_0.01_cost_margincost_reg_0.01_REL', 'dataset': 'FB15k', 'nbatches': 100, 'identifier': 'BilinearDiagExtended_L2_ndim_100_marg_1.0_lrate_0.01_cost_margincost_reg_0.01_REL', 'lrparam': 0.01, 'loademb': False, 'datapath': '/home/ubuntu/data/', 'ntrain': 1000, 'Nrel': 1345, 'experiment_type': 'FB15kexp', 'rel': True, 'Nent': 14951, 'logger': <logging.RootLogger object at 0x7fe4b1136d10>, 'ntest': 1000, 'Nsyn': 14951, 'reg': 0.01, 'op': 'BilinearDiagExtended'}
2017-05-03 05:49:17,658 INFO: loaded FB15k data in: 5.870281 seconds
2017-05-03 05:49:17,659 DEBUG: FB15kexp: load_FB15k_data(): trainl(14951, 483142), trainr(14951, 483142), traino(1345, 483142), trainlidx(1000,)
2017-05-03 05:50:21,452 DEBUG: Training to rank RELATIONS as well!
2017-05-03 05:50:21,456 DEBUG: loaded data and constructed model...
2017-05-03 05:50:21,457 DEBUG: num epochs: 1000
2017-05-03 05:50:21,457 DEBUG: num batches per epoch: 100
2017-05-03 05:50:21,457 DEBUG: batchsize: 4831
2017-05-03 05:50:21,458 DEBUG: left and right entity ranking functions will rank a slot against 14951 competitors
2017-05-03 05:50:21,458 INFO: BEGIN TRAINING
2017-05-03 05:52:01,770 INFO: ----------------------------------------------------------------------------
2017-05-03 05:52:01,771 INFO: EPOCH 1 (100.313 seconds):
2017-05-03 05:52:01,815 INFO: 	Average L2 norm of relation vector: 0.03363
2017-05-03 05:52:01,817 INFO: 	COST >> 2.071 +/- 0.457, % updates Left: 85.84% Rel: 60.08% Right: 77.78%
2017-05-03 05:53:53,500 INFO: ----------------------------------------------------------------------------
2017-05-03 05:53:53,501 INFO: EPOCH 2 (111.684 seconds):
2017-05-03 05:53:53,506 INFO: 	Average L2 norm of relation vector: 0.03822
2017-05-03 05:53:53,507 INFO: 	COST >> 1.345 +/- 0.091, % updates Left: 70.47% Rel: 20.04% Right: 57.7%
2017-05-03 05:55:33,389 INFO: ----------------------------------------------------------------------------
2017-05-03 05:55:33,390 INFO: EPOCH 3 (99.882 seconds):
2017-05-03 05:55:33,392 INFO: 	Average L2 norm of relation vector: 0.04319
2017-05-03 05:55:33,393 INFO: 	COST >> 1.023 +/- 0.09, % updates Left: 60.05% Rel: 11.21% Right: 47.51%
2017-05-03 05:56:54,225 INFO: ----------------------------------------------------------------------------
2017-05-03 05:56:54,226 INFO: EPOCH 4 (80.832 seconds):
2017-05-03 05:56:54,228 INFO: 	Average L2 norm of relation vector: 0.04771
2017-05-03 05:56:54,230 INFO: 	COST >> 0.764 +/- 0.051, % updates Left: 48.03% Rel: 7.14% Right: 36.91%
2017-05-03 05:58:15,894 INFO: ----------------------------------------------------------------------------
2017-05-03 05:58:15,899 INFO: EPOCH 5 (81.669 seconds):
2017-05-03 05:58:15,901 INFO: 	Average L2 norm of relation vector: 0.0514
2017-05-03 05:58:15,902 INFO: 	COST >> 0.622 +/- 0.029, % updates Left: 39.9% Rel: 5.04% Right: 31.06%
2017-05-03 06:00:05,172 INFO: ----------------------------------------------------------------------------
2017-05-03 06:00:05,173 INFO: EPOCH 6 (109.27 seconds):
2017-05-03 06:00:05,178 INFO: 	Average L2 norm of relation vector: 0.05421
2017-05-03 06:00:05,180 INFO: 	COST >> 0.546 +/- 0.018, % updates Left: 34.71% Rel: 3.98% Right: 27.49%
2017-05-03 06:01:51,220 INFO: ----------------------------------------------------------------------------
2017-05-03 06:01:51,221 INFO: EPOCH 7 (106.04 seconds):
2017-05-03 06:01:51,225 INFO: 	Average L2 norm of relation vector: 0.05685
2017-05-03 06:01:51,226 INFO: 	COST >> 0.485 +/- 0.019, % updates Left: 31.62% Rel: 3.34% Right: 25.09%
2017-05-03 06:03:13,122 INFO: ----------------------------------------------------------------------------
2017-05-03 06:03:13,122 INFO: EPOCH 8 (81.896 seconds):
2017-05-03 06:03:13,125 INFO: 	Average L2 norm of relation vector: 0.05911
2017-05-03 06:03:13,126 INFO: 	COST >> 0.44 +/- 0.011, % updates Left: 28.64% Rel: 2.94% Right: 22.65%
2017-05-03 06:04:28,987 INFO: ----------------------------------------------------------------------------
2017-05-03 06:04:28,988 INFO: EPOCH 9 (75.862 seconds):
2017-05-03 06:04:28,991 INFO: 	Average L2 norm of relation vector: 0.06085
2017-05-03 06:04:28,992 INFO: 	COST >> 0.414 +/- 0.009, % updates Left: 26.3% Rel: 2.62% Right: 21.02%
2017-05-03 06:06:15,212 INFO: ----------------------------------------------------------------------------
2017-05-03 06:06:15,213 INFO: EPOCH 10 (106.221 seconds):
2017-05-03 06:06:15,218 INFO: 	Average L2 norm of relation vector: 0.06216
2017-05-03 06:06:15,220 INFO: 	COST >> 0.398 +/- 0.008, % updates Left: 24.81% Rel: 2.39% Right: 19.98%
2017-05-03 06:06:15,221 INFO: 	FilteredRanking: evaluating rank on 1000 triples
2017-05-03 06:09:16,560 INFO: 	FilteredRanking: evaluating rank on 1000 triples
2017-05-03 06:12:10,570 INFO: 	MEAN RANK >> valid: 1041.5, train: 922.6
2017-05-03 06:12:10,571 INFO: 		MEAN RANK TRAIN: Left: 1066.9 Rel: 11.8 Right: 778.3
2017-05-03 06:12:10,572 INFO: 		MEAN RANK VALID: Left: 1175.4 Rel: 8.7 Right: 907.7
2017-05-03 06:12:10,572 INFO: 		MEAN RECIPROCAL RANK VALID (L & R): 0.05
2017-05-03 06:12:10,572 INFO: 	FilteredRanking: evaluating rank on 1000 triples
2017-05-03 06:14:20,654 INFO: 	NEW BEST TEST MR: 1110.5
2017-05-03 06:14:20,656 INFO: 		Left MR: 1224.3 Rel MR: 11.4 Right MR: 996.7
2017-05-03 06:14:20,724 INFO: 	(ranking took 485.503 seconds)
2017-05-03 06:16:16,170 INFO: ----------------------------------------------------------------------------
2017-05-03 06:16:16,171 INFO: EPOCH 11 (115.446 seconds):
2017-05-03 06:16:16,174 INFO: 	Average L2 norm of relation vector: 0.06334
2017-05-03 06:16:16,175 INFO: 	COST >> 0.384 +/- 0.01, % updates Left: 23.95% Rel: 2.23% Right: 19.09%
2017-05-03 06:17:52,458 INFO: ----------------------------------------------------------------------------
2017-05-03 06:17:52,459 INFO: EPOCH 12 (96.283 seconds):
2017-05-03 06:17:52,462 INFO: 	Average L2 norm of relation vector: 0.06448
2017-05-03 06:17:52,463 INFO: 	COST >> 0.375 +/- 0.008, % updates Left: 23.42% Rel: 2.08% Right: 18.65%
2017-05-03 06:19:15,083 INFO: ----------------------------------------------------------------------------
2017-05-03 06:19:15,084 INFO: EPOCH 13 (82.62 seconds):
2017-05-03 06:19:15,087 INFO: 	Average L2 norm of relation vector: 0.06561
2017-05-03 06:19:15,089 INFO: 	COST >> 0.366 +/- 0.009, % updates Left: 22.88% Rel: 2.02% Right: 18.22%
