2017-03-21 00:37:00,226 INFO: logger initialized for experiment identifier: BilinearDiagExtended_L1_ndim_200_marg_1.0_lrate_0.01_cost_margincost_pos_high_reg_0.01_REL
2017-03-21 00:37:00,226 INFO: DD{'ndim': 200, 'test_all': 10, 'Nsyn_rel': 1345, 'totepochs': 500, 'bestvalidMRR': -1, 'loadmodel': False, 'lremb': 0.01, 'nvalid': 1000, 'seed': 123, 'marge': 1.0, 'margincostfunction': 'margincost_pos_high', 'simfn': 'L1', 'savepath': '/Users/corbinrosset/Dropbox/Arora/QA-code/src/KBC_Text/outputs/FB15k_BilinearDiagExtended/BilinearDiagExtended_L1_ndim_200_marg_1.0_lrate_0.01_cost_margincost_pos_high_reg_0.01_REL', 'dataset': 'FB15k', 'nbatches': 100, 'identifier': 'BilinearDiagExtended_L1_ndim_200_marg_1.0_lrate_0.01_cost_margincost_pos_high_reg_0.01_REL', 'lrparam': 0.01, 'loademb': False, 'datapath': '/Users/corbinrosset/Dropbox/Arora/QA-code/src/KBC_Text/data/', 'ntrain': 1000, 'Nrel': 1345, 'experiment_type': 'FB15kexp', 'rel': True, 'Nent': 16296, 'logger': <logging.RootLogger object at 0x109704cd0>, 'ntest': 1000, 'Nsyn': 14951, 'reg': 0.01, 'op': 'BilinearDiagExtended'}
2017-03-21 00:37:02,691 DEBUG: FB15kexp: load_FB15k_data(): trainl(16296, 483142), trainr(16296, 483142), traino(1345, 483142), trainlidx(1000,)
2017-03-21 00:37:06,433 DEBUG: Training to rank RELATIONS as well!
2017-03-21 00:37:06,434 DEBUG: loaded data and constructed model...
2017-03-21 00:37:06,434 DEBUG: num epochs: 500
2017-03-21 00:37:06,434 DEBUG: num batches per epoch: 100
2017-03-21 00:37:06,434 DEBUG: batchsize: 4831
2017-03-21 00:37:06,434 DEBUG: left and right entity ranking functions will rank a slot against 14951 competitors
2017-03-21 00:37:06,434 INFO: BEGIN TRAINING
2017-03-21 00:38:45,628 INFO: ----------------------------------------------------------------------------
2017-03-21 00:38:45,629 INFO: EPOCH 1 (99.195 seconds):
2017-03-21 00:38:45,651 INFO: 	Average L2 norm of relation vector: 0.04629
2017-03-21 00:38:45,652 INFO: 	COST >> 1.913 +/- 0.317, % updates Left: 93.84% Rel: 50.18% Right: 92.07%
2017-03-21 00:40:22,416 INFO: ----------------------------------------------------------------------------
2017-03-21 00:40:22,416 INFO: EPOCH 2 (96.764 seconds):
2017-03-21 00:40:22,418 INFO: 	Average L2 norm of relation vector: 0.05981
2017-03-21 00:40:22,418 INFO: 	COST >> 1.018 +/- 0.291, % updates Left: 66.4% Rel: 24.27% Right: 61.16%
2017-03-21 00:41:58,754 INFO: ----------------------------------------------------------------------------
2017-03-21 00:41:58,754 INFO: EPOCH 3 (96.336 seconds):
2017-03-21 00:41:58,756 INFO: 	Average L2 norm of relation vector: 0.06827
2017-03-21 00:41:58,757 INFO: 	COST >> 0.461 +/- 0.053, % updates Left: 37.94% Rel: 12.36% Right: 34.22%
2017-03-21 00:43:29,039 INFO: ----------------------------------------------------------------------------
2017-03-21 00:43:29,039 INFO: EPOCH 4 (90.282 seconds):
2017-03-21 00:43:29,040 INFO: 	Average L2 norm of relation vector: 0.07395
2017-03-21 00:43:29,041 INFO: 	COST >> 0.341 +/- 0.021, % updates Left: 28.43% Rel: 8.41% Right: 26.04%
2017-03-21 00:44:47,982 INFO: ----------------------------------------------------------------------------
2017-03-21 00:44:47,982 INFO: EPOCH 5 (78.941 seconds):
2017-03-21 00:44:47,984 INFO: 	Average L2 norm of relation vector: 0.07826
2017-03-21 00:44:47,984 INFO: 	COST >> 0.288 +/- 0.011, % updates Left: 23.85% Rel: 6.73% Right: 22.53%
2017-03-21 00:46:06,620 INFO: ----------------------------------------------------------------------------
2017-03-21 00:46:06,620 INFO: EPOCH 6 (78.636 seconds):
2017-03-21 00:46:06,622 INFO: 	Average L2 norm of relation vector: 0.08178
2017-03-21 00:46:06,622 INFO: 	COST >> 0.255 +/- 0.008, % updates Left: 21.0% Rel: 5.75% Right: 20.19%
2017-03-21 00:47:33,916 INFO: ----------------------------------------------------------------------------
2017-03-21 00:47:33,916 INFO: EPOCH 7 (87.294 seconds):
2017-03-21 00:47:33,918 INFO: 	Average L2 norm of relation vector: 0.08463
2017-03-21 00:47:33,919 INFO: 	COST >> 0.231 +/- 0.01, % updates Left: 18.8% Rel: 4.85% Right: 18.16%
2017-03-21 00:49:11,441 INFO: ----------------------------------------------------------------------------
2017-03-21 00:49:11,442 INFO: EPOCH 8 (97.522 seconds):
2017-03-21 00:49:11,443 INFO: 	Average L2 norm of relation vector: 0.08697
2017-03-21 00:49:11,444 INFO: 	COST >> 0.209 +/- 0.008, % updates Left: 16.73% Rel: 4.2% Right: 16.3%
2017-03-21 00:50:47,516 INFO: ----------------------------------------------------------------------------
2017-03-21 00:50:47,516 INFO: EPOCH 9 (96.072 seconds):
2017-03-21 00:50:47,518 INFO: 	Average L2 norm of relation vector: 0.08896
2017-03-21 00:50:47,518 INFO: 	COST >> 0.193 +/- 0.007, % updates Left: 15.28% Rel: 3.78% Right: 15.02%
2017-03-21 00:52:24,152 INFO: ----------------------------------------------------------------------------
2017-03-21 00:52:24,155 INFO: EPOCH 10 (96.636 seconds):
2017-03-21 00:52:24,156 INFO: 	Average L2 norm of relation vector: 0.09063
2017-03-21 00:52:24,157 INFO: 	COST >> 0.177 +/- 0.007, % updates Left: 13.9% Rel: 3.37% Right: 13.68%
2017-03-21 00:52:24,157 INFO: 	FilteredRanking: evaluating rank on 1000 triples
2017-03-21 00:54:41,426 INFO: 	FilteredRanking: evaluating rank on 1000 triples
2017-03-21 00:56:44,077 INFO: 	MEAN RANK >> valid: 384.3, train: 302.0
2017-03-21 00:56:44,078 INFO: 		MEAN RANK TRAIN: Left: 263.2 Rel: 722.6 Right: 340.8
2017-03-21 00:56:44,078 INFO: 		MEAN RANK VALID: Left: 346.2 Rel: 736.9 Right: 422.4
2017-03-21 00:56:44,078 INFO: 		MEAN RECIPROCAL RANK VALID (L & R): 0.1265
2017-03-21 00:56:44,079 INFO: 	FilteredRanking: evaluating rank on 1000 triples
2017-03-21 00:58:50,863 INFO: 	NEW BEST TEST MR: 346.7
2017-03-21 00:58:50,864 INFO: 		Left MR: 302.8 Rel MR: 732.2 Right MR: 390.7
2017-03-21 00:58:50,969 INFO: 	(ranking took 386.812 seconds)
2017-03-21 01:00:30,205 INFO: ----------------------------------------------------------------------------
2017-03-21 01:00:30,206 INFO: EPOCH 11 (99.236 seconds):
2017-03-21 01:00:30,207 INFO: 	Average L2 norm of relation vector: 0.09207
2017-03-21 01:00:30,208 INFO: 	COST >> 0.167 +/- 0.005, % updates Left: 12.84% Rel: 3.07% Right: 12.77%
2017-03-21 01:02:06,709 INFO: ----------------------------------------------------------------------------
2017-03-21 01:02:06,709 INFO: EPOCH 12 (96.501 seconds):
2017-03-21 01:02:06,710 INFO: 	Average L2 norm of relation vector: 0.09334
2017-03-21 01:02:06,711 INFO: 	COST >> 0.162 +/- 0.009, % updates Left: 12.19% Rel: 3.03% Right: 12.23%
2017-03-21 01:03:42,733 INFO: ----------------------------------------------------------------------------
2017-03-21 01:03:42,733 INFO: EPOCH 13 (96.022 seconds):
2017-03-21 01:03:42,735 INFO: 	Average L2 norm of relation vector: 0.09454
2017-03-21 01:03:42,735 INFO: 	COST >> 0.157 +/- 0.007, % updates Left: 11.89% Rel: 2.87% Right: 11.83%
2017-03-21 01:05:18,048 INFO: ----------------------------------------------------------------------------
2017-03-21 01:05:18,049 INFO: EPOCH 14 (95.313 seconds):
2017-03-21 01:05:18,050 INFO: 	Average L2 norm of relation vector: 0.09561
2017-03-21 01:05:18,050 INFO: 	COST >> 0.149 +/- 0.006, % updates Left: 11.24% Rel: 2.78% Right: 11.2%
2017-03-21 01:06:48,278 INFO: ----------------------------------------------------------------------------
2017-03-21 01:06:48,278 INFO: EPOCH 15 (90.228 seconds):
2017-03-21 01:06:48,280 INFO: 	Average L2 norm of relation vector: 0.09657
2017-03-21 01:06:48,281 INFO: 	COST >> 0.144 +/- 0.006, % updates Left: 10.69% Rel: 2.67% Right: 10.79%
2017-03-21 01:08:06,932 INFO: ----------------------------------------------------------------------------
2017-03-21 01:08:06,933 INFO: EPOCH 16 (78.652 seconds):
2017-03-21 01:08:06,934 INFO: 	Average L2 norm of relation vector: 0.09745
2017-03-21 01:08:06,934 INFO: 	COST >> 0.142 +/- 0.007, % updates Left: 10.39% Rel: 2.6% Right: 10.44%
2017-03-21 01:09:27,361 INFO: ----------------------------------------------------------------------------
2017-03-21 01:09:27,361 INFO: EPOCH 17 (80.427 seconds):
2017-03-21 01:09:27,363 INFO: 	Average L2 norm of relation vector: 0.09826
2017-03-21 01:09:27,364 INFO: 	COST >> 0.137 +/- 0.008, % updates Left: 10.01% Rel: 2.55% Right: 10.05%
2017-03-21 01:10:58,528 INFO: ----------------------------------------------------------------------------
2017-03-21 01:10:58,530 INFO: EPOCH 18 (91.166 seconds):
2017-03-21 01:10:58,533 INFO: 	Average L2 norm of relation vector: 0.09899
2017-03-21 01:10:58,534 INFO: 	COST >> 0.134 +/- 0.007, % updates Left: 9.63% Rel: 2.48% Right: 9.78%
2017-03-21 01:12:35,078 INFO: ----------------------------------------------------------------------------
2017-03-21 01:12:35,078 INFO: EPOCH 19 (96.544 seconds):
2017-03-21 01:12:35,080 INFO: 	Average L2 norm of relation vector: 0.09967
2017-03-21 01:12:35,081 INFO: 	COST >> 0.127 +/- 0.008, % updates Left: 9.33% Rel: 2.31% Right: 9.15%
2017-03-21 01:14:10,874 INFO: ----------------------------------------------------------------------------
2017-03-21 01:14:10,874 INFO: EPOCH 20 (95.793 seconds):
2017-03-21 01:14:10,877 INFO: 	Average L2 norm of relation vector: 0.10014
2017-03-21 01:14:10,878 INFO: 	COST >> 0.113 +/- 0.004, % updates Left: 8.65% Rel: 1.94% Right: 7.55%
2017-03-21 01:14:10,878 INFO: 	FilteredRanking: evaluating rank on 1000 triples
2017-03-21 01:16:30,527 INFO: 	FilteredRanking: evaluating rank on 1000 triples
2017-03-21 01:18:39,849 INFO: 	MEAN RANK >> valid: 202.2, train: 129.7
2017-03-21 01:18:39,849 INFO: 		MEAN RANK TRAIN: Left: 137.8 Rel: 722.6 Right: 121.6
2017-03-21 01:18:39,850 INFO: 		MEAN RANK VALID: Left: 226.2 Rel: 736.9 Right: 178.2
2017-03-21 01:18:39,850 INFO: 		MEAN RECIPROCAL RANK VALID (L & R): 0.16
2017-03-21 01:18:39,850 INFO: 	FilteredRanking: evaluating rank on 1000 triples
2017-03-21 01:20:43,633 INFO: 	NEW BEST TEST MR: 181.6
2017-03-21 01:20:43,633 INFO: 		Left MR: 197.6 Rel MR: 732.2 Right MR: 165.7
2017-03-21 01:20:43,729 INFO: 	(ranking took 392.851 seconds)
2017-03-21 01:22:14,285 INFO: ----------------------------------------------------------------------------
2017-03-21 01:22:14,285 INFO: EPOCH 21 (90.556 seconds):
2017-03-21 01:22:14,287 INFO: 	Average L2 norm of relation vector: 0.10056
2017-03-21 01:22:14,287 INFO: 	COST >> 0.11 +/- 0.004, % updates Left: 8.38% Rel: 1.9% Right: 7.14%
2017-03-21 01:23:52,625 INFO: ----------------------------------------------------------------------------
2017-03-21 01:23:52,627 INFO: EPOCH 22 (98.339 seconds):
2017-03-21 01:23:52,629 INFO: 	Average L2 norm of relation vector: 0.10094
2017-03-21 01:23:52,629 INFO: 	COST >> 0.108 +/- 0.003, % updates Left: 8.08% Rel: 1.89% Right: 7.01%
2017-03-21 01:25:28,245 INFO: ----------------------------------------------------------------------------
2017-03-21 01:25:28,245 INFO: EPOCH 23 (95.615 seconds):
2017-03-21 01:25:28,248 INFO: 	Average L2 norm of relation vector: 0.10128
2017-03-21 01:25:28,249 INFO: 	COST >> 0.106 +/- 0.004, % updates Left: 7.89% Rel: 1.86% Right: 6.84%
2017-03-21 01:27:03,565 INFO: ----------------------------------------------------------------------------
2017-03-21 01:27:03,565 INFO: EPOCH 24 (95.316 seconds):
2017-03-21 01:27:03,567 INFO: 	Average L2 norm of relation vector: 0.10161
2017-03-21 01:27:03,568 INFO: 	COST >> 0.108 +/- 0.009, % updates Left: 7.82% Rel: 1.98% Right: 6.82%
2017-03-21 01:28:37,499 INFO: ----------------------------------------------------------------------------
2017-03-21 01:28:37,500 INFO: EPOCH 25 (93.932 seconds):
2017-03-21 01:28:37,502 INFO: 	Average L2 norm of relation vector: 0.10197
2017-03-21 01:28:37,503 INFO: 	COST >> 0.107 +/- 0.005, % updates Left: 8.0% Rel: 1.9% Right: 6.95%
2017-03-21 01:30:02,148 INFO: ----------------------------------------------------------------------------
2017-03-21 01:30:02,148 INFO: EPOCH 26 (84.645 seconds):
2017-03-21 01:30:02,150 INFO: 	Average L2 norm of relation vector: 0.10224
2017-03-21 01:30:02,150 INFO: 	COST >> 0.101 +/- 0.003, % updates Left: 7.47% Rel: 1.8% Right: 6.48%
2017-03-21 01:31:20,896 INFO: ----------------------------------------------------------------------------
2017-03-21 01:31:20,896 INFO: EPOCH 27 (78.745 seconds):
2017-03-21 01:31:20,897 INFO: 	Average L2 norm of relation vector: 0.10249
2017-03-21 01:31:20,898 INFO: 	COST >> 0.099 +/- 0.003, % updates Left: 7.32% Rel: 1.77% Right: 6.28%
2017-03-21 01:32:42,525 INFO: ----------------------------------------------------------------------------
2017-03-21 01:32:42,525 INFO: EPOCH 28 (81.627 seconds):
2017-03-21 01:32:42,527 INFO: 	Average L2 norm of relation vector: 0.10273
2017-03-21 01:32:42,527 INFO: 	COST >> 0.097 +/- 0.003, % updates Left: 7.17% Rel: 1.7% Right: 6.1%
2017-03-21 01:34:18,785 INFO: ----------------------------------------------------------------------------
2017-03-21 01:34:18,786 INFO: EPOCH 29 (96.258 seconds):
2017-03-21 01:34:18,787 INFO: 	Average L2 norm of relation vector: 0.10293
2017-03-21 01:34:18,788 INFO: 	COST >> 0.095 +/- 0.003, % updates Left: 6.92% Rel: 1.73% Right: 5.99%
2017-03-21 01:35:54,941 INFO: ----------------------------------------------------------------------------
2017-03-21 01:35:54,944 INFO: EPOCH 30 (96.156 seconds):
2017-03-21 01:35:54,945 INFO: 	Average L2 norm of relation vector: 0.10333
2017-03-21 01:35:54,945 INFO: 	COST >> 0.113 +/- 0.01, % updates Left: 7.54% Rel: 2.44% Right: 7.7%
2017-03-21 01:35:54,946 INFO: 	FilteredRanking: evaluating rank on 1000 triples
2017-03-21 01:38:15,256 INFO: 	FilteredRanking: evaluating rank on 1000 triples
2017-03-21 01:40:32,493 INFO: 	MEAN RANK >> valid: 193.5, train: 139.9
2017-03-21 01:40:32,499 INFO: 		MEAN RANK TRAIN: Left: 97.5 Rel: 722.6 Right: 182.3
2017-03-21 01:40:32,501 INFO: 		MEAN RANK VALID: Left: 167.1 Rel: 736.9 Right: 219.8
2017-03-21 01:40:32,501 INFO: 		MEAN RECIPROCAL RANK VALID (L & R): 0.1895
2017-03-21 01:40:32,501 INFO: 	FilteredRanking: evaluating rank on 1000 triples
2017-03-21 01:42:36,948 INFO: 	NEW BEST TEST MR: 167.3
2017-03-21 01:42:36,949 INFO: 		Left MR: 148.1 Rel MR: 732.2 Right MR: 186.4
2017-03-21 01:42:37,047 INFO: 	(ranking took 402.101 seconds)
2017-03-21 01:44:02,545 INFO: ----------------------------------------------------------------------------
2017-03-21 01:44:02,548 INFO: EPOCH 31 (85.501 seconds):
2017-03-21 01:44:02,549 INFO: 	Average L2 norm of relation vector: 0.1037
2017-03-21 01:44:02,550 INFO: 	COST >> 0.11 +/- 0.008, % updates Left: 7.49% Rel: 2.2% Right: 7.76%
2017-03-21 01:45:39,822 INFO: ----------------------------------------------------------------------------
2017-03-21 01:45:39,824 INFO: EPOCH 32 (97.274 seconds):
2017-03-21 01:45:39,826 INFO: 	Average L2 norm of relation vector: 0.10388
2017-03-21 01:45:39,826 INFO: 	COST >> 0.097 +/- 0.006, % updates Left: 6.9% Rel: 1.72% Right: 6.27%
2017-03-21 01:47:16,972 INFO: ----------------------------------------------------------------------------
2017-03-21 01:47:16,974 INFO: EPOCH 33 (97.148 seconds):
2017-03-21 01:47:16,976 INFO: 	Average L2 norm of relation vector: 0.104
2017-03-21 01:47:16,977 INFO: 	COST >> 0.092 +/- 0.003, % updates Left: 6.58% Rel: 1.59% Right: 5.68%
2017-03-21 01:48:52,875 INFO: ----------------------------------------------------------------------------
2017-03-21 01:48:52,875 INFO: EPOCH 34 (95.898 seconds):
2017-03-21 01:48:52,877 INFO: 	Average L2 norm of relation vector: 0.10409
2017-03-21 01:48:52,878 INFO: 	COST >> 0.09 +/- 0.003, % updates Left: 6.27% Rel: 1.57% Right: 5.52%
2017-03-21 01:50:28,906 INFO: ----------------------------------------------------------------------------
2017-03-21 01:50:28,906 INFO: EPOCH 35 (96.028 seconds):
2017-03-21 01:50:28,907 INFO: 	Average L2 norm of relation vector: 0.10417
2017-03-21 01:50:28,908 INFO: 	COST >> 0.089 +/- 0.003, % updates Left: 6.2% Rel: 1.57% Right: 5.34%
2017-03-21 01:51:57,298 INFO: ----------------------------------------------------------------------------
2017-03-21 01:51:57,299 INFO: EPOCH 36 (88.39 seconds):
2017-03-21 01:51:57,300 INFO: 	Average L2 norm of relation vector: 0.10422
2017-03-21 01:51:57,300 INFO: 	COST >> 0.088 +/- 0.003, % updates Left: 6.16% Rel: 1.55% Right: 5.25%
2017-03-21 01:53:17,668 INFO: ----------------------------------------------------------------------------
2017-03-21 01:53:17,669 INFO: EPOCH 37 (80.368 seconds):
2017-03-21 01:53:17,670 INFO: 	Average L2 norm of relation vector: 0.10428
2017-03-21 01:53:17,670 INFO: 	COST >> 0.087 +/- 0.003, % updates Left: 6.05% Rel: 1.56% Right: 5.2%
2017-03-21 01:54:36,429 INFO: ----------------------------------------------------------------------------
2017-03-21 01:54:36,430 INFO: EPOCH 38 (78.759 seconds):
2017-03-21 01:54:36,431 INFO: 	Average L2 norm of relation vector: 0.10433
2017-03-21 01:54:36,432 INFO: 	COST >> 0.089 +/- 0.007, % updates Left: 6.18% Rel: 1.58% Right: 5.31%
2017-03-21 01:56:03,888 INFO: ----------------------------------------------------------------------------
2017-03-21 01:56:03,888 INFO: EPOCH 39 (87.456 seconds):
2017-03-21 01:56:03,890 INFO: 	Average L2 norm of relation vector: 0.10436
2017-03-21 01:56:03,891 INFO: 	COST >> 0.086 +/- 0.002, % updates Left: 5.93% Rel: 1.53% Right: 5.14%
2017-03-21 01:57:41,097 INFO: ----------------------------------------------------------------------------
2017-03-21 01:57:41,098 INFO: EPOCH 40 (97.207 seconds):
2017-03-21 01:57:41,100 INFO: 	Average L2 norm of relation vector: 0.10437
2017-03-21 01:57:41,100 INFO: 	COST >> 0.084 +/- 0.003, % updates Left: 5.81% Rel: 1.5% Right: 4.95%
2017-03-21 01:57:41,101 INFO: 	FilteredRanking: evaluating rank on 1000 triples
2017-03-21 02:00:00,844 INFO: 	FilteredRanking: evaluating rank on 1000 triples
2017-03-21 02:02:20,937 INFO: 	MEAN RANK >> valid: 120.8, train: 56.9
2017-03-21 02:02:20,938 INFO: 		MEAN RANK TRAIN: Left: 62.2 Rel: 722.6 Right: 51.6
2017-03-21 02:02:20,939 INFO: 		MEAN RANK VALID: Left: 139.6 Rel: 736.9 Right: 102.0
2017-03-21 02:02:20,939 INFO: 		MEAN RECIPROCAL RANK VALID (L & R): 0.208
2017-03-21 02:02:20,939 INFO: 	FilteredRanking: evaluating rank on 1000 triples
2017-03-21 02:04:29,275 INFO: 	NEW BEST TEST MR: 101.3
2017-03-21 02:04:29,275 INFO: 		Left MR: 109.7 Rel MR: 732.2 Right MR: 92.9
2017-03-21 02:04:29,378 INFO: 	(ranking took 408.278 seconds)
2017-03-21 02:05:58,107 INFO: ----------------------------------------------------------------------------
2017-03-21 02:05:58,107 INFO: EPOCH 41 (88.729 seconds):
2017-03-21 02:05:58,109 INFO: 	Average L2 norm of relation vector: 0.10436
2017-03-21 02:05:58,110 INFO: 	COST >> 0.083 +/- 0.003, % updates Left: 5.63% Rel: 1.48% Right: 4.93%
2017-03-21 02:07:31,152 INFO: ----------------------------------------------------------------------------
2017-03-21 02:07:31,154 INFO: EPOCH 42 (93.044 seconds):
2017-03-21 02:07:31,155 INFO: 	Average L2 norm of relation vector: 0.10434
2017-03-21 02:07:31,156 INFO: 	COST >> 0.083 +/- 0.003, % updates Left: 5.62% Rel: 1.5% Right: 4.84%
2017-03-21 02:09:06,148 INFO: ----------------------------------------------------------------------------
2017-03-21 02:09:06,148 INFO: EPOCH 43 (94.992 seconds):
2017-03-21 02:09:06,150 INFO: 	Average L2 norm of relation vector: 0.10432
2017-03-21 02:09:06,150 INFO: 	COST >> 0.082 +/- 0.003, % updates Left: 5.59% Rel: 1.5% Right: 4.81%
2017-03-21 02:10:42,414 INFO: ----------------------------------------------------------------------------
2017-03-21 02:10:42,414 INFO: EPOCH 44 (96.264 seconds):
2017-03-21 02:10:42,416 INFO: 	Average L2 norm of relation vector: 0.10429
2017-03-21 02:10:42,416 INFO: 	COST >> 0.082 +/- 0.003, % updates Left: 5.52% Rel: 1.45% Right: 4.77%
2017-03-21 02:12:17,300 INFO: ----------------------------------------------------------------------------
2017-03-21 02:12:17,301 INFO: EPOCH 45 (94.884 seconds):
2017-03-21 02:12:17,302 INFO: 	Average L2 norm of relation vector: 0.10426
2017-03-21 02:12:17,303 INFO: 	COST >> 0.081 +/- 0.003, % updates Left: 5.5% Rel: 1.46% Right: 4.69%
2017-03-21 02:13:44,359 INFO: ----------------------------------------------------------------------------
2017-03-21 02:13:44,359 INFO: EPOCH 46 (87.056 seconds):
2017-03-21 02:13:44,361 INFO: 	Average L2 norm of relation vector: 0.10434
2017-03-21 02:13:44,361 INFO: 	COST >> 0.091 +/- 0.015, % updates Left: 5.77% Rel: 1.91% Right: 5.5%
2017-03-21 02:15:09,759 INFO: ----------------------------------------------------------------------------
2017-03-21 02:15:09,759 INFO: EPOCH 47 (85.398 seconds):
2017-03-21 02:15:09,762 INFO: 	Average L2 norm of relation vector: 0.10443
2017-03-21 02:15:09,762 INFO: 	COST >> 0.089 +/- 0.007, % updates Left: 5.89% Rel: 1.75% Right: 5.68%
2017-03-21 02:16:39,433 INFO: ----------------------------------------------------------------------------
2017-03-21 02:16:39,433 INFO: EPOCH 48 (89.671 seconds):
2017-03-21 02:16:39,435 INFO: 	Average L2 norm of relation vector: 0.10438
2017-03-21 02:16:39,435 INFO: 	COST >> 0.08 +/- 0.003, % updates Left: 5.42% Rel: 1.42% Right: 4.69%
2017-03-21 02:18:06,956 INFO: ----------------------------------------------------------------------------
2017-03-21 02:18:06,956 INFO: EPOCH 49 (87.521 seconds):
2017-03-21 02:18:06,958 INFO: 	Average L2 norm of relation vector: 0.10432
2017-03-21 02:18:06,958 INFO: 	COST >> 0.08 +/- 0.003, % updates Left: 5.34% Rel: 1.41% Right: 4.59%
2017-03-21 02:19:38,445 INFO: ----------------------------------------------------------------------------
2017-03-21 02:19:38,445 INFO: EPOCH 50 (91.487 seconds):
2017-03-21 02:19:38,447 INFO: 	Average L2 norm of relation vector: 0.10427
2017-03-21 02:19:38,447 INFO: 	COST >> 0.079 +/- 0.003, % updates Left: 5.2% Rel: 1.42% Right: 4.56%
2017-03-21 02:19:38,448 INFO: 	FilteredRanking: evaluating rank on 1000 triples
2017-03-21 02:21:58,207 INFO: 	FilteredRanking: evaluating rank on 1000 triples
2017-03-21 02:24:10,540 INFO: 	MEAN RANK >> valid: 110.6, train: 49.2
2017-03-21 02:24:10,540 INFO: 		MEAN RANK TRAIN: Left: 53.5 Rel: 722.6 Right: 44.9
2017-03-21 02:24:10,541 INFO: 		MEAN RANK VALID: Left: 129.9 Rel: 736.9 Right: 91.3
2017-03-21 02:24:10,541 INFO: 		MEAN RECIPROCAL RANK VALID (L & R): 0.209
2017-03-21 02:24:10,541 INFO: 	FilteredRanking: evaluating rank on 1000 triples
2017-03-21 02:26:21,385 INFO: 	NEW BEST TEST MR: 83.6
2017-03-21 02:26:21,386 INFO: 		Left MR: 87.7 Rel MR: 732.2 Right MR: 79.5
2017-03-21 02:26:21,485 INFO: 	(ranking took 403.038 seconds)
2017-03-21 02:27:55,184 INFO: ----------------------------------------------------------------------------
2017-03-21 02:27:55,184 INFO: EPOCH 51 (93.699 seconds):
2017-03-21 02:27:55,186 INFO: 	Average L2 norm of relation vector: 0.1042
2017-03-21 02:27:55,186 INFO: 	COST >> 0.078 +/- 0.002, % updates Left: 5.2% Rel: 1.42% Right: 4.51%
2017-03-21 02:29:22,157 INFO: ----------------------------------------------------------------------------
2017-03-21 02:29:22,157 INFO: EPOCH 52 (86.97 seconds):
2017-03-21 02:29:22,158 INFO: 	Average L2 norm of relation vector: 0.10411
2017-03-21 02:29:22,159 INFO: 	COST >> 0.077 +/- 0.003, % updates Left: 5.07% Rel: 1.36% Right: 4.41%
2017-03-21 02:30:57,475 INFO: ----------------------------------------------------------------------------
2017-03-21 02:30:57,476 INFO: EPOCH 53 (95.317 seconds):
2017-03-21 02:30:57,477 INFO: 	Average L2 norm of relation vector: 0.10403
2017-03-21 02:30:57,478 INFO: 	COST >> 0.076 +/- 0.002, % updates Left: 5.01% Rel: 1.39% Right: 4.32%
2017-03-21 02:32:34,381 INFO: ----------------------------------------------------------------------------
2017-03-21 02:32:34,381 INFO: EPOCH 54 (96.903 seconds):
2017-03-21 02:32:34,383 INFO: 	Average L2 norm of relation vector: 0.10393
2017-03-21 02:32:34,384 INFO: 	COST >> 0.076 +/- 0.002, % updates Left: 5.01% Rel: 1.37% Right: 4.28%
2017-03-21 02:34:04,741 INFO: ----------------------------------------------------------------------------
2017-03-21 02:34:04,741 INFO: EPOCH 55 (90.357 seconds):
2017-03-21 02:34:04,743 INFO: 	Average L2 norm of relation vector: 0.10383
2017-03-21 02:34:04,744 INFO: 	COST >> 0.075 +/- 0.003, % updates Left: 4.91% Rel: 1.34% Right: 4.28%
2017-03-21 02:35:31,153 INFO: ----------------------------------------------------------------------------
2017-03-21 02:35:31,153 INFO: EPOCH 56 (86.409 seconds):
2017-03-21 02:35:31,155 INFO: 	Average L2 norm of relation vector: 0.10373
2017-03-21 02:35:31,156 INFO: 	COST >> 0.075 +/- 0.002, % updates Left: 4.85% Rel: 1.36% Right: 4.24%
2017-03-21 02:37:06,905 INFO: ----------------------------------------------------------------------------
2017-03-21 02:37:06,906 INFO: EPOCH 57 (95.75 seconds):
2017-03-21 02:37:06,907 INFO: 	Average L2 norm of relation vector: 0.10362
2017-03-21 02:37:06,908 INFO: 	COST >> 0.074 +/- 0.003, % updates Left: 4.85% Rel: 1.37% Right: 4.12%
2017-03-21 02:38:36,239 INFO: ----------------------------------------------------------------------------
2017-03-21 02:38:36,239 INFO: EPOCH 58 (89.331 seconds):
2017-03-21 02:38:36,241 INFO: 	Average L2 norm of relation vector: 0.10352
2017-03-21 02:38:36,242 INFO: 	COST >> 0.074 +/- 0.002, % updates Left: 4.82% Rel: 1.36% Right: 4.18%
2017-03-21 02:40:02,844 INFO: ----------------------------------------------------------------------------
2017-03-21 02:40:02,845 INFO: EPOCH 59 (86.602 seconds):
2017-03-21 02:40:02,846 INFO: 	Average L2 norm of relation vector: 0.10341
2017-03-21 02:40:02,847 INFO: 	COST >> 0.073 +/- 0.002, % updates Left: 4.73% Rel: 1.34% Right: 4.13%
2017-03-21 02:41:31,608 INFO: ----------------------------------------------------------------------------
2017-03-21 02:41:31,613 INFO: EPOCH 60 (88.766 seconds):
2017-03-21 02:41:31,616 INFO: 	Average L2 norm of relation vector: 0.10329
2017-03-21 02:41:31,617 INFO: 	COST >> 0.073 +/- 0.002, % updates Left: 4.72% Rel: 1.35% Right: 4.08%
2017-03-21 02:41:31,617 INFO: 	FilteredRanking: evaluating rank on 1000 triples
2017-03-21 02:43:49,333 INFO: 	FilteredRanking: evaluating rank on 1000 triples
2017-03-21 02:46:00,942 INFO: 	MEAN RANK >> valid: 89.4, train: 38.6
2017-03-21 02:46:00,942 INFO: 		MEAN RANK TRAIN: Left: 44.4 Rel: 722.6 Right: 32.9
2017-03-21 02:46:00,943 INFO: 		MEAN RANK VALID: Left: 99.6 Rel: 736.9 Right: 79.2
2017-03-21 02:46:00,943 INFO: 		MEAN RECIPROCAL RANK VALID (L & R): 0.234
2017-03-21 02:46:00,943 INFO: 	FilteredRanking: evaluating rank on 1000 triples
2017-03-21 02:48:24,887 INFO: 	NEW BEST TEST MR: 73.7
2017-03-21 02:48:24,888 INFO: 		Left MR: 75.9 Rel MR: 732.2 Right MR: 71.4
2017-03-21 02:48:24,999 INFO: 	(ranking took 413.382 seconds)
2017-03-21 02:49:57,967 INFO: ----------------------------------------------------------------------------
2017-03-21 02:49:57,967 INFO: EPOCH 61 (92.968 seconds):
2017-03-21 02:49:57,969 INFO: 	Average L2 norm of relation vector: 0.10315
2017-03-21 02:49:57,969 INFO: 	COST >> 0.072 +/- 0.002, % updates Left: 4.61% Rel: 1.32% Right: 4.09%
2017-03-21 02:51:24,145 INFO: ----------------------------------------------------------------------------
2017-03-21 02:51:24,145 INFO: EPOCH 62 (86.176 seconds):
2017-03-21 02:51:24,146 INFO: 	Average L2 norm of relation vector: 0.10304
2017-03-21 02:51:24,147 INFO: 	COST >> 0.072 +/- 0.002, % updates Left: 4.67% Rel: 1.34% Right: 4.02%
2017-03-21 02:52:50,054 INFO: ----------------------------------------------------------------------------
2017-03-21 02:52:50,054 INFO: EPOCH 63 (85.907 seconds):
2017-03-21 02:52:50,056 INFO: 	Average L2 norm of relation vector: 0.10293
2017-03-21 02:52:50,056 INFO: 	COST >> 0.072 +/- 0.002, % updates Left: 4.68% Rel: 1.36% Right: 4.06%
2017-03-21 02:54:16,116 INFO: ----------------------------------------------------------------------------
2017-03-21 02:54:16,116 INFO: EPOCH 64 (86.06 seconds):
2017-03-21 02:54:16,118 INFO: 	Average L2 norm of relation vector: 0.10281
2017-03-21 02:54:16,118 INFO: 	COST >> 0.072 +/- 0.002, % updates Left: 4.61% Rel: 1.33% Right: 4.03%
2017-03-21 02:55:45,230 INFO: ----------------------------------------------------------------------------
2017-03-21 02:55:45,230 INFO: EPOCH 65 (89.112 seconds):
2017-03-21 02:55:45,232 INFO: 	Average L2 norm of relation vector: 0.10269
2017-03-21 02:55:45,232 INFO: 	COST >> 0.071 +/- 0.002, % updates Left: 4.6% Rel: 1.35% Right: 3.96%
2017-03-21 02:57:21,478 INFO: ----------------------------------------------------------------------------
2017-03-21 02:57:21,478 INFO: EPOCH 66 (96.245 seconds):
2017-03-21 02:57:21,479 INFO: 	Average L2 norm of relation vector: 0.10256
2017-03-21 02:57:21,480 INFO: 	COST >> 0.07 +/- 0.002, % updates Left: 4.54% Rel: 1.3% Right: 3.92%
2017-03-21 02:58:57,214 INFO: ----------------------------------------------------------------------------
2017-03-21 02:58:57,215 INFO: EPOCH 67 (95.734 seconds):
2017-03-21 02:58:57,216 INFO: 	Average L2 norm of relation vector: 0.10248
2017-03-21 02:58:57,217 INFO: 	COST >> 0.074 +/- 0.012, % updates Left: 4.6% Rel: 1.54% Right: 4.16%
2017-03-21 03:00:33,025 INFO: ----------------------------------------------------------------------------
2017-03-21 03:00:33,025 INFO: EPOCH 68 (95.808 seconds):
2017-03-21 03:00:33,027 INFO: 	Average L2 norm of relation vector: 0.10249
2017-03-21 03:00:33,028 INFO: 	COST >> 0.079 +/- 0.009, % updates Left: 5.02% Rel: 1.71% Right: 4.87%
2017-03-21 03:02:02,085 INFO: ----------------------------------------------------------------------------
2017-03-21 03:02:02,086 INFO: EPOCH 69 (89.058 seconds):
2017-03-21 03:02:02,087 INFO: 	Average L2 norm of relation vector: 0.10238
2017-03-21 03:02:02,088 INFO: 	COST >> 0.071 +/- 0.002, % updates Left: 4.63% Rel: 1.32% Right: 4.04%
2017-03-21 03:03:25,759 INFO: ----------------------------------------------------------------------------
2017-03-21 03:03:25,759 INFO: EPOCH 70 (83.671 seconds):
2017-03-21 03:03:25,760 INFO: 	Average L2 norm of relation vector: 0.10226
2017-03-21 03:03:25,761 INFO: 	COST >> 0.07 +/- 0.002, % updates Left: 4.51% Rel: 1.3% Right: 3.91%
2017-03-21 03:03:25,761 INFO: 	FilteredRanking: evaluating rank on 1000 triples
2017-03-21 03:05:33,266 INFO: 	FilteredRanking: evaluating rank on 1000 triples
2017-03-21 03:07:44,068 INFO: 	MEAN RANK >> valid: 92.4, train: 35.5
2017-03-21 03:07:44,069 INFO: 		MEAN RANK TRAIN: Left: 38.0 Rel: 722.6 Right: 32.9
2017-03-21 03:07:44,069 INFO: 		MEAN RANK VALID: Left: 106.6 Rel: 736.9 Right: 78.2
2017-03-21 03:07:44,069 INFO: 		MEAN RECIPROCAL RANK VALID (L & R): 0.251
2017-03-21 03:07:44,070 INFO: 	FilteredRanking: evaluating rank on 1000 triples
2017-03-21 03:09:53,748 INFO: 	NEW BEST TEST MR: 68.6
2017-03-21 03:09:53,749 INFO: 		Left MR: 70.7 Rel MR: 732.2 Right MR: 66.6
2017-03-21 03:09:53,852 INFO: 	(ranking took 388.091 seconds)
2017-03-21 03:11:24,534 INFO: ----------------------------------------------------------------------------
2017-03-21 03:11:24,535 INFO: EPOCH 71 (90.683 seconds):
2017-03-21 03:11:24,536 INFO: 	Average L2 norm of relation vector: 0.10213
2017-03-21 03:11:24,537 INFO: 	COST >> 0.069 +/- 0.002, % updates Left: 4.49% Rel: 1.3% Right: 3.87%
2017-03-21 03:12:45,617 INFO: ----------------------------------------------------------------------------
2017-03-21 03:12:45,617 INFO: EPOCH 72 (81.08 seconds):
2017-03-21 03:12:45,618 INFO: 	Average L2 norm of relation vector: 0.10199
2017-03-21 03:12:45,619 INFO: 	COST >> 0.069 +/- 0.002, % updates Left: 4.45% Rel: 1.3% Right: 3.83%
2017-03-21 03:14:06,295 INFO: ----------------------------------------------------------------------------
2017-03-21 03:14:06,296 INFO: EPOCH 73 (80.677 seconds):
2017-03-21 03:14:06,297 INFO: 	Average L2 norm of relation vector: 0.10186
2017-03-21 03:14:06,297 INFO: 	COST >> 0.069 +/- 0.002, % updates Left: 4.41% Rel: 1.3% Right: 3.82%
2017-03-21 03:15:27,344 INFO: ----------------------------------------------------------------------------
2017-03-21 03:15:27,345 INFO: EPOCH 74 (81.047 seconds):
2017-03-21 03:15:27,346 INFO: 	Average L2 norm of relation vector: 0.10173
2017-03-21 03:15:27,347 INFO: 	COST >> 0.068 +/- 0.002, % updates Left: 4.35% Rel: 1.29% Right: 3.82%
2017-03-21 03:16:56,667 INFO: ----------------------------------------------------------------------------
2017-03-21 03:16:56,667 INFO: EPOCH 75 (89.321 seconds):
2017-03-21 03:16:56,669 INFO: 	Average L2 norm of relation vector: 0.10159
2017-03-21 03:16:56,670 INFO: 	COST >> 0.067 +/- 0.002, % updates Left: 4.3% Rel: 1.29% Right: 3.79%
2017-03-21 03:18:24,761 INFO: ----------------------------------------------------------------------------
2017-03-21 03:18:24,761 INFO: EPOCH 76 (88.091 seconds):
2017-03-21 03:18:24,763 INFO: 	Average L2 norm of relation vector: 0.10146
2017-03-21 03:18:24,763 INFO: 	COST >> 0.068 +/- 0.002, % updates Left: 4.35% Rel: 1.31% Right: 3.76%
2017-03-21 03:19:52,168 INFO: ----------------------------------------------------------------------------
2017-03-21 03:19:52,171 INFO: EPOCH 77 (87.407 seconds):
2017-03-21 03:19:52,172 INFO: 	Average L2 norm of relation vector: 0.10136
2017-03-21 03:19:52,173 INFO: 	COST >> 0.071 +/- 0.009, % updates Left: 4.49% Rel: 1.45% Right: 3.98%
2017-03-21 03:21:19,586 INFO: ----------------------------------------------------------------------------
2017-03-21 03:21:19,586 INFO: EPOCH 78 (87.413 seconds):
2017-03-21 03:21:19,587 INFO: 	Average L2 norm of relation vector: 0.10125
2017-03-21 03:21:19,588 INFO: 	COST >> 0.068 +/- 0.002, % updates Left: 4.37% Rel: 1.31% Right: 3.83%
2017-03-21 03:22:47,831 INFO: ----------------------------------------------------------------------------
2017-03-21 03:22:47,831 INFO: EPOCH 79 (88.243 seconds):
2017-03-21 03:22:47,833 INFO: 	Average L2 norm of relation vector: 0.10111
2017-03-21 03:22:47,833 INFO: 	COST >> 0.067 +/- 0.002, % updates Left: 4.34% Rel: 1.26% Right: 3.71%
2017-03-21 03:24:08,144 INFO: ----------------------------------------------------------------------------
2017-03-21 03:24:08,145 INFO: EPOCH 80 (80.311 seconds):
2017-03-21 03:24:08,146 INFO: 	Average L2 norm of relation vector: 0.10099
2017-03-21 03:24:08,147 INFO: 	COST >> 0.067 +/- 0.002, % updates Left: 4.29% Rel: 1.3% Right: 3.72%
2017-03-21 03:24:08,147 INFO: 	FilteredRanking: evaluating rank on 1000 triples
2017-03-21 03:26:09,375 INFO: 	FilteredRanking: evaluating rank on 1000 triples
2017-03-21 03:28:19,021 INFO: 	MEAN RANK >> valid: 87.6, train: 32.6
2017-03-21 03:28:19,022 INFO: 		MEAN RANK TRAIN: Left: 35.4 Rel: 722.6 Right: 29.8
2017-03-21 03:28:19,022 INFO: 		MEAN RANK VALID: Left: 102.5 Rel: 736.9 Right: 72.6
2017-03-21 03:28:19,022 INFO: 		MEAN RECIPROCAL RANK VALID (L & R): 0.266
2017-03-21 03:28:19,022 INFO: 	FilteredRanking: evaluating rank on 1000 triples
2017-03-21 03:30:30,095 INFO: 	NEW BEST TEST MR: 64.8
2017-03-21 03:30:30,096 INFO: 		Left MR: 70.4 Rel MR: 732.2 Right MR: 59.2
2017-03-21 03:30:30,221 INFO: 	(ranking took 382.073 seconds)
2017-03-21 03:32:00,282 INFO: ----------------------------------------------------------------------------
2017-03-21 03:32:00,282 INFO: EPOCH 81 (90.061 seconds):
2017-03-21 03:32:00,283 INFO: 	Average L2 norm of relation vector: 0.10086
2017-03-21 03:32:00,284 INFO: 	COST >> 0.066 +/- 0.002, % updates Left: 4.29% Rel: 1.32% Right: 3.68%
2017-03-21 03:33:28,539 INFO: ----------------------------------------------------------------------------
2017-03-21 03:33:28,539 INFO: EPOCH 82 (88.255 seconds):
2017-03-21 03:33:28,541 INFO: 	Average L2 norm of relation vector: 0.10073
2017-03-21 03:33:28,542 INFO: 	COST >> 0.066 +/- 0.002, % updates Left: 4.28% Rel: 1.3% Right: 3.68%
2017-03-21 03:34:51,803 INFO: ----------------------------------------------------------------------------
2017-03-21 03:34:51,803 INFO: EPOCH 83 (83.261 seconds):
2017-03-21 03:34:51,804 INFO: 	Average L2 norm of relation vector: 0.10061
2017-03-21 03:34:51,805 INFO: 	COST >> 0.066 +/- 0.002, % updates Left: 4.23% Rel: 1.32% Right: 3.7%
2017-03-21 03:36:12,255 INFO: ----------------------------------------------------------------------------
2017-03-21 03:36:12,255 INFO: EPOCH 84 (80.45 seconds):
2017-03-21 03:36:12,257 INFO: 	Average L2 norm of relation vector: 0.10048
2017-03-21 03:36:12,257 INFO: 	COST >> 0.065 +/- 0.002, % updates Left: 4.18% Rel: 1.29% Right: 3.61%
2017-03-21 03:37:35,385 INFO: ----------------------------------------------------------------------------
2017-03-21 03:37:35,385 INFO: EPOCH 85 (83.128 seconds):
2017-03-21 03:37:35,387 INFO: 	Average L2 norm of relation vector: 0.10035
2017-03-21 03:37:35,388 INFO: 	COST >> 0.065 +/- 0.002, % updates Left: 4.12% Rel: 1.3% Right: 3.63%
2017-03-21 03:39:06,289 INFO: ----------------------------------------------------------------------------
2017-03-21 03:39:06,289 INFO: EPOCH 86 (90.901 seconds):
2017-03-21 03:39:06,291 INFO: 	Average L2 norm of relation vector: 0.10021
2017-03-21 03:39:06,291 INFO: 	COST >> 0.065 +/- 0.002, % updates Left: 4.07% Rel: 1.28% Right: 3.6%
2017-03-21 03:40:33,993 INFO: ----------------------------------------------------------------------------
2017-03-21 03:40:33,993 INFO: EPOCH 87 (87.702 seconds):
2017-03-21 03:40:33,994 INFO: 	Average L2 norm of relation vector: 0.10008
2017-03-21 03:40:33,995 INFO: 	COST >> 0.065 +/- 0.002, % updates Left: 4.17% Rel: 1.32% Right: 3.6%
2017-03-21 03:42:01,421 INFO: ----------------------------------------------------------------------------
2017-03-21 03:42:01,424 INFO: EPOCH 88 (87.429 seconds):
2017-03-21 03:42:01,426 INFO: 	Average L2 norm of relation vector: 0.09995
2017-03-21 03:42:01,427 INFO: 	COST >> 0.064 +/- 0.002, % updates Left: 4.1% Rel: 1.31% Right: 3.6%
2017-03-21 03:43:29,643 INFO: ----------------------------------------------------------------------------
2017-03-21 03:43:29,643 INFO: EPOCH 89 (88.216 seconds):
2017-03-21 03:43:29,645 INFO: 	Average L2 norm of relation vector: 0.09983
2017-03-21 03:43:29,646 INFO: 	COST >> 0.064 +/- 0.002, % updates Left: 4.13% Rel: 1.3% Right: 3.63%
2017-03-21 03:44:54,805 INFO: ----------------------------------------------------------------------------
2017-03-21 03:44:54,805 INFO: EPOCH 90 (85.159 seconds):
2017-03-21 03:44:54,807 INFO: 	Average L2 norm of relation vector: 0.0997
2017-03-21 03:44:54,807 INFO: 	COST >> 0.064 +/- 0.002, % updates Left: 4.09% Rel: 1.28% Right: 3.54%
2017-03-21 03:44:54,808 INFO: 	FilteredRanking: evaluating rank on 1000 triples
2017-03-21 03:46:57,182 INFO: 	FilteredRanking: evaluating rank on 1000 triples
2017-03-21 03:49:02,563 INFO: 	MEAN RANK >> valid: 77.9, train: 30.4
2017-03-21 03:49:02,564 INFO: 		MEAN RANK TRAIN: Left: 32.1 Rel: 722.6 Right: 28.8
2017-03-21 03:49:02,564 INFO: 		MEAN RANK VALID: Left: 88.1 Rel: 736.9 Right: 67.8
2017-03-21 03:49:02,564 INFO: 		MEAN RECIPROCAL RANK VALID (L & R): 0.2735
2017-03-21 03:49:02,564 INFO: 	FilteredRanking: evaluating rank on 1000 triples
2017-03-21 03:51:15,257 INFO: 	NEW BEST TEST MR: 64.4
2017-03-21 03:51:15,258 INFO: 		Left MR: 65.2 Rel MR: 732.2 Right MR: 63.6
2017-03-21 03:51:15,364 INFO: 	(ranking took 380.556 seconds)
2017-03-21 03:52:46,521 INFO: ----------------------------------------------------------------------------
2017-03-21 03:52:46,521 INFO: EPOCH 91 (91.158 seconds):
2017-03-21 03:52:46,523 INFO: 	Average L2 norm of relation vector: 0.09958
2017-03-21 03:52:46,523 INFO: 	COST >> 0.064 +/- 0.002, % updates Left: 4.07% Rel: 1.3% Right: 3.55%
2017-03-21 03:54:14,742 INFO: ----------------------------------------------------------------------------
2017-03-21 03:54:14,743 INFO: EPOCH 92 (88.219 seconds):
2017-03-21 03:54:14,744 INFO: 	Average L2 norm of relation vector: 0.09946
2017-03-21 03:54:14,745 INFO: 	COST >> 0.064 +/- 0.002, % updates Left: 4.08% Rel: 1.29% Right: 3.56%
2017-03-21 03:55:41,080 INFO: ----------------------------------------------------------------------------
2017-03-21 03:55:41,081 INFO: EPOCH 93 (86.336 seconds):
2017-03-21 03:55:41,082 INFO: 	Average L2 norm of relation vector: 0.09933
2017-03-21 03:55:41,083 INFO: 	COST >> 0.063 +/- 0.002, % updates Left: 4.04% Rel: 1.26% Right: 3.51%
2017-03-21 03:57:03,412 INFO: ----------------------------------------------------------------------------
2017-03-21 03:57:03,412 INFO: EPOCH 94 (82.329 seconds):
2017-03-21 03:57:03,414 INFO: 	Average L2 norm of relation vector: 0.0992
2017-03-21 03:57:03,414 INFO: 	COST >> 0.063 +/- 0.002, % updates Left: 4.06% Rel: 1.3% Right: 3.51%
2017-03-21 03:58:23,893 INFO: ----------------------------------------------------------------------------
2017-03-21 03:58:23,893 INFO: EPOCH 95 (80.478 seconds):
2017-03-21 03:58:23,894 INFO: 	Average L2 norm of relation vector: 0.09907
2017-03-21 03:58:23,894 INFO: 	COST >> 0.063 +/- 0.002, % updates Left: 4.0% Rel: 1.27% Right: 3.5%
2017-03-21 03:59:48,433 INFO: ----------------------------------------------------------------------------
2017-03-21 03:59:48,433 INFO: EPOCH 96 (84.539 seconds):
2017-03-21 03:59:48,435 INFO: 	Average L2 norm of relation vector: 0.09894
2017-03-21 03:59:48,436 INFO: 	COST >> 0.062 +/- 0.002, % updates Left: 4.01% Rel: 1.26% Right: 3.48%
2017-03-21 04:01:16,234 INFO: ----------------------------------------------------------------------------
2017-03-21 04:01:16,235 INFO: EPOCH 97 (87.798 seconds):
2017-03-21 04:01:16,236 INFO: 	Average L2 norm of relation vector: 0.09882
2017-03-21 04:01:16,236 INFO: 	COST >> 0.063 +/- 0.002, % updates Left: 4.02% Rel: 1.29% Right: 3.48%
2017-03-21 04:02:43,362 INFO: ----------------------------------------------------------------------------
2017-03-21 04:02:43,363 INFO: EPOCH 98 (87.126 seconds):
2017-03-21 04:02:43,365 INFO: 	Average L2 norm of relation vector: 0.09869
2017-03-21 04:02:43,365 INFO: 	COST >> 0.062 +/- 0.002, % updates Left: 3.99% Rel: 1.27% Right: 3.47%
2017-03-21 04:04:09,922 INFO: ----------------------------------------------------------------------------
2017-03-21 04:04:09,922 INFO: EPOCH 99 (86.557 seconds):
2017-03-21 04:04:09,925 INFO: 	Average L2 norm of relation vector: 0.09861
2017-03-21 04:04:09,926 INFO: 	COST >> 0.066 +/- 0.008, % updates Left: 4.19% Rel: 1.44% Right: 3.7%
2017-03-21 04:05:36,033 INFO: ----------------------------------------------------------------------------
2017-03-21 04:05:36,033 INFO: EPOCH 100 (86.107 seconds):
2017-03-21 04:05:36,035 INFO: 	Average L2 norm of relation vector: 0.0985
2017-03-21 04:05:36,035 INFO: 	COST >> 0.062 +/- 0.002, % updates Left: 4.02% Rel: 1.27% Right: 3.55%
2017-03-21 04:05:36,036 INFO: 	FilteredRanking: evaluating rank on 1000 triples
2017-03-21 04:07:40,419 INFO: 	FilteredRanking: evaluating rank on 1000 triples
2017-03-21 04:09:47,721 INFO: 	MEAN RANK >> valid: 81.9, train: 28.2
2017-03-21 04:09:47,721 INFO: 		MEAN RANK TRAIN: Left: 29.1 Rel: 722.6 Right: 27.2
2017-03-21 04:09:47,722 INFO: 		MEAN RANK VALID: Left: 98.4 Rel: 736.9 Right: 65.3
2017-03-21 04:09:47,722 INFO: 		MEAN RECIPROCAL RANK VALID (L & R): 0.284
2017-03-21 04:09:47,723 INFO: 	FilteredRanking: evaluating rank on 1000 triples
2017-03-21 04:11:59,258 INFO: 	NEW BEST TEST MR: 62.5
2017-03-21 04:11:59,258 INFO: 		Left MR: 66.2 Rel MR: 732.2 Right MR: 58.7
2017-03-21 04:11:59,354 INFO: 	(ranking took 383.318 seconds)
2017-03-21 04:13:33,388 INFO: ----------------------------------------------------------------------------
2017-03-21 04:13:33,389 INFO: EPOCH 101 (94.035 seconds):
2017-03-21 04:13:33,390 INFO: 	Average L2 norm of relation vector: 0.09837
2017-03-21 04:13:33,390 INFO: 	COST >> 0.062 +/- 0.002, % updates Left: 3.94% Rel: 1.28% Right: 3.47%
2017-03-21 04:14:59,989 INFO: ----------------------------------------------------------------------------
2017-03-21 04:14:59,990 INFO: EPOCH 102 (86.599 seconds):
2017-03-21 04:14:59,991 INFO: 	Average L2 norm of relation vector: 0.09826
2017-03-21 04:14:59,991 INFO: 	COST >> 0.061 +/- 0.002, % updates Left: 3.95% Rel: 1.31% Right: 3.46%
2017-03-21 04:16:25,754 INFO: ----------------------------------------------------------------------------
2017-03-21 04:16:25,754 INFO: EPOCH 103 (85.762 seconds):
2017-03-21 04:16:25,755 INFO: 	Average L2 norm of relation vector: 0.09813
2017-03-21 04:16:25,756 INFO: 	COST >> 0.062 +/- 0.002, % updates Left: 4.0% Rel: 1.3% Right: 3.41%
2017-03-21 04:17:44,859 INFO: ----------------------------------------------------------------------------
2017-03-21 04:17:44,860 INFO: EPOCH 104 (79.103 seconds):
2017-03-21 04:17:44,861 INFO: 	Average L2 norm of relation vector: 0.09804
2017-03-21 04:17:44,862 INFO: 	COST >> 0.062 +/- 0.002, % updates Left: 4.03% Rel: 1.32% Right: 3.48%
2017-03-21 04:19:04,647 INFO: ----------------------------------------------------------------------------
2017-03-21 04:19:04,648 INFO: EPOCH 105 (79.786 seconds):
2017-03-21 04:19:04,649 INFO: 	Average L2 norm of relation vector: 0.09793
2017-03-21 04:19:04,650 INFO: 	COST >> 0.061 +/- 0.002, % updates Left: 3.95% Rel: 1.28% Right: 3.42%
2017-03-21 04:20:27,948 INFO: ----------------------------------------------------------------------------
2017-03-21 04:20:27,948 INFO: EPOCH 106 (83.298 seconds):
2017-03-21 04:20:27,950 INFO: 	Average L2 norm of relation vector: 0.09781
2017-03-21 04:20:27,951 INFO: 	COST >> 0.062 +/- 0.007, % updates Left: 3.93% Rel: 1.35% Right: 3.48%
2017-03-21 04:21:54,294 INFO: ----------------------------------------------------------------------------
2017-03-21 04:21:54,294 INFO: EPOCH 107 (86.343 seconds):
2017-03-21 04:21:54,295 INFO: 	Average L2 norm of relation vector: 0.09774
2017-03-21 04:21:54,296 INFO: 	COST >> 0.062 +/- 0.003, % updates Left: 4.1% Rel: 1.31% Right: 3.58%
2017-03-21 04:23:20,496 INFO: ----------------------------------------------------------------------------
2017-03-21 04:23:20,496 INFO: EPOCH 108 (86.2 seconds):
2017-03-21 04:23:20,497 INFO: 	Average L2 norm of relation vector: 0.09764
2017-03-21 04:23:20,498 INFO: 	COST >> 0.061 +/- 0.002, % updates Left: 3.97% Rel: 1.3% Right: 3.45%
2017-03-21 04:24:46,828 INFO: ----------------------------------------------------------------------------
2017-03-21 04:24:46,828 INFO: EPOCH 109 (86.33 seconds):
2017-03-21 04:24:46,829 INFO: 	Average L2 norm of relation vector: 0.09753
2017-03-21 04:24:46,830 INFO: 	COST >> 0.06 +/- 0.002, % updates Left: 3.9% Rel: 1.31% Right: 3.39%
2017-03-21 04:26:13,129 INFO: ----------------------------------------------------------------------------
2017-03-21 04:26:13,129 INFO: EPOCH 110 (86.299 seconds):
2017-03-21 04:26:13,130 INFO: 	Average L2 norm of relation vector: 0.09742
2017-03-21 04:26:13,130 INFO: 	COST >> 0.06 +/- 0.002, % updates Left: 3.89% Rel: 1.28% Right: 3.38%
2017-03-21 04:26:13,130 INFO: 	FilteredRanking: evaluating rank on 1000 triples
2017-03-21 04:28:16,847 INFO: 	FilteredRanking: evaluating rank on 1000 triples
2017-03-21 04:30:25,877 INFO: 	MEAN RANK >> valid: 78.2, train: 26.4
2017-03-21 04:30:25,878 INFO: 		MEAN RANK TRAIN: Left: 27.2 Rel: 722.6 Right: 25.6
2017-03-21 04:30:25,879 INFO: 		MEAN RANK VALID: Left: 90.7 Rel: 736.9 Right: 65.7
2017-03-21 04:30:25,879 INFO: 		MEAN RECIPROCAL RANK VALID (L & R): 0.2915
2017-03-21 04:30:25,879 INFO: 	FilteredRanking: evaluating rank on 1000 triples
2017-03-21 04:32:36,704 INFO: 	NEW BEST TEST MR: 59.2
2017-03-21 04:32:36,705 INFO: 		Left MR: 63.0 Rel MR: 732.2 Right MR: 55.5
2017-03-21 04:32:36,800 INFO: 	(ranking took 383.669 seconds)
2017-03-21 04:34:05,303 INFO: ----------------------------------------------------------------------------
2017-03-21 04:34:05,305 INFO: EPOCH 111 (88.505 seconds):
2017-03-21 04:34:05,307 INFO: 	Average L2 norm of relation vector: 0.09732
2017-03-21 04:34:05,307 INFO: 	COST >> 0.06 +/- 0.002, % updates Left: 3.92% Rel: 1.3% Right: 3.37%
2017-03-21 04:35:31,139 INFO: ----------------------------------------------------------------------------
2017-03-21 04:35:31,139 INFO: EPOCH 112 (85.831 seconds):
2017-03-21 04:35:31,140 INFO: 	Average L2 norm of relation vector: 0.09721
2017-03-21 04:35:31,141 INFO: 	COST >> 0.06 +/- 0.002, % updates Left: 3.88% Rel: 1.27% Right: 3.36%
2017-03-21 04:36:53,538 INFO: ----------------------------------------------------------------------------
2017-03-21 04:36:53,538 INFO: EPOCH 113 (82.397 seconds):
2017-03-21 04:36:53,540 INFO: 	Average L2 norm of relation vector: 0.09709
2017-03-21 04:36:53,540 INFO: 	COST >> 0.059 +/- 0.002, % updates Left: 3.8% Rel: 1.27% Right: 3.33%
2017-03-21 04:38:13,090 INFO: ----------------------------------------------------------------------------
2017-03-21 04:38:13,090 INFO: EPOCH 114 (79.549 seconds):
2017-03-21 04:38:13,091 INFO: 	Average L2 norm of relation vector: 0.09698
2017-03-21 04:38:13,091 INFO: 	COST >> 0.059 +/- 0.002, % updates Left: 3.86% Rel: 1.3% Right: 3.34%
2017-03-21 04:39:31,546 INFO: ----------------------------------------------------------------------------
2017-03-21 04:39:31,546 INFO: EPOCH 115 (78.455 seconds):
2017-03-21 04:39:31,547 INFO: 	Average L2 norm of relation vector: 0.09688
2017-03-21 04:39:31,548 INFO: 	COST >> 0.059 +/- 0.002, % updates Left: 3.83% Rel: 1.27% Right: 3.3%
2017-03-21 04:40:58,344 INFO: ----------------------------------------------------------------------------
2017-03-21 04:40:58,344 INFO: EPOCH 116 (86.796 seconds):
2017-03-21 04:40:58,346 INFO: 	Average L2 norm of relation vector: 0.09677
2017-03-21 04:40:58,346 INFO: 	COST >> 0.059 +/- 0.002, % updates Left: 3.79% Rel: 1.29% Right: 3.32%
2017-03-21 04:42:24,861 INFO: ----------------------------------------------------------------------------
2017-03-21 04:42:24,866 INFO: EPOCH 117 (86.519 seconds):
2017-03-21 04:42:24,869 INFO: 	Average L2 norm of relation vector: 0.09665
2017-03-21 04:42:24,870 INFO: 	COST >> 0.058 +/- 0.002, % updates Left: 3.79% Rel: 1.27% Right: 3.26%
2017-03-21 04:43:51,042 INFO: ----------------------------------------------------------------------------
2017-03-21 04:43:51,042 INFO: EPOCH 118 (86.171 seconds):
2017-03-21 04:43:51,043 INFO: 	Average L2 norm of relation vector: 0.09654
2017-03-21 04:43:51,044 INFO: 	COST >> 0.058 +/- 0.002, % updates Left: 3.74% Rel: 1.27% Right: 3.28%
2017-03-21 04:45:16,772 INFO: ----------------------------------------------------------------------------
2017-03-21 04:45:16,772 INFO: EPOCH 119 (85.728 seconds):
2017-03-21 04:45:16,773 INFO: 	Average L2 norm of relation vector: 0.09664
2017-03-21 04:45:16,774 INFO: 	COST >> 0.071 +/- 0.014, % updates Left: 4.33% Rel: 1.96% Right: 4.41%
2017-03-21 04:46:42,371 INFO: ----------------------------------------------------------------------------
2017-03-21 04:46:42,371 INFO: EPOCH 120 (85.597 seconds):
2017-03-21 04:46:42,373 INFO: 	Average L2 norm of relation vector: 0.09658
2017-03-21 04:46:42,373 INFO: 	COST >> 0.061 +/- 0.004, % updates Left: 4.05% Rel: 1.41% Right: 3.65%
2017-03-21 04:46:42,373 INFO: 	FilteredRanking: evaluating rank on 1000 triples
2017-03-21 04:48:45,176 INFO: 	FilteredRanking: evaluating rank on 1000 triples
2017-03-21 04:50:49,996 INFO: 	MEAN RANK >> valid: 75.2, train: 24.5
2017-03-21 04:50:49,997 INFO: 		MEAN RANK TRAIN: Left: 27.1 Rel: 722.6 Right: 21.9
2017-03-21 04:50:49,997 INFO: 		MEAN RANK VALID: Left: 89.2 Rel: 736.9 Right: 61.2
2017-03-21 04:50:49,997 INFO: 		MEAN RECIPROCAL RANK VALID (L & R): 0.2955
2017-03-21 04:50:49,997 INFO: 	FilteredRanking: evaluating rank on 1000 triples
2017-03-21 04:53:00,756 INFO: 	NEW BEST TEST MR: 50.2
2017-03-21 04:53:00,757 INFO: 		Left MR: 57.5 Rel MR: 732.2 Right MR: 42.9
2017-03-21 04:53:00,859 INFO: 	(ranking took 378.486 seconds)
2017-03-21 04:54:29,397 INFO: ----------------------------------------------------------------------------
2017-03-21 04:54:29,397 INFO: EPOCH 121 (88.538 seconds):
2017-03-21 04:54:29,399 INFO: 	Average L2 norm of relation vector: 0.09648
2017-03-21 04:54:29,399 INFO: 	COST >> 0.062 +/- 0.007, % updates Left: 4.01% Rel: 1.4% Right: 3.47%
2017-03-21 04:55:55,492 INFO: ----------------------------------------------------------------------------
2017-03-21 04:55:55,492 INFO: EPOCH 122 (86.093 seconds):
2017-03-21 04:55:55,494 INFO: 	Average L2 norm of relation vector: 0.09638
2017-03-21 04:55:55,494 INFO: 	COST >> 0.059 +/- 0.002, % updates Left: 3.84% Rel: 1.25% Right: 3.39%
2017-03-21 04:57:20,342 INFO: ----------------------------------------------------------------------------
2017-03-21 04:57:20,342 INFO: EPOCH 123 (84.847 seconds):
2017-03-21 04:57:20,343 INFO: 	Average L2 norm of relation vector: 0.09629
2017-03-21 04:57:20,344 INFO: 	COST >> 0.058 +/- 0.002, % updates Left: 3.81% Rel: 1.25% Right: 3.33%
2017-03-21 04:58:40,521 INFO: ----------------------------------------------------------------------------
2017-03-21 04:58:40,522 INFO: EPOCH 124 (80.178 seconds):
2017-03-21 04:58:40,523 INFO: 	Average L2 norm of relation vector: 0.09618
2017-03-21 04:58:40,524 INFO: 	COST >> 0.058 +/- 0.002, % updates Left: 3.74% Rel: 1.27% Right: 3.31%
2017-03-21 04:59:58,806 INFO: ----------------------------------------------------------------------------
2017-03-21 04:59:58,806 INFO: EPOCH 125 (78.282 seconds):
2017-03-21 04:59:58,808 INFO: 	Average L2 norm of relation vector: 0.09608
2017-03-21 04:59:58,808 INFO: 	COST >> 0.058 +/- 0.002, % updates Left: 3.73% Rel: 1.26% Right: 3.25%
2017-03-21 05:01:22,849 INFO: ----------------------------------------------------------------------------
2017-03-21 05:01:22,849 INFO: EPOCH 126 (84.041 seconds):
2017-03-21 05:01:22,851 INFO: 	Average L2 norm of relation vector: 0.09596
2017-03-21 05:01:22,852 INFO: 	COST >> 0.058 +/- 0.002, % updates Left: 3.73% Rel: 1.28% Right: 3.26%
2017-03-21 05:02:49,993 INFO: ----------------------------------------------------------------------------
2017-03-21 05:02:49,993 INFO: EPOCH 127 (87.141 seconds):
2017-03-21 05:02:49,994 INFO: 	Average L2 norm of relation vector: 0.09585
2017-03-21 05:02:49,995 INFO: 	COST >> 0.058 +/- 0.002, % updates Left: 3.73% Rel: 1.28% Right: 3.24%
2017-03-21 05:04:15,882 INFO: ----------------------------------------------------------------------------
2017-03-21 05:04:15,882 INFO: EPOCH 128 (85.887 seconds):
2017-03-21 05:04:15,883 INFO: 	Average L2 norm of relation vector: 0.09575
2017-03-21 05:04:15,884 INFO: 	COST >> 0.058 +/- 0.002, % updates Left: 3.7% Rel: 1.28% Right: 3.25%
2017-03-21 05:05:41,642 INFO: ----------------------------------------------------------------------------
2017-03-21 05:05:41,643 INFO: EPOCH 129 (85.758 seconds):
2017-03-21 05:05:41,644 INFO: 	Average L2 norm of relation vector: 0.09564
2017-03-21 05:05:41,644 INFO: 	COST >> 0.057 +/- 0.002, % updates Left: 3.69% Rel: 1.28% Right: 3.2%
2017-03-21 05:07:07,694 INFO: ----------------------------------------------------------------------------
2017-03-21 05:07:07,695 INFO: EPOCH 130 (86.051 seconds):
2017-03-21 05:07:07,696 INFO: 	Average L2 norm of relation vector: 0.09555
2017-03-21 05:07:07,696 INFO: 	COST >> 0.057 +/- 0.002, % updates Left: 3.74% Rel: 1.28% Right: 3.23%
2017-03-21 05:07:07,696 INFO: 	FilteredRanking: evaluating rank on 1000 triples
2017-03-21 05:09:12,027 INFO: 	FilteredRanking: evaluating rank on 1000 triples
2017-03-21 05:11:15,940 INFO: 	MEAN RANK >> valid: 75.5, train: 23.7
2017-03-21 05:11:15,941 INFO: 		MEAN RANK TRAIN: Left: 24.2 Rel: 722.6 Right: 23.2
2017-03-21 05:11:15,942 INFO: 		MEAN RANK VALID: Left: 86.4 Rel: 736.9 Right: 64.6
2017-03-21 05:11:15,942 INFO: 		MEAN RECIPROCAL RANK VALID (L & R): 0.292
2017-03-21 05:11:15,942 WARNING: 	WARNING, failed to improve MRR on valid, 2 chances left

2017-03-21 05:11:16,061 INFO: 	(ranking took 248.365 seconds)
2017-03-21 05:12:44,496 INFO: ----------------------------------------------------------------------------
2017-03-21 05:12:44,496 INFO: EPOCH 131 (88.435 seconds):
2017-03-21 05:12:44,498 INFO: 	Average L2 norm of relation vector: 0.09544
2017-03-21 05:12:44,498 INFO: 	COST >> 0.057 +/- 0.002, % updates Left: 3.65% Rel: 1.27% Right: 3.24%
2017-03-21 05:14:10,677 INFO: ----------------------------------------------------------------------------
2017-03-21 05:14:10,677 INFO: EPOCH 132 (86.179 seconds):
2017-03-21 05:14:10,679 INFO: 	Average L2 norm of relation vector: 0.09534
2017-03-21 05:14:10,679 INFO: 	COST >> 0.057 +/- 0.002, % updates Left: 3.69% Rel: 1.28% Right: 3.25%
2017-03-21 05:15:36,751 INFO: ----------------------------------------------------------------------------
2017-03-21 05:15:36,751 INFO: EPOCH 133 (86.072 seconds):
2017-03-21 05:15:36,752 INFO: 	Average L2 norm of relation vector: 0.09525
2017-03-21 05:15:36,752 INFO: 	COST >> 0.057 +/- 0.002, % updates Left: 3.72% Rel: 1.25% Right: 3.21%
2017-03-21 05:16:55,815 INFO: ----------------------------------------------------------------------------
2017-03-21 05:16:55,815 INFO: EPOCH 134 (79.062 seconds):
2017-03-21 05:16:55,816 INFO: 	Average L2 norm of relation vector: 0.09515
2017-03-21 05:16:55,816 INFO: 	COST >> 0.057 +/- 0.002, % updates Left: 3.68% Rel: 1.28% Right: 3.2%
2017-03-21 05:18:07,623 INFO: ----------------------------------------------------------------------------
2017-03-21 05:18:07,624 INFO: EPOCH 135 (71.807 seconds):
2017-03-21 05:18:07,625 INFO: 	Average L2 norm of relation vector: 0.09504
2017-03-21 05:18:07,625 INFO: 	COST >> 0.056 +/- 0.002, % updates Left: 3.66% Rel: 1.27% Right: 3.2%
2017-03-21 05:19:14,659 INFO: ----------------------------------------------------------------------------
2017-03-21 05:19:14,659 INFO: EPOCH 136 (67.034 seconds):
2017-03-21 05:19:14,661 INFO: 	Average L2 norm of relation vector: 0.09493
2017-03-21 05:19:14,662 INFO: 	COST >> 0.056 +/- 0.002, % updates Left: 3.59% Rel: 1.27% Right: 3.2%
2017-03-21 05:20:20,220 INFO: ----------------------------------------------------------------------------
2017-03-21 05:20:20,220 INFO: EPOCH 137 (65.558 seconds):
2017-03-21 05:20:20,221 INFO: 	Average L2 norm of relation vector: 0.09484
2017-03-21 05:20:20,222 INFO: 	COST >> 0.056 +/- 0.002, % updates Left: 3.62% Rel: 1.28% Right: 3.17%
2017-03-21 05:21:25,389 INFO: ----------------------------------------------------------------------------
2017-03-21 05:21:25,390 INFO: EPOCH 138 (65.168 seconds):
2017-03-21 05:21:25,391 INFO: 	Average L2 norm of relation vector: 0.09473
2017-03-21 05:21:25,391 INFO: 	COST >> 0.056 +/- 0.002, % updates Left: 3.58% Rel: 1.26% Right: 3.19%
2017-03-21 05:22:33,727 INFO: ----------------------------------------------------------------------------
2017-03-21 05:22:33,727 INFO: EPOCH 139 (68.336 seconds):
2017-03-21 05:22:33,728 INFO: 	Average L2 norm of relation vector: 0.09463
2017-03-21 05:22:33,729 INFO: 	COST >> 0.056 +/- 0.002, % updates Left: 3.59% Rel: 1.29% Right: 3.21%
2017-03-21 05:23:42,985 INFO: ----------------------------------------------------------------------------
2017-03-21 05:23:42,986 INFO: EPOCH 140 (69.257 seconds):
2017-03-21 05:23:42,987 INFO: 	Average L2 norm of relation vector: 0.09453
2017-03-21 05:23:42,987 INFO: 	COST >> 0.056 +/- 0.002, % updates Left: 3.6% Rel: 1.31% Right: 3.18%
2017-03-21 05:23:42,987 INFO: 	FilteredRanking: evaluating rank on 1000 triples
2017-03-21 05:25:28,332 INFO: 	FilteredRanking: evaluating rank on 1000 triples
2017-03-21 05:27:11,932 INFO: 	MEAN RANK >> valid: 76.1, train: 22.9
2017-03-21 05:27:11,932 INFO: 		MEAN RANK TRAIN: Left: 23.7 Rel: 722.6 Right: 22.2
2017-03-21 05:27:11,933 INFO: 		MEAN RANK VALID: Left: 91.4 Rel: 736.9 Right: 60.8
2017-03-21 05:27:11,933 INFO: 		MEAN RECIPROCAL RANK VALID (L & R): 0.31
2017-03-21 05:27:11,933 INFO: 	FilteredRanking: evaluating rank on 1000 triples
2017-03-21 05:28:49,530 INFO: 	NEW BEST TEST MR: 57.0
2017-03-21 05:28:49,530 INFO: 		Left MR: 59.8 Rel MR: 732.2 Right MR: 54.3
2017-03-21 05:28:49,624 INFO: 	(ranking took 306.637 seconds)
2017-03-21 05:29:58,027 INFO: ----------------------------------------------------------------------------
2017-03-21 05:29:58,027 INFO: EPOCH 141 (68.403 seconds):
2017-03-21 05:29:58,029 INFO: 	Average L2 norm of relation vector: 0.09445
2017-03-21 05:29:58,029 INFO: 	COST >> 0.055 +/- 0.002, % updates Left: 3.64% Rel: 1.27% Right: 3.12%
2017-03-21 05:31:08,652 INFO: ----------------------------------------------------------------------------
2017-03-21 05:31:08,653 INFO: EPOCH 142 (70.623 seconds):
2017-03-21 05:31:08,654 INFO: 	Average L2 norm of relation vector: 0.09435
2017-03-21 05:31:08,655 INFO: 	COST >> 0.056 +/- 0.002, % updates Left: 3.62% Rel: 1.27% Right: 3.1%
2017-03-21 05:32:18,215 INFO: ----------------------------------------------------------------------------
2017-03-21 05:32:18,216 INFO: EPOCH 143 (69.561 seconds):
2017-03-21 05:32:18,217 INFO: 	Average L2 norm of relation vector: 0.09426
2017-03-21 05:32:18,217 INFO: 	COST >> 0.055 +/- 0.002, % updates Left: 3.6% Rel: 1.28% Right: 3.18%
2017-03-21 05:33:28,347 INFO: ----------------------------------------------------------------------------
2017-03-21 05:33:28,347 INFO: EPOCH 144 (70.13 seconds):
2017-03-21 05:33:28,348 INFO: 	Average L2 norm of relation vector: 0.09416
2017-03-21 05:33:28,349 INFO: 	COST >> 0.055 +/- 0.002, % updates Left: 3.58% Rel: 1.27% Right: 3.06%
2017-03-21 05:34:37,774 INFO: ----------------------------------------------------------------------------
2017-03-21 05:34:37,775 INFO: EPOCH 145 (69.426 seconds):
2017-03-21 05:34:37,776 INFO: 	Average L2 norm of relation vector: 0.09406
2017-03-21 05:34:37,776 INFO: 	COST >> 0.055 +/- 0.002, % updates Left: 3.59% Rel: 1.26% Right: 3.12%
2017-03-21 05:35:42,170 INFO: ----------------------------------------------------------------------------
2017-03-21 05:35:42,170 INFO: EPOCH 146 (64.394 seconds):
2017-03-21 05:35:42,171 INFO: 	Average L2 norm of relation vector: 0.09409
2017-03-21 05:35:42,172 INFO: 	COST >> 0.061 +/- 0.011, % updates Left: 3.78% Rel: 1.66% Right: 3.64%
2017-03-21 05:36:43,686 INFO: ----------------------------------------------------------------------------
2017-03-21 05:36:43,686 INFO: EPOCH 147 (61.515 seconds):
2017-03-21 05:36:43,687 INFO: 	Average L2 norm of relation vector: 0.09412
2017-03-21 05:36:43,688 INFO: 	COST >> 0.06 +/- 0.005, % updates Left: 3.98% Rel: 1.55% Right: 3.78%
2017-03-21 05:37:49,840 INFO: ----------------------------------------------------------------------------
2017-03-21 05:37:49,840 INFO: EPOCH 148 (66.152 seconds):
2017-03-21 05:37:49,841 INFO: 	Average L2 norm of relation vector: 0.09402
2017-03-21 05:37:49,842 INFO: 	COST >> 0.055 +/- 0.002, % updates Left: 3.62% Rel: 1.27% Right: 3.17%
2017-03-21 05:38:55,848 INFO: ----------------------------------------------------------------------------
2017-03-21 05:38:55,848 INFO: EPOCH 149 (66.006 seconds):
2017-03-21 05:38:55,850 INFO: 	Average L2 norm of relation vector: 0.09392
2017-03-21 05:38:55,850 INFO: 	COST >> 0.055 +/- 0.002, % updates Left: 3.52% Rel: 1.27% Right: 3.12%
2017-03-21 05:40:05,665 INFO: ----------------------------------------------------------------------------
2017-03-21 05:40:05,665 INFO: EPOCH 150 (69.815 seconds):
2017-03-21 05:40:05,667 INFO: 	Average L2 norm of relation vector: 0.09384
2017-03-21 05:40:05,667 INFO: 	COST >> 0.055 +/- 0.002, % updates Left: 3.6% Rel: 1.27% Right: 3.12%
2017-03-21 05:40:05,667 INFO: 	FilteredRanking: evaluating rank on 1000 triples
2017-03-21 05:41:50,971 INFO: 	FilteredRanking: evaluating rank on 1000 triples
2017-03-21 05:43:32,620 INFO: 	MEAN RANK >> valid: 85.4, train: 21.9
2017-03-21 05:43:32,624 INFO: 		MEAN RANK TRAIN: Left: 23.3 Rel: 722.6 Right: 20.5
2017-03-21 05:43:32,625 INFO: 		MEAN RANK VALID: Left: 103.8 Rel: 736.9 Right: 67.0
2017-03-21 05:43:32,625 INFO: 		MEAN RECIPROCAL RANK VALID (L & R): 0.3195
2017-03-21 05:43:32,625 INFO: 	FilteredRanking: evaluating rank on 1000 triples
2017-03-21 05:45:12,392 INFO: 	NEW BEST TEST MR: 56.3
2017-03-21 05:45:12,393 INFO: 		Left MR: 57.0 Rel MR: 732.2 Right MR: 55.5
2017-03-21 05:45:12,485 INFO: 	(ranking took 306.817 seconds)
2017-03-21 05:46:19,459 INFO: ----------------------------------------------------------------------------
2017-03-21 05:46:19,459 INFO: EPOCH 151 (66.974 seconds):
2017-03-21 05:46:19,461 INFO: 	Average L2 norm of relation vector: 0.09374
2017-03-21 05:46:19,461 INFO: 	COST >> 0.055 +/- 0.002, % updates Left: 3.55% Rel: 1.26% Right: 3.12%
2017-03-21 05:47:30,109 INFO: ----------------------------------------------------------------------------
2017-03-21 05:47:30,109 INFO: EPOCH 152 (70.648 seconds):
2017-03-21 05:47:30,110 INFO: 	Average L2 norm of relation vector: 0.09367
2017-03-21 05:47:30,111 INFO: 	COST >> 0.057 +/- 0.007, % updates Left: 3.63% Rel: 1.39% Right: 3.23%
2017-03-21 05:48:39,938 INFO: ----------------------------------------------------------------------------
2017-03-21 05:48:39,938 INFO: EPOCH 153 (69.827 seconds):
2017-03-21 05:48:39,940 INFO: 	Average L2 norm of relation vector: 0.0936
2017-03-21 05:48:39,940 INFO: 	COST >> 0.055 +/- 0.002, % updates Left: 3.63% Rel: 1.27% Right: 3.26%
2017-03-21 05:49:49,465 INFO: ----------------------------------------------------------------------------
2017-03-21 05:49:49,466 INFO: EPOCH 154 (69.525 seconds):
2017-03-21 05:49:49,467 INFO: 	Average L2 norm of relation vector: 0.09352
2017-03-21 05:49:49,467 INFO: 	COST >> 0.055 +/- 0.002, % updates Left: 3.57% Rel: 1.27% Right: 3.12%
2017-03-21 05:50:57,068 INFO: ----------------------------------------------------------------------------
2017-03-21 05:50:57,068 INFO: EPOCH 155 (67.601 seconds):
2017-03-21 05:50:57,069 INFO: 	Average L2 norm of relation vector: 0.09342
2017-03-21 05:50:57,069 INFO: 	COST >> 0.054 +/- 0.002, % updates Left: 3.52% Rel: 1.26% Right: 3.07%
2017-03-21 05:52:02,056 INFO: ----------------------------------------------------------------------------
2017-03-21 05:52:02,056 INFO: EPOCH 156 (64.987 seconds):
2017-03-21 05:52:02,057 INFO: 	Average L2 norm of relation vector: 0.09334
2017-03-21 05:52:02,057 INFO: 	COST >> 0.055 +/- 0.002, % updates Left: 3.56% Rel: 1.29% Right: 3.1%
2017-03-21 05:53:04,451 INFO: ----------------------------------------------------------------------------
2017-03-21 05:53:04,451 INFO: EPOCH 157 (62.393 seconds):
2017-03-21 05:53:04,452 INFO: 	Average L2 norm of relation vector: 0.09325
2017-03-21 05:53:04,452 INFO: 	COST >> 0.054 +/- 0.002, % updates Left: 3.5% Rel: 1.28% Right: 3.06%
2017-03-21 05:54:07,263 INFO: ----------------------------------------------------------------------------
2017-03-21 05:54:07,263 INFO: EPOCH 158 (62.811 seconds):
2017-03-21 05:54:07,264 INFO: 	Average L2 norm of relation vector: 0.09316
2017-03-21 05:54:07,265 INFO: 	COST >> 0.054 +/- 0.002, % updates Left: 3.51% Rel: 1.3% Right: 3.01%
2017-03-21 05:55:09,991 INFO: ----------------------------------------------------------------------------
2017-03-21 05:55:09,991 INFO: EPOCH 159 (62.726 seconds):
2017-03-21 05:55:09,992 INFO: 	Average L2 norm of relation vector: 0.09308
2017-03-21 05:55:09,992 INFO: 	COST >> 0.054 +/- 0.002, % updates Left: 3.52% Rel: 1.29% Right: 3.07%
2017-03-21 05:56:16,221 INFO: ----------------------------------------------------------------------------
2017-03-21 05:56:16,221 INFO: EPOCH 160 (66.228 seconds):
2017-03-21 05:56:16,222 INFO: 	Average L2 norm of relation vector: 0.09299
2017-03-21 05:56:16,222 INFO: 	COST >> 0.054 +/- 0.002, % updates Left: 3.5% Rel: 1.27% Right: 3.04%
2017-03-21 05:56:16,223 INFO: 	FilteredRanking: evaluating rank on 1000 triples
2017-03-21 05:57:55,986 INFO: 	FilteredRanking: evaluating rank on 1000 triples
2017-03-21 05:59:36,519 INFO: 	MEAN RANK >> valid: 91.7, train: 21.5
2017-03-21 05:59:36,520 INFO: 		MEAN RANK TRAIN: Left: 23.9 Rel: 722.6 Right: 19.1
2017-03-21 05:59:36,520 INFO: 		MEAN RANK VALID: Left: 110.7 Rel: 736.9 Right: 72.7
2017-03-21 05:59:36,520 INFO: 		MEAN RECIPROCAL RANK VALID (L & R): 0.3255
2017-03-21 05:59:36,520 INFO: 	FilteredRanking: evaluating rank on 1000 triples
2017-03-21 06:01:15,861 INFO: 	NEW BEST TEST MR: 54.2
2017-03-21 06:01:15,862 INFO: 		Left MR: 59.3 Rel MR: 732.2 Right MR: 49.1
2017-03-21 06:01:15,963 INFO: 	(ranking took 299.74 seconds)
2017-03-21 06:02:20,099 INFO: ----------------------------------------------------------------------------
2017-03-21 06:02:20,099 INFO: EPOCH 161 (64.136 seconds):
2017-03-21 06:02:20,100 INFO: 	Average L2 norm of relation vector: 0.09291
2017-03-21 06:02:20,101 INFO: 	COST >> 0.053 +/- 0.002, % updates Left: 3.46% Rel: 1.26% Right: 2.99%
2017-03-21 06:03:23,266 INFO: ----------------------------------------------------------------------------
2017-03-21 06:03:23,266 INFO: EPOCH 162 (63.165 seconds):
2017-03-21 06:03:23,267 INFO: 	Average L2 norm of relation vector: 0.09283
2017-03-21 06:03:23,267 INFO: 	COST >> 0.054 +/- 0.002, % updates Left: 3.46% Rel: 1.28% Right: 3.08%
2017-03-21 06:04:28,180 INFO: ----------------------------------------------------------------------------
2017-03-21 06:04:28,180 INFO: EPOCH 163 (64.913 seconds):
2017-03-21 06:04:28,181 INFO: 	Average L2 norm of relation vector: 0.09274
2017-03-21 06:04:28,182 INFO: 	COST >> 0.054 +/- 0.001, % updates Left: 3.48% Rel: 1.31% Right: 3.08%
2017-03-21 06:05:34,626 INFO: ----------------------------------------------------------------------------
2017-03-21 06:05:34,626 INFO: EPOCH 164 (66.444 seconds):
2017-03-21 06:05:34,627 INFO: 	Average L2 norm of relation vector: 0.09266
2017-03-21 06:05:34,628 INFO: 	COST >> 0.053 +/- 0.002, % updates Left: 3.47% Rel: 1.28% Right: 3.03%
2017-03-21 06:06:40,983 INFO: ----------------------------------------------------------------------------
2017-03-21 06:06:40,983 INFO: EPOCH 165 (66.356 seconds):
2017-03-21 06:06:40,985 INFO: 	Average L2 norm of relation vector: 0.09258
2017-03-21 06:06:40,985 INFO: 	COST >> 0.053 +/- 0.002, % updates Left: 3.48% Rel: 1.28% Right: 3.02%
2017-03-21 06:07:47,430 INFO: ----------------------------------------------------------------------------
2017-03-21 06:07:47,430 INFO: EPOCH 166 (66.445 seconds):
2017-03-21 06:07:47,432 INFO: 	Average L2 norm of relation vector: 0.09249
2017-03-21 06:07:47,432 INFO: 	COST >> 0.053 +/- 0.002, % updates Left: 3.41% Rel: 1.27% Right: 3.02%
2017-03-21 06:08:53,470 INFO: ----------------------------------------------------------------------------
2017-03-21 06:08:53,471 INFO: EPOCH 167 (66.038 seconds):
2017-03-21 06:08:53,472 INFO: 	Average L2 norm of relation vector: 0.09243
2017-03-21 06:08:53,472 INFO: 	COST >> 0.053 +/- 0.002, % updates Left: 3.5% Rel: 1.3% Right: 3.05%
2017-03-21 06:09:58,341 INFO: ----------------------------------------------------------------------------
2017-03-21 06:09:58,341 INFO: EPOCH 168 (64.869 seconds):
2017-03-21 06:09:58,342 INFO: 	Average L2 norm of relation vector: 0.09236
2017-03-21 06:09:58,343 INFO: 	COST >> 0.053 +/- 0.002, % updates Left: 3.46% Rel: 1.29% Right: 3.01%
2017-03-21 06:11:00,475 INFO: ----------------------------------------------------------------------------
2017-03-21 06:11:00,475 INFO: EPOCH 169 (62.132 seconds):
2017-03-21 06:11:00,476 INFO: 	Average L2 norm of relation vector: 0.09229
2017-03-21 06:11:00,476 INFO: 	COST >> 0.053 +/- 0.002, % updates Left: 3.51% Rel: 1.3% Right: 3.07%
2017-03-21 06:12:03,943 INFO: ----------------------------------------------------------------------------
2017-03-21 06:12:03,943 INFO: EPOCH 170 (63.466 seconds):
2017-03-21 06:12:03,944 INFO: 	Average L2 norm of relation vector: 0.09222
2017-03-21 06:12:03,944 INFO: 	COST >> 0.053 +/- 0.002, % updates Left: 3.44% Rel: 1.27% Right: 2.98%
2017-03-21 06:12:03,944 INFO: 	FilteredRanking: evaluating rank on 1000 triples
2017-03-21 06:13:43,803 INFO: 	FilteredRanking: evaluating rank on 1000 triples
2017-03-21 06:15:24,456 INFO: 	MEAN RANK >> valid: 77.1, train: 21.3
2017-03-21 06:15:24,456 INFO: 		MEAN RANK TRAIN: Left: 22.3 Rel: 722.6 Right: 20.4
2017-03-21 06:15:24,456 INFO: 		MEAN RANK VALID: Left: 94.2 Rel: 736.9 Right: 60.0
2017-03-21 06:15:24,457 INFO: 		MEAN RECIPROCAL RANK VALID (L & R): 0.3455
2017-03-21 06:15:24,457 INFO: 	FilteredRanking: evaluating rank on 1000 triples
2017-03-21 06:17:04,911 INFO: 	NEW BEST TEST MR: 55.2
2017-03-21 06:17:04,912 INFO: 		Left MR: 54.7 Rel MR: 732.2 Right MR: 55.8
2017-03-21 06:17:05,000 INFO: 	(ranking took 301.055 seconds)
2017-03-21 06:18:09,041 INFO: ----------------------------------------------------------------------------
2017-03-21 06:18:09,041 INFO: EPOCH 171 (64.041 seconds):
2017-03-21 06:18:09,042 INFO: 	Average L2 norm of relation vector: 0.09214
2017-03-21 06:18:09,042 INFO: 	COST >> 0.053 +/- 0.002, % updates Left: 3.42% Rel: 1.28% Right: 3.02%
2017-03-21 06:19:11,465 INFO: ----------------------------------------------------------------------------
2017-03-21 06:19:11,465 INFO: EPOCH 172 (62.423 seconds):
2017-03-21 06:19:11,466 INFO: 	Average L2 norm of relation vector: 0.09206
2017-03-21 06:19:11,467 INFO: 	COST >> 0.053 +/- 0.002, % updates Left: 3.44% Rel: 1.28% Right: 3.01%
2017-03-21 06:20:18,733 INFO: ----------------------------------------------------------------------------
2017-03-21 06:20:18,733 INFO: EPOCH 173 (67.266 seconds):
2017-03-21 06:20:18,735 INFO: 	Average L2 norm of relation vector: 0.09199
2017-03-21 06:20:18,735 INFO: 	COST >> 0.053 +/- 0.002, % updates Left: 3.44% Rel: 1.31% Right: 3.04%
2017-03-21 06:21:25,198 INFO: ----------------------------------------------------------------------------
2017-03-21 06:21:25,198 INFO: EPOCH 174 (66.463 seconds):
2017-03-21 06:21:25,199 INFO: 	Average L2 norm of relation vector: 0.09192
2017-03-21 06:21:25,199 INFO: 	COST >> 0.052 +/- 0.002, % updates Left: 3.4% Rel: 1.29% Right: 3.03%
2017-03-21 06:22:31,713 INFO: ----------------------------------------------------------------------------
2017-03-21 06:22:31,714 INFO: EPOCH 175 (66.514 seconds):
2017-03-21 06:22:31,715 INFO: 	Average L2 norm of relation vector: 0.09184
2017-03-21 06:22:31,715 INFO: 	COST >> 0.052 +/- 0.002, % updates Left: 3.39% Rel: 1.26% Right: 2.99%
2017-03-21 06:23:37,996 INFO: ----------------------------------------------------------------------------
2017-03-21 06:23:37,996 INFO: EPOCH 176 (66.281 seconds):
2017-03-21 06:23:37,997 INFO: 	Average L2 norm of relation vector: 0.09178
2017-03-21 06:23:37,998 INFO: 	COST >> 0.052 +/- 0.002, % updates Left: 3.46% Rel: 1.32% Right: 3.0%
2017-03-21 06:24:44,203 INFO: ----------------------------------------------------------------------------
2017-03-21 06:24:44,204 INFO: EPOCH 177 (66.206 seconds):
2017-03-21 06:24:44,205 INFO: 	Average L2 norm of relation vector: 0.09171
2017-03-21 06:24:44,205 INFO: 	COST >> 0.052 +/- 0.002, % updates Left: 3.41% Rel: 1.3% Right: 2.99%
2017-03-21 06:25:47,173 INFO: ----------------------------------------------------------------------------
2017-03-21 06:25:47,173 INFO: EPOCH 178 (62.968 seconds):
2017-03-21 06:25:47,174 INFO: 	Average L2 norm of relation vector: 0.09163
2017-03-21 06:25:47,174 INFO: 	COST >> 0.052 +/- 0.002, % updates Left: 3.41% Rel: 1.29% Right: 2.96%
2017-03-21 06:26:49,852 INFO: ----------------------------------------------------------------------------
2017-03-21 06:26:49,853 INFO: EPOCH 179 (62.678 seconds):
2017-03-21 06:26:49,853 INFO: 	Average L2 norm of relation vector: 0.09158
2017-03-21 06:26:49,854 INFO: 	COST >> 0.055 +/- 0.008, % updates Left: 3.54% Rel: 1.39% Right: 3.07%
2017-03-21 06:27:56,280 INFO: ----------------------------------------------------------------------------
2017-03-21 06:27:56,280 INFO: EPOCH 180 (66.426 seconds):
2017-03-21 06:27:56,281 INFO: 	Average L2 norm of relation vector: 0.09152
2017-03-21 06:27:56,282 INFO: 	COST >> 0.052 +/- 0.002, % updates Left: 3.44% Rel: 1.27% Right: 3.05%
2017-03-21 06:27:56,282 INFO: 	FilteredRanking: evaluating rank on 1000 triples
2017-03-21 06:29:35,828 INFO: 	FilteredRanking: evaluating rank on 1000 triples
2017-03-21 06:31:16,403 INFO: 	MEAN RANK >> valid: 69.9, train: 19.2
2017-03-21 06:31:16,404 INFO: 		MEAN RANK TRAIN: Left: 20.6 Rel: 722.6 Right: 17.8
2017-03-21 06:31:16,404 INFO: 		MEAN RANK VALID: Left: 83.6 Rel: 736.9 Right: 56.3
2017-03-21 06:31:16,404 INFO: 		MEAN RECIPROCAL RANK VALID (L & R): 0.34
2017-03-21 06:31:16,404 WARNING: 	WARNING, failed to improve MRR on valid, 2 chances left

2017-03-21 06:31:16,521 INFO: 	(ranking took 200.239 seconds)
2017-03-21 06:32:24,505 INFO: ----------------------------------------------------------------------------
2017-03-21 06:32:24,505 INFO: EPOCH 181 (67.983 seconds):
2017-03-21 06:32:24,506 INFO: 	Average L2 norm of relation vector: 0.09146
2017-03-21 06:32:24,507 INFO: 	COST >> 0.052 +/- 0.002, % updates Left: 3.43% Rel: 1.31% Right: 3.0%
2017-03-21 06:33:27,374 INFO: ----------------------------------------------------------------------------
2017-03-21 06:33:27,375 INFO: EPOCH 182 (62.868 seconds):
2017-03-21 06:33:27,376 INFO: 	Average L2 norm of relation vector: 0.09139
2017-03-21 06:33:27,376 INFO: 	COST >> 0.052 +/- 0.002, % updates Left: 3.44% Rel: 1.27% Right: 3.0%
2017-03-21 06:34:29,979 INFO: ----------------------------------------------------------------------------
2017-03-21 06:34:29,979 INFO: EPOCH 183 (62.602 seconds):
2017-03-21 06:34:29,980 INFO: 	Average L2 norm of relation vector: 0.09133
2017-03-21 06:34:29,980 INFO: 	COST >> 0.051 +/- 0.002, % updates Left: 3.38% Rel: 1.27% Right: 2.94%
2017-03-21 06:35:33,493 INFO: ----------------------------------------------------------------------------
2017-03-21 06:35:33,494 INFO: EPOCH 184 (63.513 seconds):
2017-03-21 06:35:33,495 INFO: 	Average L2 norm of relation vector: 0.09125
2017-03-21 06:35:33,495 INFO: 	COST >> 0.051 +/- 0.002, % updates Left: 3.34% Rel: 1.3% Right: 2.94%
2017-03-21 06:36:35,650 INFO: ----------------------------------------------------------------------------
2017-03-21 06:36:35,650 INFO: EPOCH 185 (62.155 seconds):
2017-03-21 06:36:35,651 INFO: 	Average L2 norm of relation vector: 0.09119
2017-03-21 06:36:35,651 INFO: 	COST >> 0.052 +/- 0.002, % updates Left: 3.4% Rel: 1.29% Right: 2.99%
2017-03-21 06:37:37,811 INFO: ----------------------------------------------------------------------------
2017-03-21 06:37:37,812 INFO: EPOCH 186 (62.16 seconds):
2017-03-21 06:37:37,813 INFO: 	Average L2 norm of relation vector: 0.09113
2017-03-21 06:37:37,813 INFO: 	COST >> 0.051 +/- 0.002, % updates Left: 3.36% Rel: 1.31% Right: 2.95%
2017-03-21 06:38:39,869 INFO: ----------------------------------------------------------------------------
2017-03-21 06:38:39,869 INFO: EPOCH 187 (62.055 seconds):
2017-03-21 06:38:39,870 INFO: 	Average L2 norm of relation vector: 0.09107
2017-03-21 06:38:39,870 INFO: 	COST >> 0.051 +/- 0.002, % updates Left: 3.37% Rel: 1.31% Right: 2.95%
2017-03-21 06:39:42,018 INFO: ----------------------------------------------------------------------------
2017-03-21 06:39:42,018 INFO: EPOCH 188 (62.147 seconds):
2017-03-21 06:39:42,019 INFO: 	Average L2 norm of relation vector: 0.09102
2017-03-21 06:39:42,020 INFO: 	COST >> 0.051 +/- 0.002, % updates Left: 3.39% Rel: 1.29% Right: 2.96%
2017-03-21 06:40:44,043 INFO: ----------------------------------------------------------------------------
2017-03-21 06:40:44,044 INFO: EPOCH 189 (62.024 seconds):
2017-03-21 06:40:44,045 INFO: 	Average L2 norm of relation vector: 0.09097
2017-03-21 06:40:44,045 INFO: 	COST >> 0.051 +/- 0.002, % updates Left: 3.4% Rel: 1.3% Right: 2.97%
2017-03-21 06:41:46,264 INFO: ----------------------------------------------------------------------------
2017-03-21 06:41:46,265 INFO: EPOCH 190 (62.219 seconds):
2017-03-21 06:41:46,266 INFO: 	Average L2 norm of relation vector: 0.09091
2017-03-21 06:41:46,266 INFO: 	COST >> 0.051 +/- 0.002, % updates Left: 3.39% Rel: 1.29% Right: 2.94%
2017-03-21 06:41:46,267 INFO: 	FilteredRanking: evaluating rank on 1000 triples
2017-03-21 06:43:22,213 INFO: 	FilteredRanking: evaluating rank on 1000 triples
2017-03-21 06:44:59,055 INFO: 	MEAN RANK >> valid: 80.0, train: 19.1
2017-03-21 06:44:59,061 INFO: 		MEAN RANK TRAIN: Left: 18.8 Rel: 722.6 Right: 19.5
2017-03-21 06:44:59,062 INFO: 		MEAN RANK VALID: Left: 102.5 Rel: 736.9 Right: 57.6
2017-03-21 06:44:59,062 INFO: 		MEAN RECIPROCAL RANK VALID (L & R): 0.337
2017-03-21 06:44:59,062 WARNING: 	WARNING, failed to improve MRR on valid, 1 chances left

2017-03-21 06:44:59,197 INFO: 	(ranking took 192.931 seconds)
2017-03-21 06:46:02,796 INFO: ----------------------------------------------------------------------------
2017-03-21 06:46:02,796 INFO: EPOCH 191 (63.598 seconds):
2017-03-21 06:46:02,797 INFO: 	Average L2 norm of relation vector: 0.09084
2017-03-21 06:46:02,797 INFO: 	COST >> 0.051 +/- 0.002, % updates Left: 3.34% Rel: 1.3% Right: 2.95%
2017-03-21 06:47:05,209 INFO: ----------------------------------------------------------------------------
2017-03-21 06:47:05,209 INFO: EPOCH 192 (62.412 seconds):
2017-03-21 06:47:05,210 INFO: 	Average L2 norm of relation vector: 0.09078
2017-03-21 06:47:05,210 INFO: 	COST >> 0.051 +/- 0.002, % updates Left: 3.36% Rel: 1.3% Right: 2.92%
2017-03-21 06:48:07,685 INFO: ----------------------------------------------------------------------------
2017-03-21 06:48:07,686 INFO: EPOCH 193 (62.475 seconds):
2017-03-21 06:48:07,687 INFO: 	Average L2 norm of relation vector: 0.09072
2017-03-21 06:48:07,687 INFO: 	COST >> 0.051 +/- 0.002, % updates Left: 3.34% Rel: 1.3% Right: 2.93%
2017-03-21 06:49:09,912 INFO: ----------------------------------------------------------------------------
2017-03-21 06:49:09,912 INFO: EPOCH 194 (62.224 seconds):
2017-03-21 06:49:09,913 INFO: 	Average L2 norm of relation vector: 0.09067
2017-03-21 06:49:09,913 INFO: 	COST >> 0.051 +/- 0.002, % updates Left: 3.38% Rel: 1.3% Right: 2.93%
2017-03-21 06:50:12,041 INFO: ----------------------------------------------------------------------------
2017-03-21 06:50:12,041 INFO: EPOCH 195 (62.128 seconds):
2017-03-21 06:50:12,042 INFO: 	Average L2 norm of relation vector: 0.09081
2017-03-21 06:50:12,042 INFO: 	COST >> 0.06 +/- 0.011, % updates Left: 3.78% Rel: 1.86% Right: 3.8%
2017-03-21 06:51:14,235 INFO: ----------------------------------------------------------------------------
2017-03-21 06:51:14,235 INFO: EPOCH 196 (62.192 seconds):
2017-03-21 06:51:14,236 INFO: 	Average L2 norm of relation vector: 0.09079
2017-03-21 06:51:14,236 INFO: 	COST >> 0.052 +/- 0.002, % updates Left: 3.52% Rel: 1.33% Right: 3.13%
2017-03-21 06:52:16,548 INFO: ----------------------------------------------------------------------------
2017-03-21 06:52:16,548 INFO: EPOCH 197 (62.311 seconds):
2017-03-21 06:52:16,549 INFO: 	Average L2 norm of relation vector: 0.09072
2017-03-21 06:52:16,549 INFO: 	COST >> 0.051 +/- 0.002, % updates Left: 3.39% Rel: 1.28% Right: 2.97%
2017-03-21 06:53:18,604 INFO: ----------------------------------------------------------------------------
2017-03-21 06:53:18,604 INFO: EPOCH 198 (62.055 seconds):
2017-03-21 06:53:18,605 INFO: 	Average L2 norm of relation vector: 0.09069
2017-03-21 06:53:18,606 INFO: 	COST >> 0.054 +/- 0.01, % updates Left: 3.52% Rel: 1.45% Right: 3.13%
2017-03-21 06:54:20,822 INFO: ----------------------------------------------------------------------------
2017-03-21 06:54:20,823 INFO: EPOCH 199 (62.217 seconds):
2017-03-21 06:54:20,824 INFO: 	Average L2 norm of relation vector: 0.09067
2017-03-21 06:54:20,824 INFO: 	COST >> 0.052 +/- 0.002, % updates Left: 3.5% Rel: 1.36% Right: 3.05%
2017-03-21 06:55:22,957 INFO: ----------------------------------------------------------------------------
2017-03-21 06:55:22,957 INFO: EPOCH 200 (62.133 seconds):
2017-03-21 06:55:22,958 INFO: 	Average L2 norm of relation vector: 0.09062
2017-03-21 06:55:22,959 INFO: 	COST >> 0.051 +/- 0.002, % updates Left: 3.37% Rel: 1.32% Right: 2.98%
2017-03-21 06:55:22,959 INFO: 	FilteredRanking: evaluating rank on 1000 triples
2017-03-21 06:56:58,766 INFO: 	FilteredRanking: evaluating rank on 1000 triples
2017-03-21 06:58:35,709 INFO: 	MEAN RANK >> valid: 84.9, train: 18.7
2017-03-21 06:58:35,709 INFO: 		MEAN RANK TRAIN: Left: 18.6 Rel: 722.6 Right: 18.8
2017-03-21 06:58:35,710 INFO: 		MEAN RANK VALID: Left: 104.0 Rel: 736.9 Right: 65.9
2017-03-21 06:58:35,710 INFO: 		MEAN RECIPROCAL RANK VALID (L & R): 0.336
2017-03-21 06:58:35,710 WARNING: 	WARNING, failed to improve MRR on valid, 0 chances left

2017-03-21 06:58:35,820 INFO: 	(ranking took 192.861 seconds)
2017-03-21 06:59:39,666 INFO: ----------------------------------------------------------------------------
2017-03-21 06:59:39,666 INFO: EPOCH 201 (63.846 seconds):
2017-03-21 06:59:39,667 INFO: 	Average L2 norm of relation vector: 0.09057
2017-03-21 06:59:39,668 INFO: 	COST >> 0.051 +/- 0.002, % updates Left: 3.42% Rel: 1.3% Right: 2.98%
2017-03-21 07:00:41,903 INFO: ----------------------------------------------------------------------------
2017-03-21 07:00:41,903 INFO: EPOCH 202 (62.235 seconds):
2017-03-21 07:00:41,904 INFO: 	Average L2 norm of relation vector: 0.09052
2017-03-21 07:00:41,905 INFO: 	COST >> 0.051 +/- 0.002, % updates Left: 3.35% Rel: 1.3% Right: 2.96%
2017-03-21 07:01:44,174 INFO: ----------------------------------------------------------------------------
2017-03-21 07:01:44,174 INFO: EPOCH 203 (62.269 seconds):
2017-03-21 07:01:44,175 INFO: 	Average L2 norm of relation vector: 0.09045
2017-03-21 07:01:44,176 INFO: 	COST >> 0.051 +/- 0.002, % updates Left: 3.34% Rel: 1.27% Right: 2.91%
2017-03-21 07:02:46,490 INFO: ----------------------------------------------------------------------------
2017-03-21 07:02:46,490 INFO: EPOCH 204 (62.315 seconds):
2017-03-21 07:02:46,491 INFO: 	Average L2 norm of relation vector: 0.09039
2017-03-21 07:02:46,492 INFO: 	COST >> 0.051 +/- 0.002, % updates Left: 3.3% Rel: 1.29% Right: 2.94%
2017-03-21 07:03:48,648 INFO: ----------------------------------------------------------------------------
2017-03-21 07:03:48,648 INFO: EPOCH 205 (62.156 seconds):
2017-03-21 07:03:48,649 INFO: 	Average L2 norm of relation vector: 0.09037
2017-03-21 07:03:48,649 INFO: 	COST >> 0.054 +/- 0.008, % updates Left: 3.53% Rel: 1.44% Right: 3.15%
2017-03-21 07:04:50,768 INFO: ----------------------------------------------------------------------------
2017-03-21 07:04:50,768 INFO: EPOCH 206 (62.118 seconds):
2017-03-21 07:04:50,769 INFO: 	Average L2 norm of relation vector: 0.0903
2017-03-21 07:04:50,769 INFO: 	COST >> 0.05 +/- 0.002, % updates Left: 3.32% Rel: 1.24% Right: 2.94%
2017-03-21 07:05:52,871 INFO: ----------------------------------------------------------------------------
2017-03-21 07:05:52,871 INFO: EPOCH 207 (62.102 seconds):
2017-03-21 07:05:52,873 INFO: 	Average L2 norm of relation vector: 0.09024
2017-03-21 07:05:52,873 INFO: 	COST >> 0.05 +/- 0.002, % updates Left: 3.3% Rel: 1.28% Right: 2.94%
2017-03-21 07:06:54,996 INFO: ----------------------------------------------------------------------------
2017-03-21 07:06:54,996 INFO: EPOCH 208 (62.123 seconds):
2017-03-21 07:06:54,997 INFO: 	Average L2 norm of relation vector: 0.09018
2017-03-21 07:06:54,998 INFO: 	COST >> 0.05 +/- 0.002, % updates Left: 3.27% Rel: 1.27% Right: 2.91%
2017-03-21 07:07:57,137 INFO: ----------------------------------------------------------------------------
2017-03-21 07:07:57,138 INFO: EPOCH 209 (62.14 seconds):
2017-03-21 07:07:57,139 INFO: 	Average L2 norm of relation vector: 0.09011
2017-03-21 07:07:57,139 INFO: 	COST >> 0.05 +/- 0.002, % updates Left: 3.27% Rel: 1.3% Right: 2.86%
2017-03-21 07:08:59,238 INFO: ----------------------------------------------------------------------------
2017-03-21 07:08:59,238 INFO: EPOCH 210 (62.098 seconds):
2017-03-21 07:08:59,239 INFO: 	Average L2 norm of relation vector: 0.09005
2017-03-21 07:08:59,240 INFO: 	COST >> 0.05 +/- 0.001, % updates Left: 3.28% Rel: 1.28% Right: 2.88%
2017-03-21 07:08:59,240 INFO: 	FilteredRanking: evaluating rank on 1000 triples
2017-03-21 07:10:35,164 INFO: 	FilteredRanking: evaluating rank on 1000 triples
2017-03-21 07:12:12,000 INFO: 	MEAN RANK >> valid: 80.2, train: 19.2
2017-03-21 07:12:12,001 INFO: 		MEAN RANK TRAIN: Left: 20.0 Rel: 722.6 Right: 18.4
2017-03-21 07:12:12,001 INFO: 		MEAN RANK VALID: Left: 96.8 Rel: 736.9 Right: 63.5
2017-03-21 07:12:12,001 INFO: 		MEAN RECIPROCAL RANK VALID (L & R): 0.34
2017-03-21 07:12:12,001 WARNING: EARLY STOPPING, failed to improve MRR on valid after 30 epochs
2017-03-21 07:12:12,001 INFO: ----------------------------------------------------------------------------
2017-03-21 07:12:12,002 INFO: ----------------------------------------------------------------------------
2017-03-21 07:12:12,002 INFO: 	Ranking model on all examples from test. Each example ranked against 14951 other entities
2017-03-21 07:12:12,002 INFO: 	RELATION ranking: each rel ranked against 1345 other rels
2017-03-21 07:12:12,344 INFO: 	Ranking: evaluating rank on 59071 triples
2017-03-21 08:23:42,164 INFO: left_ranks: (59071,), right_ranks: (59071,), rel_ranks: (59071,)
2017-03-21 08:23:42,187 INFO: max left_ranks: 14860, max right_ranks: 14876, max rel_ranks: 1345
2017-03-21 08:23:42,875 INFO: MICRO RAW:
2017-03-21 08:23:42,875 INFO: 	Left mean rank: 205.237, MRR: 0.231, median rank: 17.0, hits@10: 42.572%
2017-03-21 08:23:42,875 INFO: 	Right mean rank: 137.246, MRR: 0.293, median rank: 10.0, hits@10: 50.649%
2017-03-21 08:23:42,876 INFO: 	relation mean rank: 731.357, MRR: 0.004, median rank: 868.0, hits@10: 0.166%
2017-03-21 08:23:42,876 INFO: 	Global mean rank: 171.242, MRR: 0.262, median rank: 13.0, hits@10: 46.611%
2017-03-21 08:23:42,876 INFO: MACRO RAW
2017-03-21 08:23:42,876 INFO: 	Left mean rank: 161.079, MRR: 0.386, median rank: 5.5, hits@10: 62.355%
2017-03-21 08:23:42,876 INFO: 	Right mean rank: 131.504, MRR: 0.455, median rank: 4.0, hits@10: 70.024%
2017-03-21 08:23:42,876 INFO: 	relation mean rank: 641.009, MRR: 0.006, median rank: 641.009, hits@10: 0.937%
2017-03-21 08:23:42,876 INFO: 	Global mean rank: 311.198, MRR: 0.282, median rank: 19.0, hits@10: 44.438%
2017-03-21 08:23:42,884 INFO: Ranking model on all examples from test. Each example ranked against 14951 other entities which are FILTERED
2017-03-21 08:23:42,884 INFO: RELATION ranking: each rel ranked against 1345 other rels
2017-03-21 08:23:43,595 INFO: 	FilteredRanking: evaluating rank on 59071 triples
2017-03-21 09:54:20,578 INFO: MICRO FILTERED:
2017-03-21 09:54:20,584 INFO: 	Left mean rank: 76.67674, MRR: 0.42665, median rank: 4.0, hits@10: 64.191%
2017-03-21 09:54:20,585 INFO: 	Right mean rank: 57.67468, MRR: 0.46174, median rank: 3.0, hits@10: 68.318%
2017-03-21 09:54:20,585 INFO: 	relation mean rank: 731.195, MRR: 0.004, median rank: 867.0, hits@10: 0.166%
2017-03-21 09:54:20,585 INFO: 	Global mean rank: 67.17571, MRR: 0.44419, median rank: 4.0, hits@10: 66.254%
2017-03-21 09:54:20,585 INFO: MACRO FILTERED
2017-03-21 09:54:20,585 INFO: 	Left mean rank: 132.03405, MRR: 0.6058, median rank: 2.0, hits@10: 78.752%
2017-03-21 09:54:20,585 INFO: 	Right mean rank: 117.50613, MRR: 0.64243, median rank: 1.0, hits@10: 81.692%
2017-03-21 09:54:20,586 INFO: 	relation mean rank: 640.794, MRR: 0.006, median rank: 640.847, hits@10: 0.937%
2017-03-21 09:54:20,586 INFO: 	Global mean rank: 296.77793, MRR: 0.41804, median rank: 4.0, hits@10: 53.793%
