2017-03-23 17:31:44,482 INFO: logger initialized for experiment identifier: Bilinear_Dot_ndim_50_marg_1.0_lrate_0.01_cost_margincost_pos_high_reg_0.01
2017-03-23 17:31:44,482 INFO: identifier: Bilinear_Dot_ndim_50_marg_1.0_lrate_0.01_cost_margincost_pos_high_reg_0.01
2017-03-23 17:31:44,482 INFO: models saved to path: /Users/corbinrosset/Dropbox/Arora/QA-code/src/KBC_Text/outputs/FB15k_Bilinear/
2017-03-23 17:31:44,483 INFO: DD{'ndim': 50, 'test_all': 10, 'Nsyn_rel': 1345, 'totepochs': 500, 'bestvalidMRR': -1, 'loadmodel': False, 'lremb': 0.01, 'nvalid': 1000, 'seed': 123, 'marge': 1.0, 'margincostfunction': 'margincost_pos_high', 'simfn': 'Dot', 'savepath': '/Users/corbinrosset/Dropbox/Arora/QA-code/src/KBC_Text/outputs/FB15k_Bilinear/Bilinear_Dot_ndim_50_marg_1.0_lrate_0.01_cost_margincost_pos_high_reg_0.01', 'dataset': 'FB15k', 'nbatches': 100, 'identifier': 'Bilinear_Dot_ndim_50_marg_1.0_lrate_0.01_cost_margincost_pos_high_reg_0.01', 'lrparam': 0.01, 'loademb': False, 'datapath': '/Users/corbinrosset/Dropbox/Arora/QA-code/src/KBC_Text/data/', 'ntrain': 1000, 'Nrel': 1345, 'experiment_type': 'FB15kexp', 'rel': False, 'Nent': 16296, 'logger': <logging.RootLogger object at 0x105a3cc90>, 'ntest': 1000, 'Nsyn': 14951, 'reg': 0.01, 'op': 'Bilinear'}
2017-03-23 17:31:46,196 DEBUG: FB15kexp: load_FB15k_data(): trainl(16296, 483142), trainr(16296, 483142), traino(1345, 483142), trainlidx(1000,)
2017-03-23 17:32:34,279 INFO: logger initialized for experiment identifier: Bilinear_Dot_ndim_50_marg_1.0_lrate_0.01_cost_margincost_pos_high_reg_0.01
2017-03-23 17:32:34,279 INFO: identifier: Bilinear_Dot_ndim_50_marg_1.0_lrate_0.01_cost_margincost_pos_high_reg_0.01
2017-03-23 17:32:34,279 INFO: models saved to path: /Users/corbinrosset/Dropbox/Arora/QA-code/src/KBC_Text/outputs/FB15k_Bilinear/
2017-03-23 17:32:34,279 INFO: DD{'ndim': 50, 'test_all': 10, 'Nsyn_rel': 1345, 'totepochs': 500, 'bestvalidMRR': -1, 'loadmodel': False, 'lremb': 0.01, 'nvalid': 1000, 'seed': 123, 'marge': 1.0, 'margincostfunction': 'margincost_pos_high', 'simfn': 'Dot', 'savepath': '/Users/corbinrosset/Dropbox/Arora/QA-code/src/KBC_Text/outputs/FB15k_Bilinear/Bilinear_Dot_ndim_50_marg_1.0_lrate_0.01_cost_margincost_pos_high_reg_0.01', 'dataset': 'FB15k', 'nbatches': 100, 'identifier': 'Bilinear_Dot_ndim_50_marg_1.0_lrate_0.01_cost_margincost_pos_high_reg_0.01', 'lrparam': 0.01, 'loademb': False, 'datapath': '/Users/corbinrosset/Dropbox/Arora/QA-code/src/KBC_Text/data/', 'ntrain': 1000, 'Nrel': 1345, 'experiment_type': 'FB15kexp', 'rel': False, 'Nent': 16296, 'logger': <logging.RootLogger object at 0x1053dac90>, 'ntest': 1000, 'Nsyn': 14951, 'reg': 0.01, 'op': 'Bilinear'}
2017-03-23 17:32:35,930 DEBUG: FB15kexp: load_FB15k_data(): trainl(16296, 483142), trainr(16296, 483142), traino(1345, 483142), trainlidx(1000,)
2017-03-23 17:32:44,368 INFO: logger initialized for experiment identifier: Bilinear_Dot_ndim_50_marg_1.0_lrate_0.01_cost_margincost_pos_high_reg_0.01
2017-03-23 17:32:44,368 INFO: identifier: Bilinear_Dot_ndim_50_marg_1.0_lrate_0.01_cost_margincost_pos_high_reg_0.01
2017-03-23 17:32:44,368 INFO: models saved to path: /Users/corbinrosset/Dropbox/Arora/QA-code/src/KBC_Text/outputs/FB15k_Bilinear/
2017-03-23 17:32:44,368 INFO: DD{'ndim': 50, 'test_all': 10, 'Nsyn_rel': 1345, 'totepochs': 500, 'bestvalidMRR': -1, 'loadmodel': False, 'lremb': 0.01, 'nvalid': 1000, 'seed': 123, 'marge': 1.0, 'margincostfunction': 'margincost_pos_high', 'simfn': 'Dot', 'savepath': '/Users/corbinrosset/Dropbox/Arora/QA-code/src/KBC_Text/outputs/FB15k_Bilinear/Bilinear_Dot_ndim_50_marg_1.0_lrate_0.01_cost_margincost_pos_high_reg_0.01', 'dataset': 'FB15k', 'nbatches': 100, 'identifier': 'Bilinear_Dot_ndim_50_marg_1.0_lrate_0.01_cost_margincost_pos_high_reg_0.01', 'lrparam': 0.01, 'loademb': False, 'datapath': '/Users/corbinrosset/Dropbox/Arora/QA-code/src/KBC_Text/data/', 'ntrain': 1000, 'Nrel': 1345, 'experiment_type': 'FB15kexp', 'rel': False, 'Nent': 16296, 'logger': <logging.RootLogger object at 0x10fdf5c90>, 'ntest': 1000, 'Nsyn': 14951, 'reg': 0.01, 'op': 'Bilinear'}
2017-03-23 17:32:45,975 DEBUG: FB15kexp: load_FB15k_data(): trainl(16296, 483142), trainr(16296, 483142), traino(1345, 483142), trainlidx(1000,)
2017-03-23 17:33:47,553 INFO: logger initialized for experiment identifier: Bilinear_Dot_ndim_50_marg_1.0_lrate_0.01_cost_margincost_pos_high_reg_0.01
2017-03-23 17:33:47,553 INFO: identifier: Bilinear_Dot_ndim_50_marg_1.0_lrate_0.01_cost_margincost_pos_high_reg_0.01
2017-03-23 17:33:47,553 INFO: models saved to path: /Users/corbinrosset/Dropbox/Arora/QA-code/src/KBC_Text/outputs/FB15k_Bilinear/
2017-03-23 17:33:47,554 INFO: DD{'ndim': 50, 'test_all': 10, 'Nsyn_rel': 1345, 'totepochs': 500, 'bestvalidMRR': -1, 'loadmodel': False, 'lremb': 0.01, 'nvalid': 1000, 'seed': 123, 'marge': 1.0, 'margincostfunction': 'margincost_pos_high', 'simfn': 'Dot', 'savepath': '/Users/corbinrosset/Dropbox/Arora/QA-code/src/KBC_Text/outputs/FB15k_Bilinear/Bilinear_Dot_ndim_50_marg_1.0_lrate_0.01_cost_margincost_pos_high_reg_0.01', 'dataset': 'FB15k', 'nbatches': 100, 'identifier': 'Bilinear_Dot_ndim_50_marg_1.0_lrate_0.01_cost_margincost_pos_high_reg_0.01', 'lrparam': 0.01, 'loademb': False, 'datapath': '/Users/corbinrosset/Dropbox/Arora/QA-code/src/KBC_Text/data/', 'ntrain': 1000, 'Nrel': 1345, 'experiment_type': 'FB15kexp', 'rel': False, 'Nent': 16296, 'logger': <logging.RootLogger object at 0x10e674c90>, 'ntest': 1000, 'Nsyn': 14951, 'reg': 0.01, 'op': 'Bilinear'}
2017-03-23 17:33:49,162 DEBUG: FB15kexp: load_FB15k_data(): trainl(16296, 483142), trainr(16296, 483142), traino(1345, 483142), trainlidx(1000,)
2017-03-23 17:34:16,283 INFO: logger initialized for experiment identifier: Bilinear_Dot_ndim_50_marg_1.0_lrate_0.01_cost_margincost_pos_high_reg_0.01
2017-03-23 17:34:16,284 INFO: identifier: Bilinear_Dot_ndim_50_marg_1.0_lrate_0.01_cost_margincost_pos_high_reg_0.01
2017-03-23 17:34:16,284 INFO: models saved to path: /Users/corbinrosset/Dropbox/Arora/QA-code/src/KBC_Text/outputs/FB15k_Bilinear/
2017-03-23 17:34:16,284 INFO: DD{'ndim': 50, 'test_all': 10, 'Nsyn_rel': 1345, 'totepochs': 500, 'bestvalidMRR': -1, 'loadmodel': False, 'lremb': 0.01, 'nvalid': 1000, 'seed': 123, 'marge': 1.0, 'margincostfunction': 'margincost_pos_high', 'simfn': 'Dot', 'savepath': '/Users/corbinrosset/Dropbox/Arora/QA-code/src/KBC_Text/outputs/FB15k_Bilinear/Bilinear_Dot_ndim_50_marg_1.0_lrate_0.01_cost_margincost_pos_high_reg_0.01', 'dataset': 'FB15k', 'nbatches': 100, 'identifier': 'Bilinear_Dot_ndim_50_marg_1.0_lrate_0.01_cost_margincost_pos_high_reg_0.01', 'lrparam': 0.01, 'loademb': False, 'datapath': '/Users/corbinrosset/Dropbox/Arora/QA-code/src/KBC_Text/data/', 'ntrain': 1000, 'Nrel': 1345, 'experiment_type': 'FB15kexp', 'rel': False, 'Nent': 16296, 'logger': <logging.RootLogger object at 0x107d19c90>, 'ntest': 1000, 'Nsyn': 14951, 'reg': 0.01, 'op': 'Bilinear'}
2017-03-23 17:34:17,902 DEBUG: FB15kexp: load_FB15k_data(): trainl(16296, 483142), trainr(16296, 483142), traino(1345, 483142), trainlidx(1000,)
2017-03-23 17:45:43,648 INFO: logger initialized for experiment identifier: Bilinear_Dot_ndim_50_marg_1.0_lrate_0.01_cost_margincost_pos_high_reg_0.01
2017-03-23 17:45:43,648 INFO: identifier: Bilinear_Dot_ndim_50_marg_1.0_lrate_0.01_cost_margincost_pos_high_reg_0.01
2017-03-23 17:45:43,648 INFO: models saved to path: /Users/corbinrosset/Dropbox/Arora/QA-code/src/KBC_Text/outputs/FB15k_Bilinear/
2017-03-23 17:45:43,648 INFO: DD{'ndim': 50, 'test_all': 10, 'Nsyn_rel': 1345, 'totepochs': 500, 'bestvalidMRR': -1, 'loadmodel': False, 'lremb': 0.01, 'nvalid': 1000, 'seed': 123, 'marge': 1.0, 'margincostfunction': 'margincost_pos_high', 'simfn': 'Dot', 'savepath': '/Users/corbinrosset/Dropbox/Arora/QA-code/src/KBC_Text/outputs/FB15k_Bilinear/Bilinear_Dot_ndim_50_marg_1.0_lrate_0.01_cost_margincost_pos_high_reg_0.01', 'dataset': 'FB15k', 'nbatches': 100, 'identifier': 'Bilinear_Dot_ndim_50_marg_1.0_lrate_0.01_cost_margincost_pos_high_reg_0.01', 'lrparam': 0.01, 'loademb': False, 'datapath': '/Users/corbinrosset/Dropbox/Arora/QA-code/src/KBC_Text/data/', 'ntrain': 1000, 'Nrel': 1345, 'experiment_type': 'FB15kexp', 'rel': False, 'Nent': 16296, 'logger': <logging.RootLogger object at 0x10af87c90>, 'ntest': 1000, 'Nsyn': 14951, 'reg': 0.01, 'op': 'Bilinear'}
2017-03-23 17:45:45,261 DEBUG: FB15kexp: load_FB15k_data(): trainl(16296, 483142), trainr(16296, 483142), traino(1345, 483142), trainlidx(1000,)
2017-03-23 17:46:45,394 INFO: logger initialized for experiment identifier: Bilinear_Dot_ndim_50_marg_1.0_lrate_0.01_cost_margincost_pos_high_reg_0.01
2017-03-23 17:46:45,394 INFO: identifier: Bilinear_Dot_ndim_50_marg_1.0_lrate_0.01_cost_margincost_pos_high_reg_0.01
2017-03-23 17:46:45,395 INFO: models saved to path: /Users/corbinrosset/Dropbox/Arora/QA-code/src/KBC_Text/outputs/FB15k_Bilinear/
2017-03-23 17:46:45,395 INFO: DD{'ndim': 50, 'test_all': 10, 'Nsyn_rel': 1345, 'totepochs': 500, 'bestvalidMRR': -1, 'loadmodel': False, 'lremb': 0.01, 'nvalid': 1000, 'seed': 123, 'marge': 1.0, 'margincostfunction': 'margincost_pos_high', 'simfn': 'Dot', 'savepath': '/Users/corbinrosset/Dropbox/Arora/QA-code/src/KBC_Text/outputs/FB15k_Bilinear/Bilinear_Dot_ndim_50_marg_1.0_lrate_0.01_cost_margincost_pos_high_reg_0.01', 'dataset': 'FB15k', 'nbatches': 100, 'identifier': 'Bilinear_Dot_ndim_50_marg_1.0_lrate_0.01_cost_margincost_pos_high_reg_0.01', 'lrparam': 0.01, 'loademb': False, 'datapath': '/Users/corbinrosset/Dropbox/Arora/QA-code/src/KBC_Text/data/', 'ntrain': 1000, 'Nrel': 1345, 'experiment_type': 'FB15kexp', 'rel': False, 'Nent': 16296, 'logger': <logging.RootLogger object at 0x10df0ec90>, 'ntest': 1000, 'Nsyn': 14951, 'reg': 0.01, 'op': 'Bilinear'}
2017-03-23 17:46:46,980 DEBUG: FB15kexp: load_FB15k_data(): trainl(16296, 483142), trainr(16296, 483142), traino(1345, 483142), trainlidx(1000,)
2017-03-23 17:47:30,238 INFO: logger initialized for experiment identifier: Bilinear_Dot_ndim_50_marg_1.0_lrate_0.01_cost_margincost_pos_high_reg_0.01
2017-03-23 17:47:30,238 INFO: identifier: Bilinear_Dot_ndim_50_marg_1.0_lrate_0.01_cost_margincost_pos_high_reg_0.01
2017-03-23 17:47:30,238 INFO: models saved to path: /Users/corbinrosset/Dropbox/Arora/QA-code/src/KBC_Text/outputs/FB15k_Bilinear/
2017-03-23 17:47:30,238 INFO: DD{'ndim': 50, 'test_all': 10, 'Nsyn_rel': 1345, 'totepochs': 500, 'bestvalidMRR': -1, 'loadmodel': False, 'lremb': 0.01, 'nvalid': 1000, 'seed': 123, 'marge': 1.0, 'margincostfunction': 'margincost_pos_high', 'simfn': 'Dot', 'savepath': '/Users/corbinrosset/Dropbox/Arora/QA-code/src/KBC_Text/outputs/FB15k_Bilinear/Bilinear_Dot_ndim_50_marg_1.0_lrate_0.01_cost_margincost_pos_high_reg_0.01', 'dataset': 'FB15k', 'nbatches': 100, 'identifier': 'Bilinear_Dot_ndim_50_marg_1.0_lrate_0.01_cost_margincost_pos_high_reg_0.01', 'lrparam': 0.01, 'loademb': False, 'datapath': '/Users/corbinrosset/Dropbox/Arora/QA-code/src/KBC_Text/data/', 'ntrain': 1000, 'Nrel': 1345, 'experiment_type': 'FB15kexp', 'rel': False, 'Nent': 16296, 'logger': <logging.RootLogger object at 0x1035bac90>, 'ntest': 1000, 'Nsyn': 14951, 'reg': 0.01, 'op': 'Bilinear'}
2017-03-23 17:47:31,852 DEBUG: FB15kexp: load_FB15k_data(): trainl(16296, 483142), trainr(16296, 483142), traino(1345, 483142), trainlidx(1000,)
2017-03-23 17:58:24,731 INFO: logger initialized for experiment identifier: Bilinear_Dot_ndim_50_marg_1.0_lrate_0.01_cost_margincost_pos_high_reg_0.01
2017-03-23 17:58:24,731 INFO: identifier: Bilinear_Dot_ndim_50_marg_1.0_lrate_0.01_cost_margincost_pos_high_reg_0.01
2017-03-23 17:58:24,731 INFO: models saved to path: /Users/corbinrosset/Dropbox/Arora/QA-code/src/KBC_Text/outputs/FB15k_Bilinear/
2017-03-23 17:58:24,731 INFO: DD{'ndim': 50, 'test_all': 10, 'Nsyn_rel': 1345, 'totepochs': 500, 'bestvalidMRR': -1, 'loadmodel': False, 'lremb': 0.01, 'nvalid': 1000, 'seed': 123, 'marge': 1.0, 'margincostfunction': 'margincost_pos_high', 'simfn': 'Dot', 'savepath': '/Users/corbinrosset/Dropbox/Arora/QA-code/src/KBC_Text/outputs/FB15k_Bilinear/Bilinear_Dot_ndim_50_marg_1.0_lrate_0.01_cost_margincost_pos_high_reg_0.01', 'dataset': 'FB15k', 'nbatches': 100, 'identifier': 'Bilinear_Dot_ndim_50_marg_1.0_lrate_0.01_cost_margincost_pos_high_reg_0.01', 'lrparam': 0.01, 'loademb': False, 'datapath': '/Users/corbinrosset/Dropbox/Arora/QA-code/src/KBC_Text/data/', 'ntrain': 1000, 'Nrel': 1345, 'experiment_type': 'FB15kexp', 'rel': False, 'Nent': 16296, 'logger': <logging.RootLogger object at 0x1090dcc90>, 'ntest': 1000, 'Nsyn': 14951, 'reg': 0.01, 'op': 'Bilinear'}
2017-03-23 17:58:26,437 DEBUG: FB15kexp: load_FB15k_data(): trainl(16296, 483142), trainr(16296, 483142), traino(1345, 483142), trainlidx(1000,)
2017-03-23 17:58:55,765 INFO: logger initialized for experiment identifier: Bilinear_Dot_ndim_50_marg_1.0_lrate_0.01_cost_margincost_pos_high_reg_0.01
2017-03-23 17:58:55,766 INFO: identifier: Bilinear_Dot_ndim_50_marg_1.0_lrate_0.01_cost_margincost_pos_high_reg_0.01
2017-03-23 17:58:55,766 INFO: models saved to path: /Users/corbinrosset/Dropbox/Arora/QA-code/src/KBC_Text/outputs/FB15k_Bilinear/
2017-03-23 17:58:55,766 INFO: DD{'ndim': 50, 'test_all': 10, 'Nsyn_rel': 1345, 'totepochs': 500, 'bestvalidMRR': -1, 'loadmodel': False, 'lremb': 0.01, 'nvalid': 1000, 'seed': 123, 'marge': 1.0, 'margincostfunction': 'margincost_pos_high', 'simfn': 'Dot', 'savepath': '/Users/corbinrosset/Dropbox/Arora/QA-code/src/KBC_Text/outputs/FB15k_Bilinear/Bilinear_Dot_ndim_50_marg_1.0_lrate_0.01_cost_margincost_pos_high_reg_0.01', 'dataset': 'FB15k', 'nbatches': 100, 'identifier': 'Bilinear_Dot_ndim_50_marg_1.0_lrate_0.01_cost_margincost_pos_high_reg_0.01', 'lrparam': 0.01, 'loademb': False, 'datapath': '/Users/corbinrosset/Dropbox/Arora/QA-code/src/KBC_Text/data/', 'ntrain': 1000, 'Nrel': 1345, 'experiment_type': 'FB15kexp', 'rel': False, 'Nent': 16296, 'logger': <logging.RootLogger object at 0x10d850c90>, 'ntest': 1000, 'Nsyn': 14951, 'reg': 0.01, 'op': 'Bilinear'}
2017-03-23 17:58:57,378 DEBUG: FB15kexp: load_FB15k_data(): trainl(16296, 483142), trainr(16296, 483142), traino(1345, 483142), trainlidx(1000,)
2017-03-23 17:59:34,218 INFO: logger initialized for experiment identifier: Bilinear_Dot_ndim_50_marg_1.0_lrate_0.01_cost_margincost_pos_high_reg_0.01
2017-03-23 17:59:34,218 INFO: identifier: Bilinear_Dot_ndim_50_marg_1.0_lrate_0.01_cost_margincost_pos_high_reg_0.01
2017-03-23 17:59:34,218 INFO: models saved to path: /Users/corbinrosset/Dropbox/Arora/QA-code/src/KBC_Text/outputs/FB15k_Bilinear/
2017-03-23 17:59:34,219 INFO: DD{'ndim': 50, 'test_all': 10, 'Nsyn_rel': 1345, 'totepochs': 500, 'bestvalidMRR': -1, 'loadmodel': False, 'lremb': 0.01, 'nvalid': 1000, 'seed': 123, 'marge': 1.0, 'margincostfunction': 'margincost_pos_high', 'simfn': 'Dot', 'savepath': '/Users/corbinrosset/Dropbox/Arora/QA-code/src/KBC_Text/outputs/FB15k_Bilinear/Bilinear_Dot_ndim_50_marg_1.0_lrate_0.01_cost_margincost_pos_high_reg_0.01', 'dataset': 'FB15k', 'nbatches': 100, 'identifier': 'Bilinear_Dot_ndim_50_marg_1.0_lrate_0.01_cost_margincost_pos_high_reg_0.01', 'lrparam': 0.01, 'loademb': False, 'datapath': '/Users/corbinrosset/Dropbox/Arora/QA-code/src/KBC_Text/data/', 'ntrain': 1000, 'Nrel': 1345, 'experiment_type': 'FB15kexp', 'rel': False, 'Nent': 16296, 'logger': <logging.RootLogger object at 0x102d22c90>, 'ntest': 1000, 'Nsyn': 14951, 'reg': 0.01, 'op': 'Bilinear'}
2017-03-23 17:59:35,826 DEBUG: FB15kexp: load_FB15k_data(): trainl(16296, 483142), trainr(16296, 483142), traino(1345, 483142), trainlidx(1000,)
2017-03-23 19:26:31,312 INFO: logger initialized for experiment identifier: Bilinear_Dot_ndim_50_marg_1.0_lrate_0.01_cost_margincost_pos_high_reg_0.01
2017-03-23 19:26:31,314 INFO: identifier: Bilinear_Dot_ndim_50_marg_1.0_lrate_0.01_cost_margincost_pos_high_reg_0.01
2017-03-23 19:26:31,314 INFO: models saved to path: /Users/corbinrosset/Dropbox/Arora/QA-code/src/KBC_Text/outputs/FB15k_Bilinear/
2017-03-23 19:26:31,314 INFO: DD{'ndim': 50, 'test_all': 10, 'Nsyn_rel': 1345, 'totepochs': 500, 'bestvalidMRR': -1, 'loadmodel': False, 'lremb': 0.01, 'nvalid': 1000, 'seed': 123, 'marge': 1.0, 'margincostfunction': 'margincost_pos_high', 'simfn': 'Dot', 'savepath': '/Users/corbinrosset/Dropbox/Arora/QA-code/src/KBC_Text/outputs/FB15k_Bilinear/Bilinear_Dot_ndim_50_marg_1.0_lrate_0.01_cost_margincost_pos_high_reg_0.01', 'dataset': 'FB15k', 'nbatches': 100, 'identifier': 'Bilinear_Dot_ndim_50_marg_1.0_lrate_0.01_cost_margincost_pos_high_reg_0.01', 'lrparam': 0.01, 'loademb': False, 'datapath': '/Users/corbinrosset/Dropbox/Arora/QA-code/src/KBC_Text/data/', 'ntrain': 1000, 'Nrel': 1345, 'experiment_type': 'FB15kexp', 'rel': False, 'Nent': 16296, 'logger': <logging.RootLogger object at 0x106cb8c90>, 'ntest': 1000, 'Nsyn': 14951, 'reg': 0.01, 'op': 'Bilinear'}
2017-03-23 19:26:33,011 DEBUG: FB15kexp: load_FB15k_data(): trainl(16296, 483142), trainr(16296, 483142), traino(1345, 483142), trainlidx(1000,)
2017-03-23 19:28:10,185 INFO: logger initialized for experiment identifier: Bilinear_Dot_ndim_50_marg_1.0_lrate_0.01_cost_margincost_pos_high_reg_0.01
2017-03-23 19:28:10,185 INFO: identifier: Bilinear_Dot_ndim_50_marg_1.0_lrate_0.01_cost_margincost_pos_high_reg_0.01
2017-03-23 19:28:10,185 INFO: models saved to path: /Users/corbinrosset/Dropbox/Arora/QA-code/src/KBC_Text/outputs/FB15k_Bilinear/
2017-03-23 19:28:10,185 INFO: DD{'ndim': 50, 'test_all': 10, 'Nsyn_rel': 1345, 'totepochs': 500, 'bestvalidMRR': -1, 'loadmodel': False, 'lremb': 0.01, 'nvalid': 1000, 'seed': 123, 'marge': 1.0, 'margincostfunction': 'margincost_pos_high', 'simfn': 'Dot', 'savepath': '/Users/corbinrosset/Dropbox/Arora/QA-code/src/KBC_Text/outputs/FB15k_Bilinear/Bilinear_Dot_ndim_50_marg_1.0_lrate_0.01_cost_margincost_pos_high_reg_0.01', 'dataset': 'FB15k', 'nbatches': 100, 'identifier': 'Bilinear_Dot_ndim_50_marg_1.0_lrate_0.01_cost_margincost_pos_high_reg_0.01', 'lrparam': 0.01, 'loademb': False, 'datapath': '/Users/corbinrosset/Dropbox/Arora/QA-code/src/KBC_Text/data/', 'ntrain': 1000, 'Nrel': 1345, 'experiment_type': 'FB15kexp', 'rel': False, 'Nent': 16296, 'logger': <logging.RootLogger object at 0x104669c90>, 'ntest': 1000, 'Nsyn': 14951, 'reg': 0.01, 'op': 'Bilinear'}
2017-03-23 19:28:11,852 DEBUG: FB15kexp: load_FB15k_data(): trainl(16296, 483142), trainr(16296, 483142), traino(1345, 483142), trainlidx(1000,)
2017-03-23 19:29:39,662 INFO: logger initialized for experiment identifier: Bilinear_Dot_ndim_50_marg_1.0_lrate_0.01_cost_margincost_pos_high_reg_0.01
2017-03-23 19:29:39,662 INFO: identifier: Bilinear_Dot_ndim_50_marg_1.0_lrate_0.01_cost_margincost_pos_high_reg_0.01
2017-03-23 19:29:39,662 INFO: models saved to path: /Users/corbinrosset/Dropbox/Arora/QA-code/src/KBC_Text/outputs/FB15k_Bilinear/
2017-03-23 19:29:39,662 INFO: DD{'ndim': 50, 'test_all': 10, 'Nsyn_rel': 1345, 'totepochs': 500, 'bestvalidMRR': -1, 'loadmodel': False, 'lremb': 0.01, 'nvalid': 1000, 'seed': 123, 'marge': 1.0, 'margincostfunction': 'margincost_pos_high', 'simfn': 'Dot', 'savepath': '/Users/corbinrosset/Dropbox/Arora/QA-code/src/KBC_Text/outputs/FB15k_Bilinear/Bilinear_Dot_ndim_50_marg_1.0_lrate_0.01_cost_margincost_pos_high_reg_0.01', 'dataset': 'FB15k', 'nbatches': 100, 'identifier': 'Bilinear_Dot_ndim_50_marg_1.0_lrate_0.01_cost_margincost_pos_high_reg_0.01', 'lrparam': 0.01, 'loademb': False, 'datapath': '/Users/corbinrosset/Dropbox/Arora/QA-code/src/KBC_Text/data/', 'ntrain': 1000, 'Nrel': 1345, 'experiment_type': 'FB15kexp', 'rel': False, 'Nent': 16296, 'logger': <logging.RootLogger object at 0x10f285c90>, 'ntest': 1000, 'Nsyn': 14951, 'reg': 0.01, 'op': 'Bilinear'}
2017-03-23 19:29:41,215 DEBUG: FB15kexp: load_FB15k_data(): trainl(16296, 483142), trainr(16296, 483142), traino(1345, 483142), trainlidx(1000,)
2017-03-23 19:29:51,697 INFO: logger initialized for experiment identifier: Bilinear_Dot_ndim_50_marg_1.0_lrate_0.01_cost_margincost_pos_high_reg_0.01
2017-03-23 19:29:51,698 INFO: identifier: Bilinear_Dot_ndim_50_marg_1.0_lrate_0.01_cost_margincost_pos_high_reg_0.01
2017-03-23 19:29:51,698 INFO: models saved to path: /Users/corbinrosset/Dropbox/Arora/QA-code/src/KBC_Text/outputs/FB15k_Bilinear/
2017-03-23 19:29:51,698 INFO: DD{'ndim': 50, 'test_all': 10, 'Nsyn_rel': 1345, 'totepochs': 500, 'bestvalidMRR': -1, 'loadmodel': False, 'lremb': 0.01, 'nvalid': 1000, 'seed': 123, 'marge': 1.0, 'margincostfunction': 'margincost_pos_high', 'simfn': 'Dot', 'savepath': '/Users/corbinrosset/Dropbox/Arora/QA-code/src/KBC_Text/outputs/FB15k_Bilinear/Bilinear_Dot_ndim_50_marg_1.0_lrate_0.01_cost_margincost_pos_high_reg_0.01', 'dataset': 'FB15k', 'nbatches': 100, 'identifier': 'Bilinear_Dot_ndim_50_marg_1.0_lrate_0.01_cost_margincost_pos_high_reg_0.01', 'lrparam': 0.01, 'loademb': False, 'datapath': '/Users/corbinrosset/Dropbox/Arora/QA-code/src/KBC_Text/data/', 'ntrain': 1000, 'Nrel': 1345, 'experiment_type': 'FB15kexp', 'rel': False, 'Nent': 16296, 'logger': <logging.RootLogger object at 0x109307c90>, 'ntest': 1000, 'Nsyn': 14951, 'reg': 0.01, 'op': 'Bilinear'}
2017-03-23 19:29:53,445 DEBUG: FB15kexp: load_FB15k_data(): trainl(16296, 483142), trainr(16296, 483142), traino(1345, 483142), trainlidx(1000,)
2017-03-23 19:30:16,078 DEBUG: loaded data and constructed model...
2017-03-23 19:30:16,078 DEBUG: num epochs: 500
2017-03-23 19:30:16,078 DEBUG: num batches per epoch: 100
2017-03-23 19:30:16,078 DEBUG: batchsize: 4831
2017-03-23 19:30:16,078 DEBUG: left and right entity ranking functions will rank a slot against 14951 competitors
2017-03-23 19:30:16,078 INFO: BEGIN TRAINING
2017-03-23 20:34:30,053 INFO: logger initialized for experiment identifier: Bilinear_Dot_ndim_50_marg_1.0_lrate_0.01_cost_margincost_pos_high_reg_0.01
2017-03-23 20:34:30,055 INFO: identifier: Bilinear_Dot_ndim_50_marg_1.0_lrate_0.01_cost_margincost_pos_high_reg_0.01
2017-03-23 20:34:30,055 INFO: models saved to path: /Users/corbinrosset/Dropbox/Arora/QA-code/src/KBC_Text/outputs/FB15k_Bilinear/
2017-03-23 20:34:30,056 INFO: DD{'ndim': 50, 'test_all': 10, 'Nsyn_rel': 1345, 'totepochs': 500, 'bestvalidMRR': -1, 'loadmodel': False, 'lremb': 0.01, 'nvalid': 1000, 'seed': 123, 'marge': 1.0, 'margincostfunction': 'margincost_pos_high', 'simfn': 'Dot', 'savepath': '/Users/corbinrosset/Dropbox/Arora/QA-code/src/KBC_Text/outputs/FB15k_Bilinear/Bilinear_Dot_ndim_50_marg_1.0_lrate_0.01_cost_margincost_pos_high_reg_0.01', 'dataset': 'FB15k', 'nbatches': 100, 'identifier': 'Bilinear_Dot_ndim_50_marg_1.0_lrate_0.01_cost_margincost_pos_high_reg_0.01', 'lrparam': 0.01, 'loademb': False, 'datapath': '/Users/corbinrosset/Dropbox/Arora/QA-code/src/KBC_Text/data/', 'ntrain': 1000, 'Nrel': 1345, 'experiment_type': 'FB15kexp', 'rel': False, 'Nent': 16296, 'logger': <logging.RootLogger object at 0x101c1fc90>, 'ntest': 1000, 'Nsyn': 14951, 'reg': 0.01, 'op': 'Bilinear'}
2017-03-23 20:34:31,796 DEBUG: FB15kexp: load_FB15k_data(): trainl(16296, 483142), trainr(16296, 483142), traino(1345, 483142), trainlidx(1000,)
2017-03-23 20:34:43,667 INFO: logger initialized for experiment identifier: Bilinear_Dot_ndim_50_marg_1.0_lrate_0.01_cost_margincost_pos_high_reg_0.01
2017-03-23 20:34:43,667 INFO: identifier: Bilinear_Dot_ndim_50_marg_1.0_lrate_0.01_cost_margincost_pos_high_reg_0.01
2017-03-23 20:34:43,667 INFO: models saved to path: /Users/corbinrosset/Dropbox/Arora/QA-code/src/KBC_Text/outputs/FB15k_Bilinear/
2017-03-23 20:34:43,668 INFO: DD{'ndim': 50, 'test_all': 10, 'Nsyn_rel': 1345, 'totepochs': 500, 'bestvalidMRR': -1, 'loadmodel': False, 'lremb': 0.01, 'nvalid': 1000, 'seed': 123, 'marge': 1.0, 'margincostfunction': 'margincost_pos_high', 'simfn': 'Dot', 'savepath': '/Users/corbinrosset/Dropbox/Arora/QA-code/src/KBC_Text/outputs/FB15k_Bilinear/Bilinear_Dot_ndim_50_marg_1.0_lrate_0.01_cost_margincost_pos_high_reg_0.01', 'dataset': 'FB15k', 'nbatches': 100, 'identifier': 'Bilinear_Dot_ndim_50_marg_1.0_lrate_0.01_cost_margincost_pos_high_reg_0.01', 'lrparam': 0.01, 'loademb': False, 'datapath': '/Users/corbinrosset/Dropbox/Arora/QA-code/src/KBC_Text/data/', 'ntrain': 1000, 'Nrel': 1345, 'experiment_type': 'FB15kexp', 'rel': False, 'Nent': 16296, 'logger': <logging.RootLogger object at 0x105760c90>, 'ntest': 1000, 'Nsyn': 14951, 'reg': 0.01, 'op': 'Bilinear'}
2017-03-23 20:34:45,249 DEBUG: FB15kexp: load_FB15k_data(): trainl(16296, 483142), trainr(16296, 483142), traino(1345, 483142), trainlidx(1000,)
2017-03-23 20:34:53,545 DEBUG: loaded data and constructed model...
2017-03-23 20:34:53,545 DEBUG: num epochs: 500
2017-03-23 20:34:53,545 DEBUG: num batches per epoch: 100
2017-03-23 20:34:53,545 DEBUG: batchsize: 4831
2017-03-23 20:34:53,545 DEBUG: left and right entity ranking functions will rank a slot against 14951 competitors
2017-03-23 20:34:53,545 INFO: BEGIN TRAINING
2017-03-23 20:36:36,114 INFO: ----------------------------------------------------------------------------
2017-03-23 20:36:36,114 INFO: EPOCH 1 (102.569 seconds):
2017-03-23 20:36:36,277 INFO: 	Average L2 norm of relation vector: 0.03299
2017-03-23 20:36:36,278 INFO: 	COST >> 1.933 +/- 0.105, % updates Left: 98.51%  Right: 98.52%
2017-03-23 20:37:16,434 INFO: logger initialized for experiment identifier: Bilinear_Dot_ndim_50_marg_1.0_lrate_0.01_cost_margincost_pos_high_reg_0.01
2017-03-23 20:37:16,434 INFO: identifier: Bilinear_Dot_ndim_50_marg_1.0_lrate_0.01_cost_margincost_pos_high_reg_0.01
2017-03-23 20:37:16,434 INFO: models saved to path: /Users/corbinrosset/Dropbox/Arora/QA-code/src/KBC_Text/outputs/FB15k_Bilinear/
2017-03-23 20:37:16,434 INFO: DD{'ndim': 50, 'test_all': 10, 'Nsyn_rel': 1345, 'totepochs': 500, 'bestvalidMRR': -1, 'loadmodel': False, 'lremb': 0.01, 'nvalid': 1000, 'seed': 123, 'marge': 1.0, 'margincostfunction': 'margincost_pos_high', 'simfn': 'Dot', 'savepath': '/Users/corbinrosset/Dropbox/Arora/QA-code/src/KBC_Text/outputs/FB15k_Bilinear/Bilinear_Dot_ndim_50_marg_1.0_lrate_0.01_cost_margincost_pos_high_reg_0.01', 'dataset': 'FB15k', 'nbatches': 100, 'identifier': 'Bilinear_Dot_ndim_50_marg_1.0_lrate_0.01_cost_margincost_pos_high_reg_0.01', 'lrparam': 0.01, 'loademb': False, 'datapath': '/Users/corbinrosset/Dropbox/Arora/QA-code/src/KBC_Text/data/', 'ntrain': 1000, 'Nrel': 1345, 'experiment_type': 'FB15kexp', 'rel': False, 'Nent': 16296, 'logger': <logging.RootLogger object at 0x10324fc90>, 'ntest': 1000, 'Nsyn': 14951, 'reg': 0.01, 'op': 'Bilinear'}
2017-03-23 20:37:18,051 DEBUG: FB15kexp: load_FB15k_data(): trainl(16296, 483142), trainr(16296, 483142), traino(1345, 483142), trainlidx(1000,)
2017-03-23 20:37:42,781 INFO: logger initialized for experiment identifier: Bilinear_Dot_ndim_50_marg_1.0_lrate_0.01_cost_margincost_pos_high_reg_0.01
2017-03-23 20:37:42,782 INFO: identifier: Bilinear_Dot_ndim_50_marg_1.0_lrate_0.01_cost_margincost_pos_high_reg_0.01
2017-03-23 20:37:42,782 INFO: models saved to path: /Users/corbinrosset/Dropbox/Arora/QA-code/src/KBC_Text/outputs/FB15k_Bilinear/
2017-03-23 20:37:42,782 INFO: DD{'ndim': 50, 'test_all': 10, 'Nsyn_rel': 1345, 'totepochs': 500, 'bestvalidMRR': -1, 'loadmodel': False, 'lremb': 0.01, 'nvalid': 1000, 'seed': 123, 'marge': 1.0, 'margincostfunction': 'margincost_pos_high', 'simfn': 'Dot', 'savepath': '/Users/corbinrosset/Dropbox/Arora/QA-code/src/KBC_Text/outputs/FB15k_Bilinear/Bilinear_Dot_ndim_50_marg_1.0_lrate_0.01_cost_margincost_pos_high_reg_0.01', 'dataset': 'FB15k', 'nbatches': 100, 'identifier': 'Bilinear_Dot_ndim_50_marg_1.0_lrate_0.01_cost_margincost_pos_high_reg_0.01', 'lrparam': 0.01, 'loademb': False, 'datapath': '/Users/corbinrosset/Dropbox/Arora/QA-code/src/KBC_Text/data/', 'ntrain': 1000, 'Nrel': 1345, 'experiment_type': 'FB15kexp', 'rel': False, 'Nent': 16296, 'logger': <logging.RootLogger object at 0x10fae3c90>, 'ntest': 1000, 'Nsyn': 14951, 'reg': 0.01, 'op': 'Bilinear'}
2017-03-23 20:37:44,332 DEBUG: FB15kexp: load_FB15k_data(): trainl(16296, 483142), trainr(16296, 483142), traino(1345, 483142), trainlidx(1000,)
2017-03-23 20:39:06,147 INFO: logger initialized for experiment identifier: Bilinear_Dot_ndim_50_marg_1.0_lrate_0.01_cost_margincost_pos_high_reg_0.01
2017-03-23 20:39:06,147 INFO: identifier: Bilinear_Dot_ndim_50_marg_1.0_lrate_0.01_cost_margincost_pos_high_reg_0.01
2017-03-23 20:39:06,147 INFO: models saved to path: /Users/corbinrosset/Dropbox/Arora/QA-code/src/KBC_Text/outputs/FB15k_Bilinear/
2017-03-23 20:39:06,147 INFO: DD{'ndim': 50, 'test_all': 10, 'Nsyn_rel': 1345, 'totepochs': 500, 'bestvalidMRR': -1, 'loadmodel': False, 'lremb': 0.01, 'nvalid': 1000, 'seed': 123, 'marge': 1.0, 'margincostfunction': 'margincost_pos_high', 'simfn': 'Dot', 'savepath': '/Users/corbinrosset/Dropbox/Arora/QA-code/src/KBC_Text/outputs/FB15k_Bilinear/Bilinear_Dot_ndim_50_marg_1.0_lrate_0.01_cost_margincost_pos_high_reg_0.01', 'dataset': 'FB15k', 'nbatches': 100, 'identifier': 'Bilinear_Dot_ndim_50_marg_1.0_lrate_0.01_cost_margincost_pos_high_reg_0.01', 'lrparam': 0.01, 'loademb': False, 'datapath': '/Users/corbinrosset/Dropbox/Arora/QA-code/src/KBC_Text/data/', 'ntrain': 1000, 'Nrel': 1345, 'experiment_type': 'FB15kexp', 'rel': False, 'Nent': 16296, 'logger': <logging.RootLogger object at 0x110415c90>, 'ntest': 1000, 'Nsyn': 14951, 'reg': 0.01, 'op': 'Bilinear'}
2017-03-23 20:39:07,708 DEBUG: FB15kexp: load_FB15k_data(): trainl(16296, 483142), trainr(16296, 483142), traino(1345, 483142), trainlidx(1000,)
2017-03-23 20:39:09,094 DEBUG: loaded data and constructed model...
2017-03-23 20:39:09,095 DEBUG: num epochs: 500
2017-03-23 20:39:09,095 DEBUG: num batches per epoch: 100
2017-03-23 20:39:09,095 DEBUG: batchsize: 4831
2017-03-23 20:39:09,095 DEBUG: left and right entity ranking functions will rank a slot against 14951 competitors
2017-03-23 20:39:09,095 INFO: BEGIN TRAINING
2017-03-23 20:39:28,143 INFO: logger initialized for experiment identifier: Bilinear_Dot_ndim_50_marg_1.0_lrate_0.01_cost_margincost_pos_high_reg_0.01
2017-03-23 20:39:28,143 INFO: identifier: Bilinear_Dot_ndim_50_marg_1.0_lrate_0.01_cost_margincost_pos_high_reg_0.01
2017-03-23 20:39:28,143 INFO: models saved to path: /Users/corbinrosset/Dropbox/Arora/QA-code/src/KBC_Text/outputs/FB15k_Bilinear/
2017-03-23 20:39:28,143 INFO: DD{'ndim': 50, 'test_all': 10, 'Nsyn_rel': 1345, 'totepochs': 500, 'bestvalidMRR': -1, 'loadmodel': False, 'lremb': 0.01, 'nvalid': 1000, 'seed': 123, 'marge': 1.0, 'margincostfunction': 'margincost_pos_high', 'simfn': 'Dot', 'savepath': '/Users/corbinrosset/Dropbox/Arora/QA-code/src/KBC_Text/outputs/FB15k_Bilinear/Bilinear_Dot_ndim_50_marg_1.0_lrate_0.01_cost_margincost_pos_high_reg_0.01', 'dataset': 'FB15k', 'nbatches': 100, 'identifier': 'Bilinear_Dot_ndim_50_marg_1.0_lrate_0.01_cost_margincost_pos_high_reg_0.01', 'lrparam': 0.01, 'loademb': False, 'datapath': '/Users/corbinrosset/Dropbox/Arora/QA-code/src/KBC_Text/data/', 'ntrain': 1000, 'Nrel': 1345, 'experiment_type': 'FB15kexp', 'rel': False, 'Nent': 16296, 'logger': <logging.RootLogger object at 0x1037abc90>, 'ntest': 1000, 'Nsyn': 14951, 'reg': 0.01, 'op': 'Bilinear'}
2017-03-23 20:39:29,779 DEBUG: FB15kexp: load_FB15k_data(): trainl(16296, 483142), trainr(16296, 483142), traino(1345, 483142), trainlidx(1000,)
2017-03-23 20:39:31,255 DEBUG: loaded data and constructed model...
2017-03-23 20:39:31,255 DEBUG: num epochs: 500
2017-03-23 20:39:31,255 DEBUG: num batches per epoch: 100
2017-03-23 20:39:31,255 DEBUG: batchsize: 4831
2017-03-23 20:39:31,255 DEBUG: left and right entity ranking functions will rank a slot against 14951 competitors
2017-03-23 20:39:31,255 INFO: BEGIN TRAINING
2017-03-23 20:41:09,747 INFO: logger initialized for experiment identifier: Bilinear_Dot_ndim_50_marg_1.0_lrate_0.01_cost_margincost_pos_high_reg_0.01
2017-03-23 20:41:09,747 INFO: identifier: Bilinear_Dot_ndim_50_marg_1.0_lrate_0.01_cost_margincost_pos_high_reg_0.01
2017-03-23 20:41:09,747 INFO: models saved to path: /Users/corbinrosset/Dropbox/Arora/QA-code/src/KBC_Text/outputs/FB15k_Bilinear/
2017-03-23 20:41:09,747 INFO: DD{'ndim': 50, 'test_all': 10, 'Nsyn_rel': 1345, 'totepochs': 500, 'bestvalidMRR': -1, 'loadmodel': False, 'lremb': 0.01, 'nvalid': 1000, 'seed': 123, 'marge': 1.0, 'margincostfunction': 'margincost_pos_high', 'simfn': 'Dot', 'savepath': '/Users/corbinrosset/Dropbox/Arora/QA-code/src/KBC_Text/outputs/FB15k_Bilinear/Bilinear_Dot_ndim_50_marg_1.0_lrate_0.01_cost_margincost_pos_high_reg_0.01', 'dataset': 'FB15k', 'nbatches': 100, 'identifier': 'Bilinear_Dot_ndim_50_marg_1.0_lrate_0.01_cost_margincost_pos_high_reg_0.01', 'lrparam': 0.01, 'loademb': False, 'datapath': '/Users/corbinrosset/Dropbox/Arora/QA-code/src/KBC_Text/data/', 'ntrain': 1000, 'Nrel': 1345, 'experiment_type': 'FB15kexp', 'rel': False, 'Nent': 16296, 'logger': <logging.RootLogger object at 0x105229c90>, 'ntest': 1000, 'Nsyn': 14951, 'reg': 0.01, 'op': 'Bilinear'}
2017-03-23 20:41:11,344 DEBUG: FB15kexp: load_FB15k_data(): trainl(16296, 483142), trainr(16296, 483142), traino(1345, 483142), trainlidx(1000,)
2017-03-23 20:41:13,096 DEBUG: loaded data and constructed model...
2017-03-23 20:41:13,097 DEBUG: num epochs: 500
2017-03-23 20:41:13,097 DEBUG: num batches per epoch: 100
2017-03-23 20:41:13,097 DEBUG: batchsize: 4831
2017-03-23 20:41:13,097 DEBUG: left and right entity ranking functions will rank a slot against 14951 competitors
2017-03-23 20:41:13,097 INFO: BEGIN TRAINING
2017-03-23 20:41:39,957 INFO: logger initialized for experiment identifier: Bilinear_Dot_ndim_50_marg_1.0_lrate_0.01_cost_margincost_pos_high_reg_0.01
2017-03-23 20:41:39,958 INFO: identifier: Bilinear_Dot_ndim_50_marg_1.0_lrate_0.01_cost_margincost_pos_high_reg_0.01
2017-03-23 20:41:39,958 INFO: models saved to path: /Users/corbinrosset/Dropbox/Arora/QA-code/src/KBC_Text/outputs/FB15k_Bilinear/
2017-03-23 20:41:39,958 INFO: DD{'ndim': 50, 'test_all': 10, 'Nsyn_rel': 1345, 'totepochs': 500, 'bestvalidMRR': -1, 'loadmodel': False, 'lremb': 0.01, 'nvalid': 1000, 'seed': 123, 'marge': 1.0, 'margincostfunction': 'margincost_pos_high', 'simfn': 'Dot', 'savepath': '/Users/corbinrosset/Dropbox/Arora/QA-code/src/KBC_Text/outputs/FB15k_Bilinear/Bilinear_Dot_ndim_50_marg_1.0_lrate_0.01_cost_margincost_pos_high_reg_0.01', 'dataset': 'FB15k', 'nbatches': 100, 'identifier': 'Bilinear_Dot_ndim_50_marg_1.0_lrate_0.01_cost_margincost_pos_high_reg_0.01', 'lrparam': 0.01, 'loademb': False, 'datapath': '/Users/corbinrosset/Dropbox/Arora/QA-code/src/KBC_Text/data/', 'ntrain': 1000, 'Nrel': 1345, 'experiment_type': 'FB15kexp', 'rel': False, 'Nent': 16296, 'logger': <logging.RootLogger object at 0x10ebadc90>, 'ntest': 1000, 'Nsyn': 14951, 'reg': 0.01, 'op': 'Bilinear'}
2017-03-23 20:41:41,675 DEBUG: FB15kexp: load_FB15k_data(): trainl(16296, 483142), trainr(16296, 483142), traino(1345, 483142), trainlidx(1000,)
2017-03-23 20:41:43,078 DEBUG: loaded data and constructed model...
2017-03-23 20:41:43,078 DEBUG: num epochs: 500
2017-03-23 20:41:43,078 DEBUG: num batches per epoch: 100
2017-03-23 20:41:43,078 DEBUG: batchsize: 4831
2017-03-23 20:41:43,078 DEBUG: left and right entity ranking functions will rank a slot against 14951 competitors
2017-03-23 20:41:43,078 INFO: BEGIN TRAINING
2017-03-23 20:43:29,012 INFO: logger initialized for experiment identifier: Bilinear_Dot_ndim_50_marg_1.0_lrate_0.01_cost_margincost_pos_high_reg_0.01
2017-03-23 20:43:29,012 INFO: identifier: Bilinear_Dot_ndim_50_marg_1.0_lrate_0.01_cost_margincost_pos_high_reg_0.01
2017-03-23 20:43:29,012 INFO: models saved to path: /Users/corbinrosset/Dropbox/Arora/QA-code/src/KBC_Text/outputs/FB15k_Bilinear/
2017-03-23 20:43:29,012 INFO: DD{'ndim': 50, 'test_all': 10, 'Nsyn_rel': 1345, 'totepochs': 500, 'bestvalidMRR': -1, 'loadmodel': False, 'lremb': 0.01, 'nvalid': 1000, 'seed': 123, 'marge': 1.0, 'margincostfunction': 'margincost_pos_high', 'simfn': 'Dot', 'savepath': '/Users/corbinrosset/Dropbox/Arora/QA-code/src/KBC_Text/outputs/FB15k_Bilinear/Bilinear_Dot_ndim_50_marg_1.0_lrate_0.01_cost_margincost_pos_high_reg_0.01', 'dataset': 'FB15k', 'nbatches': 100, 'identifier': 'Bilinear_Dot_ndim_50_marg_1.0_lrate_0.01_cost_margincost_pos_high_reg_0.01', 'lrparam': 0.01, 'loademb': False, 'datapath': '/Users/corbinrosset/Dropbox/Arora/QA-code/src/KBC_Text/data/', 'ntrain': 1000, 'Nrel': 1345, 'experiment_type': 'FB15kexp', 'rel': False, 'Nent': 16296, 'logger': <logging.RootLogger object at 0x10834ac90>, 'ntest': 1000, 'Nsyn': 14951, 'reg': 0.01, 'op': 'Bilinear'}
2017-03-23 20:43:30,684 DEBUG: FB15kexp: load_FB15k_data(): trainl(16296, 483142), trainr(16296, 483142), traino(1345, 483142), trainlidx(1000,)
2017-03-23 20:43:32,704 DEBUG: loaded data and constructed model...
2017-03-23 20:43:32,704 DEBUG: num epochs: 500
2017-03-23 20:43:32,704 DEBUG: num batches per epoch: 100
2017-03-23 20:43:32,704 DEBUG: batchsize: 4831
2017-03-23 20:43:32,704 DEBUG: left and right entity ranking functions will rank a slot against 14951 competitors
2017-03-23 20:43:32,705 INFO: BEGIN TRAINING
2017-03-23 20:44:12,694 INFO: logger initialized for experiment identifier: Bilinear_Dot_ndim_50_marg_1.0_lrate_0.01_cost_margincost_pos_high_reg_0.01
2017-03-23 20:44:12,694 INFO: identifier: Bilinear_Dot_ndim_50_marg_1.0_lrate_0.01_cost_margincost_pos_high_reg_0.01
2017-03-23 20:44:12,694 INFO: models saved to path: /Users/corbinrosset/Dropbox/Arora/QA-code/src/KBC_Text/outputs/FB15k_Bilinear/
2017-03-23 20:44:12,694 INFO: DD{'ndim': 50, 'test_all': 10, 'Nsyn_rel': 1345, 'totepochs': 500, 'bestvalidMRR': -1, 'loadmodel': False, 'lremb': 0.01, 'nvalid': 1000, 'seed': 123, 'marge': 1.0, 'margincostfunction': 'margincost_pos_high', 'simfn': 'Dot', 'savepath': '/Users/corbinrosset/Dropbox/Arora/QA-code/src/KBC_Text/outputs/FB15k_Bilinear/Bilinear_Dot_ndim_50_marg_1.0_lrate_0.01_cost_margincost_pos_high_reg_0.01', 'dataset': 'FB15k', 'nbatches': 100, 'identifier': 'Bilinear_Dot_ndim_50_marg_1.0_lrate_0.01_cost_margincost_pos_high_reg_0.01', 'lrparam': 0.01, 'loademb': False, 'datapath': '/Users/corbinrosset/Dropbox/Arora/QA-code/src/KBC_Text/data/', 'ntrain': 1000, 'Nrel': 1345, 'experiment_type': 'FB15kexp', 'rel': False, 'Nent': 16296, 'logger': <logging.RootLogger object at 0x10d668c90>, 'ntest': 1000, 'Nsyn': 14951, 'reg': 0.01, 'op': 'Bilinear'}
2017-03-23 20:44:14,272 DEBUG: FB15kexp: load_FB15k_data(): trainl(16296, 483142), trainr(16296, 483142), traino(1345, 483142), trainlidx(1000,)
2017-03-23 20:44:16,148 DEBUG: loaded data and constructed model...
2017-03-23 20:44:16,148 DEBUG: num epochs: 500
2017-03-23 20:44:16,148 DEBUG: num batches per epoch: 100
2017-03-23 20:44:16,148 DEBUG: batchsize: 4831
2017-03-23 20:44:16,148 DEBUG: left and right entity ranking functions will rank a slot against 14951 competitors
2017-03-23 20:44:16,149 INFO: BEGIN TRAINING
2017-03-23 20:47:42,031 INFO: logger initialized for experiment identifier: Bilinear_Dot_ndim_50_marg_1.0_lrate_0.01_cost_margincost_pos_high_reg_0.01
2017-03-23 20:47:42,031 INFO: identifier: Bilinear_Dot_ndim_50_marg_1.0_lrate_0.01_cost_margincost_pos_high_reg_0.01
2017-03-23 20:47:42,031 INFO: models saved to path: /Users/corbinrosset/Dropbox/Arora/QA-code/src/KBC_Text/outputs/FB15k_Bilinear/
2017-03-23 20:47:42,031 INFO: DD{'ndim': 50, 'test_all': 10, 'Nsyn_rel': 1345, 'totepochs': 500, 'bestvalidMRR': -1, 'loadmodel': False, 'lremb': 0.01, 'nvalid': 1000, 'seed': 123, 'marge': 1.0, 'margincostfunction': 'margincost_pos_high', 'simfn': 'Dot', 'savepath': '/Users/corbinrosset/Dropbox/Arora/QA-code/src/KBC_Text/outputs/FB15k_Bilinear/Bilinear_Dot_ndim_50_marg_1.0_lrate_0.01_cost_margincost_pos_high_reg_0.01', 'dataset': 'FB15k', 'nbatches': 100, 'identifier': 'Bilinear_Dot_ndim_50_marg_1.0_lrate_0.01_cost_margincost_pos_high_reg_0.01', 'lrparam': 0.01, 'loademb': False, 'datapath': '/Users/corbinrosset/Dropbox/Arora/QA-code/src/KBC_Text/data/', 'ntrain': 1000, 'Nrel': 1345, 'experiment_type': 'FB15kexp', 'rel': False, 'Nent': 16296, 'logger': <logging.RootLogger object at 0x1050f9c90>, 'ntest': 1000, 'Nsyn': 14951, 'reg': 0.01, 'op': 'Bilinear'}
2017-03-23 20:47:43,588 DEBUG: FB15kexp: load_FB15k_data(): trainl(16296, 483142), trainr(16296, 483142), traino(1345, 483142), trainlidx(1000,)
2017-03-23 20:47:48,149 DEBUG: loaded data and constructed model...
2017-03-23 20:47:48,149 DEBUG: num epochs: 500
2017-03-23 20:47:48,149 DEBUG: num batches per epoch: 100
2017-03-23 20:47:48,149 DEBUG: batchsize: 4831
2017-03-23 20:47:48,149 DEBUG: left and right entity ranking functions will rank a slot against 14951 competitors
2017-03-23 20:47:48,149 INFO: BEGIN TRAINING
2017-03-23 20:48:35,691 INFO: logger initialized for experiment identifier: Bilinear_Dot_ndim_50_marg_1.0_lrate_0.01_cost_margincost_pos_high_reg_0.01
2017-03-23 20:48:35,691 INFO: identifier: Bilinear_Dot_ndim_50_marg_1.0_lrate_0.01_cost_margincost_pos_high_reg_0.01
2017-03-23 20:48:35,691 INFO: models saved to path: /Users/corbinrosset/Dropbox/Arora/QA-code/src/KBC_Text/outputs/FB15k_Bilinear/
2017-03-23 20:48:35,692 INFO: DD{'ndim': 50, 'test_all': 10, 'Nsyn_rel': 1345, 'totepochs': 500, 'bestvalidMRR': -1, 'loadmodel': False, 'lremb': 0.01, 'nvalid': 1000, 'seed': 123, 'marge': 1.0, 'margincostfunction': 'margincost_pos_high', 'simfn': 'Dot', 'savepath': '/Users/corbinrosset/Dropbox/Arora/QA-code/src/KBC_Text/outputs/FB15k_Bilinear/Bilinear_Dot_ndim_50_marg_1.0_lrate_0.01_cost_margincost_pos_high_reg_0.01', 'dataset': 'FB15k', 'nbatches': 100, 'identifier': 'Bilinear_Dot_ndim_50_marg_1.0_lrate_0.01_cost_margincost_pos_high_reg_0.01', 'lrparam': 0.01, 'loademb': False, 'datapath': '/Users/corbinrosset/Dropbox/Arora/QA-code/src/KBC_Text/data/', 'ntrain': 1000, 'Nrel': 1345, 'experiment_type': 'FB15kexp', 'rel': False, 'Nent': 16296, 'logger': <logging.RootLogger object at 0x1060e3c90>, 'ntest': 1000, 'Nsyn': 14951, 'reg': 0.01, 'op': 'Bilinear'}
2017-03-23 20:48:37,254 DEBUG: FB15kexp: load_FB15k_data(): trainl(16296, 483142), trainr(16296, 483142), traino(1345, 483142), trainlidx(1000,)
2017-03-23 20:48:39,149 DEBUG: loaded data and constructed model...
2017-03-23 20:48:39,149 DEBUG: num epochs: 500
2017-03-23 20:48:39,149 DEBUG: num batches per epoch: 100
2017-03-23 20:48:39,149 DEBUG: batchsize: 4831
2017-03-23 20:48:39,150 DEBUG: left and right entity ranking functions will rank a slot against 14951 competitors
2017-03-23 20:48:39,150 INFO: BEGIN TRAINING
2017-03-23 20:49:04,032 INFO: logger initialized for experiment identifier: Bilinear_Dot_ndim_50_marg_1.0_lrate_0.01_cost_margincost_pos_high_reg_0.01
2017-03-23 20:49:04,033 INFO: identifier: Bilinear_Dot_ndim_50_marg_1.0_lrate_0.01_cost_margincost_pos_high_reg_0.01
2017-03-23 20:49:04,033 INFO: models saved to path: /Users/corbinrosset/Dropbox/Arora/QA-code/src/KBC_Text/outputs/FB15k_Bilinear/
2017-03-23 20:49:04,033 INFO: DD{'ndim': 50, 'test_all': 10, 'Nsyn_rel': 1345, 'totepochs': 500, 'bestvalidMRR': -1, 'loadmodel': False, 'lremb': 0.01, 'nvalid': 1000, 'seed': 123, 'marge': 1.0, 'margincostfunction': 'margincost_pos_high', 'simfn': 'Dot', 'savepath': '/Users/corbinrosset/Dropbox/Arora/QA-code/src/KBC_Text/outputs/FB15k_Bilinear/Bilinear_Dot_ndim_50_marg_1.0_lrate_0.01_cost_margincost_pos_high_reg_0.01', 'dataset': 'FB15k', 'nbatches': 100, 'identifier': 'Bilinear_Dot_ndim_50_marg_1.0_lrate_0.01_cost_margincost_pos_high_reg_0.01', 'lrparam': 0.01, 'loademb': False, 'datapath': '/Users/corbinrosset/Dropbox/Arora/QA-code/src/KBC_Text/data/', 'ntrain': 1000, 'Nrel': 1345, 'experiment_type': 'FB15kexp', 'rel': False, 'Nent': 16296, 'logger': <logging.RootLogger object at 0x10debcc90>, 'ntest': 1000, 'Nsyn': 14951, 'reg': 0.01, 'op': 'Bilinear'}
2017-03-23 20:49:05,629 DEBUG: FB15kexp: load_FB15k_data(): trainl(16296, 483142), trainr(16296, 483142), traino(1345, 483142), trainlidx(1000,)
2017-03-23 20:49:08,116 DEBUG: loaded data and constructed model...
2017-03-23 20:49:08,116 DEBUG: num epochs: 500
2017-03-23 20:49:08,116 DEBUG: num batches per epoch: 100
2017-03-23 20:49:08,116 DEBUG: batchsize: 4831
2017-03-23 20:49:08,116 DEBUG: left and right entity ranking functions will rank a slot against 14951 competitors
2017-03-23 20:49:08,116 INFO: BEGIN TRAINING
2017-03-23 20:50:13,134 INFO: logger initialized for experiment identifier: Bilinear_Dot_ndim_50_marg_1.0_lrate_0.01_cost_margincost_pos_high_reg_0.01
2017-03-23 20:50:13,134 INFO: identifier: Bilinear_Dot_ndim_50_marg_1.0_lrate_0.01_cost_margincost_pos_high_reg_0.01
2017-03-23 20:50:13,134 INFO: models saved to path: /Users/corbinrosset/Dropbox/Arora/QA-code/src/KBC_Text/outputs/FB15k_Bilinear/
2017-03-23 20:50:13,134 INFO: DD{'ndim': 50, 'test_all': 10, 'Nsyn_rel': 1345, 'totepochs': 500, 'bestvalidMRR': -1, 'loadmodel': False, 'lremb': 0.01, 'nvalid': 1000, 'seed': 123, 'marge': 1.0, 'margincostfunction': 'margincost_pos_high', 'simfn': 'Dot', 'savepath': '/Users/corbinrosset/Dropbox/Arora/QA-code/src/KBC_Text/outputs/FB15k_Bilinear/Bilinear_Dot_ndim_50_marg_1.0_lrate_0.01_cost_margincost_pos_high_reg_0.01', 'dataset': 'FB15k', 'nbatches': 100, 'identifier': 'Bilinear_Dot_ndim_50_marg_1.0_lrate_0.01_cost_margincost_pos_high_reg_0.01', 'lrparam': 0.01, 'loademb': False, 'datapath': '/Users/corbinrosset/Dropbox/Arora/QA-code/src/KBC_Text/data/', 'ntrain': 1000, 'Nrel': 1345, 'experiment_type': 'FB15kexp', 'rel': False, 'Nent': 16296, 'logger': <logging.RootLogger object at 0x102945c90>, 'ntest': 1000, 'Nsyn': 14951, 'reg': 0.01, 'op': 'Bilinear'}
2017-03-23 20:50:14,709 DEBUG: FB15kexp: load_FB15k_data(): trainl(16296, 483142), trainr(16296, 483142), traino(1345, 483142), trainlidx(1000,)
2017-03-23 20:50:16,601 DEBUG: loaded data and constructed model...
2017-03-23 20:50:16,601 DEBUG: num epochs: 500
2017-03-23 20:50:16,601 DEBUG: num batches per epoch: 100
2017-03-23 20:50:16,601 DEBUG: batchsize: 4831
2017-03-23 20:50:16,601 DEBUG: left and right entity ranking functions will rank a slot against 14951 competitors
2017-03-23 20:50:16,602 INFO: BEGIN TRAINING
2017-03-23 20:51:25,395 INFO: logger initialized for experiment identifier: Bilinear_Dot_ndim_50_marg_1.0_lrate_0.01_cost_margincost_pos_high_reg_0.01
2017-03-23 20:51:25,395 INFO: identifier: Bilinear_Dot_ndim_50_marg_1.0_lrate_0.01_cost_margincost_pos_high_reg_0.01
2017-03-23 20:51:25,396 INFO: models saved to path: /Users/corbinrosset/Dropbox/Arora/QA-code/src/KBC_Text/outputs/FB15k_Bilinear/
2017-03-23 20:51:25,396 INFO: DD{'ndim': 50, 'test_all': 10, 'Nsyn_rel': 1345, 'totepochs': 500, 'bestvalidMRR': -1, 'loadmodel': False, 'lremb': 0.01, 'nvalid': 1000, 'seed': 123, 'marge': 1.0, 'margincostfunction': 'margincost_pos_high', 'simfn': 'Dot', 'savepath': '/Users/corbinrosset/Dropbox/Arora/QA-code/src/KBC_Text/outputs/FB15k_Bilinear/Bilinear_Dot_ndim_50_marg_1.0_lrate_0.01_cost_margincost_pos_high_reg_0.01', 'dataset': 'FB15k', 'nbatches': 100, 'identifier': 'Bilinear_Dot_ndim_50_marg_1.0_lrate_0.01_cost_margincost_pos_high_reg_0.01', 'lrparam': 0.01, 'loademb': False, 'datapath': '/Users/corbinrosset/Dropbox/Arora/QA-code/src/KBC_Text/data/', 'ntrain': 1000, 'Nrel': 1345, 'experiment_type': 'FB15kexp', 'rel': False, 'Nent': 16296, 'logger': <logging.RootLogger object at 0x10ad6cc90>, 'ntest': 1000, 'Nsyn': 14951, 'reg': 0.01, 'op': 'Bilinear'}
2017-03-23 20:51:26,929 DEBUG: FB15kexp: load_FB15k_data(): trainl(16296, 483142), trainr(16296, 483142), traino(1345, 483142), trainlidx(1000,)
2017-03-23 20:51:28,812 DEBUG: loaded data and constructed model...
2017-03-23 20:51:28,812 DEBUG: num epochs: 500
2017-03-23 20:51:28,812 DEBUG: num batches per epoch: 100
2017-03-23 20:51:28,813 DEBUG: batchsize: 4831
2017-03-23 20:51:28,813 DEBUG: left and right entity ranking functions will rank a slot against 14951 competitors
2017-03-23 20:51:28,813 INFO: BEGIN TRAINING
2017-04-01 16:58:48,699 INFO: logger initialized for experiment identifier: Bilinear_Dot_ndim_50_marg_1.0_lrate_0.01_cost_margincost_pos_high_reg_0.01
2017-04-01 16:58:48,702 INFO: identifier: Bilinear_Dot_ndim_50_marg_1.0_lrate_0.01_cost_margincost_pos_high_reg_0.01
2017-04-01 16:58:48,702 INFO: models saved to path: /Users/corbinrosset/Dropbox/Arora/QA-code/src/KBC_Text/outputs/FB15k_Bilinear/
2017-04-01 16:58:48,702 INFO: DD{'ndim': 50, 'test_all': 10, 'Nsyn_rel': 1345, 'totepochs': 500, 'bestvalidMRR': -1, 'loadmodel': False, 'lremb': 0.01, 'nvalid': 1000, 'seed': 123, 'marge': 1.0, 'margincostfunction': 'margincost_pos_high', 'simfn': 'Dot', 'savepath': '/Users/corbinrosset/Dropbox/Arora/QA-code/src/KBC_Text/outputs/FB15k_Bilinear/Bilinear_Dot_ndim_50_marg_1.0_lrate_0.01_cost_margincost_pos_high_reg_0.01', 'dataset': 'FB15k', 'nbatches': 100, 'identifier': 'Bilinear_Dot_ndim_50_marg_1.0_lrate_0.01_cost_margincost_pos_high_reg_0.01', 'lrparam': 0.01, 'loademb': False, 'datapath': '/Users/corbinrosset/Dropbox/Arora/QA-code/src/KBC_Text/data/', 'ntrain': 1000, 'Nrel': 1345, 'experiment_type': 'FB15kexp', 'rel': False, 'Nent': 16296, 'logger': <logging.RootLogger object at 0x103cd6c90>, 'ntest': 1000, 'Nsyn': 14951, 'reg': 0.01, 'op': 'Bilinear'}
2017-04-01 16:58:50,394 DEBUG: FB15kexp: load_FB15k_data(): trainl(16296, 483142), trainr(16296, 483142), traino(1345, 483142), trainlidx(1000,)
2017-04-01 16:58:53,091 DEBUG: loaded data and constructed model...
2017-04-01 16:58:53,091 DEBUG: num epochs: 500
2017-04-01 16:58:53,091 DEBUG: num batches per epoch: 100
2017-04-01 16:58:53,092 DEBUG: batchsize: 4831
2017-04-01 16:58:53,092 DEBUG: left and right entity ranking functions will rank a slot against 14951 competitors
2017-04-01 16:58:53,092 INFO: BEGIN TRAINING
2017-04-01 17:00:49,856 INFO: logger initialized for experiment identifier: Bilinear_Dot_ndim_50_marg_1.0_lrate_0.01_cost_margincost_pos_high_reg_0.01
2017-04-01 17:00:49,856 INFO: identifier: Bilinear_Dot_ndim_50_marg_1.0_lrate_0.01_cost_margincost_pos_high_reg_0.01
2017-04-01 17:00:49,856 INFO: models saved to path: /Users/corbinrosset/Dropbox/Arora/QA-code/src/KBC_Text/outputs/FB15k_Bilinear/
2017-04-01 17:00:49,856 INFO: DD{'ndim': 50, 'test_all': 10, 'Nsyn_rel': 1345, 'totepochs': 500, 'bestvalidMRR': -1, 'loadmodel': False, 'lremb': 0.01, 'nvalid': 1000, 'seed': 123, 'marge': 1.0, 'margincostfunction': 'margincost_pos_high', 'simfn': 'Dot', 'savepath': '/Users/corbinrosset/Dropbox/Arora/QA-code/src/KBC_Text/outputs/FB15k_Bilinear/Bilinear_Dot_ndim_50_marg_1.0_lrate_0.01_cost_margincost_pos_high_reg_0.01', 'dataset': 'FB15k', 'nbatches': 100, 'identifier': 'Bilinear_Dot_ndim_50_marg_1.0_lrate_0.01_cost_margincost_pos_high_reg_0.01', 'lrparam': 0.01, 'loademb': False, 'datapath': '/Users/corbinrosset/Dropbox/Arora/QA-code/src/KBC_Text/data/', 'ntrain': 1000, 'Nrel': 1345, 'experiment_type': 'FB15kexp', 'rel': False, 'Nent': 16296, 'logger': <logging.RootLogger object at 0x108d91c90>, 'ntest': 1000, 'Nsyn': 14951, 'reg': 0.01, 'op': 'Bilinear'}
2017-04-01 17:00:51,537 DEBUG: FB15kexp: load_FB15k_data(): trainl(16296, 483142), trainr(16296, 483142), traino(1345, 483142), trainlidx(1000,)
2017-04-01 17:07:45,414 INFO: logger initialized for experiment identifier: Bilinear_Dot_ndim_50_marg_1.0_lrate_0.01_cost_margincost_pos_high_reg_0.01
2017-04-01 17:07:45,414 INFO: identifier: Bilinear_Dot_ndim_50_marg_1.0_lrate_0.01_cost_margincost_pos_high_reg_0.01
2017-04-01 17:07:45,414 INFO: models saved to path: /Users/corbinrosset/Dropbox/Arora/QA-code/src/KBC_Text/outputs/FB15k_Bilinear/
2017-04-01 17:07:45,414 INFO: DD{'ndim': 50, 'test_all': 10, 'Nsyn_rel': 1345, 'totepochs': 500, 'bestvalidMRR': -1, 'loadmodel': False, 'lremb': 0.01, 'nvalid': 1000, 'seed': 123, 'marge': 1.0, 'margincostfunction': 'margincost_pos_high', 'simfn': 'Dot', 'savepath': '/Users/corbinrosset/Dropbox/Arora/QA-code/src/KBC_Text/outputs/FB15k_Bilinear/Bilinear_Dot_ndim_50_marg_1.0_lrate_0.01_cost_margincost_pos_high_reg_0.01', 'dataset': 'FB15k', 'nbatches': 100, 'identifier': 'Bilinear_Dot_ndim_50_marg_1.0_lrate_0.01_cost_margincost_pos_high_reg_0.01', 'lrparam': 0.01, 'loademb': False, 'datapath': '/Users/corbinrosset/Dropbox/Arora/QA-code/src/KBC_Text/data/', 'ntrain': 1000, 'Nrel': 1345, 'experiment_type': 'FB15kexp', 'rel': False, 'Nent': 16296, 'logger': <logging.RootLogger object at 0x10f43dc90>, 'ntest': 1000, 'Nsyn': 14951, 'reg': 0.01, 'op': 'Bilinear'}
2017-04-01 17:07:47,073 DEBUG: FB15kexp: load_FB15k_data(): trainl(16296, 483142), trainr(16296, 483142), traino(1345, 483142), trainlidx(1000,)
2017-04-01 17:07:49,048 DEBUG: loaded data and constructed model...
2017-04-01 17:07:49,048 DEBUG: num epochs: 500
2017-04-01 17:07:49,048 DEBUG: num batches per epoch: 100
2017-04-01 17:07:49,048 DEBUG: batchsize: 4831
2017-04-01 17:07:49,048 DEBUG: left and right entity ranking functions will rank a slot against 14951 competitors
2017-04-01 17:07:49,048 INFO: BEGIN TRAINING
2017-04-01 17:08:43,440 INFO: logger initialized for experiment identifier: Bilinear_Dot_ndim_50_marg_1.0_lrate_0.01_cost_margincost_pos_high_reg_0.01
2017-04-01 17:08:43,440 INFO: identifier: Bilinear_Dot_ndim_50_marg_1.0_lrate_0.01_cost_margincost_pos_high_reg_0.01
2017-04-01 17:08:43,440 INFO: models saved to path: /Users/corbinrosset/Dropbox/Arora/QA-code/src/KBC_Text/outputs/FB15k_Bilinear/
2017-04-01 17:08:43,440 INFO: DD{'ndim': 50, 'test_all': 10, 'Nsyn_rel': 1345, 'totepochs': 500, 'bestvalidMRR': -1, 'loadmodel': False, 'lremb': 0.01, 'nvalid': 1000, 'seed': 123, 'marge': 1.0, 'margincostfunction': 'margincost_pos_high', 'simfn': 'Dot', 'savepath': '/Users/corbinrosset/Dropbox/Arora/QA-code/src/KBC_Text/outputs/FB15k_Bilinear/Bilinear_Dot_ndim_50_marg_1.0_lrate_0.01_cost_margincost_pos_high_reg_0.01', 'dataset': 'FB15k', 'nbatches': 100, 'identifier': 'Bilinear_Dot_ndim_50_marg_1.0_lrate_0.01_cost_margincost_pos_high_reg_0.01', 'lrparam': 0.01, 'loademb': False, 'datapath': '/Users/corbinrosset/Dropbox/Arora/QA-code/src/KBC_Text/data/', 'ntrain': 1000, 'Nrel': 1345, 'experiment_type': 'FB15kexp', 'rel': False, 'Nent': 16296, 'logger': <logging.RootLogger object at 0x10bac2c90>, 'ntest': 1000, 'Nsyn': 14951, 'reg': 0.01, 'op': 'Bilinear'}
2017-04-01 17:08:45,042 DEBUG: FB15kexp: load_FB15k_data(): trainl(16296, 483142), trainr(16296, 483142), traino(1345, 483142), trainlidx(1000,)
2017-04-01 17:08:46,959 DEBUG: loaded data and constructed model...
2017-04-01 17:08:46,959 DEBUG: num epochs: 500
2017-04-01 17:08:46,959 DEBUG: num batches per epoch: 100
2017-04-01 17:08:46,959 DEBUG: batchsize: 4831
2017-04-01 17:08:46,959 DEBUG: left and right entity ranking functions will rank a slot against 14951 competitors
2017-04-01 17:08:46,959 INFO: BEGIN TRAINING
2017-04-01 17:10:33,008 INFO: logger initialized for experiment identifier: Bilinear_Dot_ndim_50_marg_1.0_lrate_0.01_cost_margincost_pos_high_reg_0.01
2017-04-01 17:10:33,008 INFO: identifier: Bilinear_Dot_ndim_50_marg_1.0_lrate_0.01_cost_margincost_pos_high_reg_0.01
2017-04-01 17:10:33,008 INFO: models saved to path: /Users/corbinrosset/Dropbox/Arora/QA-code/src/KBC_Text/outputs/FB15k_Bilinear/
2017-04-01 17:10:33,008 INFO: DD{'ndim': 50, 'test_all': 10, 'Nsyn_rel': 1345, 'totepochs': 500, 'bestvalidMRR': -1, 'loadmodel': False, 'lremb': 0.01, 'nvalid': 1000, 'seed': 123, 'marge': 1.0, 'margincostfunction': 'margincost_pos_high', 'simfn': 'Dot', 'savepath': '/Users/corbinrosset/Dropbox/Arora/QA-code/src/KBC_Text/outputs/FB15k_Bilinear/Bilinear_Dot_ndim_50_marg_1.0_lrate_0.01_cost_margincost_pos_high_reg_0.01', 'dataset': 'FB15k', 'nbatches': 100, 'identifier': 'Bilinear_Dot_ndim_50_marg_1.0_lrate_0.01_cost_margincost_pos_high_reg_0.01', 'lrparam': 0.01, 'loademb': False, 'datapath': '/Users/corbinrosset/Dropbox/Arora/QA-code/src/KBC_Text/data/', 'ntrain': 1000, 'Nrel': 1345, 'experiment_type': 'FB15kexp', 'rel': False, 'Nent': 16296, 'logger': <logging.RootLogger object at 0x10c7d5c90>, 'ntest': 1000, 'Nsyn': 14951, 'reg': 0.01, 'op': 'Bilinear'}
2017-04-01 17:10:34,695 DEBUG: FB15kexp: load_FB15k_data(): trainl(16296, 483142), trainr(16296, 483142), traino(1345, 483142), trainlidx(1000,)
2017-04-01 17:10:36,595 DEBUG: loaded data and constructed model...
2017-04-01 17:10:36,596 DEBUG: num epochs: 500
2017-04-01 17:10:36,596 DEBUG: num batches per epoch: 100
2017-04-01 17:10:36,596 DEBUG: batchsize: 4831
2017-04-01 17:10:36,596 DEBUG: left and right entity ranking functions will rank a slot against 14951 competitors
2017-04-01 17:10:36,596 INFO: BEGIN TRAINING
2017-04-01 17:17:09,586 INFO: logger initialized for experiment identifier: Bilinear_Dot_ndim_50_marg_1.0_lrate_0.01_cost_margincost_pos_high_reg_0.01
2017-04-01 17:17:09,587 INFO: identifier: Bilinear_Dot_ndim_50_marg_1.0_lrate_0.01_cost_margincost_pos_high_reg_0.01
2017-04-01 17:17:09,587 INFO: models saved to path: /Users/corbinrosset/Dropbox/Arora/QA-code/src/KBC_Text/outputs/FB15k_Bilinear/
2017-04-01 17:17:09,587 INFO: DD{'ndim': 50, 'test_all': 10, 'Nsyn_rel': 1345, 'totepochs': 500, 'bestvalidMRR': -1, 'loadmodel': False, 'lremb': 0.01, 'nvalid': 1000, 'seed': 123, 'marge': 1.0, 'margincostfunction': 'margincost_pos_high', 'simfn': 'Dot', 'savepath': '/Users/corbinrosset/Dropbox/Arora/QA-code/src/KBC_Text/outputs/FB15k_Bilinear/Bilinear_Dot_ndim_50_marg_1.0_lrate_0.01_cost_margincost_pos_high_reg_0.01', 'dataset': 'FB15k', 'nbatches': 100, 'identifier': 'Bilinear_Dot_ndim_50_marg_1.0_lrate_0.01_cost_margincost_pos_high_reg_0.01', 'lrparam': 0.01, 'loademb': False, 'datapath': '/Users/corbinrosset/Dropbox/Arora/QA-code/src/KBC_Text/data/', 'ntrain': 1000, 'Nrel': 1345, 'experiment_type': 'FB15kexp', 'rel': False, 'Nent': 16296, 'logger': <logging.RootLogger object at 0x10aaa3c90>, 'ntest': 1000, 'Nsyn': 14951, 'reg': 0.01, 'op': 'Bilinear'}
2017-04-01 17:17:11,212 DEBUG: FB15kexp: load_FB15k_data(): trainl(16296, 483142), trainr(16296, 483142), traino(1345, 483142), trainlidx(1000,)
2017-04-01 17:17:12,692 DEBUG: loaded data and constructed model...
2017-04-01 17:17:12,692 DEBUG: num epochs: 500
2017-04-01 17:17:12,693 DEBUG: num batches per epoch: 100
2017-04-01 17:17:12,693 DEBUG: batchsize: 4831
2017-04-01 17:17:12,693 DEBUG: left and right entity ranking functions will rank a slot against 14951 competitors
2017-04-01 17:17:12,693 INFO: BEGIN TRAINING
2017-04-01 17:18:56,782 INFO: ----------------------------------------------------------------------------
2017-04-01 17:18:56,783 INFO: EPOCH 1 (104.089 seconds):
2017-04-01 17:18:56,842 INFO: 	Average L2 norm of relation vector: 0.03299
2017-04-01 17:18:56,842 INFO: 	COST >> 1.933 +/- 0.105, % updates Left: 98.51%  Right: 98.52%
2017-04-01 17:21:36,477 INFO: logger initialized for experiment identifier: Bilinear_Dot_ndim_50_marg_1.0_lrate_0.01_cost_margincost_pos_high_reg_0.01
2017-04-01 17:21:36,478 INFO: identifier: Bilinear_Dot_ndim_50_marg_1.0_lrate_0.01_cost_margincost_pos_high_reg_0.01
2017-04-01 17:21:36,478 INFO: models saved to path: /Users/corbinrosset/Dropbox/Arora/QA-code/src/KBC_Text/outputs/FB15k_Bilinear/
2017-04-01 17:21:36,478 INFO: DD{'ndim': 50, 'test_all': 10, 'Nsyn_rel': 1345, 'totepochs': 500, 'bestvalidMRR': -1, 'loadmodel': False, 'lremb': 0.01, 'nvalid': 1000, 'seed': 123, 'marge': 1.0, 'margincostfunction': 'margincost_pos_high', 'simfn': 'Dot', 'savepath': '/Users/corbinrosset/Dropbox/Arora/QA-code/src/KBC_Text/outputs/FB15k_Bilinear/Bilinear_Dot_ndim_50_marg_1.0_lrate_0.01_cost_margincost_pos_high_reg_0.01', 'dataset': 'FB15k', 'nbatches': 100, 'identifier': 'Bilinear_Dot_ndim_50_marg_1.0_lrate_0.01_cost_margincost_pos_high_reg_0.01', 'lrparam': 0.01, 'loademb': False, 'datapath': '/Users/corbinrosset/Dropbox/Arora/QA-code/src/KBC_Text/data/', 'ntrain': 1000, 'Nrel': 1345, 'experiment_type': 'FB15kexp', 'rel': False, 'Nent': 16296, 'logger': <logging.RootLogger object at 0x1109d5cd0>, 'ntest': 1000, 'Nsyn': 14951, 'reg': 0.01, 'op': 'Bilinear'}
2017-04-01 17:21:38,060 DEBUG: FB15kexp: load_FB15k_data(): trainl(16296, 483142), trainr(16296, 483142), traino(1345, 483142), trainlidx(1000,)
2017-04-01 17:21:39,442 DEBUG: loaded data and constructed model...
2017-04-01 17:21:39,442 DEBUG: num epochs: 500
2017-04-01 17:21:39,442 DEBUG: num batches per epoch: 100
2017-04-01 17:21:39,442 DEBUG: batchsize: 4831
2017-04-01 17:21:39,442 DEBUG: left and right entity ranking functions will rank a slot against 14951 competitors
2017-04-01 17:21:39,442 INFO: BEGIN TRAINING
2017-04-01 17:22:18,603 INFO: logger initialized for experiment identifier: Bilinear_Dot_ndim_50_marg_1.0_lrate_0.01_cost_margincost_pos_high_reg_0.01
2017-04-01 17:22:18,604 INFO: identifier: Bilinear_Dot_ndim_50_marg_1.0_lrate_0.01_cost_margincost_pos_high_reg_0.01
2017-04-01 17:22:18,604 INFO: models saved to path: /Users/corbinrosset/Dropbox/Arora/QA-code/src/KBC_Text/outputs/FB15k_Bilinear/
2017-04-01 17:22:18,604 INFO: DD{'ndim': 50, 'test_all': 10, 'Nsyn_rel': 1345, 'totepochs': 500, 'bestvalidMRR': -1, 'loadmodel': False, 'lremb': 0.01, 'nvalid': 1000, 'seed': 123, 'marge': 1.0, 'margincostfunction': 'margincost_pos_high', 'simfn': 'Dot', 'savepath': '/Users/corbinrosset/Dropbox/Arora/QA-code/src/KBC_Text/outputs/FB15k_Bilinear/Bilinear_Dot_ndim_50_marg_1.0_lrate_0.01_cost_margincost_pos_high_reg_0.01', 'dataset': 'FB15k', 'nbatches': 100, 'identifier': 'Bilinear_Dot_ndim_50_marg_1.0_lrate_0.01_cost_margincost_pos_high_reg_0.01', 'lrparam': 0.01, 'loademb': False, 'datapath': '/Users/corbinrosset/Dropbox/Arora/QA-code/src/KBC_Text/data/', 'ntrain': 1000, 'Nrel': 1345, 'experiment_type': 'FB15kexp', 'rel': False, 'Nent': 16296, 'logger': <logging.RootLogger object at 0x1071d7cd0>, 'ntest': 1000, 'Nsyn': 14951, 'reg': 0.01, 'op': 'Bilinear'}
2017-04-01 17:22:20,243 DEBUG: FB15kexp: load_FB15k_data(): trainl(16296, 483142), trainr(16296, 483142), traino(1345, 483142), trainlidx(1000,)
2017-04-01 17:22:21,614 DEBUG: loaded data and constructed model...
2017-04-01 17:22:21,615 DEBUG: num epochs: 500
2017-04-01 17:22:21,615 DEBUG: num batches per epoch: 100
2017-04-01 17:22:21,615 DEBUG: batchsize: 4831
2017-04-01 17:22:21,615 DEBUG: left and right entity ranking functions will rank a slot against 14951 competitors
2017-04-01 17:22:21,615 INFO: BEGIN TRAINING
2017-04-01 17:24:06,913 INFO: logger initialized for experiment identifier: Bilinear_Dot_ndim_50_marg_1.0_lrate_0.01_cost_margincost_pos_high_reg_0.01
2017-04-01 17:24:06,914 INFO: identifier: Bilinear_Dot_ndim_50_marg_1.0_lrate_0.01_cost_margincost_pos_high_reg_0.01
2017-04-01 17:24:06,914 INFO: models saved to path: /Users/corbinrosset/Dropbox/Arora/QA-code/src/KBC_Text/outputs/FB15k_Bilinear/
2017-04-01 17:24:06,914 INFO: DD{'ndim': 50, 'test_all': 10, 'Nsyn_rel': 1345, 'totepochs': 500, 'bestvalidMRR': -1, 'loadmodel': False, 'lremb': 0.01, 'nvalid': 1000, 'seed': 123, 'marge': 1.0, 'margincostfunction': 'margincost_pos_high', 'simfn': 'Dot', 'savepath': '/Users/corbinrosset/Dropbox/Arora/QA-code/src/KBC_Text/outputs/FB15k_Bilinear/Bilinear_Dot_ndim_50_marg_1.0_lrate_0.01_cost_margincost_pos_high_reg_0.01', 'dataset': 'FB15k', 'nbatches': 100, 'identifier': 'Bilinear_Dot_ndim_50_marg_1.0_lrate_0.01_cost_margincost_pos_high_reg_0.01', 'lrparam': 0.01, 'loademb': False, 'datapath': '/Users/corbinrosset/Dropbox/Arora/QA-code/src/KBC_Text/data/', 'ntrain': 1000, 'Nrel': 1345, 'experiment_type': 'FB15kexp', 'rel': False, 'Nent': 16296, 'logger': <logging.RootLogger object at 0x103d72cd0>, 'ntest': 1000, 'Nsyn': 14951, 'reg': 0.01, 'op': 'Bilinear'}
2017-04-01 17:24:08,561 DEBUG: FB15kexp: load_FB15k_data(): trainl(16296, 483142), trainr(16296, 483142), traino(1345, 483142), trainlidx(1000,)
2017-04-01 17:24:09,988 DEBUG: loaded data and constructed model...
2017-04-01 17:24:09,989 DEBUG: num epochs: 500
2017-04-01 17:24:09,989 DEBUG: num batches per epoch: 100
2017-04-01 17:24:09,989 DEBUG: batchsize: 4831
2017-04-01 17:24:09,989 DEBUG: left and right entity ranking functions will rank a slot against 14951 competitors
2017-04-01 17:24:09,989 INFO: BEGIN TRAINING
2017-04-01 17:24:55,577 INFO: logger initialized for experiment identifier: Bilinear_Dot_ndim_50_marg_1.0_lrate_0.01_cost_margincost_pos_high_reg_0.01
2017-04-01 17:24:55,577 INFO: identifier: Bilinear_Dot_ndim_50_marg_1.0_lrate_0.01_cost_margincost_pos_high_reg_0.01
2017-04-01 17:24:55,577 INFO: models saved to path: /Users/corbinrosset/Dropbox/Arora/QA-code/src/KBC_Text/outputs/FB15k_Bilinear/
2017-04-01 17:24:55,577 INFO: DD{'ndim': 50, 'test_all': 10, 'Nsyn_rel': 1345, 'totepochs': 500, 'bestvalidMRR': -1, 'loadmodel': False, 'lremb': 0.01, 'nvalid': 1000, 'seed': 123, 'marge': 1.0, 'margincostfunction': 'margincost_pos_high', 'simfn': 'Dot', 'savepath': '/Users/corbinrosset/Dropbox/Arora/QA-code/src/KBC_Text/outputs/FB15k_Bilinear/Bilinear_Dot_ndim_50_marg_1.0_lrate_0.01_cost_margincost_pos_high_reg_0.01', 'dataset': 'FB15k', 'nbatches': 100, 'identifier': 'Bilinear_Dot_ndim_50_marg_1.0_lrate_0.01_cost_margincost_pos_high_reg_0.01', 'lrparam': 0.01, 'loademb': False, 'datapath': '/Users/corbinrosset/Dropbox/Arora/QA-code/src/KBC_Text/data/', 'ntrain': 1000, 'Nrel': 1345, 'experiment_type': 'FB15kexp', 'rel': False, 'Nent': 16296, 'logger': <logging.RootLogger object at 0x101d6dcd0>, 'ntest': 1000, 'Nsyn': 14951, 'reg': 0.01, 'op': 'Bilinear'}
2017-04-01 17:24:57,250 DEBUG: FB15kexp: load_FB15k_data(): trainl(16296, 483142), trainr(16296, 483142), traino(1345, 483142), trainlidx(1000,)
2017-04-01 17:24:58,626 DEBUG: loaded data and constructed model...
2017-04-01 17:24:58,627 DEBUG: num epochs: 500
2017-04-01 17:24:58,627 DEBUG: num batches per epoch: 100
2017-04-01 17:24:58,627 DEBUG: batchsize: 4831
2017-04-01 17:24:58,627 DEBUG: left and right entity ranking functions will rank a slot against 14951 competitors
2017-04-01 17:24:58,627 INFO: BEGIN TRAINING
2017-04-01 17:26:39,732 INFO: logger initialized for experiment identifier: Bilinear_Dot_ndim_50_marg_1.0_lrate_0.01_cost_margincost_pos_high_reg_0.01
2017-04-01 17:26:39,732 INFO: identifier: Bilinear_Dot_ndim_50_marg_1.0_lrate_0.01_cost_margincost_pos_high_reg_0.01
2017-04-01 17:26:39,732 INFO: models saved to path: /Users/corbinrosset/Dropbox/Arora/QA-code/src/KBC_Text/outputs/FB15k_Bilinear/
2017-04-01 17:26:39,732 INFO: DD{'ndim': 50, 'test_all': 10, 'Nsyn_rel': 1345, 'totepochs': 500, 'bestvalidMRR': -1, 'loadmodel': False, 'lremb': 0.01, 'nvalid': 1000, 'seed': 123, 'marge': 1.0, 'margincostfunction': 'margincost_pos_high', 'simfn': 'Dot', 'savepath': '/Users/corbinrosset/Dropbox/Arora/QA-code/src/KBC_Text/outputs/FB15k_Bilinear/Bilinear_Dot_ndim_50_marg_1.0_lrate_0.01_cost_margincost_pos_high_reg_0.01', 'dataset': 'FB15k', 'nbatches': 100, 'identifier': 'Bilinear_Dot_ndim_50_marg_1.0_lrate_0.01_cost_margincost_pos_high_reg_0.01', 'lrparam': 0.01, 'loademb': False, 'datapath': '/Users/corbinrosset/Dropbox/Arora/QA-code/src/KBC_Text/data/', 'ntrain': 1000, 'Nrel': 1345, 'experiment_type': 'FB15kexp', 'rel': False, 'Nent': 16296, 'logger': <logging.RootLogger object at 0x10213ac90>, 'ntest': 1000, 'Nsyn': 14951, 'reg': 0.01, 'op': 'Bilinear'}
2017-04-01 17:26:41,395 DEBUG: FB15kexp: load_FB15k_data(): trainl(16296, 483142), trainr(16296, 483142), traino(1345, 483142), trainlidx(1000,)
2017-04-01 17:26:42,798 DEBUG: loaded data and constructed model...
2017-04-01 17:26:42,798 DEBUG: num epochs: 500
2017-04-01 17:26:42,798 DEBUG: num batches per epoch: 100
2017-04-01 17:26:42,798 DEBUG: batchsize: 4831
2017-04-01 17:26:42,798 DEBUG: left and right entity ranking functions will rank a slot against 14951 competitors
2017-04-01 17:26:42,798 INFO: BEGIN TRAINING
2017-04-01 17:28:22,781 INFO: ----------------------------------------------------------------------------
2017-04-01 17:28:22,781 INFO: EPOCH 1 (99.983 seconds):
2017-04-01 17:28:22,835 INFO: 	Average L2 norm of relation vector: 0.03299
2017-04-01 17:28:22,835 INFO: 	COST >> 1.933 +/- 0.105, % updates Left: 98.51%  Right: 98.52%
2017-04-01 17:30:02,598 INFO: ----------------------------------------------------------------------------
2017-04-01 17:30:02,599 INFO: EPOCH 2 (99.763 seconds):
2017-04-01 17:30:02,641 INFO: 	Average L2 norm of relation vector: 0.04897
2017-04-01 17:30:02,641 INFO: 	COST >> 0.845 +/- 0.328, % updates Left: 54.13%  Right: 53.85%
2017-04-01 17:31:43,701 INFO: ----------------------------------------------------------------------------
2017-04-01 17:31:43,701 INFO: EPOCH 3 (101.06 seconds):
2017-04-01 17:31:43,740 INFO: 	Average L2 norm of relation vector: 0.05612
2017-04-01 17:31:43,740 INFO: 	COST >> 0.319 +/- 0.05, % updates Left: 23.56%  Right: 22.85%
2017-04-01 17:33:29,518 INFO: ----------------------------------------------------------------------------
2017-04-01 17:33:29,518 INFO: EPOCH 4 (105.778 seconds):
2017-04-01 17:33:29,559 INFO: 	Average L2 norm of relation vector: 0.05982
2017-04-01 17:33:29,559 INFO: 	COST >> 0.217 +/- 0.015, % updates Left: 15.75%  Right: 14.91%
2017-04-01 17:35:14,564 INFO: ----------------------------------------------------------------------------
2017-04-01 17:35:14,565 INFO: EPOCH 5 (105.005 seconds):
2017-04-01 17:35:14,608 INFO: 	Average L2 norm of relation vector: 0.06233
2017-04-01 17:35:14,608 INFO: 	COST >> 0.178 +/- 0.01, % updates Left: 12.75%  Right: 11.93%
2017-04-01 17:36:59,229 INFO: ----------------------------------------------------------------------------
2017-04-01 17:36:59,229 INFO: EPOCH 6 (104.62 seconds):
2017-04-01 17:36:59,270 INFO: 	Average L2 norm of relation vector: 0.06417
2017-04-01 17:36:59,270 INFO: 	COST >> 0.156 +/- 0.006, % updates Left: 11.08%  Right: 10.2%
2017-04-01 17:38:42,613 INFO: ----------------------------------------------------------------------------
2017-04-01 17:38:42,613 INFO: EPOCH 7 (103.342 seconds):
2017-04-01 17:38:42,653 INFO: 	Average L2 norm of relation vector: 0.0656
2017-04-01 17:38:42,653 INFO: 	COST >> 0.142 +/- 0.006, % updates Left: 9.93%  Right: 9.13%
2017-04-01 17:40:24,981 INFO: ----------------------------------------------------------------------------
2017-04-01 17:40:24,982 INFO: EPOCH 8 (102.328 seconds):
2017-04-01 17:40:25,020 INFO: 	Average L2 norm of relation vector: 0.06672
2017-04-01 17:40:25,021 INFO: 	COST >> 0.131 +/- 0.005, % updates Left: 9.02%  Right: 8.3%
2017-04-01 17:42:07,597 INFO: ----------------------------------------------------------------------------
2017-04-01 17:42:07,598 INFO: EPOCH 9 (102.577 seconds):
2017-04-01 17:42:07,639 INFO: 	Average L2 norm of relation vector: 0.06761
2017-04-01 17:42:07,640 INFO: 	COST >> 0.123 +/- 0.005, % updates Left: 8.42%  Right: 7.72%
2017-04-01 17:43:50,377 INFO: ----------------------------------------------------------------------------
2017-04-01 17:43:50,377 INFO: EPOCH 10 (102.738 seconds):
2017-04-01 17:43:50,417 INFO: 	Average L2 norm of relation vector: 0.06832
2017-04-01 17:43:50,417 INFO: 	COST >> 0.118 +/- 0.005, % updates Left: 7.99%  Right: 7.24%
2017-04-01 17:43:50,417 INFO: 	FilteredRanking: evaluating rank on 1000 triples
2017-04-01 17:48:57,639 INFO: 	FilteredRanking: evaluating rank on 1000 triples
2017-04-01 17:54:08,169 INFO: 	MEAN RANK >> valid: 310.4, train: 243.1
2017-04-01 17:54:08,174 INFO: 		MEAN RANK TRAIN: Left: 258.9 Rel: 0.0 Right: 227.2
2017-04-01 17:54:08,175 INFO: 		MEAN RANK VALID: Left: 329.0 Rel: 0.0 Right: 291.8
2017-04-01 17:54:08,175 INFO: 		MEAN RECIPROCAL RANK VALID (L & R): 0.139
2017-04-01 17:54:08,175 INFO: 	FilteredRanking: evaluating rank on 1000 triples
2017-04-01 17:59:18,753 INFO: 	NEW BEST TEST MR: 295.7
2017-04-01 17:59:18,757 INFO: 		Left MR: 320.1 Rel MR: 0.0 Right MR: 271.3
2017-04-01 17:59:18,854 INFO: 	(ranking took 928.436 seconds)
2017-04-01 18:01:08,049 INFO: ----------------------------------------------------------------------------
2017-04-01 18:01:08,050 INFO: EPOCH 11 (109.196 seconds):
2017-04-01 18:01:08,091 INFO: 	Average L2 norm of relation vector: 0.06893
2017-04-01 18:01:08,091 INFO: 	COST >> 0.113 +/- 0.005, % updates Left: 7.56%  Right: 6.96%
2017-04-01 18:02:55,572 INFO: ----------------------------------------------------------------------------
2017-04-01 18:02:55,574 INFO: EPOCH 12 (107.483 seconds):
2017-04-01 18:02:55,614 INFO: 	Average L2 norm of relation vector: 0.06945
2017-04-01 18:02:55,614 INFO: 	COST >> 0.11 +/- 0.004, % updates Left: 7.34%  Right: 6.67%
2017-04-01 18:04:44,161 INFO: ----------------------------------------------------------------------------
2017-04-01 18:04:44,162 INFO: EPOCH 13 (108.547 seconds):
2017-04-01 18:04:44,207 INFO: 	Average L2 norm of relation vector: 0.06988
2017-04-01 18:04:44,208 INFO: 	COST >> 0.105 +/- 0.004, % updates Left: 7.01%  Right: 6.34%
2017-04-01 18:06:31,098 INFO: ----------------------------------------------------------------------------
2017-04-01 18:06:31,098 INFO: EPOCH 14 (106.89 seconds):
2017-04-01 18:06:31,144 INFO: 	Average L2 norm of relation vector: 0.07027
2017-04-01 18:06:31,145 INFO: 	COST >> 0.103 +/- 0.004, % updates Left: 6.8%  Right: 6.22%
2017-04-01 18:08:17,805 INFO: ----------------------------------------------------------------------------
2017-04-01 18:08:17,805 INFO: EPOCH 15 (106.66 seconds):
2017-04-01 18:08:17,844 INFO: 	Average L2 norm of relation vector: 0.07059
2017-04-01 18:08:17,844 INFO: 	COST >> 0.099 +/- 0.004, % updates Left: 6.6%  Right: 5.96%
2017-04-01 18:10:00,975 INFO: ----------------------------------------------------------------------------
2017-04-01 18:10:00,975 INFO: EPOCH 16 (103.13 seconds):
2017-04-01 18:10:01,020 INFO: 	Average L2 norm of relation vector: 0.07091
2017-04-01 18:10:01,020 INFO: 	COST >> 0.097 +/- 0.004, % updates Left: 6.47%  Right: 5.82%
2017-04-01 18:11:43,283 INFO: ----------------------------------------------------------------------------
2017-04-01 18:11:43,283 INFO: EPOCH 17 (102.263 seconds):
2017-04-01 18:11:43,324 INFO: 	Average L2 norm of relation vector: 0.07114
2017-04-01 18:11:43,324 INFO: 	COST >> 0.096 +/- 0.004, % updates Left: 6.29%  Right: 5.71%
2017-04-01 18:13:25,701 INFO: ----------------------------------------------------------------------------
2017-04-01 18:13:25,701 INFO: EPOCH 18 (102.376 seconds):
2017-04-01 18:13:25,741 INFO: 	Average L2 norm of relation vector: 0.07136
2017-04-01 18:13:25,741 INFO: 	COST >> 0.093 +/- 0.004, % updates Left: 6.14%  Right: 5.59%
2017-04-01 18:15:12,282 INFO: ----------------------------------------------------------------------------
2017-04-01 18:15:12,282 INFO: EPOCH 19 (106.541 seconds):
2017-04-01 18:15:12,322 INFO: 	Average L2 norm of relation vector: 0.07152
2017-04-01 18:15:12,323 INFO: 	COST >> 0.091 +/- 0.004, % updates Left: 5.95%  Right: 5.42%
2017-04-01 18:16:59,626 INFO: ----------------------------------------------------------------------------
2017-04-01 18:16:59,626 INFO: EPOCH 20 (107.303 seconds):
2017-04-01 18:16:59,667 INFO: 	Average L2 norm of relation vector: 0.0717
2017-04-01 18:16:59,668 INFO: 	COST >> 0.09 +/- 0.004, % updates Left: 5.89%  Right: 5.38%
2017-04-01 18:16:59,668 INFO: 	FilteredRanking: evaluating rank on 1000 triples
2017-04-01 18:21:49,243 INFO: 	FilteredRanking: evaluating rank on 1000 triples
2017-04-01 18:26:51,852 INFO: 	MEAN RANK >> valid: 228.5, train: 183.2
2017-04-01 18:26:51,853 INFO: 		MEAN RANK TRAIN: Left: 197.4 Rel: 0.0 Right: 169.1
2017-04-01 18:26:51,853 INFO: 		MEAN RANK VALID: Left: 248.8 Rel: 0.0 Right: 208.2
2017-04-01 18:26:51,853 INFO: 		MEAN RECIPROCAL RANK VALID (L & R): 0.148
2017-04-01 18:26:51,854 INFO: 	FilteredRanking: evaluating rank on 1000 triples
2017-04-01 18:32:01,382 INFO: 	NEW BEST TEST MR: 235.6
2017-04-01 18:32:01,383 INFO: 		Left MR: 256.7 Rel MR: 0.0 Right MR: 214.6
2017-04-01 18:32:01,485 INFO: 	(ranking took 901.817 seconds)
2017-04-01 18:33:45,616 INFO: ----------------------------------------------------------------------------
2017-04-01 18:33:45,616 INFO: EPOCH 21 (104.131 seconds):
2017-04-01 18:33:45,656 INFO: 	Average L2 norm of relation vector: 0.07184
2017-04-01 18:33:45,656 INFO: 	COST >> 0.089 +/- 0.004, % updates Left: 5.83%  Right: 5.28%
2017-04-01 18:35:28,948 INFO: ----------------------------------------------------------------------------
2017-04-01 18:35:28,948 INFO: EPOCH 22 (103.292 seconds):
2017-04-01 18:35:28,992 INFO: 	Average L2 norm of relation vector: 0.07198
2017-04-01 18:35:28,992 INFO: 	COST >> 0.086 +/- 0.004, % updates Left: 5.73%  Right: 5.12%
2017-04-01 18:37:11,832 INFO: ----------------------------------------------------------------------------
2017-04-01 18:37:11,832 INFO: EPOCH 23 (102.839 seconds):
2017-04-01 18:37:11,873 INFO: 	Average L2 norm of relation vector: 0.0721
2017-04-01 18:37:11,874 INFO: 	COST >> 0.085 +/- 0.004, % updates Left: 5.64%  Right: 5.01%
2017-04-01 18:38:52,359 INFO: ----------------------------------------------------------------------------
2017-04-01 18:38:52,359 INFO: EPOCH 24 (100.485 seconds):
2017-04-01 18:38:52,400 INFO: 	Average L2 norm of relation vector: 0.07223
2017-04-01 18:38:52,400 INFO: 	COST >> 0.084 +/- 0.004, % updates Left: 5.61%  Right: 5.02%
2017-04-01 18:40:36,708 INFO: ----------------------------------------------------------------------------
2017-04-01 18:40:36,708 INFO: EPOCH 25 (104.308 seconds):
2017-04-01 18:40:36,748 INFO: 	Average L2 norm of relation vector: 0.07232
2017-04-01 18:40:36,748 INFO: 	COST >> 0.082 +/- 0.004, % updates Left: 5.46%  Right: 4.91%
2017-04-01 18:42:18,537 INFO: ----------------------------------------------------------------------------
2017-04-01 18:42:18,538 INFO: EPOCH 26 (101.789 seconds):
2017-04-01 18:42:18,578 INFO: 	Average L2 norm of relation vector: 0.07241
2017-04-01 18:42:18,579 INFO: 	COST >> 0.082 +/- 0.003, % updates Left: 5.41%  Right: 4.86%
2017-04-01 18:44:01,285 INFO: ----------------------------------------------------------------------------
2017-04-01 18:44:01,285 INFO: EPOCH 27 (102.706 seconds):
2017-04-01 18:44:01,328 INFO: 	Average L2 norm of relation vector: 0.07249
2017-04-01 18:44:01,328 INFO: 	COST >> 0.08 +/- 0.003, % updates Left: 5.31%  Right: 4.85%
2017-04-01 18:45:43,947 INFO: ----------------------------------------------------------------------------
2017-04-01 18:45:43,947 INFO: EPOCH 28 (102.618 seconds):
2017-04-01 18:45:43,988 INFO: 	Average L2 norm of relation vector: 0.07256
2017-04-01 18:45:43,989 INFO: 	COST >> 0.079 +/- 0.004, % updates Left: 5.31%  Right: 4.71%
2017-04-01 18:47:26,704 INFO: ----------------------------------------------------------------------------
2017-04-01 18:47:26,704 INFO: EPOCH 29 (102.715 seconds):
2017-04-01 18:47:26,746 INFO: 	Average L2 norm of relation vector: 0.07264
2017-04-01 18:47:26,747 INFO: 	COST >> 0.078 +/- 0.004, % updates Left: 5.21%  Right: 4.71%
2017-04-01 18:49:09,648 INFO: ----------------------------------------------------------------------------
2017-04-01 18:49:09,648 INFO: EPOCH 30 (102.901 seconds):
2017-04-01 18:49:09,689 INFO: 	Average L2 norm of relation vector: 0.07269
2017-04-01 18:49:09,689 INFO: 	COST >> 0.076 +/- 0.003, % updates Left: 5.16%  Right: 4.56%
2017-04-01 18:49:09,690 INFO: 	FilteredRanking: evaluating rank on 1000 triples
2017-04-01 18:54:23,683 INFO: 	FilteredRanking: evaluating rank on 1000 triples
2017-04-01 18:59:35,319 INFO: 	MEAN RANK >> valid: 195.2, train: 139.9
2017-04-01 18:59:35,322 INFO: 		MEAN RANK TRAIN: Left: 145.9 Rel: 0.0 Right: 133.9
2017-04-01 18:59:35,322 INFO: 		MEAN RANK VALID: Left: 221.8 Rel: 0.0 Right: 168.6
2017-04-01 18:59:35,322 INFO: 		MEAN RECIPROCAL RANK VALID (L & R): 0.1515
2017-04-01 18:59:35,322 INFO: 	FilteredRanking: evaluating rank on 1000 triples
2017-04-01 19:04:46,862 INFO: 	NEW BEST TEST MR: 191.1
2017-04-01 19:04:46,866 INFO: 		Left MR: 205.6 Rel MR: 0.0 Right MR: 176.7
2017-04-01 19:04:46,975 INFO: 	(ranking took 937.285 seconds)
2017-04-01 19:06:32,324 INFO: ----------------------------------------------------------------------------
2017-04-01 19:06:32,325 INFO: EPOCH 31 (105.349 seconds):
2017-04-01 19:06:32,367 INFO: 	Average L2 norm of relation vector: 0.07275
2017-04-01 19:06:32,368 INFO: 	COST >> 0.076 +/- 0.003, % updates Left: 5.07%  Right: 4.57%
2017-04-01 19:08:14,866 INFO: ----------------------------------------------------------------------------
2017-04-01 19:08:14,866 INFO: EPOCH 32 (102.498 seconds):
2017-04-01 19:08:14,905 INFO: 	Average L2 norm of relation vector: 0.07283
2017-04-01 19:08:14,906 INFO: 	COST >> 0.075 +/- 0.003, % updates Left: 5.09%  Right: 4.58%
2017-04-01 19:09:57,364 INFO: ----------------------------------------------------------------------------
2017-04-01 19:09:57,364 INFO: EPOCH 33 (102.458 seconds):
2017-04-01 19:09:57,404 INFO: 	Average L2 norm of relation vector: 0.07288
2017-04-01 19:09:57,404 INFO: 	COST >> 0.074 +/- 0.003, % updates Left: 4.99%  Right: 4.49%
2017-04-01 19:11:42,860 INFO: ----------------------------------------------------------------------------
2017-04-01 19:11:42,860 INFO: EPOCH 34 (105.456 seconds):
2017-04-01 19:11:42,902 INFO: 	Average L2 norm of relation vector: 0.07292
2017-04-01 19:11:42,902 INFO: 	COST >> 0.073 +/- 0.004, % updates Left: 4.9%  Right: 4.43%
2017-04-01 19:13:30,050 INFO: ----------------------------------------------------------------------------
2017-04-01 19:13:30,051 INFO: EPOCH 35 (107.148 seconds):
2017-04-01 19:13:30,089 INFO: 	Average L2 norm of relation vector: 0.07296
2017-04-01 19:13:30,089 INFO: 	COST >> 0.072 +/- 0.004, % updates Left: 4.86%  Right: 4.38%
2017-04-01 19:38:32,162 INFO: ----------------------------------------------------------------------------
2017-04-01 19:38:32,163 INFO: EPOCH 36 (1502.074 seconds):
2017-04-01 19:38:32,204 INFO: 	Average L2 norm of relation vector: 0.07298
2017-04-01 19:38:32,205 INFO: 	COST >> 0.071 +/- 0.003, % updates Left: 4.8%  Right: 4.33%
2017-04-01 19:40:23,667 INFO: ----------------------------------------------------------------------------
2017-04-01 19:40:23,670 INFO: EPOCH 37 (111.464 seconds):
2017-04-01 19:40:23,711 INFO: 	Average L2 norm of relation vector: 0.07303
2017-04-01 19:40:23,712 INFO: 	COST >> 0.071 +/- 0.003, % updates Left: 4.81%  Right: 4.34%
2017-04-01 19:42:07,537 INFO: ----------------------------------------------------------------------------
2017-04-01 19:42:07,537 INFO: EPOCH 38 (103.826 seconds):
2017-04-01 19:42:07,579 INFO: 	Average L2 norm of relation vector: 0.07307
2017-04-01 19:42:07,580 INFO: 	COST >> 0.07 +/- 0.003, % updates Left: 4.79%  Right: 4.27%
2017-04-01 19:43:50,101 INFO: ----------------------------------------------------------------------------
2017-04-01 19:43:50,101 INFO: EPOCH 39 (102.521 seconds):
2017-04-01 19:43:50,142 INFO: 	Average L2 norm of relation vector: 0.07311
2017-04-01 19:43:50,142 INFO: 	COST >> 0.069 +/- 0.003, % updates Left: 4.73%  Right: 4.24%
2017-04-01 19:45:32,211 INFO: ----------------------------------------------------------------------------
2017-04-01 19:45:32,211 INFO: EPOCH 40 (102.069 seconds):
2017-04-01 19:45:32,250 INFO: 	Average L2 norm of relation vector: 0.07314
2017-04-01 19:45:32,251 INFO: 	COST >> 0.069 +/- 0.003, % updates Left: 4.66%  Right: 4.22%
2017-04-01 19:45:32,251 INFO: 	FilteredRanking: evaluating rank on 1000 triples
2017-04-01 19:50:45,116 INFO: 	FilteredRanking: evaluating rank on 1000 triples
2017-04-01 19:55:58,993 INFO: 	MEAN RANK >> valid: 165.4, train: 114.2
2017-04-01 19:55:58,994 INFO: 		MEAN RANK TRAIN: Left: 119.9 Rel: 0.0 Right: 108.6
2017-04-01 19:55:58,994 INFO: 		MEAN RANK VALID: Left: 185.1 Rel: 0.0 Right: 145.6
2017-04-01 19:55:58,994 INFO: 		MEAN RECIPROCAL RANK VALID (L & R): 0.1595
2017-04-01 19:55:58,994 INFO: 	FilteredRanking: evaluating rank on 1000 triples
2017-04-01 20:01:13,402 INFO: 	NEW BEST TEST MR: 163.2
2017-04-01 20:01:13,403 INFO: 		Left MR: 172.5 Rel MR: 0.0 Right MR: 154.0
2017-04-01 20:01:13,506 INFO: 	(ranking took 941.255 seconds)
2017-04-01 20:03:01,750 INFO: ----------------------------------------------------------------------------
2017-04-01 20:03:01,750 INFO: EPOCH 41 (108.244 seconds):
2017-04-01 20:03:01,793 INFO: 	Average L2 norm of relation vector: 0.07317
2017-04-01 20:03:01,793 INFO: 	COST >> 0.068 +/- 0.003, % updates Left: 4.64%  Right: 4.21%
2017-04-01 20:04:49,127 INFO: ----------------------------------------------------------------------------
2017-04-01 20:04:49,127 INFO: EPOCH 42 (107.334 seconds):
2017-04-01 20:04:49,170 INFO: 	Average L2 norm of relation vector: 0.07319
2017-04-01 20:04:49,171 INFO: 	COST >> 0.067 +/- 0.003, % updates Left: 4.55%  Right: 4.16%
2017-04-01 20:06:36,389 INFO: ----------------------------------------------------------------------------
2017-04-01 20:06:36,390 INFO: EPOCH 43 (107.219 seconds):
2017-04-01 20:06:36,430 INFO: 	Average L2 norm of relation vector: 0.07322
2017-04-01 20:06:36,430 INFO: 	COST >> 0.067 +/- 0.003, % updates Left: 4.63%  Right: 4.11%
2017-04-01 20:08:23,858 INFO: ----------------------------------------------------------------------------
2017-04-01 20:08:23,858 INFO: EPOCH 44 (107.428 seconds):
2017-04-01 20:08:23,901 INFO: 	Average L2 norm of relation vector: 0.07323
2017-04-01 20:08:23,902 INFO: 	COST >> 0.066 +/- 0.003, % updates Left: 4.52%  Right: 4.1%
2017-04-01 20:10:11,013 INFO: ----------------------------------------------------------------------------
2017-04-01 20:10:11,013 INFO: EPOCH 45 (107.111 seconds):
2017-04-01 20:10:11,056 INFO: 	Average L2 norm of relation vector: 0.07327
2017-04-01 20:10:11,057 INFO: 	COST >> 0.066 +/- 0.003, % updates Left: 4.59%  Right: 4.09%
2017-04-01 20:11:58,160 INFO: ----------------------------------------------------------------------------
2017-04-01 20:11:58,160 INFO: EPOCH 46 (107.103 seconds):
2017-04-01 20:11:58,204 INFO: 	Average L2 norm of relation vector: 0.07328
2017-04-01 20:11:58,205 INFO: 	COST >> 0.066 +/- 0.003, % updates Left: 4.52%  Right: 4.03%
2017-04-01 20:13:45,415 INFO: ----------------------------------------------------------------------------
2017-04-01 20:13:45,416 INFO: EPOCH 47 (107.211 seconds):
2017-04-01 20:13:45,463 INFO: 	Average L2 norm of relation vector: 0.07328
2017-04-01 20:13:45,463 INFO: 	COST >> 0.065 +/- 0.003, % updates Left: 4.45%  Right: 4.01%
2017-04-01 20:15:34,941 INFO: ----------------------------------------------------------------------------
2017-04-01 20:15:34,941 INFO: EPOCH 48 (109.478 seconds):
2017-04-01 20:15:34,985 INFO: 	Average L2 norm of relation vector: 0.0733
2017-04-01 20:15:34,985 INFO: 	COST >> 0.065 +/- 0.003, % updates Left: 4.48%  Right: 4.04%
2017-04-01 20:17:23,566 INFO: ----------------------------------------------------------------------------
2017-04-01 20:17:23,573 INFO: EPOCH 49 (108.588 seconds):
2017-04-01 20:17:23,614 INFO: 	Average L2 norm of relation vector: 0.07331
2017-04-01 20:17:23,615 INFO: 	COST >> 0.064 +/- 0.003, % updates Left: 4.4%  Right: 3.97%
2017-04-01 20:19:11,726 INFO: ----------------------------------------------------------------------------
2017-04-01 20:19:11,726 INFO: EPOCH 50 (108.111 seconds):
2017-04-01 20:19:11,767 INFO: 	Average L2 norm of relation vector: 0.07332
2017-04-01 20:19:11,767 INFO: 	COST >> 0.064 +/- 0.003, % updates Left: 4.38%  Right: 3.97%
2017-04-01 20:19:11,767 INFO: 	FilteredRanking: evaluating rank on 1000 triples
2017-04-01 20:24:26,197 INFO: 	FilteredRanking: evaluating rank on 1000 triples
2017-04-01 20:29:29,850 INFO: 	MEAN RANK >> valid: 140.4, train: 99.6
2017-04-01 20:29:29,851 INFO: 		MEAN RANK TRAIN: Left: 101.3 Rel: 0.0 Right: 97.9
2017-04-01 20:29:29,851 INFO: 		MEAN RANK VALID: Left: 156.6 Rel: 0.0 Right: 124.1
2017-04-01 20:29:29,851 INFO: 		MEAN RECIPROCAL RANK VALID (L & R): 0.162
2017-04-01 20:29:29,851 INFO: 	FilteredRanking: evaluating rank on 1000 triples
2017-04-01 20:34:37,527 INFO: 	NEW BEST TEST MR: 142.6
2017-04-01 20:34:37,531 INFO: 		Left MR: 154.8 Rel MR: 0.0 Right MR: 130.5
2017-04-01 20:34:37,628 INFO: 	(ranking took 925.861 seconds)
2017-04-01 20:36:22,227 INFO: ----------------------------------------------------------------------------
2017-04-01 20:36:22,227 INFO: EPOCH 51 (104.599 seconds):
2017-04-01 20:36:22,268 INFO: 	Average L2 norm of relation vector: 0.0733
2017-04-01 20:36:22,268 INFO: 	COST >> 0.063 +/- 0.003, % updates Left: 4.35%  Right: 3.9%
2017-04-01 20:38:05,022 INFO: ----------------------------------------------------------------------------
2017-04-01 20:38:05,022 INFO: EPOCH 52 (102.753 seconds):
2017-04-01 20:38:05,061 INFO: 	Average L2 norm of relation vector: 0.07331
2017-04-01 20:38:05,061 INFO: 	COST >> 0.063 +/- 0.003, % updates Left: 4.33%  Right: 3.91%
2017-04-01 20:39:47,864 INFO: ----------------------------------------------------------------------------
2017-04-01 20:39:47,864 INFO: EPOCH 53 (102.802 seconds):
2017-04-01 20:39:47,904 INFO: 	Average L2 norm of relation vector: 0.07332
2017-04-01 20:39:47,905 INFO: 	COST >> 0.063 +/- 0.003, % updates Left: 4.32%  Right: 3.92%
2017-04-01 20:41:32,088 INFO: ----------------------------------------------------------------------------
2017-04-01 20:41:32,088 INFO: EPOCH 54 (104.183 seconds):
2017-04-01 20:41:32,127 INFO: 	Average L2 norm of relation vector: 0.07333
2017-04-01 20:41:32,128 INFO: 	COST >> 0.062 +/- 0.003, % updates Left: 4.33%  Right: 3.9%
