2017-03-20 20:46:07,082 INFO: logger initialized for experiment identifier: BilinearDiag_Dot_ndim_200_marg_1.0_lrate_0.01_cost_margincost_pos_high_reg_0.01
2017-03-20 20:46:07,083 INFO: identifier: BilinearDiag_Dot_ndim_200_marg_1.0_lrate_0.01_cost_margincost_pos_high_reg_0.01
2017-03-20 20:46:07,083 INFO: models saved to path: /home/ubuntu/Thesis_code/KBC_Text/outputs/FB15k_BilinearDiag/
2017-03-20 20:46:07,084 INFO: DD{'ndim': 200, 'test_all': 10, 'Nsyn_rel': 1345, 'totepochs': 500, 'bestvalidMRR': -1, 'loadmodel': False, 'lremb': 0.01, 'nvalid': 1000, 'seed': 123, 'marge': 1.0, 'margincostfunction': 'margincost_pos_high', 'simfn': 'Dot', 'savepath': '/home/ubuntu/Thesis_code/KBC_Text/outputs/FB15k_BilinearDiag/BilinearDiag_Dot_ndim_200_marg_1.0_lrate_0.01_cost_margincost_pos_high_reg_0.01', 'dataset': 'FB15k', 'nbatches': 100, 'identifier': 'BilinearDiag_Dot_ndim_200_marg_1.0_lrate_0.01_cost_margincost_pos_high_reg_0.01', 'lrparam': 0.01, 'loademb': False, 'datapath': '/home/ubuntu/Thesis_code/KBC_Text/data/', 'ntrain': 1000, 'Nrel': 1345, 'experiment_type': 'FB15kexp', 'rel': False, 'Nent': 16296, 'logger': <logging.RootLogger object at 0x7f3da38c3690>, 'ntest': 1000, 'Nsyn': 14951, 'reg': 0.01, 'op': 'BilinearDiag'}
2017-03-20 20:46:10,804 DEBUG: FB15kexp: load_FB15k_data(): trainl(16296, 483142), trainr(16296, 483142), traino(1345, 483142), trainlidx(1000,)
2017-03-20 20:46:15,251 DEBUG: loaded data and constructed model...
2017-03-20 20:46:15,252 DEBUG: num epochs: 500
2017-03-20 20:46:15,253 DEBUG: num batches per epoch: 100
2017-03-20 20:46:15,253 DEBUG: batchsize: 4831
2017-03-20 20:46:15,253 DEBUG: left and right entity ranking functions will rank a slot against 14951 competitors
2017-03-20 20:46:15,253 INFO: BEGIN TRAINING
2017-03-20 20:51:33,918 INFO: ----------------------------------------------------------------------------
2017-03-20 20:51:33,928 INFO: EPOCH 1 (318.675 seconds):
2017-03-20 20:51:33,977 INFO: 	Average L2 norm of relation vector: 0.02676
2017-03-20 20:51:33,979 INFO: 	COST >> 2.003 +/- 0.0, % updates Left: 100.0%  Right: 100.0%
2017-03-20 20:55:34,685 INFO: ----------------------------------------------------------------------------
2017-03-20 20:55:34,686 INFO: EPOCH 2 (240.707 seconds):
2017-03-20 20:55:34,690 INFO: 	Average L2 norm of relation vector: 0.02636
2017-03-20 20:55:34,691 INFO: 	COST >> 2.001 +/- 0.0, % updates Left: 100.0%  Right: 100.0%
2017-03-20 20:59:50,171 INFO: ----------------------------------------------------------------------------
2017-03-20 20:59:50,172 INFO: EPOCH 3 (255.467 seconds):
2017-03-20 20:59:50,176 INFO: 	Average L2 norm of relation vector: 0.0261
2017-03-20 20:59:50,177 INFO: 	COST >> 2.0 +/- 0.0, % updates Left: 100.0%  Right: 100.0%
2017-03-20 21:06:00,140 INFO: ----------------------------------------------------------------------------
2017-03-20 21:06:00,152 INFO: EPOCH 4 (369.975 seconds):
2017-03-20 21:06:00,157 INFO: 	Average L2 norm of relation vector: 0.02649
2017-03-20 21:06:00,169 INFO: 	COST >> 1.994 +/- 0.008, % updates Left: 100.0%  Right: 100.0%
2017-03-20 21:13:54,943 INFO: ----------------------------------------------------------------------------
2017-03-20 21:13:54,956 INFO: EPOCH 5 (474.787 seconds):
2017-03-20 21:13:54,963 INFO: 	Average L2 norm of relation vector: 0.02783
2017-03-20 21:13:54,964 INFO: 	COST >> 1.912 +/- 0.013, % updates Left: 96.43%  Right: 96.38%
2017-03-20 21:22:53,855 INFO: ----------------------------------------------------------------------------
2017-03-20 21:22:53,855 INFO: EPOCH 6 (538.891 seconds):
2017-03-20 21:22:53,859 INFO: 	Average L2 norm of relation vector: 0.03438
2017-03-20 21:22:53,869 INFO: 	COST >> 1.737 +/- 0.12, % updates Left: 90.82%  Right: 90.73%
2017-03-20 21:30:36,122 INFO: ----------------------------------------------------------------------------
2017-03-20 21:30:36,122 INFO: EPOCH 7 (462.253 seconds):
2017-03-20 21:30:36,128 INFO: 	Average L2 norm of relation vector: 0.04501
2017-03-20 21:30:36,141 INFO: 	COST >> 1.124 +/- 0.176, % updates Left: 64.37%  Right: 64.31%
2017-03-20 21:40:29,431 INFO: ----------------------------------------------------------------------------
2017-03-20 21:40:29,444 INFO: EPOCH 8 (593.303 seconds):
2017-03-20 21:40:29,449 INFO: 	Average L2 norm of relation vector: 0.05391
2017-03-20 21:40:29,450 INFO: 	COST >> 0.6 +/- 0.092, % updates Left: 38.78%  Right: 38.48%
2017-03-20 21:44:56,924 INFO: ----------------------------------------------------------------------------
2017-03-20 21:44:56,925 INFO: EPOCH 9 (267.475 seconds):
2017-03-20 21:44:56,930 INFO: 	Average L2 norm of relation vector: 0.05922
2017-03-20 21:44:56,945 INFO: 	COST >> 0.414 +/- 0.025, % updates Left: 27.12%  Right: 26.72%
2017-03-20 21:49:44,882 INFO: ----------------------------------------------------------------------------
2017-03-20 21:49:44,883 INFO: EPOCH 10 (287.937 seconds):
2017-03-20 21:49:44,887 INFO: 	Average L2 norm of relation vector: 0.06288
2017-03-20 21:49:44,888 INFO: 	COST >> 0.351 +/- 0.014, % updates Left: 22.64%  Right: 22.16%
2017-03-20 21:49:44,888 INFO: 	FilteredRanking: evaluating rank on 1000 triples
2017-03-20 21:53:56,466 INFO: 	FilteredRanking: evaluating rank on 1000 triples
2017-03-20 21:58:35,376 INFO: 	MEAN RANK >> valid: 869.1, train: 719.3
2017-03-20 21:58:35,377 INFO: 		MEAN RANK TRAIN: Left: 728.0 Rel: 0.0 Right: 710.5
2017-03-20 21:58:35,389 INFO: 		MEAN RANK VALID: Left: 936.1 Rel: 0.0 Right: 802.2
2017-03-20 21:58:35,390 INFO: 		MEAN RECIPROCAL RANK VALID (L & R): 0.0465
2017-03-20 21:58:35,390 INFO: 	FilteredRanking: evaluating rank on 1000 triples
2017-03-20 22:02:59,640 INFO: 	NEW BEST TEST MR: 799.4
2017-03-20 22:02:59,646 INFO: 		Left MR: 839.2 Rel MR: 0.0 Right MR: 759.7
2017-03-20 22:02:59,880 INFO: 	(ranking took 794.992 seconds)
2017-03-20 22:06:18,187 INFO: ----------------------------------------------------------------------------
2017-03-20 22:06:18,200 INFO: EPOCH 11 (198.32 seconds):
2017-03-20 22:06:18,204 INFO: 	Average L2 norm of relation vector: 0.06579
2017-03-20 22:06:18,205 INFO: 	COST >> 0.316 +/- 0.01, % updates Left: 20.29%  Right: 19.82%
2017-03-20 22:11:51,091 INFO: ----------------------------------------------------------------------------
2017-03-20 22:11:51,091 INFO: EPOCH 12 (332.886 seconds):
2017-03-20 22:11:51,095 INFO: 	Average L2 norm of relation vector: 0.06831
2017-03-20 22:11:51,097 INFO: 	COST >> 0.289 +/- 0.01, % updates Left: 18.73%  Right: 18.2%
2017-03-20 22:15:34,094 INFO: ----------------------------------------------------------------------------
2017-03-20 22:15:34,104 INFO: EPOCH 13 (223.007 seconds):
2017-03-20 22:15:34,108 INFO: 	Average L2 norm of relation vector: 0.07045
2017-03-20 22:15:34,121 INFO: 	COST >> 0.27 +/- 0.008, % updates Left: 17.4%  Right: 16.92%
2017-03-20 22:21:41,244 INFO: ----------------------------------------------------------------------------
2017-03-20 22:21:41,244 INFO: EPOCH 14 (367.123 seconds):
2017-03-20 22:21:41,249 INFO: 	Average L2 norm of relation vector: 0.07236
2017-03-20 22:21:41,261 INFO: 	COST >> 0.252 +/- 0.01, % updates Left: 16.39%  Right: 15.81%
2017-03-20 22:27:07,535 INFO: ----------------------------------------------------------------------------
2017-03-20 22:27:07,536 INFO: EPOCH 15 (326.274 seconds):
2017-03-20 22:27:07,540 INFO: 	Average L2 norm of relation vector: 0.07398
2017-03-20 22:27:07,553 INFO: 	COST >> 0.239 +/- 0.007, % updates Left: 15.35%  Right: 14.91%
2017-03-20 22:33:13,626 INFO: ----------------------------------------------------------------------------
2017-03-20 22:33:13,636 INFO: EPOCH 16 (366.083 seconds):
2017-03-20 22:33:13,640 INFO: 	Average L2 norm of relation vector: 0.07542
2017-03-20 22:33:13,642 INFO: 	COST >> 0.229 +/- 0.008, % updates Left: 14.79%  Right: 14.25%
2017-03-20 22:38:25,625 INFO: ----------------------------------------------------------------------------
2017-03-20 22:38:25,636 INFO: EPOCH 17 (311.994 seconds):
2017-03-20 22:38:25,640 INFO: 	Average L2 norm of relation vector: 0.07672
2017-03-20 22:38:25,641 INFO: 	COST >> 0.221 +/- 0.006, % updates Left: 14.22%  Right: 13.7%
2017-03-20 22:42:53,392 INFO: ----------------------------------------------------------------------------
2017-03-20 22:42:53,404 INFO: EPOCH 18 (267.763 seconds):
2017-03-20 22:42:53,412 INFO: 	Average L2 norm of relation vector: 0.07787
2017-03-20 22:42:53,425 INFO: 	COST >> 0.214 +/- 0.008, % updates Left: 13.71%  Right: 13.27%
2017-03-20 22:46:45,054 INFO: ----------------------------------------------------------------------------
2017-03-20 22:46:45,064 INFO: EPOCH 19 (231.639 seconds):
2017-03-20 22:46:45,068 INFO: 	Average L2 norm of relation vector: 0.07896
2017-03-20 22:46:45,081 INFO: 	COST >> 0.207 +/- 0.007, % updates Left: 13.32%  Right: 12.86%
2017-03-20 22:52:08,414 INFO: ----------------------------------------------------------------------------
2017-03-20 22:52:08,414 INFO: EPOCH 20 (323.333 seconds):
2017-03-20 22:52:08,420 INFO: 	Average L2 norm of relation vector: 0.07993
2017-03-20 22:52:08,421 INFO: 	COST >> 0.203 +/- 0.007, % updates Left: 13.01%  Right: 12.54%
2017-03-20 22:52:08,422 INFO: 	FilteredRanking: evaluating rank on 1000 triples
2017-03-20 22:56:23,903 INFO: 	FilteredRanking: evaluating rank on 1000 triples
2017-03-20 23:00:46,602 INFO: 	MEAN RANK >> valid: 530.2, train: 406.9
2017-03-20 23:00:46,637 INFO: 		MEAN RANK TRAIN: Left: 414.1 Rel: 0.0 Right: 399.6
2017-03-20 23:00:46,638 INFO: 		MEAN RANK VALID: Left: 568.4 Rel: 0.0 Right: 492.1
2017-03-20 23:00:46,638 INFO: 		MEAN RECIPROCAL RANK VALID (L & R): 0.0445
2017-03-20 23:00:46,638 WARNING: 	WARNING, failed to improve MRR on valid, 2 chances left

2017-03-20 23:00:46,844 INFO: 	(ranking took 518.423 seconds)
2017-03-20 23:03:56,463 INFO: ----------------------------------------------------------------------------
2017-03-20 23:03:56,472 INFO: EPOCH 21 (189.627 seconds):
2017-03-20 23:03:56,477 INFO: 	Average L2 norm of relation vector: 0.08088
2017-03-20 23:03:56,493 INFO: 	COST >> 0.197 +/- 0.007, % updates Left: 12.73%  Right: 12.28%
2017-03-20 23:09:28,686 INFO: ----------------------------------------------------------------------------
2017-03-20 23:09:28,687 INFO: EPOCH 22 (332.193 seconds):
2017-03-20 23:09:28,691 INFO: 	Average L2 norm of relation vector: 0.08173
2017-03-20 23:09:28,692 INFO: 	COST >> 0.192 +/- 0.006, % updates Left: 12.37%  Right: 11.91%
2017-03-20 23:14:56,966 INFO: ----------------------------------------------------------------------------
2017-03-20 23:14:56,967 INFO: EPOCH 23 (328.275 seconds):
2017-03-20 23:14:56,971 INFO: 	Average L2 norm of relation vector: 0.08251
2017-03-20 23:14:56,985 INFO: 	COST >> 0.188 +/- 0.006, % updates Left: 12.09%  Right: 11.66%
2017-03-20 23:20:23,714 INFO: ----------------------------------------------------------------------------
2017-03-20 23:20:23,724 INFO: EPOCH 24 (326.739 seconds):
2017-03-20 23:20:23,728 INFO: 	Average L2 norm of relation vector: 0.08324
2017-03-20 23:20:23,729 INFO: 	COST >> 0.185 +/- 0.006, % updates Left: 11.86%  Right: 11.44%
2017-03-20 23:24:54,768 INFO: ----------------------------------------------------------------------------
2017-03-20 23:24:54,769 INFO: EPOCH 25 (271.029 seconds):
2017-03-20 23:24:54,773 INFO: 	Average L2 norm of relation vector: 0.08393
2017-03-20 23:24:54,774 INFO: 	COST >> 0.182 +/- 0.007, % updates Left: 11.66%  Right: 11.26%
2017-03-20 23:30:11,602 INFO: ----------------------------------------------------------------------------
2017-03-20 23:30:11,603 INFO: EPOCH 26 (316.829 seconds):
2017-03-20 23:30:11,607 INFO: 	Average L2 norm of relation vector: 0.08455
2017-03-20 23:30:11,613 INFO: 	COST >> 0.178 +/- 0.007, % updates Left: 11.38%  Right: 11.0%
2017-03-20 23:34:55,496 INFO: ----------------------------------------------------------------------------
2017-03-20 23:34:55,508 INFO: EPOCH 27 (283.895 seconds):
2017-03-20 23:34:55,513 INFO: 	Average L2 norm of relation vector: 0.08512
2017-03-20 23:34:55,514 INFO: 	COST >> 0.176 +/- 0.006, % updates Left: 11.31%  Right: 10.83%
2017-03-20 23:39:06,990 INFO: ----------------------------------------------------------------------------
2017-03-20 23:39:06,991 INFO: EPOCH 28 (251.476 seconds):
2017-03-20 23:39:06,995 INFO: 	Average L2 norm of relation vector: 0.08566
2017-03-20 23:39:06,996 INFO: 	COST >> 0.174 +/- 0.007, % updates Left: 11.13%  Right: 10.72%
2017-03-20 23:44:32,051 INFO: ----------------------------------------------------------------------------
2017-03-20 23:44:32,052 INFO: EPOCH 29 (325.056 seconds):
2017-03-20 23:44:32,058 INFO: 	Average L2 norm of relation vector: 0.08617
2017-03-20 23:44:32,060 INFO: 	COST >> 0.171 +/- 0.006, % updates Left: 10.97%  Right: 10.57%
2017-03-20 23:48:20,437 INFO: ----------------------------------------------------------------------------
2017-03-20 23:48:20,452 INFO: EPOCH 30 (228.392 seconds):
2017-03-20 23:48:20,459 INFO: 	Average L2 norm of relation vector: 0.08665
2017-03-20 23:48:20,460 INFO: 	COST >> 0.17 +/- 0.006, % updates Left: 10.88%  Right: 10.48%
2017-03-20 23:48:20,460 INFO: 	FilteredRanking: evaluating rank on 1000 triples
2017-03-20 23:52:04,407 INFO: 	FilteredRanking: evaluating rank on 1000 triples
2017-03-20 23:56:12,674 INFO: 	MEAN RANK >> valid: 422.0, train: 338.5
2017-03-20 23:56:12,685 INFO: 		MEAN RANK TRAIN: Left: 343.5 Rel: 0.0 Right: 333.5
2017-03-20 23:56:12,685 INFO: 		MEAN RANK VALID: Left: 451.3 Rel: 0.0 Right: 392.7
2017-03-20 23:56:12,686 INFO: 		MEAN RECIPROCAL RANK VALID (L & R): 0.0405
2017-03-20 23:56:12,686 WARNING: 	WARNING, failed to improve MRR on valid, 1 chances left

2017-03-20 23:56:13,314 INFO: 	(ranking took 472.854 seconds)
2017-03-21 00:01:29,708 INFO: ----------------------------------------------------------------------------
2017-03-21 00:01:29,709 INFO: EPOCH 31 (316.395 seconds):
2017-03-21 00:01:29,713 INFO: 	Average L2 norm of relation vector: 0.08708
2017-03-21 00:01:29,714 INFO: 	COST >> 0.168 +/- 0.006, % updates Left: 10.71%  Right: 10.32%
2017-03-21 00:07:28,496 INFO: ----------------------------------------------------------------------------
2017-03-21 00:07:28,497 INFO: EPOCH 32 (358.783 seconds):
2017-03-21 00:07:28,504 INFO: 	Average L2 norm of relation vector: 0.08749
2017-03-21 00:07:28,517 INFO: 	COST >> 0.166 +/- 0.005, % updates Left: 10.64%  Right: 10.16%
2017-03-21 00:13:04,187 INFO: ----------------------------------------------------------------------------
2017-03-21 00:13:04,188 INFO: EPOCH 33 (335.67 seconds):
2017-03-21 00:13:04,193 INFO: 	Average L2 norm of relation vector: 0.08785
2017-03-21 00:13:04,205 INFO: 	COST >> 0.165 +/- 0.006, % updates Left: 10.56%  Right: 10.05%
2017-03-21 00:19:01,879 INFO: ----------------------------------------------------------------------------
2017-03-21 00:19:01,892 INFO: EPOCH 34 (357.687 seconds):
2017-03-21 00:19:01,899 INFO: 	Average L2 norm of relation vector: 0.08821
2017-03-21 00:19:01,913 INFO: 	COST >> 0.163 +/- 0.005, % updates Left: 10.41%  Right: 9.98%
2017-03-21 00:24:39,219 INFO: ----------------------------------------------------------------------------
2017-03-21 00:24:39,219 INFO: EPOCH 35 (337.306 seconds):
2017-03-21 00:24:39,223 INFO: 	Average L2 norm of relation vector: 0.08854
2017-03-21 00:24:39,237 INFO: 	COST >> 0.162 +/- 0.006, % updates Left: 10.38%  Right: 9.88%
2017-03-21 00:28:06,243 INFO: ----------------------------------------------------------------------------
2017-03-21 00:28:06,244 INFO: EPOCH 36 (207.006 seconds):
2017-03-21 00:28:06,249 INFO: 	Average L2 norm of relation vector: 0.08884
2017-03-21 00:28:06,250 INFO: 	COST >> 0.162 +/- 0.007, % updates Left: 10.26%  Right: 9.87%
2017-03-21 00:33:36,294 INFO: ----------------------------------------------------------------------------
2017-03-21 00:33:36,294 INFO: EPOCH 37 (330.044 seconds):
2017-03-21 00:33:36,299 INFO: 	Average L2 norm of relation vector: 0.08913
2017-03-21 00:33:36,299 INFO: 	COST >> 0.161 +/- 0.006, % updates Left: 10.22%  Right: 9.78%
2017-03-21 00:37:20,129 INFO: ----------------------------------------------------------------------------
2017-03-21 00:37:20,130 INFO: EPOCH 38 (223.818 seconds):
2017-03-21 00:37:20,134 INFO: 	Average L2 norm of relation vector: 0.08939
2017-03-21 00:37:20,145 INFO: 	COST >> 0.16 +/- 0.006, % updates Left: 10.11%  Right: 9.69%
2017-03-21 00:41:16,669 INFO: ----------------------------------------------------------------------------
2017-03-21 00:41:16,680 INFO: EPOCH 39 (236.535 seconds):
2017-03-21 00:41:16,684 INFO: 	Average L2 norm of relation vector: 0.08964
2017-03-21 00:41:16,685 INFO: 	COST >> 0.158 +/- 0.006, % updates Left: 10.05%  Right: 9.59%
2017-03-21 00:44:32,109 INFO: ----------------------------------------------------------------------------
2017-03-21 00:44:32,112 INFO: EPOCH 40 (195.427 seconds):
2017-03-21 00:44:32,117 INFO: 	Average L2 norm of relation vector: 0.08987
2017-03-21 00:44:32,133 INFO: 	COST >> 0.157 +/- 0.007, % updates Left: 9.94%  Right: 9.52%
2017-03-21 00:44:32,133 INFO: 	FilteredRanking: evaluating rank on 1000 triples
2017-03-21 00:48:22,333 INFO: 	FilteredRanking: evaluating rank on 1000 triples
2017-03-21 00:52:13,336 INFO: 	MEAN RANK >> valid: 376.0, train: 297.4
2017-03-21 00:52:13,338 INFO: 		MEAN RANK TRAIN: Left: 311.0 Rel: 0.0 Right: 283.9
2017-03-21 00:52:13,338 INFO: 		MEAN RANK VALID: Left: 412.0 Rel: 0.0 Right: 340.0
2017-03-21 00:52:13,339 INFO: 		MEAN RECIPROCAL RANK VALID (L & R): 0.041
2017-03-21 00:52:13,348 WARNING: 	WARNING, failed to improve MRR on valid, 0 chances left

2017-03-21 00:52:13,608 INFO: 	(ranking took 461.475 seconds)
2017-03-21 00:57:42,288 INFO: ----------------------------------------------------------------------------
2017-03-21 00:57:42,289 INFO: EPOCH 41 (328.668 seconds):
2017-03-21 00:57:42,295 INFO: 	Average L2 norm of relation vector: 0.09011
2017-03-21 00:57:42,296 INFO: 	COST >> 0.156 +/- 0.006, % updates Left: 9.93%  Right: 9.46%
2017-03-21 01:03:54,291 INFO: ----------------------------------------------------------------------------
2017-03-21 01:03:54,291 INFO: EPOCH 42 (371.995 seconds):
2017-03-21 01:03:54,295 INFO: 	Average L2 norm of relation vector: 0.09031
2017-03-21 01:03:54,309 INFO: 	COST >> 0.155 +/- 0.006, % updates Left: 9.82%  Right: 9.42%
2017-03-21 01:09:53,008 INFO: ----------------------------------------------------------------------------
2017-03-21 01:09:53,009 INFO: EPOCH 43 (358.7 seconds):
2017-03-21 01:09:53,013 INFO: 	Average L2 norm of relation vector: 0.09052
2017-03-21 01:09:53,014 INFO: 	COST >> 0.155 +/- 0.006, % updates Left: 9.84%  Right: 9.43%
2017-03-21 01:15:59,485 INFO: ----------------------------------------------------------------------------
2017-03-21 01:15:59,485 INFO: EPOCH 44 (366.471 seconds):
2017-03-21 01:15:59,489 INFO: 	Average L2 norm of relation vector: 0.0907
2017-03-21 01:15:59,497 INFO: 	COST >> 0.155 +/- 0.005, % updates Left: 9.79%  Right: 9.37%
2017-03-21 01:20:36,501 INFO: ----------------------------------------------------------------------------
2017-03-21 01:20:36,512 INFO: EPOCH 45 (277.015 seconds):
2017-03-21 01:20:36,517 INFO: 	Average L2 norm of relation vector: 0.09089
2017-03-21 01:20:36,529 INFO: 	COST >> 0.154 +/- 0.006, % updates Left: 9.76%  Right: 9.37%
2017-03-21 01:25:30,333 INFO: ----------------------------------------------------------------------------
2017-03-21 01:25:30,333 INFO: EPOCH 46 (293.804 seconds):
2017-03-21 01:25:30,340 INFO: 	Average L2 norm of relation vector: 0.09106
2017-03-21 01:25:30,342 INFO: 	COST >> 0.154 +/- 0.006, % updates Left: 9.76%  Right: 9.29%
2017-03-21 01:30:46,924 INFO: ----------------------------------------------------------------------------
2017-03-21 01:30:46,936 INFO: EPOCH 47 (316.594 seconds):
2017-03-21 01:30:46,943 INFO: 	Average L2 norm of relation vector: 0.09124
2017-03-21 01:30:46,957 INFO: 	COST >> 0.153 +/- 0.005, % updates Left: 9.72%  Right: 9.28%
2017-03-21 01:35:34,559 INFO: ----------------------------------------------------------------------------
2017-03-21 01:35:34,560 INFO: EPOCH 48 (287.602 seconds):
2017-03-21 01:35:34,564 INFO: 	Average L2 norm of relation vector: 0.09141
2017-03-21 01:35:34,565 INFO: 	COST >> 0.152 +/- 0.005, % updates Left: 9.67%  Right: 9.22%
2017-03-21 01:40:20,789 INFO: ----------------------------------------------------------------------------
2017-03-21 01:40:20,790 INFO: EPOCH 49 (286.225 seconds):
2017-03-21 01:40:20,794 INFO: 	Average L2 norm of relation vector: 0.09157
2017-03-21 01:40:20,795 INFO: 	COST >> 0.151 +/- 0.005, % updates Left: 9.66%  Right: 9.15%
2017-03-21 01:43:55,090 INFO: ----------------------------------------------------------------------------
2017-03-21 01:43:55,096 INFO: EPOCH 50 (214.301 seconds):
2017-03-21 01:43:55,103 INFO: 	Average L2 norm of relation vector: 0.09173
2017-03-21 01:43:55,117 INFO: 	COST >> 0.15 +/- 0.005, % updates Left: 9.58%  Right: 9.06%
2017-03-21 01:43:55,117 INFO: 	FilteredRanking: evaluating rank on 1000 triples
2017-03-21 01:47:50,276 INFO: 	FilteredRanking: evaluating rank on 1000 triples
2017-03-21 01:51:36,379 INFO: 	MEAN RANK >> valid: 347.0, train: 270.1
2017-03-21 01:51:36,380 INFO: 		MEAN RANK TRAIN: Left: 287.7 Rel: 0.0 Right: 252.6
2017-03-21 01:51:36,381 INFO: 		MEAN RANK VALID: Left: 366.8 Rel: 0.0 Right: 327.1
2017-03-21 01:51:36,381 INFO: 		MEAN RECIPROCAL RANK VALID (L & R): 0.0405
2017-03-21 01:51:36,381 WARNING: EARLY STOPPING, failed to improve MRR on valid after 30 epochs
2017-03-21 01:51:36,381 INFO: ----------------------------------------------------------------------------
2017-03-21 01:51:36,382 INFO: ----------------------------------------------------------------------------
2017-03-21 01:51:36,382 INFO: 	Ranking model on all examples from test. Each example ranked against 14951 other entities
2017-03-21 01:51:37,035 INFO: 	Ranking: evaluating rank on 59071 triples
2017-03-21 04:29:25,886 INFO: left_ranks: (59071,), right_ranks: (59071,), rel_ranks: (59071,)
2017-03-21 04:29:25,911 INFO: max left_ranks: 14951, max right_ranks: 14951, max rel_ranks: 0
2017-03-21 04:29:26,931 INFO: MICRO RAW:
2017-03-21 04:29:26,932 INFO: 	Left mean rank: 1014.132, MRR: 0.053, median rank: 316.0, hits@10: 10.85%
2017-03-21 04:29:26,932 INFO: 	Right mean rank: 885.115, MRR: 0.074, median rank: 195.0, hits@10: 14.96%
2017-03-21 04:29:26,932 INFO: 	Global mean rank: 949.623, MRR: 0.063, median rank: 248.0, hits@10: 12.905%
2017-03-21 04:29:26,932 INFO: MACRO RAW
2017-03-21 04:29:26,932 INFO: 	Left mean rank: 3146.164, MRR: 0.03, median rank: 1273.0, hits@10: 5.629%
2017-03-21 04:29:26,932 INFO: 	Right mean rank: 3102.632, MRR: 0.041, median rank: 1135.5, hits@10: 7.635%
2017-03-21 04:29:26,933 INFO: 	Global mean rank: 3124.398, MRR: 0.035, median rank: 1120.5, hits@10: 6.632%
2017-03-21 04:29:26,942 INFO: Ranking model on all examples from test. Each example ranked against 14951 other entities which are FILTERED
2017-03-21 04:29:28,398 INFO: 	FilteredRanking: evaluating rank on 59071 triples
2017-03-21 07:18:27,406 INFO: MICRO FILTERED:
2017-03-21 07:18:27,407 INFO: 	Left mean rank: 898.81262, MRR: 0.07141, median rank: 249.0, hits@10: 12.515%
2017-03-21 07:18:27,407 INFO: 	Right mean rank: 811.64428, MRR: 0.0996, median rank: 163.0, hits@10: 17.757%
2017-03-21 07:18:27,407 INFO: 	Global mean rank: 855.22845, MRR: 0.0855, median rank: 203.0, hits@10: 15.136%
2017-03-21 07:18:27,407 INFO: MACRO FILTERED
2017-03-21 07:18:27,408 INFO: 	Left mean rank: 3120.61687, MRR: 0.03548, median rank: 1188.0, hits@10: 6.262%
2017-03-21 07:18:27,408 INFO: 	Right mean rank: 3090.56024, MRR: 0.04816, median rank: 1121.0, hits@10: 8.464%
2017-03-21 07:18:27,408 INFO: 	Global mean rank: 3105.58855, MRR: 0.04182, median rank: 1115.5, hits@10: 7.363%
