2017-03-20 03:25:29,129 INFO: logger initialized for experiment identifier: ModelE_Sum_ndim_100_marg_0.5_lrate_0.01_cost_margincost_pos_high_reg_0.01
2017-03-20 03:25:29,129 INFO: DD{'ndim': 100, 'test_all': 10, 'Nsyn_rel': 1345, 'totepochs': 500, 'bestvalidMRR': -1, 'loadmodel': False, 'lremb': 0.01, 'nvalid': 1000, 'seed': 123, 'marge': 0.5, 'margincostfunction': 'margincost_pos_high', 'simfn': 'Sum', 'savepath': '/Users/corbinrosset/Dropbox/Arora/QA-code/src/KBC_Text/outputs/FB15k_ModelE/ModelE_Sum_ndim_100_marg_0.5_lrate_0.01_cost_margincost_pos_high_reg_0.01', 'dataset': 'FB15k', 'nbatches': 100, 'identifier': 'ModelE_Sum_ndim_100_marg_0.5_lrate_0.01_cost_margincost_pos_high_reg_0.01', 'lrparam': 0.01, 'loademb': False, 'datapath': '/Users/corbinrosset/Dropbox/Arora/QA-code/src/KBC_Text/data/', 'ntrain': 1000, 'Nrel': 1345, 'experiment_type': 'FB15kexp', 'rel': False, 'Nent': 16296, 'logger': <logging.RootLogger object at 0x103fdcc90>, 'ntest': 1000, 'Nsyn': 14951, 'reg': 0.01, 'op': 'ModelE'}
2017-03-20 03:25:31,062 DEBUG: FB15kexp: load_FB15k_data(): trainl(16296, 483142), trainr(16296, 483142), traino(1345, 483142), trainlidx(1000,)
2017-03-20 03:25:32,683 DEBUG: loaded data and constructed model...
2017-03-20 03:25:32,683 DEBUG: num epochs: 500
2017-03-20 03:25:32,684 DEBUG: num batches per epoch: 100
2017-03-20 03:25:32,684 DEBUG: batchsize: 4831
2017-03-20 03:25:32,684 DEBUG: left and right entity ranking functions will rank a slot against 14951 competitors
2017-03-20 03:25:32,684 INFO: BEGIN TRAINING
2017-03-20 03:26:03,397 INFO: ----------------------------------------------------------------------------
2017-03-20 03:26:03,398 INFO: EPOCH 1 (30.713 seconds):
2017-03-20 03:26:03,423 INFO: 	Average L2 norm of relation vector: 0.0324
2017-03-20 03:26:03,424 INFO: 	COST >> 0.466 +/- 0.215, % updates Left: 60.21%  Right: 53.68%
2017-03-20 03:26:39,990 INFO: ----------------------------------------------------------------------------
2017-03-20 03:26:39,990 INFO: EPOCH 2 (36.566 seconds):
2017-03-20 03:26:39,992 INFO: 	Average L2 norm of relation vector: 0.03524
2017-03-20 03:26:39,992 INFO: 	COST >> 0.152 +/- 0.022, % updates Left: 23.71%  Right: 19.93%
2017-03-20 03:27:21,758 INFO: ----------------------------------------------------------------------------
2017-03-20 03:27:21,761 INFO: EPOCH 3 (41.768 seconds):
2017-03-20 03:27:21,763 INFO: 	Average L2 norm of relation vector: 0.03676
2017-03-20 03:27:21,764 INFO: 	COST >> 0.103 +/- 0.007, % updates Left: 15.4%  Right: 13.23%
2017-03-20 03:28:04,449 INFO: ----------------------------------------------------------------------------
2017-03-20 03:28:04,450 INFO: EPOCH 4 (42.685 seconds):
2017-03-20 03:28:04,451 INFO: 	Average L2 norm of relation vector: 0.03777
2017-03-20 03:28:04,452 INFO: 	COST >> 0.086 +/- 0.004, % updates Left: 12.19%  Right: 10.68%
2017-03-20 03:28:44,483 INFO: ----------------------------------------------------------------------------
2017-03-20 03:28:44,483 INFO: EPOCH 5 (40.03 seconds):
2017-03-20 03:28:44,485 INFO: 	Average L2 norm of relation vector: 0.03848
2017-03-20 03:28:44,486 INFO: 	COST >> 0.076 +/- 0.003, % updates Left: 10.43%  Right: 9.15%
2017-03-20 03:29:23,864 INFO: ----------------------------------------------------------------------------
2017-03-20 03:29:23,865 INFO: EPOCH 6 (39.379 seconds):
2017-03-20 03:29:23,867 INFO: 	Average L2 norm of relation vector: 0.039
2017-03-20 03:29:23,868 INFO: 	COST >> 0.07 +/- 0.003, % updates Left: 9.33%  Right: 8.23%
2017-03-20 03:30:02,995 INFO: ----------------------------------------------------------------------------
2017-03-20 03:30:02,996 INFO: EPOCH 7 (39.127 seconds):
2017-03-20 03:30:02,997 INFO: 	Average L2 norm of relation vector: 0.03939
2017-03-20 03:30:02,998 INFO: 	COST >> 0.066 +/- 0.003, % updates Left: 8.51%  Right: 7.55%
2017-03-20 03:30:40,609 INFO: ----------------------------------------------------------------------------
2017-03-20 03:30:40,609 INFO: EPOCH 8 (37.611 seconds):
2017-03-20 03:30:40,611 INFO: 	Average L2 norm of relation vector: 0.03968
2017-03-20 03:30:40,611 INFO: 	COST >> 0.063 +/- 0.003, % updates Left: 7.99%  Right: 7.06%
2017-03-20 03:31:18,058 INFO: ----------------------------------------------------------------------------
2017-03-20 03:31:18,059 INFO: EPOCH 9 (37.446 seconds):
2017-03-20 03:31:18,060 INFO: 	Average L2 norm of relation vector: 0.0399
2017-03-20 03:31:18,061 INFO: 	COST >> 0.061 +/- 0.002, % updates Left: 7.63%  Right: 6.71%
2017-03-20 03:31:58,830 INFO: ----------------------------------------------------------------------------
2017-03-20 03:31:58,830 INFO: EPOCH 10 (40.769 seconds):
2017-03-20 03:31:58,832 INFO: 	Average L2 norm of relation vector: 0.04007
2017-03-20 03:31:58,832 INFO: 	COST >> 0.059 +/- 0.003, % updates Left: 7.26%  Right: 6.44%
2017-03-20 03:31:58,833 INFO: 	FilteredRanking: evaluating rank on 1000 triples
2017-03-20 03:32:58,483 INFO: 	FilteredRanking: evaluating rank on 1000 triples
2017-03-20 03:33:56,282 INFO: 	MEAN RANK >> valid: 385.2, train: 310.3
2017-03-20 03:33:56,283 INFO: 		MEAN RANK TRAIN: Left: 310.1 Rel: 0.0 Right: 310.5
2017-03-20 03:33:56,283 INFO: 		MEAN RANK VALID: Left: 390.4 Rel: 0.0 Right: 380.0
2017-03-20 03:33:56,283 INFO: 		MEAN RECIPROCAL RANK VALID (L & R): 0.125
2017-03-20 03:33:56,283 INFO: 	FilteredRanking: evaluating rank on 1000 triples
2017-03-20 03:34:53,181 INFO: 	NEW BEST TEST MR: 385.9
2017-03-20 03:34:53,182 INFO: 		Left MR: 412.9 Rel MR: 0.0 Right MR: 358.8
2017-03-20 03:34:53,243 INFO: 	(ranking took 174.41 seconds)
2017-03-20 03:35:32,468 INFO: ----------------------------------------------------------------------------
2017-03-20 03:35:32,468 INFO: EPOCH 11 (39.225 seconds):
2017-03-20 03:35:32,470 INFO: 	Average L2 norm of relation vector: 0.04019
2017-03-20 03:35:32,471 INFO: 	COST >> 0.058 +/- 0.002, % updates Left: 6.99%  Right: 6.17%
2017-03-20 03:36:11,492 INFO: ----------------------------------------------------------------------------
2017-03-20 03:36:11,492 INFO: EPOCH 12 (39.021 seconds):
2017-03-20 03:36:11,494 INFO: 	Average L2 norm of relation vector: 0.04027
2017-03-20 03:36:11,495 INFO: 	COST >> 0.057 +/- 0.003, % updates Left: 6.78%  Right: 6.0%
2017-03-20 03:36:52,302 INFO: ----------------------------------------------------------------------------
2017-03-20 03:36:52,302 INFO: EPOCH 13 (40.807 seconds):
2017-03-20 03:36:52,303 INFO: 	Average L2 norm of relation vector: 0.04034
2017-03-20 03:36:52,304 INFO: 	COST >> 0.056 +/- 0.003, % updates Left: 6.61%  Right: 5.86%
2017-03-20 03:37:32,448 INFO: ----------------------------------------------------------------------------
2017-03-20 03:37:32,449 INFO: EPOCH 14 (40.144 seconds):
2017-03-20 03:37:32,450 INFO: 	Average L2 norm of relation vector: 0.04038
2017-03-20 03:37:32,451 INFO: 	COST >> 0.055 +/- 0.003, % updates Left: 6.44%  Right: 5.71%
2017-03-20 03:38:12,301 INFO: ----------------------------------------------------------------------------
2017-03-20 03:38:12,302 INFO: EPOCH 15 (39.85 seconds):
2017-03-20 03:38:12,303 INFO: 	Average L2 norm of relation vector: 0.04041
2017-03-20 03:38:12,303 INFO: 	COST >> 0.054 +/- 0.002, % updates Left: 6.31%  Right: 5.59%
2017-03-20 03:38:51,241 INFO: ----------------------------------------------------------------------------
2017-03-20 03:38:51,241 INFO: EPOCH 16 (38.937 seconds):
2017-03-20 03:38:51,242 INFO: 	Average L2 norm of relation vector: 0.04042
2017-03-20 03:38:51,243 INFO: 	COST >> 0.053 +/- 0.003, % updates Left: 6.22%  Right: 5.5%
2017-03-20 03:39:29,628 INFO: ----------------------------------------------------------------------------
2017-03-20 03:39:29,629 INFO: EPOCH 17 (38.386 seconds):
2017-03-20 03:39:29,630 INFO: 	Average L2 norm of relation vector: 0.04042
2017-03-20 03:39:29,631 INFO: 	COST >> 0.053 +/- 0.002, % updates Left: 6.09%  Right: 5.41%
2017-03-20 03:40:07,043 INFO: ----------------------------------------------------------------------------
2017-03-20 03:40:07,043 INFO: EPOCH 18 (37.412 seconds):
2017-03-20 03:40:07,044 INFO: 	Average L2 norm of relation vector: 0.04039
2017-03-20 03:40:07,045 INFO: 	COST >> 0.053 +/- 0.002, % updates Left: 6.03%  Right: 5.36%
2017-03-20 03:40:46,946 INFO: ----------------------------------------------------------------------------
2017-03-20 03:40:46,947 INFO: EPOCH 19 (39.902 seconds):
2017-03-20 03:40:46,949 INFO: 	Average L2 norm of relation vector: 0.04037
2017-03-20 03:40:46,951 INFO: 	COST >> 0.052 +/- 0.003, % updates Left: 5.99%  Right: 5.21%
2017-03-20 03:41:32,439 INFO: ----------------------------------------------------------------------------
2017-03-20 03:41:32,439 INFO: EPOCH 20 (45.488 seconds):
2017-03-20 03:41:32,441 INFO: 	Average L2 norm of relation vector: 0.04033
2017-03-20 03:41:32,441 INFO: 	COST >> 0.051 +/- 0.003, % updates Left: 5.81%  Right: 5.15%
2017-03-20 03:41:32,442 INFO: 	FilteredRanking: evaluating rank on 1000 triples
2017-03-20 03:42:34,508 INFO: 	FilteredRanking: evaluating rank on 1000 triples
2017-03-20 03:43:37,707 INFO: 	MEAN RANK >> valid: 364.0, train: 280.0
2017-03-20 03:43:37,708 INFO: 		MEAN RANK TRAIN: Left: 294.0 Rel: 0.0 Right: 266.0
2017-03-20 03:43:37,708 INFO: 		MEAN RANK VALID: Left: 380.5 Rel: 0.0 Right: 347.5
2017-03-20 03:43:37,709 INFO: 		MEAN RECIPROCAL RANK VALID (L & R): 0.1355
2017-03-20 03:43:37,709 INFO: 	FilteredRanking: evaluating rank on 1000 triples
2017-03-20 03:44:38,377 INFO: 	NEW BEST TEST MR: 358.9
2017-03-20 03:44:38,378 INFO: 		Left MR: 368.4 Rel MR: 0.0 Right MR: 349.4
2017-03-20 03:44:38,456 INFO: 	(ranking took 186.015 seconds)
2017-03-20 03:45:22,969 INFO: ----------------------------------------------------------------------------
2017-03-20 03:45:22,969 INFO: EPOCH 21 (44.513 seconds):
2017-03-20 03:45:22,971 INFO: 	Average L2 norm of relation vector: 0.04029
2017-03-20 03:45:22,972 INFO: 	COST >> 0.051 +/- 0.002, % updates Left: 5.8%  Right: 5.14%
2017-03-20 03:46:07,054 INFO: ----------------------------------------------------------------------------
2017-03-20 03:46:07,054 INFO: EPOCH 22 (44.082 seconds):
2017-03-20 03:46:07,056 INFO: 	Average L2 norm of relation vector: 0.04023
2017-03-20 03:46:07,056 INFO: 	COST >> 0.05 +/- 0.002, % updates Left: 5.69%  Right: 5.03%
2017-03-20 03:46:54,734 INFO: ----------------------------------------------------------------------------
2017-03-20 03:46:54,734 INFO: EPOCH 23 (47.677 seconds):
2017-03-20 03:46:54,736 INFO: 	Average L2 norm of relation vector: 0.04018
2017-03-20 03:46:54,736 INFO: 	COST >> 0.05 +/- 0.002, % updates Left: 5.68%  Right: 4.96%
2017-03-20 03:47:40,753 INFO: ----------------------------------------------------------------------------
2017-03-20 03:47:40,754 INFO: EPOCH 24 (46.017 seconds):
2017-03-20 03:47:40,756 INFO: 	Average L2 norm of relation vector: 0.04012
2017-03-20 03:47:40,756 INFO: 	COST >> 0.049 +/- 0.003, % updates Left: 5.56%  Right: 4.95%
2017-03-20 03:48:26,310 INFO: ----------------------------------------------------------------------------
2017-03-20 03:48:26,310 INFO: EPOCH 25 (45.553 seconds):
2017-03-20 03:48:26,311 INFO: 	Average L2 norm of relation vector: 0.04006
2017-03-20 03:48:26,312 INFO: 	COST >> 0.05 +/- 0.002, % updates Left: 5.61%  Right: 4.89%
2017-03-20 03:49:10,232 INFO: ----------------------------------------------------------------------------
2017-03-20 03:49:10,233 INFO: EPOCH 26 (43.92 seconds):
2017-03-20 03:49:10,234 INFO: 	Average L2 norm of relation vector: 0.04
2017-03-20 03:49:10,235 INFO: 	COST >> 0.049 +/- 0.002, % updates Left: 5.5%  Right: 4.82%
2017-03-20 03:49:54,678 INFO: ----------------------------------------------------------------------------
2017-03-20 03:49:54,678 INFO: EPOCH 27 (44.443 seconds):
2017-03-20 03:49:54,679 INFO: 	Average L2 norm of relation vector: 0.03992
2017-03-20 03:49:54,680 INFO: 	COST >> 0.049 +/- 0.002, % updates Left: 5.44%  Right: 4.81%
2017-03-20 03:50:37,320 INFO: ----------------------------------------------------------------------------
2017-03-20 03:50:37,320 INFO: EPOCH 28 (42.64 seconds):
2017-03-20 03:50:37,322 INFO: 	Average L2 norm of relation vector: 0.03984
2017-03-20 03:50:37,323 INFO: 	COST >> 0.049 +/- 0.003, % updates Left: 5.4%  Right: 4.8%
2017-03-20 03:51:19,422 INFO: ----------------------------------------------------------------------------
2017-03-20 03:51:19,423 INFO: EPOCH 29 (42.099 seconds):
2017-03-20 03:51:19,426 INFO: 	Average L2 norm of relation vector: 0.03976
2017-03-20 03:51:19,427 INFO: 	COST >> 0.048 +/- 0.003, % updates Left: 5.37%  Right: 4.72%
2017-03-20 03:52:05,076 INFO: ----------------------------------------------------------------------------
2017-03-20 03:52:05,076 INFO: EPOCH 30 (45.649 seconds):
2017-03-20 03:52:05,078 INFO: 	Average L2 norm of relation vector: 0.03967
2017-03-20 03:52:05,078 INFO: 	COST >> 0.048 +/- 0.002, % updates Left: 5.31%  Right: 4.75%
2017-03-20 03:52:05,079 INFO: 	FilteredRanking: evaluating rank on 1000 triples
2017-03-20 03:53:09,702 INFO: 	FilteredRanking: evaluating rank on 1000 triples
2017-03-20 03:54:12,759 INFO: 	MEAN RANK >> valid: 357.0, train: 254.8
2017-03-20 03:54:12,760 INFO: 		MEAN RANK TRAIN: Left: 264.8 Rel: 0.0 Right: 244.7
2017-03-20 03:54:12,760 INFO: 		MEAN RANK VALID: Left: 371.3 Rel: 0.0 Right: 342.8
2017-03-20 03:54:12,760 INFO: 		MEAN RECIPROCAL RANK VALID (L & R): 0.1315
2017-03-20 03:54:12,761 WARNING: 	WARNING, failed to improve MRR on valid, 2 chances left

2017-03-20 03:54:12,854 INFO: 	(ranking took 127.776 seconds)
2017-03-20 03:54:56,635 INFO: ----------------------------------------------------------------------------
2017-03-20 03:54:56,636 INFO: EPOCH 31 (43.781 seconds):
2017-03-20 03:54:56,638 INFO: 	Average L2 norm of relation vector: 0.03959
2017-03-20 03:54:56,639 INFO: 	COST >> 0.047 +/- 0.003, % updates Left: 5.24%  Right: 4.62%
2017-03-20 03:55:39,101 INFO: ----------------------------------------------------------------------------
2017-03-20 03:55:39,101 INFO: EPOCH 32 (42.463 seconds):
2017-03-20 03:55:39,104 INFO: 	Average L2 norm of relation vector: 0.0395
2017-03-20 03:55:39,105 INFO: 	COST >> 0.047 +/- 0.003, % updates Left: 5.25%  Right: 4.67%
2017-03-20 03:56:25,381 INFO: ----------------------------------------------------------------------------
2017-03-20 03:56:25,381 INFO: EPOCH 33 (46.276 seconds):
2017-03-20 03:56:25,383 INFO: 	Average L2 norm of relation vector: 0.03941
2017-03-20 03:56:25,384 INFO: 	COST >> 0.047 +/- 0.003, % updates Left: 5.22%  Right: 4.63%
2017-03-20 03:57:11,646 INFO: ----------------------------------------------------------------------------
2017-03-20 03:57:11,646 INFO: EPOCH 34 (46.262 seconds):
2017-03-20 03:57:11,649 INFO: 	Average L2 norm of relation vector: 0.03932
2017-03-20 03:57:11,650 INFO: 	COST >> 0.047 +/- 0.003, % updates Left: 5.19%  Right: 4.68%
2017-03-20 03:57:58,241 INFO: ----------------------------------------------------------------------------
2017-03-20 03:57:58,242 INFO: EPOCH 35 (46.591 seconds):
2017-03-20 03:57:58,245 INFO: 	Average L2 norm of relation vector: 0.03923
2017-03-20 03:57:58,246 INFO: 	COST >> 0.046 +/- 0.002, % updates Left: 5.16%  Right: 4.55%
2017-03-20 03:58:44,135 INFO: ----------------------------------------------------------------------------
2017-03-20 03:58:44,136 INFO: EPOCH 36 (45.889 seconds):
2017-03-20 03:58:44,137 INFO: 	Average L2 norm of relation vector: 0.03915
2017-03-20 03:58:44,138 INFO: 	COST >> 0.046 +/- 0.002, % updates Left: 5.18%  Right: 4.54%
2017-03-20 03:59:28,004 INFO: ----------------------------------------------------------------------------
2017-03-20 03:59:28,004 INFO: EPOCH 37 (43.866 seconds):
2017-03-20 03:59:28,006 INFO: 	Average L2 norm of relation vector: 0.03905
2017-03-20 03:59:28,008 INFO: 	COST >> 0.047 +/- 0.003, % updates Left: 5.14%  Right: 4.57%
2017-03-20 04:00:10,782 INFO: ----------------------------------------------------------------------------
2017-03-20 04:00:10,783 INFO: EPOCH 38 (42.774 seconds):
2017-03-20 04:00:10,784 INFO: 	Average L2 norm of relation vector: 0.03895
2017-03-20 04:00:10,785 INFO: 	COST >> 0.046 +/- 0.003, % updates Left: 5.08%  Right: 4.5%
2017-03-20 04:00:53,096 INFO: ----------------------------------------------------------------------------
2017-03-20 04:00:53,096 INFO: EPOCH 39 (42.31 seconds):
2017-03-20 04:00:53,098 INFO: 	Average L2 norm of relation vector: 0.03886
2017-03-20 04:00:53,098 INFO: 	COST >> 0.046 +/- 0.003, % updates Left: 5.07%  Right: 4.55%
2017-03-20 04:01:35,310 INFO: ----------------------------------------------------------------------------
2017-03-20 04:01:35,310 INFO: EPOCH 40 (42.212 seconds):
2017-03-20 04:01:35,312 INFO: 	Average L2 norm of relation vector: 0.03876
2017-03-20 04:01:35,313 INFO: 	COST >> 0.046 +/- 0.002, % updates Left: 5.05%  Right: 4.46%
2017-03-20 04:01:35,314 INFO: 	FilteredRanking: evaluating rank on 1000 triples
2017-03-20 04:02:37,842 INFO: 	FilteredRanking: evaluating rank on 1000 triples
2017-03-20 04:03:43,657 INFO: 	MEAN RANK >> valid: 348.0, train: 251.1
2017-03-20 04:03:43,658 INFO: 		MEAN RANK TRAIN: Left: 266.2 Rel: 0.0 Right: 236.0
2017-03-20 04:03:43,659 INFO: 		MEAN RANK VALID: Left: 359.8 Rel: 0.0 Right: 336.3
2017-03-20 04:03:43,659 INFO: 		MEAN RECIPROCAL RANK VALID (L & R): 0.148
2017-03-20 04:03:43,659 INFO: 	FilteredRanking: evaluating rank on 1000 triples
2017-03-20 04:04:46,463 INFO: 	NEW BEST TEST MR: 337.2
2017-03-20 04:04:46,464 INFO: 		Left MR: 352.7 Rel MR: 0.0 Right MR: 321.7
2017-03-20 04:04:46,540 INFO: 	(ranking took 191.226 seconds)
2017-03-20 04:05:29,764 INFO: ----------------------------------------------------------------------------
2017-03-20 04:05:29,764 INFO: EPOCH 41 (43.225 seconds):
2017-03-20 04:05:29,766 INFO: 	Average L2 norm of relation vector: 0.03866
2017-03-20 04:05:29,767 INFO: 	COST >> 0.046 +/- 0.003, % updates Left: 5.07%  Right: 4.46%
2017-03-20 04:06:11,464 INFO: ----------------------------------------------------------------------------
2017-03-20 04:06:11,464 INFO: EPOCH 42 (41.697 seconds):
2017-03-20 04:06:11,466 INFO: 	Average L2 norm of relation vector: 0.03857
2017-03-20 04:06:11,466 INFO: 	COST >> 0.046 +/- 0.003, % updates Left: 5.04%  Right: 4.49%
2017-03-20 04:06:56,950 INFO: ----------------------------------------------------------------------------
2017-03-20 04:06:56,950 INFO: EPOCH 43 (45.484 seconds):
2017-03-20 04:06:56,952 INFO: 	Average L2 norm of relation vector: 0.03848
2017-03-20 04:06:56,952 INFO: 	COST >> 0.046 +/- 0.002, % updates Left: 5.01%  Right: 4.45%
2017-03-20 04:07:42,292 INFO: ----------------------------------------------------------------------------
2017-03-20 04:07:42,293 INFO: EPOCH 44 (45.34 seconds):
2017-03-20 04:07:42,296 INFO: 	Average L2 norm of relation vector: 0.03838
2017-03-20 04:07:42,297 INFO: 	COST >> 0.045 +/- 0.003, % updates Left: 4.95%  Right: 4.44%
2017-03-20 04:08:28,818 INFO: ----------------------------------------------------------------------------
2017-03-20 04:08:28,818 INFO: EPOCH 45 (46.52 seconds):
2017-03-20 04:08:28,820 INFO: 	Average L2 norm of relation vector: 0.03828
2017-03-20 04:08:28,821 INFO: 	COST >> 0.045 +/- 0.003, % updates Left: 5.0%  Right: 4.44%
2017-03-20 04:09:14,438 INFO: ----------------------------------------------------------------------------
2017-03-20 04:09:14,439 INFO: EPOCH 46 (45.617 seconds):
2017-03-20 04:09:14,442 INFO: 	Average L2 norm of relation vector: 0.0382
2017-03-20 04:09:14,442 INFO: 	COST >> 0.045 +/- 0.002, % updates Left: 4.97%  Right: 4.42%
2017-03-20 04:09:58,641 INFO: ----------------------------------------------------------------------------
2017-03-20 04:09:58,641 INFO: EPOCH 47 (44.198 seconds):
2017-03-20 04:09:58,642 INFO: 	Average L2 norm of relation vector: 0.03809
2017-03-20 04:09:58,643 INFO: 	COST >> 0.044 +/- 0.002, % updates Left: 4.92%  Right: 4.33%
2017-03-20 04:10:42,162 INFO: ----------------------------------------------------------------------------
2017-03-20 04:10:42,162 INFO: EPOCH 48 (43.519 seconds):
2017-03-20 04:10:42,164 INFO: 	Average L2 norm of relation vector: 0.038
2017-03-20 04:10:42,165 INFO: 	COST >> 0.045 +/- 0.002, % updates Left: 4.94%  Right: 4.39%
2017-03-20 04:11:24,719 INFO: ----------------------------------------------------------------------------
2017-03-20 04:11:24,720 INFO: EPOCH 49 (42.554 seconds):
2017-03-20 04:11:24,722 INFO: 	Average L2 norm of relation vector: 0.03792
2017-03-20 04:11:24,722 INFO: 	COST >> 0.044 +/- 0.002, % updates Left: 4.93%  Right: 4.35%
2017-03-20 04:12:10,950 INFO: ----------------------------------------------------------------------------
2017-03-20 04:12:10,950 INFO: EPOCH 50 (46.228 seconds):
2017-03-20 04:12:10,952 INFO: 	Average L2 norm of relation vector: 0.03783
2017-03-20 04:12:10,953 INFO: 	COST >> 0.045 +/- 0.003, % updates Left: 4.91%  Right: 4.35%
2017-03-20 04:12:10,953 INFO: 	FilteredRanking: evaluating rank on 1000 triples
2017-03-20 04:13:16,772 INFO: 	FilteredRanking: evaluating rank on 1000 triples
2017-03-20 04:14:21,299 INFO: 	MEAN RANK >> valid: 353.3, train: 242.2
2017-03-20 04:14:21,301 INFO: 		MEAN RANK TRAIN: Left: 254.1 Rel: 0.0 Right: 230.3
2017-03-20 04:14:21,301 INFO: 		MEAN RANK VALID: Left: 368.6 Rel: 0.0 Right: 338.1
2017-03-20 04:14:21,302 INFO: 		MEAN RECIPROCAL RANK VALID (L & R): 0.138
2017-03-20 04:14:21,302 WARNING: 	WARNING, failed to improve MRR on valid, 2 chances left

2017-03-20 04:14:21,401 INFO: 	(ranking took 130.448 seconds)
2017-03-20 04:15:05,781 INFO: ----------------------------------------------------------------------------
2017-03-20 04:15:05,781 INFO: EPOCH 51 (44.38 seconds):
2017-03-20 04:15:05,783 INFO: 	Average L2 norm of relation vector: 0.03772
2017-03-20 04:15:05,784 INFO: 	COST >> 0.045 +/- 0.003, % updates Left: 4.95%  Right: 4.39%
2017-03-20 04:15:48,063 INFO: ----------------------------------------------------------------------------
2017-03-20 04:15:48,063 INFO: EPOCH 52 (42.279 seconds):
2017-03-20 04:15:48,065 INFO: 	Average L2 norm of relation vector: 0.03763
2017-03-20 04:15:48,065 INFO: 	COST >> 0.044 +/- 0.002, % updates Left: 4.89%  Right: 4.38%
2017-03-20 04:16:33,576 INFO: ----------------------------------------------------------------------------
2017-03-20 04:16:33,576 INFO: EPOCH 53 (45.511 seconds):
2017-03-20 04:16:33,578 INFO: 	Average L2 norm of relation vector: 0.03754
2017-03-20 04:16:33,579 INFO: 	COST >> 0.044 +/- 0.003, % updates Left: 4.89%  Right: 4.31%
2017-03-20 04:17:19,853 INFO: ----------------------------------------------------------------------------
2017-03-20 04:17:19,853 INFO: EPOCH 54 (46.274 seconds):
2017-03-20 04:17:19,855 INFO: 	Average L2 norm of relation vector: 0.03746
2017-03-20 04:17:19,856 INFO: 	COST >> 0.044 +/- 0.002, % updates Left: 4.84%  Right: 4.32%
2017-03-20 04:18:06,918 INFO: ----------------------------------------------------------------------------
2017-03-20 04:18:06,919 INFO: EPOCH 55 (47.063 seconds):
2017-03-20 04:18:06,920 INFO: 	Average L2 norm of relation vector: 0.03737
2017-03-20 04:18:06,920 INFO: 	COST >> 0.044 +/- 0.002, % updates Left: 4.87%  Right: 4.31%
2017-03-20 04:18:54,165 INFO: ----------------------------------------------------------------------------
2017-03-20 04:18:54,165 INFO: EPOCH 56 (47.245 seconds):
2017-03-20 04:18:54,167 INFO: 	Average L2 norm of relation vector: 0.03729
2017-03-20 04:18:54,167 INFO: 	COST >> 0.044 +/- 0.002, % updates Left: 4.86%  Right: 4.31%
2017-03-20 04:19:39,164 INFO: ----------------------------------------------------------------------------
2017-03-20 04:19:39,165 INFO: EPOCH 57 (44.997 seconds):
2017-03-20 04:19:39,167 INFO: 	Average L2 norm of relation vector: 0.03719
2017-03-20 04:19:39,168 INFO: 	COST >> 0.044 +/- 0.003, % updates Left: 4.87%  Right: 4.3%
2017-03-20 04:20:23,310 INFO: ----------------------------------------------------------------------------
2017-03-20 04:20:23,310 INFO: EPOCH 58 (44.142 seconds):
2017-03-20 04:20:23,313 INFO: 	Average L2 norm of relation vector: 0.03711
2017-03-20 04:20:23,314 INFO: 	COST >> 0.044 +/- 0.002, % updates Left: 4.91%  Right: 4.33%
2017-03-20 04:21:07,213 INFO: ----------------------------------------------------------------------------
2017-03-20 04:21:07,213 INFO: EPOCH 59 (43.899 seconds):
2017-03-20 04:21:07,215 INFO: 	Average L2 norm of relation vector: 0.03703
2017-03-20 04:21:07,216 INFO: 	COST >> 0.044 +/- 0.003, % updates Left: 4.86%  Right: 4.3%
2017-03-20 04:21:49,957 INFO: ----------------------------------------------------------------------------
2017-03-20 04:21:49,957 INFO: EPOCH 60 (42.741 seconds):
2017-03-20 04:21:49,958 INFO: 	Average L2 norm of relation vector: 0.03695
2017-03-20 04:21:49,959 INFO: 	COST >> 0.043 +/- 0.002, % updates Left: 4.75%  Right: 4.29%
2017-03-20 04:21:49,959 INFO: 	FilteredRanking: evaluating rank on 1000 triples
2017-03-20 04:22:52,651 INFO: 	FilteredRanking: evaluating rank on 1000 triples
2017-03-20 04:23:57,680 INFO: 	MEAN RANK >> valid: 356.7, train: 244.0
2017-03-20 04:23:57,681 INFO: 		MEAN RANK TRAIN: Left: 256.4 Rel: 0.0 Right: 231.6
2017-03-20 04:23:57,682 INFO: 		MEAN RANK VALID: Left: 374.8 Rel: 0.0 Right: 338.7
2017-03-20 04:23:57,682 INFO: 		MEAN RECIPROCAL RANK VALID (L & R): 0.1465
2017-03-20 04:23:57,682 WARNING: 	WARNING, failed to improve MRR on valid, 1 chances left

2017-03-20 04:23:57,773 INFO: 	(ranking took 127.814 seconds)
2017-03-20 04:24:42,315 INFO: ----------------------------------------------------------------------------
2017-03-20 04:24:42,316 INFO: EPOCH 61 (44.542 seconds):
2017-03-20 04:24:42,317 INFO: 	Average L2 norm of relation vector: 0.03687
2017-03-20 04:24:42,318 INFO: 	COST >> 0.043 +/- 0.002, % updates Left: 4.84%  Right: 4.27%
2017-03-20 04:25:24,286 INFO: ----------------------------------------------------------------------------
2017-03-20 04:25:24,286 INFO: EPOCH 62 (41.968 seconds):
2017-03-20 04:25:24,288 INFO: 	Average L2 norm of relation vector: 0.0368
2017-03-20 04:25:24,288 INFO: 	COST >> 0.043 +/- 0.003, % updates Left: 4.84%  Right: 4.21%
2017-03-20 04:26:06,490 INFO: ----------------------------------------------------------------------------
2017-03-20 04:26:06,490 INFO: EPOCH 63 (42.201 seconds):
2017-03-20 04:26:06,492 INFO: 	Average L2 norm of relation vector: 0.03674
2017-03-20 04:26:06,492 INFO: 	COST >> 0.043 +/- 0.003, % updates Left: 4.82%  Right: 4.26%
2017-03-20 04:26:51,534 INFO: ----------------------------------------------------------------------------
2017-03-20 04:26:51,535 INFO: EPOCH 64 (45.042 seconds):
2017-03-20 04:26:51,538 INFO: 	Average L2 norm of relation vector: 0.03665
2017-03-20 04:26:51,539 INFO: 	COST >> 0.043 +/- 0.002, % updates Left: 4.78%  Right: 4.22%
2017-03-20 04:27:38,158 INFO: ----------------------------------------------------------------------------
2017-03-20 04:27:38,159 INFO: EPOCH 65 (46.619 seconds):
2017-03-20 04:27:38,161 INFO: 	Average L2 norm of relation vector: 0.03658
2017-03-20 04:27:38,162 INFO: 	COST >> 0.043 +/- 0.002, % updates Left: 4.76%  Right: 4.25%
2017-03-20 04:28:24,141 INFO: ----------------------------------------------------------------------------
2017-03-20 04:28:24,146 INFO: EPOCH 66 (45.984 seconds):
2017-03-20 04:28:24,150 INFO: 	Average L2 norm of relation vector: 0.03651
2017-03-20 04:28:24,151 INFO: 	COST >> 0.043 +/- 0.002, % updates Left: 4.76%  Right: 4.23%
2017-03-20 04:29:09,623 INFO: ----------------------------------------------------------------------------
2017-03-20 04:29:09,623 INFO: EPOCH 67 (45.471 seconds):
2017-03-20 04:29:09,624 INFO: 	Average L2 norm of relation vector: 0.03642
2017-03-20 04:29:09,625 INFO: 	COST >> 0.043 +/- 0.002, % updates Left: 4.72%  Right: 4.27%
2017-03-20 04:29:54,669 INFO: ----------------------------------------------------------------------------
2017-03-20 04:29:54,670 INFO: EPOCH 68 (45.045 seconds):
2017-03-20 04:29:54,671 INFO: 	Average L2 norm of relation vector: 0.03635
2017-03-20 04:29:54,672 INFO: 	COST >> 0.043 +/- 0.002, % updates Left: 4.79%  Right: 4.26%
2017-03-20 04:30:38,414 INFO: ----------------------------------------------------------------------------
2017-03-20 04:30:38,415 INFO: EPOCH 69 (43.742 seconds):
2017-03-20 04:30:38,418 INFO: 	Average L2 norm of relation vector: 0.03628
2017-03-20 04:30:38,419 INFO: 	COST >> 0.043 +/- 0.002, % updates Left: 4.76%  Right: 4.21%
2017-03-20 04:31:22,065 INFO: ----------------------------------------------------------------------------
2017-03-20 04:31:22,065 INFO: EPOCH 70 (43.646 seconds):
2017-03-20 04:31:22,067 INFO: 	Average L2 norm of relation vector: 0.0362
2017-03-20 04:31:22,067 INFO: 	COST >> 0.043 +/- 0.002, % updates Left: 4.76%  Right: 4.21%
2017-03-20 04:31:22,068 INFO: 	FilteredRanking: evaluating rank on 1000 triples
2017-03-20 04:32:26,029 INFO: 	FilteredRanking: evaluating rank on 1000 triples
2017-03-20 04:33:30,108 INFO: 	MEAN RANK >> valid: 364.4, train: 234.0
2017-03-20 04:33:30,109 INFO: 		MEAN RANK TRAIN: Left: 251.1 Rel: 0.0 Right: 216.8
2017-03-20 04:33:30,110 INFO: 		MEAN RANK VALID: Left: 378.2 Rel: 0.0 Right: 350.7
2017-03-20 04:33:30,110 INFO: 		MEAN RECIPROCAL RANK VALID (L & R): 0.1465
2017-03-20 04:33:30,110 WARNING: 	WARNING, failed to improve MRR on valid, 0 chances left

2017-03-20 04:33:30,255 INFO: 	(ranking took 128.187 seconds)
2017-03-20 04:34:14,741 INFO: ----------------------------------------------------------------------------
2017-03-20 04:34:14,742 INFO: EPOCH 71 (44.486 seconds):
2017-03-20 04:34:14,746 INFO: 	Average L2 norm of relation vector: 0.03613
2017-03-20 04:34:14,748 INFO: 	COST >> 0.043 +/- 0.002, % updates Left: 4.74%  Right: 4.25%
2017-03-20 04:34:58,109 INFO: ----------------------------------------------------------------------------
2017-03-20 04:34:58,109 INFO: EPOCH 72 (43.361 seconds):
2017-03-20 04:34:58,111 INFO: 	Average L2 norm of relation vector: 0.03606
2017-03-20 04:34:58,112 INFO: 	COST >> 0.043 +/- 0.002, % updates Left: 4.71%  Right: 4.2%
2017-03-20 04:35:40,668 INFO: ----------------------------------------------------------------------------
2017-03-20 04:35:40,669 INFO: EPOCH 73 (42.557 seconds):
2017-03-20 04:35:40,671 INFO: 	Average L2 norm of relation vector: 0.036
2017-03-20 04:35:40,671 INFO: 	COST >> 0.043 +/- 0.003, % updates Left: 4.76%  Right: 4.22%
2017-03-20 04:36:25,334 INFO: ----------------------------------------------------------------------------
2017-03-20 04:36:25,335 INFO: EPOCH 74 (44.663 seconds):
2017-03-20 04:36:25,338 INFO: 	Average L2 norm of relation vector: 0.03594
2017-03-20 04:36:25,339 INFO: 	COST >> 0.042 +/- 0.003, % updates Left: 4.72%  Right: 4.21%
2017-03-20 04:37:12,077 INFO: ----------------------------------------------------------------------------
2017-03-20 04:37:12,077 INFO: EPOCH 75 (46.738 seconds):
2017-03-20 04:37:12,080 INFO: 	Average L2 norm of relation vector: 0.03585
2017-03-20 04:37:12,081 INFO: 	COST >> 0.042 +/- 0.002, % updates Left: 4.69%  Right: 4.17%
2017-03-20 04:37:58,637 INFO: ----------------------------------------------------------------------------
2017-03-20 04:37:58,638 INFO: EPOCH 76 (46.556 seconds):
2017-03-20 04:37:58,640 INFO: 	Average L2 norm of relation vector: 0.03578
2017-03-20 04:37:58,641 INFO: 	COST >> 0.042 +/- 0.003, % updates Left: 4.69%  Right: 4.2%
2017-03-20 04:38:43,924 INFO: ----------------------------------------------------------------------------
2017-03-20 04:38:43,924 INFO: EPOCH 77 (45.283 seconds):
2017-03-20 04:38:43,926 INFO: 	Average L2 norm of relation vector: 0.03572
2017-03-20 04:38:43,927 INFO: 	COST >> 0.043 +/- 0.002, % updates Left: 4.73%  Right: 4.21%
2017-03-20 04:39:28,780 INFO: ----------------------------------------------------------------------------
2017-03-20 04:39:28,780 INFO: EPOCH 78 (44.853 seconds):
2017-03-20 04:39:28,783 INFO: 	Average L2 norm of relation vector: 0.03564
2017-03-20 04:39:28,784 INFO: 	COST >> 0.042 +/- 0.002, % updates Left: 4.72%  Right: 4.16%
2017-03-20 04:40:12,462 INFO: ----------------------------------------------------------------------------
2017-03-20 04:40:12,463 INFO: EPOCH 79 (43.679 seconds):
2017-03-20 04:40:12,465 INFO: 	Average L2 norm of relation vector: 0.03558
2017-03-20 04:40:12,466 INFO: 	COST >> 0.042 +/- 0.003, % updates Left: 4.67%  Right: 4.21%
2017-03-20 04:40:56,141 INFO: ----------------------------------------------------------------------------
2017-03-20 04:40:56,142 INFO: EPOCH 80 (43.676 seconds):
2017-03-20 04:40:56,145 INFO: 	Average L2 norm of relation vector: 0.03552
2017-03-20 04:40:56,146 INFO: 	COST >> 0.042 +/- 0.002, % updates Left: 4.74%  Right: 4.22%
2017-03-20 04:40:56,146 INFO: 	FilteredRanking: evaluating rank on 1000 triples
2017-03-20 04:41:58,995 INFO: 	FilteredRanking: evaluating rank on 1000 triples
2017-03-20 04:43:02,502 INFO: 	MEAN RANK >> valid: 359.2, train: 234.8
2017-03-20 04:43:02,504 INFO: 		MEAN RANK TRAIN: Left: 242.8 Rel: 0.0 Right: 226.8
2017-03-20 04:43:02,505 INFO: 		MEAN RANK VALID: Left: 368.4 Rel: 0.0 Right: 349.9
2017-03-20 04:43:02,506 INFO: 		MEAN RECIPROCAL RANK VALID (L & R): 0.1515
2017-03-20 04:43:02,506 INFO: 	FilteredRanking: evaluating rank on 1000 triples
2017-03-20 04:44:05,346 INFO: 	NEW BEST TEST MR: 336.2
2017-03-20 04:44:05,347 INFO: 		Left MR: 355.6 Rel MR: 0.0 Right MR: 316.7
2017-03-20 04:44:05,426 INFO: 	(ranking took 189.28 seconds)
2017-03-20 04:44:49,416 INFO: ----------------------------------------------------------------------------
2017-03-20 04:44:49,416 INFO: EPOCH 81 (43.989 seconds):
2017-03-20 04:44:49,418 INFO: 	Average L2 norm of relation vector: 0.03547
2017-03-20 04:44:49,419 INFO: 	COST >> 0.042 +/- 0.002, % updates Left: 4.73%  Right: 4.16%
2017-03-20 04:45:31,700 INFO: ----------------------------------------------------------------------------
2017-03-20 04:45:31,701 INFO: EPOCH 82 (42.281 seconds):
2017-03-20 04:45:31,702 INFO: 	Average L2 norm of relation vector: 0.03541
2017-03-20 04:45:31,702 INFO: 	COST >> 0.042 +/- 0.002, % updates Left: 4.69%  Right: 4.2%
2017-03-20 04:46:20,207 INFO: ----------------------------------------------------------------------------
2017-03-20 04:46:20,207 INFO: EPOCH 83 (48.505 seconds):
2017-03-20 04:46:20,208 INFO: 	Average L2 norm of relation vector: 0.03536
2017-03-20 04:46:20,209 INFO: 	COST >> 0.042 +/- 0.002, % updates Left: 4.75%  Right: 4.22%
2017-03-20 04:47:07,195 INFO: ----------------------------------------------------------------------------
2017-03-20 04:47:07,196 INFO: EPOCH 84 (46.987 seconds):
2017-03-20 04:47:07,197 INFO: 	Average L2 norm of relation vector: 0.03529
2017-03-20 04:47:07,198 INFO: 	COST >> 0.042 +/- 0.002, % updates Left: 4.71%  Right: 4.17%
2017-03-20 04:47:54,163 INFO: ----------------------------------------------------------------------------
2017-03-20 04:47:54,163 INFO: EPOCH 85 (46.965 seconds):
2017-03-20 04:47:54,165 INFO: 	Average L2 norm of relation vector: 0.03524
2017-03-20 04:47:54,166 INFO: 	COST >> 0.042 +/- 0.002, % updates Left: 4.66%  Right: 4.19%
2017-03-20 04:48:41,106 INFO: ----------------------------------------------------------------------------
2017-03-20 04:48:41,106 INFO: EPOCH 86 (46.94 seconds):
2017-03-20 04:48:41,108 INFO: 	Average L2 norm of relation vector: 0.0352
2017-03-20 04:48:41,109 INFO: 	COST >> 0.042 +/- 0.002, % updates Left: 4.7%  Right: 4.14%
2017-03-20 04:49:27,836 INFO: ----------------------------------------------------------------------------
2017-03-20 04:49:27,836 INFO: EPOCH 87 (46.727 seconds):
2017-03-20 04:49:27,839 INFO: 	Average L2 norm of relation vector: 0.03514
2017-03-20 04:49:27,839 INFO: 	COST >> 0.042 +/- 0.002, % updates Left: 4.63%  Right: 4.2%
2017-03-20 04:50:13,925 INFO: ----------------------------------------------------------------------------
2017-03-20 04:50:13,925 INFO: EPOCH 88 (46.086 seconds):
2017-03-20 04:50:13,927 INFO: 	Average L2 norm of relation vector: 0.03508
2017-03-20 04:50:13,927 INFO: 	COST >> 0.042 +/- 0.002, % updates Left: 4.7%  Right: 4.17%
2017-03-20 04:50:58,983 INFO: ----------------------------------------------------------------------------
2017-03-20 04:50:58,984 INFO: EPOCH 89 (45.056 seconds):
2017-03-20 04:50:58,985 INFO: 	Average L2 norm of relation vector: 0.03502
2017-03-20 04:50:58,986 INFO: 	COST >> 0.042 +/- 0.002, % updates Left: 4.68%  Right: 4.15%
2017-03-20 04:51:43,566 INFO: ----------------------------------------------------------------------------
2017-03-20 04:51:43,566 INFO: EPOCH 90 (44.58 seconds):
2017-03-20 04:51:43,567 INFO: 	Average L2 norm of relation vector: 0.03496
2017-03-20 04:51:43,568 INFO: 	COST >> 0.042 +/- 0.002, % updates Left: 4.65%  Right: 4.17%
2017-03-20 04:51:43,568 INFO: 	FilteredRanking: evaluating rank on 1000 triples
2017-03-20 04:52:44,230 INFO: 	FilteredRanking: evaluating rank on 1000 triples
2017-03-20 04:53:46,890 INFO: 	MEAN RANK >> valid: 358.1, train: 238.0
2017-03-20 04:53:46,891 INFO: 		MEAN RANK TRAIN: Left: 241.6 Rel: 0.0 Right: 234.5
2017-03-20 04:53:46,891 INFO: 		MEAN RANK VALID: Left: 371.8 Rel: 0.0 Right: 344.4
2017-03-20 04:53:46,891 INFO: 		MEAN RECIPROCAL RANK VALID (L & R): 0.153
2017-03-20 04:53:46,891 INFO: 	FilteredRanking: evaluating rank on 1000 triples
2017-03-20 04:54:49,223 INFO: 	NEW BEST TEST MR: 334.2
2017-03-20 04:54:49,224 INFO: 		Left MR: 353.0 Rel MR: 0.0 Right MR: 315.4
2017-03-20 04:54:49,300 INFO: 	(ranking took 185.732 seconds)
2017-03-20 04:55:36,606 INFO: ----------------------------------------------------------------------------
2017-03-20 04:55:36,606 INFO: EPOCH 91 (47.306 seconds):
2017-03-20 04:55:36,609 INFO: 	Average L2 norm of relation vector: 0.03491
2017-03-20 04:55:36,609 INFO: 	COST >> 0.042 +/- 0.002, % updates Left: 4.65%  Right: 4.2%
2017-03-20 04:56:21,329 INFO: ----------------------------------------------------------------------------
2017-03-20 04:56:21,330 INFO: EPOCH 92 (44.72 seconds):
2017-03-20 04:56:21,331 INFO: 	Average L2 norm of relation vector: 0.03485
2017-03-20 04:56:21,332 INFO: 	COST >> 0.042 +/- 0.002, % updates Left: 4.6%  Right: 4.13%
2017-03-20 04:57:08,149 INFO: ----------------------------------------------------------------------------
2017-03-20 04:57:08,150 INFO: EPOCH 93 (46.817 seconds):
2017-03-20 04:57:08,152 INFO: 	Average L2 norm of relation vector: 0.0348
2017-03-20 04:57:08,152 INFO: 	COST >> 0.042 +/- 0.002, % updates Left: 4.68%  Right: 4.13%
2017-03-20 04:57:54,286 INFO: ----------------------------------------------------------------------------
2017-03-20 04:57:54,286 INFO: EPOCH 94 (46.133 seconds):
2017-03-20 04:57:54,288 INFO: 	Average L2 norm of relation vector: 0.03476
2017-03-20 04:57:54,289 INFO: 	COST >> 0.042 +/- 0.002, % updates Left: 4.65%  Right: 4.16%
2017-03-20 04:58:40,012 INFO: ----------------------------------------------------------------------------
2017-03-20 04:58:40,012 INFO: EPOCH 95 (45.722 seconds):
2017-03-20 04:58:40,014 INFO: 	Average L2 norm of relation vector: 0.03471
2017-03-20 04:58:40,014 INFO: 	COST >> 0.041 +/- 0.002, % updates Left: 4.64%  Right: 4.13%
2017-03-20 04:59:25,801 INFO: ----------------------------------------------------------------------------
2017-03-20 04:59:25,801 INFO: EPOCH 96 (45.787 seconds):
2017-03-20 04:59:25,804 INFO: 	Average L2 norm of relation vector: 0.03465
2017-03-20 04:59:25,805 INFO: 	COST >> 0.042 +/- 0.002, % updates Left: 4.61%  Right: 4.18%
2017-03-20 05:00:11,657 INFO: ----------------------------------------------------------------------------
2017-03-20 05:00:11,658 INFO: EPOCH 97 (45.852 seconds):
2017-03-20 05:00:11,661 INFO: 	Average L2 norm of relation vector: 0.0346
2017-03-20 05:00:11,662 INFO: 	COST >> 0.042 +/- 0.002, % updates Left: 4.61%  Right: 4.17%
2017-03-20 05:00:56,654 INFO: ----------------------------------------------------------------------------
2017-03-20 05:00:56,655 INFO: EPOCH 98 (44.993 seconds):
2017-03-20 05:00:56,658 INFO: 	Average L2 norm of relation vector: 0.03455
2017-03-20 05:00:56,659 INFO: 	COST >> 0.041 +/- 0.002, % updates Left: 4.63%  Right: 4.12%
2017-03-20 05:01:40,643 INFO: ----------------------------------------------------------------------------
2017-03-20 05:01:40,643 INFO: EPOCH 99 (43.984 seconds):
2017-03-20 05:01:40,645 INFO: 	Average L2 norm of relation vector: 0.03449
2017-03-20 05:01:40,646 INFO: 	COST >> 0.042 +/- 0.002, % updates Left: 4.66%  Right: 4.17%
2017-03-20 05:02:25,272 INFO: ----------------------------------------------------------------------------
2017-03-20 05:02:25,272 INFO: EPOCH 100 (44.626 seconds):
2017-03-20 05:02:25,274 INFO: 	Average L2 norm of relation vector: 0.03445
2017-03-20 05:02:25,274 INFO: 	COST >> 0.041 +/- 0.002, % updates Left: 4.61%  Right: 4.17%
2017-03-20 05:02:25,274 INFO: 	FilteredRanking: evaluating rank on 1000 triples
2017-03-20 05:03:28,404 INFO: 	FilteredRanking: evaluating rank on 1000 triples
2017-03-20 05:04:30,860 INFO: 	MEAN RANK >> valid: 358.9, train: 237.9
2017-03-20 05:04:30,861 INFO: 		MEAN RANK TRAIN: Left: 249.9 Rel: 0.0 Right: 225.8
2017-03-20 05:04:30,862 INFO: 		MEAN RANK VALID: Left: 371.4 Rel: 0.0 Right: 346.4
2017-03-20 05:04:30,862 INFO: 		MEAN RECIPROCAL RANK VALID (L & R): 0.1465
2017-03-20 05:04:30,862 WARNING: 	WARNING, failed to improve MRR on valid, 2 chances left

2017-03-20 05:04:30,954 INFO: 	(ranking took 125.68 seconds)
2017-03-20 05:05:16,370 INFO: ----------------------------------------------------------------------------
2017-03-20 05:05:16,370 INFO: EPOCH 101 (45.415 seconds):
2017-03-20 05:05:16,372 INFO: 	Average L2 norm of relation vector: 0.0344
2017-03-20 05:05:16,373 INFO: 	COST >> 0.041 +/- 0.002, % updates Left: 4.6%  Right: 4.15%
2017-03-20 05:06:01,554 INFO: ----------------------------------------------------------------------------
2017-03-20 05:06:01,555 INFO: EPOCH 102 (45.181 seconds):
2017-03-20 05:06:01,557 INFO: 	Average L2 norm of relation vector: 0.03436
2017-03-20 05:06:01,557 INFO: 	COST >> 0.042 +/- 0.002, % updates Left: 4.64%  Right: 4.14%
2017-03-20 05:06:48,037 INFO: ----------------------------------------------------------------------------
2017-03-20 05:06:48,038 INFO: EPOCH 103 (46.48 seconds):
2017-03-20 05:06:48,040 INFO: 	Average L2 norm of relation vector: 0.0343
2017-03-20 05:06:48,041 INFO: 	COST >> 0.041 +/- 0.002, % updates Left: 4.56%  Right: 4.16%
2017-03-20 05:07:34,269 INFO: ----------------------------------------------------------------------------
2017-03-20 05:07:34,269 INFO: EPOCH 104 (46.228 seconds):
2017-03-20 05:07:34,271 INFO: 	Average L2 norm of relation vector: 0.03427
2017-03-20 05:07:34,272 INFO: 	COST >> 0.041 +/- 0.002, % updates Left: 4.61%  Right: 4.11%
2017-03-20 05:08:20,412 INFO: ----------------------------------------------------------------------------
2017-03-20 05:08:20,413 INFO: EPOCH 105 (46.14 seconds):
2017-03-20 05:08:20,414 INFO: 	Average L2 norm of relation vector: 0.03422
2017-03-20 05:08:20,415 INFO: 	COST >> 0.042 +/- 0.002, % updates Left: 4.58%  Right: 4.2%
2017-03-20 05:09:06,045 INFO: ----------------------------------------------------------------------------
2017-03-20 05:09:06,045 INFO: EPOCH 106 (45.63 seconds):
2017-03-20 05:09:06,047 INFO: 	Average L2 norm of relation vector: 0.03418
2017-03-20 05:09:06,047 INFO: 	COST >> 0.041 +/- 0.002, % updates Left: 4.59%  Right: 4.15%
2017-03-20 05:09:52,348 INFO: ----------------------------------------------------------------------------
2017-03-20 05:09:52,349 INFO: EPOCH 107 (46.301 seconds):
2017-03-20 05:09:52,350 INFO: 	Average L2 norm of relation vector: 0.03413
2017-03-20 05:09:52,351 INFO: 	COST >> 0.041 +/- 0.002, % updates Left: 4.6%  Right: 4.1%
2017-03-20 05:10:37,360 INFO: ----------------------------------------------------------------------------
2017-03-20 05:10:37,360 INFO: EPOCH 108 (45.009 seconds):
2017-03-20 05:10:37,362 INFO: 	Average L2 norm of relation vector: 0.03408
2017-03-20 05:10:37,362 INFO: 	COST >> 0.041 +/- 0.002, % updates Left: 4.65%  Right: 4.11%
2017-03-20 05:11:21,466 INFO: ----------------------------------------------------------------------------
2017-03-20 05:11:21,466 INFO: EPOCH 109 (44.104 seconds):
2017-03-20 05:11:21,468 INFO: 	Average L2 norm of relation vector: 0.03404
2017-03-20 05:11:21,469 INFO: 	COST >> 0.042 +/- 0.002, % updates Left: 4.67%  Right: 4.12%
2017-03-20 05:12:06,000 INFO: ----------------------------------------------------------------------------
2017-03-20 05:12:06,000 INFO: EPOCH 110 (44.531 seconds):
2017-03-20 05:12:06,002 INFO: 	Average L2 norm of relation vector: 0.03401
2017-03-20 05:12:06,003 INFO: 	COST >> 0.041 +/- 0.002, % updates Left: 4.69%  Right: 4.09%
2017-03-20 05:12:06,004 INFO: 	FilteredRanking: evaluating rank on 1000 triples
2017-03-20 05:13:10,804 INFO: 	FilteredRanking: evaluating rank on 1000 triples
2017-03-20 05:14:13,354 INFO: 	MEAN RANK >> valid: 365.2, train: 240.3
2017-03-20 05:14:13,354 INFO: 		MEAN RANK TRAIN: Left: 248.2 Rel: 0.0 Right: 232.4
2017-03-20 05:14:13,355 INFO: 		MEAN RANK VALID: Left: 381.7 Rel: 0.0 Right: 348.7
2017-03-20 05:14:13,355 INFO: 		MEAN RECIPROCAL RANK VALID (L & R): 0.154
2017-03-20 05:14:13,355 INFO: 	FilteredRanking: evaluating rank on 1000 triples
2017-03-20 05:15:15,780 INFO: 	NEW BEST TEST MR: 339.8
2017-03-20 05:15:15,780 INFO: 		Left MR: 360.3 Rel MR: 0.0 Right MR: 319.3
2017-03-20 05:15:15,854 INFO: 	(ranking took 189.85 seconds)
2017-03-20 05:16:02,183 INFO: ----------------------------------------------------------------------------
2017-03-20 05:16:02,183 INFO: EPOCH 111 (46.329 seconds):
2017-03-20 05:16:02,184 INFO: 	Average L2 norm of relation vector: 0.03399
2017-03-20 05:16:02,185 INFO: 	COST >> 0.041 +/- 0.003, % updates Left: 4.68%  Right: 4.15%
2017-03-20 05:16:46,977 INFO: ----------------------------------------------------------------------------
2017-03-20 05:16:46,977 INFO: EPOCH 112 (44.792 seconds):
2017-03-20 05:16:46,979 INFO: 	Average L2 norm of relation vector: 0.03395
2017-03-20 05:16:46,980 INFO: 	COST >> 0.041 +/- 0.002, % updates Left: 4.62%  Right: 4.11%
2017-03-20 05:17:33,973 INFO: ----------------------------------------------------------------------------
2017-03-20 05:17:33,973 INFO: EPOCH 113 (46.992 seconds):
2017-03-20 05:17:33,974 INFO: 	Average L2 norm of relation vector: 0.03392
2017-03-20 05:17:33,975 INFO: 	COST >> 0.041 +/- 0.002, % updates Left: 4.66%  Right: 4.12%
2017-03-20 05:18:19,711 INFO: ----------------------------------------------------------------------------
2017-03-20 05:18:19,711 INFO: EPOCH 114 (45.736 seconds):
2017-03-20 05:18:19,712 INFO: 	Average L2 norm of relation vector: 0.03388
2017-03-20 05:18:19,713 INFO: 	COST >> 0.041 +/- 0.002, % updates Left: 4.55%  Right: 4.07%
2017-03-20 05:19:05,844 INFO: ----------------------------------------------------------------------------
2017-03-20 05:19:05,844 INFO: EPOCH 115 (46.131 seconds):
2017-03-20 05:19:05,846 INFO: 	Average L2 norm of relation vector: 0.03384
2017-03-20 05:19:05,846 INFO: 	COST >> 0.041 +/- 0.002, % updates Left: 4.56%  Right: 4.07%
2017-03-20 05:19:52,255 INFO: ----------------------------------------------------------------------------
2017-03-20 05:19:52,256 INFO: EPOCH 116 (46.409 seconds):
2017-03-20 05:19:52,258 INFO: 	Average L2 norm of relation vector: 0.0338
2017-03-20 05:19:52,259 INFO: 	COST >> 0.041 +/- 0.002, % updates Left: 4.59%  Right: 4.09%
2017-03-20 05:20:36,229 INFO: ----------------------------------------------------------------------------
2017-03-20 05:20:36,229 INFO: EPOCH 117 (43.969 seconds):
2017-03-20 05:20:36,230 INFO: 	Average L2 norm of relation vector: 0.03377
2017-03-20 05:20:36,231 INFO: 	COST >> 0.041 +/- 0.002, % updates Left: 4.59%  Right: 4.14%
2017-03-20 05:21:20,551 INFO: ----------------------------------------------------------------------------
2017-03-20 05:21:20,552 INFO: EPOCH 118 (44.321 seconds):
2017-03-20 05:21:20,555 INFO: 	Average L2 norm of relation vector: 0.03373
2017-03-20 05:21:20,556 INFO: 	COST >> 0.041 +/- 0.002, % updates Left: 4.56%  Right: 4.17%
2017-03-20 05:22:04,879 INFO: ----------------------------------------------------------------------------
2017-03-20 05:22:04,880 INFO: EPOCH 119 (44.324 seconds):
2017-03-20 05:22:04,882 INFO: 	Average L2 norm of relation vector: 0.03369
2017-03-20 05:22:04,882 INFO: 	COST >> 0.041 +/- 0.002, % updates Left: 4.5%  Right: 4.15%
2017-03-20 05:22:47,328 INFO: ----------------------------------------------------------------------------
2017-03-20 05:22:47,328 INFO: EPOCH 120 (42.445 seconds):
2017-03-20 05:22:47,329 INFO: 	Average L2 norm of relation vector: 0.03366
2017-03-20 05:22:47,330 INFO: 	COST >> 0.041 +/- 0.003, % updates Left: 4.54%  Right: 4.12%
2017-03-20 05:22:47,330 INFO: 	FilteredRanking: evaluating rank on 1000 triples
2017-03-20 05:23:48,309 INFO: 	FilteredRanking: evaluating rank on 1000 triples
2017-03-20 05:24:49,346 INFO: 	MEAN RANK >> valid: 366.0, train: 239.5
2017-03-20 05:24:49,347 INFO: 		MEAN RANK TRAIN: Left: 253.1 Rel: 0.0 Right: 226.0
2017-03-20 05:24:49,347 INFO: 		MEAN RANK VALID: Left: 382.3 Rel: 0.0 Right: 349.7
2017-03-20 05:24:49,348 INFO: 		MEAN RECIPROCAL RANK VALID (L & R): 0.1535
2017-03-20 05:24:49,348 WARNING: 	WARNING, failed to improve MRR on valid, 2 chances left

2017-03-20 05:24:49,425 INFO: 	(ranking took 122.095 seconds)
2017-03-20 05:25:33,103 INFO: ----------------------------------------------------------------------------
2017-03-20 05:25:33,103 INFO: EPOCH 121 (43.678 seconds):
2017-03-20 05:25:33,105 INFO: 	Average L2 norm of relation vector: 0.03362
2017-03-20 05:25:33,106 INFO: 	COST >> 0.041 +/- 0.002, % updates Left: 4.6%  Right: 4.08%
2017-03-20 05:26:15,988 INFO: ----------------------------------------------------------------------------
2017-03-20 05:26:15,988 INFO: EPOCH 122 (42.882 seconds):
2017-03-20 05:26:15,990 INFO: 	Average L2 norm of relation vector: 0.03358
2017-03-20 05:26:15,991 INFO: 	COST >> 0.041 +/- 0.002, % updates Left: 4.54%  Right: 4.11%
2017-03-20 05:26:58,316 INFO: ----------------------------------------------------------------------------
2017-03-20 05:26:58,317 INFO: EPOCH 123 (42.326 seconds):
2017-03-20 05:26:58,318 INFO: 	Average L2 norm of relation vector: 0.03356
2017-03-20 05:26:58,319 INFO: 	COST >> 0.041 +/- 0.002, % updates Left: 4.63%  Right: 4.1%
2017-03-20 05:27:43,816 INFO: ----------------------------------------------------------------------------
2017-03-20 05:27:43,816 INFO: EPOCH 124 (45.497 seconds):
2017-03-20 05:27:43,818 INFO: 	Average L2 norm of relation vector: 0.03354
2017-03-20 05:27:43,818 INFO: 	COST >> 0.041 +/- 0.003, % updates Left: 4.53%  Right: 4.12%
2017-03-20 05:28:28,657 INFO: ----------------------------------------------------------------------------
2017-03-20 05:28:28,657 INFO: EPOCH 125 (44.839 seconds):
2017-03-20 05:28:28,659 INFO: 	Average L2 norm of relation vector: 0.03352
2017-03-20 05:28:28,660 INFO: 	COST >> 0.041 +/- 0.002, % updates Left: 4.57%  Right: 4.14%
2017-03-20 05:29:13,228 INFO: ----------------------------------------------------------------------------
2017-03-20 05:29:13,233 INFO: EPOCH 126 (44.573 seconds):
2017-03-20 05:29:13,236 INFO: 	Average L2 norm of relation vector: 0.03349
2017-03-20 05:29:13,237 INFO: 	COST >> 0.041 +/- 0.002, % updates Left: 4.59%  Right: 4.11%
2017-03-20 05:29:57,759 INFO: ----------------------------------------------------------------------------
2017-03-20 05:29:57,759 INFO: EPOCH 127 (44.521 seconds):
2017-03-20 05:29:57,761 INFO: 	Average L2 norm of relation vector: 0.03346
2017-03-20 05:29:57,762 INFO: 	COST >> 0.04 +/- 0.002, % updates Left: 4.52%  Right: 4.09%
2017-03-20 05:30:40,686 INFO: ----------------------------------------------------------------------------
2017-03-20 05:30:40,686 INFO: EPOCH 128 (42.924 seconds):
2017-03-20 05:30:40,687 INFO: 	Average L2 norm of relation vector: 0.03342
2017-03-20 05:30:40,688 INFO: 	COST >> 0.041 +/- 0.002, % updates Left: 4.58%  Right: 4.1%
2017-03-20 05:31:23,019 INFO: ----------------------------------------------------------------------------
2017-03-20 05:31:23,019 INFO: EPOCH 129 (42.332 seconds):
2017-03-20 05:31:23,021 INFO: 	Average L2 norm of relation vector: 0.03338
2017-03-20 05:31:23,022 INFO: 	COST >> 0.04 +/- 0.002, % updates Left: 4.48%  Right: 4.11%
2017-03-20 05:32:05,228 INFO: ----------------------------------------------------------------------------
2017-03-20 05:32:05,228 INFO: EPOCH 130 (42.206 seconds):
2017-03-20 05:32:05,230 INFO: 	Average L2 norm of relation vector: 0.03336
2017-03-20 05:32:05,231 INFO: 	COST >> 0.041 +/- 0.002, % updates Left: 4.57%  Right: 4.06%
2017-03-20 05:32:05,231 INFO: 	FilteredRanking: evaluating rank on 1000 triples
2017-03-20 05:33:06,506 INFO: 	FilteredRanking: evaluating rank on 1000 triples
2017-03-20 05:34:09,850 INFO: 	MEAN RANK >> valid: 376.6, train: 230.1
2017-03-20 05:34:09,850 INFO: 		MEAN RANK TRAIN: Left: 233.0 Rel: 0.0 Right: 227.2
2017-03-20 05:34:09,851 INFO: 		MEAN RANK VALID: Left: 401.7 Rel: 0.0 Right: 351.5
2017-03-20 05:34:09,851 INFO: 		MEAN RECIPROCAL RANK VALID (L & R): 0.1535
2017-03-20 05:34:09,852 WARNING: 	WARNING, failed to improve MRR on valid, 1 chances left

2017-03-20 05:34:09,992 INFO: 	(ranking took 124.761 seconds)
2017-03-20 05:34:52,621 INFO: ----------------------------------------------------------------------------
2017-03-20 05:34:52,621 INFO: EPOCH 131 (42.629 seconds):
2017-03-20 05:34:52,623 INFO: 	Average L2 norm of relation vector: 0.03333
2017-03-20 05:34:52,623 INFO: 	COST >> 0.041 +/- 0.002, % updates Left: 4.56%  Right: 4.06%
2017-03-20 05:35:34,030 INFO: ----------------------------------------------------------------------------
2017-03-20 05:35:34,030 INFO: EPOCH 132 (41.407 seconds):
2017-03-20 05:35:34,032 INFO: 	Average L2 norm of relation vector: 0.03331
2017-03-20 05:35:34,034 INFO: 	COST >> 0.041 +/- 0.002, % updates Left: 4.55%  Right: 4.15%
2017-03-20 05:36:16,664 INFO: ----------------------------------------------------------------------------
2017-03-20 05:36:16,664 INFO: EPOCH 133 (42.63 seconds):
2017-03-20 05:36:16,665 INFO: 	Average L2 norm of relation vector: 0.03328
2017-03-20 05:36:16,666 INFO: 	COST >> 0.041 +/- 0.002, % updates Left: 4.55%  Right: 4.13%
2017-03-20 05:37:01,777 INFO: ----------------------------------------------------------------------------
2017-03-20 05:37:01,778 INFO: EPOCH 134 (45.112 seconds):
2017-03-20 05:37:01,780 INFO: 	Average L2 norm of relation vector: 0.03327
2017-03-20 05:37:01,781 INFO: 	COST >> 0.04 +/- 0.002, % updates Left: 4.55%  Right: 4.08%
2017-03-20 05:37:45,968 INFO: ----------------------------------------------------------------------------
2017-03-20 05:37:45,968 INFO: EPOCH 135 (44.187 seconds):
2017-03-20 05:37:45,970 INFO: 	Average L2 norm of relation vector: 0.03324
2017-03-20 05:37:45,971 INFO: 	COST >> 0.041 +/- 0.002, % updates Left: 4.62%  Right: 4.04%
2017-03-20 05:38:29,651 INFO: ----------------------------------------------------------------------------
2017-03-20 05:38:29,651 INFO: EPOCH 136 (43.681 seconds):
2017-03-20 05:38:29,654 INFO: 	Average L2 norm of relation vector: 0.03322
2017-03-20 05:38:29,655 INFO: 	COST >> 0.041 +/- 0.002, % updates Left: 4.52%  Right: 4.1%
2017-03-20 05:39:14,056 INFO: ----------------------------------------------------------------------------
2017-03-20 05:39:14,057 INFO: EPOCH 137 (44.401 seconds):
2017-03-20 05:39:14,060 INFO: 	Average L2 norm of relation vector: 0.03318
2017-03-20 05:39:14,061 INFO: 	COST >> 0.041 +/- 0.002, % updates Left: 4.59%  Right: 4.05%
2017-03-20 05:39:56,342 INFO: ----------------------------------------------------------------------------
2017-03-20 05:39:56,343 INFO: EPOCH 138 (42.281 seconds):
2017-03-20 05:39:56,345 INFO: 	Average L2 norm of relation vector: 0.03317
2017-03-20 05:39:56,346 INFO: 	COST >> 0.04 +/- 0.002, % updates Left: 4.56%  Right: 4.04%
2017-03-20 05:40:38,566 INFO: ----------------------------------------------------------------------------
2017-03-20 05:40:38,566 INFO: EPOCH 139 (42.22 seconds):
2017-03-20 05:40:38,567 INFO: 	Average L2 norm of relation vector: 0.03314
2017-03-20 05:40:38,568 INFO: 	COST >> 0.04 +/- 0.002, % updates Left: 4.55%  Right: 4.07%
2017-03-20 05:41:20,715 INFO: ----------------------------------------------------------------------------
2017-03-20 05:41:20,716 INFO: EPOCH 140 (42.147 seconds):
2017-03-20 05:41:20,718 INFO: 	Average L2 norm of relation vector: 0.03311
2017-03-20 05:41:20,719 INFO: 	COST >> 0.041 +/- 0.002, % updates Left: 4.58%  Right: 4.06%
2017-03-20 05:41:20,719 INFO: 	FilteredRanking: evaluating rank on 1000 triples
2017-03-20 05:42:24,307 INFO: 	FilteredRanking: evaluating rank on 1000 triples
2017-03-20 05:43:27,528 INFO: 	MEAN RANK >> valid: 374.6, train: 233.5
2017-03-20 05:43:27,529 INFO: 		MEAN RANK TRAIN: Left: 241.2 Rel: 0.0 Right: 225.8
2017-03-20 05:43:27,529 INFO: 		MEAN RANK VALID: Left: 400.9 Rel: 0.0 Right: 348.2
2017-03-20 05:43:27,529 INFO: 		MEAN RECIPROCAL RANK VALID (L & R): 0.155
2017-03-20 05:43:27,529 INFO: 	FilteredRanking: evaluating rank on 1000 triples
2017-03-20 05:44:26,888 INFO: 	NEW BEST TEST MR: 339.5
2017-03-20 05:44:26,889 INFO: 		Left MR: 367.4 Rel MR: 0.0 Right MR: 311.7
2017-03-20 05:44:26,977 INFO: 	(ranking took 186.258 seconds)
2017-03-20 05:45:10,158 INFO: ----------------------------------------------------------------------------
2017-03-20 05:45:10,158 INFO: EPOCH 141 (43.181 seconds):
2017-03-20 05:45:10,161 INFO: 	Average L2 norm of relation vector: 0.03309
2017-03-20 05:45:10,162 INFO: 	COST >> 0.04 +/- 0.002, % updates Left: 4.54%  Right: 4.09%
2017-03-20 05:45:53,898 INFO: ----------------------------------------------------------------------------
2017-03-20 05:45:53,899 INFO: EPOCH 142 (43.736 seconds):
2017-03-20 05:45:53,900 INFO: 	Average L2 norm of relation vector: 0.03307
2017-03-20 05:45:53,901 INFO: 	COST >> 0.041 +/- 0.002, % updates Left: 4.59%  Right: 4.05%
2017-03-20 05:46:38,246 INFO: ----------------------------------------------------------------------------
2017-03-20 05:46:38,247 INFO: EPOCH 143 (44.346 seconds):
2017-03-20 05:46:38,250 INFO: 	Average L2 norm of relation vector: 0.03304
2017-03-20 05:46:38,251 INFO: 	COST >> 0.041 +/- 0.003, % updates Left: 4.57%  Right: 4.12%
2017-03-20 05:47:22,357 INFO: ----------------------------------------------------------------------------
2017-03-20 05:47:22,357 INFO: EPOCH 144 (44.106 seconds):
2017-03-20 05:47:22,359 INFO: 	Average L2 norm of relation vector: 0.03302
2017-03-20 05:47:22,360 INFO: 	COST >> 0.04 +/- 0.002, % updates Left: 4.54%  Right: 4.06%
2017-03-20 05:48:05,733 INFO: ----------------------------------------------------------------------------
2017-03-20 05:48:05,733 INFO: EPOCH 145 (43.373 seconds):
2017-03-20 05:48:05,736 INFO: 	Average L2 norm of relation vector: 0.03298
2017-03-20 05:48:05,737 INFO: 	COST >> 0.041 +/- 0.002, % updates Left: 4.58%  Right: 4.08%
2017-03-20 05:48:49,958 INFO: ----------------------------------------------------------------------------
2017-03-20 05:48:49,958 INFO: EPOCH 146 (44.221 seconds):
2017-03-20 05:48:49,960 INFO: 	Average L2 norm of relation vector: 0.03297
2017-03-20 05:48:49,961 INFO: 	COST >> 0.04 +/- 0.002, % updates Left: 4.53%  Right: 4.06%
2017-03-20 05:49:32,207 INFO: ----------------------------------------------------------------------------
2017-03-20 05:49:32,207 INFO: EPOCH 147 (42.246 seconds):
2017-03-20 05:49:32,209 INFO: 	Average L2 norm of relation vector: 0.03294
2017-03-20 05:49:32,210 INFO: 	COST >> 0.041 +/- 0.002, % updates Left: 4.56%  Right: 4.05%
2017-03-20 05:50:14,186 INFO: ----------------------------------------------------------------------------
2017-03-20 05:50:14,187 INFO: EPOCH 148 (41.977 seconds):
2017-03-20 05:50:14,189 INFO: 	Average L2 norm of relation vector: 0.03292
2017-03-20 05:50:14,190 INFO: 	COST >> 0.04 +/- 0.002, % updates Left: 4.51%  Right: 4.1%
2017-03-20 05:50:57,367 INFO: ----------------------------------------------------------------------------
2017-03-20 05:50:57,367 INFO: EPOCH 149 (43.177 seconds):
2017-03-20 05:50:57,368 INFO: 	Average L2 norm of relation vector: 0.0329
2017-03-20 05:50:57,369 INFO: 	COST >> 0.041 +/- 0.002, % updates Left: 4.54%  Right: 4.1%
2017-03-20 05:51:41,280 INFO: ----------------------------------------------------------------------------
2017-03-20 05:51:41,280 INFO: EPOCH 150 (43.911 seconds):
2017-03-20 05:51:41,282 INFO: 	Average L2 norm of relation vector: 0.03288
2017-03-20 05:51:41,283 INFO: 	COST >> 0.04 +/- 0.002, % updates Left: 4.56%  Right: 4.08%
2017-03-20 05:51:41,283 INFO: 	FilteredRanking: evaluating rank on 1000 triples
2017-03-20 05:52:43,573 INFO: 	FilteredRanking: evaluating rank on 1000 triples
2017-03-20 05:53:43,434 INFO: 	MEAN RANK >> valid: 371.7, train: 233.3
2017-03-20 05:53:43,435 INFO: 		MEAN RANK TRAIN: Left: 239.1 Rel: 0.0 Right: 227.6
2017-03-20 05:53:43,436 INFO: 		MEAN RANK VALID: Left: 393.2 Rel: 0.0 Right: 350.2
2017-03-20 05:53:43,436 INFO: 		MEAN RECIPROCAL RANK VALID (L & R): 0.15
2017-03-20 05:53:43,437 WARNING: 	WARNING, failed to improve MRR on valid, 2 chances left

2017-03-20 05:53:43,528 INFO: 	(ranking took 122.245 seconds)
2017-03-20 05:54:25,300 INFO: ----------------------------------------------------------------------------
2017-03-20 05:54:25,300 INFO: EPOCH 151 (41.772 seconds):
2017-03-20 05:54:25,302 INFO: 	Average L2 norm of relation vector: 0.03287
2017-03-20 05:54:25,302 INFO: 	COST >> 0.04 +/- 0.003, % updates Left: 4.57%  Right: 4.09%
2017-03-20 05:55:09,480 INFO: ----------------------------------------------------------------------------
2017-03-20 05:55:09,480 INFO: EPOCH 152 (44.178 seconds):
2017-03-20 05:55:09,481 INFO: 	Average L2 norm of relation vector: 0.03284
2017-03-20 05:55:09,482 INFO: 	COST >> 0.04 +/- 0.002, % updates Left: 4.49%  Right: 4.1%
2017-03-20 05:55:54,410 INFO: ----------------------------------------------------------------------------
2017-03-20 05:55:54,411 INFO: EPOCH 153 (44.929 seconds):
2017-03-20 05:55:54,413 INFO: 	Average L2 norm of relation vector: 0.03282
2017-03-20 05:55:54,414 INFO: 	COST >> 0.04 +/- 0.002, % updates Left: 4.53%  Right: 4.08%
2017-03-20 05:56:38,692 INFO: ----------------------------------------------------------------------------
2017-03-20 05:56:38,692 INFO: EPOCH 154 (44.278 seconds):
2017-03-20 05:56:38,694 INFO: 	Average L2 norm of relation vector: 0.03279
2017-03-20 05:56:38,695 INFO: 	COST >> 0.04 +/- 0.002, % updates Left: 4.49%  Right: 4.03%
2017-03-20 05:57:23,410 INFO: ----------------------------------------------------------------------------
2017-03-20 05:57:23,410 INFO: EPOCH 155 (44.715 seconds):
2017-03-20 05:57:23,413 INFO: 	Average L2 norm of relation vector: 0.03277
2017-03-20 05:57:23,414 INFO: 	COST >> 0.04 +/- 0.002, % updates Left: 4.49%  Right: 4.09%
2017-03-20 05:58:07,161 INFO: ----------------------------------------------------------------------------
2017-03-20 05:58:07,161 INFO: EPOCH 156 (43.747 seconds):
2017-03-20 05:58:07,162 INFO: 	Average L2 norm of relation vector: 0.03275
2017-03-20 05:58:07,163 INFO: 	COST >> 0.04 +/- 0.002, % updates Left: 4.53%  Right: 4.1%
2017-03-20 05:58:49,644 INFO: ----------------------------------------------------------------------------
2017-03-20 05:58:49,645 INFO: EPOCH 157 (42.482 seconds):
2017-03-20 05:58:49,647 INFO: 	Average L2 norm of relation vector: 0.03273
2017-03-20 05:58:49,649 INFO: 	COST >> 0.04 +/- 0.002, % updates Left: 4.49%  Right: 4.12%
2017-03-20 05:59:31,397 INFO: ----------------------------------------------------------------------------
2017-03-20 05:59:31,397 INFO: EPOCH 158 (41.748 seconds):
2017-03-20 05:59:31,400 INFO: 	Average L2 norm of relation vector: 0.03272
2017-03-20 05:59:31,401 INFO: 	COST >> 0.04 +/- 0.002, % updates Left: 4.53%  Right: 4.09%
2017-03-20 06:00:14,426 INFO: ----------------------------------------------------------------------------
2017-03-20 06:00:14,426 INFO: EPOCH 159 (43.024 seconds):
2017-03-20 06:00:14,427 INFO: 	Average L2 norm of relation vector: 0.0327
2017-03-20 06:00:14,428 INFO: 	COST >> 0.04 +/- 0.002, % updates Left: 4.51%  Right: 4.06%
2017-03-20 06:00:58,833 INFO: ----------------------------------------------------------------------------
2017-03-20 06:00:58,833 INFO: EPOCH 160 (44.405 seconds):
2017-03-20 06:00:58,835 INFO: 	Average L2 norm of relation vector: 0.03268
2017-03-20 06:00:58,836 INFO: 	COST >> 0.04 +/- 0.002, % updates Left: 4.5%  Right: 4.08%
2017-03-20 06:00:58,836 INFO: 	FilteredRanking: evaluating rank on 1000 triples
2017-03-20 06:02:00,436 INFO: 	FilteredRanking: evaluating rank on 1000 triples
2017-03-20 06:03:00,694 INFO: 	MEAN RANK >> valid: 373.6, train: 233.7
2017-03-20 06:03:00,694 INFO: 		MEAN RANK TRAIN: Left: 235.8 Rel: 0.0 Right: 231.6
2017-03-20 06:03:00,695 INFO: 		MEAN RANK VALID: Left: 391.5 Rel: 0.0 Right: 355.7
2017-03-20 06:03:00,695 INFO: 		MEAN RECIPROCAL RANK VALID (L & R): 0.1445
2017-03-20 06:03:00,695 WARNING: 	WARNING, failed to improve MRR on valid, 1 chances left

2017-03-20 06:03:00,792 INFO: 	(ranking took 121.956 seconds)
2017-03-20 06:03:42,883 INFO: ----------------------------------------------------------------------------
2017-03-20 06:03:42,883 INFO: EPOCH 161 (42.091 seconds):
2017-03-20 06:03:42,885 INFO: 	Average L2 norm of relation vector: 0.03266
2017-03-20 06:03:42,885 INFO: 	COST >> 0.04 +/- 0.003, % updates Left: 4.53%  Right: 4.08%
2017-03-20 06:04:26,765 INFO: ----------------------------------------------------------------------------
2017-03-20 06:04:26,766 INFO: EPOCH 162 (43.88 seconds):
2017-03-20 06:04:26,767 INFO: 	Average L2 norm of relation vector: 0.03264
2017-03-20 06:04:26,767 INFO: 	COST >> 0.04 +/- 0.002, % updates Left: 4.52%  Right: 4.02%
2017-03-20 06:05:12,076 INFO: ----------------------------------------------------------------------------
2017-03-20 06:05:12,077 INFO: EPOCH 163 (45.309 seconds):
2017-03-20 06:05:12,078 INFO: 	Average L2 norm of relation vector: 0.03262
2017-03-20 06:05:12,078 INFO: 	COST >> 0.04 +/- 0.002, % updates Left: 4.54%  Right: 4.07%
2017-03-20 06:05:57,433 INFO: ----------------------------------------------------------------------------
2017-03-20 06:05:57,433 INFO: EPOCH 164 (45.354 seconds):
2017-03-20 06:05:57,435 INFO: 	Average L2 norm of relation vector: 0.0326
2017-03-20 06:05:57,436 INFO: 	COST >> 0.04 +/- 0.002, % updates Left: 4.54%  Right: 4.01%
2017-03-20 06:06:42,341 INFO: ----------------------------------------------------------------------------
2017-03-20 06:06:42,341 INFO: EPOCH 165 (44.905 seconds):
2017-03-20 06:06:42,343 INFO: 	Average L2 norm of relation vector: 0.03258
2017-03-20 06:06:42,344 INFO: 	COST >> 0.04 +/- 0.003, % updates Left: 4.51%  Right: 4.01%
2017-03-20 06:07:28,039 INFO: ----------------------------------------------------------------------------
2017-03-20 06:07:28,039 INFO: EPOCH 166 (45.695 seconds):
2017-03-20 06:07:28,041 INFO: 	Average L2 norm of relation vector: 0.03256
2017-03-20 06:07:28,042 INFO: 	COST >> 0.04 +/- 0.002, % updates Left: 4.5%  Right: 4.12%
2017-03-20 06:08:13,072 INFO: ----------------------------------------------------------------------------
2017-03-20 06:08:13,072 INFO: EPOCH 167 (45.029 seconds):
2017-03-20 06:08:13,073 INFO: 	Average L2 norm of relation vector: 0.03254
2017-03-20 06:08:13,074 INFO: 	COST >> 0.04 +/- 0.002, % updates Left: 4.53%  Right: 4.06%
2017-03-20 06:08:58,107 INFO: ----------------------------------------------------------------------------
2017-03-20 06:08:58,107 INFO: EPOCH 168 (45.034 seconds):
2017-03-20 06:08:58,109 INFO: 	Average L2 norm of relation vector: 0.03253
2017-03-20 06:08:58,110 INFO: 	COST >> 0.04 +/- 0.002, % updates Left: 4.55%  Right: 4.0%
2017-03-20 06:09:43,507 INFO: ----------------------------------------------------------------------------
2017-03-20 06:09:43,507 INFO: EPOCH 169 (45.397 seconds):
2017-03-20 06:09:43,508 INFO: 	Average L2 norm of relation vector: 0.03252
2017-03-20 06:09:43,509 INFO: 	COST >> 0.04 +/- 0.002, % updates Left: 4.46%  Right: 4.05%
2017-03-20 06:10:28,458 INFO: ----------------------------------------------------------------------------
2017-03-20 06:10:28,458 INFO: EPOCH 170 (44.95 seconds):
2017-03-20 06:10:28,459 INFO: 	Average L2 norm of relation vector: 0.03251
2017-03-20 06:10:28,460 INFO: 	COST >> 0.04 +/- 0.003, % updates Left: 4.56%  Right: 4.09%
2017-03-20 06:10:28,460 INFO: 	FilteredRanking: evaluating rank on 1000 triples
2017-03-20 06:11:31,262 INFO: 	FilteredRanking: evaluating rank on 1000 triples
2017-03-20 06:12:34,187 INFO: 	MEAN RANK >> valid: 383.9, train: 235.2
2017-03-20 06:12:34,187 INFO: 		MEAN RANK TRAIN: Left: 242.8 Rel: 0.0 Right: 227.6
2017-03-20 06:12:34,188 INFO: 		MEAN RANK VALID: Left: 403.4 Rel: 0.0 Right: 364.4
2017-03-20 06:12:34,188 INFO: 		MEAN RECIPROCAL RANK VALID (L & R): 0.147
2017-03-20 06:12:34,188 WARNING: 	WARNING, failed to improve MRR on valid, 0 chances left

2017-03-20 06:12:34,271 INFO: 	(ranking took 125.811 seconds)
2017-03-20 06:13:19,028 INFO: ----------------------------------------------------------------------------
2017-03-20 06:13:19,029 INFO: EPOCH 171 (44.757 seconds):
2017-03-20 06:13:19,031 INFO: 	Average L2 norm of relation vector: 0.0325
2017-03-20 06:13:19,031 INFO: 	COST >> 0.04 +/- 0.003, % updates Left: 4.46%  Right: 4.06%
2017-03-20 06:14:03,547 INFO: ----------------------------------------------------------------------------
2017-03-20 06:14:03,550 INFO: EPOCH 172 (44.519 seconds):
2017-03-20 06:14:03,553 INFO: 	Average L2 norm of relation vector: 0.03248
2017-03-20 06:14:03,554 INFO: 	COST >> 0.04 +/- 0.003, % updates Left: 4.5%  Right: 4.09%
2017-03-20 06:14:49,839 INFO: ----------------------------------------------------------------------------
2017-03-20 06:14:49,839 INFO: EPOCH 173 (46.284 seconds):
2017-03-20 06:14:49,841 INFO: 	Average L2 norm of relation vector: 0.03247
2017-03-20 06:14:49,842 INFO: 	COST >> 0.04 +/- 0.002, % updates Left: 4.48%  Right: 4.05%
2017-03-20 06:15:35,920 INFO: ----------------------------------------------------------------------------
2017-03-20 06:15:35,921 INFO: EPOCH 174 (46.078 seconds):
2017-03-20 06:15:35,922 INFO: 	Average L2 norm of relation vector: 0.03244
2017-03-20 06:15:35,923 INFO: 	COST >> 0.04 +/- 0.002, % updates Left: 4.45%  Right: 4.07%
2017-03-20 06:16:21,678 INFO: ----------------------------------------------------------------------------
2017-03-20 06:16:21,678 INFO: EPOCH 175 (45.755 seconds):
2017-03-20 06:16:21,679 INFO: 	Average L2 norm of relation vector: 0.03242
2017-03-20 06:16:21,679 INFO: 	COST >> 0.04 +/- 0.002, % updates Left: 4.47%  Right: 4.03%
2017-03-20 06:17:07,830 INFO: ----------------------------------------------------------------------------
2017-03-20 06:17:07,830 INFO: EPOCH 176 (46.151 seconds):
2017-03-20 06:17:07,832 INFO: 	Average L2 norm of relation vector: 0.03239
2017-03-20 06:17:07,833 INFO: 	COST >> 0.041 +/- 0.002, % updates Left: 4.55%  Right: 4.04%
2017-03-20 06:17:54,227 INFO: ----------------------------------------------------------------------------
2017-03-20 06:17:54,228 INFO: EPOCH 177 (46.395 seconds):
2017-03-20 06:17:54,230 INFO: 	Average L2 norm of relation vector: 0.03239
2017-03-20 06:17:54,230 INFO: 	COST >> 0.04 +/- 0.002, % updates Left: 4.53%  Right: 4.04%
2017-03-20 06:18:39,666 INFO: ----------------------------------------------------------------------------
2017-03-20 06:18:39,666 INFO: EPOCH 178 (45.435 seconds):
2017-03-20 06:18:39,669 INFO: 	Average L2 norm of relation vector: 0.03237
2017-03-20 06:18:39,670 INFO: 	COST >> 0.04 +/- 0.002, % updates Left: 4.53%  Right: 4.02%
2017-03-20 06:19:25,313 INFO: ----------------------------------------------------------------------------
2017-03-20 06:19:25,313 INFO: EPOCH 179 (45.643 seconds):
2017-03-20 06:19:25,314 INFO: 	Average L2 norm of relation vector: 0.03237
2017-03-20 06:19:25,315 INFO: 	COST >> 0.04 +/- 0.002, % updates Left: 4.48%  Right: 4.06%
2017-03-20 06:20:10,756 INFO: ----------------------------------------------------------------------------
2017-03-20 06:20:10,756 INFO: EPOCH 180 (45.441 seconds):
2017-03-20 06:20:10,759 INFO: 	Average L2 norm of relation vector: 0.03236
2017-03-20 06:20:10,760 INFO: 	COST >> 0.04 +/- 0.002, % updates Left: 4.45%  Right: 4.09%
2017-03-20 06:20:10,761 INFO: 	FilteredRanking: evaluating rank on 1000 triples
2017-03-20 06:21:13,664 INFO: 	FilteredRanking: evaluating rank on 1000 triples
2017-03-20 06:22:17,873 INFO: 	MEAN RANK >> valid: 385.7, train: 236.7
2017-03-20 06:22:17,874 INFO: 		MEAN RANK TRAIN: Left: 246.0 Rel: 0.0 Right: 227.4
2017-03-20 06:22:17,874 INFO: 		MEAN RANK VALID: Left: 408.5 Rel: 0.0 Right: 362.9
2017-03-20 06:22:17,875 INFO: 		MEAN RECIPROCAL RANK VALID (L & R): 0.151
2017-03-20 06:22:17,875 WARNING: EARLY STOPPING, failed to improve MRR on valid after 30 epochs
2017-03-20 06:22:17,875 INFO: ----------------------------------------------------------------------------
2017-03-20 06:22:17,875 INFO: ----------------------------------------------------------------------------
2017-03-20 06:22:18,200 INFO: 	Ranking model on all examples from test. Each example ranked against 14951 other entities
2017-03-20 06:22:18,625 INFO: 	Ranking: evaluating rank on 59071 triples
2017-03-20 06:52:58,382 INFO: left_ranks: (59071,), right_ranks: (59071,), rel_ranks: (59071,)
2017-03-20 06:52:58,400 INFO: max left_ranks: 14855, max right_ranks: 14910, max rel_ranks: 0
2017-03-20 06:52:58,886 INFO: MICRO RAW:
2017-03-20 06:52:58,886 INFO: 	Left mean rank: 514.645, MRR: 0.109, median rank: 117.0, hits@10: 20.59%
2017-03-20 06:52:58,886 INFO: 	Right mean rank: 407.034, MRR: 0.166, median rank: 60.0, hits@10: 28.82%
2017-03-20 06:52:58,886 INFO: 	Global mean rank: 460.839, MRR: 0.138, median rank: 84.0, hits@10: 24.705%
2017-03-20 06:52:58,886 INFO: MACRO RAW
2017-03-20 06:52:58,886 INFO: 	Left mean rank: 172.729, MRR: 0.226, median rank: 18.0, hits@10: 44.182%
2017-03-20 06:52:58,886 INFO: 	Right mean rank: 130.303, MRR: 0.291, median rank: 11.0, hits@10: 51.508%
2017-03-20 06:52:58,887 INFO: 	Global mean rank: 151.516, MRR: 0.259, median rank: 13.5, hits@10: 47.845%
2017-03-20 06:52:58,899 INFO: Ranking model on all examples from test. Each example ranked against 14951 other entities which are FILTERED
2017-03-20 06:52:59,719 INFO: 	FilteredRanking: evaluating rank on 59071 triples
2017-03-20 07:39:49,607 INFO: MICRO FILTERED:
2017-03-20 07:39:49,610 INFO: 	Left mean rank: 382.03352, MRR: 0.19794, median rank: 61.0, hits@10: 31.052%
2017-03-20 07:39:49,611 INFO: 	Right mean rank: 325.08307, MRR: 0.24443, median rank: 40.0, hits@10: 36.876%
2017-03-20 07:39:49,611 INFO: 	Global mean rank: 353.55829, MRR: 0.22119, median rank: 50.0, hits@10: 33.964%
2017-03-20 07:39:49,611 INFO: MACRO FILTERED
2017-03-20 07:39:49,611 INFO: 	Left mean rank: 142.82852, MRR: 0.32441, median rank: 9.0, hits@10: 54.971%
2017-03-20 07:39:49,611 INFO: 	Right mean rank: 116.25868, MRR: 0.36522, median rank: 7.0, hits@10: 58.073%
2017-03-20 07:39:49,612 INFO: 	Global mean rank: 129.5436, MRR: 0.34481, median rank: 9.0, hits@10: 56.522%
