2017-05-03 06:21:25,333 INFO: logger initialized for experiment identifier: BilinearDiagExtended_L1_ndim_100_marg_3.0_lrate_0.01_cost_margincost_reg_0.01_REL
2017-05-03 06:21:25,333 INFO: DD{'ndim': 100, 'test_all': 10, 'Nsyn_rel': 1345, 'totepochs': 1000, 'bestvalidMRR': -1, 'loadmodel': False, 'lremb': 0.01, 'nvalid': 1000, 'seed': 123, 'marge': 3.0, 'margincostfunction': 'margincost', 'simfn': 'L1', 'savepath': '/home/ubuntu/Thesis_code/KBC_Text/outputs/FB15k_BilinearDiagExtended/BilinearDiagExtended_L1_ndim_100_marg_3.0_lrate_0.01_cost_margincost_reg_0.01_REL', 'dataset': 'FB15k', 'nbatches': 100, 'identifier': 'BilinearDiagExtended_L1_ndim_100_marg_3.0_lrate_0.01_cost_margincost_reg_0.01_REL', 'lrparam': 0.01, 'loademb': False, 'datapath': '/home/ubuntu/data/', 'ntrain': 1000, 'Nrel': 1345, 'experiment_type': 'FB15kexp', 'rel': True, 'Nent': 14951, 'logger': <logging.RootLogger object at 0x7fc888789d10>, 'ntest': 1000, 'Nsyn': 14951, 'reg': 0.01, 'op': 'BilinearDiagExtended'}
2017-05-03 06:21:29,763 INFO: loaded FB15k data in: 4.427965 seconds
2017-05-03 06:21:29,764 DEBUG: FB15kexp: load_FB15k_data(): trainl(14951, 483142), trainr(14951, 483142), traino(1345, 483142), trainlidx(1000,)
2017-05-03 06:21:37,061 DEBUG: Training to rank RELATIONS as well!
2017-05-03 06:21:37,063 DEBUG: loaded data and constructed model...
2017-05-03 06:21:37,064 DEBUG: num epochs: 1000
2017-05-03 06:21:37,064 DEBUG: num batches per epoch: 100
2017-05-03 06:21:37,065 DEBUG: batchsize: 4831
2017-05-03 06:21:37,065 DEBUG: left and right entity ranking functions will rank a slot against 14951 competitors
2017-05-03 06:21:37,065 INFO: BEGIN TRAINING
2017-05-03 06:23:37,768 INFO: ----------------------------------------------------------------------------
2017-05-03 06:23:37,769 INFO: EPOCH 1 (120.703 seconds):
2017-05-03 06:23:37,807 INFO: 	Average L2 norm of relation vector: 0.06253
2017-05-03 06:23:37,809 INFO: 	COST >> 4.037 +/- 1.723, % updates Left: 75.81% Rel: 27.18% Right: 71.63%
2017-05-03 06:25:25,845 INFO: ----------------------------------------------------------------------------
2017-05-03 06:25:25,846 INFO: EPOCH 2 (108.037 seconds):
2017-05-03 06:25:25,850 INFO: 	Average L2 norm of relation vector: 0.07932
2017-05-03 06:25:25,852 INFO: 	COST >> 1.492 +/- 0.215, % updates Left: 37.97% Rel: 7.61% Right: 33.67%
2017-05-03 06:27:32,581 INFO: ----------------------------------------------------------------------------
2017-05-03 06:27:32,582 INFO: EPOCH 3 (126.729 seconds):
2017-05-03 06:27:32,586 INFO: 	Average L2 norm of relation vector: 0.0896
2017-05-03 06:27:32,588 INFO: 	COST >> 1.02 +/- 0.072, % updates Left: 27.08% Rel: 4.71% Right: 23.57%
2017-05-03 06:29:23,366 INFO: ----------------------------------------------------------------------------
2017-05-03 06:29:23,366 INFO: EPOCH 4 (110.778 seconds):
2017-05-03 06:29:23,370 INFO: 	Average L2 norm of relation vector: 0.09694
2017-05-03 06:29:23,371 INFO: 	COST >> 0.825 +/- 0.036, % updates Left: 21.87% Rel: 3.52% Right: 19.22%
2017-05-03 06:30:53,631 INFO: ----------------------------------------------------------------------------
2017-05-03 06:30:53,632 INFO: EPOCH 5 (90.261 seconds):
2017-05-03 06:30:53,635 INFO: 	Average L2 norm of relation vector: 0.10266
2017-05-03 06:30:53,636 INFO: 	COST >> 0.715 +/- 0.025, % updates Left: 18.84% Rel: 2.84% Right: 16.72%
2017-05-03 06:32:31,881 INFO: ----------------------------------------------------------------------------
2017-05-03 06:32:31,882 INFO: EPOCH 6 (98.245 seconds):
2017-05-03 06:32:31,886 INFO: 	Average L2 norm of relation vector: 0.10731
2017-05-03 06:32:31,887 INFO: 	COST >> 0.658 +/- 0.023, % updates Left: 17.1% Rel: 2.42% Right: 15.28%
2017-05-03 06:34:01,218 INFO: ----------------------------------------------------------------------------
2017-05-03 06:34:01,219 INFO: EPOCH 7 (89.331 seconds):
2017-05-03 06:34:01,223 INFO: 	Average L2 norm of relation vector: 0.11122
2017-05-03 06:34:01,225 INFO: 	COST >> 0.61 +/- 0.025, % updates Left: 15.74% Rel: 2.14% Right: 14.08%
2017-05-03 06:35:51,112 INFO: ----------------------------------------------------------------------------
2017-05-03 06:35:51,113 INFO: EPOCH 8 (109.888 seconds):
2017-05-03 06:35:51,119 INFO: 	Average L2 norm of relation vector: 0.11469
2017-05-03 06:35:51,120 INFO: 	COST >> 0.575 +/- 0.017, % updates Left: 14.89% Rel: 1.92% Right: 13.21%
2017-05-03 06:37:34,931 INFO: ----------------------------------------------------------------------------
2017-05-03 06:37:34,931 INFO: EPOCH 9 (103.811 seconds):
2017-05-03 06:37:34,934 INFO: 	Average L2 norm of relation vector: 0.11781
2017-05-03 06:37:34,935 INFO: 	COST >> 0.552 +/- 0.018, % updates Left: 14.22% Rel: 1.73% Right: 12.64%
2017-05-03 06:39:23,053 INFO: ----------------------------------------------------------------------------
2017-05-03 06:39:23,054 INFO: EPOCH 10 (108.119 seconds):
2017-05-03 06:39:23,057 INFO: 	Average L2 norm of relation vector: 0.12062
2017-05-03 06:39:23,058 INFO: 	COST >> 0.524 +/- 0.018, % updates Left: 13.49% Rel: 1.57% Right: 12.1%
2017-05-03 06:39:23,058 INFO: 	FilteredRanking: evaluating rank on 1000 triples
2017-05-03 06:41:29,085 INFO: 	FilteredRanking: evaluating rank on 1000 triples
2017-05-03 06:44:01,456 INFO: 	MEAN RANK >> valid: 338.2, train: 255.8
2017-05-03 06:44:01,458 INFO: 		MEAN RANK TRAIN: Left: 270.3 Rel: 10.2 Right: 241.3
2017-05-03 06:44:01,460 INFO: 		MEAN RANK VALID: Left: 359.3 Rel: 5.1 Right: 317.1
2017-05-03 06:44:01,461 INFO: 		MEAN RECIPROCAL RANK VALID (L & R): 0.1055
2017-05-03 06:44:01,462 INFO: 	FilteredRanking: evaluating rank on 1000 triples
2017-05-03 06:46:29,010 INFO: 	NEW BEST TEST MR: 342.3
2017-05-03 06:46:29,011 INFO: 		Left MR: 363.9 Rel MR: 7.7 Right MR: 320.6
2017-05-03 06:46:29,108 INFO: 	(ranking took 426.05 seconds)
2017-05-03 06:48:40,441 INFO: ----------------------------------------------------------------------------
2017-05-03 06:48:40,442 INFO: EPOCH 11 (131.333 seconds):
2017-05-03 06:48:40,447 INFO: 	Average L2 norm of relation vector: 0.12318
2017-05-03 06:48:40,449 INFO: 	COST >> 0.504 +/- 0.018, % updates Left: 12.92% Rel: 1.5% Right: 11.6%
2017-05-03 06:50:08,200 INFO: ----------------------------------------------------------------------------
2017-05-03 06:50:08,200 INFO: EPOCH 12 (87.751 seconds):
2017-05-03 06:50:08,203 INFO: 	Average L2 norm of relation vector: 0.12554
2017-05-03 06:50:08,204 INFO: 	COST >> 0.488 +/- 0.015, % updates Left: 12.6% Rel: 1.4% Right: 11.25%
2017-05-03 06:51:38,035 INFO: ----------------------------------------------------------------------------
2017-05-03 06:51:38,036 INFO: EPOCH 13 (89.832 seconds):
2017-05-03 06:51:38,038 INFO: 	Average L2 norm of relation vector: 0.12781
2017-05-03 06:51:38,039 INFO: 	COST >> 0.47 +/- 0.016, % updates Left: 12.2% Rel: 1.33% Right: 10.87%
2017-05-03 06:53:12,094 INFO: ----------------------------------------------------------------------------
2017-05-03 06:53:12,094 INFO: EPOCH 14 (94.055 seconds):
2017-05-03 06:53:12,098 INFO: 	Average L2 norm of relation vector: 0.12989
2017-05-03 06:53:12,099 INFO: 	COST >> 0.458 +/- 0.018, % updates Left: 11.83% Rel: 1.27% Right: 10.54%
2017-05-03 06:54:56,485 INFO: ----------------------------------------------------------------------------
2017-05-03 06:54:56,486 INFO: EPOCH 15 (104.386 seconds):
2017-05-03 06:54:56,489 INFO: 	Average L2 norm of relation vector: 0.13187
2017-05-03 06:54:56,490 INFO: 	COST >> 0.442 +/- 0.017, % updates Left: 11.47% Rel: 1.23% Right: 10.26%
2017-05-03 06:56:34,224 INFO: ----------------------------------------------------------------------------
2017-05-03 06:56:34,224 INFO: EPOCH 16 (97.735 seconds):
2017-05-03 06:56:34,228 INFO: 	Average L2 norm of relation vector: 0.13371
2017-05-03 06:56:34,229 INFO: 	COST >> 0.434 +/- 0.014, % updates Left: 11.18% Rel: 1.2% Right: 10.03%
2017-05-03 06:58:24,173 INFO: ----------------------------------------------------------------------------
2017-05-03 06:58:24,174 INFO: EPOCH 17 (109.944 seconds):
2017-05-03 06:58:24,177 INFO: 	Average L2 norm of relation vector: 0.13542
2017-05-03 06:58:24,178 INFO: 	COST >> 0.425 +/- 0.016, % updates Left: 10.95% Rel: 1.16% Right: 9.75%
2017-05-03 07:00:15,485 INFO: ----------------------------------------------------------------------------
2017-05-03 07:00:15,486 INFO: EPOCH 18 (111.307 seconds):
2017-05-03 07:00:15,490 INFO: 	Average L2 norm of relation vector: 0.13703
2017-05-03 07:00:15,492 INFO: 	COST >> 0.416 +/- 0.014, % updates Left: 10.73% Rel: 1.12% Right: 9.53%
2017-05-03 07:01:51,142 INFO: ----------------------------------------------------------------------------
2017-05-03 07:01:51,143 INFO: EPOCH 19 (95.651 seconds):
2017-05-03 07:01:51,146 INFO: 	Average L2 norm of relation vector: 0.13848
2017-05-03 07:01:51,147 INFO: 	COST >> 0.407 +/- 0.015, % updates Left: 10.42% Rel: 1.09% Right: 9.24%
2017-05-03 07:04:01,584 INFO: ----------------------------------------------------------------------------
2017-05-03 07:04:01,585 INFO: EPOCH 20 (130.437 seconds):
2017-05-03 07:04:01,587 INFO: 	Average L2 norm of relation vector: 0.13993
2017-05-03 07:04:01,588 INFO: 	COST >> 0.402 +/- 0.014, % updates Left: 10.32% Rel: 1.07% Right: 9.14%
2017-05-03 07:04:01,589 INFO: 	FilteredRanking: evaluating rank on 1000 triples
2017-05-03 07:07:25,019 INFO: 	FilteredRanking: evaluating rank on 1000 triples
2017-05-03 07:10:20,331 INFO: 	MEAN RANK >> valid: 262.4, train: 183.6
2017-05-03 07:10:20,332 INFO: 		MEAN RANK TRAIN: Left: 198.1 Rel: 7.0 Right: 169.1
2017-05-03 07:10:20,333 INFO: 		MEAN RANK VALID: Left: 290.1 Rel: 3.5 Right: 234.6
2017-05-03 07:10:20,333 INFO: 		MEAN RECIPROCAL RANK VALID (L & R): 0.118
2017-05-03 07:10:20,333 INFO: 	FilteredRanking: evaluating rank on 1000 triples
2017-05-03 07:13:00,331 INFO: 	NEW BEST TEST MR: 261.5
2017-05-03 07:13:00,334 INFO: 		Left MR: 290.1 Rel MR: 6.1 Right MR: 233.0
2017-05-03 07:13:00,674 INFO: 	(ranking took 539.084 seconds)
2017-05-03 07:14:49,615 INFO: ----------------------------------------------------------------------------
2017-05-03 07:14:49,615 INFO: EPOCH 21 (108.939 seconds):
2017-05-03 07:14:49,618 INFO: 	Average L2 norm of relation vector: 0.14128
2017-05-03 07:14:49,619 INFO: 	COST >> 0.394 +/- 0.017, % updates Left: 10.12% Rel: 1.04% Right: 8.88%
2017-05-03 07:17:01,038 INFO: ----------------------------------------------------------------------------
2017-05-03 07:17:01,038 INFO: EPOCH 22 (131.419 seconds):
2017-05-03 07:17:01,134 INFO: 	Average L2 norm of relation vector: 0.14254
2017-05-03 07:17:01,135 INFO: 	COST >> 0.39 +/- 0.017, % updates Left: 9.94% Rel: 1.02% Right: 8.8%
2017-05-03 07:19:03,513 INFO: ----------------------------------------------------------------------------
2017-05-03 07:19:03,513 INFO: EPOCH 23 (122.378 seconds):
2017-05-03 07:19:03,516 INFO: 	Average L2 norm of relation vector: 0.14371
2017-05-03 07:19:03,516 INFO: 	COST >> 0.385 +/- 0.014, % updates Left: 9.74% Rel: 1.0% Right: 8.62%
2017-05-03 07:20:34,240 INFO: ----------------------------------------------------------------------------
2017-05-03 07:20:34,241 INFO: EPOCH 24 (90.724 seconds):
2017-05-03 07:20:34,243 INFO: 	Average L2 norm of relation vector: 0.14481
2017-05-03 07:20:34,244 INFO: 	COST >> 0.381 +/- 0.016, % updates Left: 9.59% Rel: 0.98% Right: 8.44%
2017-05-03 07:22:15,467 INFO: ----------------------------------------------------------------------------
2017-05-03 07:22:15,467 INFO: EPOCH 25 (101.223 seconds):
2017-05-03 07:22:15,471 INFO: 	Average L2 norm of relation vector: 0.14588
2017-05-03 07:22:15,472 INFO: 	COST >> 0.377 +/- 0.015, % updates Left: 9.46% Rel: 0.97% Right: 8.44%
2017-05-03 07:23:47,494 INFO: ----------------------------------------------------------------------------
2017-05-03 07:23:47,495 INFO: EPOCH 26 (92.021 seconds):
2017-05-03 07:23:47,499 INFO: 	Average L2 norm of relation vector: 0.1469
2017-05-03 07:23:47,501 INFO: 	COST >> 0.37 +/- 0.016, % updates Left: 9.31% Rel: 0.93% Right: 8.21%
2017-05-03 07:25:14,437 INFO: ----------------------------------------------------------------------------
2017-05-03 07:25:14,438 INFO: EPOCH 27 (86.936 seconds):
2017-05-03 07:25:14,440 INFO: 	Average L2 norm of relation vector: 0.14785
2017-05-03 07:25:14,441 INFO: 	COST >> 0.369 +/- 0.015, % updates Left: 9.23% Rel: 0.92% Right: 8.15%
2017-05-03 07:26:53,079 INFO: ----------------------------------------------------------------------------
2017-05-03 07:26:53,080 INFO: EPOCH 28 (98.638 seconds):
2017-05-03 07:26:53,084 INFO: 	Average L2 norm of relation vector: 0.14879
2017-05-03 07:26:53,085 INFO: 	COST >> 0.366 +/- 0.015, % updates Left: 9.16% Rel: 0.93% Right: 8.08%
2017-05-03 07:28:32,865 INFO: ----------------------------------------------------------------------------
2017-05-03 07:28:32,866 INFO: EPOCH 29 (99.78 seconds):
2017-05-03 07:28:32,868 INFO: 	Average L2 norm of relation vector: 0.14969
2017-05-03 07:28:32,870 INFO: 	COST >> 0.359 +/- 0.014, % updates Left: 9.02% Rel: 0.89% Right: 7.92%
2017-05-03 07:30:19,908 INFO: ----------------------------------------------------------------------------
2017-05-03 07:30:19,910 INFO: EPOCH 30 (107.04 seconds):
2017-05-03 07:30:19,917 INFO: 	Average L2 norm of relation vector: 0.15055
2017-05-03 07:30:19,919 INFO: 	COST >> 0.357 +/- 0.015, % updates Left: 8.91% Rel: 0.89% Right: 7.83%
2017-05-03 07:30:19,920 INFO: 	FilteredRanking: evaluating rank on 1000 triples
2017-05-03 07:33:01,352 INFO: 	FilteredRanking: evaluating rank on 1000 triples
2017-05-03 07:34:58,563 INFO: 	MEAN RANK >> valid: 227.2, train: 155.2
2017-05-03 07:34:58,564 INFO: 		MEAN RANK TRAIN: Left: 167.5 Rel: 5.8 Right: 142.9
2017-05-03 07:34:58,565 INFO: 		MEAN RANK VALID: Left: 262.5 Rel: 3.3 Right: 192.0
2017-05-03 07:34:58,565 INFO: 		MEAN RECIPROCAL RANK VALID (L & R): 0.1315
2017-05-03 07:34:58,566 INFO: 	FilteredRanking: evaluating rank on 1000 triples
2017-05-03 07:37:48,864 INFO: 	NEW BEST TEST MR: 200.4
2017-05-03 07:37:48,867 INFO: 		Left MR: 219.1 Rel MR: 5.2 Right MR: 181.8
2017-05-03 07:37:49,111 INFO: 	(ranking took 449.191 seconds)
2017-05-03 07:39:41,112 INFO: ----------------------------------------------------------------------------
2017-05-03 07:39:41,112 INFO: EPOCH 31 (112.0 seconds):
2017-05-03 07:39:41,115 INFO: 	Average L2 norm of relation vector: 0.15136
2017-05-03 07:39:41,116 INFO: 	COST >> 0.356 +/- 0.014, % updates Left: 8.87% Rel: 0.89% Right: 7.77%
2017-05-03 07:41:11,485 INFO: ----------------------------------------------------------------------------
2017-05-03 07:41:11,485 INFO: EPOCH 32 (90.369 seconds):
2017-05-03 07:41:12,323 INFO: 	Average L2 norm of relation vector: 0.15214
2017-05-03 07:41:12,324 INFO: 	COST >> 0.351 +/- 0.012, % updates Left: 8.7% Rel: 0.9% Right: 7.6%
2017-05-03 07:43:02,458 INFO: ----------------------------------------------------------------------------
2017-05-03 07:43:02,459 INFO: EPOCH 33 (110.135 seconds):
2017-05-03 07:43:02,462 INFO: 	Average L2 norm of relation vector: 0.15286
2017-05-03 07:43:02,464 INFO: 	COST >> 0.347 +/- 0.013, % updates Left: 8.61% Rel: 0.87% Right: 7.58%
2017-05-03 07:44:42,776 INFO: ----------------------------------------------------------------------------
2017-05-03 07:44:42,777 INFO: EPOCH 34 (100.313 seconds):
2017-05-03 07:44:42,782 INFO: 	Average L2 norm of relation vector: 0.15355
2017-05-03 07:44:42,784 INFO: 	COST >> 0.346 +/- 0.014, % updates Left: 8.56% Rel: 0.86% Right: 7.45%
2017-05-03 07:46:26,316 INFO: ----------------------------------------------------------------------------
2017-05-03 07:46:26,316 INFO: EPOCH 35 (103.532 seconds):
2017-05-03 07:46:26,320 INFO: 	Average L2 norm of relation vector: 0.15423
2017-05-03 07:46:26,321 INFO: 	COST >> 0.345 +/- 0.014, % updates Left: 8.49% Rel: 0.87% Right: 7.49%
2017-05-03 07:48:05,155 INFO: ----------------------------------------------------------------------------
2017-05-03 07:48:05,156 INFO: EPOCH 36 (98.835 seconds):
2017-05-03 07:48:05,158 INFO: 	Average L2 norm of relation vector: 0.15486
2017-05-03 07:48:05,159 INFO: 	COST >> 0.342 +/- 0.013, % updates Left: 8.4% Rel: 0.83% Right: 7.4%
2017-05-03 07:49:34,010 INFO: ----------------------------------------------------------------------------
2017-05-03 07:49:34,011 INFO: EPOCH 37 (88.851 seconds):
2017-05-03 07:49:34,014 INFO: 	Average L2 norm of relation vector: 0.15549
2017-05-03 07:49:34,015 INFO: 	COST >> 0.34 +/- 0.013, % updates Left: 8.29% Rel: 0.85% Right: 7.35%
2017-05-03 07:51:24,600 INFO: ----------------------------------------------------------------------------
2017-05-03 07:51:24,600 INFO: EPOCH 38 (110.585 seconds):
2017-05-03 07:51:24,603 INFO: 	Average L2 norm of relation vector: 0.15608
2017-05-03 07:51:24,604 INFO: 	COST >> 0.34 +/- 0.015, % updates Left: 8.29% Rel: 0.84% Right: 7.3%
2017-05-03 07:53:11,870 INFO: ----------------------------------------------------------------------------
2017-05-03 07:53:11,871 INFO: EPOCH 39 (107.267 seconds):
2017-05-03 07:53:11,874 INFO: 	Average L2 norm of relation vector: 0.15665
2017-05-03 07:53:11,876 INFO: 	COST >> 0.339 +/- 0.013, % updates Left: 8.26% Rel: 0.82% Right: 7.26%
2017-05-03 07:54:55,276 INFO: ----------------------------------------------------------------------------
2017-05-03 07:54:55,277 INFO: EPOCH 40 (103.401 seconds):
2017-05-03 07:54:55,281 INFO: 	Average L2 norm of relation vector: 0.1572
2017-05-03 07:54:55,282 INFO: 	COST >> 0.336 +/- 0.013, % updates Left: 8.21% Rel: 0.81% Right: 7.15%
2017-05-03 07:54:55,282 INFO: 	FilteredRanking: evaluating rank on 1000 triples
2017-05-03 07:57:21,807 INFO: 	FilteredRanking: evaluating rank on 1000 triples
2017-05-03 07:59:48,140 INFO: 	MEAN RANK >> valid: 199.7, train: 135.6
2017-05-03 07:59:48,142 INFO: 		MEAN RANK TRAIN: Left: 142.3 Rel: 4.9 Right: 128.9
2017-05-03 07:59:48,143 INFO: 		MEAN RANK VALID: Left: 221.4 Rel: 3.2 Right: 178.1
2017-05-03 07:59:48,144 INFO: 		MEAN RECIPROCAL RANK VALID (L & R): 0.1255
2017-05-03 07:59:48,144 WARNING: 	WARNING, failed to improve MRR on valid, 2 chances left

2017-05-03 07:59:48,268 INFO: 	(ranking took 292.985 seconds)
2017-05-03 08:02:09,498 INFO: ----------------------------------------------------------------------------
2017-05-03 08:02:09,499 INFO: EPOCH 41 (141.231 seconds):
2017-05-03 08:02:09,504 INFO: 	Average L2 norm of relation vector: 0.15775
2017-05-03 08:02:09,506 INFO: 	COST >> 0.333 +/- 0.013, % updates Left: 8.15% Rel: 0.82% Right: 7.12%
2017-05-03 08:04:17,885 INFO: ----------------------------------------------------------------------------
2017-05-03 08:04:17,886 INFO: EPOCH 42 (128.379 seconds):
2017-05-03 08:04:17,890 INFO: 	Average L2 norm of relation vector: 0.15824
2017-05-03 08:04:17,892 INFO: 	COST >> 0.329 +/- 0.012, % updates Left: 8.02% Rel: 0.8% Right: 7.0%
2017-05-03 08:06:19,753 INFO: ----------------------------------------------------------------------------
2017-05-03 08:06:19,753 INFO: EPOCH 43 (121.861 seconds):
2017-05-03 08:06:19,757 INFO: 	Average L2 norm of relation vector: 0.15876
2017-05-03 08:06:19,758 INFO: 	COST >> 0.329 +/- 0.013, % updates Left: 8.04% Rel: 0.81% Right: 7.02%
2017-05-03 08:08:14,380 INFO: ----------------------------------------------------------------------------
2017-05-03 08:08:14,380 INFO: EPOCH 44 (114.622 seconds):
2017-05-03 08:08:14,384 INFO: 	Average L2 norm of relation vector: 0.15921
2017-05-03 08:08:14,386 INFO: 	COST >> 0.33 +/- 0.014, % updates Left: 7.97% Rel: 0.79% Right: 7.0%
2017-05-03 08:10:17,819 INFO: ----------------------------------------------------------------------------
2017-05-03 08:10:17,819 INFO: EPOCH 45 (123.433 seconds):
2017-05-03 08:10:17,821 INFO: 	Average L2 norm of relation vector: 0.15964
2017-05-03 08:10:17,822 INFO: 	COST >> 0.327 +/- 0.013, % updates Left: 7.88% Rel: 0.79% Right: 6.98%
2017-05-03 08:11:44,560 INFO: ----------------------------------------------------------------------------
2017-05-03 08:11:44,561 INFO: EPOCH 46 (86.739 seconds):
2017-05-03 08:11:44,565 INFO: 	Average L2 norm of relation vector: 0.16009
2017-05-03 08:11:44,566 INFO: 	COST >> 0.325 +/- 0.011, % updates Left: 7.89% Rel: 0.81% Right: 6.89%
2017-05-03 08:13:28,903 INFO: ----------------------------------------------------------------------------
2017-05-03 08:13:28,904 INFO: EPOCH 47 (104.338 seconds):
2017-05-03 08:13:28,908 INFO: 	Average L2 norm of relation vector: 0.16054
2017-05-03 08:13:28,910 INFO: 	COST >> 0.325 +/- 0.011, % updates Left: 7.86% Rel: 0.79% Right: 6.87%
2017-05-03 08:14:53,093 INFO: ----------------------------------------------------------------------------
2017-05-03 08:14:53,094 INFO: EPOCH 48 (84.183 seconds):
2017-05-03 08:14:53,098 INFO: 	Average L2 norm of relation vector: 0.16095
2017-05-03 08:14:53,100 INFO: 	COST >> 0.324 +/- 0.013, % updates Left: 7.78% Rel: 0.8% Right: 6.89%
2017-05-03 08:16:56,052 INFO: ----------------------------------------------------------------------------
2017-05-03 08:16:56,054 INFO: EPOCH 49 (122.953 seconds):
2017-05-03 08:16:56,060 INFO: 	Average L2 norm of relation vector: 0.16133
2017-05-03 08:16:56,063 INFO: 	COST >> 0.322 +/- 0.011, % updates Left: 7.68% Rel: 0.79% Right: 6.79%
2017-05-03 08:18:57,563 INFO: ----------------------------------------------------------------------------
2017-05-03 08:18:57,563 INFO: EPOCH 50 (121.499 seconds):
2017-05-03 08:18:57,566 INFO: 	Average L2 norm of relation vector: 0.1617
2017-05-03 08:18:57,567 INFO: 	COST >> 0.319 +/- 0.013, % updates Left: 7.65% Rel: 0.79% Right: 6.71%
2017-05-03 08:18:57,567 INFO: 	FilteredRanking: evaluating rank on 1000 triples
2017-05-03 08:21:58,270 INFO: 	FilteredRanking: evaluating rank on 1000 triples
2017-05-03 08:25:31,028 INFO: 	MEAN RANK >> valid: 185.4, train: 128.3
2017-05-03 08:25:31,030 INFO: 		MEAN RANK TRAIN: Left: 137.2 Rel: 4.3 Right: 119.4
2017-05-03 08:25:31,031 INFO: 		MEAN RANK VALID: Left: 203.1 Rel: 3.2 Right: 167.8
2017-05-03 08:25:31,032 INFO: 		MEAN RECIPROCAL RANK VALID (L & R): 0.1425
2017-05-03 08:25:31,032 INFO: 	FilteredRanking: evaluating rank on 1000 triples
2017-05-03 08:28:38,759 INFO: 	NEW BEST TEST MR: 165.8
2017-05-03 08:28:38,761 INFO: 		Left MR: 181.7 Rel MR: 4.3 Right MR: 149.9
2017-05-03 08:28:38,851 INFO: 	(ranking took 581.284 seconds)
2017-05-03 08:30:46,793 INFO: ----------------------------------------------------------------------------
2017-05-03 08:30:46,793 INFO: EPOCH 51 (127.942 seconds):
2017-05-03 08:30:46,796 INFO: 	Average L2 norm of relation vector: 0.16206
2017-05-03 08:30:46,797 INFO: 	COST >> 0.319 +/- 0.013, % updates Left: 7.64% Rel: 0.79% Right: 6.71%
2017-05-03 08:32:56,830 INFO: ----------------------------------------------------------------------------
2017-05-03 08:32:56,832 INFO: EPOCH 52 (130.034 seconds):
2017-05-03 08:32:56,838 INFO: 	Average L2 norm of relation vector: 0.16238
2017-05-03 08:32:56,840 INFO: 	COST >> 0.314 +/- 0.011, % updates Left: 7.5% Rel: 0.78% Right: 6.63%
2017-05-03 08:34:37,214 INFO: ----------------------------------------------------------------------------
2017-05-03 08:34:37,214 INFO: EPOCH 53 (100.372 seconds):
2017-05-03 08:34:37,216 INFO: 	Average L2 norm of relation vector: 0.16271
2017-05-03 08:34:37,217 INFO: 	COST >> 0.314 +/- 0.013, % updates Left: 7.54% Rel: 0.76% Right: 6.64%
2017-05-03 08:36:14,430 INFO: ----------------------------------------------------------------------------
2017-05-03 08:36:14,431 INFO: EPOCH 54 (97.213 seconds):
2017-05-03 08:36:14,435 INFO: 	Average L2 norm of relation vector: 0.16302
2017-05-03 08:36:14,436 INFO: 	COST >> 0.316 +/- 0.013, % updates Left: 7.57% Rel: 0.79% Right: 6.6%
2017-05-03 08:38:24,501 INFO: ----------------------------------------------------------------------------
2017-05-03 08:38:24,502 INFO: EPOCH 55 (130.065 seconds):
2017-05-03 08:38:24,506 INFO: 	Average L2 norm of relation vector: 0.16333
2017-05-03 08:38:24,508 INFO: 	COST >> 0.312 +/- 0.01, % updates Left: 7.46% Rel: 0.76% Right: 6.53%
2017-05-03 08:40:10,586 INFO: ----------------------------------------------------------------------------
2017-05-03 08:40:10,587 INFO: EPOCH 56 (106.078 seconds):
2017-05-03 08:40:10,590 INFO: 	Average L2 norm of relation vector: 0.16361
2017-05-03 08:40:10,592 INFO: 	COST >> 0.312 +/- 0.012, % updates Left: 7.42% Rel: 0.76% Right: 6.5%
2017-05-03 08:41:52,812 INFO: ----------------------------------------------------------------------------
2017-05-03 08:41:52,812 INFO: EPOCH 57 (102.221 seconds):
2017-05-03 08:41:52,816 INFO: 	Average L2 norm of relation vector: 0.1639
2017-05-03 08:41:52,817 INFO: 	COST >> 0.31 +/- 0.011, % updates Left: 7.43% Rel: 0.76% Right: 6.47%
2017-05-03 08:43:37,753 INFO: ----------------------------------------------------------------------------
2017-05-03 08:43:37,754 INFO: EPOCH 58 (104.937 seconds):
2017-05-03 08:43:37,758 INFO: 	Average L2 norm of relation vector: 0.16421
2017-05-03 08:43:37,759 INFO: 	COST >> 0.31 +/- 0.013, % updates Left: 7.48% Rel: 0.78% Right: 6.43%
2017-05-03 08:45:52,066 INFO: ----------------------------------------------------------------------------
2017-05-03 08:45:52,067 INFO: EPOCH 59 (134.308 seconds):
2017-05-03 08:45:52,071 INFO: 	Average L2 norm of relation vector: 0.16449
2017-05-03 08:45:52,073 INFO: 	COST >> 0.307 +/- 0.012, % updates Left: 7.37% Rel: 0.74% Right: 6.45%
2017-05-03 08:48:15,709 INFO: ----------------------------------------------------------------------------
2017-05-03 08:48:15,710 INFO: EPOCH 60 (143.637 seconds):
2017-05-03 08:48:15,713 INFO: 	Average L2 norm of relation vector: 0.16474
2017-05-03 08:48:15,714 INFO: 	COST >> 0.306 +/- 0.012, % updates Left: 7.25% Rel: 0.77% Right: 6.37%
2017-05-03 08:48:15,715 INFO: 	FilteredRanking: evaluating rank on 1000 triples
2017-05-03 08:51:07,038 INFO: 	FilteredRanking: evaluating rank on 1000 triples
2017-05-03 08:54:10,451 INFO: 	MEAN RANK >> valid: 160.8, train: 114.5
2017-05-03 08:54:10,453 INFO: 		MEAN RANK TRAIN: Left: 120.0 Rel: 3.9 Right: 109.0
2017-05-03 08:54:10,455 INFO: 		MEAN RANK VALID: Left: 179.8 Rel: 3.2 Right: 141.8
2017-05-03 08:54:10,455 INFO: 		MEAN RECIPROCAL RANK VALID (L & R): 0.149
2017-05-03 08:54:10,456 INFO: 	FilteredRanking: evaluating rank on 1000 triples
2017-05-03 08:57:19,854 INFO: 	NEW BEST TEST MR: 170.2
2017-05-03 08:57:19,855 INFO: 		Left MR: 173.9 Rel MR: 4.1 Right MR: 166.4
2017-05-03 08:57:19,972 INFO: 	(ranking took 544.257 seconds)
2017-05-03 08:59:10,246 INFO: ----------------------------------------------------------------------------
2017-05-03 08:59:10,247 INFO: EPOCH 61 (110.274 seconds):
2017-05-03 08:59:10,251 INFO: 	Average L2 norm of relation vector: 0.16498
2017-05-03 08:59:10,253 INFO: 	COST >> 0.304 +/- 0.012, % updates Left: 7.25% Rel: 0.74% Right: 6.35%
2017-05-03 09:00:49,506 INFO: ----------------------------------------------------------------------------
2017-05-03 09:00:49,508 INFO: EPOCH 62 (99.254 seconds):
2017-05-03 09:00:49,513 INFO: 	Average L2 norm of relation vector: 0.16519
2017-05-03 09:00:49,514 INFO: 	COST >> 0.306 +/- 0.011, % updates Left: 7.23% Rel: 0.75% Right: 6.38%
2017-05-03 09:02:29,737 INFO: ----------------------------------------------------------------------------
2017-05-03 09:02:29,738 INFO: EPOCH 63 (100.223 seconds):
2017-05-03 09:02:29,741 INFO: 	Average L2 norm of relation vector: 0.16542
2017-05-03 09:02:29,742 INFO: 	COST >> 0.305 +/- 0.012, % updates Left: 7.29% Rel: 0.74% Right: 6.31%
2017-05-03 09:04:06,512 INFO: ----------------------------------------------------------------------------
2017-05-03 09:04:06,513 INFO: EPOCH 64 (96.771 seconds):
2017-05-03 09:04:06,517 INFO: 	Average L2 norm of relation vector: 0.16565
2017-05-03 09:04:06,519 INFO: 	COST >> 0.302 +/- 0.012, % updates Left: 7.18% Rel: 0.72% Right: 6.3%
2017-05-03 09:06:01,088 INFO: ----------------------------------------------------------------------------
2017-05-03 09:06:01,088 INFO: EPOCH 65 (114.568 seconds):
2017-05-03 09:06:01,091 INFO: 	Average L2 norm of relation vector: 0.16587
2017-05-03 09:06:01,092 INFO: 	COST >> 0.302 +/- 0.012, % updates Left: 7.18% Rel: 0.73% Right: 6.29%
2017-05-03 09:07:41,101 INFO: ----------------------------------------------------------------------------
2017-05-03 09:07:41,102 INFO: EPOCH 66 (100.01 seconds):
2017-05-03 09:07:41,110 INFO: 	Average L2 norm of relation vector: 0.16608
2017-05-03 09:07:41,112 INFO: 	COST >> 0.3 +/- 0.011, % updates Left: 7.1% Rel: 0.73% Right: 6.27%
2017-05-03 09:09:17,842 INFO: ----------------------------------------------------------------------------
2017-05-03 09:09:17,842 INFO: EPOCH 67 (96.728 seconds):
2017-05-03 09:09:17,846 INFO: 	Average L2 norm of relation vector: 0.16627
2017-05-03 09:09:17,847 INFO: 	COST >> 0.3 +/- 0.01, % updates Left: 7.05% Rel: 0.73% Right: 6.26%
2017-05-03 09:10:44,764 INFO: ----------------------------------------------------------------------------
2017-05-03 09:10:44,764 INFO: EPOCH 68 (86.917 seconds):
2017-05-03 09:10:44,768 INFO: 	Average L2 norm of relation vector: 0.16647
2017-05-03 09:10:44,769 INFO: 	COST >> 0.3 +/- 0.012, % updates Left: 7.09% Rel: 0.74% Right: 6.27%
2017-05-03 09:12:23,678 INFO: ----------------------------------------------------------------------------
2017-05-03 09:12:23,679 INFO: EPOCH 69 (98.91 seconds):
2017-05-03 09:12:23,682 INFO: 	Average L2 norm of relation vector: 0.16665
2017-05-03 09:12:23,684 INFO: 	COST >> 0.297 +/- 0.01, % updates Left: 7.03% Rel: 0.75% Right: 6.2%
2017-05-03 09:13:51,798 INFO: ----------------------------------------------------------------------------
2017-05-03 09:13:51,799 INFO: EPOCH 70 (88.115 seconds):
2017-05-03 09:13:51,802 INFO: 	Average L2 norm of relation vector: 0.16678
2017-05-03 09:13:51,802 INFO: 	COST >> 0.298 +/- 0.013, % updates Left: 6.99% Rel: 0.74% Right: 6.14%
2017-05-03 09:13:51,803 INFO: 	FilteredRanking: evaluating rank on 1000 triples
2017-05-03 09:17:01,316 INFO: 	FilteredRanking: evaluating rank on 1000 triples
2017-05-03 09:19:45,130 INFO: 	MEAN RANK >> valid: 152.9, train: 93.9
2017-05-03 09:19:45,132 INFO: 		MEAN RANK TRAIN: Left: 97.6 Rel: 3.6 Right: 90.2
2017-05-03 09:19:45,133 INFO: 		MEAN RANK VALID: Left: 168.3 Rel: 3.0 Right: 137.5
2017-05-03 09:19:45,134 INFO: 		MEAN RECIPROCAL RANK VALID (L & R): 0.152
2017-05-03 09:19:45,134 INFO: 	FilteredRanking: evaluating rank on 1000 triples
2017-05-03 09:22:24,801 INFO: 	NEW BEST TEST MR: 168.6
2017-05-03 09:22:24,803 INFO: 		Left MR: 180.2 Rel MR: 3.9 Right MR: 157.0
2017-05-03 09:22:24,911 INFO: 	(ranking took 513.108 seconds)
2017-05-03 09:23:48,111 INFO: ----------------------------------------------------------------------------
2017-05-03 09:23:48,112 INFO: EPOCH 71 (83.2 seconds):
2017-05-03 09:23:48,115 INFO: 	Average L2 norm of relation vector: 0.16692
2017-05-03 09:23:48,116 INFO: 	COST >> 0.297 +/- 0.01, % updates Left: 6.98% Rel: 0.73% Right: 6.13%
2017-05-03 09:25:00,117 INFO: ----------------------------------------------------------------------------
2017-05-03 09:25:00,117 INFO: EPOCH 72 (72.001 seconds):
2017-05-03 09:25:00,120 INFO: 	Average L2 norm of relation vector: 0.16707
2017-05-03 09:25:00,120 INFO: 	COST >> 0.295 +/- 0.011, % updates Left: 6.97% Rel: 0.72% Right: 6.09%
2017-05-03 09:26:17,477 INFO: ----------------------------------------------------------------------------
2017-05-03 09:26:17,478 INFO: EPOCH 73 (77.357 seconds):
2017-05-03 09:26:17,480 INFO: 	Average L2 norm of relation vector: 0.1672
2017-05-03 09:26:17,481 INFO: 	COST >> 0.296 +/- 0.01, % updates Left: 6.96% Rel: 0.73% Right: 6.07%
2017-05-03 09:27:57,823 INFO: ----------------------------------------------------------------------------
2017-05-03 09:27:57,824 INFO: EPOCH 74 (100.343 seconds):
2017-05-03 09:27:57,832 INFO: 	Average L2 norm of relation vector: 0.16735
2017-05-03 09:27:57,836 INFO: 	COST >> 0.294 +/- 0.012, % updates Left: 6.93% Rel: 0.71% Right: 6.03%
2017-05-03 09:29:53,403 INFO: ----------------------------------------------------------------------------
2017-05-03 09:29:53,403 INFO: EPOCH 75 (115.566 seconds):
2017-05-03 09:29:53,406 INFO: 	Average L2 norm of relation vector: 0.16748
2017-05-03 09:29:53,407 INFO: 	COST >> 0.293 +/- 0.011, % updates Left: 6.88% Rel: 0.69% Right: 6.09%
2017-05-03 09:31:35,419 INFO: ----------------------------------------------------------------------------
2017-05-03 09:31:35,420 INFO: EPOCH 76 (102.012 seconds):
2017-05-03 09:31:35,422 INFO: 	Average L2 norm of relation vector: 0.16761
2017-05-03 09:31:35,423 INFO: 	COST >> 0.293 +/- 0.011, % updates Left: 6.9% Rel: 0.72% Right: 6.01%
2017-05-03 09:33:01,648 INFO: ----------------------------------------------------------------------------
2017-05-03 09:33:01,649 INFO: EPOCH 77 (86.226 seconds):
2017-05-03 09:33:01,652 INFO: 	Average L2 norm of relation vector: 0.16773
2017-05-03 09:33:01,654 INFO: 	COST >> 0.294 +/- 0.012, % updates Left: 6.9% Rel: 0.72% Right: 6.04%
2017-05-03 09:34:47,162 INFO: ----------------------------------------------------------------------------
2017-05-03 09:34:47,163 INFO: EPOCH 78 (105.509 seconds):
2017-05-03 09:34:47,168 INFO: 	Average L2 norm of relation vector: 0.16785
2017-05-03 09:34:47,169 INFO: 	COST >> 0.294 +/- 0.011, % updates Left: 6.88% Rel: 0.71% Right: 6.01%
2017-05-03 09:36:55,304 INFO: ----------------------------------------------------------------------------
2017-05-03 09:36:55,306 INFO: EPOCH 79 (128.136 seconds):
2017-05-03 09:36:55,310 INFO: 	Average L2 norm of relation vector: 0.16795
2017-05-03 09:36:55,312 INFO: 	COST >> 0.292 +/- 0.012, % updates Left: 6.82% Rel: 0.73% Right: 6.04%
2017-05-03 09:38:50,926 INFO: ----------------------------------------------------------------------------
2017-05-03 09:38:50,927 INFO: EPOCH 80 (115.615 seconds):
2017-05-03 09:38:50,932 INFO: 	Average L2 norm of relation vector: 0.16802
2017-05-03 09:38:50,933 INFO: 	COST >> 0.289 +/- 0.012, % updates Left: 6.73% Rel: 0.72% Right: 6.0%
2017-05-03 09:38:50,934 INFO: 	FilteredRanking: evaluating rank on 1000 triples
2017-05-03 09:40:53,497 INFO: 	FilteredRanking: evaluating rank on 1000 triples
2017-05-03 09:43:30,399 INFO: 	MEAN RANK >> valid: 160.1, train: 101.2
2017-05-03 09:43:30,400 INFO: 		MEAN RANK TRAIN: Left: 108.6 Rel: 3.4 Right: 93.8
2017-05-03 09:43:30,401 INFO: 		MEAN RANK VALID: Left: 185.9 Rel: 3.0 Right: 134.2
2017-05-03 09:43:30,401 INFO: 		MEAN RECIPROCAL RANK VALID (L & R): 0.157
2017-05-03 09:43:30,402 INFO: 	FilteredRanking: evaluating rank on 1000 triples
2017-05-03 09:45:51,461 INFO: 	NEW BEST TEST MR: 156.2
2017-05-03 09:45:51,462 INFO: 		Left MR: 163.4 Rel MR: 3.6 Right MR: 148.9
2017-05-03 09:45:51,550 INFO: 	(ranking took 420.616 seconds)
2017-05-03 09:48:04,815 INFO: ----------------------------------------------------------------------------
2017-05-03 09:48:04,816 INFO: EPOCH 81 (133.265 seconds):
2017-05-03 09:48:04,820 INFO: 	Average L2 norm of relation vector: 0.16811
2017-05-03 09:48:04,822 INFO: 	COST >> 0.29 +/- 0.011, % updates Left: 6.77% Rel: 0.73% Right: 5.95%
2017-05-03 09:50:13,211 INFO: ----------------------------------------------------------------------------
2017-05-03 09:50:13,212 INFO: EPOCH 82 (128.389 seconds):
2017-05-03 09:50:13,215 INFO: 	Average L2 norm of relation vector: 0.16823
2017-05-03 09:50:13,216 INFO: 	COST >> 0.29 +/- 0.011, % updates Left: 6.85% Rel: 0.72% Right: 5.89%
2017-05-03 09:51:33,964 INFO: ----------------------------------------------------------------------------
2017-05-03 09:51:33,965 INFO: EPOCH 83 (80.748 seconds):
2017-05-03 09:51:33,968 INFO: 	Average L2 norm of relation vector: 0.16831
2017-05-03 09:51:33,969 INFO: 	COST >> 0.287 +/- 0.011, % updates Left: 6.68% Rel: 0.72% Right: 5.89%
2017-05-03 09:53:35,743 INFO: ----------------------------------------------------------------------------
2017-05-03 09:53:35,989 INFO: EPOCH 84 (122.019 seconds):
2017-05-03 09:53:35,999 INFO: 	Average L2 norm of relation vector: 0.16841
2017-05-03 09:53:36,002 INFO: 	COST >> 0.289 +/- 0.012, % updates Left: 6.74% Rel: 0.73% Right: 5.94%
2017-05-03 09:55:19,327 INFO: ----------------------------------------------------------------------------
2017-05-03 09:55:19,328 INFO: EPOCH 85 (103.326 seconds):
2017-05-03 09:55:19,337 INFO: 	Average L2 norm of relation vector: 0.16853
2017-05-03 09:55:19,339 INFO: 	COST >> 0.287 +/- 0.012, % updates Left: 6.77% Rel: 0.7% Right: 5.92%
2017-05-03 09:56:38,809 INFO: ----------------------------------------------------------------------------
2017-05-03 09:56:38,810 INFO: EPOCH 86 (79.469 seconds):
2017-05-03 09:56:38,813 INFO: 	Average L2 norm of relation vector: 0.1686
2017-05-03 09:56:38,814 INFO: 	COST >> 0.286 +/- 0.011, % updates Left: 6.63% Rel: 0.68% Right: 5.91%
2017-05-03 09:58:22,556 INFO: ----------------------------------------------------------------------------
2017-05-03 09:58:22,557 INFO: EPOCH 87 (103.743 seconds):
2017-05-03 09:58:22,561 INFO: 	Average L2 norm of relation vector: 0.16867
2017-05-03 09:58:22,562 INFO: 	COST >> 0.285 +/- 0.011, % updates Left: 6.65% Rel: 0.68% Right: 5.83%
2017-05-03 10:00:09,752 INFO: ----------------------------------------------------------------------------
2017-05-03 10:00:09,753 INFO: EPOCH 88 (107.19 seconds):
2017-05-03 10:00:09,757 INFO: 	Average L2 norm of relation vector: 0.16874
2017-05-03 10:00:09,758 INFO: 	COST >> 0.287 +/- 0.011, % updates Left: 6.67% Rel: 0.7% Right: 5.87%
2017-05-03 10:01:51,735 INFO: ----------------------------------------------------------------------------
2017-05-03 10:01:51,736 INFO: EPOCH 89 (101.978 seconds):
2017-05-03 10:01:51,740 INFO: 	Average L2 norm of relation vector: 0.16881
2017-05-03 10:01:51,741 INFO: 	COST >> 0.284 +/- 0.01, % updates Left: 6.65% Rel: 0.68% Right: 5.87%
2017-05-03 10:03:07,784 INFO: ----------------------------------------------------------------------------
2017-05-03 10:03:07,785 INFO: EPOCH 90 (76.043 seconds):
2017-05-03 10:03:07,787 INFO: 	Average L2 norm of relation vector: 0.16887
2017-05-03 10:03:07,788 INFO: 	COST >> 0.282 +/- 0.01, % updates Left: 6.58% Rel: 0.69% Right: 5.79%
2017-05-03 10:03:07,788 INFO: 	FilteredRanking: evaluating rank on 1000 triples
2017-05-03 10:05:16,300 INFO: 	FilteredRanking: evaluating rank on 1000 triples
2017-05-03 10:07:16,469 INFO: 	MEAN RANK >> valid: 145.0, train: 96.5
2017-05-03 10:07:16,470 INFO: 		MEAN RANK TRAIN: Left: 93.5 Rel: 3.2 Right: 99.6
2017-05-03 10:07:16,471 INFO: 		MEAN RANK VALID: Left: 162.5 Rel: 3.1 Right: 127.5
2017-05-03 10:07:16,471 INFO: 		MEAN RECIPROCAL RANK VALID (L & R): 0.1685
2017-05-03 10:07:16,471 INFO: 	FilteredRanking: evaluating rank on 1000 triples
2017-05-03 10:09:28,724 INFO: 	NEW BEST TEST MR: 151.3
2017-05-03 10:09:28,725 INFO: 		Left MR: 152.4 Rel MR: 3.5 Right MR: 150.2
2017-05-03 10:09:29,136 INFO: 	(ranking took 381.347 seconds)
2017-05-03 10:11:13,852 INFO: ----------------------------------------------------------------------------
2017-05-03 10:11:13,853 INFO: EPOCH 91 (104.717 seconds):
2017-05-03 10:11:13,858 INFO: 	Average L2 norm of relation vector: 0.16893
2017-05-03 10:11:13,860 INFO: 	COST >> 0.283 +/- 0.01, % updates Left: 6.63% Rel: 0.7% Right: 5.75%
2017-05-03 10:12:49,038 INFO: ----------------------------------------------------------------------------
2017-05-03 10:12:49,039 INFO: EPOCH 92 (95.179 seconds):
2017-05-03 10:12:49,046 INFO: 	Average L2 norm of relation vector: 0.16901
2017-05-03 10:12:49,048 INFO: 	COST >> 0.284 +/- 0.011, % updates Left: 6.64% Rel: 0.7% Right: 5.86%
2017-05-03 10:14:32,612 INFO: ----------------------------------------------------------------------------
2017-05-03 10:14:32,612 INFO: EPOCH 93 (103.564 seconds):
2017-05-03 10:14:32,615 INFO: 	Average L2 norm of relation vector: 0.16904
2017-05-03 10:14:32,616 INFO: 	COST >> 0.282 +/- 0.01, % updates Left: 6.54% Rel: 0.69% Right: 5.78%
2017-05-03 10:16:10,534 INFO: ----------------------------------------------------------------------------
2017-05-03 10:16:10,535 INFO: EPOCH 94 (97.918 seconds):
2017-05-03 10:16:10,537 INFO: 	Average L2 norm of relation vector: 0.16908
2017-05-03 10:16:10,538 INFO: 	COST >> 0.281 +/- 0.012, % updates Left: 6.5% Rel: 0.68% Right: 5.79%
2017-05-03 10:18:13,777 INFO: ----------------------------------------------------------------------------
2017-05-03 10:18:13,779 INFO: EPOCH 95 (123.24 seconds):
2017-05-03 10:18:13,786 INFO: 	Average L2 norm of relation vector: 0.16912
2017-05-03 10:18:13,789 INFO: 	COST >> 0.283 +/- 0.012, % updates Left: 6.54% Rel: 0.7% Right: 5.78%
2017-05-03 10:21:01,978 INFO: ----------------------------------------------------------------------------
2017-05-03 10:21:01,980 INFO: EPOCH 96 (168.19 seconds):
2017-05-03 10:21:01,988 INFO: 	Average L2 norm of relation vector: 0.16916
2017-05-03 10:21:01,990 INFO: 	COST >> 0.282 +/- 0.01, % updates Left: 6.53% Rel: 0.7% Right: 5.78%
2017-05-03 10:23:04,774 INFO: ----------------------------------------------------------------------------
2017-05-03 10:23:04,775 INFO: EPOCH 97 (122.783 seconds):
2017-05-03 10:23:04,778 INFO: 	Average L2 norm of relation vector: 0.16922
2017-05-03 10:23:04,779 INFO: 	COST >> 0.282 +/- 0.011, % updates Left: 6.59% Rel: 0.7% Right: 5.74%
2017-05-03 10:24:25,835 INFO: ----------------------------------------------------------------------------
2017-05-03 10:24:25,835 INFO: EPOCH 98 (81.056 seconds):
2017-05-03 10:24:25,838 INFO: 	Average L2 norm of relation vector: 0.16925
2017-05-03 10:24:25,839 INFO: 	COST >> 0.281 +/- 0.011, % updates Left: 6.51% Rel: 0.68% Right: 5.76%
2017-05-03 10:25:44,956 INFO: ----------------------------------------------------------------------------
2017-05-03 10:25:44,957 INFO: EPOCH 99 (79.118 seconds):
2017-05-03 10:25:44,960 INFO: 	Average L2 norm of relation vector: 0.16928
2017-05-03 10:25:44,961 INFO: 	COST >> 0.281 +/- 0.011, % updates Left: 6.46% Rel: 0.69% Right: 5.72%
2017-05-03 10:27:19,879 INFO: ----------------------------------------------------------------------------
2017-05-03 10:27:19,880 INFO: EPOCH 100 (94.919 seconds):
2017-05-03 10:27:19,882 INFO: 	Average L2 norm of relation vector: 0.1693
2017-05-03 10:27:19,883 INFO: 	COST >> 0.28 +/- 0.01, % updates Left: 6.52% Rel: 0.68% Right: 5.7%
2017-05-03 10:27:19,883 INFO: 	FilteredRanking: evaluating rank on 1000 triples
2017-05-03 10:29:25,940 INFO: 	FilteredRanking: evaluating rank on 1000 triples
2017-05-03 10:31:40,692 INFO: 	MEAN RANK >> valid: 131.0, train: 86.4
2017-05-03 10:31:40,693 INFO: 		MEAN RANK TRAIN: Left: 91.1 Rel: 3.0 Right: 81.7
2017-05-03 10:31:40,694 INFO: 		MEAN RANK VALID: Left: 147.5 Rel: 3.0 Right: 114.5
2017-05-03 10:31:40,695 INFO: 		MEAN RECIPROCAL RANK VALID (L & R): 0.154
2017-05-03 10:31:40,695 WARNING: 	WARNING, failed to improve MRR on valid, 2 chances left

2017-05-03 10:31:40,779 INFO: 	(ranking took 260.896 seconds)
2017-05-03 10:33:08,586 INFO: ----------------------------------------------------------------------------
2017-05-03 10:33:08,587 INFO: EPOCH 101 (87.807 seconds):
2017-05-03 10:33:08,590 INFO: 	Average L2 norm of relation vector: 0.16935
2017-05-03 10:33:08,591 INFO: 	COST >> 0.278 +/- 0.01, % updates Left: 6.48% Rel: 0.7% Right: 5.7%
2017-05-03 10:34:35,382 INFO: ----------------------------------------------------------------------------
2017-05-03 10:34:35,383 INFO: EPOCH 102 (86.791 seconds):
2017-05-03 10:34:35,385 INFO: 	Average L2 norm of relation vector: 0.16939
2017-05-03 10:34:35,386 INFO: 	COST >> 0.279 +/- 0.01, % updates Left: 6.51% Rel: 0.68% Right: 5.7%
2017-05-03 10:36:03,029 INFO: ----------------------------------------------------------------------------
2017-05-03 10:36:03,031 INFO: EPOCH 103 (87.645 seconds):
2017-05-03 10:36:03,037 INFO: 	Average L2 norm of relation vector: 0.16941
2017-05-03 10:36:03,039 INFO: 	COST >> 0.279 +/- 0.011, % updates Left: 6.42% Rel: 0.69% Right: 5.71%
2017-05-03 10:37:56,854 INFO: ----------------------------------------------------------------------------
2017-05-03 10:37:56,856 INFO: EPOCH 104 (113.815 seconds):
2017-05-03 10:37:56,858 INFO: 	Average L2 norm of relation vector: 0.16944
2017-05-03 10:37:56,859 INFO: 	COST >> 0.276 +/- 0.011, % updates Left: 6.46% Rel: 0.67% Right: 5.65%
2017-05-03 10:40:00,692 INFO: ----------------------------------------------------------------------------
2017-05-03 10:40:00,693 INFO: EPOCH 105 (123.833 seconds):
2017-05-03 10:40:00,696 INFO: 	Average L2 norm of relation vector: 0.16944
2017-05-03 10:40:00,697 INFO: 	COST >> 0.275 +/- 0.009, % updates Left: 6.37% Rel: 0.68% Right: 5.62%
2017-05-03 10:41:32,777 INFO: ----------------------------------------------------------------------------
2017-05-03 10:41:32,778 INFO: EPOCH 106 (92.08 seconds):
2017-05-03 10:41:32,782 INFO: 	Average L2 norm of relation vector: 0.16945
2017-05-03 10:41:32,783 INFO: 	COST >> 0.277 +/- 0.01, % updates Left: 6.42% Rel: 0.66% Right: 5.67%
2017-05-03 10:43:04,964 INFO: ----------------------------------------------------------------------------
2017-05-03 10:43:04,965 INFO: EPOCH 107 (92.182 seconds):
2017-05-03 10:43:04,967 INFO: 	Average L2 norm of relation vector: 0.16947
2017-05-03 10:43:04,969 INFO: 	COST >> 0.274 +/- 0.011, % updates Left: 6.41% Rel: 0.67% Right: 5.6%
2017-05-03 10:44:43,274 INFO: ----------------------------------------------------------------------------
2017-05-03 10:44:43,274 INFO: EPOCH 108 (98.305 seconds):
2017-05-03 10:44:43,277 INFO: 	Average L2 norm of relation vector: 0.1695
2017-05-03 10:44:43,279 INFO: 	COST >> 0.277 +/- 0.01, % updates Left: 6.46% Rel: 0.69% Right: 5.63%
2017-05-03 10:46:23,065 INFO: ----------------------------------------------------------------------------
2017-05-03 10:46:23,066 INFO: EPOCH 109 (99.787 seconds):
2017-05-03 10:46:23,069 INFO: 	Average L2 norm of relation vector: 0.16951
2017-05-03 10:46:23,070 INFO: 	COST >> 0.275 +/- 0.009, % updates Left: 6.38% Rel: 0.68% Right: 5.62%
2017-05-03 10:48:04,915 INFO: ----------------------------------------------------------------------------
2017-05-03 10:48:04,916 INFO: EPOCH 110 (101.845 seconds):
2017-05-03 10:48:04,919 INFO: 	Average L2 norm of relation vector: 0.16953
2017-05-03 10:48:04,921 INFO: 	COST >> 0.276 +/- 0.011, % updates Left: 6.42% Rel: 0.67% Right: 5.6%
2017-05-03 10:48:04,921 INFO: 	FilteredRanking: evaluating rank on 1000 triples
2017-05-03 10:50:55,440 INFO: 	FilteredRanking: evaluating rank on 1000 triples
2017-05-03 10:54:07,402 INFO: 	MEAN RANK >> valid: 133.5, train: 85.5
2017-05-03 10:54:07,404 INFO: 		MEAN RANK TRAIN: Left: 91.6 Rel: 3.0 Right: 79.3
2017-05-03 10:54:07,405 INFO: 		MEAN RANK VALID: Left: 152.1 Rel: 2.9 Right: 115.0
2017-05-03 10:54:07,405 INFO: 		MEAN RECIPROCAL RANK VALID (L & R): 0.1705
2017-05-03 10:54:07,406 INFO: 	FilteredRanking: evaluating rank on 1000 triples
2017-05-03 10:56:56,913 INFO: 	NEW BEST TEST MR: 131.7
2017-05-03 10:56:56,915 INFO: 		Left MR: 131.9 Rel MR: 3.4 Right MR: 131.5
2017-05-03 10:56:57,019 INFO: 	(ranking took 532.098 seconds)
2017-05-03 10:58:29,468 INFO: ----------------------------------------------------------------------------
2017-05-03 10:58:29,469 INFO: EPOCH 111 (92.449 seconds):
2017-05-03 10:58:29,473 INFO: 	Average L2 norm of relation vector: 0.16954
2017-05-03 10:58:29,474 INFO: 	COST >> 0.274 +/- 0.009, % updates Left: 6.4% Rel: 0.66% Right: 5.61%
2017-05-03 11:00:00,196 INFO: ----------------------------------------------------------------------------
2017-05-03 11:00:00,198 INFO: EPOCH 112 (90.723 seconds):
2017-05-03 11:00:00,201 INFO: 	Average L2 norm of relation vector: 0.16955
2017-05-03 11:00:00,203 INFO: 	COST >> 0.273 +/- 0.01, % updates Left: 6.32% Rel: 0.68% Right: 5.62%
2017-05-03 11:01:44,460 INFO: ----------------------------------------------------------------------------
2017-05-03 11:01:44,462 INFO: EPOCH 113 (104.258 seconds):
2017-05-03 11:01:44,465 INFO: 	Average L2 norm of relation vector: 0.16958
2017-05-03 11:01:44,466 INFO: 	COST >> 0.272 +/- 0.012, % updates Left: 6.34% Rel: 0.66% Right: 5.57%
2017-05-03 11:03:52,279 INFO: ----------------------------------------------------------------------------
2017-05-03 11:03:52,280 INFO: EPOCH 114 (127.777 seconds):
2017-05-03 11:03:52,285 INFO: 	Average L2 norm of relation vector: 0.1696
2017-05-03 11:03:52,286 INFO: 	COST >> 0.273 +/- 0.011, % updates Left: 6.37% Rel: 0.66% Right: 5.57%
2017-05-03 11:05:57,673 INFO: ----------------------------------------------------------------------------
2017-05-03 11:05:57,674 INFO: EPOCH 115 (125.387 seconds):
2017-05-03 11:05:57,678 INFO: 	Average L2 norm of relation vector: 0.16961
2017-05-03 11:05:57,680 INFO: 	COST >> 0.273 +/- 0.011, % updates Left: 6.35% Rel: 0.67% Right: 5.54%
2017-05-03 11:07:23,206 INFO: ----------------------------------------------------------------------------
2017-05-03 11:07:23,207 INFO: EPOCH 116 (85.526 seconds):
2017-05-03 11:07:23,210 INFO: 	Average L2 norm of relation vector: 0.1696
2017-05-03 11:07:23,211 INFO: 	COST >> 0.274 +/- 0.01, % updates Left: 6.35% Rel: 0.68% Right: 5.55%
2017-05-03 11:09:03,424 INFO: ----------------------------------------------------------------------------
2017-05-03 11:09:03,424 INFO: EPOCH 117 (100.213 seconds):
2017-05-03 11:09:03,427 INFO: 	Average L2 norm of relation vector: 0.16961
2017-05-03 11:09:03,428 INFO: 	COST >> 0.274 +/- 0.01, % updates Left: 6.35% Rel: 0.68% Right: 5.55%
2017-05-03 11:10:29,808 INFO: ----------------------------------------------------------------------------
2017-05-03 11:10:29,809 INFO: EPOCH 118 (86.381 seconds):
2017-05-03 11:10:29,812 INFO: 	Average L2 norm of relation vector: 0.16963
2017-05-03 11:10:29,813 INFO: 	COST >> 0.273 +/- 0.01, % updates Left: 6.32% Rel: 0.68% Right: 5.59%
2017-05-03 11:12:15,374 INFO: ----------------------------------------------------------------------------
2017-05-03 11:12:15,375 INFO: EPOCH 119 (105.561 seconds):
2017-05-03 11:12:15,378 INFO: 	Average L2 norm of relation vector: 0.16964
2017-05-03 11:12:15,379 INFO: 	COST >> 0.271 +/- 0.01, % updates Left: 6.3% Rel: 0.66% Right: 5.54%
2017-05-03 11:13:48,561 INFO: ----------------------------------------------------------------------------
2017-05-03 11:13:48,564 INFO: EPOCH 120 (93.184 seconds):
2017-05-03 11:13:48,566 INFO: 	Average L2 norm of relation vector: 0.16964
2017-05-03 11:13:48,568 INFO: 	COST >> 0.271 +/- 0.011, % updates Left: 6.27% Rel: 0.69% Right: 5.55%
2017-05-03 11:13:48,568 INFO: 	FilteredRanking: evaluating rank on 1000 triples
2017-05-03 11:16:03,019 INFO: 	FilteredRanking: evaluating rank on 1000 triples
2017-05-03 11:18:24,893 INFO: 	MEAN RANK >> valid: 132.7, train: 82.9
2017-05-03 11:18:24,894 INFO: 		MEAN RANK TRAIN: Left: 83.6 Rel: 2.9 Right: 82.3
2017-05-03 11:18:24,895 INFO: 		MEAN RANK VALID: Left: 154.7 Rel: 2.9 Right: 110.6
2017-05-03 11:18:24,895 INFO: 		MEAN RECIPROCAL RANK VALID (L & R): 0.166
2017-05-03 11:18:24,896 WARNING: 	WARNING, failed to improve MRR on valid, 2 chances left

2017-05-03 11:18:24,983 INFO: 	(ranking took 276.415 seconds)
2017-05-03 11:20:30,247 INFO: ----------------------------------------------------------------------------
2017-05-03 11:20:30,249 INFO: EPOCH 121 (125.265 seconds):
2017-05-03 11:20:30,255 INFO: 	Average L2 norm of relation vector: 0.16963
2017-05-03 11:20:30,258 INFO: 	COST >> 0.269 +/- 0.01, % updates Left: 6.26% Rel: 0.66% Right: 5.44%
2017-05-03 11:22:00,480 INFO: ----------------------------------------------------------------------------
2017-05-03 11:22:00,481 INFO: EPOCH 122 (90.222 seconds):
2017-05-03 11:22:00,483 INFO: 	Average L2 norm of relation vector: 0.16961
2017-05-03 11:22:00,484 INFO: 	COST >> 0.27 +/- 0.011, % updates Left: 6.25% Rel: 0.66% Right: 5.48%
2017-05-03 11:23:26,048 INFO: ----------------------------------------------------------------------------
2017-05-03 11:23:26,049 INFO: EPOCH 123 (85.564 seconds):
2017-05-03 11:23:26,051 INFO: 	Average L2 norm of relation vector: 0.16963
2017-05-03 11:23:26,052 INFO: 	COST >> 0.27 +/- 0.011, % updates Left: 6.32% Rel: 0.69% Right: 5.47%
2017-05-03 11:24:57,183 INFO: ----------------------------------------------------------------------------
2017-05-03 11:24:57,184 INFO: EPOCH 124 (91.132 seconds):
2017-05-03 11:24:57,186 INFO: 	Average L2 norm of relation vector: 0.16961
2017-05-03 11:24:57,187 INFO: 	COST >> 0.268 +/- 0.012, % updates Left: 6.23% Rel: 0.67% Right: 5.44%
2017-05-03 11:26:40,406 INFO: ----------------------------------------------------------------------------
2017-05-03 11:26:40,407 INFO: EPOCH 125 (103.22 seconds):
2017-05-03 11:26:40,410 INFO: 	Average L2 norm of relation vector: 0.16962
2017-05-03 11:26:40,411 INFO: 	COST >> 0.269 +/- 0.01, % updates Left: 6.29% Rel: 0.67% Right: 5.43%
2017-05-03 11:28:06,782 INFO: ----------------------------------------------------------------------------
2017-05-03 11:28:06,782 INFO: EPOCH 126 (86.371 seconds):
2017-05-03 11:28:06,785 INFO: 	Average L2 norm of relation vector: 0.16961
2017-05-03 11:28:06,787 INFO: 	COST >> 0.268 +/- 0.011, % updates Left: 6.2% Rel: 0.66% Right: 5.46%
2017-05-03 11:29:44,462 INFO: ----------------------------------------------------------------------------
2017-05-03 11:29:44,463 INFO: EPOCH 127 (97.676 seconds):
2017-05-03 11:29:44,468 INFO: 	Average L2 norm of relation vector: 0.16959
2017-05-03 11:29:44,469 INFO: 	COST >> 0.27 +/- 0.011, % updates Left: 6.27% Rel: 0.66% Right: 5.46%
2017-05-03 11:30:59,784 INFO: ----------------------------------------------------------------------------
2017-05-03 11:30:59,785 INFO: EPOCH 128 (75.315 seconds):
2017-05-03 11:30:59,787 INFO: 	Average L2 norm of relation vector: 0.16959
2017-05-03 11:30:59,788 INFO: 	COST >> 0.267 +/- 0.011, % updates Left: 6.21% Rel: 0.67% Right: 5.47%
2017-05-03 11:32:24,231 INFO: ----------------------------------------------------------------------------
2017-05-03 11:32:24,233 INFO: EPOCH 129 (84.444 seconds):
2017-05-03 11:32:24,236 INFO: 	Average L2 norm of relation vector: 0.16959
2017-05-03 11:32:24,237 INFO: 	COST >> 0.268 +/- 0.01, % updates Left: 6.19% Rel: 0.66% Right: 5.49%
2017-05-03 11:34:00,374 INFO: ----------------------------------------------------------------------------
2017-05-03 11:34:00,375 INFO: EPOCH 130 (96.137 seconds):
2017-05-03 11:34:00,378 INFO: 	Average L2 norm of relation vector: 0.16958
2017-05-03 11:34:00,379 INFO: 	COST >> 0.268 +/- 0.01, % updates Left: 6.22% Rel: 0.66% Right: 5.47%
2017-05-03 11:34:00,379 INFO: 	FilteredRanking: evaluating rank on 1000 triples
2017-05-03 11:36:08,064 INFO: 	FilteredRanking: evaluating rank on 1000 triples
2017-05-03 11:38:21,312 INFO: 	MEAN RANK >> valid: 134.2, train: 77.9
2017-05-03 11:38:21,314 INFO: 		MEAN RANK TRAIN: Left: 87.2 Rel: 2.8 Right: 68.7
2017-05-03 11:38:21,315 INFO: 		MEAN RANK VALID: Left: 154.1 Rel: 2.9 Right: 114.4
2017-05-03 11:38:21,315 INFO: 		MEAN RECIPROCAL RANK VALID (L & R): 0.1795
2017-05-03 11:38:21,315 INFO: 	FilteredRanking: evaluating rank on 1000 triples
2017-05-03 11:40:42,179 INFO: 	NEW BEST TEST MR: 135.8
2017-05-03 11:40:42,180 INFO: 		Left MR: 143.2 Rel MR: 3.3 Right MR: 128.4
2017-05-03 11:40:42,527 INFO: 	(ranking took 402.148 seconds)
2017-05-03 11:42:11,426 INFO: ----------------------------------------------------------------------------
2017-05-03 11:42:11,427 INFO: EPOCH 131 (88.899 seconds):
2017-05-03 11:42:11,638 INFO: 	Average L2 norm of relation vector: 0.1696
2017-05-03 11:42:11,639 INFO: 	COST >> 0.269 +/- 0.011, % updates Left: 6.24% Rel: 0.65% Right: 5.56%
2017-05-03 11:43:45,526 INFO: ----------------------------------------------------------------------------
2017-05-03 11:43:45,527 INFO: EPOCH 132 (93.888 seconds):
2017-05-03 11:43:45,531 INFO: 	Average L2 norm of relation vector: 0.16959
2017-05-03 11:43:45,532 INFO: 	COST >> 0.268 +/- 0.01, % updates Left: 6.22% Rel: 0.66% Right: 5.46%
2017-05-03 11:45:29,009 INFO: ----------------------------------------------------------------------------
2017-05-03 11:45:29,009 INFO: EPOCH 133 (103.477 seconds):
2017-05-03 11:45:29,013 INFO: 	Average L2 norm of relation vector: 0.16959
2017-05-03 11:45:29,014 INFO: 	COST >> 0.267 +/- 0.011, % updates Left: 6.19% Rel: 0.66% Right: 5.44%
2017-05-03 11:47:04,576 INFO: ----------------------------------------------------------------------------
2017-05-03 11:47:04,576 INFO: EPOCH 134 (95.562 seconds):
2017-05-03 11:47:04,579 INFO: 	Average L2 norm of relation vector: 0.16959
2017-05-03 11:47:04,580 INFO: 	COST >> 0.267 +/- 0.012, % updates Left: 6.24% Rel: 0.66% Right: 5.45%
2017-05-03 11:48:39,573 INFO: ----------------------------------------------------------------------------
2017-05-03 11:48:39,574 INFO: EPOCH 135 (94.993 seconds):
2017-05-03 11:48:39,577 INFO: 	Average L2 norm of relation vector: 0.16958
2017-05-03 11:48:39,578 INFO: 	COST >> 0.265 +/- 0.01, % updates Left: 6.16% Rel: 0.67% Right: 5.4%
2017-05-03 11:50:09,274 INFO: ----------------------------------------------------------------------------
2017-05-03 11:50:09,275 INFO: EPOCH 136 (89.696 seconds):
2017-05-03 11:50:09,279 INFO: 	Average L2 norm of relation vector: 0.16959
2017-05-03 11:50:09,280 INFO: 	COST >> 0.265 +/- 0.01, % updates Left: 6.23% Rel: 0.63% Right: 5.47%
2017-05-03 11:51:45,268 INFO: ----------------------------------------------------------------------------
2017-05-03 11:51:45,268 INFO: EPOCH 137 (95.988 seconds):
2017-05-03 11:51:45,272 INFO: 	Average L2 norm of relation vector: 0.16959
2017-05-03 11:51:45,273 INFO: 	COST >> 0.264 +/- 0.012, % updates Left: 6.13% Rel: 0.65% Right: 5.37%
2017-05-03 11:53:26,558 INFO: ----------------------------------------------------------------------------
2017-05-03 11:53:26,560 INFO: EPOCH 138 (101.286 seconds):
2017-05-03 11:53:26,566 INFO: 	Average L2 norm of relation vector: 0.16958
2017-05-03 11:53:26,568 INFO: 	COST >> 0.264 +/- 0.012, % updates Left: 6.09% Rel: 0.68% Right: 5.44%
2017-05-03 11:54:56,495 INFO: ----------------------------------------------------------------------------
2017-05-03 11:54:56,496 INFO: EPOCH 139 (89.927 seconds):
2017-05-03 11:54:56,499 INFO: 	Average L2 norm of relation vector: 0.16954
2017-05-03 11:54:56,500 INFO: 	COST >> 0.265 +/- 0.009, % updates Left: 6.14% Rel: 0.65% Right: 5.42%
2017-05-03 11:56:08,712 INFO: ----------------------------------------------------------------------------
2017-05-03 11:56:08,713 INFO: EPOCH 140 (72.213 seconds):
2017-05-03 11:56:08,715 INFO: 	Average L2 norm of relation vector: 0.16952
2017-05-03 11:56:08,716 INFO: 	COST >> 0.265 +/- 0.011, % updates Left: 6.13% Rel: 0.65% Right: 5.43%
2017-05-03 11:56:08,716 INFO: 	FilteredRanking: evaluating rank on 1000 triples
2017-05-03 11:58:11,064 INFO: 	FilteredRanking: evaluating rank on 1000 triples
2017-05-03 12:00:15,200 INFO: 	MEAN RANK >> valid: 128.4, train: 77.9
2017-05-03 12:00:15,202 INFO: 		MEAN RANK TRAIN: Left: 77.9 Rel: 2.8 Right: 77.9
2017-05-03 12:00:15,202 INFO: 		MEAN RANK VALID: Left: 140.3 Rel: 3.0 Right: 116.4
2017-05-03 12:00:15,203 INFO: 		MEAN RECIPROCAL RANK VALID (L & R): 0.175
2017-05-03 12:00:15,203 WARNING: 	WARNING, failed to improve MRR on valid, 2 chances left

2017-05-03 12:00:15,289 INFO: 	(ranking took 246.573 seconds)
2017-05-03 12:01:47,097 INFO: ----------------------------------------------------------------------------
2017-05-03 12:01:47,099 INFO: EPOCH 141 (91.809 seconds):
2017-05-03 12:01:47,102 INFO: 	Average L2 norm of relation vector: 0.16951
2017-05-03 12:01:47,104 INFO: 	COST >> 0.263 +/- 0.01, % updates Left: 6.14% Rel: 0.66% Right: 5.38%
2017-05-03 12:03:45,814 INFO: ----------------------------------------------------------------------------
2017-05-03 12:03:45,816 INFO: EPOCH 142 (118.711 seconds):
2017-05-03 12:03:45,820 INFO: 	Average L2 norm of relation vector: 0.16949
2017-05-03 12:03:45,822 INFO: 	COST >> 0.263 +/- 0.01, % updates Left: 6.1% Rel: 0.65% Right: 5.34%
2017-05-03 12:05:59,488 INFO: ----------------------------------------------------------------------------
2017-05-03 12:05:59,490 INFO: EPOCH 143 (133.666 seconds):
2017-05-03 12:05:59,494 INFO: 	Average L2 norm of relation vector: 0.16947
2017-05-03 12:05:59,496 INFO: 	COST >> 0.263 +/- 0.01, % updates Left: 6.09% Rel: 0.65% Right: 5.39%
2017-05-03 12:07:34,022 INFO: ----------------------------------------------------------------------------
2017-05-03 12:07:34,023 INFO: EPOCH 144 (94.526 seconds):
2017-05-03 12:07:34,026 INFO: 	Average L2 norm of relation vector: 0.16947
2017-05-03 12:07:34,027 INFO: 	COST >> 0.264 +/- 0.011, % updates Left: 6.14% Rel: 0.62% Right: 5.44%
2017-05-03 12:09:13,079 INFO: ----------------------------------------------------------------------------
2017-05-03 12:09:13,080 INFO: EPOCH 145 (99.053 seconds):
2017-05-03 12:09:13,083 INFO: 	Average L2 norm of relation vector: 0.16945
2017-05-03 12:09:13,084 INFO: 	COST >> 0.263 +/- 0.011, % updates Left: 6.08% Rel: 0.65% Right: 5.44%
2017-05-03 12:10:53,832 INFO: ----------------------------------------------------------------------------
2017-05-03 12:10:53,833 INFO: EPOCH 146 (100.749 seconds):
2017-05-03 12:10:53,837 INFO: 	Average L2 norm of relation vector: 0.16944
2017-05-03 12:10:53,839 INFO: 	COST >> 0.262 +/- 0.01, % updates Left: 6.06% Rel: 0.65% Right: 5.39%
2017-05-03 12:12:36,617 INFO: ----------------------------------------------------------------------------
2017-05-03 12:12:36,618 INFO: EPOCH 147 (102.779 seconds):
2017-05-03 12:12:36,621 INFO: 	Average L2 norm of relation vector: 0.16943
2017-05-03 12:12:36,622 INFO: 	COST >> 0.263 +/- 0.009, % updates Left: 6.18% Rel: 0.64% Right: 5.36%
2017-05-03 12:14:08,551 INFO: ----------------------------------------------------------------------------
2017-05-03 12:14:08,552 INFO: EPOCH 148 (91.929 seconds):
2017-05-03 12:14:08,554 INFO: 	Average L2 norm of relation vector: 0.16942
2017-05-03 12:14:08,555 INFO: 	COST >> 0.262 +/- 0.01, % updates Left: 6.13% Rel: 0.64% Right: 5.33%
2017-05-03 12:15:52,219 INFO: ----------------------------------------------------------------------------
2017-05-03 12:15:52,220 INFO: EPOCH 149 (103.664 seconds):
2017-05-03 12:15:52,222 INFO: 	Average L2 norm of relation vector: 0.16938
2017-05-03 12:15:52,224 INFO: 	COST >> 0.261 +/- 0.01, % updates Left: 6.06% Rel: 0.63% Right: 5.32%
2017-05-03 12:17:32,211 INFO: ----------------------------------------------------------------------------
2017-05-03 12:17:32,212 INFO: EPOCH 150 (99.988 seconds):
2017-05-03 12:17:32,216 INFO: 	Average L2 norm of relation vector: 0.16937
2017-05-03 12:17:32,218 INFO: 	COST >> 0.262 +/- 0.009, % updates Left: 6.08% Rel: 0.63% Right: 5.4%
2017-05-03 12:17:32,219 INFO: 	FilteredRanking: evaluating rank on 1000 triples
2017-05-03 12:19:34,497 INFO: 	FilteredRanking: evaluating rank on 1000 triples
2017-05-03 12:21:41,306 INFO: 	MEAN RANK >> valid: 120.5, train: 81.7
2017-05-03 12:21:41,307 INFO: 		MEAN RANK TRAIN: Left: 87.4 Rel: 2.8 Right: 76.0
2017-05-03 12:21:41,308 INFO: 		MEAN RANK VALID: Left: 133.2 Rel: 2.9 Right: 107.8
2017-05-03 12:21:41,308 INFO: 		MEAN RECIPROCAL RANK VALID (L & R): 0.174
2017-05-03 12:21:41,308 WARNING: 	WARNING, failed to improve MRR on valid, 1 chances left

2017-05-03 12:21:41,396 INFO: 	(ranking took 249.177 seconds)
2017-05-03 12:23:09,161 INFO: ----------------------------------------------------------------------------
2017-05-03 12:23:09,162 INFO: EPOCH 151 (87.765 seconds):
2017-05-03 12:23:09,166 INFO: 	Average L2 norm of relation vector: 0.16936
2017-05-03 12:23:09,169 INFO: 	COST >> 0.261 +/- 0.011, % updates Left: 6.09% Rel: 0.66% Right: 5.32%
2017-05-03 12:24:56,106 INFO: ----------------------------------------------------------------------------
2017-05-03 12:24:56,107 INFO: EPOCH 152 (106.937 seconds):
2017-05-03 12:24:56,111 INFO: 	Average L2 norm of relation vector: 0.16933
2017-05-03 12:24:56,112 INFO: 	COST >> 0.262 +/- 0.009, % updates Left: 6.04% Rel: 0.65% Right: 5.39%
2017-05-03 12:26:36,267 INFO: ----------------------------------------------------------------------------
2017-05-03 12:26:36,268 INFO: EPOCH 153 (100.155 seconds):
2017-05-03 12:26:36,271 INFO: 	Average L2 norm of relation vector: 0.1693
2017-05-03 12:26:36,272 INFO: 	COST >> 0.26 +/- 0.009, % updates Left: 6.07% Rel: 0.63% Right: 5.32%
2017-05-03 12:28:27,096 INFO: ----------------------------------------------------------------------------
2017-05-03 12:28:27,098 INFO: EPOCH 154 (110.825 seconds):
2017-05-03 12:28:27,105 INFO: 	Average L2 norm of relation vector: 0.16926
2017-05-03 12:28:27,108 INFO: 	COST >> 0.259 +/- 0.01, % updates Left: 6.03% Rel: 0.64% Right: 5.28%
2017-05-03 12:30:09,723 INFO: ----------------------------------------------------------------------------
2017-05-03 12:30:09,724 INFO: EPOCH 155 (102.615 seconds):
2017-05-03 12:30:09,726 INFO: 	Average L2 norm of relation vector: 0.16926
2017-05-03 12:30:09,727 INFO: 	COST >> 0.259 +/- 0.01, % updates Left: 6.09% Rel: 0.64% Right: 5.3%
2017-05-03 12:31:43,328 INFO: ----------------------------------------------------------------------------
2017-05-03 12:31:43,328 INFO: EPOCH 156 (93.601 seconds):
2017-05-03 12:31:43,331 INFO: 	Average L2 norm of relation vector: 0.16923
2017-05-03 12:31:43,332 INFO: 	COST >> 0.259 +/- 0.011, % updates Left: 6.03% Rel: 0.67% Right: 5.31%
2017-05-03 12:33:53,386 INFO: ----------------------------------------------------------------------------
2017-05-03 12:33:53,387 INFO: EPOCH 157 (130.054 seconds):
2017-05-03 12:33:53,391 INFO: 	Average L2 norm of relation vector: 0.16922
2017-05-03 12:33:53,392 INFO: 	COST >> 0.26 +/- 0.01, % updates Left: 6.06% Rel: 0.66% Right: 5.34%
2017-05-03 12:35:28,346 INFO: ----------------------------------------------------------------------------
2017-05-03 12:35:28,347 INFO: EPOCH 158 (94.954 seconds):
2017-05-03 12:35:28,388 INFO: 	Average L2 norm of relation vector: 0.1692
2017-05-03 12:35:28,390 INFO: 	COST >> 0.259 +/- 0.009, % updates Left: 5.98% Rel: 0.65% Right: 5.33%
2017-05-03 12:36:53,387 INFO: ----------------------------------------------------------------------------
2017-05-03 12:36:53,387 INFO: EPOCH 159 (84.997 seconds):
2017-05-03 12:36:53,390 INFO: 	Average L2 norm of relation vector: 0.16917
2017-05-03 12:36:53,391 INFO: 	COST >> 0.258 +/- 0.009, % updates Left: 6.0% Rel: 0.62% Right: 5.33%
2017-05-03 12:38:27,941 INFO: ----------------------------------------------------------------------------
2017-05-03 12:38:27,942 INFO: EPOCH 160 (94.551 seconds):
2017-05-03 12:38:27,946 INFO: 	Average L2 norm of relation vector: 0.16913
2017-05-03 12:38:27,947 INFO: 	COST >> 0.259 +/- 0.009, % updates Left: 6.0% Rel: 0.64% Right: 5.32%
2017-05-03 12:38:27,947 INFO: 	FilteredRanking: evaluating rank on 1000 triples
2017-05-03 12:41:08,701 INFO: 	FilteredRanking: evaluating rank on 1000 triples
2017-05-03 12:43:08,286 INFO: 	MEAN RANK >> valid: 121.0, train: 73.8
2017-05-03 12:43:08,287 INFO: 		MEAN RANK TRAIN: Left: 76.4 Rel: 2.9 Right: 71.1
2017-05-03 12:43:08,320 INFO: 		MEAN RANK VALID: Left: 138.0 Rel: 2.9 Right: 104.0
2017-05-03 12:43:08,320 INFO: 		MEAN RECIPROCAL RANK VALID (L & R): 0.175
2017-05-03 12:43:08,321 WARNING: 	WARNING, failed to improve MRR on valid, 0 chances left

2017-05-03 12:43:08,403 INFO: 	(ranking took 280.456 seconds)
2017-05-03 12:44:37,939 INFO: ----------------------------------------------------------------------------
2017-05-03 12:44:37,940 INFO: EPOCH 161 (89.536 seconds):
2017-05-03 12:44:37,943 INFO: 	Average L2 norm of relation vector: 0.16912
2017-05-03 12:44:37,944 INFO: 	COST >> 0.257 +/- 0.011, % updates Left: 6.02% Rel: 0.64% Right: 5.27%
2017-05-03 12:45:58,440 INFO: ----------------------------------------------------------------------------
2017-05-03 12:45:58,442 INFO: EPOCH 162 (80.497 seconds):
2017-05-03 12:45:58,445 INFO: 	Average L2 norm of relation vector: 0.1691
2017-05-03 12:45:58,446 INFO: 	COST >> 0.256 +/- 0.009, % updates Left: 5.98% Rel: 0.64% Right: 5.27%
2017-05-03 12:47:23,152 INFO: ----------------------------------------------------------------------------
2017-05-03 12:47:23,153 INFO: EPOCH 163 (84.707 seconds):
2017-05-03 12:47:23,156 INFO: 	Average L2 norm of relation vector: 0.16907
2017-05-03 12:47:23,157 INFO: 	COST >> 0.258 +/- 0.009, % updates Left: 5.96% Rel: 0.65% Right: 5.31%
2017-05-03 12:48:44,974 INFO: ----------------------------------------------------------------------------
2017-05-03 12:48:44,975 INFO: EPOCH 164 (81.818 seconds):
2017-05-03 12:48:44,978 INFO: 	Average L2 norm of relation vector: 0.16907
2017-05-03 12:48:44,979 INFO: 	COST >> 0.258 +/- 0.009, % updates Left: 6.04% Rel: 0.65% Right: 5.29%
2017-05-03 12:49:51,147 INFO: ----------------------------------------------------------------------------
2017-05-03 12:49:51,148 INFO: EPOCH 165 (66.168 seconds):
2017-05-03 12:49:51,150 INFO: 	Average L2 norm of relation vector: 0.16904
2017-05-03 12:49:51,151 INFO: 	COST >> 0.257 +/- 0.01, % updates Left: 6.0% Rel: 0.64% Right: 5.25%
2017-05-03 12:50:58,184 INFO: ----------------------------------------------------------------------------
2017-05-03 12:50:58,184 INFO: EPOCH 166 (67.033 seconds):
2017-05-03 12:50:58,188 INFO: 	Average L2 norm of relation vector: 0.16901
2017-05-03 12:50:58,189 INFO: 	COST >> 0.257 +/- 0.01, % updates Left: 5.96% Rel: 0.65% Right: 5.26%
2017-05-03 12:52:32,506 INFO: ----------------------------------------------------------------------------
2017-05-03 12:52:32,508 INFO: EPOCH 167 (94.319 seconds):
2017-05-03 12:52:32,515 INFO: 	Average L2 norm of relation vector: 0.16897
2017-05-03 12:52:32,519 INFO: 	COST >> 0.258 +/- 0.01, % updates Left: 5.96% Rel: 0.63% Right: 5.31%
2017-05-03 12:54:07,816 INFO: ----------------------------------------------------------------------------
2017-05-03 12:54:07,817 INFO: EPOCH 168 (95.297 seconds):
2017-05-03 12:54:07,819 INFO: 	Average L2 norm of relation vector: 0.16894
2017-05-03 12:54:07,820 INFO: 	COST >> 0.254 +/- 0.011, % updates Left: 5.95% Rel: 0.61% Right: 5.2%
2017-05-03 12:55:33,069 INFO: ----------------------------------------------------------------------------
2017-05-03 12:55:33,070 INFO: EPOCH 169 (85.25 seconds):
2017-05-03 12:55:33,073 INFO: 	Average L2 norm of relation vector: 0.16892
2017-05-03 12:55:33,074 INFO: 	COST >> 0.257 +/- 0.011, % updates Left: 5.95% Rel: 0.65% Right: 5.28%
2017-05-03 12:56:50,220 INFO: ----------------------------------------------------------------------------
2017-05-03 12:56:50,220 INFO: EPOCH 170 (77.145 seconds):
2017-05-03 12:56:50,223 INFO: 	Average L2 norm of relation vector: 0.1689
2017-05-03 12:56:50,224 INFO: 	COST >> 0.256 +/- 0.008, % updates Left: 5.97% Rel: 0.65% Right: 5.28%
2017-05-03 12:56:50,224 INFO: 	FilteredRanking: evaluating rank on 1000 triples
2017-05-03 12:58:54,074 INFO: 	FilteredRanking: evaluating rank on 1000 triples
2017-05-03 13:01:11,455 INFO: 	MEAN RANK >> valid: 116.1, train: 68.8
2017-05-03 13:01:11,456 INFO: 		MEAN RANK TRAIN: Left: 67.7 Rel: 2.7 Right: 69.9
2017-05-03 13:01:11,457 INFO: 		MEAN RANK VALID: Left: 132.8 Rel: 2.9 Right: 99.5
2017-05-03 13:01:11,458 INFO: 		MEAN RECIPROCAL RANK VALID (L & R): 0.1755
2017-05-03 13:01:11,458 WARNING: EARLY STOPPING, failed to improve MRR on valid after 30 epochs
2017-05-03 13:01:11,458 INFO: ----------------------------------------------------------------------------
2017-05-03 13:01:11,458 INFO: ----------------------------------------------------------------------------
2017-05-03 13:01:12,196 INFO: 	Ranking model on all examples from test. Each example ranked against 14951 other entities
2017-05-03 13:01:12,197 INFO: 	RELATION ranking: each rel ranked against 1345 other rels
2017-05-03 13:01:12,830 INFO: 	Ranking: evaluating rank on 59071 triples
2017-05-03 14:28:20,837 INFO: left_ranks: (59071,), right_ranks: (59071,), rel_ranks: (59071,)
2017-05-03 14:28:20,899 INFO: max left_ranks: 14939, max right_ranks: 14948, max rel_ranks: 1120
2017-05-03 14:28:22,283 INFO: MICRO RAW:
2017-05-03 14:28:22,284 INFO: 	Left mean rank: 266.472, MRR: 0.149, median rank: 43.0, hits@10: 28.473%
2017-05-03 14:28:22,284 INFO: 	Right mean rank: 197.015, MRR: 0.205, median rank: 25.0, hits@10: 36.199%
2017-05-03 14:28:22,285 INFO: 	relation mean rank: 3.629, MRR: 0.707, median rank: 1.0, hits@10: 94.154%
2017-05-03 14:28:22,285 INFO: 	Global mean rank: 231.744, MRR: 0.177, median rank: 33.0, hits@10: 32.336%
2017-05-03 14:28:22,285 INFO: MACRO RAW
2017-05-03 14:28:22,285 INFO: 	Left mean rank: 169.23, MRR: 0.262, median rank: 15.5, hits@10: 47.739%
2017-05-03 14:28:22,285 INFO: 	Right mean rank: 182.216, MRR: 0.325, median rank: 10.0, hits@10: 54.116%
2017-05-03 14:28:22,285 INFO: 	relation mean rank: 39.541, MRR: 0.221, median rank: 38.67, hits@10: 46.442%
2017-05-03 14:28:22,286 INFO: 	Global mean rank: 175.723, MRR: 0.294, median rank: 13.0, hits@10: 50.927%
2017-05-03 14:28:22,333 INFO: Ranking model on all examples from test. Each example ranked against 14951 other entities which are FILTERED
2017-05-03 14:28:22,335 INFO: RELATION ranking: each rel ranked against 1345 other rels
2017-05-03 14:28:26,152 INFO: 	FilteredRanking: evaluating rank on 59071 triples
2017-05-03 16:21:17,283 INFO: MICRO FILTERED:
2017-05-03 16:21:17,284 INFO: 	Left mean rank: 143.54602, MRR: 0.2328, median rank: 20.0, hits@10: 40.233%
2017-05-03 16:21:17,284 INFO: 	Right mean rank: 119.33204, MRR: 0.28339, median rank: 14.0, hits@10: 45.901%
2017-05-03 16:21:17,284 INFO: 	relation mean rank: 3.311, MRR: 0.781, median rank: 1.0, hits@10: 94.595%
2017-05-03 16:21:17,284 INFO: 	Global mean rank: 131.43903, MRR: 0.25809, median rank: 17.0, hits@10: 43.067%
2017-05-03 16:21:17,284 INFO: MACRO FILTERED
2017-05-03 16:21:17,285 INFO: 	Left mean rank: 142.10988, MRR: 0.34353, median rank: 8.5, hits@10: 56.33%
2017-05-03 16:21:17,285 INFO: 	Right mean rank: 169.37631, MRR: 0.3973, median rank: 6.0, hits@10: 60.009%
2017-05-03 16:21:17,285 INFO: 	relation mean rank: 38.927, MRR: 0.259, median rank: 38.041, hits@10: 48.455%
2017-05-03 16:21:17,285 INFO: 	Global mean rank: 155.74309, MRR: 0.37042, median rank: 8.0, hits@10: 58.17%
