2017-05-02 01:16:27,750 INFO: logger initialized for experiment identifier: TransE_Text_L1_ndim_100_marg_1.0_textmarg_5.0_textsim_L1_lrate_0.01_cost_margincost_role_TextAsRegularizer_gamma_1.0_REL
2017-05-02 01:16:27,750 INFO: identifier: TransE_Text_L1_ndim_100_marg_1.0_textmarg_5.0_textsim_L1_lrate_0.01_cost_margincost_role_TextAsRegularizer_gamma_1.0_REL
2017-05-02 01:16:27,750 INFO: models saved to path: /Users/corbinrosset/Dropbox/Arora/QA-code/src/KBC_Text/outputs/FB15k_TransE_Text/
2017-05-02 01:16:27,750 INFO: DD{'ndim': 100, 'vocab_size': 354936, 'word_dim': 100, 'Nsyn_rel': 1345, 'lremb': 0.01, 'nvalid': 1000, 'seed': 123, 'simfn': 'L1', 'test_all': 10, 'word_file': '/Users/corbinrosset/Dropbox/GloVe/glove.6B/glove.6B.100d.txt', 'nbatches': 100, 'marg_text': 5.0, 'loademb': False, 'datapath': '/Users/corbinrosset/Dropbox/Arora/QA-code/src/KBC_Text/data/', 'Nrel': 1345, 'rel': True, 'Nent': 16296, 'logger': <logging.RootLogger object at 0x10e3c9f50>, 'Nsyn': 14951, 'reg': 0.01, 'bestvalidMRR': -1, 'loadmodel': False, 'savepath': '/Users/corbinrosset/Dropbox/Arora/QA-code/src/KBC_Text/outputs/FB15k_TransE_Text/TransE_Text_L1_ndim_100_marg_1.0_textmarg_5.0_textsim_L1_lrate_0.01_cost_margincost_role_TextAsRegularizer_gamma_1.0_REL', 'marge': 1.0, 'margincostfunction': 'margincost', 'dataset': 'FB15k', 'vocab': '/Users/corbinrosset/Dropbox/Arora/QA-code/src/process_clueweb/dictionary.txt', 'identifier': 'TransE_Text_L1_ndim_100_marg_1.0_textmarg_5.0_textsim_L1_lrate_0.01_cost_margincost_role_TextAsRegularizer_gamma_1.0_REL', 'lrparam': 0.01, 'textsim': 'L1', 'numTextTrain': 1000000, 'ntrain': 1000, 'textual_role': 'TextAsRegularizer', 'experiment_type': 'FB15k_text', 'totepochs': 300, 'ntest': 1000, 'gamma': 1.0, 'op': 'TransE_text'}
2017-05-02 01:16:29,491 INFO: loaded FB15k data in: 1.704813 seconds
2017-05-02 01:16:29,493 DEBUG: (16296, 483142) (16296, 483142) (1345, 483142) (1000,)
2017-05-02 01:16:31,102 INFO: using 1000000 out of 10413174 available textual mentions
2017-05-02 01:17:08,595 INFO: loaded clueweb data in: 38.17175 seconds
2017-05-02 01:17:08,597 DEBUG: size of clueweb data: 805307264 bytes
2017-05-02 01:17:08,597 DEBUG: 	idxl: 64 bytes
2017-05-02 01:17:08,597 DEBUG: 	idxr: 64 bytes
2017-05-02 01:17:08,597 DEBUG: 	idxo: 64 bytes
2017-05-02 01:17:08,597 DEBUG: 	idxvl: 16 bytes
2017-05-02 01:17:08,598 DEBUG: 	idxvr: 16 bytes
2017-05-02 01:17:08,598 DEBUG: 	idxvo: 16 bytes
2017-05-02 01:17:08,598 DEBUG: 	idxtl: 16 bytes
2017-05-02 01:17:08,598 DEBUG: 	idxtr: 16 bytes
2017-05-02 01:17:08,598 DEBUG: 	idxto: 16 bytes
2017-05-02 01:17:08,598 DEBUG: 	sent2idx: 16 bytes
2017-05-02 01:17:08,598 DEBUG: 	idx2sent: 402653464 bytes
2017-05-02 01:17:08,598 DEBUG: 	text_per_triple_cntr: 16 bytes
2017-05-02 01:17:08,599 DEBUG: 	unique_text_per_triple: 16 bytes
2017-05-02 01:17:08,599 DEBUG: 	triple_per_text: 402653464 bytes
2017-05-02 01:17:19,399 DEBUG: Training to rank RELATIONS as well!
2017-05-02 01:17:19,399 DEBUG: loaded data and constructed model...
2017-05-02 01:17:19,400 DEBUG: num epochs: 300
2017-05-02 01:17:19,400 DEBUG: num batches per epoch: 100
2017-05-02 01:17:19,400 DEBUG: KB batchsize: 4831
2017-05-02 01:17:19,400 DEBUG: Textual Triples batchsize: 10000
2017-05-02 01:17:19,400 DEBUG: left and right entity ranking functions will rank a triple against 14951 competitors
2017-05-02 01:17:19,400 INFO: BEGIN TRAINING
2017-05-02 01:23:54,998 INFO: ----------------------------------------------------------------------------
2017-05-02 01:23:54,999 INFO: EPOCH 1 (395.599 seconds):
2017-05-02 01:23:55,016 INFO: 	Average L2 norm of relation vector: 0.05523
2017-05-02 01:23:55,017 INFO: 	COST KB >> 2.219 +/- 1.164, % updates Left: 32.89% Rel: 5.94% Right: 28.66%
2017-05-02 01:23:55,017 INFO: 	COST TEXT >> 1.061 +/- 0.513, % updates Left: 0.0% Rel: 0.0% Right: 0.0% Text: 6.1%
2017-05-02 01:30:23,509 INFO: ----------------------------------------------------------------------------
2017-05-02 01:30:23,515 INFO: EPOCH 2 (388.498 seconds):
2017-05-02 01:30:23,517 INFO: 	Average L2 norm of relation vector: 0.05178
2017-05-02 01:30:23,517 INFO: 	COST KB >> 0.473 +/- 0.092, % updates Left: 16.23% Rel: 2.34% Right: 14.42%
2017-05-02 01:30:23,517 INFO: 	COST TEXT >> 0.335 +/- 0.054, % updates Left: 0.0% Rel: 0.0% Right: 0.0% Text: 5.56%
2017-05-02 01:36:53,124 INFO: ----------------------------------------------------------------------------
2017-05-02 01:36:53,125 INFO: EPOCH 3 (389.607 seconds):
2017-05-02 01:36:53,125 INFO: 	Average L2 norm of relation vector: 0.05448
2017-05-02 01:36:53,126 INFO: 	COST KB >> 0.332 +/- 0.018, % updates Left: 13.37% Rel: 1.75% Right: 12.15%
2017-05-02 01:36:53,126 INFO: 	COST TEXT >> 0.308 +/- 0.02, % updates Left: 0.0% Rel: 0.0% Right: 0.0% Text: 5.52%
2017-05-02 01:43:22,973 INFO: ----------------------------------------------------------------------------
2017-05-02 01:43:22,973 INFO: EPOCH 4 (389.847 seconds):
2017-05-02 01:43:22,974 INFO: 	Average L2 norm of relation vector: 0.05698
2017-05-02 01:43:22,974 INFO: 	COST KB >> 0.281 +/- 0.015, % updates Left: 12.07% Rel: 1.49% Right: 10.99%
2017-05-02 01:43:22,974 INFO: 	COST TEXT >> 0.3 +/- 0.018, % updates Left: 0.0% Rel: 0.0% Right: 0.0% Text: 5.39%
2017-05-02 01:49:54,218 INFO: ----------------------------------------------------------------------------
2017-05-02 01:49:54,218 INFO: EPOCH 5 (391.244 seconds):
2017-05-02 01:49:54,219 INFO: 	Average L2 norm of relation vector: 0.05907
2017-05-02 01:49:54,220 INFO: 	COST KB >> 0.252 +/- 0.016, % updates Left: 11.24% Rel: 1.27% Right: 10.24%
2017-05-02 01:49:54,220 INFO: 	COST TEXT >> 0.3 +/- 0.016, % updates Left: 0.0% Rel: 0.0% Right: 0.0% Text: 5.32%
2017-05-02 01:56:23,602 INFO: ----------------------------------------------------------------------------
2017-05-02 01:56:23,602 INFO: EPOCH 6 (389.382 seconds):
2017-05-02 01:56:23,603 INFO: 	Average L2 norm of relation vector: 0.06105
2017-05-02 01:56:23,603 INFO: 	COST KB >> 0.23 +/- 0.014, % updates Left: 10.59% Rel: 1.18% Right: 9.75%
2017-05-02 01:56:23,604 INFO: 	COST TEXT >> 0.3 +/- 0.019, % updates Left: 0.0% Rel: 0.0% Right: 0.0% Text: 5.26%
2017-05-02 02:02:54,503 INFO: ----------------------------------------------------------------------------
2017-05-02 02:02:54,503 INFO: EPOCH 7 (390.899 seconds):
2017-05-02 02:02:54,503 INFO: 	Average L2 norm of relation vector: 0.06288
2017-05-02 02:02:54,504 INFO: 	COST KB >> 0.214 +/- 0.014, % updates Left: 10.15% Rel: 1.1% Right: 9.35%
2017-05-02 02:02:54,504 INFO: 	COST TEXT >> 0.296 +/- 0.017, % updates Left: 0.0% Rel: 0.0% Right: 0.0% Text: 5.16%
2017-05-02 02:09:23,759 INFO: ----------------------------------------------------------------------------
2017-05-02 02:09:23,759 INFO: EPOCH 8 (389.255 seconds):
2017-05-02 02:09:23,760 INFO: 	Average L2 norm of relation vector: 0.06449
2017-05-02 02:09:23,760 INFO: 	COST KB >> 0.205 +/- 0.013, % updates Left: 9.77% Rel: 1.05% Right: 8.98%
2017-05-02 02:09:23,761 INFO: 	COST TEXT >> 0.298 +/- 0.02, % updates Left: 0.0% Rel: 0.0% Right: 0.0% Text: 5.16%
2017-05-02 02:15:56,595 INFO: ----------------------------------------------------------------------------
2017-05-02 02:15:56,596 INFO: EPOCH 9 (392.836 seconds):
2017-05-02 02:15:56,597 INFO: 	Average L2 norm of relation vector: 0.06601
2017-05-02 02:15:56,598 INFO: 	COST KB >> 0.194 +/- 0.013, % updates Left: 9.51% Rel: 0.98% Right: 8.7%
2017-05-02 02:15:56,598 INFO: 	COST TEXT >> 0.295 +/- 0.017, % updates Left: 0.0% Rel: 0.0% Right: 0.0% Text: 5.1%
2017-05-02 02:22:25,866 INFO: ----------------------------------------------------------------------------
2017-05-02 02:22:25,869 INFO: EPOCH 10 (389.27 seconds):
2017-05-02 02:22:25,869 INFO: 	Average L2 norm of relation vector: 0.06736
2017-05-02 02:22:25,870 INFO: 	COST KB >> 0.189 +/- 0.012, % updates Left: 9.34% Rel: 0.95% Right: 8.53%
2017-05-02 02:22:25,870 INFO: 	COST TEXT >> 0.294 +/- 0.016, % updates Left: 0.0% Rel: 0.0% Right: 0.0% Text: 5.04%
2017-05-02 02:22:25,870 INFO: 	FilteredRanking: evaluating rank on 1000 triples
2017-05-02 02:23:20,868 INFO: 	FilteredRanking: evaluating rank on 1000 triples
2017-05-02 02:24:16,369 INFO: 	MEAN RANK >> valid: 813.3, train: 430.3
2017-05-02 02:24:16,369 INFO: 		MEAN RANK TRAIN: Left: 431.9 Rel: 8.0 Right: 428.7
2017-05-02 02:24:16,370 INFO: 		MEAN RANK VALID: Left: 878.5 Rel: 10.3 Right: 748.2
2017-05-02 02:24:16,370 INFO: 		MEAN RECIPROCAL RANK VALID (L & R): 0.089
2017-05-02 02:24:16,370 INFO: 	FilteredRanking: evaluating rank on 1000 triples
2017-05-02 02:25:13,831 INFO: 	NEW BEST TEST MR: 827.6
2017-05-02 02:25:13,834 INFO: 		Left MR: 894.9 Rel MR: 12.9 Right MR: 760.4
2017-05-02 02:25:14,858 INFO: 	(ranking took 168.988 seconds)
2017-05-02 02:31:49,048 INFO: ----------------------------------------------------------------------------
2017-05-02 02:31:49,059 INFO: EPOCH 11 (394.201 seconds):
2017-05-02 02:31:49,060 INFO: 	Average L2 norm of relation vector: 0.0686
2017-05-02 02:31:49,061 INFO: 	COST KB >> 0.18 +/- 0.013, % updates Left: 9.09% Rel: 0.92% Right: 8.32%
2017-05-02 02:31:49,061 INFO: 	COST TEXT >> 0.294 +/- 0.017, % updates Left: 0.0% Rel: 0.0% Right: 0.0% Text: 5.03%
2017-05-02 02:38:19,083 INFO: ----------------------------------------------------------------------------
2017-05-02 02:38:19,084 INFO: EPOCH 12 (390.022 seconds):
2017-05-02 02:38:19,084 INFO: 	Average L2 norm of relation vector: 0.06976
2017-05-02 02:38:19,085 INFO: 	COST KB >> 0.176 +/- 0.013, % updates Left: 8.89% Rel: 0.88% Right: 8.13%
2017-05-02 02:38:19,085 INFO: 	COST TEXT >> 0.297 +/- 0.018, % updates Left: 0.0% Rel: 0.0% Right: 0.0% Text: 5.04%
2017-05-02 02:44:50,581 INFO: ----------------------------------------------------------------------------
2017-05-02 02:44:50,581 INFO: EPOCH 13 (391.496 seconds):
2017-05-02 02:44:50,582 INFO: 	Average L2 norm of relation vector: 0.07097
2017-05-02 02:44:50,582 INFO: 	COST KB >> 0.173 +/- 0.013, % updates Left: 8.79% Rel: 0.87% Right: 8.09%
2017-05-02 02:44:50,583 INFO: 	COST TEXT >> 0.292 +/- 0.017, % updates Left: 0.0% Rel: 0.0% Right: 0.0% Text: 4.97%
2017-05-02 02:51:20,201 INFO: ----------------------------------------------------------------------------
2017-05-02 02:51:20,201 INFO: EPOCH 14 (389.618 seconds):
2017-05-02 02:51:20,202 INFO: 	Average L2 norm of relation vector: 0.07205
2017-05-02 02:51:20,203 INFO: 	COST KB >> 0.169 +/- 0.013, % updates Left: 8.75% Rel: 0.84% Right: 8.01%
2017-05-02 02:51:20,203 INFO: 	COST TEXT >> 0.292 +/- 0.021, % updates Left: 0.0% Rel: 0.0% Right: 0.0% Text: 4.98%
2017-05-02 02:57:51,890 INFO: ----------------------------------------------------------------------------
2017-05-02 02:57:51,890 INFO: EPOCH 15 (391.687 seconds):
2017-05-02 02:57:51,891 INFO: 	Average L2 norm of relation vector: 0.07295
2017-05-02 02:57:51,891 INFO: 	COST KB >> 0.164 +/- 0.012, % updates Left: 8.56% Rel: 0.8% Right: 7.78%
2017-05-02 02:57:51,891 INFO: 	COST TEXT >> 0.29 +/- 0.018, % updates Left: 0.0% Rel: 0.0% Right: 0.0% Text: 4.93%
2017-05-02 03:04:21,154 INFO: ----------------------------------------------------------------------------
2017-05-02 03:04:21,154 INFO: EPOCH 16 (389.262 seconds):
2017-05-02 03:04:21,155 INFO: 	Average L2 norm of relation vector: 0.07384
2017-05-02 03:04:21,155 INFO: 	COST KB >> 0.161 +/- 0.011, % updates Left: 8.5% Rel: 0.79% Right: 7.67%
2017-05-02 03:04:21,155 INFO: 	COST TEXT >> 0.294 +/- 0.021, % updates Left: 0.0% Rel: 0.0% Right: 0.0% Text: 4.97%
2017-05-02 03:10:52,478 INFO: ----------------------------------------------------------------------------
2017-05-02 03:10:52,478 INFO: EPOCH 17 (391.323 seconds):
2017-05-02 03:10:52,479 INFO: 	Average L2 norm of relation vector: 0.07474
2017-05-02 03:10:52,480 INFO: 	COST KB >> 0.158 +/- 0.013, % updates Left: 8.37% Rel: 0.76% Right: 7.69%
2017-05-02 03:10:52,480 INFO: 	COST TEXT >> 0.292 +/- 0.016, % updates Left: 0.0% Rel: 0.0% Right: 0.0% Text: 4.94%
2017-05-02 03:17:22,435 INFO: ----------------------------------------------------------------------------
2017-05-02 03:17:22,435 INFO: EPOCH 18 (389.955 seconds):
2017-05-02 03:17:22,436 INFO: 	Average L2 norm of relation vector: 0.07551
2017-05-02 03:17:22,436 INFO: 	COST KB >> 0.158 +/- 0.012, % updates Left: 8.36% Rel: 0.78% Right: 7.64%
2017-05-02 03:17:22,437 INFO: 	COST TEXT >> 0.294 +/- 0.02, % updates Left: 0.0% Rel: 0.0% Right: 0.0% Text: 4.91%
2017-05-02 03:23:52,143 INFO: ----------------------------------------------------------------------------
2017-05-02 03:23:52,143 INFO: EPOCH 19 (389.706 seconds):
2017-05-02 03:23:52,144 INFO: 	Average L2 norm of relation vector: 0.07623
2017-05-02 03:23:52,144 INFO: 	COST KB >> 0.155 +/- 0.011, % updates Left: 8.23% Rel: 0.76% Right: 7.51%
2017-05-02 03:23:52,145 INFO: 	COST TEXT >> 0.291 +/- 0.017, % updates Left: 0.0% Rel: 0.0% Right: 0.0% Text: 4.87%
2017-05-02 03:30:20,819 INFO: ----------------------------------------------------------------------------
2017-05-02 03:30:20,823 INFO: EPOCH 20 (388.678 seconds):
2017-05-02 03:30:20,824 INFO: 	Average L2 norm of relation vector: 0.07689
2017-05-02 03:30:20,825 INFO: 	COST KB >> 0.152 +/- 0.01, % updates Left: 8.15% Rel: 0.73% Right: 7.42%
2017-05-02 03:30:20,825 INFO: 	COST TEXT >> 0.294 +/- 0.018, % updates Left: 0.0% Rel: 0.0% Right: 0.0% Text: 4.92%
2017-05-02 03:30:20,826 INFO: 	FilteredRanking: evaluating rank on 1000 triples
2017-05-02 03:31:15,705 INFO: 	FilteredRanking: evaluating rank on 1000 triples
2017-05-02 03:32:12,650 INFO: 	MEAN RANK >> valid: 721.7, train: 366.0
2017-05-02 03:32:12,653 INFO: 		MEAN RANK TRAIN: Left: 365.6 Rel: 5.5 Right: 366.3
2017-05-02 03:32:12,653 INFO: 		MEAN RANK VALID: Left: 751.9 Rel: 9.7 Right: 691.5
2017-05-02 03:32:12,653 INFO: 		MEAN RECIPROCAL RANK VALID (L & R): 0.1105
2017-05-02 03:32:12,653 INFO: 	FilteredRanking: evaluating rank on 1000 triples
2017-05-02 03:33:09,000 INFO: 	NEW BEST TEST MR: 744.7
2017-05-02 03:33:09,001 INFO: 		Left MR: 762.2 Rel MR: 9.0 Right MR: 727.2
2017-05-02 03:33:09,956 INFO: 	(ranking took 169.13 seconds)
2017-05-02 03:39:41,201 INFO: ----------------------------------------------------------------------------
2017-05-02 03:39:41,201 INFO: EPOCH 21 (391.245 seconds):
2017-05-02 03:39:41,202 INFO: 	Average L2 norm of relation vector: 0.07777
2017-05-02 03:39:41,202 INFO: 	COST KB >> 0.151 +/- 0.011, % updates Left: 8.07% Rel: 0.74% Right: 7.35%
2017-05-02 03:39:41,203 INFO: 	COST TEXT >> 0.289 +/- 0.018, % updates Left: 0.0% Rel: 0.0% Right: 0.0% Text: 4.87%
2017-05-02 03:46:10,777 INFO: ----------------------------------------------------------------------------
2017-05-02 03:46:10,778 INFO: EPOCH 22 (389.575 seconds):
2017-05-02 03:46:10,778 INFO: 	Average L2 norm of relation vector: 0.07846
2017-05-02 03:46:10,779 INFO: 	COST KB >> 0.149 +/- 0.01, % updates Left: 8.05% Rel: 0.71% Right: 7.28%
2017-05-02 03:46:10,779 INFO: 	COST TEXT >> 0.29 +/- 0.02, % updates Left: 0.0% Rel: 0.0% Right: 0.0% Text: 4.88%
2017-05-02 03:52:42,046 INFO: ----------------------------------------------------------------------------
2017-05-02 03:52:42,047 INFO: EPOCH 23 (391.267 seconds):
2017-05-02 03:52:42,047 INFO: 	Average L2 norm of relation vector: 0.07913
2017-05-02 03:52:42,048 INFO: 	COST KB >> 0.15 +/- 0.012, % updates Left: 8.02% Rel: 0.74% Right: 7.36%
2017-05-02 03:52:42,048 INFO: 	COST TEXT >> 0.29 +/- 0.017, % updates Left: 0.0% Rel: 0.0% Right: 0.0% Text: 4.87%
2017-05-02 03:59:11,322 INFO: ----------------------------------------------------------------------------
2017-05-02 03:59:11,322 INFO: EPOCH 24 (389.274 seconds):
2017-05-02 03:59:11,323 INFO: 	Average L2 norm of relation vector: 0.07978
2017-05-02 03:59:11,324 INFO: 	COST KB >> 0.147 +/- 0.01, % updates Left: 7.89% Rel: 0.74% Right: 7.18%
2017-05-02 03:59:11,324 INFO: 	COST TEXT >> 0.288 +/- 0.017, % updates Left: 0.0% Rel: 0.0% Right: 0.0% Text: 4.83%
2017-05-02 04:05:41,657 INFO: ----------------------------------------------------------------------------
2017-05-02 04:05:41,657 INFO: EPOCH 25 (390.333 seconds):
2017-05-02 04:05:41,658 INFO: 	Average L2 norm of relation vector: 0.0804
2017-05-02 04:05:41,658 INFO: 	COST KB >> 0.144 +/- 0.011, % updates Left: 7.82% Rel: 0.7% Right: 7.21%
2017-05-02 04:05:41,659 INFO: 	COST TEXT >> 0.294 +/- 0.018, % updates Left: 0.0% Rel: 0.0% Right: 0.0% Text: 4.87%
2017-05-02 04:12:10,983 INFO: ----------------------------------------------------------------------------
2017-05-02 04:12:10,983 INFO: EPOCH 26 (389.324 seconds):
2017-05-02 04:12:10,984 INFO: 	Average L2 norm of relation vector: 0.08106
2017-05-02 04:12:10,984 INFO: 	COST KB >> 0.144 +/- 0.011, % updates Left: 7.82% Rel: 0.7% Right: 7.18%
2017-05-02 04:12:10,985 INFO: 	COST TEXT >> 0.289 +/- 0.017, % updates Left: 0.0% Rel: 0.0% Right: 0.0% Text: 4.83%
2017-05-02 04:18:41,998 INFO: ----------------------------------------------------------------------------
2017-05-02 04:18:41,998 INFO: EPOCH 27 (391.013 seconds):
2017-05-02 04:18:41,999 INFO: 	Average L2 norm of relation vector: 0.08169
2017-05-02 04:18:41,999 INFO: 	COST KB >> 0.143 +/- 0.013, % updates Left: 7.79% Rel: 0.7% Right: 7.15%
2017-05-02 04:18:42,000 INFO: 	COST TEXT >> 0.288 +/- 0.018, % updates Left: 0.0% Rel: 0.0% Right: 0.0% Text: 4.81%
2017-05-02 04:25:11,094 INFO: ----------------------------------------------------------------------------
2017-05-02 04:25:11,094 INFO: EPOCH 28 (389.094 seconds):
2017-05-02 04:25:11,095 INFO: 	Average L2 norm of relation vector: 0.08232
2017-05-02 04:25:11,095 INFO: 	COST KB >> 0.143 +/- 0.011, % updates Left: 7.81% Rel: 0.69% Right: 7.12%
2017-05-02 04:25:11,095 INFO: 	COST TEXT >> 0.286 +/- 0.016, % updates Left: 0.0% Rel: 0.0% Right: 0.0% Text: 4.79%
2017-05-02 04:31:41,838 INFO: ----------------------------------------------------------------------------
2017-05-02 04:31:41,845 INFO: EPOCH 29 (390.749 seconds):
2017-05-02 04:31:41,846 INFO: 	Average L2 norm of relation vector: 0.08287
2017-05-02 04:31:41,847 INFO: 	COST KB >> 0.142 +/- 0.011, % updates Left: 7.72% Rel: 0.69% Right: 7.04%
2017-05-02 04:31:41,847 INFO: 	COST TEXT >> 0.289 +/- 0.018, % updates Left: 0.0% Rel: 0.0% Right: 0.0% Text: 4.81%
2017-05-02 04:38:15,411 INFO: ----------------------------------------------------------------------------
2017-05-02 04:38:15,413 INFO: EPOCH 30 (393.566 seconds):
2017-05-02 04:38:15,414 INFO: 	Average L2 norm of relation vector: 0.08338
2017-05-02 04:38:15,414 INFO: 	COST KB >> 0.14 +/- 0.01, % updates Left: 7.69% Rel: 0.7% Right: 7.01%
2017-05-02 04:38:15,414 INFO: 	COST TEXT >> 0.287 +/- 0.018, % updates Left: 0.0% Rel: 0.0% Right: 0.0% Text: 4.82%
2017-05-02 04:38:15,415 INFO: 	FilteredRanking: evaluating rank on 1000 triples
2017-05-02 04:39:09,800 INFO: 	FilteredRanking: evaluating rank on 1000 triples
2017-05-02 04:40:06,622 INFO: 	MEAN RANK >> valid: 715.1, train: 346.7
2017-05-02 04:40:06,625 INFO: 		MEAN RANK TRAIN: Left: 367.6 Rel: 4.6 Right: 325.7
2017-05-02 04:40:06,626 INFO: 		MEAN RANK VALID: Left: 747.2 Rel: 7.4 Right: 683.0
2017-05-02 04:40:06,626 INFO: 		MEAN RECIPROCAL RANK VALID (L & R): 0.104
2017-05-02 04:40:06,626 WARNING: 	WARNING, failed to improve MRR on valid, 2 chances left

2017-05-02 04:40:07,667 INFO: 	(ranking took 112.252 seconds)
2017-05-02 04:46:40,249 INFO: ----------------------------------------------------------------------------
2017-05-02 04:46:40,249 INFO: EPOCH 31 (392.582 seconds):
2017-05-02 04:46:40,250 INFO: 	Average L2 norm of relation vector: 0.08393
2017-05-02 04:46:40,250 INFO: 	COST KB >> 0.138 +/- 0.009, % updates Left: 7.68% Rel: 0.68% Right: 6.97%
2017-05-02 04:46:40,250 INFO: 	COST TEXT >> 0.288 +/- 0.018, % updates Left: 0.0% Rel: 0.0% Right: 0.0% Text: 4.8%
2017-05-02 04:53:10,331 INFO: ----------------------------------------------------------------------------
2017-05-02 04:53:10,331 INFO: EPOCH 32 (390.08 seconds):
2017-05-02 04:53:10,332 INFO: 	Average L2 norm of relation vector: 0.08445
2017-05-02 04:53:10,332 INFO: 	COST KB >> 0.14 +/- 0.012, % updates Left: 7.63% Rel: 0.68% Right: 7.02%
2017-05-02 04:53:10,332 INFO: 	COST TEXT >> 0.288 +/- 0.02, % updates Left: 0.0% Rel: 0.0% Right: 0.0% Text: 4.8%
2017-05-02 04:59:40,867 INFO: ----------------------------------------------------------------------------
2017-05-02 04:59:40,867 INFO: EPOCH 33 (390.534 seconds):
2017-05-02 04:59:40,867 INFO: 	Average L2 norm of relation vector: 0.08509
2017-05-02 04:59:40,868 INFO: 	COST KB >> 0.139 +/- 0.01, % updates Left: 7.63% Rel: 0.71% Right: 6.96%
2017-05-02 04:59:40,868 INFO: 	COST TEXT >> 0.286 +/- 0.017, % updates Left: 0.0% Rel: 0.0% Right: 0.0% Text: 4.8%
2017-05-02 05:06:20,435 INFO: ----------------------------------------------------------------------------
2017-05-02 05:06:20,435 INFO: EPOCH 34 (399.566 seconds):
2017-05-02 05:06:20,435 INFO: 	Average L2 norm of relation vector: 0.08556
2017-05-02 05:06:20,436 INFO: 	COST KB >> 0.137 +/- 0.009, % updates Left: 7.59% Rel: 0.66% Right: 6.9%
2017-05-02 05:06:20,437 INFO: 	COST TEXT >> 0.287 +/- 0.018, % updates Left: 0.0% Rel: 0.0% Right: 0.0% Text: 4.8%
2017-05-02 05:12:54,872 INFO: ----------------------------------------------------------------------------
2017-05-02 05:12:54,873 INFO: EPOCH 35 (394.435 seconds):
2017-05-02 05:12:54,873 INFO: 	Average L2 norm of relation vector: 0.08609
2017-05-02 05:12:54,874 INFO: 	COST KB >> 0.138 +/- 0.009, % updates Left: 7.53% Rel: 0.67% Right: 6.96%
2017-05-02 05:12:54,874 INFO: 	COST TEXT >> 0.286 +/- 0.019, % updates Left: 0.0% Rel: 0.0% Right: 0.0% Text: 4.77%
2017-05-02 05:19:24,442 INFO: ----------------------------------------------------------------------------
2017-05-02 05:19:24,442 INFO: EPOCH 36 (389.568 seconds):
2017-05-02 05:19:24,443 INFO: 	Average L2 norm of relation vector: 0.08653
2017-05-02 05:19:24,444 INFO: 	COST KB >> 0.136 +/- 0.009, % updates Left: 7.45% Rel: 0.68% Right: 6.85%
2017-05-02 05:19:24,444 INFO: 	COST TEXT >> 0.285 +/- 0.019, % updates Left: 0.0% Rel: 0.0% Right: 0.0% Text: 4.76%
2017-05-02 05:25:55,277 INFO: ----------------------------------------------------------------------------
2017-05-02 05:25:55,278 INFO: EPOCH 37 (390.833 seconds):
2017-05-02 05:25:55,278 INFO: 	Average L2 norm of relation vector: 0.08698
2017-05-02 05:25:55,279 INFO: 	COST KB >> 0.135 +/- 0.009, % updates Left: 7.46% Rel: 0.65% Right: 6.85%
2017-05-02 05:25:55,279 INFO: 	COST TEXT >> 0.288 +/- 0.015, % updates Left: 0.0% Rel: 0.0% Right: 0.0% Text: 4.79%
2017-05-02 05:32:25,398 INFO: ----------------------------------------------------------------------------
2017-05-02 05:32:25,405 INFO: EPOCH 38 (390.125 seconds):
2017-05-02 05:32:25,406 INFO: 	Average L2 norm of relation vector: 0.08749
2017-05-02 05:32:25,406 INFO: 	COST KB >> 0.134 +/- 0.01, % updates Left: 7.46% Rel: 0.66% Right: 6.84%
2017-05-02 05:32:25,406 INFO: 	COST TEXT >> 0.282 +/- 0.019, % updates Left: 0.0% Rel: 0.0% Right: 0.0% Text: 4.73%
2017-05-02 05:38:56,547 INFO: ----------------------------------------------------------------------------
2017-05-02 05:38:56,547 INFO: EPOCH 39 (391.141 seconds):
2017-05-02 05:38:56,548 INFO: 	Average L2 norm of relation vector: 0.08787
2017-05-02 05:38:56,548 INFO: 	COST KB >> 0.134 +/- 0.009, % updates Left: 7.41% Rel: 0.68% Right: 6.78%
2017-05-02 05:38:56,549 INFO: 	COST TEXT >> 0.287 +/- 0.018, % updates Left: 0.0% Rel: 0.0% Right: 0.0% Text: 4.76%
2017-05-02 05:45:28,295 INFO: ----------------------------------------------------------------------------
2017-05-02 05:45:28,297 INFO: EPOCH 40 (391.749 seconds):
2017-05-02 05:45:28,298 INFO: 	Average L2 norm of relation vector: 0.08834
2017-05-02 05:45:28,298 INFO: 	COST KB >> 0.133 +/- 0.01, % updates Left: 7.39% Rel: 0.65% Right: 6.76%
2017-05-02 05:45:28,299 INFO: 	COST TEXT >> 0.284 +/- 0.015, % updates Left: 0.0% Rel: 0.0% Right: 0.0% Text: 4.75%
2017-05-02 05:45:28,299 INFO: 	FilteredRanking: evaluating rank on 1000 triples
2017-05-02 05:46:22,578 INFO: 	FilteredRanking: evaluating rank on 1000 triples
2017-05-02 05:47:17,969 INFO: 	MEAN RANK >> valid: 712.0, train: 292.8
2017-05-02 05:47:17,970 INFO: 		MEAN RANK TRAIN: Left: 326.0 Rel: 4.9 Right: 259.7
2017-05-02 05:47:17,970 INFO: 		MEAN RANK VALID: Left: 763.5 Rel: 8.0 Right: 660.6
2017-05-02 05:47:17,971 INFO: 		MEAN RECIPROCAL RANK VALID (L & R): 0.11
2017-05-02 05:47:17,971 WARNING: 	WARNING, failed to improve MRR on valid, 1 chances left

2017-05-02 05:47:19,508 INFO: 	(ranking took 111.209 seconds)
2017-05-02 05:53:51,258 INFO: ----------------------------------------------------------------------------
2017-05-02 05:53:51,258 INFO: EPOCH 41 (391.75 seconds):
2017-05-02 05:53:51,259 INFO: 	Average L2 norm of relation vector: 0.08877
2017-05-02 05:53:51,259 INFO: 	COST KB >> 0.133 +/- 0.009, % updates Left: 7.39% Rel: 0.66% Right: 6.81%
2017-05-02 05:53:51,259 INFO: 	COST TEXT >> 0.287 +/- 0.021, % updates Left: 0.0% Rel: 0.0% Right: 0.0% Text: 4.77%
2017-05-02 06:00:20,800 INFO: ----------------------------------------------------------------------------
2017-05-02 06:00:20,800 INFO: EPOCH 42 (389.541 seconds):
2017-05-02 06:00:20,801 INFO: 	Average L2 norm of relation vector: 0.08914
2017-05-02 06:00:20,801 INFO: 	COST KB >> 0.131 +/- 0.009, % updates Left: 7.29% Rel: 0.63% Right: 6.76%
2017-05-02 06:00:20,802 INFO: 	COST TEXT >> 0.285 +/- 0.02, % updates Left: 0.0% Rel: 0.0% Right: 0.0% Text: 4.72%
2017-05-02 06:06:52,546 INFO: ----------------------------------------------------------------------------
2017-05-02 06:06:52,546 INFO: EPOCH 43 (391.744 seconds):
2017-05-02 06:06:52,547 INFO: 	Average L2 norm of relation vector: 0.08958
2017-05-02 06:06:52,547 INFO: 	COST KB >> 0.133 +/- 0.009, % updates Left: 7.33% Rel: 0.67% Right: 6.73%
2017-05-02 06:06:52,547 INFO: 	COST TEXT >> 0.287 +/- 0.018, % updates Left: 0.0% Rel: 0.0% Right: 0.0% Text: 4.78%
2017-05-02 06:13:22,496 INFO: ----------------------------------------------------------------------------
2017-05-02 06:13:22,497 INFO: EPOCH 44 (389.949 seconds):
2017-05-02 06:13:22,498 INFO: 	Average L2 norm of relation vector: 0.08995
2017-05-02 06:13:22,498 INFO: 	COST KB >> 0.13 +/- 0.009, % updates Left: 7.28% Rel: 0.67% Right: 6.7%
2017-05-02 06:13:22,499 INFO: 	COST TEXT >> 0.284 +/- 0.02, % updates Left: 0.0% Rel: 0.0% Right: 0.0% Text: 4.73%
2017-05-02 06:19:53,232 INFO: ----------------------------------------------------------------------------
2017-05-02 06:19:53,232 INFO: EPOCH 45 (390.734 seconds):
2017-05-02 06:19:53,234 INFO: 	Average L2 norm of relation vector: 0.09032
2017-05-02 06:19:53,234 INFO: 	COST KB >> 0.131 +/- 0.009, % updates Left: 7.3% Rel: 0.64% Right: 6.7%
2017-05-02 06:19:53,234 INFO: 	COST TEXT >> 0.282 +/- 0.018, % updates Left: 0.0% Rel: 0.0% Right: 0.0% Text: 4.72%
2017-05-02 06:26:23,285 INFO: ----------------------------------------------------------------------------
2017-05-02 06:26:23,285 INFO: EPOCH 46 (390.05 seconds):
2017-05-02 06:26:23,285 INFO: 	Average L2 norm of relation vector: 0.09072
2017-05-02 06:26:23,286 INFO: 	COST KB >> 0.13 +/- 0.008, % updates Left: 7.25% Rel: 0.64% Right: 6.67%
2017-05-02 06:26:23,286 INFO: 	COST TEXT >> 0.285 +/- 0.018, % updates Left: 0.0% Rel: 0.0% Right: 0.0% Text: 4.76%
2017-05-02 06:32:54,227 INFO: ----------------------------------------------------------------------------
2017-05-02 06:32:54,232 INFO: EPOCH 47 (390.945 seconds):
2017-05-02 06:32:54,233 INFO: 	Average L2 norm of relation vector: 0.09106
2017-05-02 06:32:54,233 INFO: 	COST KB >> 0.129 +/- 0.01, % updates Left: 7.27% Rel: 0.65% Right: 6.6%
2017-05-02 06:32:54,233 INFO: 	COST TEXT >> 0.283 +/- 0.018, % updates Left: 0.0% Rel: 0.0% Right: 0.0% Text: 4.72%
2017-05-02 06:39:24,021 INFO: ----------------------------------------------------------------------------
2017-05-02 06:39:24,021 INFO: EPOCH 48 (389.787 seconds):
2017-05-02 06:39:24,022 INFO: 	Average L2 norm of relation vector: 0.0915
2017-05-02 06:39:24,022 INFO: 	COST KB >> 0.128 +/- 0.01, % updates Left: 7.24% Rel: 0.66% Right: 6.61%
2017-05-02 06:39:24,022 INFO: 	COST TEXT >> 0.284 +/- 0.019, % updates Left: 0.0% Rel: 0.0% Right: 0.0% Text: 4.74%
2017-05-02 06:45:55,398 INFO: ----------------------------------------------------------------------------
2017-05-02 06:45:55,398 INFO: EPOCH 49 (391.375 seconds):
2017-05-02 06:45:55,399 INFO: 	Average L2 norm of relation vector: 0.09183
2017-05-02 06:45:55,399 INFO: 	COST KB >> 0.127 +/- 0.008, % updates Left: 7.19% Rel: 0.63% Right: 6.6%
2017-05-02 06:45:55,399 INFO: 	COST TEXT >> 0.283 +/- 0.02, % updates Left: 0.0% Rel: 0.0% Right: 0.0% Text: 4.73%
2017-05-02 06:52:27,268 INFO: ----------------------------------------------------------------------------
2017-05-02 06:52:27,270 INFO: EPOCH 50 (391.871 seconds):
2017-05-02 06:52:27,271 INFO: 	Average L2 norm of relation vector: 0.09219
2017-05-02 06:52:27,271 INFO: 	COST KB >> 0.128 +/- 0.009, % updates Left: 7.18% Rel: 0.64% Right: 6.62%
2017-05-02 06:52:27,272 INFO: 	COST TEXT >> 0.289 +/- 0.018, % updates Left: 0.0% Rel: 0.0% Right: 0.0% Text: 4.8%
2017-05-02 06:52:27,272 INFO: 	FilteredRanking: evaluating rank on 1000 triples
2017-05-02 06:53:21,742 INFO: 	FilteredRanking: evaluating rank on 1000 triples
2017-05-02 06:54:17,144 INFO: 	MEAN RANK >> valid: 649.9, train: 310.5
2017-05-02 06:54:17,144 INFO: 		MEAN RANK TRAIN: Left: 327.0 Rel: 3.8 Right: 294.1
2017-05-02 06:54:17,145 INFO: 		MEAN RANK VALID: Left: 729.6 Rel: 6.8 Right: 570.2
2017-05-02 06:54:17,145 INFO: 		MEAN RECIPROCAL RANK VALID (L & R): 0.12
2017-05-02 06:54:17,145 INFO: 	FilteredRanking: evaluating rank on 1000 triples
2017-05-02 06:55:13,511 INFO: 	NEW BEST TEST MR: 685.8
2017-05-02 06:55:13,512 INFO: 		Left MR: 733.5 Rel MR: 8.1 Right MR: 638.1
2017-05-02 06:55:14,493 INFO: 	(ranking took 167.221 seconds)
2017-05-02 07:01:46,463 INFO: ----------------------------------------------------------------------------
2017-05-02 07:01:46,463 INFO: EPOCH 51 (391.969 seconds):
2017-05-02 07:01:46,464 INFO: 	Average L2 norm of relation vector: 0.09256
2017-05-02 07:01:46,464 INFO: 	COST KB >> 0.126 +/- 0.009, % updates Left: 7.16% Rel: 0.62% Right: 6.52%
2017-05-02 07:01:46,465 INFO: 	COST TEXT >> 0.282 +/- 0.018, % updates Left: 0.0% Rel: 0.0% Right: 0.0% Text: 4.71%
2017-05-02 07:08:15,962 INFO: ----------------------------------------------------------------------------
2017-05-02 07:08:15,962 INFO: EPOCH 52 (389.497 seconds):
2017-05-02 07:08:15,962 INFO: 	Average L2 norm of relation vector: 0.09289
2017-05-02 07:08:15,963 INFO: 	COST KB >> 0.128 +/- 0.011, % updates Left: 7.26% Rel: 0.62% Right: 6.56%
2017-05-02 07:08:15,963 INFO: 	COST TEXT >> 0.285 +/- 0.017, % updates Left: 0.0% Rel: 0.0% Right: 0.0% Text: 4.73%
2017-05-02 07:14:46,907 INFO: ----------------------------------------------------------------------------
2017-05-02 07:14:46,907 INFO: EPOCH 53 (390.944 seconds):
2017-05-02 07:14:46,908 INFO: 	Average L2 norm of relation vector: 0.09322
2017-05-02 07:14:46,909 INFO: 	COST KB >> 0.129 +/- 0.011, % updates Left: 7.18% Rel: 0.64% Right: 6.62%
2017-05-02 07:14:46,909 INFO: 	COST TEXT >> 0.284 +/- 0.019, % updates Left: 0.0% Rel: 0.0% Right: 0.0% Text: 4.72%
2017-05-02 07:21:16,273 INFO: ----------------------------------------------------------------------------
2017-05-02 07:21:16,273 INFO: EPOCH 54 (389.363 seconds):
2017-05-02 07:21:16,273 INFO: 	Average L2 norm of relation vector: 0.09358
2017-05-02 07:21:16,274 INFO: 	COST KB >> 0.128 +/- 0.01, % updates Left: 7.19% Rel: 0.63% Right: 6.62%
2017-05-02 07:21:16,274 INFO: 	COST TEXT >> 0.281 +/- 0.021, % updates Left: 0.0% Rel: 0.0% Right: 0.0% Text: 4.68%
2017-05-02 07:27:47,588 INFO: ----------------------------------------------------------------------------
2017-05-02 07:27:47,589 INFO: EPOCH 55 (391.314 seconds):
2017-05-02 07:27:47,589 INFO: 	Average L2 norm of relation vector: 0.0939
2017-05-02 07:27:47,590 INFO: 	COST KB >> 0.127 +/- 0.01, % updates Left: 7.2% Rel: 0.66% Right: 6.59%
2017-05-02 07:27:47,590 INFO: 	COST TEXT >> 0.283 +/- 0.016, % updates Left: 0.0% Rel: 0.0% Right: 0.0% Text: 4.7%
2017-05-02 07:34:17,085 INFO: ----------------------------------------------------------------------------
2017-05-02 07:34:17,092 INFO: EPOCH 56 (389.502 seconds):
2017-05-02 07:34:17,093 INFO: 	Average L2 norm of relation vector: 0.09422
2017-05-02 07:34:17,094 INFO: 	COST KB >> 0.128 +/- 0.011, % updates Left: 7.19% Rel: 0.63% Right: 6.6%
2017-05-02 07:34:17,094 INFO: 	COST TEXT >> 0.283 +/- 0.017, % updates Left: 0.0% Rel: 0.0% Right: 0.0% Text: 4.69%
2017-05-02 07:40:47,142 INFO: ----------------------------------------------------------------------------
2017-05-02 07:40:47,143 INFO: EPOCH 57 (390.048 seconds):
2017-05-02 07:40:47,143 INFO: 	Average L2 norm of relation vector: 0.09461
2017-05-02 07:40:47,144 INFO: 	COST KB >> 0.126 +/- 0.01, % updates Left: 7.14% Rel: 0.63% Right: 6.54%
2017-05-02 07:40:47,144 INFO: 	COST TEXT >> 0.282 +/- 0.018, % updates Left: 0.0% Rel: 0.0% Right: 0.0% Text: 4.69%
2017-05-02 07:47:16,336 INFO: ----------------------------------------------------------------------------
2017-05-02 07:47:16,337 INFO: EPOCH 58 (389.193 seconds):
2017-05-02 07:47:16,337 INFO: 	Average L2 norm of relation vector: 0.09498
2017-05-02 07:47:16,338 INFO: 	COST KB >> 0.124 +/- 0.01, % updates Left: 7.1% Rel: 0.61% Right: 6.49%
2017-05-02 07:47:16,339 INFO: 	COST TEXT >> 0.281 +/- 0.018, % updates Left: 0.0% Rel: 0.0% Right: 0.0% Text: 4.69%
2017-05-02 07:53:47,842 INFO: ----------------------------------------------------------------------------
2017-05-02 07:53:47,842 INFO: EPOCH 59 (391.503 seconds):
2017-05-02 07:53:47,843 INFO: 	Average L2 norm of relation vector: 0.09521
2017-05-02 07:53:47,843 INFO: 	COST KB >> 0.126 +/- 0.009, % updates Left: 7.13% Rel: 0.62% Right: 6.51%
2017-05-02 07:53:47,843 INFO: 	COST TEXT >> 0.282 +/- 0.018, % updates Left: 0.0% Rel: 0.0% Right: 0.0% Text: 4.68%
2017-05-02 08:00:22,083 INFO: ----------------------------------------------------------------------------
2017-05-02 08:00:22,086 INFO: EPOCH 60 (394.242 seconds):
2017-05-02 08:00:22,086 INFO: 	Average L2 norm of relation vector: 0.09551
2017-05-02 08:00:22,087 INFO: 	COST KB >> 0.124 +/- 0.009, % updates Left: 7.08% Rel: 0.61% Right: 6.53%
2017-05-02 08:00:22,087 INFO: 	COST TEXT >> 0.281 +/- 0.016, % updates Left: 0.0% Rel: 0.0% Right: 0.0% Text: 4.67%
2017-05-02 08:00:22,087 INFO: 	FilteredRanking: evaluating rank on 1000 triples
2017-05-02 08:01:16,537 INFO: 	FilteredRanking: evaluating rank on 1000 triples
2017-05-02 08:02:12,000 INFO: 	MEAN RANK >> valid: 649.1, train: 316.5
2017-05-02 08:02:12,000 INFO: 		MEAN RANK TRAIN: Left: 324.3 Rel: 4.6 Right: 308.7
2017-05-02 08:02:12,001 INFO: 		MEAN RANK VALID: Left: 731.8 Rel: 8.0 Right: 566.3
2017-05-02 08:02:12,001 INFO: 		MEAN RECIPROCAL RANK VALID (L & R): 0.123
2017-05-02 08:02:12,001 INFO: 	FilteredRanking: evaluating rank on 1000 triples
2017-05-02 08:03:09,044 INFO: 	NEW BEST TEST MR: 629.6
2017-05-02 08:03:09,045 INFO: 		Left MR: 641.9 Rel MR: 8.1 Right MR: 617.3
2017-05-02 08:03:10,052 INFO: 	(ranking took 167.965 seconds)
2017-05-02 08:09:42,285 INFO: ----------------------------------------------------------------------------
2017-05-02 08:09:42,285 INFO: EPOCH 61 (392.233 seconds):
2017-05-02 08:09:42,286 INFO: 	Average L2 norm of relation vector: 0.09587
2017-05-02 08:09:42,286 INFO: 	COST KB >> 0.124 +/- 0.008, % updates Left: 7.07% Rel: 0.62% Right: 6.49%
2017-05-02 08:09:42,287 INFO: 	COST TEXT >> 0.28 +/- 0.015, % updates Left: 0.0% Rel: 0.0% Right: 0.0% Text: 4.68%
2017-05-02 08:16:11,987 INFO: ----------------------------------------------------------------------------
2017-05-02 08:16:11,987 INFO: EPOCH 62 (389.7 seconds):
2017-05-02 08:16:11,988 INFO: 	Average L2 norm of relation vector: 0.09617
2017-05-02 08:16:11,989 INFO: 	COST KB >> 0.124 +/- 0.009, % updates Left: 7.06% Rel: 0.62% Right: 6.49%
2017-05-02 08:16:11,989 INFO: 	COST TEXT >> 0.283 +/- 0.018, % updates Left: 0.0% Rel: 0.0% Right: 0.0% Text: 4.71%
2017-05-02 08:22:42,617 INFO: ----------------------------------------------------------------------------
2017-05-02 08:22:42,617 INFO: EPOCH 63 (390.628 seconds):
2017-05-02 08:22:42,618 INFO: 	Average L2 norm of relation vector: 0.09648
2017-05-02 08:22:42,618 INFO: 	COST KB >> 0.124 +/- 0.009, % updates Left: 7.08% Rel: 0.62% Right: 6.47%
2017-05-02 08:22:42,619 INFO: 	COST TEXT >> 0.284 +/- 0.02, % updates Left: 0.0% Rel: 0.0% Right: 0.0% Text: 4.72%
2017-05-02 08:29:12,174 INFO: ----------------------------------------------------------------------------
2017-05-02 08:29:12,174 INFO: EPOCH 64 (389.555 seconds):
2017-05-02 08:29:12,174 INFO: 	Average L2 norm of relation vector: 0.09682
2017-05-02 08:29:12,175 INFO: 	COST KB >> 0.123 +/- 0.008, % updates Left: 7.04% Rel: 0.61% Right: 6.41%
2017-05-02 08:29:12,175 INFO: 	COST TEXT >> 0.283 +/- 0.019, % updates Left: 0.0% Rel: 0.0% Right: 0.0% Text: 4.71%
2017-05-02 08:35:43,939 INFO: ----------------------------------------------------------------------------
2017-05-02 08:35:43,946 INFO: EPOCH 65 (391.771 seconds):
2017-05-02 08:35:43,947 INFO: 	Average L2 norm of relation vector: 0.09714
2017-05-02 08:35:43,947 INFO: 	COST KB >> 0.125 +/- 0.011, % updates Left: 7.11% Rel: 0.63% Right: 6.48%
2017-05-02 08:35:43,948 INFO: 	COST TEXT >> 0.282 +/- 0.018, % updates Left: 0.0% Rel: 0.0% Right: 0.0% Text: 4.68%
2017-05-02 08:42:13,764 INFO: ----------------------------------------------------------------------------
2017-05-02 08:42:13,764 INFO: EPOCH 66 (389.816 seconds):
2017-05-02 08:42:13,765 INFO: 	Average L2 norm of relation vector: 0.09746
2017-05-02 08:42:13,765 INFO: 	COST KB >> 0.123 +/- 0.013, % updates Left: 7.03% Rel: 0.6% Right: 6.45%
2017-05-02 08:42:13,766 INFO: 	COST TEXT >> 0.279 +/- 0.016, % updates Left: 0.0% Rel: 0.0% Right: 0.0% Text: 4.62%
2017-05-02 08:48:45,650 INFO: ----------------------------------------------------------------------------
2017-05-02 08:48:45,651 INFO: EPOCH 67 (391.885 seconds):
2017-05-02 08:48:45,651 INFO: 	Average L2 norm of relation vector: 0.09775
2017-05-02 08:48:45,652 INFO: 	COST KB >> 0.123 +/- 0.009, % updates Left: 7.04% Rel: 0.63% Right: 6.45%
2017-05-02 08:48:45,652 INFO: 	COST TEXT >> 0.283 +/- 0.018, % updates Left: 0.0% Rel: 0.0% Right: 0.0% Text: 4.69%
2017-05-02 08:55:15,631 INFO: ----------------------------------------------------------------------------
2017-05-02 08:55:15,631 INFO: EPOCH 68 (389.979 seconds):
2017-05-02 08:55:15,632 INFO: 	Average L2 norm of relation vector: 0.0981
2017-05-02 08:55:15,632 INFO: 	COST KB >> 0.124 +/- 0.009, % updates Left: 7.02% Rel: 0.61% Right: 6.5%
2017-05-02 08:55:15,633 INFO: 	COST TEXT >> 0.278 +/- 0.017, % updates Left: 0.0% Rel: 0.0% Right: 0.0% Text: 4.67%
2017-05-02 09:01:47,199 INFO: ----------------------------------------------------------------------------
2017-05-02 09:01:47,200 INFO: EPOCH 69 (391.568 seconds):
2017-05-02 09:01:47,201 INFO: 	Average L2 norm of relation vector: 0.09833
2017-05-02 09:01:47,201 INFO: 	COST KB >> 0.123 +/- 0.008, % updates Left: 6.98% Rel: 0.59% Right: 6.46%
2017-05-02 09:01:47,202 INFO: 	COST TEXT >> 0.28 +/- 0.019, % updates Left: 0.0% Rel: 0.0% Right: 0.0% Text: 4.64%
2017-05-02 09:08:18,806 INFO: ----------------------------------------------------------------------------
2017-05-02 09:08:18,808 INFO: EPOCH 70 (391.606 seconds):
2017-05-02 09:08:18,809 INFO: 	Average L2 norm of relation vector: 0.09862
2017-05-02 09:08:18,810 INFO: 	COST KB >> 0.125 +/- 0.012, % updates Left: 7.05% Rel: 0.61% Right: 6.44%
2017-05-02 09:08:18,810 INFO: 	COST TEXT >> 0.284 +/- 0.018, % updates Left: 0.0% Rel: 0.0% Right: 0.0% Text: 4.69%
2017-05-02 09:08:18,811 INFO: 	FilteredRanking: evaluating rank on 1000 triples
2017-05-02 09:09:13,418 INFO: 	FilteredRanking: evaluating rank on 1000 triples
2017-05-02 09:10:09,042 INFO: 	MEAN RANK >> valid: 640.6, train: 291.3
2017-05-02 09:10:09,042 INFO: 		MEAN RANK TRAIN: Left: 287.0 Rel: 4.2 Right: 295.5
2017-05-02 09:10:09,043 INFO: 		MEAN RANK VALID: Left: 703.0 Rel: 6.4 Right: 578.2
2017-05-02 09:10:09,043 INFO: 		MEAN RECIPROCAL RANK VALID (L & R): 0.126
2017-05-02 09:10:09,043 INFO: 	FilteredRanking: evaluating rank on 1000 triples
2017-05-02 09:11:05,922 INFO: 	NEW BEST TEST MR: 682.1
2017-05-02 09:11:05,923 INFO: 		Left MR: 699.0 Rel MR: 7.6 Right MR: 665.3
2017-05-02 09:11:06,898 INFO: 	(ranking took 168.088 seconds)
2017-05-02 09:17:39,005 INFO: ----------------------------------------------------------------------------
2017-05-02 09:17:39,005 INFO: EPOCH 71 (392.107 seconds):
2017-05-02 09:17:39,006 INFO: 	Average L2 norm of relation vector: 0.09886
2017-05-02 09:17:39,006 INFO: 	COST KB >> 0.123 +/- 0.01, % updates Left: 7.0% Rel: 0.6% Right: 6.42%
2017-05-02 09:17:39,007 INFO: 	COST TEXT >> 0.282 +/- 0.022, % updates Left: 0.0% Rel: 0.0% Right: 0.0% Text: 4.67%
2017-05-02 09:24:08,796 INFO: ----------------------------------------------------------------------------
2017-05-02 09:24:08,796 INFO: EPOCH 72 (389.789 seconds):
2017-05-02 09:24:08,797 INFO: 	Average L2 norm of relation vector: 0.09919
2017-05-02 09:24:08,797 INFO: 	COST KB >> 0.122 +/- 0.01, % updates Left: 6.97% Rel: 0.64% Right: 6.4%
2017-05-02 09:24:08,798 INFO: 	COST TEXT >> 0.28 +/- 0.017, % updates Left: 0.0% Rel: 0.0% Right: 0.0% Text: 4.65%
2017-05-02 09:30:39,959 INFO: ----------------------------------------------------------------------------
2017-05-02 09:30:39,966 INFO: EPOCH 73 (391.168 seconds):
2017-05-02 09:30:39,967 INFO: 	Average L2 norm of relation vector: 0.09949
2017-05-02 09:30:39,967 INFO: 	COST KB >> 0.122 +/- 0.009, % updates Left: 6.98% Rel: 0.61% Right: 6.42%
2017-05-02 09:30:39,968 INFO: 	COST TEXT >> 0.278 +/- 0.019, % updates Left: 0.0% Rel: 0.0% Right: 0.0% Text: 4.63%
2017-05-02 09:37:09,358 INFO: ----------------------------------------------------------------------------
2017-05-02 09:37:09,358 INFO: EPOCH 74 (389.39 seconds):
2017-05-02 09:37:09,359 INFO: 	Average L2 norm of relation vector: 0.09965
2017-05-02 09:37:09,359 INFO: 	COST KB >> 0.123 +/- 0.01, % updates Left: 7.02% Rel: 0.63% Right: 6.39%
2017-05-02 09:37:09,359 INFO: 	COST TEXT >> 0.282 +/- 0.017, % updates Left: 0.0% Rel: 0.0% Right: 0.0% Text: 4.67%
2017-05-02 09:43:41,470 INFO: ----------------------------------------------------------------------------
2017-05-02 09:43:41,470 INFO: EPOCH 75 (392.111 seconds):
2017-05-02 09:43:41,471 INFO: 	Average L2 norm of relation vector: 0.09999
2017-05-02 09:43:41,471 INFO: 	COST KB >> 0.123 +/- 0.01, % updates Left: 7.07% Rel: 0.61% Right: 6.39%
2017-05-02 09:43:41,472 INFO: 	COST TEXT >> 0.281 +/- 0.02, % updates Left: 0.0% Rel: 0.0% Right: 0.0% Text: 4.67%
2017-05-02 09:50:11,326 INFO: ----------------------------------------------------------------------------
2017-05-02 09:50:11,326 INFO: EPOCH 76 (389.854 seconds):
2017-05-02 09:50:11,326 INFO: 	Average L2 norm of relation vector: 0.10023
2017-05-02 09:50:11,327 INFO: 	COST KB >> 0.121 +/- 0.009, % updates Left: 7.0% Rel: 0.58% Right: 6.4%
2017-05-02 09:50:11,327 INFO: 	COST TEXT >> 0.279 +/- 0.016, % updates Left: 0.0% Rel: 0.0% Right: 0.0% Text: 4.66%
2017-05-02 09:56:42,293 INFO: ----------------------------------------------------------------------------
2017-05-02 09:56:42,293 INFO: EPOCH 77 (390.966 seconds):
2017-05-02 09:56:42,294 INFO: 	Average L2 norm of relation vector: 0.1005
2017-05-02 09:56:42,294 INFO: 	COST KB >> 0.122 +/- 0.009, % updates Left: 7.0% Rel: 0.62% Right: 6.44%
2017-05-02 09:56:42,295 INFO: 	COST TEXT >> 0.278 +/- 0.017, % updates Left: 0.0% Rel: 0.0% Right: 0.0% Text: 4.63%
2017-05-02 10:03:12,331 INFO: ----------------------------------------------------------------------------
2017-05-02 10:03:12,334 INFO: EPOCH 78 (390.039 seconds):
2017-05-02 10:03:12,334 INFO: 	Average L2 norm of relation vector: 0.10068
2017-05-02 10:03:12,335 INFO: 	COST KB >> 0.125 +/- 0.01, % updates Left: 7.06% Rel: 0.64% Right: 6.42%
2017-05-02 10:03:12,335 INFO: 	COST TEXT >> 0.281 +/- 0.017, % updates Left: 0.0% Rel: 0.0% Right: 0.0% Text: 4.65%
2017-05-02 10:09:43,988 INFO: ----------------------------------------------------------------------------
2017-05-02 10:09:43,990 INFO: EPOCH 79 (391.655 seconds):
2017-05-02 10:09:43,991 INFO: 	Average L2 norm of relation vector: 0.10104
2017-05-02 10:09:43,991 INFO: 	COST KB >> 0.123 +/- 0.009, % updates Left: 6.98% Rel: 0.62% Right: 6.4%
2017-05-02 10:09:43,992 INFO: 	COST TEXT >> 0.284 +/- 0.019, % updates Left: 0.0% Rel: 0.0% Right: 0.0% Text: 4.71%
2017-05-02 10:16:28,185 INFO: ----------------------------------------------------------------------------
2017-05-02 10:16:28,186 INFO: EPOCH 80 (404.194 seconds):
2017-05-02 10:16:28,186 INFO: 	Average L2 norm of relation vector: 0.10125
2017-05-02 10:16:28,186 INFO: 	COST KB >> 0.123 +/- 0.01, % updates Left: 6.95% Rel: 0.62% Right: 6.41%
2017-05-02 10:16:28,187 INFO: 	COST TEXT >> 0.282 +/- 0.018, % updates Left: 0.0% Rel: 0.0% Right: 0.0% Text: 4.68%
2017-05-02 10:16:28,187 INFO: 	FilteredRanking: evaluating rank on 1000 triples
2017-05-02 10:17:22,479 INFO: 	FilteredRanking: evaluating rank on 1000 triples
2017-05-02 10:18:17,518 INFO: 	MEAN RANK >> valid: 652.0, train: 302.2
2017-05-02 10:18:17,518 INFO: 		MEAN RANK TRAIN: Left: 299.3 Rel: 4.0 Right: 305.2
2017-05-02 10:18:17,519 INFO: 		MEAN RANK VALID: Left: 692.9 Rel: 7.9 Right: 611.0
2017-05-02 10:18:17,519 INFO: 		MEAN RECIPROCAL RANK VALID (L & R): 0.1195
2017-05-02 10:18:17,519 WARNING: 	WARNING, failed to improve MRR on valid, 0 chances left

2017-05-02 10:18:19,073 INFO: 	(ranking took 110.886 seconds)
2017-05-02 10:24:56,040 INFO: ----------------------------------------------------------------------------
2017-05-02 10:24:56,042 INFO: EPOCH 81 (396.97 seconds):
2017-05-02 10:24:56,043 INFO: 	Average L2 norm of relation vector: 0.10147
2017-05-02 10:24:56,043 INFO: 	COST KB >> 0.12 +/- 0.009, % updates Left: 6.91% Rel: 0.59% Right: 6.34%
2017-05-02 10:24:56,044 INFO: 	COST TEXT >> 0.278 +/- 0.015, % updates Left: 0.0% Rel: 0.0% Right: 0.0% Text: 4.64%
2017-05-02 10:31:25,462 INFO: ----------------------------------------------------------------------------
2017-05-02 10:31:25,469 INFO: EPOCH 82 (389.425 seconds):
2017-05-02 10:31:25,470 INFO: 	Average L2 norm of relation vector: 0.10174
2017-05-02 10:31:25,471 INFO: 	COST KB >> 0.122 +/- 0.009, % updates Left: 6.96% Rel: 0.61% Right: 6.37%
2017-05-02 10:31:25,471 INFO: 	COST TEXT >> 0.284 +/- 0.018, % updates Left: 0.0% Rel: 0.0% Right: 0.0% Text: 4.71%
2017-05-02 10:37:56,960 INFO: ----------------------------------------------------------------------------
2017-05-02 10:37:56,962 INFO: EPOCH 83 (391.491 seconds):
2017-05-02 10:37:56,963 INFO: 	Average L2 norm of relation vector: 0.10204
2017-05-02 10:37:56,963 INFO: 	COST KB >> 0.121 +/- 0.01, % updates Left: 6.96% Rel: 0.6% Right: 6.34%
2017-05-02 10:37:56,964 INFO: 	COST TEXT >> 0.282 +/- 0.018, % updates Left: 0.0% Rel: 0.0% Right: 0.0% Text: 4.68%
2017-05-02 10:44:26,056 INFO: ----------------------------------------------------------------------------
2017-05-02 10:44:26,056 INFO: EPOCH 84 (389.092 seconds):
2017-05-02 10:44:26,057 INFO: 	Average L2 norm of relation vector: 0.10229
2017-05-02 10:44:26,057 INFO: 	COST KB >> 0.12 +/- 0.009, % updates Left: 6.88% Rel: 0.59% Right: 6.31%
2017-05-02 10:44:26,057 INFO: 	COST TEXT >> 0.278 +/- 0.019, % updates Left: 0.0% Rel: 0.0% Right: 0.0% Text: 4.63%
2017-05-02 10:50:58,082 INFO: ----------------------------------------------------------------------------
2017-05-02 10:50:58,082 INFO: EPOCH 85 (392.025 seconds):
2017-05-02 10:50:58,083 INFO: 	Average L2 norm of relation vector: 0.10248
2017-05-02 10:50:58,084 INFO: 	COST KB >> 0.121 +/- 0.009, % updates Left: 6.95% Rel: 0.6% Right: 6.34%
2017-05-02 10:50:58,084 INFO: 	COST TEXT >> 0.28 +/- 0.017, % updates Left: 0.0% Rel: 0.0% Right: 0.0% Text: 4.65%
2017-05-02 10:57:31,155 INFO: ----------------------------------------------------------------------------
2017-05-02 10:57:31,156 INFO: EPOCH 86 (393.072 seconds):
2017-05-02 10:57:31,157 INFO: 	Average L2 norm of relation vector: 0.10273
2017-05-02 10:57:31,157 INFO: 	COST KB >> 0.12 +/- 0.008, % updates Left: 6.9% Rel: 0.58% Right: 6.36%
2017-05-02 10:57:31,158 INFO: 	COST TEXT >> 0.28 +/- 0.018, % updates Left: 0.0% Rel: 0.0% Right: 0.0% Text: 4.66%
2017-05-02 11:04:03,210 INFO: ----------------------------------------------------------------------------
2017-05-02 11:04:03,210 INFO: EPOCH 87 (392.052 seconds):
2017-05-02 11:04:03,211 INFO: 	Average L2 norm of relation vector: 0.10298
2017-05-02 11:04:03,211 INFO: 	COST KB >> 0.123 +/- 0.012, % updates Left: 6.93% Rel: 0.63% Right: 6.41%
2017-05-02 11:04:03,212 INFO: 	COST TEXT >> 0.279 +/- 0.019, % updates Left: 0.0% Rel: 0.0% Right: 0.0% Text: 4.63%
2017-05-02 11:10:34,819 INFO: ----------------------------------------------------------------------------
2017-05-02 11:10:34,819 INFO: EPOCH 88 (391.607 seconds):
2017-05-02 11:10:34,819 INFO: 	Average L2 norm of relation vector: 0.10324
2017-05-02 11:10:34,820 INFO: 	COST KB >> 0.12 +/- 0.009, % updates Left: 6.95% Rel: 0.59% Right: 6.33%
2017-05-02 11:10:34,820 INFO: 	COST TEXT >> 0.276 +/- 0.016, % updates Left: 0.0% Rel: 0.0% Right: 0.0% Text: 4.6%
2017-05-02 11:17:11,512 INFO: ----------------------------------------------------------------------------
2017-05-02 11:17:11,514 INFO: EPOCH 89 (396.694 seconds):
2017-05-02 11:17:11,515 INFO: 	Average L2 norm of relation vector: 0.10355
2017-05-02 11:17:11,515 INFO: 	COST KB >> 0.12 +/- 0.009, % updates Left: 6.91% Rel: 0.61% Right: 6.31%
2017-05-02 11:17:11,516 INFO: 	COST TEXT >> 0.28 +/- 0.016, % updates Left: 0.0% Rel: 0.0% Right: 0.0% Text: 4.66%
2017-05-02 11:38:59,618 INFO: ----------------------------------------------------------------------------
2017-05-02 11:38:59,620 INFO: EPOCH 90 (1308.104 seconds):
2017-05-02 11:38:59,620 INFO: 	Average L2 norm of relation vector: 0.10385
2017-05-02 11:38:59,621 INFO: 	COST KB >> 0.121 +/- 0.01, % updates Left: 6.93% Rel: 0.59% Right: 6.4%
2017-05-02 11:38:59,621 INFO: 	COST TEXT >> 0.278 +/- 0.018, % updates Left: 0.0% Rel: 0.0% Right: 0.0% Text: 4.64%
2017-05-02 11:38:59,621 INFO: 	FilteredRanking: evaluating rank on 1000 triples
2017-05-02 11:39:52,385 INFO: 	FilteredRanking: evaluating rank on 1000 triples
2017-05-02 11:40:46,354 INFO: 	MEAN RANK >> valid: 644.3, train: 269.3
2017-05-02 11:40:46,355 INFO: 		MEAN RANK TRAIN: Left: 308.6 Rel: 6.6 Right: 230.0
2017-05-02 11:40:46,356 INFO: 		MEAN RANK VALID: Left: 679.3 Rel: 11.4 Right: 609.3
2017-05-02 11:40:46,356 INFO: 		MEAN RECIPROCAL RANK VALID (L & R): 0.1185
2017-05-02 11:40:46,356 WARNING: EARLY STOPPING, failed to improve MRR on valid after 30 epochs
2017-05-02 11:40:46,356 INFO: ----------------------------------------------------------------------------
2017-05-02 11:40:46,356 INFO: ----------------------------------------------------------------------------
2017-05-02 11:40:48,419 INFO: 	Ranking model on all examples from test. Each example ranked against 14951 other entities
2017-05-02 11:40:48,421 INFO: 	RELATION ranking: each rel ranked against 1345 other rels
2017-05-02 11:40:48,730 INFO: 	Ranking: evaluating rank on 59071 triples
2017-05-02 12:08:01,565 INFO: left_ranks: (59071,), right_ranks: (59071,), rel_ranks: (59071,)
2017-05-02 12:08:01,595 INFO: max left_ranks: 14950, max right_ranks: 14951, max rel_ranks: 1291
2017-05-02 12:08:02,336 INFO: MICRO RAW:
2017-05-02 12:08:02,336 INFO: 	Left mean rank: 796.949, MRR: 0.102, median rank: 137.0, hits@10: 19.654%
2017-05-02 12:08:02,336 INFO: 	Right mean rank: 680.602, MRR: 0.157, median rank: 69.0, hits@10: 27.164%
2017-05-02 12:08:02,336 INFO: 	relation mean rank: 8.077, MRR: 0.519, median rank: 3.0, hits@10: 89.079%
2017-05-02 12:08:02,336 INFO: 	Global mean rank: 738.775, MRR: 0.129, median rank: 99.0, hits@10: 23.409%
2017-05-02 12:08:02,336 INFO: MACRO RAW
2017-05-02 12:08:02,336 INFO: 	Left mean rank: 1090.639, MRR: 0.174, median rank: 80.0, hits@10: 29.572%
2017-05-02 12:08:02,337 INFO: 	Right mean rank: 987.768, MRR: 0.243, median rank: 42.5, hits@10: 38.98%
2017-05-02 12:08:02,337 INFO: 	relation mean rank: 77.363, MRR: 0.221, median rank: 72.2, hits@10: 50.714%
2017-05-02 12:08:02,337 INFO: 	Global mean rank: 1039.203, MRR: 0.208, median rank: 50.5, hits@10: 34.276%
2017-05-02 12:08:02,348 INFO: Ranking model on all examples from test. Each example ranked against 14951 other entities which are FILTERED
2017-05-02 12:08:02,349 INFO: RELATION ranking: each rel ranked against 1345 other rels
2017-05-02 12:08:03,120 INFO: 	FilteredRanking: evaluating rank on 59071 triples
2017-05-02 12:57:05,614 INFO: MICRO FILTERED:
2017-05-02 12:57:05,621 INFO: 	Left mean rank: 667.3151, MRR: 0.15936, median rank: 75.0, hits@10: 27.281%
2017-05-02 12:57:05,622 INFO: 	Right mean rank: 600.52413, MRR: 0.20681, median rank: 48.0, hits@10: 32.776%
2017-05-02 12:57:05,622 INFO: 	relation mean rank: 7.742, MRR: 0.562, median rank: 2.0, hits@10: 89.856%
2017-05-02 12:57:05,622 INFO: 	Global mean rank: 633.91961, MRR: 0.18309, median rank: 60.0, hits@10: 30.028%
2017-05-02 12:57:05,622 INFO: MACRO FILTERED
2017-05-02 12:57:05,622 INFO: 	Left mean rank: 1061.38404, MRR: 0.21877, median rank: 53.0, hits@10: 35.318%
2017-05-02 12:57:05,623 INFO: 	Right mean rank: 974.09486, MRR: 0.2791, median rank: 32.0, hits@10: 42.068%
2017-05-02 12:57:05,623 INFO: 	relation mean rank: 76.792, MRR: 0.248, median rank: 71.624, hits@10: 52.242%
2017-05-02 12:57:05,623 INFO: 	Global mean rank: 1017.73945, MRR: 0.24893, median rank: 40.5, hits@10: 38.693%
