2017-04-08 20:30:32,947 INFO: logger initialized for experiment identifier: TransE_Text_L1_ndim_100_marg_1.5_textmarg_2.0_lrate_0.01_cost_margincost_role_TextAsRegularizer
2017-04-08 20:30:32,948 INFO: identifier: TransE_Text_L1_ndim_100_marg_1.5_textmarg_2.0_lrate_0.01_cost_margincost_role_TextAsRegularizer
2017-04-08 20:30:32,948 INFO: models saved to path: /Users/corbinrosset/Dropbox/Arora/QA-code/src/KBC_Text/outputs/FB15k_TransE_Text/
2017-04-08 20:30:32,948 INFO: DD{'ndim': 100, 'vocab_size': 354936, 'word_dim': 100, 'Nsyn_rel': 1345, 'lremb': 0.01, 'nvalid': 1000, 'seed': 123, 'simfn': 'L1', 'test_all': 10, 'word_file': '/Users/corbinrosset/Dropbox/GloVe/glove.6B/glove.6B.100d.txt', 'nbatches': 100, 'marg_text': 2.0, 'loademb': False, 'datapath': '/Users/corbinrosset/Dropbox/Arora/QA-code/src/KBC_Text/data/', 'Nrel': 1345, 'rel': False, 'Nent': 16296, 'logger': <logging.RootLogger object at 0x10e53ae50>, 'Nsyn': 14951, 'reg': 0.01, 'bestvalidMRR': -1, 'loadmodel': False, 'savepath': '/Users/corbinrosset/Dropbox/Arora/QA-code/src/KBC_Text/outputs/FB15k_TransE_Text/TransE_Text_L1_ndim_100_marg_1.5_textmarg_2.0_lrate_0.01_cost_margincost_role_TextAsRegularizer', 'marge': 1.5, 'margincostfunction': 'margincost', 'dataset': 'FB15k', 'vocab': '/Users/corbinrosset/Dropbox/Arora/QA-code/src/process_clueweb/dictionary.txt', 'identifier': 'TransE_Text_L1_ndim_100_marg_1.5_textmarg_2.0_lrate_0.01_cost_margincost_role_TextAsRegularizer', 'lrparam': 0.01, 'textsim': 'L2', 'numTextTrain': 1000000, 'ntrain': 1000, 'textual_role': 'TextAsRegularizer', 'experiment_type': 'FB15k_text', 'totepochs': 300, 'ntest': 1000, 'gamma': 1.0, 'op': 'TransE_text'}
2017-04-08 20:30:34,659 INFO: loaded FB15k data in: 1.679163 seconds
2017-04-08 20:30:34,661 DEBUG: (16296, 483142) (16296, 483142) (1345, 483142) (1000,)
2017-04-08 20:30:36,235 INFO: using 1000000 out of 10413174 available textual mentions
2017-04-08 20:31:12,488 INFO: loaded clueweb data in: 36.971404 seconds
2017-04-08 20:31:12,489 DEBUG: size of clueweb data: 805307264 bytes
2017-04-08 20:31:12,489 DEBUG: 	idxl: 64 bytes
2017-04-08 20:31:12,489 DEBUG: 	idxr: 64 bytes
2017-04-08 20:31:12,489 DEBUG: 	idxo: 64 bytes
2017-04-08 20:31:12,490 DEBUG: 	idxvl: 16 bytes
2017-04-08 20:31:12,490 DEBUG: 	idxvr: 16 bytes
2017-04-08 20:31:12,490 DEBUG: 	idxvo: 16 bytes
2017-04-08 20:31:12,490 DEBUG: 	idxtl: 16 bytes
2017-04-08 20:31:12,490 DEBUG: 	idxtr: 16 bytes
2017-04-08 20:31:12,490 DEBUG: 	idxto: 16 bytes
2017-04-08 20:31:12,490 DEBUG: 	sent2idx: 16 bytes
2017-04-08 20:31:12,491 DEBUG: 	idx2sent: 402653464 bytes
2017-04-08 20:31:12,491 DEBUG: 	text_per_triple_cntr: 16 bytes
2017-04-08 20:31:12,491 DEBUG: 	unique_text_per_triple: 16 bytes
2017-04-08 20:31:12,491 DEBUG: 	triple_per_text: 402653464 bytes
2017-04-08 20:31:22,598 DEBUG: loaded data and constructed model...
2017-04-08 20:31:22,599 DEBUG: num epochs: 300
2017-04-08 20:31:22,599 DEBUG: num batches per epoch: 100
2017-04-08 20:31:22,599 DEBUG: KB batchsize: 4831
2017-04-08 20:31:22,599 DEBUG: Textual Triples batchsize: 10000
2017-04-08 20:31:22,599 DEBUG: left and right entity ranking functions will rank a triple against 14951 competitors
2017-04-08 20:31:22,599 INFO: BEGIN TRAINING
2017-04-08 20:37:43,644 INFO: ----------------------------------------------------------------------------
2017-04-08 20:37:43,644 INFO: EPOCH 1 (381.045 seconds):
2017-04-08 20:37:43,659 INFO: 	Average L2 norm of relation vector: 0.05299
2017-04-08 20:37:43,660 INFO: 	COST KB >> 1.089 +/- 0.514, % updates Left: 38.05%  Right: 33.72%
2017-04-08 20:37:43,660 INFO: 	COST TEXT >> 0.184 +/- 0.184, % updates Left: 0.0% Right: 0.0% Text: 12.56%
2017-04-08 20:44:10,761 INFO: ----------------------------------------------------------------------------
2017-04-08 20:44:10,761 INFO: EPOCH 2 (387.101 seconds):
2017-04-08 20:44:10,762 INFO: 	Average L2 norm of relation vector: 0.05765
2017-04-08 20:44:10,763 INFO: 	COST KB >> 0.517 +/- 0.017, % updates Left: 19.25%  Right: 17.42%
2017-04-08 20:44:10,763 INFO: 	COST TEXT >> 0.121 +/- 0.006, % updates Left: 0.0% Right: 0.0% Text: 7.72%
2017-04-08 20:50:36,953 INFO: ----------------------------------------------------------------------------
2017-04-08 20:50:36,954 INFO: EPOCH 3 (386.191 seconds):
2017-04-08 20:50:36,954 INFO: 	Average L2 norm of relation vector: 0.06104
2017-04-08 20:50:36,955 INFO: 	COST KB >> 0.434 +/- 0.016, % updates Left: 16.54%  Right: 15.13%
2017-04-08 20:50:36,955 INFO: 	COST TEXT >> 0.116 +/- 0.006, % updates Left: 0.0% Right: 0.0% Text: 7.19%
2017-04-08 20:57:06,215 INFO: ----------------------------------------------------------------------------
2017-04-08 20:57:06,215 INFO: EPOCH 4 (389.26 seconds):
2017-04-08 20:57:06,216 INFO: 	Average L2 norm of relation vector: 0.06366
2017-04-08 20:57:06,217 INFO: 	COST KB >> 0.394 +/- 0.017, % updates Left: 15.41%  Right: 14.17%
2017-04-08 20:57:06,217 INFO: 	COST TEXT >> 0.113 +/- 0.005, % updates Left: 0.0% Right: 0.0% Text: 6.8%
2017-04-08 21:03:38,736 INFO: ----------------------------------------------------------------------------
2017-04-08 21:03:38,736 INFO: EPOCH 5 (392.519 seconds):
2017-04-08 21:03:38,737 INFO: 	Average L2 norm of relation vector: 0.06574
2017-04-08 21:03:38,737 INFO: 	COST KB >> 0.368 +/- 0.018, % updates Left: 14.61%  Right: 13.53%
2017-04-08 21:03:38,737 INFO: 	COST TEXT >> 0.111 +/- 0.006, % updates Left: 0.0% Right: 0.0% Text: 6.5%
2017-04-08 21:10:12,636 INFO: ----------------------------------------------------------------------------
2017-04-08 21:10:12,639 INFO: EPOCH 6 (393.901 seconds):
2017-04-08 21:10:12,640 INFO: 	Average L2 norm of relation vector: 0.06743
2017-04-08 21:10:12,640 INFO: 	COST KB >> 0.352 +/- 0.018, % updates Left: 14.11%  Right: 13.11%
2017-04-08 21:10:12,640 INFO: 	COST TEXT >> 0.109 +/- 0.006, % updates Left: 0.0% Right: 0.0% Text: 6.28%
2017-04-08 21:16:49,544 INFO: ----------------------------------------------------------------------------
2017-04-08 21:16:49,544 INFO: EPOCH 7 (396.903 seconds):
2017-04-08 21:16:49,544 INFO: 	Average L2 norm of relation vector: 0.0689
2017-04-08 21:16:49,545 INFO: 	COST KB >> 0.337 +/- 0.019, % updates Left: 13.78%  Right: 12.76%
2017-04-08 21:16:49,545 INFO: 	COST TEXT >> 0.109 +/- 0.005, % updates Left: 0.0% Right: 0.0% Text: 6.16%
2017-04-08 21:23:23,503 INFO: ----------------------------------------------------------------------------
2017-04-08 21:23:23,503 INFO: EPOCH 8 (393.958 seconds):
2017-04-08 21:23:23,504 INFO: 	Average L2 norm of relation vector: 0.07019
2017-04-08 21:23:23,504 INFO: 	COST KB >> 0.329 +/- 0.018, % updates Left: 13.57%  Right: 12.52%
2017-04-08 21:23:23,505 INFO: 	COST TEXT >> 0.109 +/- 0.006, % updates Left: 0.0% Right: 0.0% Text: 6.08%
2017-04-08 21:29:55,448 INFO: ----------------------------------------------------------------------------
2017-04-08 21:29:55,449 INFO: EPOCH 9 (391.944 seconds):
2017-04-08 21:29:55,449 INFO: 	Average L2 norm of relation vector: 0.07132
2017-04-08 21:29:55,450 INFO: 	COST KB >> 0.316 +/- 0.016, % updates Left: 13.16%  Right: 12.24%
2017-04-08 21:29:55,450 INFO: 	COST TEXT >> 0.108 +/- 0.006, % updates Left: 0.0% Right: 0.0% Text: 5.98%
2017-04-08 21:36:27,842 INFO: ----------------------------------------------------------------------------
2017-04-08 21:36:27,842 INFO: EPOCH 10 (392.392 seconds):
2017-04-08 21:36:27,842 INFO: 	Average L2 norm of relation vector: 0.07242
2017-04-08 21:36:27,843 INFO: 	COST KB >> 0.313 +/- 0.017, % updates Left: 13.16%  Right: 12.21%
2017-04-08 21:36:27,843 INFO: 	COST TEXT >> 0.107 +/- 0.006, % updates Left: 0.0% Right: 0.0% Text: 5.93%
2017-04-08 21:36:27,843 INFO: 	FilteredRanking: evaluating rank on 1000 triples
2017-04-08 21:37:20,901 INFO: 	FilteredRanking: evaluating rank on 1000 triples
2017-04-08 21:38:13,437 INFO: 	MEAN RANK >> valid: 939.7, train: 533.0
2017-04-08 21:38:13,438 INFO: 		MEAN RANK TRAIN: Left: 526.4 Rel: 0.0 Right: 539.5
2017-04-08 21:38:13,438 INFO: 		MEAN RANK VALID: Left: 975.4 Rel: 0.0 Right: 904.0
2017-04-08 21:38:13,438 INFO: 		MEAN RECIPROCAL RANK VALID (L & R): 0.112
2017-04-08 21:38:13,438 INFO: 	FilteredRanking: evaluating rank on 1000 triples
2017-04-08 21:39:01,653 INFO: 	NEW BEST TEST MR: 973.7
2017-04-08 21:39:01,654 INFO: 		Left MR: 979.8 Rel MR: 0.0 Right MR: 967.7
2017-04-08 21:39:02,668 INFO: 	(ranking took 154.825 seconds)
2017-04-08 21:45:41,593 INFO: ----------------------------------------------------------------------------
2017-04-08 21:45:41,593 INFO: EPOCH 11 (398.925 seconds):
2017-04-08 21:45:41,593 INFO: 	Average L2 norm of relation vector: 0.07346
2017-04-08 21:45:41,594 INFO: 	COST KB >> 0.308 +/- 0.018, % updates Left: 12.97%  Right: 12.05%
2017-04-08 21:45:41,594 INFO: 	COST TEXT >> 0.107 +/- 0.006, % updates Left: 0.0% Right: 0.0% Text: 5.9%
2017-04-08 21:52:16,985 INFO: ----------------------------------------------------------------------------
2017-04-08 21:52:16,985 INFO: EPOCH 12 (395.391 seconds):
2017-04-08 21:52:16,986 INFO: 	Average L2 norm of relation vector: 0.07438
2017-04-08 21:52:16,986 INFO: 	COST KB >> 0.301 +/- 0.016, % updates Left: 12.78%  Right: 11.88%
2017-04-08 21:52:16,986 INFO: 	COST TEXT >> 0.107 +/- 0.005, % updates Left: 0.0% Right: 0.0% Text: 5.85%
2017-04-08 21:58:38,647 INFO: ----------------------------------------------------------------------------
2017-04-08 21:58:38,647 INFO: EPOCH 13 (381.66 seconds):
2017-04-08 21:58:38,647 INFO: 	Average L2 norm of relation vector: 0.07524
2017-04-08 21:58:38,648 INFO: 	COST KB >> 0.299 +/- 0.017, % updates Left: 12.72%  Right: 11.85%
2017-04-08 21:58:38,648 INFO: 	COST TEXT >> 0.107 +/- 0.006, % updates Left: 0.0% Right: 0.0% Text: 5.81%
2017-04-08 22:04:53,973 INFO: ----------------------------------------------------------------------------
2017-04-08 22:04:53,973 INFO: EPOCH 14 (375.325 seconds):
2017-04-08 22:04:53,973 INFO: 	Average L2 norm of relation vector: 0.07605
2017-04-08 22:04:53,974 INFO: 	COST KB >> 0.294 +/- 0.018, % updates Left: 12.61%  Right: 11.69%
2017-04-08 22:04:53,974 INFO: 	COST TEXT >> 0.107 +/- 0.006, % updates Left: 0.0% Right: 0.0% Text: 5.79%
2017-04-08 22:11:15,870 INFO: ----------------------------------------------------------------------------
2017-04-08 22:11:15,876 INFO: EPOCH 15 (381.901 seconds):
2017-04-08 22:11:15,877 INFO: 	Average L2 norm of relation vector: 0.07683
2017-04-08 22:11:15,877 INFO: 	COST KB >> 0.288 +/- 0.015, % updates Left: 12.44%  Right: 11.53%
2017-04-08 22:11:15,877 INFO: 	COST TEXT >> 0.106 +/- 0.006, % updates Left: 0.0% Right: 0.0% Text: 5.77%
2017-04-08 22:17:35,142 INFO: ----------------------------------------------------------------------------
2017-04-08 22:17:35,142 INFO: EPOCH 16 (379.265 seconds):
2017-04-08 22:17:35,143 INFO: 	Average L2 norm of relation vector: 0.07757
2017-04-08 22:17:35,143 INFO: 	COST KB >> 0.287 +/- 0.017, % updates Left: 12.42%  Right: 11.59%
2017-04-08 22:17:35,143 INFO: 	COST TEXT >> 0.106 +/- 0.006, % updates Left: 0.0% Right: 0.0% Text: 5.72%
2017-04-08 22:24:05,669 INFO: ----------------------------------------------------------------------------
2017-04-08 22:24:05,672 INFO: EPOCH 17 (390.528 seconds):
2017-04-08 22:24:05,672 INFO: 	Average L2 norm of relation vector: 0.0783
2017-04-08 22:24:05,673 INFO: 	COST KB >> 0.285 +/- 0.017, % updates Left: 12.42%  Right: 11.46%
2017-04-08 22:24:05,673 INFO: 	COST TEXT >> 0.106 +/- 0.006, % updates Left: 0.0% Right: 0.0% Text: 5.73%
2017-04-08 22:30:29,107 INFO: ----------------------------------------------------------------------------
2017-04-08 22:30:29,108 INFO: EPOCH 18 (383.435 seconds):
2017-04-08 22:30:29,108 INFO: 	Average L2 norm of relation vector: 0.07896
2017-04-08 22:30:29,109 INFO: 	COST KB >> 0.28 +/- 0.015, % updates Left: 12.22%  Right: 11.39%
2017-04-08 22:30:29,109 INFO: 	COST TEXT >> 0.106 +/- 0.006, % updates Left: 0.0% Right: 0.0% Text: 5.71%
2017-04-08 22:36:52,804 INFO: ----------------------------------------------------------------------------
2017-04-08 22:36:52,804 INFO: EPOCH 19 (383.695 seconds):
2017-04-08 22:36:52,805 INFO: 	Average L2 norm of relation vector: 0.07959
2017-04-08 22:36:52,805 INFO: 	COST KB >> 0.28 +/- 0.015, % updates Left: 12.21%  Right: 11.33%
2017-04-08 22:36:52,806 INFO: 	COST TEXT >> 0.106 +/- 0.006, % updates Left: 0.0% Right: 0.0% Text: 5.7%
2017-04-08 22:43:09,453 INFO: ----------------------------------------------------------------------------
2017-04-08 22:43:09,454 INFO: EPOCH 20 (376.648 seconds):
2017-04-08 22:43:09,454 INFO: 	Average L2 norm of relation vector: 0.0802
2017-04-08 22:43:09,454 INFO: 	COST KB >> 0.279 +/- 0.016, % updates Left: 12.18%  Right: 11.39%
2017-04-08 22:43:09,455 INFO: 	COST TEXT >> 0.105 +/- 0.006, % updates Left: 0.0% Right: 0.0% Text: 5.66%
2017-04-08 22:43:09,455 INFO: 	FilteredRanking: evaluating rank on 1000 triples
2017-04-08 22:43:58,353 INFO: 	FilteredRanking: evaluating rank on 1000 triples
2017-04-08 22:44:47,086 INFO: 	MEAN RANK >> valid: 885.9, train: 441.4
2017-04-08 22:44:47,086 INFO: 		MEAN RANK TRAIN: Left: 458.7 Rel: 0.0 Right: 424.0
2017-04-08 22:44:47,086 INFO: 		MEAN RANK VALID: Left: 905.4 Rel: 0.0 Right: 866.3
2017-04-08 22:44:47,086 INFO: 		MEAN RECIPROCAL RANK VALID (L & R): 0.113
2017-04-08 22:44:47,087 INFO: 	FilteredRanking: evaluating rank on 1000 triples
2017-04-08 22:45:34,074 INFO: 	NEW BEST TEST MR: 867.5
2017-04-08 22:45:34,075 INFO: 		Left MR: 892.1 Rel MR: 0.0 Right MR: 842.8
2017-04-08 22:45:35,021 INFO: 	(ranking took 145.566 seconds)
2017-04-08 22:51:57,609 INFO: ----------------------------------------------------------------------------
2017-04-08 22:51:57,609 INFO: EPOCH 21 (382.588 seconds):
2017-04-08 22:51:57,609 INFO: 	Average L2 norm of relation vector: 0.08077
2017-04-08 22:51:57,610 INFO: 	COST KB >> 0.275 +/- 0.015, % updates Left: 12.08%  Right: 11.32%
2017-04-08 22:51:57,610 INFO: 	COST TEXT >> 0.106 +/- 0.007, % updates Left: 0.0% Right: 0.0% Text: 5.69%
2017-04-08 22:58:19,340 INFO: ----------------------------------------------------------------------------
2017-04-08 22:58:19,340 INFO: EPOCH 22 (381.73 seconds):
2017-04-08 22:58:19,341 INFO: 	Average L2 norm of relation vector: 0.08133
2017-04-08 22:58:19,341 INFO: 	COST KB >> 0.275 +/- 0.015, % updates Left: 12.07%  Right: 11.25%
2017-04-08 22:58:19,341 INFO: 	COST TEXT >> 0.105 +/- 0.005, % updates Left: 0.0% Right: 0.0% Text: 5.61%
2017-04-08 23:04:42,833 INFO: ----------------------------------------------------------------------------
2017-04-08 23:04:42,833 INFO: EPOCH 23 (383.492 seconds):
2017-04-08 23:04:42,834 INFO: 	Average L2 norm of relation vector: 0.08184
2017-04-08 23:04:42,834 INFO: 	COST KB >> 0.274 +/- 0.015, % updates Left: 12.04%  Right: 11.23%
2017-04-08 23:04:42,834 INFO: 	COST TEXT >> 0.106 +/- 0.006, % updates Left: 0.0% Right: 0.0% Text: 5.63%
2017-04-08 23:11:10,720 INFO: ----------------------------------------------------------------------------
2017-04-08 23:11:10,722 INFO: EPOCH 24 (387.887 seconds):
2017-04-08 23:11:10,723 INFO: 	Average L2 norm of relation vector: 0.08236
2017-04-08 23:11:10,723 INFO: 	COST KB >> 0.271 +/- 0.017, % updates Left: 12.02%  Right: 11.14%
2017-04-08 23:11:10,723 INFO: 	COST TEXT >> 0.106 +/- 0.006, % updates Left: 0.0% Right: 0.0% Text: 5.62%
2017-04-08 23:17:34,605 INFO: ----------------------------------------------------------------------------
2017-04-08 23:17:34,605 INFO: EPOCH 25 (383.882 seconds):
2017-04-08 23:17:34,606 INFO: 	Average L2 norm of relation vector: 0.08283
2017-04-08 23:17:34,606 INFO: 	COST KB >> 0.27 +/- 0.014, % updates Left: 11.94%  Right: 11.11%
2017-04-08 23:17:34,606 INFO: 	COST TEXT >> 0.105 +/- 0.006, % updates Left: 0.0% Right: 0.0% Text: 5.59%
2017-04-08 23:23:56,999 INFO: ----------------------------------------------------------------------------
2017-04-08 23:23:57,001 INFO: EPOCH 26 (382.395 seconds):
2017-04-08 23:23:57,002 INFO: 	Average L2 norm of relation vector: 0.08328
2017-04-08 23:23:57,002 INFO: 	COST KB >> 0.27 +/- 0.016, % updates Left: 11.92%  Right: 11.07%
2017-04-08 23:23:57,002 INFO: 	COST TEXT >> 0.106 +/- 0.005, % updates Left: 0.0% Right: 0.0% Text: 5.6%
2017-04-08 23:30:23,533 INFO: ----------------------------------------------------------------------------
2017-04-08 23:30:23,533 INFO: EPOCH 27 (386.531 seconds):
2017-04-08 23:30:23,534 INFO: 	Average L2 norm of relation vector: 0.08369
2017-04-08 23:30:23,535 INFO: 	COST KB >> 0.269 +/- 0.015, % updates Left: 11.86%  Right: 11.12%
2017-04-08 23:30:23,535 INFO: 	COST TEXT >> 0.106 +/- 0.005, % updates Left: 0.0% Right: 0.0% Text: 5.59%
2017-04-08 23:36:43,987 INFO: ----------------------------------------------------------------------------
2017-04-08 23:36:43,987 INFO: EPOCH 28 (380.452 seconds):
2017-04-08 23:36:43,988 INFO: 	Average L2 norm of relation vector: 0.08413
2017-04-08 23:36:43,988 INFO: 	COST KB >> 0.267 +/- 0.017, % updates Left: 11.84%  Right: 11.02%
2017-04-08 23:36:43,988 INFO: 	COST TEXT >> 0.105 +/- 0.006, % updates Left: 0.0% Right: 0.0% Text: 5.57%
2017-04-08 23:43:06,919 INFO: ----------------------------------------------------------------------------
2017-04-08 23:43:06,921 INFO: EPOCH 29 (382.933 seconds):
2017-04-08 23:43:06,922 INFO: 	Average L2 norm of relation vector: 0.08455
2017-04-08 23:43:06,922 INFO: 	COST KB >> 0.267 +/- 0.015, % updates Left: 11.82%  Right: 10.99%
2017-04-08 23:43:06,923 INFO: 	COST TEXT >> 0.104 +/- 0.006, % updates Left: 0.0% Right: 0.0% Text: 5.53%
2017-04-08 23:49:32,461 INFO: ----------------------------------------------------------------------------
2017-04-08 23:49:32,463 INFO: EPOCH 30 (385.54 seconds):
2017-04-08 23:49:32,464 INFO: 	Average L2 norm of relation vector: 0.08492
2017-04-08 23:49:32,465 INFO: 	COST KB >> 0.267 +/- 0.016, % updates Left: 11.85%  Right: 11.02%
2017-04-08 23:49:32,465 INFO: 	COST TEXT >> 0.105 +/- 0.006, % updates Left: 0.0% Right: 0.0% Text: 5.53%
2017-04-08 23:49:32,465 INFO: 	FilteredRanking: evaluating rank on 1000 triples
2017-04-08 23:50:25,468 INFO: 	FilteredRanking: evaluating rank on 1000 triples
2017-04-08 23:51:17,302 INFO: 	MEAN RANK >> valid: 900.8, train: 447.3
2017-04-08 23:51:17,303 INFO: 		MEAN RANK TRAIN: Left: 428.5 Rel: 0.0 Right: 466.0
2017-04-08 23:51:17,303 INFO: 		MEAN RANK VALID: Left: 934.6 Rel: 0.0 Right: 867.0
2017-04-08 23:51:17,303 INFO: 		MEAN RECIPROCAL RANK VALID (L & R): 0.123
2017-04-08 23:51:17,303 INFO: 	FilteredRanking: evaluating rank on 1000 triples
2017-04-08 23:52:05,871 INFO: 	NEW BEST TEST MR: 862.4
2017-04-08 23:52:05,876 INFO: 		Left MR: 889.3 Rel MR: 0.0 Right MR: 835.6
2017-04-08 23:52:06,980 INFO: 	(ranking took 154.514 seconds)
2017-04-08 23:58:58,523 INFO: ----------------------------------------------------------------------------
2017-04-08 23:58:58,526 INFO: EPOCH 31 (411.546 seconds):
2017-04-08 23:58:58,526 INFO: 	Average L2 norm of relation vector: 0.0853
2017-04-08 23:58:58,527 INFO: 	COST KB >> 0.265 +/- 0.015, % updates Left: 11.74%  Right: 11.0%
2017-04-08 23:58:58,527 INFO: 	COST TEXT >> 0.105 +/- 0.006, % updates Left: 0.0% Right: 0.0% Text: 5.53%
2017-04-09 00:05:35,854 INFO: ----------------------------------------------------------------------------
2017-04-09 00:05:35,857 INFO: EPOCH 32 (397.329 seconds):
2017-04-09 00:05:35,858 INFO: 	Average L2 norm of relation vector: 0.0857
2017-04-09 00:05:35,859 INFO: 	COST KB >> 0.265 +/- 0.015, % updates Left: 11.81%  Right: 11.04%
2017-04-09 00:05:35,859 INFO: 	COST TEXT >> 0.104 +/- 0.006, % updates Left: 0.0% Right: 0.0% Text: 5.52%
2017-04-09 00:12:10,660 INFO: ----------------------------------------------------------------------------
2017-04-09 00:12:10,665 INFO: EPOCH 33 (394.806 seconds):
2017-04-09 00:12:10,666 INFO: 	Average L2 norm of relation vector: 0.08604
2017-04-09 00:12:10,667 INFO: 	COST KB >> 0.266 +/- 0.016, % updates Left: 11.81%  Right: 10.96%
2017-04-09 00:12:10,667 INFO: 	COST TEXT >> 0.105 +/- 0.006, % updates Left: 0.0% Right: 0.0% Text: 5.49%
2017-04-09 00:19:10,348 INFO: ----------------------------------------------------------------------------
2017-04-09 00:19:10,351 INFO: EPOCH 34 (419.683 seconds):
2017-04-09 00:19:10,351 INFO: 	Average L2 norm of relation vector: 0.08637
2017-04-09 00:19:10,351 INFO: 	COST KB >> 0.263 +/- 0.016, % updates Left: 11.76%  Right: 10.94%
2017-04-09 00:19:10,352 INFO: 	COST TEXT >> 0.105 +/- 0.006, % updates Left: 0.0% Right: 0.0% Text: 5.51%
2017-04-09 00:26:02,689 INFO: ----------------------------------------------------------------------------
2017-04-09 00:26:02,692 INFO: EPOCH 35 (412.34 seconds):
2017-04-09 00:26:02,692 INFO: 	Average L2 norm of relation vector: 0.08674
2017-04-09 00:26:02,693 INFO: 	COST KB >> 0.264 +/- 0.016, % updates Left: 11.78%  Right: 10.93%
2017-04-09 00:26:02,693 INFO: 	COST TEXT >> 0.105 +/- 0.005, % updates Left: 0.0% Right: 0.0% Text: 5.53%
2017-04-09 00:32:46,637 INFO: ----------------------------------------------------------------------------
2017-04-09 00:32:46,638 INFO: EPOCH 36 (403.944 seconds):
2017-04-09 00:32:46,638 INFO: 	Average L2 norm of relation vector: 0.08708
2017-04-09 00:32:46,639 INFO: 	COST KB >> 0.26 +/- 0.016, % updates Left: 11.69%  Right: 10.84%
2017-04-09 00:32:46,639 INFO: 	COST TEXT >> 0.104 +/- 0.005, % updates Left: 0.0% Right: 0.0% Text: 5.49%
2017-04-09 00:39:21,635 INFO: ----------------------------------------------------------------------------
2017-04-09 00:39:21,635 INFO: EPOCH 37 (394.996 seconds):
2017-04-09 00:39:21,636 INFO: 	Average L2 norm of relation vector: 0.08736
2017-04-09 00:39:21,636 INFO: 	COST KB >> 0.259 +/- 0.015, % updates Left: 11.66%  Right: 10.87%
2017-04-09 00:39:21,636 INFO: 	COST TEXT >> 0.105 +/- 0.005, % updates Left: 0.0% Right: 0.0% Text: 5.5%
2017-04-09 00:46:26,696 INFO: ----------------------------------------------------------------------------
2017-04-09 00:46:26,697 INFO: EPOCH 38 (425.06 seconds):
2017-04-09 00:46:26,697 INFO: 	Average L2 norm of relation vector: 0.08768
2017-04-09 00:46:26,698 INFO: 	COST KB >> 0.261 +/- 0.016, % updates Left: 11.64%  Right: 10.91%
2017-04-09 00:46:26,698 INFO: 	COST TEXT >> 0.105 +/- 0.005, % updates Left: 0.0% Right: 0.0% Text: 5.49%
2017-04-09 00:53:46,579 INFO: ----------------------------------------------------------------------------
2017-04-09 00:53:46,579 INFO: EPOCH 39 (439.88 seconds):
2017-04-09 00:53:46,580 INFO: 	Average L2 norm of relation vector: 0.08797
2017-04-09 00:53:46,580 INFO: 	COST KB >> 0.259 +/- 0.014, % updates Left: 11.61%  Right: 10.86%
2017-04-09 00:53:46,580 INFO: 	COST TEXT >> 0.105 +/- 0.006, % updates Left: 0.0% Right: 0.0% Text: 5.48%
2017-04-09 01:00:28,047 INFO: ----------------------------------------------------------------------------
2017-04-09 01:00:28,048 INFO: EPOCH 40 (401.467 seconds):
2017-04-09 01:00:28,048 INFO: 	Average L2 norm of relation vector: 0.08828
2017-04-09 01:00:28,049 INFO: 	COST KB >> 0.258 +/- 0.016, % updates Left: 11.6%  Right: 10.8%
2017-04-09 01:00:28,049 INFO: 	COST TEXT >> 0.105 +/- 0.005, % updates Left: 0.0% Right: 0.0% Text: 5.49%
2017-04-09 01:00:28,049 INFO: 	FilteredRanking: evaluating rank on 1000 triples
2017-04-09 01:01:23,924 INFO: 	FilteredRanking: evaluating rank on 1000 triples
2017-04-09 01:02:18,571 INFO: 	MEAN RANK >> valid: 839.2, train: 441.6
2017-04-09 01:02:18,571 INFO: 		MEAN RANK TRAIN: Left: 499.9 Rel: 0.0 Right: 383.3
2017-04-09 01:02:18,571 INFO: 		MEAN RANK VALID: Left: 875.7 Rel: 0.0 Right: 802.8
2017-04-09 01:02:18,572 INFO: 		MEAN RECIPROCAL RANK VALID (L & R): 0.118
2017-04-09 01:02:18,572 WARNING: 	WARNING, failed to improve MRR on valid, 2 chances left

2017-04-09 01:02:20,361 INFO: 	(ranking took 112.311 seconds)
2017-04-09 01:09:04,041 INFO: ----------------------------------------------------------------------------
2017-04-09 01:09:04,041 INFO: EPOCH 41 (403.681 seconds):
2017-04-09 01:09:04,042 INFO: 	Average L2 norm of relation vector: 0.08854
2017-04-09 01:09:04,042 INFO: 	COST KB >> 0.259 +/- 0.016, % updates Left: 11.63%  Right: 10.8%
2017-04-09 01:09:04,043 INFO: 	COST TEXT >> 0.106 +/- 0.006, % updates Left: 0.0% Right: 0.0% Text: 5.52%
2017-04-09 01:15:46,133 INFO: ----------------------------------------------------------------------------
2017-04-09 01:15:46,137 INFO: EPOCH 42 (402.094 seconds):
2017-04-09 01:15:46,138 INFO: 	Average L2 norm of relation vector: 0.0888
2017-04-09 01:15:46,138 INFO: 	COST KB >> 0.257 +/- 0.015, % updates Left: 11.57%  Right: 10.77%
2017-04-09 01:15:46,138 INFO: 	COST TEXT >> 0.105 +/- 0.006, % updates Left: 0.0% Right: 0.0% Text: 5.48%
2017-04-09 01:22:25,218 INFO: ----------------------------------------------------------------------------
2017-04-09 01:22:25,218 INFO: EPOCH 43 (399.079 seconds):
2017-04-09 01:22:25,219 INFO: 	Average L2 norm of relation vector: 0.08904
2017-04-09 01:22:25,219 INFO: 	COST KB >> 0.256 +/- 0.016, % updates Left: 11.52%  Right: 10.76%
2017-04-09 01:22:25,219 INFO: 	COST TEXT >> 0.105 +/- 0.006, % updates Left: 0.0% Right: 0.0% Text: 5.43%
2017-04-09 01:29:01,188 INFO: ----------------------------------------------------------------------------
2017-04-09 01:29:01,188 INFO: EPOCH 44 (395.968 seconds):
2017-04-09 01:29:01,189 INFO: 	Average L2 norm of relation vector: 0.08932
2017-04-09 01:29:01,189 INFO: 	COST KB >> 0.256 +/- 0.014, % updates Left: 11.55%  Right: 10.76%
2017-04-09 01:29:01,189 INFO: 	COST TEXT >> 0.104 +/- 0.006, % updates Left: 0.0% Right: 0.0% Text: 5.43%
2017-04-09 01:35:43,379 INFO: ----------------------------------------------------------------------------
2017-04-09 01:35:43,381 INFO: EPOCH 45 (402.192 seconds):
2017-04-09 01:35:43,382 INFO: 	Average L2 norm of relation vector: 0.08958
2017-04-09 01:35:43,382 INFO: 	COST KB >> 0.256 +/- 0.017, % updates Left: 11.55%  Right: 10.78%
2017-04-09 01:35:43,383 INFO: 	COST TEXT >> 0.104 +/- 0.006, % updates Left: 0.0% Right: 0.0% Text: 5.44%
2017-04-09 01:43:02,150 INFO: ----------------------------------------------------------------------------
2017-04-09 01:43:02,152 INFO: EPOCH 46 (438.769 seconds):
2017-04-09 01:43:02,153 INFO: 	Average L2 norm of relation vector: 0.08983
2017-04-09 01:43:02,153 INFO: 	COST KB >> 0.255 +/- 0.013, % updates Left: 11.5%  Right: 10.74%
2017-04-09 01:43:02,153 INFO: 	COST TEXT >> 0.105 +/- 0.005, % updates Left: 0.0% Right: 0.0% Text: 5.5%
2017-04-09 01:51:46,209 INFO: ----------------------------------------------------------------------------
2017-04-09 01:51:46,212 INFO: EPOCH 47 (524.058 seconds):
2017-04-09 01:51:46,213 INFO: 	Average L2 norm of relation vector: 0.09007
2017-04-09 01:51:46,213 INFO: 	COST KB >> 0.254 +/- 0.015, % updates Left: 11.54%  Right: 10.65%
2017-04-09 01:51:46,213 INFO: 	COST TEXT >> 0.105 +/- 0.006, % updates Left: 0.0% Right: 0.0% Text: 5.46%
2017-04-09 02:00:33,161 INFO: ----------------------------------------------------------------------------
2017-04-09 02:00:33,162 INFO: EPOCH 48 (526.948 seconds):
2017-04-09 02:00:33,162 INFO: 	Average L2 norm of relation vector: 0.09032
2017-04-09 02:00:33,163 INFO: 	COST KB >> 0.253 +/- 0.015, % updates Left: 11.51%  Right: 10.68%
2017-04-09 02:00:33,163 INFO: 	COST TEXT >> 0.104 +/- 0.006, % updates Left: 0.0% Right: 0.0% Text: 5.44%
2017-04-09 02:09:21,886 INFO: ----------------------------------------------------------------------------
2017-04-09 02:09:21,886 INFO: EPOCH 49 (528.723 seconds):
2017-04-09 02:09:21,887 INFO: 	Average L2 norm of relation vector: 0.09055
2017-04-09 02:09:21,889 INFO: 	COST KB >> 0.254 +/- 0.013, % updates Left: 11.46%  Right: 10.73%
2017-04-09 02:09:21,889 INFO: 	COST TEXT >> 0.105 +/- 0.005, % updates Left: 0.0% Right: 0.0% Text: 5.45%
2017-04-09 02:18:04,839 INFO: ----------------------------------------------------------------------------
2017-04-09 02:18:04,844 INFO: EPOCH 50 (522.955 seconds):
2017-04-09 02:18:04,845 INFO: 	Average L2 norm of relation vector: 0.09078
2017-04-09 02:18:04,846 INFO: 	COST KB >> 0.253 +/- 0.016, % updates Left: 11.47%  Right: 10.69%
2017-04-09 02:18:04,846 INFO: 	COST TEXT >> 0.104 +/- 0.007, % updates Left: 0.0% Right: 0.0% Text: 5.4%
2017-04-09 02:18:04,847 INFO: 	FilteredRanking: evaluating rank on 1000 triples
2017-04-09 02:19:14,978 INFO: 	FilteredRanking: evaluating rank on 1000 triples
2017-04-09 02:20:24,408 INFO: 	MEAN RANK >> valid: 881.9, train: 418.3
2017-04-09 02:20:24,408 INFO: 		MEAN RANK TRAIN: Left: 443.4 Rel: 0.0 Right: 393.2
2017-04-09 02:20:24,409 INFO: 		MEAN RANK VALID: Left: 942.4 Rel: 0.0 Right: 821.3
2017-04-09 02:20:24,409 INFO: 		MEAN RECIPROCAL RANK VALID (L & R): 0.1195
2017-04-09 02:20:24,409 WARNING: 	WARNING, failed to improve MRR on valid, 1 chances left

2017-04-09 02:20:25,814 INFO: 	(ranking took 140.967 seconds)
2017-04-09 02:29:25,088 INFO: ----------------------------------------------------------------------------
2017-04-09 02:29:25,090 INFO: EPOCH 51 (539.276 seconds):
2017-04-09 02:29:25,092 INFO: 	Average L2 norm of relation vector: 0.091
2017-04-09 02:29:25,093 INFO: 	COST KB >> 0.252 +/- 0.014, % updates Left: 11.38%  Right: 10.64%
2017-04-09 02:29:25,093 INFO: 	COST TEXT >> 0.105 +/- 0.006, % updates Left: 0.0% Right: 0.0% Text: 5.49%
2017-04-09 02:38:47,347 INFO: ----------------------------------------------------------------------------
2017-04-09 02:38:47,349 INFO: EPOCH 52 (562.255 seconds):
2017-04-09 02:38:47,351 INFO: 	Average L2 norm of relation vector: 0.09121
2017-04-09 02:38:47,351 INFO: 	COST KB >> 0.252 +/- 0.015, % updates Left: 11.43%  Right: 10.63%
2017-04-09 02:38:47,352 INFO: 	COST TEXT >> 0.106 +/- 0.006, % updates Left: 0.0% Right: 0.0% Text: 5.49%
2017-04-09 02:48:01,346 INFO: ----------------------------------------------------------------------------
2017-04-09 02:48:01,349 INFO: EPOCH 53 (553.997 seconds):
2017-04-09 02:48:01,349 INFO: 	Average L2 norm of relation vector: 0.09143
2017-04-09 02:48:01,350 INFO: 	COST KB >> 0.253 +/- 0.015, % updates Left: 11.5%  Right: 10.74%
2017-04-09 02:48:01,350 INFO: 	COST TEXT >> 0.105 +/- 0.006, % updates Left: 0.0% Right: 0.0% Text: 5.47%
2017-04-09 02:56:56,357 INFO: ----------------------------------------------------------------------------
2017-04-09 02:56:56,357 INFO: EPOCH 54 (535.006 seconds):
2017-04-09 02:56:56,358 INFO: 	Average L2 norm of relation vector: 0.09163
2017-04-09 02:56:56,358 INFO: 	COST KB >> 0.252 +/- 0.013, % updates Left: 11.44%  Right: 10.7%
2017-04-09 02:56:56,359 INFO: 	COST TEXT >> 0.104 +/- 0.006, % updates Left: 0.0% Right: 0.0% Text: 5.42%
2017-04-09 03:05:44,022 INFO: ----------------------------------------------------------------------------
2017-04-09 03:05:44,022 INFO: EPOCH 55 (527.663 seconds):
2017-04-09 03:05:44,023 INFO: 	Average L2 norm of relation vector: 0.09183
2017-04-09 03:05:44,023 INFO: 	COST KB >> 0.251 +/- 0.016, % updates Left: 11.42%  Right: 10.62%
2017-04-09 03:05:44,024 INFO: 	COST TEXT >> 0.104 +/- 0.006, % updates Left: 0.0% Right: 0.0% Text: 5.42%
2017-04-09 03:14:28,430 INFO: ----------------------------------------------------------------------------
2017-04-09 03:14:28,438 INFO: EPOCH 56 (524.414 seconds):
2017-04-09 03:14:28,440 INFO: 	Average L2 norm of relation vector: 0.0921
2017-04-09 03:14:28,440 INFO: 	COST KB >> 0.251 +/- 0.015, % updates Left: 11.45%  Right: 10.61%
2017-04-09 03:14:28,440 INFO: 	COST TEXT >> 0.103 +/- 0.006, % updates Left: 0.0% Right: 0.0% Text: 5.44%
2017-04-09 03:23:09,713 INFO: ----------------------------------------------------------------------------
2017-04-09 03:23:09,713 INFO: EPOCH 57 (521.273 seconds):
2017-04-09 03:23:09,714 INFO: 	Average L2 norm of relation vector: 0.0923
2017-04-09 03:23:09,715 INFO: 	COST KB >> 0.251 +/- 0.014, % updates Left: 11.42%  Right: 10.65%
2017-04-09 03:23:09,715 INFO: 	COST TEXT >> 0.104 +/- 0.006, % updates Left: 0.0% Right: 0.0% Text: 5.4%
2017-04-09 03:32:34,942 INFO: ----------------------------------------------------------------------------
2017-04-09 03:32:34,943 INFO: EPOCH 58 (565.227 seconds):
2017-04-09 03:32:34,945 INFO: 	Average L2 norm of relation vector: 0.09251
2017-04-09 03:32:34,946 INFO: 	COST KB >> 0.249 +/- 0.014, % updates Left: 11.42%  Right: 10.57%
2017-04-09 03:32:34,947 INFO: 	COST TEXT >> 0.104 +/- 0.006, % updates Left: 0.0% Right: 0.0% Text: 5.43%
2017-04-09 03:41:59,773 INFO: ----------------------------------------------------------------------------
2017-04-09 03:41:59,773 INFO: EPOCH 59 (564.826 seconds):
2017-04-09 03:41:59,774 INFO: 	Average L2 norm of relation vector: 0.09272
2017-04-09 03:41:59,775 INFO: 	COST KB >> 0.249 +/- 0.015, % updates Left: 11.4%  Right: 10.66%
2017-04-09 03:41:59,775 INFO: 	COST TEXT >> 0.106 +/- 0.007, % updates Left: 0.0% Right: 0.0% Text: 5.48%
2017-04-09 03:50:55,921 INFO: ----------------------------------------------------------------------------
2017-04-09 03:50:55,921 INFO: EPOCH 60 (536.146 seconds):
2017-04-09 03:50:55,922 INFO: 	Average L2 norm of relation vector: 0.09287
2017-04-09 03:50:55,922 INFO: 	COST KB >> 0.248 +/- 0.014, % updates Left: 11.37%  Right: 10.61%
2017-04-09 03:50:55,922 INFO: 	COST TEXT >> 0.105 +/- 0.005, % updates Left: 0.0% Right: 0.0% Text: 5.41%
2017-04-09 03:50:55,923 INFO: 	FilteredRanking: evaluating rank on 1000 triples
2017-04-09 03:52:08,151 INFO: 	FilteredRanking: evaluating rank on 1000 triples
2017-04-09 03:53:18,726 INFO: 	MEAN RANK >> valid: 820.3, train: 426.0
2017-04-09 03:53:18,727 INFO: 		MEAN RANK TRAIN: Left: 458.2 Rel: 0.0 Right: 393.8
2017-04-09 03:53:18,727 INFO: 		MEAN RANK VALID: Left: 854.1 Rel: 0.0 Right: 786.5
2017-04-09 03:53:18,727 INFO: 		MEAN RECIPROCAL RANK VALID (L & R): 0.112
2017-04-09 03:53:18,727 WARNING: 	WARNING, failed to improve MRR on valid, 0 chances left

2017-04-09 03:53:20,570 INFO: 	(ranking took 144.647 seconds)
2017-04-09 04:02:48,303 INFO: ----------------------------------------------------------------------------
2017-04-09 04:02:48,305 INFO: EPOCH 61 (567.734 seconds):
2017-04-09 04:02:48,305 INFO: 	Average L2 norm of relation vector: 0.09306
2017-04-09 04:02:48,306 INFO: 	COST KB >> 0.25 +/- 0.015, % updates Left: 11.34%  Right: 10.6%
2017-04-09 04:02:48,306 INFO: 	COST TEXT >> 0.104 +/- 0.006, % updates Left: 0.0% Right: 0.0% Text: 5.41%
2017-04-09 04:12:31,981 INFO: ----------------------------------------------------------------------------
2017-04-09 04:12:31,981 INFO: EPOCH 62 (583.675 seconds):
2017-04-09 04:12:31,982 INFO: 	Average L2 norm of relation vector: 0.09326
2017-04-09 04:12:31,983 INFO: 	COST KB >> 0.248 +/- 0.013, % updates Left: 11.36%  Right: 10.54%
2017-04-09 04:12:31,983 INFO: 	COST TEXT >> 0.104 +/- 0.006, % updates Left: 0.0% Right: 0.0% Text: 5.43%
2017-04-09 04:21:42,132 INFO: ----------------------------------------------------------------------------
2017-04-09 04:21:42,133 INFO: EPOCH 63 (550.149 seconds):
2017-04-09 04:21:42,133 INFO: 	Average L2 norm of relation vector: 0.09344
2017-04-09 04:21:42,134 INFO: 	COST KB >> 0.25 +/- 0.015, % updates Left: 11.35%  Right: 10.63%
2017-04-09 04:21:42,134 INFO: 	COST TEXT >> 0.104 +/- 0.006, % updates Left: 0.0% Right: 0.0% Text: 5.41%
2017-04-09 04:30:35,102 INFO: ----------------------------------------------------------------------------
2017-04-09 04:30:35,102 INFO: EPOCH 64 (532.967 seconds):
2017-04-09 04:30:35,103 INFO: 	Average L2 norm of relation vector: 0.09357
2017-04-09 04:30:35,104 INFO: 	COST KB >> 0.25 +/- 0.014, % updates Left: 11.34%  Right: 10.61%
2017-04-09 04:30:35,104 INFO: 	COST TEXT >> 0.104 +/- 0.006, % updates Left: 0.0% Right: 0.0% Text: 5.37%
2017-04-09 04:39:24,162 INFO: ----------------------------------------------------------------------------
2017-04-09 04:39:24,162 INFO: EPOCH 65 (529.057 seconds):
2017-04-09 04:39:24,163 INFO: 	Average L2 norm of relation vector: 0.09376
2017-04-09 04:39:24,163 INFO: 	COST KB >> 0.247 +/- 0.014, % updates Left: 11.3%  Right: 10.57%
2017-04-09 04:39:24,164 INFO: 	COST TEXT >> 0.105 +/- 0.006, % updates Left: 0.0% Right: 0.0% Text: 5.44%
2017-04-09 04:48:18,926 INFO: ----------------------------------------------------------------------------
2017-04-09 04:48:18,927 INFO: EPOCH 66 (534.763 seconds):
2017-04-09 04:48:18,928 INFO: 	Average L2 norm of relation vector: 0.09392
2017-04-09 04:48:18,928 INFO: 	COST KB >> 0.249 +/- 0.016, % updates Left: 11.36%  Right: 10.6%
2017-04-09 04:48:18,929 INFO: 	COST TEXT >> 0.104 +/- 0.006, % updates Left: 0.0% Right: 0.0% Text: 5.39%
2017-04-09 04:55:41,735 INFO: ----------------------------------------------------------------------------
2017-04-09 04:55:41,735 INFO: EPOCH 67 (442.806 seconds):
2017-04-09 04:55:41,736 INFO: 	Average L2 norm of relation vector: 0.09409
2017-04-09 04:55:41,736 INFO: 	COST KB >> 0.247 +/- 0.015, % updates Left: 11.33%  Right: 10.52%
2017-04-09 04:55:41,736 INFO: 	COST TEXT >> 0.104 +/- 0.007, % updates Left: 0.0% Right: 0.0% Text: 5.42%
2017-04-09 05:03:29,450 INFO: ----------------------------------------------------------------------------
2017-04-09 05:03:29,450 INFO: EPOCH 68 (467.714 seconds):
2017-04-09 05:03:29,451 INFO: 	Average L2 norm of relation vector: 0.09427
2017-04-09 05:03:29,451 INFO: 	COST KB >> 0.249 +/- 0.016, % updates Left: 11.41%  Right: 10.57%
2017-04-09 05:03:29,452 INFO: 	COST TEXT >> 0.104 +/- 0.006, % updates Left: 0.0% Right: 0.0% Text: 5.39%
2017-04-09 05:11:11,946 INFO: ----------------------------------------------------------------------------
2017-04-09 05:11:11,946 INFO: EPOCH 69 (462.494 seconds):
2017-04-09 05:11:11,947 INFO: 	Average L2 norm of relation vector: 0.09442
2017-04-09 05:11:11,948 INFO: 	COST KB >> 0.248 +/- 0.014, % updates Left: 11.33%  Right: 10.57%
2017-04-09 05:11:11,948 INFO: 	COST TEXT >> 0.105 +/- 0.006, % updates Left: 0.0% Right: 0.0% Text: 5.42%
2017-04-09 05:18:21,980 INFO: ----------------------------------------------------------------------------
2017-04-09 05:18:21,990 INFO: EPOCH 70 (430.041 seconds):
2017-04-09 05:18:21,992 INFO: 	Average L2 norm of relation vector: 0.09458
2017-04-09 05:18:21,992 INFO: 	COST KB >> 0.247 +/- 0.016, % updates Left: 11.31%  Right: 10.53%
2017-04-09 05:18:21,993 INFO: 	COST TEXT >> 0.104 +/- 0.005, % updates Left: 0.0% Right: 0.0% Text: 5.4%
2017-04-09 05:18:21,993 INFO: 	FilteredRanking: evaluating rank on 1000 triples
2017-04-09 05:19:23,222 INFO: 	FilteredRanking: evaluating rank on 1000 triples
2017-04-09 05:20:22,572 INFO: 	MEAN RANK >> valid: 837.3, train: 423.7
2017-04-09 05:20:22,573 INFO: 		MEAN RANK TRAIN: Left: 447.7 Rel: 0.0 Right: 399.7
2017-04-09 05:20:22,574 INFO: 		MEAN RANK VALID: Left: 910.1 Rel: 0.0 Right: 764.5
2017-04-09 05:20:22,574 INFO: 		MEAN RECIPROCAL RANK VALID (L & R): 0.1285
2017-04-09 05:20:22,574 INFO: 	FilteredRanking: evaluating rank on 1000 triples
2017-04-09 05:21:18,041 INFO: 	NEW BEST TEST MR: 840.4
2017-04-09 05:21:18,042 INFO: 		Left MR: 890.9 Rel MR: 0.0 Right MR: 789.9
2017-04-09 05:21:19,368 INFO: 	(ranking took 177.375 seconds)
2017-04-09 05:29:02,850 INFO: ----------------------------------------------------------------------------
2017-04-09 05:29:02,850 INFO: EPOCH 71 (463.482 seconds):
2017-04-09 05:29:02,851 INFO: 	Average L2 norm of relation vector: 0.09473
2017-04-09 05:29:02,851 INFO: 	COST KB >> 0.246 +/- 0.015, % updates Left: 11.33%  Right: 10.54%
2017-04-09 05:29:02,852 INFO: 	COST TEXT >> 0.105 +/- 0.006, % updates Left: 0.0% Right: 0.0% Text: 5.42%
2017-04-09 05:37:07,784 INFO: ----------------------------------------------------------------------------
2017-04-09 05:37:07,786 INFO: EPOCH 72 (484.934 seconds):
2017-04-09 05:37:07,788 INFO: 	Average L2 norm of relation vector: 0.09484
2017-04-09 05:37:07,789 INFO: 	COST KB >> 0.247 +/- 0.016, % updates Left: 11.27%  Right: 10.55%
2017-04-09 05:37:07,789 INFO: 	COST TEXT >> 0.106 +/- 0.006, % updates Left: 0.0% Right: 0.0% Text: 5.44%
2017-04-09 05:44:50,076 INFO: ----------------------------------------------------------------------------
2017-04-09 05:44:50,078 INFO: EPOCH 73 (462.288 seconds):
2017-04-09 05:44:50,079 INFO: 	Average L2 norm of relation vector: 0.095
2017-04-09 05:44:50,079 INFO: 	COST KB >> 0.247 +/- 0.014, % updates Left: 11.28%  Right: 10.52%
2017-04-09 05:44:50,080 INFO: 	COST TEXT >> 0.104 +/- 0.006, % updates Left: 0.0% Right: 0.0% Text: 5.39%
2017-04-09 05:52:04,750 INFO: ----------------------------------------------------------------------------
2017-04-09 05:52:04,750 INFO: EPOCH 74 (434.67 seconds):
2017-04-09 05:52:04,751 INFO: 	Average L2 norm of relation vector: 0.09512
2017-04-09 05:52:04,752 INFO: 	COST KB >> 0.247 +/- 0.013, % updates Left: 11.29%  Right: 10.51%
2017-04-09 05:52:04,752 INFO: 	COST TEXT >> 0.104 +/- 0.006, % updates Left: 0.0% Right: 0.0% Text: 5.38%
2017-04-09 05:59:12,814 INFO: ----------------------------------------------------------------------------
2017-04-09 05:59:12,814 INFO: EPOCH 75 (428.062 seconds):
2017-04-09 05:59:12,815 INFO: 	Average L2 norm of relation vector: 0.09526
2017-04-09 05:59:12,815 INFO: 	COST KB >> 0.246 +/- 0.015, % updates Left: 11.26%  Right: 10.58%
2017-04-09 05:59:12,815 INFO: 	COST TEXT >> 0.105 +/- 0.006, % updates Left: 0.0% Right: 0.0% Text: 5.41%
2017-04-09 06:06:37,832 INFO: ----------------------------------------------------------------------------
2017-04-09 06:06:37,833 INFO: EPOCH 76 (445.017 seconds):
2017-04-09 06:06:37,834 INFO: 	Average L2 norm of relation vector: 0.09537
2017-04-09 06:06:37,835 INFO: 	COST KB >> 0.248 +/- 0.015, % updates Left: 11.3%  Right: 10.56%
2017-04-09 06:06:37,835 INFO: 	COST TEXT >> 0.105 +/- 0.006, % updates Left: 0.0% Right: 0.0% Text: 5.39%
2017-04-09 06:13:52,172 INFO: ----------------------------------------------------------------------------
2017-04-09 06:13:52,173 INFO: EPOCH 77 (434.337 seconds):
2017-04-09 06:13:52,173 INFO: 	Average L2 norm of relation vector: 0.09551
2017-04-09 06:13:52,174 INFO: 	COST KB >> 0.247 +/- 0.014, % updates Left: 11.3%  Right: 10.51%
2017-04-09 06:13:52,174 INFO: 	COST TEXT >> 0.104 +/- 0.006, % updates Left: 0.0% Right: 0.0% Text: 5.36%
2017-04-09 06:21:04,909 INFO: ----------------------------------------------------------------------------
2017-04-09 06:21:04,914 INFO: EPOCH 78 (432.739 seconds):
2017-04-09 06:21:04,915 INFO: 	Average L2 norm of relation vector: 0.09567
2017-04-09 06:21:04,916 INFO: 	COST KB >> 0.247 +/- 0.014, % updates Left: 11.29%  Right: 10.57%
2017-04-09 06:21:04,916 INFO: 	COST TEXT >> 0.103 +/- 0.006, % updates Left: 0.0% Right: 0.0% Text: 5.37%
2017-04-09 06:28:52,182 INFO: ----------------------------------------------------------------------------
2017-04-09 06:28:52,182 INFO: EPOCH 79 (467.266 seconds):
2017-04-09 06:28:52,183 INFO: 	Average L2 norm of relation vector: 0.09582
2017-04-09 06:28:52,183 INFO: 	COST KB >> 0.247 +/- 0.013, % updates Left: 11.32%  Right: 10.6%
2017-04-09 06:28:52,184 INFO: 	COST TEXT >> 0.104 +/- 0.006, % updates Left: 0.0% Right: 0.0% Text: 5.37%
2017-04-09 06:36:00,803 INFO: ----------------------------------------------------------------------------
2017-04-09 06:36:00,803 INFO: EPOCH 80 (428.619 seconds):
2017-04-09 06:36:00,803 INFO: 	Average L2 norm of relation vector: 0.09595
2017-04-09 06:36:00,804 INFO: 	COST KB >> 0.246 +/- 0.016, % updates Left: 11.23%  Right: 10.55%
2017-04-09 06:36:00,804 INFO: 	COST TEXT >> 0.104 +/- 0.006, % updates Left: 0.0% Right: 0.0% Text: 5.38%
2017-04-09 06:36:00,804 INFO: 	FilteredRanking: evaluating rank on 1000 triples
2017-04-09 06:37:02,091 INFO: 	FilteredRanking: evaluating rank on 1000 triples
2017-04-09 06:38:03,121 INFO: 	MEAN RANK >> valid: 760.7, train: 377.9
2017-04-09 06:38:03,121 INFO: 		MEAN RANK TRAIN: Left: 371.2 Rel: 0.0 Right: 384.5
2017-04-09 06:38:03,122 INFO: 		MEAN RANK VALID: Left: 800.6 Rel: 0.0 Right: 720.8
2017-04-09 06:38:03,122 INFO: 		MEAN RECIPROCAL RANK VALID (L & R): 0.107
2017-04-09 06:38:03,122 WARNING: EARLY STOPPING, failed to improve MRR on valid after 30 epochs
2017-04-09 06:38:03,122 INFO: ----------------------------------------------------------------------------
2017-04-09 06:38:03,122 INFO: ----------------------------------------------------------------------------
2017-04-09 06:38:04,945 INFO: 	Ranking model on all examples from test. Each example ranked against 14951 other entities
2017-04-09 06:38:05,339 INFO: 	Ranking: evaluating rank on 59071 triples
2017-04-09 07:20:11,030 INFO: left_ranks: (59071,), right_ranks: (59071,), rel_ranks: (59071,)
2017-04-09 07:20:11,049 INFO: max left_ranks: 14951, max right_ranks: 14951, max rel_ranks: 0
2017-04-09 07:20:11,552 INFO: MICRO RAW:
2017-04-09 07:20:11,553 INFO: 	Left mean rank: 996.646, MRR: 0.104, median rank: 147.0, hits@10: 19.756%
2017-04-09 07:20:11,553 INFO: 	Right mean rank: 879.05, MRR: 0.156, median rank: 69.0, hits@10: 27.108%
2017-04-09 07:20:11,553 INFO: 	Global mean rank: 937.848, MRR: 0.13, median rank: 102.0, hits@10: 23.432%
2017-04-09 07:20:11,553 INFO: MACRO RAW
2017-04-09 07:20:11,553 INFO: 	Left mean rank: 956.023, MRR: 0.178, median rank: 52.0, hits@10: 30.918%
2017-04-09 07:20:11,553 INFO: 	Right mean rank: 973.494, MRR: 0.232, median rank: 34.0, hits@10: 37.977%
2017-04-09 07:20:11,554 INFO: 	Global mean rank: 964.758, MRR: 0.205, median rank: 35.5, hits@10: 34.448%
2017-04-09 07:20:11,584 INFO: Ranking model on all examples from test. Each example ranked against 14951 other entities which are FILTERED
2017-04-09 07:20:12,476 INFO: 	FilteredRanking: evaluating rank on 59071 triples
2017-04-09 08:21:37,412 INFO: MICRO FILTERED:
2017-04-09 08:21:37,417 INFO: 	Left mean rank: 869.11777, MRR: 0.16782, median rank: 72.0, hits@10: 27.917%
2017-04-09 08:21:37,418 INFO: 	Right mean rank: 798.79438, MRR: 0.21186, median rank: 45.0, hits@10: 33.475%
2017-04-09 08:21:37,418 INFO: 	Global mean rank: 833.95608, MRR: 0.18984, median rank: 58.0, hits@10: 30.696%
2017-04-09 08:21:37,418 INFO: MACRO FILTERED
2017-04-09 08:21:37,418 INFO: 	Left mean rank: 927.26216, MRR: 0.23073, median rank: 36.0, hits@10: 37.831%
2017-04-09 08:21:37,418 INFO: 	Right mean rank: 959.86394, MRR: 0.27656, median rank: 25.5, hits@10: 42.123%
2017-04-09 08:21:37,418 INFO: 	Global mean rank: 943.56305, MRR: 0.25365, median rank: 30.5, hits@10: 39.977%
2017-04-09 08:21:37,457 WARNING: Removing key file /Users/corbinrosset/.theano/compiledir_Darwin-14.5.0-x86_64-i386-64bit-i386-2.7.12-64/tmpsJW3eE/key.pkl because the corresponding module is gone from the file system.
2017-04-09 08:21:37,458 WARNING: Removing key file /Users/corbinrosset/.theano/compiledir_Darwin-14.5.0-x86_64-i386-64bit-i386-2.7.12-64/tmpVzb55m/key.pkl because the corresponding module is gone from the file system.
2017-04-09 08:21:37,458 WARNING: Removing key file /Users/corbinrosset/.theano/compiledir_Darwin-14.5.0-x86_64-i386-64bit-i386-2.7.12-64/tmp8Wmam8/key.pkl because the corresponding module is gone from the file system.
2017-04-09 08:21:37,459 WARNING: Removing key file /Users/corbinrosset/.theano/compiledir_Darwin-14.5.0-x86_64-i386-64bit-i386-2.7.12-64/tmpzW3Lqr/key.pkl because the corresponding module is gone from the file system.
2017-04-09 08:21:37,459 WARNING: Removing key file /Users/corbinrosset/.theano/compiledir_Darwin-14.5.0-x86_64-i386-64bit-i386-2.7.12-64/tmpkjo8LA/key.pkl because the corresponding module is gone from the file system.
2017-04-09 08:21:37,460 WARNING: Removing key file /Users/corbinrosset/.theano/compiledir_Darwin-14.5.0-x86_64-i386-64bit-i386-2.7.12-64/tmpmC6O_e/key.pkl because the corresponding module is gone from the file system.
2017-04-09 08:21:37,460 WARNING: Removing key file /Users/corbinrosset/.theano/compiledir_Darwin-14.5.0-x86_64-i386-64bit-i386-2.7.12-64/tmpYcg_yW/key.pkl because the corresponding module is gone from the file system.
2017-04-09 08:21:37,460 WARNING: Removing key file /Users/corbinrosset/.theano/compiledir_Darwin-14.5.0-x86_64-i386-64bit-i386-2.7.12-64/tmpqCBpty/key.pkl because the corresponding module is gone from the file system.
2017-04-09 08:21:37,461 WARNING: Removing key file /Users/corbinrosset/.theano/compiledir_Darwin-14.5.0-x86_64-i386-64bit-i386-2.7.12-64/tmpGvlVA0/key.pkl because the corresponding module is gone from the file system.
2017-04-09 08:21:37,461 WARNING: Removing key file /Users/corbinrosset/.theano/compiledir_Darwin-14.5.0-x86_64-i386-64bit-i386-2.7.12-64/tmpZDSmeE/key.pkl because the corresponding module is gone from the file system.
2017-04-09 08:21:37,462 WARNING: Removing key file /Users/corbinrosset/.theano/compiledir_Darwin-14.5.0-x86_64-i386-64bit-i386-2.7.12-64/tmpg2Nt58/key.pkl because the corresponding module is gone from the file system.
2017-04-09 08:21:37,462 WARNING: Removing key file /Users/corbinrosset/.theano/compiledir_Darwin-14.5.0-x86_64-i386-64bit-i386-2.7.12-64/tmp8rpyTL/key.pkl because the corresponding module is gone from the file system.
2017-04-09 08:21:37,462 WARNING: Removing key file /Users/corbinrosset/.theano/compiledir_Darwin-14.5.0-x86_64-i386-64bit-i386-2.7.12-64/tmp17ruxW/key.pkl because the corresponding module is gone from the file system.
2017-04-09 08:21:37,463 WARNING: Removing key file /Users/corbinrosset/.theano/compiledir_Darwin-14.5.0-x86_64-i386-64bit-i386-2.7.12-64/tmpah9Ls2/key.pkl because the corresponding module is gone from the file system.
2017-04-09 08:21:37,463 WARNING: Removing key file /Users/corbinrosset/.theano/compiledir_Darwin-14.5.0-x86_64-i386-64bit-i386-2.7.12-64/tmpXEFSiA/key.pkl because the corresponding module is gone from the file system.
2017-04-09 08:21:37,463 WARNING: Removing key file /Users/corbinrosset/.theano/compiledir_Darwin-14.5.0-x86_64-i386-64bit-i386-2.7.12-64/tmpQOTZGp/key.pkl because the corresponding module is gone from the file system.
2017-04-09 08:21:37,463 WARNING: Removing key file /Users/corbinrosset/.theano/compiledir_Darwin-14.5.0-x86_64-i386-64bit-i386-2.7.12-64/tmpjoBzsv/key.pkl because the corresponding module is gone from the file system.
2017-04-09 08:21:37,464 WARNING: Removing key file /Users/corbinrosset/.theano/compiledir_Darwin-14.5.0-x86_64-i386-64bit-i386-2.7.12-64/tmpTcMEFv/key.pkl because the corresponding module is gone from the file system.
2017-04-09 08:21:37,464 WARNING: Removing key file /Users/corbinrosset/.theano/compiledir_Darwin-14.5.0-x86_64-i386-64bit-i386-2.7.12-64/tmpB_5jy4/key.pkl because the corresponding module is gone from the file system.
2017-04-09 08:21:37,464 WARNING: Removing key file /Users/corbinrosset/.theano/compiledir_Darwin-14.5.0-x86_64-i386-64bit-i386-2.7.12-64/tmpkKBoj7/key.pkl because the corresponding module is gone from the file system.
2017-04-09 08:21:37,465 WARNING: Removing key file /Users/corbinrosset/.theano/compiledir_Darwin-14.5.0-x86_64-i386-64bit-i386-2.7.12-64/tmpQUdO7l/key.pkl because the corresponding module is gone from the file system.
2017-04-09 08:21:37,465 WARNING: Removing key file /Users/corbinrosset/.theano/compiledir_Darwin-14.5.0-x86_64-i386-64bit-i386-2.7.12-64/tmprsD8gt/key.pkl because the corresponding module is gone from the file system.
