2017-03-20 03:23:44,143 INFO: logger initialized for experiment identifier: ModelE_Sum_ndim_100_marg_1.0_lrate_0.01_cost_margincost_pos_high_reg_0.01_REL
2017-03-20 03:23:44,143 INFO: DD{'ndim': 100, 'test_all': 10, 'Nsyn_rel': 1345, 'totepochs': 500, 'bestvalidMRR': -1, 'loadmodel': False, 'lremb': 0.01, 'nvalid': 1000, 'seed': 123, 'marge': 1.0, 'margincostfunction': 'margincost_pos_high', 'simfn': 'Sum', 'savepath': '/Users/corbinrosset/Dropbox/Arora/QA-code/src/KBC_Text/outputs/FB15k_ModelE/ModelE_Sum_ndim_100_marg_1.0_lrate_0.01_cost_margincost_pos_high_reg_0.01_REL', 'dataset': 'FB15k', 'nbatches': 100, 'identifier': 'ModelE_Sum_ndim_100_marg_1.0_lrate_0.01_cost_margincost_pos_high_reg_0.01_REL', 'lrparam': 0.01, 'loademb': False, 'datapath': '/Users/corbinrosset/Dropbox/Arora/QA-code/src/KBC_Text/data/', 'ntrain': 1000, 'Nrel': 1345, 'experiment_type': 'FB15kexp', 'rel': True, 'Nent': 16296, 'logger': <logging.RootLogger object at 0x103357c90>, 'ntest': 1000, 'Nsyn': 14951, 'reg': 0.01, 'op': 'ModelE'}
2017-03-20 03:23:45,893 DEBUG: FB15kexp: load_FB15k_data(): trainl(16296, 483142), trainr(16296, 483142), traino(1345, 483142), trainlidx(1000,)
2017-03-20 03:23:47,740 DEBUG: Training to rank RELATIONS as well!
2017-03-20 03:23:47,740 DEBUG: loaded data and constructed model...
2017-03-20 03:23:47,740 DEBUG: num epochs: 500
2017-03-20 03:23:47,740 DEBUG: num batches per epoch: 100
2017-03-20 03:23:47,741 DEBUG: batchsize: 4831
2017-03-20 03:23:47,741 DEBUG: left and right entity ranking functions will rank a slot against 14951 competitors
2017-03-20 03:23:47,741 INFO: BEGIN TRAINING
2017-03-20 03:24:16,334 INFO: ----------------------------------------------------------------------------
2017-03-20 03:24:16,335 INFO: EPOCH 1 (28.594 seconds):
2017-03-20 03:24:16,348 INFO: 	Average L2 norm of relation vector: 0.04013
2017-03-20 03:24:16,348 INFO: 	COST >> 0.942 +/- 0.643, % updates Left: 53.19% Rel: 24.95% Right: 46.62%
2017-03-20 03:24:42,370 INFO: ----------------------------------------------------------------------------
2017-03-20 03:24:42,370 INFO: EPOCH 2 (26.022 seconds):
2017-03-20 03:24:42,371 INFO: 	Average L2 norm of relation vector: 0.04522
2017-03-20 03:24:42,371 INFO: 	COST >> 0.264 +/- 0.034, % updates Left: 20.92% Rel: 3.2% Right: 17.48%
2017-03-20 03:25:08,846 INFO: ----------------------------------------------------------------------------
2017-03-20 03:25:08,846 INFO: EPOCH 3 (26.475 seconds):
2017-03-20 03:25:08,847 INFO: 	Average L2 norm of relation vector: 0.04796
2017-03-20 03:25:08,847 INFO: 	COST >> 0.189 +/- 0.011, % updates Left: 14.34% Rel: 1.57% Right: 12.46%
2017-03-20 03:25:36,832 INFO: ----------------------------------------------------------------------------
2017-03-20 03:25:36,832 INFO: EPOCH 4 (27.985 seconds):
2017-03-20 03:25:36,833 INFO: 	Average L2 norm of relation vector: 0.04983
2017-03-20 03:25:36,834 INFO: 	COST >> 0.162 +/- 0.007, % updates Left: 11.87% Rel: 1.03% Right: 10.29%
2017-03-20 03:26:09,337 INFO: ----------------------------------------------------------------------------
2017-03-20 03:26:09,338 INFO: EPOCH 5 (32.504 seconds):
2017-03-20 03:26:09,339 INFO: 	Average L2 norm of relation vector: 0.0512
2017-03-20 03:26:09,340 INFO: 	COST >> 0.145 +/- 0.006, % updates Left: 10.36% Rel: 0.75% Right: 9.03%
2017-03-20 03:26:47,416 INFO: ----------------------------------------------------------------------------
2017-03-20 03:26:47,416 INFO: EPOCH 6 (38.076 seconds):
2017-03-20 03:26:47,418 INFO: 	Average L2 norm of relation vector: 0.05226
2017-03-20 03:26:47,418 INFO: 	COST >> 0.136 +/- 0.005, % updates Left: 9.41% Rel: 0.6% Right: 8.27%
2017-03-20 03:27:30,763 INFO: ----------------------------------------------------------------------------
2017-03-20 03:27:30,766 INFO: EPOCH 7 (43.347 seconds):
2017-03-20 03:27:30,767 INFO: 	Average L2 norm of relation vector: 0.0531
2017-03-20 03:27:30,768 INFO: 	COST >> 0.131 +/- 0.005, % updates Left: 8.8% Rel: 0.51% Right: 7.76%
2017-03-20 03:28:14,210 INFO: ----------------------------------------------------------------------------
2017-03-20 03:28:14,211 INFO: EPOCH 8 (43.442 seconds):
2017-03-20 03:28:14,212 INFO: 	Average L2 norm of relation vector: 0.0538
2017-03-20 03:28:14,213 INFO: 	COST >> 0.125 +/- 0.005, % updates Left: 8.29% Rel: 0.43% Right: 7.32%
2017-03-20 03:28:54,835 INFO: ----------------------------------------------------------------------------
2017-03-20 03:28:54,836 INFO: EPOCH 9 (40.623 seconds):
2017-03-20 03:28:54,837 INFO: 	Average L2 norm of relation vector: 0.05436
2017-03-20 03:28:54,838 INFO: 	COST >> 0.122 +/- 0.006, % updates Left: 7.92% Rel: 0.37% Right: 7.02%
2017-03-20 03:29:35,379 INFO: ----------------------------------------------------------------------------
2017-03-20 03:29:35,380 INFO: EPOCH 10 (40.542 seconds):
2017-03-20 03:29:35,381 INFO: 	Average L2 norm of relation vector: 0.05486
2017-03-20 03:29:35,382 INFO: 	COST >> 0.119 +/- 0.005, % updates Left: 7.72% Rel: 0.33% Right: 6.75%
2017-03-20 03:29:35,382 INFO: 	FilteredRanking: evaluating rank on 1000 triples
2017-03-20 03:30:35,681 INFO: 	FilteredRanking: evaluating rank on 1000 triples
2017-03-20 03:31:33,672 INFO: 	MEAN RANK >> valid: 376.2, train: 300.4
2017-03-20 03:31:33,672 INFO: 		MEAN RANK TRAIN: Left: 312.2 Rel: 5.7 Right: 288.5
2017-03-20 03:31:33,673 INFO: 		MEAN RANK VALID: Left: 390.1 Rel: 6.2 Right: 362.4
2017-03-20 03:31:33,673 INFO: 		MEAN RECIPROCAL RANK VALID (L & R): 0.1155
2017-03-20 03:31:33,673 INFO: 	FilteredRanking: evaluating rank on 1000 triples
2017-03-20 03:32:29,287 INFO: 	NEW BEST TEST MR: 364.3
2017-03-20 03:32:29,289 INFO: 		Left MR: 385.8 Rel MR: 6.9 Right MR: 342.9
2017-03-20 03:32:29,364 INFO: 	(ranking took 173.982 seconds)
2017-03-20 03:33:09,578 INFO: ----------------------------------------------------------------------------
2017-03-20 03:33:09,578 INFO: EPOCH 11 (40.214 seconds):
2017-03-20 03:33:09,579 INFO: 	Average L2 norm of relation vector: 0.0553
2017-03-20 03:33:09,580 INFO: 	COST >> 0.115 +/- 0.005, % updates Left: 7.42% Rel: 0.31% Right: 6.46%
2017-03-20 03:33:47,282 INFO: ----------------------------------------------------------------------------
2017-03-20 03:33:47,282 INFO: EPOCH 12 (37.702 seconds):
2017-03-20 03:33:47,284 INFO: 	Average L2 norm of relation vector: 0.05566
2017-03-20 03:33:47,284 INFO: 	COST >> 0.114 +/- 0.006, % updates Left: 7.26% Rel: 0.28% Right: 6.35%
2017-03-20 03:34:24,721 INFO: ----------------------------------------------------------------------------
2017-03-20 03:34:24,721 INFO: EPOCH 13 (37.436 seconds):
2017-03-20 03:34:24,723 INFO: 	Average L2 norm of relation vector: 0.05597
2017-03-20 03:34:24,724 INFO: 	COST >> 0.113 +/- 0.006, % updates Left: 7.08% Rel: 0.25% Right: 6.18%
2017-03-20 03:35:02,525 INFO: ----------------------------------------------------------------------------
2017-03-20 03:35:02,525 INFO: EPOCH 14 (37.801 seconds):
2017-03-20 03:35:02,526 INFO: 	Average L2 norm of relation vector: 0.05625
2017-03-20 03:35:02,526 INFO: 	COST >> 0.111 +/- 0.005, % updates Left: 6.91% Rel: 0.23% Right: 6.08%
2017-03-20 03:35:44,298 INFO: ----------------------------------------------------------------------------
2017-03-20 03:35:44,298 INFO: EPOCH 15 (41.771 seconds):
2017-03-20 03:35:44,300 INFO: 	Average L2 norm of relation vector: 0.05649
2017-03-20 03:35:44,301 INFO: 	COST >> 0.109 +/- 0.005, % updates Left: 6.75% Rel: 0.23% Right: 5.94%
2017-03-20 03:36:25,720 INFO: ----------------------------------------------------------------------------
2017-03-20 03:36:25,721 INFO: EPOCH 16 (41.419 seconds):
2017-03-20 03:36:25,723 INFO: 	Average L2 norm of relation vector: 0.05669
2017-03-20 03:36:25,724 INFO: 	COST >> 0.109 +/- 0.005, % updates Left: 6.62% Rel: 0.21% Right: 5.88%
2017-03-20 03:37:08,388 INFO: ----------------------------------------------------------------------------
2017-03-20 03:37:08,388 INFO: EPOCH 17 (42.663 seconds):
2017-03-20 03:37:08,389 INFO: 	Average L2 norm of relation vector: 0.05686
2017-03-20 03:37:08,390 INFO: 	COST >> 0.107 +/- 0.005, % updates Left: 6.54% Rel: 0.2% Right: 5.77%
2017-03-20 03:37:50,478 INFO: ----------------------------------------------------------------------------
2017-03-20 03:37:50,478 INFO: EPOCH 18 (42.088 seconds):
2017-03-20 03:37:50,479 INFO: 	Average L2 norm of relation vector: 0.05702
2017-03-20 03:37:50,480 INFO: 	COST >> 0.106 +/- 0.005, % updates Left: 6.48% Rel: 0.2% Right: 5.62%
2017-03-20 03:38:30,933 INFO: ----------------------------------------------------------------------------
2017-03-20 03:38:30,934 INFO: EPOCH 19 (40.453 seconds):
2017-03-20 03:38:30,935 INFO: 	Average L2 norm of relation vector: 0.05716
2017-03-20 03:38:30,936 INFO: 	COST >> 0.106 +/- 0.005, % updates Left: 6.41% Rel: 0.19% Right: 5.65%
2017-03-20 03:39:11,419 INFO: ----------------------------------------------------------------------------
2017-03-20 03:39:11,420 INFO: EPOCH 20 (40.483 seconds):
2017-03-20 03:39:11,421 INFO: 	Average L2 norm of relation vector: 0.05728
2017-03-20 03:39:11,421 INFO: 	COST >> 0.105 +/- 0.005, % updates Left: 6.32% Rel: 0.17% Right: 5.54%
2017-03-20 03:39:11,422 INFO: 	FilteredRanking: evaluating rank on 1000 triples
2017-03-20 03:40:10,130 INFO: 	FilteredRanking: evaluating rank on 1000 triples
2017-03-20 03:41:12,656 INFO: 	MEAN RANK >> valid: 356.6, train: 282.8
2017-03-20 03:41:12,658 INFO: 		MEAN RANK TRAIN: Left: 289.8 Rel: 5.5 Right: 275.8
2017-03-20 03:41:12,659 INFO: 		MEAN RANK VALID: Left: 380.1 Rel: 6.5 Right: 333.1
2017-03-20 03:41:12,660 INFO: 		MEAN RECIPROCAL RANK VALID (L & R): 0.125
2017-03-20 03:41:12,660 INFO: 	FilteredRanking: evaluating rank on 1000 triples
2017-03-20 03:42:10,270 INFO: 	NEW BEST TEST MR: 343.9
2017-03-20 03:42:10,271 INFO: 		Left MR: 355.0 Rel MR: 6.3 Right MR: 332.8
2017-03-20 03:42:10,343 INFO: 	(ranking took 178.921 seconds)
2017-03-20 03:42:55,889 INFO: ----------------------------------------------------------------------------
2017-03-20 03:42:55,889 INFO: EPOCH 21 (45.546 seconds):
2017-03-20 03:42:55,891 INFO: 	Average L2 norm of relation vector: 0.0574
2017-03-20 03:42:55,892 INFO: 	COST >> 0.105 +/- 0.005, % updates Left: 6.28% Rel: 0.18% Right: 5.52%
2017-03-20 03:43:38,866 INFO: ----------------------------------------------------------------------------
2017-03-20 03:43:38,867 INFO: EPOCH 22 (42.974 seconds):
2017-03-20 03:43:38,868 INFO: 	Average L2 norm of relation vector: 0.05747
2017-03-20 03:43:38,869 INFO: 	COST >> 0.103 +/- 0.005, % updates Left: 6.14% Rel: 0.17% Right: 5.47%
2017-03-20 03:44:21,449 INFO: ----------------------------------------------------------------------------
2017-03-20 03:44:21,449 INFO: EPOCH 23 (42.579 seconds):
2017-03-20 03:44:21,450 INFO: 	Average L2 norm of relation vector: 0.05756
2017-03-20 03:44:21,450 INFO: 	COST >> 0.103 +/- 0.005, % updates Left: 6.12% Rel: 0.17% Right: 5.43%
2017-03-20 03:45:05,764 INFO: ----------------------------------------------------------------------------
2017-03-20 03:45:05,765 INFO: EPOCH 24 (44.314 seconds):
2017-03-20 03:45:05,767 INFO: 	Average L2 norm of relation vector: 0.05763
2017-03-20 03:45:05,768 INFO: 	COST >> 0.102 +/- 0.005, % updates Left: 6.05% Rel: 0.16% Right: 5.39%
2017-03-20 03:45:52,806 INFO: ----------------------------------------------------------------------------
2017-03-20 03:45:52,806 INFO: EPOCH 25 (47.038 seconds):
2017-03-20 03:45:52,807 INFO: 	Average L2 norm of relation vector: 0.05768
2017-03-20 03:45:52,808 INFO: 	COST >> 0.101 +/- 0.005, % updates Left: 6.01% Rel: 0.15% Right: 5.33%
2017-03-20 03:46:40,870 INFO: ----------------------------------------------------------------------------
2017-03-20 03:46:40,871 INFO: EPOCH 26 (48.063 seconds):
2017-03-20 03:46:40,872 INFO: 	Average L2 norm of relation vector: 0.05774
2017-03-20 03:46:40,873 INFO: 	COST >> 0.101 +/- 0.006, % updates Left: 5.97% Rel: 0.16% Right: 5.28%
2017-03-20 03:47:27,796 INFO: ----------------------------------------------------------------------------
2017-03-20 03:47:27,797 INFO: EPOCH 27 (46.924 seconds):
2017-03-20 03:47:27,798 INFO: 	Average L2 norm of relation vector: 0.05778
2017-03-20 03:47:27,799 INFO: 	COST >> 0.101 +/- 0.005, % updates Left: 5.9% Rel: 0.16% Right: 5.26%
2017-03-20 03:48:15,494 INFO: ----------------------------------------------------------------------------
2017-03-20 03:48:15,494 INFO: EPOCH 28 (47.693 seconds):
2017-03-20 03:48:15,496 INFO: 	Average L2 norm of relation vector: 0.05782
2017-03-20 03:48:15,497 INFO: 	COST >> 0.099 +/- 0.005, % updates Left: 5.85% Rel: 0.15% Right: 5.16%
2017-03-20 03:49:01,121 INFO: ----------------------------------------------------------------------------
2017-03-20 03:49:01,121 INFO: EPOCH 29 (45.624 seconds):
2017-03-20 03:49:01,123 INFO: 	Average L2 norm of relation vector: 0.05783
2017-03-20 03:49:01,124 INFO: 	COST >> 0.099 +/- 0.004, % updates Left: 5.81% Rel: 0.15% Right: 5.19%
2017-03-20 03:49:46,348 INFO: ----------------------------------------------------------------------------
2017-03-20 03:49:46,349 INFO: EPOCH 30 (45.225 seconds):
2017-03-20 03:49:46,350 INFO: 	Average L2 norm of relation vector: 0.05784
2017-03-20 03:49:46,350 INFO: 	COST >> 0.101 +/- 0.005, % updates Left: 5.87% Rel: 0.15% Right: 5.19%
2017-03-20 03:49:46,351 INFO: 	FilteredRanking: evaluating rank on 1000 triples
2017-03-20 03:50:50,548 INFO: 	FilteredRanking: evaluating rank on 1000 triples
2017-03-20 03:51:54,316 INFO: 	MEAN RANK >> valid: 346.9, train: 269.1
2017-03-20 03:51:54,317 INFO: 		MEAN RANK TRAIN: Left: 278.6 Rel: 5.1 Right: 259.6
2017-03-20 03:51:54,318 INFO: 		MEAN RANK VALID: Left: 360.6 Rel: 7.0 Right: 333.2
2017-03-20 03:51:54,318 INFO: 		MEAN RECIPROCAL RANK VALID (L & R): 0.1155
2017-03-20 03:51:54,318 WARNING: 	WARNING, failed to improve MRR on valid, 2 chances left

2017-03-20 03:51:54,400 INFO: 	(ranking took 128.05 seconds)
2017-03-20 03:52:41,985 INFO: ----------------------------------------------------------------------------
2017-03-20 03:52:41,985 INFO: EPOCH 31 (47.585 seconds):
2017-03-20 03:52:41,986 INFO: 	Average L2 norm of relation vector: 0.05788
2017-03-20 03:52:41,987 INFO: 	COST >> 0.098 +/- 0.004, % updates Left: 5.79% Rel: 0.15% Right: 5.09%
2017-03-20 03:53:25,882 INFO: ----------------------------------------------------------------------------
2017-03-20 03:53:25,882 INFO: EPOCH 32 (43.895 seconds):
2017-03-20 03:53:25,883 INFO: 	Average L2 norm of relation vector: 0.05789
2017-03-20 03:53:25,884 INFO: 	COST >> 0.098 +/- 0.005, % updates Left: 5.76% Rel: 0.14% Right: 5.06%
2017-03-20 03:54:08,223 INFO: ----------------------------------------------------------------------------
2017-03-20 03:54:08,224 INFO: EPOCH 33 (42.339 seconds):
2017-03-20 03:54:08,225 INFO: 	Average L2 norm of relation vector: 0.0579
2017-03-20 03:54:08,225 INFO: 	COST >> 0.097 +/- 0.005, % updates Left: 5.69% Rel: 0.14% Right: 5.08%
2017-03-20 03:54:53,297 INFO: ----------------------------------------------------------------------------
2017-03-20 03:54:53,297 INFO: EPOCH 34 (45.072 seconds):
2017-03-20 03:54:53,298 INFO: 	Average L2 norm of relation vector: 0.05791
2017-03-20 03:54:53,299 INFO: 	COST >> 0.098 +/- 0.005, % updates Left: 5.73% Rel: 0.14% Right: 5.09%
2017-03-20 03:55:37,136 INFO: ----------------------------------------------------------------------------
2017-03-20 03:55:37,136 INFO: EPOCH 35 (43.837 seconds):
2017-03-20 03:55:37,137 INFO: 	Average L2 norm of relation vector: 0.05789
2017-03-20 03:55:37,137 INFO: 	COST >> 0.097 +/- 0.005, % updates Left: 5.6% Rel: 0.14% Right: 5.0%
2017-03-20 03:56:25,010 INFO: ----------------------------------------------------------------------------
2017-03-20 03:56:25,011 INFO: EPOCH 36 (47.873 seconds):
2017-03-20 03:56:25,013 INFO: 	Average L2 norm of relation vector: 0.05788
2017-03-20 03:56:25,014 INFO: 	COST >> 0.097 +/- 0.005, % updates Left: 5.66% Rel: 0.13% Right: 4.98%
2017-03-20 03:57:13,214 INFO: ----------------------------------------------------------------------------
2017-03-20 03:57:13,215 INFO: EPOCH 37 (48.2 seconds):
2017-03-20 03:57:13,216 INFO: 	Average L2 norm of relation vector: 0.05785
2017-03-20 03:57:13,217 INFO: 	COST >> 0.097 +/- 0.005, % updates Left: 5.6% Rel: 0.13% Right: 4.99%
2017-03-20 03:58:01,685 INFO: ----------------------------------------------------------------------------
2017-03-20 03:58:01,685 INFO: EPOCH 38 (48.468 seconds):
2017-03-20 03:58:01,686 INFO: 	Average L2 norm of relation vector: 0.05782
2017-03-20 03:58:01,687 INFO: 	COST >> 0.097 +/- 0.005, % updates Left: 5.66% Rel: 0.13% Right: 4.97%
2017-03-20 03:58:49,645 INFO: ----------------------------------------------------------------------------
2017-03-20 03:58:49,645 INFO: EPOCH 39 (47.958 seconds):
2017-03-20 03:58:49,647 INFO: 	Average L2 norm of relation vector: 0.05781
2017-03-20 03:58:49,648 INFO: 	COST >> 0.097 +/- 0.005, % updates Left: 5.57% Rel: 0.13% Right: 5.0%
2017-03-20 03:59:34,974 INFO: ----------------------------------------------------------------------------
2017-03-20 03:59:34,975 INFO: EPOCH 40 (45.327 seconds):
2017-03-20 03:59:34,977 INFO: 	Average L2 norm of relation vector: 0.05781
2017-03-20 03:59:34,978 INFO: 	COST >> 0.096 +/- 0.004, % updates Left: 5.59% Rel: 0.13% Right: 5.0%
2017-03-20 03:59:34,978 INFO: 	FilteredRanking: evaluating rank on 1000 triples
2017-03-20 04:00:38,979 INFO: 	FilteredRanking: evaluating rank on 1000 triples
2017-03-20 04:01:41,393 INFO: 	MEAN RANK >> valid: 354.2, train: 251.9
2017-03-20 04:01:41,393 INFO: 		MEAN RANK TRAIN: Left: 265.1 Rel: 5.1 Right: 238.6
2017-03-20 04:01:41,394 INFO: 		MEAN RANK VALID: Left: 372.6 Rel: 9.2 Right: 335.8
2017-03-20 04:01:41,394 INFO: 		MEAN RECIPROCAL RANK VALID (L & R): 0.13
2017-03-20 04:01:41,394 INFO: 	FilteredRanking: evaluating rank on 1000 triples
2017-03-20 04:02:38,475 INFO: 	NEW BEST TEST MR: 333.9
2017-03-20 04:02:38,475 INFO: 		Left MR: 355.5 Rel MR: 9.7 Right MR: 312.2
2017-03-20 04:02:38,558 INFO: 	(ranking took 183.58 seconds)
2017-03-20 04:03:25,558 INFO: ----------------------------------------------------------------------------
2017-03-20 04:03:25,558 INFO: EPOCH 41 (47.0 seconds):
2017-03-20 04:03:25,560 INFO: 	Average L2 norm of relation vector: 0.0578
2017-03-20 04:03:25,560 INFO: 	COST >> 0.096 +/- 0.005, % updates Left: 5.54% Rel: 0.13% Right: 4.93%
2017-03-20 04:04:10,154 INFO: ----------------------------------------------------------------------------
2017-03-20 04:04:10,155 INFO: EPOCH 42 (44.594 seconds):
2017-03-20 04:04:10,156 INFO: 	Average L2 norm of relation vector: 0.05778
2017-03-20 04:04:10,156 INFO: 	COST >> 0.096 +/- 0.004, % updates Left: 5.57% Rel: 0.12% Right: 4.92%
2017-03-20 04:04:52,794 INFO: ----------------------------------------------------------------------------
2017-03-20 04:04:52,794 INFO: EPOCH 43 (42.638 seconds):
2017-03-20 04:04:52,795 INFO: 	Average L2 norm of relation vector: 0.05778
2017-03-20 04:04:52,796 INFO: 	COST >> 0.095 +/- 0.005, % updates Left: 5.47% Rel: 0.13% Right: 4.93%
2017-03-20 04:05:37,805 INFO: ----------------------------------------------------------------------------
2017-03-20 04:05:37,805 INFO: EPOCH 44 (45.009 seconds):
2017-03-20 04:05:37,807 INFO: 	Average L2 norm of relation vector: 0.05773
2017-03-20 04:05:37,809 INFO: 	COST >> 0.096 +/- 0.004, % updates Left: 5.5% Rel: 0.13% Right: 4.88%
2017-03-20 04:06:22,083 INFO: ----------------------------------------------------------------------------
2017-03-20 04:06:22,083 INFO: EPOCH 45 (44.274 seconds):
2017-03-20 04:06:22,084 INFO: 	Average L2 norm of relation vector: 0.05771
2017-03-20 04:06:22,085 INFO: 	COST >> 0.095 +/- 0.005, % updates Left: 5.49% Rel: 0.13% Right: 4.93%
2017-03-20 04:07:07,777 INFO: ----------------------------------------------------------------------------
2017-03-20 04:07:07,777 INFO: EPOCH 46 (45.692 seconds):
2017-03-20 04:07:07,779 INFO: 	Average L2 norm of relation vector: 0.05767
2017-03-20 04:07:07,780 INFO: 	COST >> 0.095 +/- 0.005, % updates Left: 5.52% Rel: 0.13% Right: 4.84%
2017-03-20 04:07:56,346 INFO: ----------------------------------------------------------------------------
2017-03-20 04:07:56,346 INFO: EPOCH 47 (48.566 seconds):
2017-03-20 04:07:56,347 INFO: 	Average L2 norm of relation vector: 0.05766
2017-03-20 04:07:56,348 INFO: 	COST >> 0.094 +/- 0.005, % updates Left: 5.45% Rel: 0.15% Right: 4.88%
2017-03-20 04:08:43,692 INFO: ----------------------------------------------------------------------------
2017-03-20 04:08:43,692 INFO: EPOCH 48 (47.344 seconds):
2017-03-20 04:08:43,693 INFO: 	Average L2 norm of relation vector: 0.05763
2017-03-20 04:08:43,694 INFO: 	COST >> 0.095 +/- 0.005, % updates Left: 5.47% Rel: 0.13% Right: 4.87%
2017-03-20 04:09:31,216 INFO: ----------------------------------------------------------------------------
2017-03-20 04:09:31,217 INFO: EPOCH 49 (47.522 seconds):
2017-03-20 04:09:31,219 INFO: 	Average L2 norm of relation vector: 0.05759
2017-03-20 04:09:31,221 INFO: 	COST >> 0.094 +/- 0.005, % updates Left: 5.4% Rel: 0.13% Right: 4.85%
2017-03-20 04:10:16,873 INFO: ----------------------------------------------------------------------------
2017-03-20 04:10:16,873 INFO: EPOCH 50 (45.652 seconds):
2017-03-20 04:10:16,875 INFO: 	Average L2 norm of relation vector: 0.05754
2017-03-20 04:10:16,875 INFO: 	COST >> 0.095 +/- 0.004, % updates Left: 5.47% Rel: 0.12% Right: 4.82%
2017-03-20 04:10:16,875 INFO: 	FilteredRanking: evaluating rank on 1000 triples
2017-03-20 04:11:20,391 INFO: 	FilteredRanking: evaluating rank on 1000 triples
2017-03-20 04:12:26,445 INFO: 	MEAN RANK >> valid: 359.7, train: 253.0
2017-03-20 04:12:26,446 INFO: 		MEAN RANK TRAIN: Left: 258.3 Rel: 4.8 Right: 247.7
2017-03-20 04:12:26,447 INFO: 		MEAN RANK VALID: Left: 375.8 Rel: 8.8 Right: 343.6
2017-03-20 04:12:26,447 INFO: 		MEAN RECIPROCAL RANK VALID (L & R): 0.131
2017-03-20 04:12:26,447 INFO: 	FilteredRanking: evaluating rank on 1000 triples
2017-03-20 04:13:25,579 INFO: 	NEW BEST TEST MR: 344.0
2017-03-20 04:13:25,581 INFO: 		Left MR: 368.2 Rel MR: 11.5 Right MR: 319.8
2017-03-20 04:13:25,662 INFO: 	(ranking took 188.786 seconds)
2017-03-20 04:14:11,539 INFO: ----------------------------------------------------------------------------
2017-03-20 04:14:11,539 INFO: EPOCH 51 (45.877 seconds):
2017-03-20 04:14:11,540 INFO: 	Average L2 norm of relation vector: 0.05752
2017-03-20 04:14:11,541 INFO: 	COST >> 0.094 +/- 0.005, % updates Left: 5.43% Rel: 0.14% Right: 4.87%
2017-03-20 04:14:58,078 INFO: ----------------------------------------------------------------------------
2017-03-20 04:14:58,078 INFO: EPOCH 52 (46.538 seconds):
2017-03-20 04:14:58,080 INFO: 	Average L2 norm of relation vector: 0.05749
2017-03-20 04:14:58,080 INFO: 	COST >> 0.094 +/- 0.005, % updates Left: 5.44% Rel: 0.13% Right: 4.81%
2017-03-20 04:15:41,994 INFO: ----------------------------------------------------------------------------
2017-03-20 04:15:41,994 INFO: EPOCH 53 (43.913 seconds):
2017-03-20 04:15:41,996 INFO: 	Average L2 norm of relation vector: 0.05746
2017-03-20 04:15:41,997 INFO: 	COST >> 0.094 +/- 0.005, % updates Left: 5.41% Rel: 0.12% Right: 4.86%
2017-03-20 04:16:28,506 INFO: ----------------------------------------------------------------------------
2017-03-20 04:16:28,506 INFO: EPOCH 54 (46.509 seconds):
2017-03-20 04:16:28,507 INFO: 	Average L2 norm of relation vector: 0.05744
2017-03-20 04:16:28,508 INFO: 	COST >> 0.094 +/- 0.005, % updates Left: 5.4% Rel: 0.13% Right: 4.87%
2017-03-20 04:17:15,541 INFO: ----------------------------------------------------------------------------
2017-03-20 04:17:15,541 INFO: EPOCH 55 (47.033 seconds):
2017-03-20 04:17:15,542 INFO: 	Average L2 norm of relation vector: 0.05742
2017-03-20 04:17:15,543 INFO: 	COST >> 0.093 +/- 0.006, % updates Left: 5.43% Rel: 0.13% Right: 4.78%
2017-03-20 04:18:04,007 INFO: ----------------------------------------------------------------------------
2017-03-20 04:18:04,007 INFO: EPOCH 56 (48.464 seconds):
2017-03-20 04:18:04,009 INFO: 	Average L2 norm of relation vector: 0.05738
2017-03-20 04:18:04,011 INFO: 	COST >> 0.093 +/- 0.005, % updates Left: 5.38% Rel: 0.12% Right: 4.73%
2017-03-20 04:18:52,750 INFO: ----------------------------------------------------------------------------
2017-03-20 04:18:52,751 INFO: EPOCH 57 (48.74 seconds):
2017-03-20 04:18:52,752 INFO: 	Average L2 norm of relation vector: 0.05737
2017-03-20 04:18:52,753 INFO: 	COST >> 0.093 +/- 0.005, % updates Left: 5.36% Rel: 0.12% Right: 4.77%
2017-03-20 04:19:39,220 INFO: ----------------------------------------------------------------------------
2017-03-20 04:19:39,222 INFO: EPOCH 58 (46.469 seconds):
2017-03-20 04:19:39,224 INFO: 	Average L2 norm of relation vector: 0.05733
2017-03-20 04:19:39,224 INFO: 	COST >> 0.094 +/- 0.005, % updates Left: 5.38% Rel: 0.14% Right: 4.8%
2017-03-20 04:20:24,849 INFO: ----------------------------------------------------------------------------
2017-03-20 04:20:24,849 INFO: EPOCH 59 (45.624 seconds):
2017-03-20 04:20:24,850 INFO: 	Average L2 norm of relation vector: 0.05728
2017-03-20 04:20:24,851 INFO: 	COST >> 0.094 +/- 0.005, % updates Left: 5.37% Rel: 0.12% Right: 4.8%
2017-03-20 04:21:10,333 INFO: ----------------------------------------------------------------------------
2017-03-20 04:21:10,333 INFO: EPOCH 60 (45.482 seconds):
2017-03-20 04:21:10,335 INFO: 	Average L2 norm of relation vector: 0.05726
2017-03-20 04:21:10,335 INFO: 	COST >> 0.092 +/- 0.005, % updates Left: 5.36% Rel: 0.13% Right: 4.72%
2017-03-20 04:21:10,336 INFO: 	FilteredRanking: evaluating rank on 1000 triples
2017-03-20 04:22:14,135 INFO: 	FilteredRanking: evaluating rank on 1000 triples
2017-03-20 04:23:18,141 INFO: 	MEAN RANK >> valid: 365.2, train: 249.5
2017-03-20 04:23:18,142 INFO: 		MEAN RANK TRAIN: Left: 259.2 Rel: 5.0 Right: 239.8
2017-03-20 04:23:18,142 INFO: 		MEAN RANK VALID: Left: 387.8 Rel: 13.2 Right: 342.6
2017-03-20 04:23:18,142 INFO: 		MEAN RECIPROCAL RANK VALID (L & R): 0.1305
2017-03-20 04:23:18,143 WARNING: 	WARNING, failed to improve MRR on valid, 2 chances left

2017-03-20 04:23:18,230 INFO: 	(ranking took 127.895 seconds)
2017-03-20 04:24:04,025 INFO: ----------------------------------------------------------------------------
2017-03-20 04:24:04,025 INFO: EPOCH 61 (45.794 seconds):
2017-03-20 04:24:04,027 INFO: 	Average L2 norm of relation vector: 0.05724
2017-03-20 04:24:04,027 INFO: 	COST >> 0.093 +/- 0.005, % updates Left: 5.36% Rel: 0.12% Right: 4.75%
2017-03-20 04:24:49,684 INFO: ----------------------------------------------------------------------------
2017-03-20 04:24:49,684 INFO: EPOCH 62 (45.657 seconds):
2017-03-20 04:24:49,686 INFO: 	Average L2 norm of relation vector: 0.05722
2017-03-20 04:24:49,686 INFO: 	COST >> 0.093 +/- 0.005, % updates Left: 5.39% Rel: 0.12% Right: 4.76%
2017-03-20 04:25:33,721 INFO: ----------------------------------------------------------------------------
2017-03-20 04:25:33,721 INFO: EPOCH 63 (44.034 seconds):
2017-03-20 04:25:33,723 INFO: 	Average L2 norm of relation vector: 0.05719
2017-03-20 04:25:33,725 INFO: 	COST >> 0.093 +/- 0.005, % updates Left: 5.4% Rel: 0.13% Right: 4.74%
2017-03-20 04:26:17,555 INFO: ----------------------------------------------------------------------------
2017-03-20 04:26:17,556 INFO: EPOCH 64 (43.831 seconds):
2017-03-20 04:26:17,558 INFO: 	Average L2 norm of relation vector: 0.05716
2017-03-20 04:26:17,558 INFO: 	COST >> 0.092 +/- 0.005, % updates Left: 5.31% Rel: 0.13% Right: 4.76%
2017-03-20 04:27:06,553 INFO: ----------------------------------------------------------------------------
2017-03-20 04:27:06,554 INFO: EPOCH 65 (48.995 seconds):
2017-03-20 04:27:06,556 INFO: 	Average L2 norm of relation vector: 0.05713
2017-03-20 04:27:06,557 INFO: 	COST >> 0.092 +/- 0.005, % updates Left: 5.32% Rel: 0.14% Right: 4.72%
2017-03-20 04:27:54,155 INFO: ----------------------------------------------------------------------------
2017-03-20 04:27:54,155 INFO: EPOCH 66 (47.598 seconds):
2017-03-20 04:27:54,157 INFO: 	Average L2 norm of relation vector: 0.05709
2017-03-20 04:27:54,158 INFO: 	COST >> 0.093 +/- 0.005, % updates Left: 5.35% Rel: 0.12% Right: 4.71%
2017-03-20 04:28:42,311 INFO: ----------------------------------------------------------------------------
2017-03-20 04:28:42,317 INFO: EPOCH 67 (48.158 seconds):
2017-03-20 04:28:42,319 INFO: 	Average L2 norm of relation vector: 0.05707
2017-03-20 04:28:42,320 INFO: 	COST >> 0.093 +/- 0.005, % updates Left: 5.37% Rel: 0.12% Right: 4.73%
2017-03-20 04:29:30,492 INFO: ----------------------------------------------------------------------------
2017-03-20 04:29:30,494 INFO: EPOCH 68 (48.174 seconds):
2017-03-20 04:29:30,498 INFO: 	Average L2 norm of relation vector: 0.05703
2017-03-20 04:29:30,499 INFO: 	COST >> 0.092 +/- 0.005, % updates Left: 5.29% Rel: 0.13% Right: 4.73%
2017-03-20 04:30:17,618 INFO: ----------------------------------------------------------------------------
2017-03-20 04:30:17,619 INFO: EPOCH 69 (47.119 seconds):
2017-03-20 04:30:17,620 INFO: 	Average L2 norm of relation vector: 0.057
2017-03-20 04:30:17,621 INFO: 	COST >> 0.092 +/- 0.004, % updates Left: 5.3% Rel: 0.12% Right: 4.7%
2017-03-20 04:31:03,952 INFO: ----------------------------------------------------------------------------
2017-03-20 04:31:03,952 INFO: EPOCH 70 (46.331 seconds):
2017-03-20 04:31:03,953 INFO: 	Average L2 norm of relation vector: 0.05696
2017-03-20 04:31:03,953 INFO: 	COST >> 0.092 +/- 0.005, % updates Left: 5.32% Rel: 0.11% Right: 4.71%
2017-03-20 04:31:03,953 INFO: 	FilteredRanking: evaluating rank on 1000 triples
2017-03-20 04:32:08,668 INFO: 	FilteredRanking: evaluating rank on 1000 triples
2017-03-20 04:33:12,771 INFO: 	MEAN RANK >> valid: 366.6, train: 244.5
2017-03-20 04:33:12,772 INFO: 		MEAN RANK TRAIN: Left: 258.0 Rel: 5.1 Right: 230.9
2017-03-20 04:33:12,773 INFO: 		MEAN RANK VALID: Left: 382.6 Rel: 14.1 Right: 350.5
2017-03-20 04:33:12,773 INFO: 		MEAN RECIPROCAL RANK VALID (L & R): 0.138
2017-03-20 04:33:12,773 INFO: 	FilteredRanking: evaluating rank on 1000 triples
2017-03-20 04:34:11,431 INFO: 	NEW BEST TEST MR: 335.7
2017-03-20 04:34:11,432 INFO: 		Left MR: 360.2 Rel MR: 13.5 Right MR: 311.1
2017-03-20 04:34:11,572 INFO: 	(ranking took 187.618 seconds)
2017-03-20 04:34:57,363 INFO: ----------------------------------------------------------------------------
2017-03-20 04:34:57,364 INFO: EPOCH 71 (45.792 seconds):
2017-03-20 04:34:57,365 INFO: 	Average L2 norm of relation vector: 0.05692
2017-03-20 04:34:57,366 INFO: 	COST >> 0.092 +/- 0.005, % updates Left: 5.29% Rel: 0.12% Right: 4.7%
2017-03-20 04:35:41,685 INFO: ----------------------------------------------------------------------------
2017-03-20 04:35:41,686 INFO: EPOCH 72 (44.32 seconds):
2017-03-20 04:35:41,687 INFO: 	Average L2 norm of relation vector: 0.0569
2017-03-20 04:35:41,688 INFO: 	COST >> 0.091 +/- 0.004, % updates Left: 5.26% Rel: 0.13% Right: 4.72%
2017-03-20 04:36:28,035 INFO: ----------------------------------------------------------------------------
2017-03-20 04:36:28,036 INFO: EPOCH 73 (46.347 seconds):
2017-03-20 04:36:28,038 INFO: 	Average L2 norm of relation vector: 0.05688
2017-03-20 04:36:28,038 INFO: 	COST >> 0.092 +/- 0.005, % updates Left: 5.31% Rel: 0.12% Right: 4.75%
2017-03-20 04:37:16,188 INFO: ----------------------------------------------------------------------------
2017-03-20 04:37:16,188 INFO: EPOCH 74 (48.15 seconds):
2017-03-20 04:37:16,190 INFO: 	Average L2 norm of relation vector: 0.05682
2017-03-20 04:37:16,190 INFO: 	COST >> 0.092 +/- 0.005, % updates Left: 5.26% Rel: 0.12% Right: 4.69%
2017-03-20 04:38:03,402 INFO: ----------------------------------------------------------------------------
2017-03-20 04:38:03,403 INFO: EPOCH 75 (47.212 seconds):
2017-03-20 04:38:03,404 INFO: 	Average L2 norm of relation vector: 0.0568
2017-03-20 04:38:03,404 INFO: 	COST >> 0.091 +/- 0.004, % updates Left: 5.29% Rel: 0.13% Right: 4.67%
2017-03-20 04:38:50,566 INFO: ----------------------------------------------------------------------------
2017-03-20 04:38:50,566 INFO: EPOCH 76 (47.161 seconds):
2017-03-20 04:38:50,568 INFO: 	Average L2 norm of relation vector: 0.05678
2017-03-20 04:38:50,568 INFO: 	COST >> 0.09 +/- 0.005, % updates Left: 5.22% Rel: 0.12% Right: 4.7%
2017-03-20 04:39:37,187 INFO: ----------------------------------------------------------------------------
2017-03-20 04:39:37,187 INFO: EPOCH 77 (46.618 seconds):
2017-03-20 04:39:37,188 INFO: 	Average L2 norm of relation vector: 0.05675
2017-03-20 04:39:37,189 INFO: 	COST >> 0.091 +/- 0.005, % updates Left: 5.27% Rel: 0.12% Right: 4.69%
2017-03-20 04:40:22,265 INFO: ----------------------------------------------------------------------------
2017-03-20 04:40:22,266 INFO: EPOCH 78 (45.077 seconds):
2017-03-20 04:40:22,267 INFO: 	Average L2 norm of relation vector: 0.05672
2017-03-20 04:40:22,267 INFO: 	COST >> 0.092 +/- 0.005, % updates Left: 5.26% Rel: 0.12% Right: 4.75%
2017-03-20 04:41:07,795 INFO: ----------------------------------------------------------------------------
2017-03-20 04:41:07,795 INFO: EPOCH 79 (45.527 seconds):
2017-03-20 04:41:07,796 INFO: 	Average L2 norm of relation vector: 0.0567
2017-03-20 04:41:07,797 INFO: 	COST >> 0.091 +/- 0.005, % updates Left: 5.23% Rel: 0.12% Right: 4.71%
2017-03-20 04:41:51,646 INFO: ----------------------------------------------------------------------------
2017-03-20 04:41:51,647 INFO: EPOCH 80 (43.849 seconds):
2017-03-20 04:41:51,648 INFO: 	Average L2 norm of relation vector: 0.05667
2017-03-20 04:41:51,649 INFO: 	COST >> 0.091 +/- 0.004, % updates Left: 5.29% Rel: 0.13% Right: 4.67%
2017-03-20 04:41:51,649 INFO: 	FilteredRanking: evaluating rank on 1000 triples
2017-03-20 04:42:55,533 INFO: 	FilteredRanking: evaluating rank on 1000 triples
2017-03-20 04:43:57,825 INFO: 	MEAN RANK >> valid: 375.1, train: 241.4
2017-03-20 04:43:57,826 INFO: 		MEAN RANK TRAIN: Left: 254.6 Rel: 5.3 Right: 228.3
2017-03-20 04:43:57,826 INFO: 		MEAN RANK VALID: Left: 387.2 Rel: 15.1 Right: 363.1
2017-03-20 04:43:57,827 INFO: 		MEAN RECIPROCAL RANK VALID (L & R): 0.137
2017-03-20 04:43:57,827 WARNING: 	WARNING, failed to improve MRR on valid, 2 chances left

2017-03-20 04:43:57,909 INFO: 	(ranking took 126.26 seconds)
2017-03-20 04:44:43,563 INFO: ----------------------------------------------------------------------------
2017-03-20 04:44:43,563 INFO: EPOCH 81 (45.653 seconds):
2017-03-20 04:44:43,564 INFO: 	Average L2 norm of relation vector: 0.05661
2017-03-20 04:44:43,564 INFO: 	COST >> 0.091 +/- 0.005, % updates Left: 5.22% Rel: 0.12% Right: 4.65%
2017-03-20 04:45:27,846 INFO: ----------------------------------------------------------------------------
2017-03-20 04:45:27,847 INFO: EPOCH 82 (44.282 seconds):
2017-03-20 04:45:27,848 INFO: 	Average L2 norm of relation vector: 0.05658
2017-03-20 04:45:27,849 INFO: 	COST >> 0.09 +/- 0.004, % updates Left: 5.21% Rel: 0.13% Right: 4.66%
2017-03-20 04:46:17,102 INFO: ----------------------------------------------------------------------------
2017-03-20 04:46:17,103 INFO: EPOCH 83 (49.253 seconds):
2017-03-20 04:46:17,104 INFO: 	Average L2 norm of relation vector: 0.05656
2017-03-20 04:46:17,105 INFO: 	COST >> 0.091 +/- 0.005, % updates Left: 5.26% Rel: 0.12% Right: 4.68%
2017-03-20 04:47:05,836 INFO: ----------------------------------------------------------------------------
2017-03-20 04:47:05,836 INFO: EPOCH 84 (48.731 seconds):
2017-03-20 04:47:05,837 INFO: 	Average L2 norm of relation vector: 0.05653
2017-03-20 04:47:05,837 INFO: 	COST >> 0.091 +/- 0.005, % updates Left: 5.23% Rel: 0.12% Right: 4.67%
2017-03-20 04:47:54,605 INFO: ----------------------------------------------------------------------------
2017-03-20 04:47:54,605 INFO: EPOCH 85 (48.768 seconds):
2017-03-20 04:47:54,606 INFO: 	Average L2 norm of relation vector: 0.0565
2017-03-20 04:47:54,607 INFO: 	COST >> 0.091 +/- 0.005, % updates Left: 5.24% Rel: 0.12% Right: 4.66%
2017-03-20 04:48:43,033 INFO: ----------------------------------------------------------------------------
2017-03-20 04:48:43,033 INFO: EPOCH 86 (48.426 seconds):
2017-03-20 04:48:43,034 INFO: 	Average L2 norm of relation vector: 0.05647
2017-03-20 04:48:43,034 INFO: 	COST >> 0.09 +/- 0.005, % updates Left: 5.18% Rel: 0.13% Right: 4.71%
2017-03-20 04:49:30,744 INFO: ----------------------------------------------------------------------------
2017-03-20 04:49:30,744 INFO: EPOCH 87 (47.709 seconds):
2017-03-20 04:49:30,745 INFO: 	Average L2 norm of relation vector: 0.05644
2017-03-20 04:49:30,746 INFO: 	COST >> 0.091 +/- 0.004, % updates Left: 5.23% Rel: 0.11% Right: 4.66%
2017-03-20 04:50:17,587 INFO: ----------------------------------------------------------------------------
2017-03-20 04:50:17,588 INFO: EPOCH 88 (46.841 seconds):
2017-03-20 04:50:17,589 INFO: 	Average L2 norm of relation vector: 0.05641
2017-03-20 04:50:17,589 INFO: 	COST >> 0.091 +/- 0.005, % updates Left: 5.27% Rel: 0.12% Right: 4.61%
2017-03-20 04:51:03,154 INFO: ----------------------------------------------------------------------------
2017-03-20 04:51:03,155 INFO: EPOCH 89 (45.565 seconds):
2017-03-20 04:51:03,156 INFO: 	Average L2 norm of relation vector: 0.05639
2017-03-20 04:51:03,156 INFO: 	COST >> 0.091 +/- 0.004, % updates Left: 5.23% Rel: 0.12% Right: 4.73%
2017-03-20 04:51:49,266 INFO: ----------------------------------------------------------------------------
2017-03-20 04:51:49,266 INFO: EPOCH 90 (46.11 seconds):
2017-03-20 04:51:49,268 INFO: 	Average L2 norm of relation vector: 0.05638
2017-03-20 04:51:49,269 INFO: 	COST >> 0.091 +/- 0.005, % updates Left: 5.25% Rel: 0.12% Right: 4.66%
2017-03-20 04:51:49,270 INFO: 	FilteredRanking: evaluating rank on 1000 triples
2017-03-20 04:52:52,227 INFO: 	FilteredRanking: evaluating rank on 1000 triples
2017-03-20 04:53:53,770 INFO: 	MEAN RANK >> valid: 361.3, train: 235.1
2017-03-20 04:53:53,771 INFO: 		MEAN RANK TRAIN: Left: 241.9 Rel: 4.6 Right: 228.4
2017-03-20 04:53:53,772 INFO: 		MEAN RANK VALID: Left: 380.8 Rel: 17.1 Right: 341.8
2017-03-20 04:53:53,772 INFO: 		MEAN RECIPROCAL RANK VALID (L & R): 0.1435
2017-03-20 04:53:53,772 INFO: 	FilteredRanking: evaluating rank on 1000 triples
2017-03-20 04:54:48,453 INFO: 	NEW BEST TEST MR: 342.2
2017-03-20 04:54:48,454 INFO: 		Left MR: 364.7 Rel MR: 17.0 Right MR: 319.8
2017-03-20 04:54:48,530 INFO: 	(ranking took 179.26 seconds)
2017-03-20 04:55:37,424 INFO: ----------------------------------------------------------------------------
2017-03-20 04:55:37,425 INFO: EPOCH 91 (48.894 seconds):
2017-03-20 04:55:37,426 INFO: 	Average L2 norm of relation vector: 0.05635
2017-03-20 04:55:37,427 INFO: 	COST >> 0.09 +/- 0.004, % updates Left: 5.16% Rel: 0.12% Right: 4.69%
2017-03-20 04:56:24,032 INFO: ----------------------------------------------------------------------------
2017-03-20 04:56:24,032 INFO: EPOCH 92 (46.604 seconds):
2017-03-20 04:56:24,033 INFO: 	Average L2 norm of relation vector: 0.05632
2017-03-20 04:56:24,034 INFO: 	COST >> 0.091 +/- 0.005, % updates Left: 5.23% Rel: 0.12% Right: 4.67%
2017-03-20 04:57:12,550 INFO: ----------------------------------------------------------------------------
2017-03-20 04:57:12,550 INFO: EPOCH 93 (48.516 seconds):
2017-03-20 04:57:12,551 INFO: 	Average L2 norm of relation vector: 0.05629
2017-03-20 04:57:12,552 INFO: 	COST >> 0.09 +/- 0.005, % updates Left: 5.2% Rel: 0.12% Right: 4.64%
2017-03-20 04:58:00,235 INFO: ----------------------------------------------------------------------------
2017-03-20 04:58:00,235 INFO: EPOCH 94 (47.683 seconds):
2017-03-20 04:58:00,236 INFO: 	Average L2 norm of relation vector: 0.05626
2017-03-20 04:58:00,237 INFO: 	COST >> 0.091 +/- 0.004, % updates Left: 5.21% Rel: 0.12% Right: 4.64%
2017-03-20 04:58:47,897 INFO: ----------------------------------------------------------------------------
2017-03-20 04:58:47,897 INFO: EPOCH 95 (47.659 seconds):
2017-03-20 04:58:47,898 INFO: 	Average L2 norm of relation vector: 0.05625
2017-03-20 04:58:47,899 INFO: 	COST >> 0.09 +/- 0.005, % updates Left: 5.21% Rel: 0.13% Right: 4.63%
2017-03-20 04:59:35,927 INFO: ----------------------------------------------------------------------------
2017-03-20 04:59:35,927 INFO: EPOCH 96 (48.028 seconds):
2017-03-20 04:59:35,929 INFO: 	Average L2 norm of relation vector: 0.05622
2017-03-20 04:59:35,929 INFO: 	COST >> 0.09 +/- 0.005, % updates Left: 5.22% Rel: 0.12% Right: 4.59%
2017-03-20 05:00:23,860 INFO: ----------------------------------------------------------------------------
2017-03-20 05:00:23,861 INFO: EPOCH 97 (47.931 seconds):
2017-03-20 05:00:23,862 INFO: 	Average L2 norm of relation vector: 0.05622
2017-03-20 05:00:23,863 INFO: 	COST >> 0.09 +/- 0.004, % updates Left: 5.22% Rel: 0.13% Right: 4.65%
2017-03-20 05:01:10,351 INFO: ----------------------------------------------------------------------------
2017-03-20 05:01:10,352 INFO: EPOCH 98 (46.488 seconds):
2017-03-20 05:01:10,354 INFO: 	Average L2 norm of relation vector: 0.05621
2017-03-20 05:01:10,355 INFO: 	COST >> 0.09 +/- 0.005, % updates Left: 5.19% Rel: 0.12% Right: 4.65%
2017-03-20 05:01:56,077 INFO: ----------------------------------------------------------------------------
2017-03-20 05:01:56,077 INFO: EPOCH 99 (45.722 seconds):
2017-03-20 05:01:56,078 INFO: 	Average L2 norm of relation vector: 0.05618
2017-03-20 05:01:56,079 INFO: 	COST >> 0.089 +/- 0.005, % updates Left: 5.16% Rel: 0.12% Right: 4.58%
2017-03-20 05:02:41,974 INFO: ----------------------------------------------------------------------------
2017-03-20 05:02:41,974 INFO: EPOCH 100 (45.895 seconds):
2017-03-20 05:02:41,975 INFO: 	Average L2 norm of relation vector: 0.05617
2017-03-20 05:02:41,976 INFO: 	COST >> 0.09 +/- 0.005, % updates Left: 5.19% Rel: 0.12% Right: 4.63%
2017-03-20 05:02:41,976 INFO: 	FilteredRanking: evaluating rank on 1000 triples
2017-03-20 05:03:46,683 INFO: 	FilteredRanking: evaluating rank on 1000 triples
2017-03-20 05:04:48,044 INFO: 	MEAN RANK >> valid: 368.2, train: 236.7
2017-03-20 05:04:48,045 INFO: 		MEAN RANK TRAIN: Left: 245.8 Rel: 4.7 Right: 227.6
2017-03-20 05:04:48,046 INFO: 		MEAN RANK VALID: Left: 383.6 Rel: 16.5 Right: 352.8
2017-03-20 05:04:48,046 INFO: 		MEAN RECIPROCAL RANK VALID (L & R): 0.14
2017-03-20 05:04:48,046 WARNING: 	WARNING, failed to improve MRR on valid, 2 chances left

2017-03-20 05:04:48,139 INFO: 	(ranking took 126.163 seconds)
2017-03-20 05:05:36,096 INFO: ----------------------------------------------------------------------------
2017-03-20 05:05:36,096 INFO: EPOCH 101 (47.957 seconds):
2017-03-20 05:05:36,097 INFO: 	Average L2 norm of relation vector: 0.05613
2017-03-20 05:05:36,098 INFO: 	COST >> 0.089 +/- 0.005, % updates Left: 5.14% Rel: 0.12% Right: 4.6%
2017-03-20 05:06:24,434 INFO: ----------------------------------------------------------------------------
2017-03-20 05:06:24,434 INFO: EPOCH 102 (48.335 seconds):
2017-03-20 05:06:24,436 INFO: 	Average L2 norm of relation vector: 0.05613
2017-03-20 05:06:24,437 INFO: 	COST >> 0.089 +/- 0.004, % updates Left: 5.2% Rel: 0.12% Right: 4.65%
2017-03-20 05:07:11,999 INFO: ----------------------------------------------------------------------------
2017-03-20 05:07:12,000 INFO: EPOCH 103 (47.562 seconds):
2017-03-20 05:07:12,000 INFO: 	Average L2 norm of relation vector: 0.05611
2017-03-20 05:07:12,001 INFO: 	COST >> 0.089 +/- 0.005, % updates Left: 5.17% Rel: 0.12% Right: 4.61%
2017-03-20 05:07:59,947 INFO: ----------------------------------------------------------------------------
2017-03-20 05:07:59,948 INFO: EPOCH 104 (47.947 seconds):
2017-03-20 05:07:59,950 INFO: 	Average L2 norm of relation vector: 0.05609
2017-03-20 05:07:59,951 INFO: 	COST >> 0.09 +/- 0.005, % updates Left: 5.22% Rel: 0.11% Right: 4.68%
2017-03-20 05:08:47,628 INFO: ----------------------------------------------------------------------------
2017-03-20 05:08:47,629 INFO: EPOCH 105 (47.677 seconds):
2017-03-20 05:08:47,630 INFO: 	Average L2 norm of relation vector: 0.05606
2017-03-20 05:08:47,630 INFO: 	COST >> 0.09 +/- 0.005, % updates Left: 5.22% Rel: 0.12% Right: 4.64%
2017-03-20 05:09:35,627 INFO: ----------------------------------------------------------------------------
2017-03-20 05:09:35,627 INFO: EPOCH 106 (47.997 seconds):
2017-03-20 05:09:35,628 INFO: 	Average L2 norm of relation vector: 0.05607
2017-03-20 05:09:35,629 INFO: 	COST >> 0.09 +/- 0.005, % updates Left: 5.23% Rel: 0.12% Right: 4.69%
2017-03-20 05:10:23,503 INFO: ----------------------------------------------------------------------------
2017-03-20 05:10:23,503 INFO: EPOCH 107 (47.874 seconds):
2017-03-20 05:10:23,504 INFO: 	Average L2 norm of relation vector: 0.05604
2017-03-20 05:10:23,505 INFO: 	COST >> 0.09 +/- 0.005, % updates Left: 5.15% Rel: 0.13% Right: 4.63%
2017-03-20 05:11:09,785 INFO: ----------------------------------------------------------------------------
2017-03-20 05:11:09,785 INFO: EPOCH 108 (46.279 seconds):
2017-03-20 05:11:09,786 INFO: 	Average L2 norm of relation vector: 0.05602
2017-03-20 05:11:09,786 INFO: 	COST >> 0.09 +/- 0.005, % updates Left: 5.18% Rel: 0.12% Right: 4.63%
2017-03-20 05:11:56,265 INFO: ----------------------------------------------------------------------------
2017-03-20 05:11:56,265 INFO: EPOCH 109 (46.479 seconds):
2017-03-20 05:11:56,267 INFO: 	Average L2 norm of relation vector: 0.056
2017-03-20 05:11:56,267 INFO: 	COST >> 0.09 +/- 0.004, % updates Left: 5.19% Rel: 0.12% Right: 4.65%
2017-03-20 05:12:43,748 INFO: ----------------------------------------------------------------------------
2017-03-20 05:12:43,748 INFO: EPOCH 110 (47.48 seconds):
2017-03-20 05:12:43,749 INFO: 	Average L2 norm of relation vector: 0.05596
2017-03-20 05:12:43,750 INFO: 	COST >> 0.09 +/- 0.005, % updates Left: 5.17% Rel: 0.12% Right: 4.62%
2017-03-20 05:12:43,750 INFO: 	FilteredRanking: evaluating rank on 1000 triples
2017-03-20 05:13:47,495 INFO: 	FilteredRanking: evaluating rank on 1000 triples
2017-03-20 05:14:48,351 INFO: 	MEAN RANK >> valid: 372.4, train: 236.5
2017-03-20 05:14:48,352 INFO: 		MEAN RANK TRAIN: Left: 245.4 Rel: 4.8 Right: 227.6
2017-03-20 05:14:48,353 INFO: 		MEAN RANK VALID: Left: 395.6 Rel: 19.9 Right: 349.2
2017-03-20 05:14:48,353 INFO: 		MEAN RECIPROCAL RANK VALID (L & R): 0.139
2017-03-20 05:14:48,353 WARNING: 	WARNING, failed to improve MRR on valid, 1 chances left

2017-03-20 05:14:48,453 INFO: 	(ranking took 124.703 seconds)
2017-03-20 05:15:34,909 INFO: ----------------------------------------------------------------------------
2017-03-20 05:15:34,910 INFO: EPOCH 111 (46.456 seconds):
2017-03-20 05:15:34,911 INFO: 	Average L2 norm of relation vector: 0.05596
2017-03-20 05:15:34,912 INFO: 	COST >> 0.089 +/- 0.006, % updates Left: 5.15% Rel: 0.12% Right: 4.65%
2017-03-20 05:16:21,525 INFO: ----------------------------------------------------------------------------
2017-03-20 05:16:21,526 INFO: EPOCH 112 (46.613 seconds):
2017-03-20 05:16:21,527 INFO: 	Average L2 norm of relation vector: 0.05592
2017-03-20 05:16:21,528 INFO: 	COST >> 0.09 +/- 0.004, % updates Left: 5.18% Rel: 0.13% Right: 4.62%
2017-03-20 05:17:09,285 INFO: ----------------------------------------------------------------------------
2017-03-20 05:17:09,285 INFO: EPOCH 113 (47.757 seconds):
2017-03-20 05:17:09,288 INFO: 	Average L2 norm of relation vector: 0.05591
2017-03-20 05:17:09,289 INFO: 	COST >> 0.089 +/- 0.005, % updates Left: 5.15% Rel: 0.11% Right: 4.62%
2017-03-20 05:17:57,161 INFO: ----------------------------------------------------------------------------
2017-03-20 05:17:57,162 INFO: EPOCH 114 (47.873 seconds):
2017-03-20 05:17:57,165 INFO: 	Average L2 norm of relation vector: 0.05589
2017-03-20 05:17:57,166 INFO: 	COST >> 0.089 +/- 0.005, % updates Left: 5.17% Rel: 0.13% Right: 4.63%
2017-03-20 05:18:44,831 INFO: ----------------------------------------------------------------------------
2017-03-20 05:18:44,831 INFO: EPOCH 115 (47.665 seconds):
2017-03-20 05:18:44,833 INFO: 	Average L2 norm of relation vector: 0.05585
2017-03-20 05:18:44,834 INFO: 	COST >> 0.09 +/- 0.005, % updates Left: 5.18% Rel: 0.12% Right: 4.64%
2017-03-20 05:19:32,927 INFO: ----------------------------------------------------------------------------
2017-03-20 05:19:32,928 INFO: EPOCH 116 (48.094 seconds):
2017-03-20 05:19:32,929 INFO: 	Average L2 norm of relation vector: 0.05584
2017-03-20 05:19:32,930 INFO: 	COST >> 0.088 +/- 0.005, % updates Left: 5.09% Rel: 0.12% Right: 4.6%
2017-03-20 05:20:19,440 INFO: ----------------------------------------------------------------------------
2017-03-20 05:20:19,440 INFO: EPOCH 117 (46.509 seconds):
2017-03-20 05:20:19,441 INFO: 	Average L2 norm of relation vector: 0.05582
2017-03-20 05:20:19,442 INFO: 	COST >> 0.089 +/- 0.005, % updates Left: 5.15% Rel: 0.13% Right: 4.64%
2017-03-20 05:21:05,761 INFO: ----------------------------------------------------------------------------
2017-03-20 05:21:05,762 INFO: EPOCH 118 (46.319 seconds):
2017-03-20 05:21:05,763 INFO: 	Average L2 norm of relation vector: 0.05579
2017-03-20 05:21:05,764 INFO: 	COST >> 0.09 +/- 0.005, % updates Left: 5.13% Rel: 0.12% Right: 4.64%
2017-03-20 05:21:52,434 INFO: ----------------------------------------------------------------------------
2017-03-20 05:21:52,434 INFO: EPOCH 119 (46.67 seconds):
2017-03-20 05:21:52,435 INFO: 	Average L2 norm of relation vector: 0.05579
2017-03-20 05:21:52,436 INFO: 	COST >> 0.09 +/- 0.004, % updates Left: 5.22% Rel: 0.13% Right: 4.65%
2017-03-20 05:22:37,228 INFO: ----------------------------------------------------------------------------
2017-03-20 05:22:37,228 INFO: EPOCH 120 (44.792 seconds):
2017-03-20 05:22:37,230 INFO: 	Average L2 norm of relation vector: 0.05577
2017-03-20 05:22:37,230 INFO: 	COST >> 0.089 +/- 0.005, % updates Left: 5.14% Rel: 0.12% Right: 4.61%
2017-03-20 05:22:37,231 INFO: 	FilteredRanking: evaluating rank on 1000 triples
2017-03-20 05:23:40,055 INFO: 	FilteredRanking: evaluating rank on 1000 triples
2017-03-20 05:24:39,548 INFO: 	MEAN RANK >> valid: 383.0, train: 248.8
2017-03-20 05:24:39,548 INFO: 		MEAN RANK TRAIN: Left: 258.2 Rel: 5.2 Right: 239.5
2017-03-20 05:24:39,549 INFO: 		MEAN RANK VALID: Left: 398.8 Rel: 25.0 Right: 367.1
2017-03-20 05:24:39,549 INFO: 		MEAN RECIPROCAL RANK VALID (L & R): 0.1395
2017-03-20 05:24:39,549 WARNING: 	WARNING, failed to improve MRR on valid, 0 chances left

2017-03-20 05:24:39,634 INFO: 	(ranking took 122.403 seconds)
2017-03-20 05:25:25,345 INFO: ----------------------------------------------------------------------------
2017-03-20 05:25:25,345 INFO: EPOCH 121 (45.711 seconds):
2017-03-20 05:25:25,347 INFO: 	Average L2 norm of relation vector: 0.05577
2017-03-20 05:25:25,349 INFO: 	COST >> 0.09 +/- 0.004, % updates Left: 5.21% Rel: 0.12% Right: 4.61%
2017-03-20 05:26:09,660 INFO: ----------------------------------------------------------------------------
2017-03-20 05:26:09,661 INFO: EPOCH 122 (44.311 seconds):
2017-03-20 05:26:09,664 INFO: 	Average L2 norm of relation vector: 0.05575
2017-03-20 05:26:09,665 INFO: 	COST >> 0.09 +/- 0.005, % updates Left: 5.19% Rel: 0.13% Right: 4.66%
2017-03-20 05:26:53,823 INFO: ----------------------------------------------------------------------------
2017-03-20 05:26:53,823 INFO: EPOCH 123 (44.157 seconds):
2017-03-20 05:26:53,828 INFO: 	Average L2 norm of relation vector: 0.05574
2017-03-20 05:26:53,829 INFO: 	COST >> 0.09 +/- 0.004, % updates Left: 5.15% Rel: 0.12% Right: 4.65%
2017-03-20 05:27:40,542 INFO: ----------------------------------------------------------------------------
2017-03-20 05:27:40,542 INFO: EPOCH 124 (46.713 seconds):
2017-03-20 05:27:40,545 INFO: 	Average L2 norm of relation vector: 0.05572
2017-03-20 05:27:40,546 INFO: 	COST >> 0.089 +/- 0.004, % updates Left: 5.17% Rel: 0.13% Right: 4.62%
2017-03-20 05:28:26,863 INFO: ----------------------------------------------------------------------------
2017-03-20 05:28:26,864 INFO: EPOCH 125 (46.317 seconds):
2017-03-20 05:28:26,865 INFO: 	Average L2 norm of relation vector: 0.05573
2017-03-20 05:28:26,866 INFO: 	COST >> 0.089 +/- 0.004, % updates Left: 5.15% Rel: 0.13% Right: 4.62%
2017-03-20 05:29:12,202 INFO: ----------------------------------------------------------------------------
2017-03-20 05:29:12,211 INFO: EPOCH 126 (45.344 seconds):
2017-03-20 05:29:12,214 INFO: 	Average L2 norm of relation vector: 0.05571
2017-03-20 05:29:12,214 INFO: 	COST >> 0.089 +/- 0.005, % updates Left: 5.18% Rel: 0.12% Right: 4.61%
2017-03-20 05:29:58,698 INFO: ----------------------------------------------------------------------------
2017-03-20 05:29:58,698 INFO: EPOCH 127 (46.483 seconds):
2017-03-20 05:29:58,700 INFO: 	Average L2 norm of relation vector: 0.0557
2017-03-20 05:29:58,701 INFO: 	COST >> 0.089 +/- 0.005, % updates Left: 5.15% Rel: 0.12% Right: 4.6%
2017-03-20 05:30:43,427 INFO: ----------------------------------------------------------------------------
2017-03-20 05:30:43,427 INFO: EPOCH 128 (44.726 seconds):
2017-03-20 05:30:43,428 INFO: 	Average L2 norm of relation vector: 0.05566
2017-03-20 05:30:43,429 INFO: 	COST >> 0.089 +/- 0.005, % updates Left: 5.13% Rel: 0.12% Right: 4.58%
2017-03-20 05:31:27,552 INFO: ----------------------------------------------------------------------------
2017-03-20 05:31:27,552 INFO: EPOCH 129 (44.123 seconds):
2017-03-20 05:31:27,553 INFO: 	Average L2 norm of relation vector: 0.05566
2017-03-20 05:31:27,553 INFO: 	COST >> 0.09 +/- 0.004, % updates Left: 5.27% Rel: 0.12% Right: 4.59%
2017-03-20 05:32:12,080 INFO: ----------------------------------------------------------------------------
2017-03-20 05:32:12,080 INFO: EPOCH 130 (44.526 seconds):
2017-03-20 05:32:12,081 INFO: 	Average L2 norm of relation vector: 0.05564
2017-03-20 05:32:12,081 INFO: 	COST >> 0.089 +/- 0.005, % updates Left: 5.18% Rel: 0.12% Right: 4.59%
2017-03-20 05:32:12,082 INFO: 	FilteredRanking: evaluating rank on 1000 triples
2017-03-20 05:33:15,390 INFO: 	FilteredRanking: evaluating rank on 1000 triples
2017-03-20 05:34:17,679 INFO: 	MEAN RANK >> valid: 372.3, train: 241.8
2017-03-20 05:34:17,679 INFO: 		MEAN RANK TRAIN: Left: 244.3 Rel: 4.8 Right: 239.4
2017-03-20 05:34:17,680 INFO: 		MEAN RANK VALID: Left: 389.9 Rel: 22.2 Right: 354.6
2017-03-20 05:34:17,680 INFO: 		MEAN RECIPROCAL RANK VALID (L & R): 0.145
2017-03-20 05:34:17,681 INFO: 	FilteredRanking: evaluating rank on 1000 triples
2017-03-20 05:35:12,655 INFO: 	NEW BEST TEST MR: 350.1
2017-03-20 05:35:12,656 INFO: 		Left MR: 372.3 Rel MR: 27.5 Right MR: 327.9
2017-03-20 05:35:12,765 INFO: 	(ranking took 180.683 seconds)
2017-03-20 05:35:57,807 INFO: ----------------------------------------------------------------------------
2017-03-20 05:35:57,807 INFO: EPOCH 131 (45.042 seconds):
2017-03-20 05:35:57,808 INFO: 	Average L2 norm of relation vector: 0.05565
2017-03-20 05:35:57,808 INFO: 	COST >> 0.089 +/- 0.005, % updates Left: 5.15% Rel: 0.12% Right: 4.65%
2017-03-20 05:36:43,300 INFO: ----------------------------------------------------------------------------
2017-03-20 05:36:43,300 INFO: EPOCH 132 (45.492 seconds):
2017-03-20 05:36:43,302 INFO: 	Average L2 norm of relation vector: 0.05564
2017-03-20 05:36:43,303 INFO: 	COST >> 0.088 +/- 0.005, % updates Left: 5.09% Rel: 0.12% Right: 4.59%
2017-03-20 05:37:29,177 INFO: ----------------------------------------------------------------------------
2017-03-20 05:37:29,177 INFO: EPOCH 133 (45.874 seconds):
2017-03-20 05:37:29,179 INFO: 	Average L2 norm of relation vector: 0.05561
2017-03-20 05:37:29,179 INFO: 	COST >> 0.09 +/- 0.005, % updates Left: 5.15% Rel: 0.12% Right: 4.62%
2017-03-20 05:38:14,999 INFO: ----------------------------------------------------------------------------
2017-03-20 05:38:14,999 INFO: EPOCH 134 (45.819 seconds):
2017-03-20 05:38:15,000 INFO: 	Average L2 norm of relation vector: 0.05559
2017-03-20 05:38:15,001 INFO: 	COST >> 0.088 +/- 0.004, % updates Left: 5.09% Rel: 0.12% Right: 4.59%
2017-03-20 05:39:00,505 INFO: ----------------------------------------------------------------------------
2017-03-20 05:39:00,506 INFO: EPOCH 135 (45.505 seconds):
2017-03-20 05:39:00,508 INFO: 	Average L2 norm of relation vector: 0.05559
2017-03-20 05:39:00,509 INFO: 	COST >> 0.089 +/- 0.005, % updates Left: 5.13% Rel: 0.11% Right: 4.66%
2017-03-20 05:39:45,169 INFO: ----------------------------------------------------------------------------
2017-03-20 05:39:45,169 INFO: EPOCH 136 (44.66 seconds):
2017-03-20 05:39:45,170 INFO: 	Average L2 norm of relation vector: 0.05557
2017-03-20 05:39:45,171 INFO: 	COST >> 0.089 +/- 0.005, % updates Left: 5.1% Rel: 0.13% Right: 4.63%
2017-03-20 05:40:29,152 INFO: ----------------------------------------------------------------------------
2017-03-20 05:40:29,152 INFO: EPOCH 137 (43.98 seconds):
2017-03-20 05:40:29,154 INFO: 	Average L2 norm of relation vector: 0.05556
2017-03-20 05:40:29,154 INFO: 	COST >> 0.089 +/- 0.005, % updates Left: 5.12% Rel: 0.12% Right: 4.62%
2017-03-20 05:41:12,659 INFO: ----------------------------------------------------------------------------
2017-03-20 05:41:12,659 INFO: EPOCH 138 (43.504 seconds):
2017-03-20 05:41:12,660 INFO: 	Average L2 norm of relation vector: 0.05556
2017-03-20 05:41:12,661 INFO: 	COST >> 0.088 +/- 0.005, % updates Left: 5.11% Rel: 0.12% Right: 4.58%
2017-03-20 05:41:57,956 INFO: ----------------------------------------------------------------------------
2017-03-20 05:41:57,957 INFO: EPOCH 139 (45.296 seconds):
2017-03-20 05:41:57,958 INFO: 	Average L2 norm of relation vector: 0.05554
2017-03-20 05:41:57,959 INFO: 	COST >> 0.089 +/- 0.005, % updates Left: 5.08% Rel: 0.12% Right: 4.62%
2017-03-20 05:42:41,852 INFO: ----------------------------------------------------------------------------
2017-03-20 05:42:41,852 INFO: EPOCH 140 (43.893 seconds):
2017-03-20 05:42:41,853 INFO: 	Average L2 norm of relation vector: 0.05554
2017-03-20 05:42:41,854 INFO: 	COST >> 0.088 +/- 0.005, % updates Left: 5.13% Rel: 0.12% Right: 4.59%
2017-03-20 05:42:41,854 INFO: 	FilteredRanking: evaluating rank on 1000 triples
2017-03-20 05:43:44,161 INFO: 	FilteredRanking: evaluating rank on 1000 triples
2017-03-20 05:44:43,873 INFO: 	MEAN RANK >> valid: 373.1, train: 246.3
2017-03-20 05:44:43,874 INFO: 		MEAN RANK TRAIN: Left: 253.6 Rel: 4.9 Right: 239.1
2017-03-20 05:44:43,874 INFO: 		MEAN RANK VALID: Left: 381.4 Rel: 26.0 Right: 364.9
2017-03-20 05:44:43,874 INFO: 		MEAN RECIPROCAL RANK VALID (L & R): 0.1365
2017-03-20 05:44:43,875 WARNING: 	WARNING, failed to improve MRR on valid, 2 chances left

2017-03-20 05:44:43,960 INFO: 	(ranking took 122.106 seconds)
2017-03-20 05:45:29,554 INFO: ----------------------------------------------------------------------------
2017-03-20 05:45:29,554 INFO: EPOCH 141 (45.593 seconds):
2017-03-20 05:45:29,555 INFO: 	Average L2 norm of relation vector: 0.05553
2017-03-20 05:45:29,556 INFO: 	COST >> 0.089 +/- 0.005, % updates Left: 5.13% Rel: 0.12% Right: 4.59%
2017-03-20 05:46:16,315 INFO: ----------------------------------------------------------------------------
2017-03-20 05:46:16,315 INFO: EPOCH 142 (46.76 seconds):
2017-03-20 05:46:16,317 INFO: 	Average L2 norm of relation vector: 0.05552
2017-03-20 05:46:16,317 INFO: 	COST >> 0.089 +/- 0.005, % updates Left: 5.15% Rel: 0.13% Right: 4.63%
2017-03-20 05:47:02,143 INFO: ----------------------------------------------------------------------------
2017-03-20 05:47:02,143 INFO: EPOCH 143 (45.826 seconds):
2017-03-20 05:47:02,144 INFO: 	Average L2 norm of relation vector: 0.05551
2017-03-20 05:47:02,145 INFO: 	COST >> 0.089 +/- 0.004, % updates Left: 5.15% Rel: 0.12% Right: 4.57%
2017-03-20 05:47:48,560 INFO: ----------------------------------------------------------------------------
2017-03-20 05:47:48,560 INFO: EPOCH 144 (46.415 seconds):
2017-03-20 05:47:48,562 INFO: 	Average L2 norm of relation vector: 0.05549
2017-03-20 05:47:48,562 INFO: 	COST >> 0.089 +/- 0.005, % updates Left: 5.14% Rel: 0.12% Right: 4.6%
2017-03-20 05:48:35,539 INFO: ----------------------------------------------------------------------------
2017-03-20 05:48:35,540 INFO: EPOCH 145 (46.977 seconds):
2017-03-20 05:48:35,541 INFO: 	Average L2 norm of relation vector: 0.0555
2017-03-20 05:48:35,541 INFO: 	COST >> 0.088 +/- 0.005, % updates Left: 5.14% Rel: 0.12% Right: 4.61%
2017-03-20 05:49:19,313 INFO: ----------------------------------------------------------------------------
2017-03-20 05:49:19,313 INFO: EPOCH 146 (43.772 seconds):
2017-03-20 05:49:19,315 INFO: 	Average L2 norm of relation vector: 0.05548
2017-03-20 05:49:19,315 INFO: 	COST >> 0.089 +/- 0.004, % updates Left: 5.16% Rel: 0.12% Right: 4.6%
2017-03-20 05:50:02,785 INFO: ----------------------------------------------------------------------------
2017-03-20 05:50:02,786 INFO: EPOCH 147 (43.47 seconds):
2017-03-20 05:50:02,787 INFO: 	Average L2 norm of relation vector: 0.05547
2017-03-20 05:50:02,788 INFO: 	COST >> 0.088 +/- 0.004, % updates Left: 5.11% Rel: 0.13% Right: 4.51%
2017-03-20 05:50:46,791 INFO: ----------------------------------------------------------------------------
2017-03-20 05:50:46,791 INFO: EPOCH 148 (44.003 seconds):
2017-03-20 05:50:46,793 INFO: 	Average L2 norm of relation vector: 0.05545
2017-03-20 05:50:46,794 INFO: 	COST >> 0.089 +/- 0.005, % updates Left: 5.11% Rel: 0.12% Right: 4.61%
2017-03-20 05:51:32,629 INFO: ----------------------------------------------------------------------------
2017-03-20 05:51:32,630 INFO: EPOCH 149 (45.836 seconds):
2017-03-20 05:51:32,632 INFO: 	Average L2 norm of relation vector: 0.05543
2017-03-20 05:51:32,633 INFO: 	COST >> 0.089 +/- 0.005, % updates Left: 5.13% Rel: 0.13% Right: 4.58%
2017-03-20 05:52:16,715 INFO: ----------------------------------------------------------------------------
2017-03-20 05:52:16,716 INFO: EPOCH 150 (44.082 seconds):
2017-03-20 05:52:16,717 INFO: 	Average L2 norm of relation vector: 0.05542
2017-03-20 05:52:16,718 INFO: 	COST >> 0.089 +/- 0.005, % updates Left: 5.11% Rel: 0.12% Right: 4.6%
2017-03-20 05:52:16,718 INFO: 	FilteredRanking: evaluating rank on 1000 triples
2017-03-20 05:53:19,140 INFO: 	FilteredRanking: evaluating rank on 1000 triples
2017-03-20 05:54:19,136 INFO: 	MEAN RANK >> valid: 380.9, train: 233.8
2017-03-20 05:54:19,137 INFO: 		MEAN RANK TRAIN: Left: 240.9 Rel: 4.4 Right: 226.8
2017-03-20 05:54:19,137 INFO: 		MEAN RANK VALID: Left: 393.7 Rel: 23.1 Right: 368.2
2017-03-20 05:54:19,138 INFO: 		MEAN RECIPROCAL RANK VALID (L & R): 0.143
2017-03-20 05:54:19,138 WARNING: 	WARNING, failed to improve MRR on valid, 1 chances left

2017-03-20 05:54:19,246 INFO: 	(ranking took 122.528 seconds)
2017-03-20 05:55:05,146 INFO: ----------------------------------------------------------------------------
2017-03-20 05:55:05,146 INFO: EPOCH 151 (45.899 seconds):
2017-03-20 05:55:05,147 INFO: 	Average L2 norm of relation vector: 0.05539
2017-03-20 05:55:05,147 INFO: 	COST >> 0.088 +/- 0.005, % updates Left: 5.1% Rel: 0.12% Right: 4.55%
2017-03-20 05:55:51,220 INFO: ----------------------------------------------------------------------------
2017-03-20 05:55:51,220 INFO: EPOCH 152 (46.073 seconds):
2017-03-20 05:55:51,222 INFO: 	Average L2 norm of relation vector: 0.05538
2017-03-20 05:55:51,223 INFO: 	COST >> 0.089 +/- 0.005, % updates Left: 5.13% Rel: 0.13% Right: 4.63%
2017-03-20 05:56:37,175 INFO: ----------------------------------------------------------------------------
2017-03-20 05:56:37,175 INFO: EPOCH 153 (45.951 seconds):
2017-03-20 05:56:37,177 INFO: 	Average L2 norm of relation vector: 0.05536
2017-03-20 05:56:37,178 INFO: 	COST >> 0.089 +/- 0.005, % updates Left: 5.14% Rel: 0.12% Right: 4.58%
2017-03-20 05:57:23,083 INFO: ----------------------------------------------------------------------------
2017-03-20 05:57:23,084 INFO: EPOCH 154 (45.906 seconds):
2017-03-20 05:57:23,085 INFO: 	Average L2 norm of relation vector: 0.05536
2017-03-20 05:57:23,086 INFO: 	COST >> 0.089 +/- 0.005, % updates Left: 5.14% Rel: 0.12% Right: 4.52%
2017-03-20 05:58:08,690 INFO: ----------------------------------------------------------------------------
2017-03-20 05:58:08,690 INFO: EPOCH 155 (45.604 seconds):
2017-03-20 05:58:08,691 INFO: 	Average L2 norm of relation vector: 0.05534
2017-03-20 05:58:08,691 INFO: 	COST >> 0.089 +/- 0.004, % updates Left: 5.19% Rel: 0.12% Right: 4.59%
2017-03-20 05:58:52,879 INFO: ----------------------------------------------------------------------------
2017-03-20 05:58:52,879 INFO: EPOCH 156 (44.188 seconds):
2017-03-20 05:58:52,881 INFO: 	Average L2 norm of relation vector: 0.05533
2017-03-20 05:58:52,882 INFO: 	COST >> 0.089 +/- 0.005, % updates Left: 5.12% Rel: 0.12% Right: 4.6%
2017-03-20 05:59:36,357 INFO: ----------------------------------------------------------------------------
2017-03-20 05:59:36,357 INFO: EPOCH 157 (43.475 seconds):
2017-03-20 05:59:36,358 INFO: 	Average L2 norm of relation vector: 0.0553
2017-03-20 05:59:36,358 INFO: 	COST >> 0.088 +/- 0.005, % updates Left: 5.06% Rel: 0.12% Right: 4.56%
2017-03-20 06:00:21,109 INFO: ----------------------------------------------------------------------------
2017-03-20 06:00:21,110 INFO: EPOCH 158 (44.751 seconds):
2017-03-20 06:00:21,112 INFO: 	Average L2 norm of relation vector: 0.05529
2017-03-20 06:00:21,113 INFO: 	COST >> 0.088 +/- 0.005, % updates Left: 5.09% Rel: 0.12% Right: 4.57%
2017-03-20 06:01:07,658 INFO: ----------------------------------------------------------------------------
2017-03-20 06:01:07,659 INFO: EPOCH 159 (46.545 seconds):
2017-03-20 06:01:07,660 INFO: 	Average L2 norm of relation vector: 0.05529
2017-03-20 06:01:07,660 INFO: 	COST >> 0.089 +/- 0.005, % updates Left: 5.17% Rel: 0.12% Right: 4.58%
2017-03-20 06:01:51,960 INFO: ----------------------------------------------------------------------------
2017-03-20 06:01:51,961 INFO: EPOCH 160 (44.3 seconds):
2017-03-20 06:01:51,962 INFO: 	Average L2 norm of relation vector: 0.0553
2017-03-20 06:01:51,963 INFO: 	COST >> 0.089 +/- 0.004, % updates Left: 5.12% Rel: 0.13% Right: 4.64%
2017-03-20 06:01:51,963 INFO: 	FilteredRanking: evaluating rank on 1000 triples
2017-03-20 06:02:53,186 INFO: 	FilteredRanking: evaluating rank on 1000 triples
2017-03-20 06:03:54,069 INFO: 	MEAN RANK >> valid: 391.1, train: 239.9
2017-03-20 06:03:54,070 INFO: 		MEAN RANK TRAIN: Left: 245.1 Rel: 4.7 Right: 234.7
2017-03-20 06:03:54,071 INFO: 		MEAN RANK VALID: Left: 413.6 Rel: 29.5 Right: 368.7
2017-03-20 06:03:54,071 INFO: 		MEAN RECIPROCAL RANK VALID (L & R): 0.1345
2017-03-20 06:03:54,071 WARNING: 	WARNING, failed to improve MRR on valid, 0 chances left

2017-03-20 06:03:54,154 INFO: 	(ranking took 122.19 seconds)
2017-03-20 06:04:41,522 INFO: ----------------------------------------------------------------------------
2017-03-20 06:04:41,522 INFO: EPOCH 161 (47.368 seconds):
2017-03-20 06:04:41,525 INFO: 	Average L2 norm of relation vector: 0.05529
2017-03-20 06:04:41,526 INFO: 	COST >> 0.088 +/- 0.005, % updates Left: 5.07% Rel: 0.12% Right: 4.6%
2017-03-20 06:05:28,349 INFO: ----------------------------------------------------------------------------
2017-03-20 06:05:28,349 INFO: EPOCH 162 (46.823 seconds):
2017-03-20 06:05:28,351 INFO: 	Average L2 norm of relation vector: 0.05526
2017-03-20 06:05:28,352 INFO: 	COST >> 0.088 +/- 0.005, % updates Left: 5.1% Rel: 0.13% Right: 4.57%
2017-03-20 06:06:15,707 INFO: ----------------------------------------------------------------------------
2017-03-20 06:06:15,707 INFO: EPOCH 163 (47.355 seconds):
2017-03-20 06:06:15,708 INFO: 	Average L2 norm of relation vector: 0.05525
2017-03-20 06:06:15,709 INFO: 	COST >> 0.088 +/- 0.005, % updates Left: 5.13% Rel: 0.13% Right: 4.51%
2017-03-20 06:07:02,658 INFO: ----------------------------------------------------------------------------
2017-03-20 06:07:02,658 INFO: EPOCH 164 (46.949 seconds):
2017-03-20 06:07:02,660 INFO: 	Average L2 norm of relation vector: 0.05523
2017-03-20 06:07:02,661 INFO: 	COST >> 0.089 +/- 0.005, % updates Left: 5.12% Rel: 0.12% Right: 4.59%
2017-03-20 06:07:49,624 INFO: ----------------------------------------------------------------------------
2017-03-20 06:07:49,624 INFO: EPOCH 165 (46.963 seconds):
2017-03-20 06:07:49,625 INFO: 	Average L2 norm of relation vector: 0.05522
2017-03-20 06:07:49,626 INFO: 	COST >> 0.088 +/- 0.004, % updates Left: 5.09% Rel: 0.12% Right: 4.57%
2017-03-20 06:08:36,309 INFO: ----------------------------------------------------------------------------
2017-03-20 06:08:36,310 INFO: EPOCH 166 (46.683 seconds):
2017-03-20 06:08:36,311 INFO: 	Average L2 norm of relation vector: 0.0552
2017-03-20 06:08:36,312 INFO: 	COST >> 0.089 +/- 0.005, % updates Left: 5.09% Rel: 0.12% Right: 4.64%
2017-03-20 06:09:23,165 INFO: ----------------------------------------------------------------------------
2017-03-20 06:09:23,165 INFO: EPOCH 167 (46.853 seconds):
2017-03-20 06:09:23,166 INFO: 	Average L2 norm of relation vector: 0.05519
2017-03-20 06:09:23,166 INFO: 	COST >> 0.089 +/- 0.005, % updates Left: 5.15% Rel: 0.12% Right: 4.62%
2017-03-20 06:10:10,353 INFO: ----------------------------------------------------------------------------
2017-03-20 06:10:10,353 INFO: EPOCH 168 (47.186 seconds):
2017-03-20 06:10:10,355 INFO: 	Average L2 norm of relation vector: 0.05518
2017-03-20 06:10:10,357 INFO: 	COST >> 0.089 +/- 0.005, % updates Left: 5.11% Rel: 0.12% Right: 4.65%
2017-03-20 06:10:56,838 INFO: ----------------------------------------------------------------------------
2017-03-20 06:10:56,839 INFO: EPOCH 169 (46.481 seconds):
2017-03-20 06:10:56,840 INFO: 	Average L2 norm of relation vector: 0.05518
2017-03-20 06:10:56,841 INFO: 	COST >> 0.088 +/- 0.005, % updates Left: 5.13% Rel: 0.12% Right: 4.59%
2017-03-20 06:11:41,998 INFO: ----------------------------------------------------------------------------
2017-03-20 06:11:41,999 INFO: EPOCH 170 (45.157 seconds):
2017-03-20 06:11:41,999 INFO: 	Average L2 norm of relation vector: 0.05518
2017-03-20 06:11:42,000 INFO: 	COST >> 0.088 +/- 0.004, % updates Left: 5.13% Rel: 0.12% Right: 4.55%
2017-03-20 06:11:42,000 INFO: 	FilteredRanking: evaluating rank on 1000 triples
2017-03-20 06:12:45,700 INFO: 	FilteredRanking: evaluating rank on 1000 triples
2017-03-20 06:13:48,769 INFO: 	MEAN RANK >> valid: 390.0, train: 236.6
2017-03-20 06:13:48,770 INFO: 		MEAN RANK TRAIN: Left: 245.1 Rel: 6.1 Right: 228.0
2017-03-20 06:13:48,771 INFO: 		MEAN RANK VALID: Left: 410.3 Rel: 32.8 Right: 369.7
2017-03-20 06:13:48,771 INFO: 		MEAN RECIPROCAL RANK VALID (L & R): 0.1355
2017-03-20 06:13:48,772 WARNING: EARLY STOPPING, failed to improve MRR on valid after 30 epochs
2017-03-20 06:13:48,772 INFO: ----------------------------------------------------------------------------
2017-03-20 06:13:48,772 INFO: ----------------------------------------------------------------------------
2017-03-20 06:13:48,772 INFO: 	Ranking model on all examples from test. Each example ranked against 14951 other entities
2017-03-20 06:13:48,772 INFO: 	RELATION ranking: each rel ranked against 1345 other rels
2017-03-20 06:13:49,253 INFO: 	Ranking: evaluating rank on 59071 triples
2017-03-20 06:47:04,711 INFO: left_ranks: (59071,), right_ranks: (59071,), rel_ranks: (59071,)
2017-03-20 06:47:04,733 INFO: max left_ranks: 14832, max right_ranks: 14947, max rel_ranks: 1345
2017-03-20 06:47:05,505 INFO: MICRO RAW:
2017-03-20 06:47:05,505 INFO: 	Left mean rank: 522.409, MRR: 0.105, median rank: 119.0, hits@10: 20.54%
2017-03-20 06:47:05,505 INFO: 	Right mean rank: 414.674, MRR: 0.163, median rank: 61.0, hits@10: 28.451%
2017-03-20 06:47:05,505 INFO: 	relation mean rank: 26.027, MRR: 0.472, median rank: 3.0, hits@10: 79.432%
2017-03-20 06:47:05,505 INFO: 	Global mean rank: 468.542, MRR: 0.134, median rank: 87.0, hits@10: 24.495%
2017-03-20 06:47:05,505 INFO: MACRO RAW
2017-03-20 06:47:05,506 INFO: 	Left mean rank: 153.948, MRR: 0.227, median rank: 16.0, hits@10: 45.44%
2017-03-20 06:47:05,506 INFO: 	Right mean rank: 124.83, MRR: 0.292, median rank: 11.5, hits@10: 51.62%
2017-03-20 06:47:05,506 INFO: 	relation mean rank: 17.154, MRR: 0.262, median rank: 12.981, hits@10: 60.093%
2017-03-20 06:47:05,506 INFO: 	Global mean rank: 98.644, MRR: 0.26, median rank: 10.0, hits@10: 52.384%
2017-03-20 06:47:05,519 INFO: Ranking model on all examples from test. Each example ranked against 14951 other entities which are FILTERED
2017-03-20 06:47:05,519 INFO: RELATION ranking: each rel ranked against 1345 other rels
2017-03-20 06:47:06,447 INFO: 	FilteredRanking: evaluating rank on 59071 triples
2017-03-20 07:35:49,967 INFO: MICRO FILTERED:
2017-03-20 07:35:49,972 INFO: 	Left mean rank: 390.04569, MRR: 0.18914, median rank: 63.0, hits@10: 30.592%
2017-03-20 07:35:49,973 INFO: 	Right mean rank: 332.17256, MRR: 0.23607, median rank: 41.0, hits@10: 36.126%
2017-03-20 07:35:49,973 INFO: 	relation mean rank: 25.678, MRR: 0.509, median rank: 3.0, hits@10: 80.701%
2017-03-20 07:35:49,973 INFO: 	Global mean rank: 361.10912, MRR: 0.2126, median rank: 52.0, hits@10: 33.359%
2017-03-20 07:35:49,974 INFO: MACRO FILTERED
2017-03-20 07:35:49,974 INFO: 	Left mean rank: 124.69297, MRR: 0.32561, median rank: 8.0, hits@10: 55.646%
2017-03-20 07:35:49,974 INFO: 	Right mean rank: 110.94222, MRR: 0.36462, median rank: 7.0, hits@10: 57.991%
2017-03-20 07:35:49,974 INFO: 	relation mean rank: 16.541, MRR: 0.285, median rank: 12.363, hits@10: 62.33%
2017-03-20 07:35:49,974 INFO: 	Global mean rank: 84.0587, MRR: 0.32522, median rank: 7.0, hits@10: 58.656%
