2017-04-26 01:54:03,676 INFO: logger initialized for experiment identifier: Path_L1_ndim_100_marg_1.0_lrate_0.01_cost_margincost_pos_high_reg_0.005_horn_False_useIntermedNodes_False_compop_compose_BilinearDiag
2017-04-26 01:54:03,676 INFO: identifier: Path_L1_ndim_100_marg_1.0_lrate_0.01_cost_margincost_pos_high_reg_0.005_horn_False_useIntermedNodes_False_compop_compose_BilinearDiag
2017-04-26 01:54:03,676 INFO: models saved to path: /Users/corbinrosset/Dropbox/Arora/QA-code/src/KBC_Text/outputs/FB15k_Path/
2017-04-26 01:54:03,676 INFO: DD{'ndim': 100, 'test_all': 10, 'Nsyn_rel': 1345, 'graph_files': ['length_2_numPaths_50000000', 'length_3_numPaths_50000000'], 'nvalid': 1000, 'seed': 123, 'simfn': 'L1', 'nbatches': 100, 'lrparam': 0.01, 'loademb': '/Users/corbinrosset/Dropbox/Arora/QA-code/src/KBC_Text/outputs/FB15k_BilinearDiag/BEST_BilinearDiag_Dot_ndim_100_marg_0.2_lrate_0.01_cost_margincost_pos_high_reg_0.01_REL/best_valid_model.pkl', 'datapath': '/Users/corbinrosset/Dropbox/Arora/QA-code/src/KBC_Text/data/', 'compop': 'compose_BilinearDiag', 'Nrel': 1345, 'rel': False, 'Nent': 14951, 'logger': <logging.RootLogger object at 0x104021150>, 'Nsyn': 14951, 'reg': 0.005, 'useHornPaths': False, 'dataset': 'FB15k', 'bestvalidMRR': -1, 'loadmodel': False, 'needIntermediateNodesOnPaths': False, 'savepath': '/Users/corbinrosset/Dropbox/Arora/QA-code/src/KBC_Text/outputs/FB15k_Path/Path_L1_ndim_100_marg_1.0_lrate_0.01_cost_margincost_pos_high_reg_0.005_horn_False_useIntermedNodes_False_compop_compose_BilinearDiag', 'marge': 1.0, 'margincostfunction': 'margincost_pos_high', 'lremb': 0.01, 'identifier': 'Path_L1_ndim_100_marg_1.0_lrate_0.01_cost_margincost_pos_high_reg_0.005_horn_False_useIntermedNodes_False_compop_compose_BilinearDiag', 'ntrain': 1000, 'experiment_type': 'FB15k_path_exp', 'totepochs': 500, 'ntest': 1000}
2017-04-26 01:54:03,677 INFO: initializing graph
2017-04-26 01:54:05,660 INFO: loaded FB15k data in: 1.954146 seconds
2017-04-26 01:54:05,664 INFO: loading length_2_numPaths_50000000_train.path file
2017-04-26 01:54:11,254 INFO: loading length_2_numPaths_50000000_dev.path file
2017-04-26 01:54:11,305 INFO: loading length_2_numPaths_50000000_test.path file
2017-04-26 01:54:11,357 INFO: loading length_3_numPaths_50000000_train.path file
2017-04-26 01:54:17,340 INFO: loading length_3_numPaths_50000000_dev.path file
2017-04-26 01:54:17,398 INFO: loading length_3_numPaths_50000000_test.path file
2017-04-26 01:54:17,500 DEBUG: FB15kexp_path: training paths: [(100000, 2), (100000, 3)], dev paths: [(1000, 2), (1000, 3)]
2017-04-26 01:54:17,500 INFO: INITIALIZING EMBEDDINGS FROM MODEL
2017-04-26 01:54:17,500 INFO: loading embeddings from /Users/corbinrosset/Dropbox/Arora/QA-code/src/KBC_Text/outputs/FB15k_BilinearDiag/BEST_BilinearDiag_Dot_ndim_100_marg_0.2_lrate_0.01_cost_margincost_pos_high_reg_0.01_REL/best_valid_model.pkl
2017-04-26 01:54:24,248 ERROR: SeqOptimizer apply <theano.tensor.opt.FusionOptimizer object at 0x105b3fa10>
2017-04-26 01:54:24,249 ERROR: Traceback:
2017-04-26 01:54:24,250 ERROR: Traceback (most recent call last):
  File "/Users/corbinrosset/Library/Python/2.7/lib/python/site-packages/theano/gof/opt.py", line 194, in apply
    sub_prof = optimizer.optimize(fgraph)
  File "/Users/corbinrosset/Library/Python/2.7/lib/python/site-packages/theano/gof/opt.py", line 79, in optimize
    ret = self.apply(fgraph, *args, **kwargs)
  File "/Users/corbinrosset/Library/Python/2.7/lib/python/site-packages/theano/tensor/opt.py", line 5892, in apply
    new_outputs = self.optimizer(node)
  File "/Users/corbinrosset/Library/Python/2.7/lib/python/site-packages/theano/tensor/opt.py", line 5839, in local_fuse
    ret = local_fuse(n)
  File "/Users/corbinrosset/Library/Python/2.7/lib/python/site-packages/theano/tensor/opt.py", line 5839, in local_fuse
    ret = local_fuse(n)
  File "/Users/corbinrosset/Library/Python/2.7/lib/python/site-packages/theano/tensor/opt.py", line 5839, in local_fuse
    ret = local_fuse(n)
  File "/Users/corbinrosset/Library/Python/2.7/lib/python/site-packages/theano/tensor/opt.py", line 5827, in local_fuse
    n = maker(node, C)(*inputs).owner
  File "/Users/corbinrosset/Library/Python/2.7/lib/python/site-packages/theano/tensor/opt.py", line 5640, in maker
    return OP(scalar_op)
  File "/Users/corbinrosset/Library/Python/2.7/lib/python/site-packages/theano/tensor/elemwise.py", line 503, in __init__
    scalar_op.nout)
ValueError: Cannot construct a ufunc with more than 32 operands (requested number were: inputs = 33 and outputs = 1)

2017-04-26 01:54:31,311 DEBUG: loaded data, constructed model, constructed graph...
2017-04-26 01:54:31,311 DEBUG: num epochs: 500
2017-04-26 01:54:31,312 DEBUG: num batches per epoch: 100
2017-04-26 01:54:31,312 DEBUG: batchsize: 1000
2017-04-26 01:54:31,312 DEBUG: left and right entity ranking functions will rank a slot against 14951 competitors
2017-04-26 01:54:31,312 INFO: --------------------------------------------------------------------------------------------------
2017-04-26 01:54:31,312 INFO: Since we initialized embeddings with pre-trained vectors, establish baseline of their performance:
2017-04-26 01:54:31,312 INFO: 	FilteredRanking: evaluating rank on 1000 triples
