2017-04-13 15:33:03,811 INFO: logger initialized for experiment identifier: DoubleLinear_L1_ndim_50_marg_1.0_lrate_0.01_cost_margincost_pos_high_reg_0.001_REL
2017-04-13 15:33:03,812 INFO: identifier: DoubleLinear_L1_ndim_50_marg_1.0_lrate_0.01_cost_margincost_pos_high_reg_0.001_REL
2017-04-13 15:33:03,812 INFO: models saved to path: /Users/corbinrosset/Dropbox/Arora/QA-code/src/KBC_Text/outputs/FB15k_DoubleLinear/
2017-04-13 15:33:03,812 INFO: DD{'ndim': 50, 'test_all': 10, 'Nsyn_rel': 1345, 'totepochs': 500, 'bestvalidMRR': -1, 'loadmodel': False, 'lremb': 0.01, 'nvalid': 1000, 'seed': 123, 'marge': 1.0, 'margincostfunction': 'margincost_pos_high', 'simfn': 'L1', 'savepath': '/Users/corbinrosset/Dropbox/Arora/QA-code/src/KBC_Text/outputs/FB15k_DoubleLinear/DoubleLinear_L1_ndim_50_marg_1.0_lrate_0.01_cost_margincost_pos_high_reg_0.001_REL', 'dataset': 'FB15k', 'nbatches': 100, 'identifier': 'DoubleLinear_L1_ndim_50_marg_1.0_lrate_0.01_cost_margincost_pos_high_reg_0.001_REL', 'lrparam': 0.01, 'loademb': False, 'datapath': '/Users/corbinrosset/Dropbox/Arora/QA-code/src/KBC_Text/data/', 'ntrain': 1000, 'Nrel': 1345, 'experiment_type': 'FB15kexp', 'rel': True, 'Nent': 16296, 'logger': <logging.RootLogger object at 0x10e646e50>, 'ntest': 1000, 'Nsyn': 14951, 'reg': 0.001, 'op': 'DoubleLinear'}
2017-04-13 15:33:05,938 INFO: loaded FB15k data in: 2.078985 seconds
2017-04-13 15:33:05,941 DEBUG: FB15kexp: load_FB15k_data(): trainl(16296, 483142), trainr(16296, 483142), traino(1345, 483142), trainlidx(1000,)
2017-04-13 15:33:10,183 DEBUG: Training to rank RELATIONS as well!
2017-04-13 15:33:10,183 DEBUG: loaded data and constructed model...
2017-04-13 15:33:10,184 DEBUG: num epochs: 500
2017-04-13 15:33:10,184 DEBUG: num batches per epoch: 100
2017-04-13 15:33:10,184 DEBUG: batchsize: 4831
2017-04-13 15:33:10,184 DEBUG: left and right entity ranking functions will rank a slot against 14951 competitors
2017-04-13 15:33:10,184 INFO: BEGIN TRAINING
2017-04-13 15:38:59,363 INFO: ----------------------------------------------------------------------------
2017-04-13 15:38:59,365 INFO: EPOCH 1 (349.181 seconds):
2017-04-13 15:38:59,432 INFO: 	Average L2 norm of relation vector: 0.10184
2017-04-13 15:38:59,433 INFO: 	COST >> 5.448 +/- 2.347, % updates Left: 75.88% Rel: 79.65% Right: 75.55%
2017-04-13 15:44:30,837 INFO: ----------------------------------------------------------------------------
2017-04-13 15:44:30,839 INFO: EPOCH 2 (331.405 seconds):
2017-04-13 15:44:30,890 INFO: 	Average L2 norm of relation vector: 0.12249
2017-04-13 15:44:30,891 INFO: 	COST >> 1.986 +/- 0.933, % updates Left: 29.88% Rel: 19.34% Right: 30.8%
2017-04-13 15:50:09,409 INFO: ----------------------------------------------------------------------------
2017-04-13 15:50:09,413 INFO: EPOCH 3 (338.523 seconds):
2017-04-13 15:50:09,456 INFO: 	Average L2 norm of relation vector: 0.13453
2017-04-13 15:50:09,456 INFO: 	COST >> 1.125 +/- 0.316, % updates Left: 18.0% Rel: 9.9% Right: 20.49%
2017-04-13 15:56:14,282 INFO: ----------------------------------------------------------------------------
2017-04-13 15:56:14,284 INFO: EPOCH 4 (364.827 seconds):
2017-04-13 15:56:14,327 INFO: 	Average L2 norm of relation vector: 0.14205
2017-04-13 15:56:14,327 INFO: 	COST >> 0.699 +/- 0.11, % updates Left: 13.58% Rel: 5.95% Right: 15.97%
2017-04-13 16:02:15,018 INFO: ----------------------------------------------------------------------------
2017-04-13 16:02:15,021 INFO: EPOCH 5 (360.693 seconds):
2017-04-13 16:02:15,063 INFO: 	Average L2 norm of relation vector: 0.14721
2017-04-13 16:02:15,064 INFO: 	COST >> 0.552 +/- 0.104, % updates Left: 11.33% Rel: 4.15% Right: 13.01%
2017-04-13 16:07:59,626 INFO: ----------------------------------------------------------------------------
2017-04-13 16:07:59,626 INFO: EPOCH 6 (344.562 seconds):
2017-04-13 16:07:59,672 INFO: 	Average L2 norm of relation vector: 0.151
2017-04-13 16:07:59,672 INFO: 	COST >> 0.485 +/- 0.085, % updates Left: 10.18% Rel: 3.09% Right: 11.82%
2017-04-13 16:13:27,660 INFO: ----------------------------------------------------------------------------
2017-04-13 16:13:27,662 INFO: EPOCH 7 (327.989 seconds):
2017-04-13 16:13:27,711 INFO: 	Average L2 norm of relation vector: 0.1548
2017-04-13 16:13:27,712 INFO: 	COST >> 0.497 +/- 0.103, % updates Left: 9.62% Rel: 3.06% Right: 11.69%
2017-04-13 16:19:19,340 INFO: ----------------------------------------------------------------------------
2017-04-13 16:19:19,342 INFO: EPOCH 8 (351.63 seconds):
2017-04-13 16:19:19,391 INFO: 	Average L2 norm of relation vector: 0.15803
2017-04-13 16:19:19,392 INFO: 	COST >> 0.445 +/- 0.109, % updates Left: 9.03% Rel: 2.54% Right: 10.66%
2017-04-13 16:35:52,444 INFO: ----------------------------------------------------------------------------
2017-04-13 16:35:52,446 INFO: EPOCH 9 (993.053 seconds):
2017-04-13 16:35:52,493 INFO: 	Average L2 norm of relation vector: 0.16054
2017-04-13 16:35:52,493 INFO: 	COST >> 0.384 +/- 0.073, % updates Left: 8.23% Rel: 2.12% Right: 9.77%
2017-04-13 16:41:49,451 INFO: ----------------------------------------------------------------------------
2017-04-13 16:41:49,453 INFO: EPOCH 10 (356.959 seconds):
2017-04-13 16:41:49,504 INFO: 	Average L2 norm of relation vector: 0.16277
2017-04-13 16:41:49,504 INFO: 	COST >> 0.372 +/- 0.083, % updates Left: 7.73% Rel: 1.94% Right: 9.17%
2017-04-13 16:41:49,505 INFO: 	FilteredRanking: evaluating rank on 1000 triples
2017-04-13 16:54:36,727 INFO: 	FilteredRanking: evaluating rank on 1000 triples
2017-04-13 17:06:35,357 INFO: 	MEAN RANK >> valid: 1085.7, train: 886.4
2017-04-13 17:06:35,363 INFO: 		MEAN RANK TRAIN: Left: 752.0 Rel: 30.3 Right: 1020.9
2017-04-13 17:06:35,364 INFO: 		MEAN RANK VALID: Left: 870.5 Rel: 38.0 Right: 1300.8
2017-04-13 17:06:35,364 INFO: 		MEAN RECIPROCAL RANK VALID (L & R): 0.0445
2017-04-13 17:06:35,364 INFO: 	FilteredRanking: evaluating rank on 1000 triples
2017-04-13 17:18:34,944 INFO: 	NEW BEST TEST MR: 981.0
2017-04-13 17:18:34,945 INFO: 		Left MR: 827.0 Rel MR: 47.2 Right MR: 1135.1
2017-04-13 17:18:35,180 INFO: 	(ranking took 2205.676 seconds)
2017-04-13 17:37:46,690 INFO: ----------------------------------------------------------------------------
2017-04-13 17:37:46,692 INFO: EPOCH 11 (1151.512 seconds):
2017-04-13 17:37:46,741 INFO: 	Average L2 norm of relation vector: 0.16462
2017-04-13 17:37:46,741 INFO: 	COST >> 0.359 +/- 0.06, % updates Left: 7.58% Rel: 1.67% Right: 9.5%
2017-04-13 17:43:21,782 INFO: ----------------------------------------------------------------------------
2017-04-13 17:43:21,784 INFO: EPOCH 12 (335.043 seconds):
2017-04-13 17:43:21,826 INFO: 	Average L2 norm of relation vector: 0.16641
2017-04-13 17:43:21,827 INFO: 	COST >> 0.367 +/- 0.061, % updates Left: 7.86% Rel: 1.63% Right: 9.36%
2017-04-13 17:49:07,738 INFO: ----------------------------------------------------------------------------
2017-04-13 17:49:07,740 INFO: EPOCH 13 (345.913 seconds):
2017-04-13 17:49:07,786 INFO: 	Average L2 norm of relation vector: 0.16833
2017-04-13 17:49:07,786 INFO: 	COST >> 0.379 +/- 0.071, % updates Left: 7.6% Rel: 1.67% Right: 9.58%
2017-04-13 17:55:16,564 INFO: ----------------------------------------------------------------------------
2017-04-13 17:55:16,566 INFO: EPOCH 14 (368.78 seconds):
2017-04-13 17:55:16,612 INFO: 	Average L2 norm of relation vector: 0.17007
2017-04-13 17:55:16,612 INFO: 	COST >> 0.371 +/- 0.056, % updates Left: 7.76% Rel: 1.59% Right: 9.58%
2017-04-13 18:01:20,623 INFO: ----------------------------------------------------------------------------
2017-04-13 18:01:20,625 INFO: EPOCH 15 (364.013 seconds):
2017-04-13 18:01:20,670 INFO: 	Average L2 norm of relation vector: 0.17179
2017-04-13 18:01:20,671 INFO: 	COST >> 0.349 +/- 0.058, % updates Left: 7.46% Rel: 1.54% Right: 8.73%
2017-04-13 18:07:45,190 INFO: ----------------------------------------------------------------------------
2017-04-13 18:07:45,192 INFO: EPOCH 16 (384.521 seconds):
2017-04-13 18:07:45,252 INFO: 	Average L2 norm of relation vector: 0.17311
2017-04-13 18:07:45,252 INFO: 	COST >> 0.327 +/- 0.051, % updates Left: 7.13% Rel: 1.3% Right: 8.37%
2017-04-13 18:14:05,819 INFO: ----------------------------------------------------------------------------
2017-04-13 18:14:05,833 INFO: EPOCH 17 (380.58 seconds):
2017-04-13 18:14:05,889 INFO: 	Average L2 norm of relation vector: 0.17438
2017-04-13 18:14:05,890 INFO: 	COST >> 0.314 +/- 0.046, % updates Left: 7.0% Rel: 1.25% Right: 8.23%
2017-04-13 18:20:09,210 INFO: ----------------------------------------------------------------------------
2017-04-13 18:20:09,212 INFO: EPOCH 18 (363.322 seconds):
2017-04-13 18:20:09,261 INFO: 	Average L2 norm of relation vector: 0.17568
2017-04-13 18:20:09,261 INFO: 	COST >> 0.296 +/- 0.056, % updates Left: 6.64% Rel: 1.28% Right: 7.26%
2017-04-13 18:26:10,278 INFO: ----------------------------------------------------------------------------
2017-04-13 18:26:10,281 INFO: EPOCH 19 (361.019 seconds):
2017-04-13 18:26:10,334 INFO: 	Average L2 norm of relation vector: 0.17711
2017-04-13 18:26:10,334 INFO: 	COST >> 0.315 +/- 0.055, % updates Left: 6.95% Rel: 1.33% Right: 7.4%
2017-04-13 18:32:14,844 INFO: ----------------------------------------------------------------------------
2017-04-13 18:32:14,844 INFO: EPOCH 20 (364.51 seconds):
2017-04-13 18:32:14,898 INFO: 	Average L2 norm of relation vector: 0.17825
2017-04-13 18:32:14,899 INFO: 	COST >> 0.336 +/- 0.058, % updates Left: 7.28% Rel: 1.29% Right: 7.72%
2017-04-13 18:32:14,899 INFO: 	FilteredRanking: evaluating rank on 1000 triples
2017-04-13 18:45:28,851 INFO: 	FilteredRanking: evaluating rank on 1000 triples
2017-04-13 18:57:55,622 INFO: 	MEAN RANK >> valid: 899.4, train: 805.2
2017-04-13 18:57:55,625 INFO: 		MEAN RANK TRAIN: Left: 790.5 Rel: 15.0 Right: 819.9
2017-04-13 18:57:55,626 INFO: 		MEAN RANK VALID: Left: 863.4 Rel: 19.6 Right: 935.4
2017-04-13 18:57:55,626 INFO: 		MEAN RECIPROCAL RANK VALID (L & R): 0.047
2017-04-13 18:57:55,626 INFO: 	FilteredRanking: evaluating rank on 1000 triples
2017-04-13 19:10:20,173 INFO: 	NEW BEST TEST MR: 1017.5
2017-04-13 19:10:20,180 INFO: 		Left MR: 1057.0 Rel MR: 24.5 Right MR: 978.0
2017-04-13 19:10:20,393 INFO: 	(ranking took 2285.494 seconds)
2017-04-13 19:16:05,632 INFO: ----------------------------------------------------------------------------
2017-04-13 19:16:05,637 INFO: EPOCH 21 (345.244 seconds):
2017-04-13 19:16:05,679 INFO: 	Average L2 norm of relation vector: 0.17928
2017-04-13 19:16:05,679 INFO: 	COST >> 0.308 +/- 0.049, % updates Left: 6.92% Rel: 1.1% Right: 7.46%
2017-04-13 19:21:37,575 INFO: ----------------------------------------------------------------------------
2017-04-13 19:21:37,577 INFO: EPOCH 22 (331.897 seconds):
2017-04-13 19:21:37,619 INFO: 	Average L2 norm of relation vector: 0.18026
2017-04-13 19:21:37,620 INFO: 	COST >> 0.295 +/- 0.048, % updates Left: 6.67% Rel: 1.07% Right: 7.39%
2017-04-13 19:27:07,663 INFO: ----------------------------------------------------------------------------
2017-04-13 19:27:07,666 INFO: EPOCH 23 (330.046 seconds):
2017-04-13 19:27:07,709 INFO: 	Average L2 norm of relation vector: 0.18135
2017-04-13 19:27:07,709 INFO: 	COST >> 0.307 +/- 0.054, % updates Left: 6.64% Rel: 1.15% Right: 7.3%
2017-04-13 19:32:37,101 INFO: ----------------------------------------------------------------------------
2017-04-13 19:32:37,103 INFO: EPOCH 24 (329.393 seconds):
2017-04-13 19:32:37,149 INFO: 	Average L2 norm of relation vector: 0.18237
2017-04-13 19:32:37,150 INFO: 	COST >> 0.307 +/- 0.05, % updates Left: 6.51% Rel: 1.06% Right: 7.63%
2017-04-13 19:38:06,480 INFO: ----------------------------------------------------------------------------
2017-04-13 19:38:06,481 INFO: EPOCH 25 (329.331 seconds):
2017-04-13 19:38:06,524 INFO: 	Average L2 norm of relation vector: 0.18356
2017-04-13 19:38:06,525 INFO: 	COST >> 0.316 +/- 0.061, % updates Left: 6.67% Rel: 1.14% Right: 7.69%
2017-04-13 19:43:47,283 INFO: ----------------------------------------------------------------------------
2017-04-13 19:43:47,286 INFO: EPOCH 26 (340.76 seconds):
2017-04-13 19:43:47,328 INFO: 	Average L2 norm of relation vector: 0.18477
2017-04-13 19:43:47,329 INFO: 	COST >> 0.314 +/- 0.063, % updates Left: 6.57% Rel: 1.22% Right: 7.71%
2017-04-13 19:49:10,086 INFO: ----------------------------------------------------------------------------
2017-04-13 19:49:10,088 INFO: EPOCH 27 (322.758 seconds):
2017-04-13 19:49:10,133 INFO: 	Average L2 norm of relation vector: 0.18589
2017-04-13 19:49:10,134 INFO: 	COST >> 0.307 +/- 0.056, % updates Left: 6.48% Rel: 1.19% Right: 7.06%
2017-04-13 19:54:40,296 INFO: ----------------------------------------------------------------------------
2017-04-13 19:54:40,298 INFO: EPOCH 28 (330.164 seconds):
2017-04-13 19:54:40,341 INFO: 	Average L2 norm of relation vector: 0.18669
2017-04-13 19:54:40,342 INFO: 	COST >> 0.297 +/- 0.054, % updates Left: 6.25% Rel: 1.04% Right: 6.96%
2017-04-13 20:00:10,172 INFO: ----------------------------------------------------------------------------
2017-04-13 20:00:10,174 INFO: EPOCH 29 (329.832 seconds):
2017-04-13 20:00:10,217 INFO: 	Average L2 norm of relation vector: 0.18753
2017-04-13 20:00:10,217 INFO: 	COST >> 0.264 +/- 0.052, % updates Left: 5.95% Rel: 0.92% Right: 6.4%
2017-04-13 20:05:52,176 INFO: ----------------------------------------------------------------------------
2017-04-13 20:05:52,178 INFO: EPOCH 30 (341.961 seconds):
2017-04-13 20:05:52,220 INFO: 	Average L2 norm of relation vector: 0.18847
2017-04-13 20:05:52,220 INFO: 	COST >> 0.285 +/- 0.068, % updates Left: 6.08% Rel: 1.02% Right: 6.81%
2017-04-13 20:05:52,221 INFO: 	FilteredRanking: evaluating rank on 1000 triples
2017-04-13 20:18:06,210 INFO: 	FilteredRanking: evaluating rank on 1000 triples
2017-04-13 20:30:00,844 INFO: 	MEAN RANK >> valid: 764.0, train: 697.7
2017-04-13 20:30:00,849 INFO: 		MEAN RANK TRAIN: Left: 578.4 Rel: 6.0 Right: 817.0
2017-04-13 20:30:00,850 INFO: 		MEAN RANK VALID: Left: 630.4 Rel: 6.6 Right: 897.6
2017-04-13 20:30:00,851 INFO: 		MEAN RECIPROCAL RANK VALID (L & R): 0.0395
2017-04-13 20:30:00,851 WARNING: 	WARNING, failed to improve MRR on valid, 2 chances left

2017-04-13 20:30:01,433 INFO: 	(ranking took 1449.213 seconds)
2017-04-13 20:35:39,838 INFO: ----------------------------------------------------------------------------
2017-04-13 20:35:39,841 INFO: EPOCH 31 (338.408 seconds):
2017-04-13 20:35:39,882 INFO: 	Average L2 norm of relation vector: 0.18948
2017-04-13 20:35:39,883 INFO: 	COST >> 0.309 +/- 0.057, % updates Left: 6.34% Rel: 1.1% Right: 7.63%
2017-04-13 20:41:09,827 INFO: ----------------------------------------------------------------------------
2017-04-13 20:41:09,829 INFO: EPOCH 32 (329.946 seconds):
2017-04-13 20:41:09,875 INFO: 	Average L2 norm of relation vector: 0.19039
2017-04-13 20:41:09,875 INFO: 	COST >> 0.302 +/- 0.045, % updates Left: 6.37% Rel: 1.04% Right: 7.19%
2017-04-13 20:46:38,843 INFO: ----------------------------------------------------------------------------
2017-04-13 20:46:38,845 INFO: EPOCH 33 (328.969 seconds):
2017-04-13 20:46:38,887 INFO: 	Average L2 norm of relation vector: 0.19114
2017-04-13 20:46:38,887 INFO: 	COST >> 0.29 +/- 0.047, % updates Left: 6.45% Rel: 0.94% Right: 6.83%
2017-04-13 20:51:40,687 INFO: ----------------------------------------------------------------------------
2017-04-13 20:51:40,687 INFO: EPOCH 34 (301.8 seconds):
2017-04-13 20:51:40,733 INFO: 	Average L2 norm of relation vector: 0.19188
2017-04-13 20:51:40,734 INFO: 	COST >> 0.298 +/- 0.05, % updates Left: 6.53% Rel: 0.96% Right: 6.89%
2017-04-13 20:56:57,633 INFO: ----------------------------------------------------------------------------
2017-04-13 20:56:57,633 INFO: EPOCH 35 (316.899 seconds):
2017-04-13 20:56:57,675 INFO: 	Average L2 norm of relation vector: 0.19261
2017-04-13 20:56:57,675 INFO: 	COST >> 0.286 +/- 0.046, % updates Left: 6.28% Rel: 0.94% Right: 6.68%
2017-04-13 21:02:20,381 INFO: ----------------------------------------------------------------------------
2017-04-13 21:02:20,383 INFO: EPOCH 36 (322.707 seconds):
2017-04-13 21:02:20,425 INFO: 	Average L2 norm of relation vector: 0.19337
2017-04-13 21:02:20,426 INFO: 	COST >> 0.287 +/- 0.056, % updates Left: 6.19% Rel: 0.93% Right: 6.56%
2017-04-13 21:07:35,074 INFO: ----------------------------------------------------------------------------
2017-04-13 21:07:35,076 INFO: EPOCH 37 (314.65 seconds):
2017-04-13 21:07:35,117 INFO: 	Average L2 norm of relation vector: 0.19414
2017-04-13 21:07:35,117 INFO: 	COST >> 0.292 +/- 0.049, % updates Left: 6.17% Rel: 0.93% Right: 7.06%
2017-04-13 21:12:50,875 INFO: ----------------------------------------------------------------------------
2017-04-13 21:12:50,877 INFO: EPOCH 38 (315.76 seconds):
2017-04-13 21:12:50,917 INFO: 	Average L2 norm of relation vector: 0.19497
2017-04-13 21:12:50,917 INFO: 	COST >> 0.294 +/- 0.052, % updates Left: 6.17% Rel: 0.94% Right: 7.07%
2017-04-13 21:18:01,229 INFO: ----------------------------------------------------------------------------
2017-04-13 21:18:01,235 INFO: EPOCH 39 (310.318 seconds):
2017-04-13 21:18:01,276 INFO: 	Average L2 norm of relation vector: 0.19563
2017-04-13 21:18:01,276 INFO: 	COST >> 0.277 +/- 0.046, % updates Left: 6.11% Rel: 0.87% Right: 6.53%
2017-04-13 21:23:12,505 INFO: ----------------------------------------------------------------------------
2017-04-13 21:23:12,507 INFO: EPOCH 40 (311.23 seconds):
2017-04-13 21:23:12,548 INFO: 	Average L2 norm of relation vector: 0.19631
2017-04-13 21:23:12,549 INFO: 	COST >> 0.27 +/- 0.048, % updates Left: 6.01% Rel: 0.88% Right: 6.31%
2017-04-13 21:23:12,549 INFO: 	FilteredRanking: evaluating rank on 1000 triples
2017-04-13 21:35:03,591 INFO: 	FilteredRanking: evaluating rank on 1000 triples
2017-04-13 21:46:25,088 INFO: 	MEAN RANK >> valid: 611.3, train: 598.9
2017-04-13 21:46:25,092 INFO: 		MEAN RANK TRAIN: Left: 608.6 Rel: 9.6 Right: 589.1
2017-04-13 21:46:25,093 INFO: 		MEAN RANK VALID: Left: 569.3 Rel: 13.3 Right: 653.3
2017-04-13 21:46:25,094 INFO: 		MEAN RECIPROCAL RANK VALID (L & R): 0.0435
2017-04-13 21:46:25,094 WARNING: 	WARNING, failed to improve MRR on valid, 1 chances left

2017-04-13 21:46:25,368 INFO: 	(ranking took 1392.819 seconds)
2017-04-13 21:51:38,466 INFO: ----------------------------------------------------------------------------
2017-04-13 21:51:38,468 INFO: EPOCH 41 (313.1 seconds):
2017-04-13 21:51:38,510 INFO: 	Average L2 norm of relation vector: 0.19698
2017-04-13 21:51:38,511 INFO: 	COST >> 0.267 +/- 0.043, % updates Left: 5.87% Rel: 0.95% Right: 6.09%
2017-04-13 21:56:59,295 INFO: ----------------------------------------------------------------------------
2017-04-13 21:56:59,295 INFO: EPOCH 42 (320.784 seconds):
2017-04-13 21:56:59,337 INFO: 	Average L2 norm of relation vector: 0.19758
2017-04-13 21:56:59,338 INFO: 	COST >> 0.267 +/- 0.048, % updates Left: 5.92% Rel: 0.88% Right: 6.28%
2017-04-13 22:02:22,181 INFO: ----------------------------------------------------------------------------
2017-04-13 22:02:22,181 INFO: EPOCH 43 (322.843 seconds):
2017-04-13 22:02:22,226 INFO: 	Average L2 norm of relation vector: 0.19813
2017-04-13 22:02:22,227 INFO: 	COST >> 0.251 +/- 0.053, % updates Left: 5.54% Rel: 0.81% Right: 5.8%
2017-04-13 22:07:39,506 INFO: ----------------------------------------------------------------------------
2017-04-13 22:07:39,506 INFO: EPOCH 44 (317.279 seconds):
2017-04-13 22:07:39,548 INFO: 	Average L2 norm of relation vector: 0.19885
2017-04-13 22:07:39,549 INFO: 	COST >> 0.264 +/- 0.047, % updates Left: 5.69% Rel: 0.87% Right: 6.15%
2017-04-13 22:12:56,322 INFO: ----------------------------------------------------------------------------
2017-04-13 22:12:56,322 INFO: EPOCH 45 (316.773 seconds):
2017-04-13 22:12:56,365 INFO: 	Average L2 norm of relation vector: 0.19957
2017-04-13 22:12:56,365 INFO: 	COST >> 0.257 +/- 0.054, % updates Left: 5.39% Rel: 0.92% Right: 6.11%
2017-04-13 22:18:24,412 INFO: ----------------------------------------------------------------------------
2017-04-13 22:18:24,418 INFO: EPOCH 46 (328.052 seconds):
2017-04-13 22:18:24,460 INFO: 	Average L2 norm of relation vector: 0.20017
2017-04-13 22:18:24,461 INFO: 	COST >> 0.23 +/- 0.045, % updates Left: 5.09% Rel: 0.82% Right: 5.51%
2017-04-13 22:23:34,837 INFO: ----------------------------------------------------------------------------
2017-04-13 22:23:34,840 INFO: EPOCH 47 (310.379 seconds):
2017-04-13 22:23:34,882 INFO: 	Average L2 norm of relation vector: 0.20082
2017-04-13 22:23:34,882 INFO: 	COST >> 0.238 +/- 0.047, % updates Left: 4.94% Rel: 0.77% Right: 5.77%
2017-04-13 22:28:43,018 INFO: ----------------------------------------------------------------------------
2017-04-13 22:28:43,019 INFO: EPOCH 48 (308.136 seconds):
2017-04-13 22:28:43,059 INFO: 	Average L2 norm of relation vector: 0.20144
2017-04-13 22:28:43,060 INFO: 	COST >> 0.231 +/- 0.053, % updates Left: 4.97% Rel: 0.85% Right: 5.24%
2017-04-13 22:33:56,679 INFO: ----------------------------------------------------------------------------
2017-04-13 22:33:56,681 INFO: EPOCH 49 (313.621 seconds):
2017-04-13 22:33:56,721 INFO: 	Average L2 norm of relation vector: 0.20203
2017-04-13 22:33:56,722 INFO: 	COST >> 0.217 +/- 0.048, % updates Left: 4.7% Rel: 0.84% Right: 4.95%
2017-04-13 22:39:03,231 INFO: ----------------------------------------------------------------------------
2017-04-13 22:39:03,234 INFO: EPOCH 50 (306.512 seconds):
2017-04-13 22:39:03,275 INFO: 	Average L2 norm of relation vector: 0.20267
2017-04-13 22:39:03,275 INFO: 	COST >> 0.23 +/- 0.05, % updates Left: 4.93% Rel: 0.84% Right: 5.19%
2017-04-13 22:39:03,275 INFO: 	FilteredRanking: evaluating rank on 1000 triples
2017-04-13 22:50:18,755 INFO: 	FilteredRanking: evaluating rank on 1000 triples
2017-04-13 23:01:24,648 INFO: 	MEAN RANK >> valid: 594.2, train: 446.7
2017-04-13 23:01:24,651 INFO: 		MEAN RANK TRAIN: Left: 427.0 Rel: 6.5 Right: 466.3
2017-04-13 23:01:24,651 INFO: 		MEAN RANK VALID: Left: 515.1 Rel: 9.2 Right: 673.3
2017-04-13 23:01:24,651 INFO: 		MEAN RECIPROCAL RANK VALID (L & R): 0.056
2017-04-13 23:01:24,652 INFO: 	FilteredRanking: evaluating rank on 1000 triples
2017-04-13 23:12:28,024 INFO: 	NEW BEST TEST MR: 523.7
2017-04-13 23:12:28,031 INFO: 		Left MR: 589.3 Rel MR: 5.5 Right MR: 458.1
2017-04-13 23:12:28,203 INFO: 	(ranking took 2004.928 seconds)
2017-04-13 23:17:36,682 INFO: ----------------------------------------------------------------------------
2017-04-13 23:17:36,693 INFO: EPOCH 51 (308.489 seconds):
2017-04-13 23:17:36,735 INFO: 	Average L2 norm of relation vector: 0.2033
2017-04-13 23:17:36,736 INFO: 	COST >> 0.229 +/- 0.054, % updates Left: 4.85% Rel: 0.8% Right: 5.04%
2017-04-13 23:22:42,178 INFO: ----------------------------------------------------------------------------
2017-04-13 23:22:42,179 INFO: EPOCH 52 (305.443 seconds):
2017-04-13 23:22:42,220 INFO: 	Average L2 norm of relation vector: 0.20384
2017-04-13 23:22:42,221 INFO: 	COST >> 0.214 +/- 0.045, % updates Left: 4.68% Rel: 0.77% Right: 4.94%
2017-04-13 23:27:49,357 INFO: ----------------------------------------------------------------------------
2017-04-13 23:27:49,358 INFO: EPOCH 53 (307.137 seconds):
2017-04-13 23:27:49,400 INFO: 	Average L2 norm of relation vector: 0.20431
2017-04-13 23:27:49,401 INFO: 	COST >> 0.207 +/- 0.045, % updates Left: 4.47% Rel: 0.75% Right: 4.76%
2017-04-13 23:33:00,052 INFO: ----------------------------------------------------------------------------
2017-04-13 23:33:00,055 INFO: EPOCH 54 (310.653 seconds):
2017-04-13 23:33:00,098 INFO: 	Average L2 norm of relation vector: 0.20492
2017-04-13 23:33:00,099 INFO: 	COST >> 0.214 +/- 0.053, % updates Left: 4.55% Rel: 0.83% Right: 4.78%
2017-04-13 23:38:07,419 INFO: ----------------------------------------------------------------------------
2017-04-13 23:38:07,420 INFO: EPOCH 55 (307.322 seconds):
2017-04-13 23:38:07,462 INFO: 	Average L2 norm of relation vector: 0.20542
2017-04-13 23:38:07,463 INFO: 	COST >> 0.209 +/- 0.047, % updates Left: 4.54% Rel: 0.73% Right: 4.76%
2017-04-13 23:43:17,104 INFO: ----------------------------------------------------------------------------
2017-04-13 23:43:17,106 INFO: EPOCH 56 (309.643 seconds):
2017-04-13 23:43:17,147 INFO: 	Average L2 norm of relation vector: 0.20586
2017-04-13 23:43:17,147 INFO: 	COST >> 0.231 +/- 0.047, % updates Left: 4.63% Rel: 0.75% Right: 5.13%
2017-04-13 23:48:32,459 INFO: ----------------------------------------------------------------------------
2017-04-13 23:48:32,460 INFO: EPOCH 57 (315.313 seconds):
2017-04-13 23:48:32,508 INFO: 	Average L2 norm of relation vector: 0.20628
2017-04-13 23:48:32,509 INFO: 	COST >> 0.196 +/- 0.041, % updates Left: 4.37% Rel: 0.71% Right: 4.55%
2017-04-13 23:53:48,917 INFO: ----------------------------------------------------------------------------
2017-04-13 23:53:48,917 INFO: EPOCH 58 (316.408 seconds):
2017-04-13 23:53:48,959 INFO: 	Average L2 norm of relation vector: 0.20677
2017-04-13 23:53:48,959 INFO: 	COST >> 0.198 +/- 0.045, % updates Left: 4.42% Rel: 0.69% Right: 4.58%
2017-04-13 23:59:03,309 INFO: ----------------------------------------------------------------------------
2017-04-13 23:59:03,311 INFO: EPOCH 59 (314.351 seconds):
2017-04-13 23:59:03,353 INFO: 	Average L2 norm of relation vector: 0.20727
2017-04-13 23:59:03,353 INFO: 	COST >> 0.203 +/- 0.047, % updates Left: 4.46% Rel: 0.73% Right: 4.65%
2017-04-14 00:04:26,340 INFO: ----------------------------------------------------------------------------
2017-04-14 00:04:26,342 INFO: EPOCH 60 (322.989 seconds):
2017-04-14 00:04:26,385 INFO: 	Average L2 norm of relation vector: 0.20775
2017-04-14 00:04:26,386 INFO: 	COST >> 0.205 +/- 0.047, % updates Left: 4.45% Rel: 0.75% Right: 4.58%
2017-04-14 00:04:26,386 INFO: 	FilteredRanking: evaluating rank on 1000 triples
2017-04-14 00:16:12,947 INFO: 	FilteredRanking: evaluating rank on 1000 triples
2017-04-14 00:28:01,590 INFO: 	MEAN RANK >> valid: 494.5, train: 351.9
2017-04-14 00:28:01,597 INFO: 		MEAN RANK TRAIN: Left: 370.8 Rel: 3.4 Right: 332.9
2017-04-14 00:28:01,599 INFO: 		MEAN RANK VALID: Left: 564.0 Rel: 5.7 Right: 424.9
2017-04-14 00:28:01,599 INFO: 		MEAN RECIPROCAL RANK VALID (L & R): 0.048
2017-04-14 00:28:01,599 WARNING: 	WARNING, failed to improve MRR on valid, 2 chances left

2017-04-14 00:28:01,856 INFO: 	(ranking took 1415.47 seconds)
2017-04-14 00:33:21,587 INFO: ----------------------------------------------------------------------------
2017-04-14 00:33:21,589 INFO: EPOCH 61 (319.733 seconds):
2017-04-14 00:33:21,631 INFO: 	Average L2 norm of relation vector: 0.20822
2017-04-14 00:33:21,631 INFO: 	COST >> 0.195 +/- 0.049, % updates Left: 4.36% Rel: 0.73% Right: 4.35%
2017-04-14 00:38:36,048 INFO: ----------------------------------------------------------------------------
2017-04-14 00:38:36,050 INFO: EPOCH 62 (314.419 seconds):
2017-04-14 00:38:36,093 INFO: 	Average L2 norm of relation vector: 0.20865
2017-04-14 00:38:36,093 INFO: 	COST >> 0.211 +/- 0.043, % updates Left: 4.64% Rel: 0.75% Right: 4.59%
2017-04-14 00:43:52,617 INFO: ----------------------------------------------------------------------------
2017-04-14 00:43:52,618 INFO: EPOCH 63 (316.525 seconds):
2017-04-14 00:43:52,661 INFO: 	Average L2 norm of relation vector: 0.2091
2017-04-14 00:43:52,662 INFO: 	COST >> 0.186 +/- 0.043, % updates Left: 4.26% Rel: 0.66% Right: 4.19%
2017-04-14 00:49:08,950 INFO: ----------------------------------------------------------------------------
2017-04-14 00:49:08,952 INFO: EPOCH 64 (316.29 seconds):
2017-04-14 00:49:08,995 INFO: 	Average L2 norm of relation vector: 0.20944
2017-04-14 00:49:08,995 INFO: 	COST >> 0.188 +/- 0.041, % updates Left: 4.34% Rel: 0.65% Right: 4.27%
2017-04-14 00:54:19,694 INFO: ----------------------------------------------------------------------------
2017-04-14 00:54:19,696 INFO: EPOCH 65 (310.701 seconds):
2017-04-14 00:54:19,737 INFO: 	Average L2 norm of relation vector: 0.20989
2017-04-14 00:54:19,737 INFO: 	COST >> 0.184 +/- 0.047, % updates Left: 4.12% Rel: 0.68% Right: 4.25%
2017-04-14 00:59:42,971 INFO: ----------------------------------------------------------------------------
2017-04-14 00:59:42,973 INFO: EPOCH 66 (323.236 seconds):
2017-04-14 00:59:43,017 INFO: 	Average L2 norm of relation vector: 0.21028
2017-04-14 00:59:43,018 INFO: 	COST >> 0.176 +/- 0.05, % updates Left: 3.99% Rel: 0.64% Right: 4.11%
2017-04-14 01:05:28,048 INFO: ----------------------------------------------------------------------------
2017-04-14 01:05:28,050 INFO: EPOCH 67 (345.032 seconds):
2017-04-14 01:05:28,094 INFO: 	Average L2 norm of relation vector: 0.2107
2017-04-14 01:05:28,094 INFO: 	COST >> 0.181 +/- 0.042, % updates Left: 4.07% Rel: 0.68% Right: 4.15%
2017-04-14 01:11:12,246 INFO: ----------------------------------------------------------------------------
2017-04-14 01:11:12,246 INFO: EPOCH 68 (344.152 seconds):
2017-04-14 01:11:12,290 INFO: 	Average L2 norm of relation vector: 0.21109
2017-04-14 01:11:12,291 INFO: 	COST >> 0.172 +/- 0.049, % updates Left: 3.95% Rel: 0.64% Right: 3.78%
2017-04-14 01:16:48,382 INFO: ----------------------------------------------------------------------------
2017-04-14 01:16:48,383 INFO: EPOCH 69 (336.091 seconds):
2017-04-14 01:16:48,424 INFO: 	Average L2 norm of relation vector: 0.21148
2017-04-14 01:16:48,425 INFO: 	COST >> 0.178 +/- 0.04, % updates Left: 4.04% Rel: 0.64% Right: 4.02%
2017-04-14 01:22:02,329 INFO: ----------------------------------------------------------------------------
2017-04-14 01:22:02,335 INFO: EPOCH 70 (313.91 seconds):
2017-04-14 01:22:02,377 INFO: 	Average L2 norm of relation vector: 0.21187
2017-04-14 01:22:02,377 INFO: 	COST >> 0.178 +/- 0.041, % updates Left: 4.01% Rel: 0.64% Right: 3.93%
2017-04-14 01:22:02,377 INFO: 	FilteredRanking: evaluating rank on 1000 triples
2017-04-14 01:33:32,210 INFO: 	FilteredRanking: evaluating rank on 1000 triples
2017-04-14 01:45:39,082 INFO: 	MEAN RANK >> valid: 525.1, train: 415.4
2017-04-14 01:45:39,084 INFO: 		MEAN RANK TRAIN: Left: 349.2 Rel: 6.2 Right: 481.6
2017-04-14 01:45:39,085 INFO: 		MEAN RANK VALID: Left: 445.9 Rel: 10.4 Right: 604.3
2017-04-14 01:45:39,085 INFO: 		MEAN RECIPROCAL RANK VALID (L & R): 0.066
2017-04-14 01:45:39,085 INFO: 	FilteredRanking: evaluating rank on 1000 triples
2017-04-14 01:57:14,302 INFO: 	NEW BEST TEST MR: 521.0
2017-04-14 01:57:14,303 INFO: 		Left MR: 550.7 Rel MR: 9.5 Right MR: 491.3
2017-04-14 01:57:14,534 INFO: 	(ranking took 2112.157 seconds)
2017-04-14 02:02:41,235 INFO: ----------------------------------------------------------------------------
2017-04-14 02:02:41,236 INFO: EPOCH 71 (326.702 seconds):
2017-04-14 02:02:41,279 INFO: 	Average L2 norm of relation vector: 0.21231
2017-04-14 02:02:41,280 INFO: 	COST >> 0.186 +/- 0.047, % updates Left: 4.03% Rel: 0.67% Right: 4.15%
2017-04-14 02:08:01,006 INFO: ----------------------------------------------------------------------------
2017-04-14 02:08:01,006 INFO: EPOCH 72 (319.726 seconds):
2017-04-14 02:08:01,054 INFO: 	Average L2 norm of relation vector: 0.21278
2017-04-14 02:08:01,054 INFO: 	COST >> 0.194 +/- 0.051, % updates Left: 4.26% Rel: 0.71% Right: 4.37%
2017-04-14 02:13:35,323 INFO: ----------------------------------------------------------------------------
2017-04-14 02:13:35,323 INFO: EPOCH 73 (334.269 seconds):
2017-04-14 02:13:35,367 INFO: 	Average L2 norm of relation vector: 0.2131
2017-04-14 02:13:35,368 INFO: 	COST >> 0.165 +/- 0.036, % updates Left: 3.87% Rel: 0.59% Right: 3.68%
2017-04-14 02:19:01,140 INFO: ----------------------------------------------------------------------------
2017-04-14 02:19:01,140 INFO: EPOCH 74 (325.772 seconds):
2017-04-14 02:19:01,182 INFO: 	Average L2 norm of relation vector: 0.21344
2017-04-14 02:19:01,183 INFO: 	COST >> 0.165 +/- 0.043, % updates Left: 3.88% Rel: 0.62% Right: 3.56%
2017-04-14 02:24:28,175 INFO: ----------------------------------------------------------------------------
2017-04-14 02:24:28,180 INFO: EPOCH 75 (326.997 seconds):
2017-04-14 02:24:28,222 INFO: 	Average L2 norm of relation vector: 0.21374
2017-04-14 02:24:28,223 INFO: 	COST >> 0.158 +/- 0.037, % updates Left: 3.75% Rel: 0.56% Right: 3.42%
2017-04-14 02:30:03,389 INFO: ----------------------------------------------------------------------------
2017-04-14 02:30:03,390 INFO: EPOCH 76 (335.167 seconds):
2017-04-14 02:30:03,432 INFO: 	Average L2 norm of relation vector: 0.21409
2017-04-14 02:30:03,433 INFO: 	COST >> 0.175 +/- 0.043, % updates Left: 3.89% Rel: 0.66% Right: 3.77%
2017-04-14 02:35:24,713 INFO: ----------------------------------------------------------------------------
2017-04-14 02:35:24,715 INFO: EPOCH 77 (321.28 seconds):
2017-04-14 02:35:24,757 INFO: 	Average L2 norm of relation vector: 0.21444
2017-04-14 02:35:24,758 INFO: 	COST >> 0.169 +/- 0.046, % updates Left: 3.83% Rel: 0.61% Right: 3.78%
2017-04-14 02:40:37,049 INFO: ----------------------------------------------------------------------------
2017-04-14 02:40:37,051 INFO: EPOCH 78 (312.293 seconds):
2017-04-14 02:40:37,094 INFO: 	Average L2 norm of relation vector: 0.21485
2017-04-14 02:40:37,094 INFO: 	COST >> 0.173 +/- 0.043, % updates Left: 3.83% Rel: 0.67% Right: 3.68%
2017-04-14 02:46:10,462 INFO: ----------------------------------------------------------------------------
2017-04-14 02:46:10,464 INFO: EPOCH 79 (333.37 seconds):
2017-04-14 02:46:10,507 INFO: 	Average L2 norm of relation vector: 0.21509
2017-04-14 02:46:10,507 INFO: 	COST >> 0.174 +/- 0.042, % updates Left: 3.81% Rel: 0.57% Right: 3.64%
2017-04-14 02:51:46,796 INFO: ----------------------------------------------------------------------------
2017-04-14 02:51:46,802 INFO: EPOCH 80 (336.295 seconds):
2017-04-14 02:51:46,856 INFO: 	Average L2 norm of relation vector: 0.21548
2017-04-14 02:51:46,857 INFO: 	COST >> 0.162 +/- 0.045, % updates Left: 3.78% Rel: 0.6% Right: 3.52%
2017-04-14 02:51:46,858 INFO: 	FilteredRanking: evaluating rank on 1000 triples
2017-04-14 03:03:17,496 INFO: 	FilteredRanking: evaluating rank on 1000 triples
2017-04-14 03:14:53,975 INFO: 	MEAN RANK >> valid: 353.1, train: 251.8
2017-04-14 03:14:53,980 INFO: 		MEAN RANK TRAIN: Left: 217.8 Rel: 5.2 Right: 285.9
2017-04-14 03:14:53,981 INFO: 		MEAN RANK VALID: Left: 312.2 Rel: 4.7 Right: 394.0
2017-04-14 03:14:53,981 INFO: 		MEAN RECIPROCAL RANK VALID (L & R): 0.07
2017-04-14 03:14:53,982 INFO: 	FilteredRanking: evaluating rank on 1000 triples
2017-04-14 03:26:34,535 INFO: 	NEW BEST TEST MR: 294.7
2017-04-14 03:26:34,547 INFO: 		Left MR: 262.3 Rel MR: 5.0 Right MR: 327.2
2017-04-14 03:26:34,749 INFO: 	(ranking took 2087.891 seconds)
2017-04-14 03:32:07,937 INFO: ----------------------------------------------------------------------------
2017-04-14 03:32:07,940 INFO: EPOCH 81 (333.191 seconds):
2017-04-14 03:32:07,983 INFO: 	Average L2 norm of relation vector: 0.21594
2017-04-14 03:32:07,984 INFO: 	COST >> 0.19 +/- 0.047, % updates Left: 3.95% Rel: 0.75% Right: 4.01%
2017-04-14 03:37:32,931 INFO: ----------------------------------------------------------------------------
2017-04-14 03:37:32,933 INFO: EPOCH 82 (324.948 seconds):
2017-04-14 03:37:32,985 INFO: 	Average L2 norm of relation vector: 0.21628
2017-04-14 03:37:32,986 INFO: 	COST >> 0.181 +/- 0.043, % updates Left: 3.91% Rel: 0.61% Right: 4.08%
2017-04-14 03:43:04,392 INFO: ----------------------------------------------------------------------------
2017-04-14 03:43:04,395 INFO: EPOCH 83 (331.409 seconds):
2017-04-14 03:43:04,436 INFO: 	Average L2 norm of relation vector: 0.21657
2017-04-14 03:43:04,437 INFO: 	COST >> 0.174 +/- 0.04, % updates Left: 3.92% Rel: 0.61% Right: 3.77%
2017-04-14 03:48:40,391 INFO: ----------------------------------------------------------------------------
2017-04-14 03:48:40,394 INFO: EPOCH 84 (335.956 seconds):
2017-04-14 03:48:40,435 INFO: 	Average L2 norm of relation vector: 0.21695
2017-04-14 03:48:40,436 INFO: 	COST >> 0.185 +/- 0.043, % updates Left: 4.12% Rel: 0.68% Right: 3.94%
2017-04-14 03:54:13,175 INFO: ----------------------------------------------------------------------------
2017-04-14 03:54:13,179 INFO: EPOCH 85 (332.742 seconds):
2017-04-14 03:54:13,224 INFO: 	Average L2 norm of relation vector: 0.21725
2017-04-14 03:54:13,226 INFO: 	COST >> 0.166 +/- 0.039, % updates Left: 3.87% Rel: 0.62% Right: 3.74%
2017-04-14 03:59:51,751 INFO: ----------------------------------------------------------------------------
2017-04-14 03:59:51,753 INFO: EPOCH 86 (338.527 seconds):
2017-04-14 03:59:51,796 INFO: 	Average L2 norm of relation vector: 0.21751
2017-04-14 03:59:51,797 INFO: 	COST >> 0.157 +/- 0.042, % updates Left: 3.69% Rel: 0.56% Right: 3.62%
2017-04-14 04:05:11,698 INFO: ----------------------------------------------------------------------------
2017-04-14 04:05:11,700 INFO: EPOCH 87 (319.902 seconds):
2017-04-14 04:05:11,741 INFO: 	Average L2 norm of relation vector: 0.2178
2017-04-14 04:05:11,741 INFO: 	COST >> 0.159 +/- 0.042, % updates Left: 3.72% Rel: 0.55% Right: 3.66%
2017-04-14 04:10:40,794 INFO: ----------------------------------------------------------------------------
2017-04-14 04:10:40,796 INFO: EPOCH 88 (329.054 seconds):
2017-04-14 04:10:40,845 INFO: 	Average L2 norm of relation vector: 0.21811
2017-04-14 04:10:40,845 INFO: 	COST >> 0.156 +/- 0.04, % updates Left: 3.61% Rel: 0.57% Right: 3.42%
2017-04-14 04:16:10,652 INFO: ----------------------------------------------------------------------------
2017-04-14 04:16:10,656 INFO: EPOCH 89 (329.81 seconds):
2017-04-14 04:16:10,698 INFO: 	Average L2 norm of relation vector: 0.21835
2017-04-14 04:16:10,700 INFO: 	COST >> 0.157 +/- 0.041, % updates Left: 3.71% Rel: 0.57% Right: 3.4%
2017-04-14 04:21:37,398 INFO: ----------------------------------------------------------------------------
2017-04-14 04:21:37,408 INFO: EPOCH 90 (326.708 seconds):
2017-04-14 04:21:37,457 INFO: 	Average L2 norm of relation vector: 0.21869
2017-04-14 04:21:37,458 INFO: 	COST >> 0.163 +/- 0.042, % updates Left: 3.72% Rel: 0.61% Right: 3.46%
2017-04-14 04:21:37,459 INFO: 	FilteredRanking: evaluating rank on 1000 triples
2017-04-14 04:33:13,669 INFO: 	FilteredRanking: evaluating rank on 1000 triples
2017-04-14 04:45:02,963 INFO: 	MEAN RANK >> valid: 429.9, train: 354.1
2017-04-14 04:45:02,963 INFO: 		MEAN RANK TRAIN: Left: 377.4 Rel: 10.2 Right: 330.7
2017-04-14 04:45:02,964 INFO: 		MEAN RANK VALID: Left: 468.3 Rel: 14.0 Right: 391.5
2017-04-14 04:45:02,964 INFO: 		MEAN RECIPROCAL RANK VALID (L & R): 0.066
2017-04-14 04:45:02,964 WARNING: 	WARNING, failed to improve MRR on valid, 2 chances left

2017-04-14 04:45:03,166 INFO: 	(ranking took 1405.708 seconds)
2017-04-14 04:50:29,598 INFO: ----------------------------------------------------------------------------
2017-04-14 04:50:29,600 INFO: EPOCH 91 (326.434 seconds):
2017-04-14 04:50:29,643 INFO: 	Average L2 norm of relation vector: 0.21892
2017-04-14 04:50:29,643 INFO: 	COST >> 0.143 +/- 0.032, % updates Left: 3.47% Rel: 0.49% Right: 3.18%
2017-04-14 04:55:52,976 INFO: ----------------------------------------------------------------------------
2017-04-14 04:55:52,976 INFO: EPOCH 92 (323.333 seconds):
2017-04-14 04:55:53,022 INFO: 	Average L2 norm of relation vector: 0.21918
2017-04-14 04:55:53,022 INFO: 	COST >> 0.148 +/- 0.035, % updates Left: 3.51% Rel: 0.53% Right: 3.29%
2017-04-14 05:01:17,123 INFO: ----------------------------------------------------------------------------
2017-04-14 05:01:17,123 INFO: EPOCH 93 (324.101 seconds):
2017-04-14 05:01:17,168 INFO: 	Average L2 norm of relation vector: 0.21936
2017-04-14 05:01:17,169 INFO: 	COST >> 0.143 +/- 0.031, % updates Left: 3.46% Rel: 0.46% Right: 3.18%
2017-04-14 05:06:49,329 INFO: ----------------------------------------------------------------------------
2017-04-14 05:06:49,329 INFO: EPOCH 94 (332.16 seconds):
2017-04-14 05:06:49,373 INFO: 	Average L2 norm of relation vector: 0.21969
2017-04-14 05:06:49,373 INFO: 	COST >> 0.158 +/- 0.041, % updates Left: 3.62% Rel: 0.57% Right: 3.66%
2017-04-14 05:12:19,001 INFO: ----------------------------------------------------------------------------
2017-04-14 05:12:19,002 INFO: EPOCH 95 (329.628 seconds):
2017-04-14 05:12:19,047 INFO: 	Average L2 norm of relation vector: 0.22002
2017-04-14 05:12:19,048 INFO: 	COST >> 0.159 +/- 0.04, % updates Left: 3.57% Rel: 0.59% Right: 3.55%
2017-04-14 05:17:45,764 INFO: ----------------------------------------------------------------------------
2017-04-14 05:17:45,767 INFO: EPOCH 96 (326.719 seconds):
2017-04-14 05:17:45,812 INFO: 	Average L2 norm of relation vector: 0.22024
2017-04-14 05:17:45,813 INFO: 	COST >> 0.165 +/- 0.045, % updates Left: 3.65% Rel: 0.59% Right: 3.46%
2017-04-14 05:23:07,224 INFO: ----------------------------------------------------------------------------
2017-04-14 05:23:07,229 INFO: EPOCH 97 (321.416 seconds):
2017-04-14 05:23:07,274 INFO: 	Average L2 norm of relation vector: 0.22054
2017-04-14 05:23:07,275 INFO: 	COST >> 0.16 +/- 0.037, % updates Left: 3.72% Rel: 0.58% Right: 3.62%
2017-04-14 05:28:29,024 INFO: ----------------------------------------------------------------------------
2017-04-14 05:28:29,024 INFO: EPOCH 98 (321.749 seconds):
2017-04-14 05:28:29,068 INFO: 	Average L2 norm of relation vector: 0.22081
2017-04-14 05:28:29,068 INFO: 	COST >> 0.156 +/- 0.035, % updates Left: 3.68% Rel: 0.57% Right: 3.47%
2017-04-14 05:33:50,741 INFO: ----------------------------------------------------------------------------
2017-04-14 05:33:50,741 INFO: EPOCH 99 (321.673 seconds):
2017-04-14 05:33:50,785 INFO: 	Average L2 norm of relation vector: 0.22104
2017-04-14 05:33:50,786 INFO: 	COST >> 0.148 +/- 0.033, % updates Left: 3.46% Rel: 0.52% Right: 3.5%
2017-04-14 05:39:12,360 INFO: ----------------------------------------------------------------------------
2017-04-14 05:39:12,360 INFO: EPOCH 100 (321.574 seconds):
2017-04-14 05:39:12,404 INFO: 	Average L2 norm of relation vector: 0.22125
2017-04-14 05:39:12,405 INFO: 	COST >> 0.141 +/- 0.038, % updates Left: 3.41% Rel: 0.5% Right: 3.16%
2017-04-14 05:39:12,405 INFO: 	FilteredRanking: evaluating rank on 1000 triples
2017-04-14 05:51:16,629 INFO: 	FilteredRanking: evaluating rank on 1000 triples
2017-04-14 06:03:06,112 INFO: 	MEAN RANK >> valid: 471.3, train: 357.4
2017-04-14 06:03:06,115 INFO: 		MEAN RANK TRAIN: Left: 362.8 Rel: 3.3 Right: 351.9
2017-04-14 06:03:06,115 INFO: 		MEAN RANK VALID: Left: 479.9 Rel: 4.4 Right: 462.8
2017-04-14 06:03:06,115 INFO: 		MEAN RECIPROCAL RANK VALID (L & R): 0.0725
2017-04-14 06:03:06,116 INFO: 	FilteredRanking: evaluating rank on 1000 triples
2017-04-14 06:14:49,918 INFO: 	NEW BEST TEST MR: 539.6
2017-04-14 06:14:49,919 INFO: 		Left MR: 684.1 Rel MR: 4.5 Right MR: 395.1
2017-04-14 06:14:50,103 INFO: 	(ranking took 2137.698 seconds)
2017-04-14 06:20:20,548 INFO: ----------------------------------------------------------------------------
2017-04-14 06:20:20,550 INFO: EPOCH 101 (330.447 seconds):
2017-04-14 06:20:20,596 INFO: 	Average L2 norm of relation vector: 0.22144
2017-04-14 06:20:20,596 INFO: 	COST >> 0.137 +/- 0.033, % updates Left: 3.37% Rel: 0.51% Right: 3.09%
2017-04-14 06:25:50,738 INFO: ----------------------------------------------------------------------------
2017-04-14 06:25:50,744 INFO: EPOCH 102 (330.148 seconds):
2017-04-14 06:25:50,788 INFO: 	Average L2 norm of relation vector: 0.22158
2017-04-14 06:25:50,789 INFO: 	COST >> 0.133 +/- 0.033, % updates Left: 3.27% Rel: 0.45% Right: 3.01%
2017-04-14 06:31:19,702 INFO: ----------------------------------------------------------------------------
2017-04-14 06:31:19,704 INFO: EPOCH 103 (328.915 seconds):
2017-04-14 06:31:19,749 INFO: 	Average L2 norm of relation vector: 0.22183
2017-04-14 06:31:19,750 INFO: 	COST >> 0.141 +/- 0.035, % updates Left: 3.37% Rel: 0.5% Right: 3.1%
2017-04-14 06:36:44,079 INFO: ----------------------------------------------------------------------------
2017-04-14 06:36:44,079 INFO: EPOCH 104 (324.329 seconds):
2017-04-14 06:36:44,123 INFO: 	Average L2 norm of relation vector: 0.22208
2017-04-14 06:36:44,124 INFO: 	COST >> 0.148 +/- 0.038, % updates Left: 3.39% Rel: 0.54% Right: 3.23%
2017-04-14 06:42:05,655 INFO: ----------------------------------------------------------------------------
2017-04-14 06:42:05,655 INFO: EPOCH 105 (321.531 seconds):
2017-04-14 06:42:05,699 INFO: 	Average L2 norm of relation vector: 0.22234
2017-04-14 06:42:05,700 INFO: 	COST >> 0.139 +/- 0.033, % updates Left: 3.35% Rel: 0.5% Right: 3.06%
2017-04-14 06:47:27,951 INFO: ----------------------------------------------------------------------------
2017-04-14 06:47:27,951 INFO: EPOCH 106 (322.251 seconds):
2017-04-14 06:47:27,995 INFO: 	Average L2 norm of relation vector: 0.22262
2017-04-14 06:47:27,996 INFO: 	COST >> 0.16 +/- 0.044, % updates Left: 3.53% Rel: 0.61% Right: 3.57%
2017-04-14 06:52:49,762 INFO: ----------------------------------------------------------------------------
2017-04-14 06:52:49,762 INFO: EPOCH 107 (321.766 seconds):
2017-04-14 06:52:49,809 INFO: 	Average L2 norm of relation vector: 0.22286
2017-04-14 06:52:49,809 INFO: 	COST >> 0.149 +/- 0.04, % updates Left: 3.44% Rel: 0.49% Right: 3.42%
2017-04-14 06:58:12,786 INFO: ----------------------------------------------------------------------------
2017-04-14 06:58:12,787 INFO: EPOCH 108 (322.978 seconds):
2017-04-14 06:58:12,834 INFO: 	Average L2 norm of relation vector: 0.22304
2017-04-14 06:58:12,834 INFO: 	COST >> 0.135 +/- 0.035, % updates Left: 3.3% Rel: 0.48% Right: 3.05%
2017-04-14 07:03:44,017 INFO: ----------------------------------------------------------------------------
2017-04-14 07:03:44,019 INFO: EPOCH 109 (331.185 seconds):
2017-04-14 07:03:44,064 INFO: 	Average L2 norm of relation vector: 0.22336
2017-04-14 07:03:44,064 INFO: 	COST >> 0.15 +/- 0.035, % updates Left: 3.45% Rel: 0.54% Right: 3.37%
2017-04-14 07:09:12,582 INFO: ----------------------------------------------------------------------------
2017-04-14 07:09:12,582 INFO: EPOCH 110 (328.518 seconds):
2017-04-14 07:09:12,635 INFO: 	Average L2 norm of relation vector: 0.22361
2017-04-14 07:09:12,636 INFO: 	COST >> 0.155 +/- 0.042, % updates Left: 3.49% Rel: 0.57% Right: 3.3%
2017-04-14 07:09:12,636 INFO: 	FilteredRanking: evaluating rank on 1000 triples
2017-04-14 07:21:00,370 INFO: 	FilteredRanking: evaluating rank on 1000 triples
2017-04-14 07:32:41,502 INFO: 	MEAN RANK >> valid: 542.2, train: 482.9
2017-04-14 07:32:41,508 INFO: 		MEAN RANK TRAIN: Left: 393.4 Rel: 5.7 Right: 572.5
2017-04-14 07:32:41,509 INFO: 		MEAN RANK VALID: Left: 446.0 Rel: 7.0 Right: 638.4
2017-04-14 07:32:41,509 INFO: 		MEAN RECIPROCAL RANK VALID (L & R): 0.073
2017-04-14 07:32:41,509 INFO: 	FilteredRanking: evaluating rank on 1000 triples
2017-04-14 07:44:23,819 INFO: 	NEW BEST TEST MR: 597.2
2017-04-14 07:44:23,820 INFO: 		Left MR: 599.3 Rel MR: 9.4 Right MR: 595.1
2017-04-14 07:44:24,009 INFO: 	(ranking took 2111.373 seconds)
2017-04-14 07:49:53,404 INFO: ----------------------------------------------------------------------------
2017-04-14 07:49:53,406 INFO: EPOCH 111 (329.396 seconds):
2017-04-14 07:49:53,453 INFO: 	Average L2 norm of relation vector: 0.22389
2017-04-14 07:49:53,453 INFO: 	COST >> 0.155 +/- 0.043, % updates Left: 3.48% Rel: 0.57% Right: 3.29%
2017-04-14 07:55:18,480 INFO: ----------------------------------------------------------------------------
2017-04-14 07:55:18,482 INFO: EPOCH 112 (325.029 seconds):
2017-04-14 07:55:18,528 INFO: 	Average L2 norm of relation vector: 0.22412
2017-04-14 07:55:18,529 INFO: 	COST >> 0.144 +/- 0.035, % updates Left: 3.36% Rel: 0.49% Right: 3.18%
2017-04-14 08:00:40,705 INFO: ----------------------------------------------------------------------------
2017-04-14 08:00:40,705 INFO: EPOCH 113 (322.176 seconds):
2017-04-14 08:00:40,748 INFO: 	Average L2 norm of relation vector: 0.22442
2017-04-14 08:00:40,749 INFO: 	COST >> 0.15 +/- 0.04, % updates Left: 3.39% Rel: 0.55% Right: 3.26%
2017-04-14 08:06:02,851 INFO: ----------------------------------------------------------------------------
2017-04-14 08:06:02,851 INFO: EPOCH 114 (322.103 seconds):
2017-04-14 08:06:02,897 INFO: 	Average L2 norm of relation vector: 0.22463
2017-04-14 08:06:02,897 INFO: 	COST >> 0.141 +/- 0.035, % updates Left: 3.33% Rel: 0.48% Right: 3.08%
2017-04-14 08:11:24,692 INFO: ----------------------------------------------------------------------------
2017-04-14 08:11:24,693 INFO: EPOCH 115 (321.795 seconds):
2017-04-14 08:11:24,739 INFO: 	Average L2 norm of relation vector: 0.22477
2017-04-14 08:11:24,740 INFO: 	COST >> 0.143 +/- 0.037, % updates Left: 3.34% Rel: 0.47% Right: 3.16%
2017-04-14 08:16:46,545 INFO: ----------------------------------------------------------------------------
2017-04-14 08:16:46,545 INFO: EPOCH 116 (321.805 seconds):
2017-04-14 08:16:46,588 INFO: 	Average L2 norm of relation vector: 0.22501
2017-04-14 08:16:46,588 INFO: 	COST >> 0.153 +/- 0.04, % updates Left: 3.43% Rel: 0.54% Right: 3.43%
2017-04-14 08:22:08,524 INFO: ----------------------------------------------------------------------------
2017-04-14 08:22:08,524 INFO: EPOCH 117 (321.936 seconds):
2017-04-14 08:22:08,569 INFO: 	Average L2 norm of relation vector: 0.22519
2017-04-14 08:22:08,570 INFO: 	COST >> 0.14 +/- 0.037, % updates Left: 3.36% Rel: 0.48% Right: 3.15%
2017-04-14 08:27:31,021 INFO: ----------------------------------------------------------------------------
2017-04-14 08:27:31,026 INFO: EPOCH 118 (322.456 seconds):
2017-04-14 08:27:31,070 INFO: 	Average L2 norm of relation vector: 0.22542
2017-04-14 08:27:31,071 INFO: 	COST >> 0.148 +/- 0.041, % updates Left: 3.45% Rel: 0.52% Right: 3.17%
2017-04-14 08:33:01,553 INFO: ----------------------------------------------------------------------------
2017-04-14 08:33:01,555 INFO: EPOCH 119 (330.484 seconds):
2017-04-14 08:33:01,603 INFO: 	Average L2 norm of relation vector: 0.22558
2017-04-14 08:33:01,604 INFO: 	COST >> 0.141 +/- 0.036, % updates Left: 3.34% Rel: 0.5% Right: 2.99%
2017-04-14 08:38:30,084 INFO: ----------------------------------------------------------------------------
2017-04-14 08:38:30,086 INFO: EPOCH 120 (328.481 seconds):
2017-04-14 08:38:30,132 INFO: 	Average L2 norm of relation vector: 0.2258
2017-04-14 08:38:30,133 INFO: 	COST >> 0.14 +/- 0.034, % updates Left: 3.32% Rel: 0.5% Right: 3.11%
2017-04-14 08:38:30,133 INFO: 	FilteredRanking: evaluating rank on 1000 triples
2017-04-14 08:50:17,033 INFO: 	FilteredRanking: evaluating rank on 1000 triples
2017-04-14 09:01:59,336 INFO: 	MEAN RANK >> valid: 283.2, train: 215.3
2017-04-14 09:01:59,337 INFO: 		MEAN RANK TRAIN: Left: 215.4 Rel: 3.5 Right: 215.3
2017-04-14 09:01:59,337 INFO: 		MEAN RANK VALID: Left: 291.8 Rel: 3.3 Right: 274.5
2017-04-14 09:01:59,337 INFO: 		MEAN RECIPROCAL RANK VALID (L & R): 0.09
2017-04-14 09:01:59,337 INFO: 	FilteredRanking: evaluating rank on 1000 triples
2017-04-14 09:13:57,282 INFO: 	NEW BEST TEST MR: 278.0
2017-04-14 09:13:57,282 INFO: 		Left MR: 285.0 Rel MR: 4.5 Right MR: 271.0
2017-04-14 09:13:57,459 INFO: 	(ranking took 2127.326 seconds)
2017-04-14 09:19:29,890 INFO: ----------------------------------------------------------------------------
2017-04-14 09:19:29,893 INFO: EPOCH 121 (332.434 seconds):
2017-04-14 09:19:29,940 INFO: 	Average L2 norm of relation vector: 0.22597
2017-04-14 09:19:29,941 INFO: 	COST >> 0.136 +/- 0.036, % updates Left: 3.23% Rel: 0.44% Right: 2.99%
2017-04-14 09:24:55,984 INFO: ----------------------------------------------------------------------------
2017-04-14 09:24:55,986 INFO: EPOCH 122 (326.045 seconds):
2017-04-14 09:24:56,031 INFO: 	Average L2 norm of relation vector: 0.2263
2017-04-14 09:24:56,032 INFO: 	COST >> 0.156 +/- 0.046, % updates Left: 3.49% Rel: 0.61% Right: 3.15%
2017-04-14 09:30:18,396 INFO: ----------------------------------------------------------------------------
2017-04-14 09:30:18,401 INFO: EPOCH 123 (322.369 seconds):
2017-04-14 09:30:18,448 INFO: 	Average L2 norm of relation vector: 0.22655
2017-04-14 09:30:18,448 INFO: 	COST >> 0.145 +/- 0.039, % updates Left: 3.31% Rel: 0.53% Right: 3.07%
2017-04-14 09:35:44,335 INFO: ----------------------------------------------------------------------------
2017-04-14 09:35:44,337 INFO: EPOCH 124 (325.888 seconds):
2017-04-14 09:35:44,379 INFO: 	Average L2 norm of relation vector: 0.2268
2017-04-14 09:35:44,380 INFO: 	COST >> 0.148 +/- 0.037, % updates Left: 3.38% Rel: 0.55% Right: 3.25%
2017-04-14 09:40:50,377 INFO: ----------------------------------------------------------------------------
2017-04-14 09:40:50,379 INFO: EPOCH 125 (305.999 seconds):
2017-04-14 09:40:50,419 INFO: 	Average L2 norm of relation vector: 0.22699
2017-04-14 09:40:50,419 INFO: 	COST >> 0.153 +/- 0.037, % updates Left: 3.47% Rel: 0.5% Right: 3.48%
2017-04-14 11:07:56,624 INFO: ----------------------------------------------------------------------------
2017-04-14 11:07:56,628 INFO: EPOCH 126 (5226.209 seconds):
2017-04-14 11:07:56,673 INFO: 	Average L2 norm of relation vector: 0.22718
2017-04-14 11:07:56,675 INFO: 	COST >> 0.146 +/- 0.047, % updates Left: 3.36% Rel: 0.51% Right: 3.29%
2017-04-14 11:13:02,097 INFO: ----------------------------------------------------------------------------
2017-04-14 11:13:02,099 INFO: EPOCH 127 (305.423 seconds):
2017-04-14 11:13:02,141 INFO: 	Average L2 norm of relation vector: 0.22741
2017-04-14 11:13:02,142 INFO: 	COST >> 0.147 +/- 0.038, % updates Left: 3.33% Rel: 0.49% Right: 3.15%
2017-04-14 11:18:07,502 INFO: ----------------------------------------------------------------------------
2017-04-14 11:18:07,503 INFO: EPOCH 128 (305.361 seconds):
2017-04-14 11:18:07,543 INFO: 	Average L2 norm of relation vector: 0.22755
2017-04-14 11:18:07,543 INFO: 	COST >> 0.138 +/- 0.032, % updates Left: 3.26% Rel: 0.47% Right: 2.98%
2017-04-14 11:23:17,766 INFO: ----------------------------------------------------------------------------
2017-04-14 11:23:17,769 INFO: EPOCH 129 (310.225 seconds):
2017-04-14 11:23:17,814 INFO: 	Average L2 norm of relation vector: 0.22775
2017-04-14 11:23:17,815 INFO: 	COST >> 0.143 +/- 0.042, % updates Left: 3.29% Rel: 0.49% Right: 3.17%
2017-04-14 11:28:40,157 INFO: ----------------------------------------------------------------------------
2017-04-14 11:28:40,158 INFO: EPOCH 130 (322.343 seconds):
2017-04-14 11:28:40,202 INFO: 	Average L2 norm of relation vector: 0.228
2017-04-14 11:28:40,203 INFO: 	COST >> 0.152 +/- 0.044, % updates Left: 3.39% Rel: 0.52% Right: 3.45%
2017-04-14 11:28:40,203 INFO: 	FilteredRanking: evaluating rank on 1000 triples
2017-04-14 11:40:20,888 INFO: 	FilteredRanking: evaluating rank on 1000 triples
2017-04-14 11:52:10,045 INFO: 	MEAN RANK >> valid: 335.9, train: 289.2
2017-04-14 11:52:10,050 INFO: 		MEAN RANK TRAIN: Left: 227.2 Rel: 3.5 Right: 351.2
2017-04-14 11:52:10,052 INFO: 		MEAN RANK VALID: Left: 319.7 Rel: 4.9 Right: 352.0
2017-04-14 11:52:10,052 INFO: 		MEAN RECIPROCAL RANK VALID (L & R): 0.0755
2017-04-14 11:52:10,052 WARNING: 	WARNING, failed to improve MRR on valid, 2 chances left

2017-04-14 11:52:10,274 INFO: 	(ranking took 1410.071 seconds)
2017-04-14 11:58:16,205 INFO: ----------------------------------------------------------------------------
2017-04-14 11:58:16,207 INFO: EPOCH 131 (365.933 seconds):
2017-04-14 11:58:16,256 INFO: 	Average L2 norm of relation vector: 0.2282
2017-04-14 11:58:16,257 INFO: 	COST >> 0.14 +/- 0.041, % updates Left: 3.27% Rel: 0.5% Right: 3.1%
2017-04-14 12:04:37,279 INFO: ----------------------------------------------------------------------------
2017-04-14 12:04:37,281 INFO: EPOCH 132 (381.025 seconds):
2017-04-14 12:04:37,328 INFO: 	Average L2 norm of relation vector: 0.22839
2017-04-14 12:04:37,328 INFO: 	COST >> 0.141 +/- 0.039, % updates Left: 3.25% Rel: 0.49% Right: 2.99%
2017-04-14 12:10:24,317 INFO: ----------------------------------------------------------------------------
2017-04-14 12:10:24,320 INFO: EPOCH 133 (346.991 seconds):
2017-04-14 12:10:24,362 INFO: 	Average L2 norm of relation vector: 0.22854
2017-04-14 12:10:24,363 INFO: 	COST >> 0.153 +/- 0.043, % updates Left: 3.32% Rel: 0.54% Right: 3.06%
2017-04-14 12:16:15,525 INFO: ----------------------------------------------------------------------------
2017-04-14 12:16:15,528 INFO: EPOCH 134 (351.164 seconds):
2017-04-14 12:16:15,574 INFO: 	Average L2 norm of relation vector: 0.22869
2017-04-14 12:16:15,575 INFO: 	COST >> 0.141 +/- 0.035, % updates Left: 3.25% Rel: 0.44% Right: 3.05%
2017-04-14 12:22:04,043 INFO: ----------------------------------------------------------------------------
2017-04-14 12:22:04,045 INFO: EPOCH 135 (348.47 seconds):
2017-04-14 12:22:04,089 INFO: 	Average L2 norm of relation vector: 0.22888
2017-04-14 12:22:04,090 INFO: 	COST >> 0.139 +/- 0.035, % updates Left: 3.25% Rel: 0.46% Right: 3.12%
2017-04-14 12:27:42,217 INFO: ----------------------------------------------------------------------------
2017-04-14 12:27:42,219 INFO: EPOCH 136 (338.129 seconds):
2017-04-14 12:27:42,265 INFO: 	Average L2 norm of relation vector: 0.22914
2017-04-14 12:27:42,266 INFO: 	COST >> 0.151 +/- 0.043, % updates Left: 3.33% Rel: 0.54% Right: 3.41%
2017-04-14 12:33:31,381 INFO: ----------------------------------------------------------------------------
2017-04-14 12:33:31,384 INFO: EPOCH 137 (349.117 seconds):
2017-04-14 12:33:31,434 INFO: 	Average L2 norm of relation vector: 0.22939
2017-04-14 12:33:31,435 INFO: 	COST >> 0.151 +/- 0.04, % updates Left: 3.32% Rel: 0.55% Right: 3.14%
2017-04-14 12:39:37,045 INFO: ----------------------------------------------------------------------------
2017-04-14 12:39:37,046 INFO: EPOCH 138 (365.61 seconds):
2017-04-14 12:39:37,095 INFO: 	Average L2 norm of relation vector: 0.22946
2017-04-14 12:39:37,096 INFO: 	COST >> 0.136 +/- 0.035, % updates Left: 3.09% Rel: 0.42% Right: 3.03%
2017-04-14 12:45:27,977 INFO: ----------------------------------------------------------------------------
2017-04-14 12:45:27,977 INFO: EPOCH 139 (350.881 seconds):
2017-04-14 12:45:28,031 INFO: 	Average L2 norm of relation vector: 0.22953
2017-04-14 12:45:28,031 INFO: 	COST >> 0.126 +/- 0.035, % updates Left: 3.07% Rel: 0.42% Right: 2.81%
2017-04-14 12:51:31,795 INFO: ----------------------------------------------------------------------------
2017-04-14 12:51:31,802 INFO: EPOCH 140 (363.77 seconds):
2017-04-14 12:51:31,852 INFO: 	Average L2 norm of relation vector: 0.22979
2017-04-14 12:51:31,853 INFO: 	COST >> 0.152 +/- 0.043, % updates Left: 3.32% Rel: 0.55% Right: 3.27%
2017-04-14 12:51:31,853 INFO: 	FilteredRanking: evaluating rank on 1000 triples
2017-04-14 13:11:39,760 INFO: 	FilteredRanking: evaluating rank on 1000 triples
2017-04-14 13:25:08,321 INFO: 	MEAN RANK >> valid: 299.8, train: 200.8
2017-04-14 13:25:08,323 INFO: 		MEAN RANK TRAIN: Left: 206.3 Rel: 2.8 Right: 195.2
2017-04-14 13:25:08,324 INFO: 		MEAN RANK VALID: Left: 316.5 Rel: 4.8 Right: 283.1
2017-04-14 13:25:08,325 INFO: 		MEAN RECIPROCAL RANK VALID (L & R): 0.067
2017-04-14 13:25:08,325 WARNING: 	WARNING, failed to improve MRR on valid, 1 chances left

2017-04-14 13:25:08,528 INFO: 	(ranking took 2016.674 seconds)
2017-04-14 13:31:18,177 INFO: ----------------------------------------------------------------------------
2017-04-14 13:31:18,178 INFO: EPOCH 141 (369.65 seconds):
2017-04-14 13:31:18,230 INFO: 	Average L2 norm of relation vector: 0.23003
2017-04-14 13:31:18,231 INFO: 	COST >> 0.142 +/- 0.037, % updates Left: 3.25% Rel: 0.49% Right: 3.16%
2017-04-14 13:37:19,805 INFO: ----------------------------------------------------------------------------
2017-04-14 13:37:19,805 INFO: EPOCH 142 (361.574 seconds):
2017-04-14 13:37:19,863 INFO: 	Average L2 norm of relation vector: 0.23034
2017-04-14 13:37:19,864 INFO: 	COST >> 0.156 +/- 0.047, % updates Left: 3.35% Rel: 0.58% Right: 3.28%
2017-04-14 13:43:22,876 INFO: ----------------------------------------------------------------------------
2017-04-14 13:43:22,876 INFO: EPOCH 143 (363.012 seconds):
2017-04-14 13:43:22,925 INFO: 	Average L2 norm of relation vector: 0.23048
2017-04-14 13:43:22,926 INFO: 	COST >> 0.138 +/- 0.033, % updates Left: 3.27% Rel: 0.43% Right: 3.14%
2017-04-14 13:49:32,902 INFO: ----------------------------------------------------------------------------
2017-04-14 13:49:32,902 INFO: EPOCH 144 (369.977 seconds):
2017-04-14 13:49:32,947 INFO: 	Average L2 norm of relation vector: 0.23064
2017-04-14 13:49:32,948 INFO: 	COST >> 0.138 +/- 0.036, % updates Left: 3.21% Rel: 0.47% Right: 3.0%
2017-04-14 13:55:37,177 INFO: ----------------------------------------------------------------------------
2017-04-14 13:55:37,177 INFO: EPOCH 145 (364.229 seconds):
2017-04-14 13:55:37,230 INFO: 	Average L2 norm of relation vector: 0.2308
2017-04-14 13:55:37,231 INFO: 	COST >> 0.133 +/- 0.033, % updates Left: 3.14% Rel: 0.44% Right: 3.0%
2017-04-14 14:01:54,333 INFO: ----------------------------------------------------------------------------
2017-04-14 14:01:54,341 INFO: EPOCH 146 (377.11 seconds):
2017-04-14 14:01:54,390 INFO: 	Average L2 norm of relation vector: 0.23096
2017-04-14 14:01:54,391 INFO: 	COST >> 0.141 +/- 0.038, % updates Left: 3.23% Rel: 0.51% Right: 3.12%
2017-04-14 14:07:57,338 INFO: ----------------------------------------------------------------------------
2017-04-14 14:07:57,338 INFO: EPOCH 147 (362.947 seconds):
2017-04-14 14:07:57,387 INFO: 	Average L2 norm of relation vector: 0.23116
2017-04-14 14:07:57,388 INFO: 	COST >> 0.133 +/- 0.035, % updates Left: 3.13% Rel: 0.46% Right: 2.88%
2017-04-14 14:13:45,505 INFO: ----------------------------------------------------------------------------
2017-04-14 14:13:45,506 INFO: EPOCH 148 (348.118 seconds):
2017-04-14 14:13:45,555 INFO: 	Average L2 norm of relation vector: 0.23124
2017-04-14 14:13:45,556 INFO: 	COST >> 0.126 +/- 0.034, % updates Left: 3.05% Rel: 0.4% Right: 2.76%
2017-04-14 14:19:51,938 INFO: ----------------------------------------------------------------------------
2017-04-14 14:19:51,940 INFO: EPOCH 149 (366.384 seconds):
2017-04-14 14:19:51,988 INFO: 	Average L2 norm of relation vector: 0.23152
2017-04-14 14:19:51,989 INFO: 	COST >> 0.158 +/- 0.049, % updates Left: 3.41% Rel: 0.57% Right: 3.48%
2017-04-14 14:25:56,341 INFO: ----------------------------------------------------------------------------
2017-04-14 14:25:56,344 INFO: EPOCH 150 (364.354 seconds):
2017-04-14 14:25:56,393 INFO: 	Average L2 norm of relation vector: 0.23167
2017-04-14 14:25:56,394 INFO: 	COST >> 0.148 +/- 0.042, % updates Left: 3.34% Rel: 0.52% Right: 3.44%
2017-04-14 14:25:56,394 INFO: 	FilteredRanking: evaluating rank on 1000 triples
2017-04-14 14:39:37,827 INFO: 	FilteredRanking: evaluating rank on 1000 triples
2017-04-14 14:52:38,467 INFO: 	MEAN RANK >> valid: 450.4, train: 383.0
2017-04-14 14:52:38,469 INFO: 		MEAN RANK TRAIN: Left: 290.5 Rel: 3.0 Right: 475.6
2017-04-14 14:52:38,470 INFO: 		MEAN RANK VALID: Left: 335.0 Rel: 4.3 Right: 565.8
2017-04-14 14:52:38,470 INFO: 		MEAN RECIPROCAL RANK VALID (L & R): 0.063
2017-04-14 14:52:38,470 WARNING: 	WARNING, failed to improve MRR on valid, 0 chances left

2017-04-14 14:52:38,671 INFO: 	(ranking took 1602.277 seconds)
2017-04-14 14:58:53,456 INFO: ----------------------------------------------------------------------------
2017-04-14 14:58:53,459 INFO: EPOCH 151 (374.787 seconds):
2017-04-14 14:58:53,508 INFO: 	Average L2 norm of relation vector: 0.23177
2017-04-14 14:58:53,509 INFO: 	COST >> 0.123 +/- 0.031, % updates Left: 3.02% Rel: 0.4% Right: 2.85%
2017-04-14 15:04:19,744 INFO: ----------------------------------------------------------------------------
2017-04-14 15:04:19,747 INFO: EPOCH 152 (326.237 seconds):
2017-04-14 15:04:19,791 INFO: 	Average L2 norm of relation vector: 0.23189
2017-04-14 15:04:19,792 INFO: 	COST >> 0.128 +/- 0.034, % updates Left: 3.11% Rel: 0.44% Right: 2.88%
2017-04-14 15:09:33,647 INFO: ----------------------------------------------------------------------------
2017-04-14 15:09:33,649 INFO: EPOCH 153 (313.857 seconds):
2017-04-14 15:09:33,691 INFO: 	Average L2 norm of relation vector: 0.232
2017-04-14 15:09:33,691 INFO: 	COST >> 0.126 +/- 0.032, % updates Left: 3.04% Rel: 0.42% Right: 2.92%
2017-04-14 15:15:25,014 INFO: ----------------------------------------------------------------------------
2017-04-14 15:15:25,017 INFO: EPOCH 154 (351.325 seconds):
2017-04-14 15:15:25,061 INFO: 	Average L2 norm of relation vector: 0.23211
2017-04-14 15:15:25,062 INFO: 	COST >> 0.125 +/- 0.039, % updates Left: 2.99% Rel: 0.43% Right: 2.93%
2017-04-14 15:21:37,427 INFO: ----------------------------------------------------------------------------
2017-04-14 15:21:37,430 INFO: EPOCH 155 (372.368 seconds):
2017-04-14 15:21:37,486 INFO: 	Average L2 norm of relation vector: 0.23216
2017-04-14 15:21:37,487 INFO: 	COST >> 0.118 +/- 0.03, % updates Left: 2.92% Rel: 0.37% Right: 2.74%
2017-04-14 15:27:42,185 INFO: ----------------------------------------------------------------------------
2017-04-14 15:27:42,188 INFO: EPOCH 156 (364.7 seconds):
2017-04-14 15:27:42,231 INFO: 	Average L2 norm of relation vector: 0.23229
2017-04-14 15:27:42,232 INFO: 	COST >> 0.127 +/- 0.037, % updates Left: 3.01% Rel: 0.44% Right: 2.88%
2017-04-14 15:33:34,451 INFO: ----------------------------------------------------------------------------
2017-04-14 15:33:34,453 INFO: EPOCH 157 (352.221 seconds):
2017-04-14 15:33:34,498 INFO: 	Average L2 norm of relation vector: 0.23237
2017-04-14 15:33:34,499 INFO: 	COST >> 0.118 +/- 0.032, % updates Left: 2.89% Rel: 0.41% Right: 2.61%
2017-04-14 15:39:35,750 INFO: ----------------------------------------------------------------------------
2017-04-14 15:39:35,753 INFO: EPOCH 158 (361.254 seconds):
2017-04-14 15:39:35,798 INFO: 	Average L2 norm of relation vector: 0.2325
2017-04-14 15:39:35,800 INFO: 	COST >> 0.121 +/- 0.032, % updates Left: 2.94% Rel: 0.43% Right: 2.68%
2017-04-14 15:45:16,595 INFO: ----------------------------------------------------------------------------
2017-04-14 15:45:16,597 INFO: EPOCH 159 (340.797 seconds):
2017-04-14 15:45:16,645 INFO: 	Average L2 norm of relation vector: 0.23258
2017-04-14 15:45:16,645 INFO: 	COST >> 0.119 +/- 0.03, % updates Left: 2.94% Rel: 0.38% Right: 2.67%
2017-04-14 15:51:31,359 INFO: ----------------------------------------------------------------------------
2017-04-14 15:51:31,359 INFO: EPOCH 160 (374.714 seconds):
2017-04-14 15:51:31,405 INFO: 	Average L2 norm of relation vector: 0.23265
2017-04-14 15:51:31,406 INFO: 	COST >> 0.122 +/- 0.034, % updates Left: 2.95% Rel: 0.41% Right: 2.68%
2017-04-14 15:51:31,406 INFO: 	FilteredRanking: evaluating rank on 1000 triples
2017-04-14 16:04:31,397 INFO: 	FilteredRanking: evaluating rank on 1000 triples
2017-04-14 16:17:37,264 INFO: 	MEAN RANK >> valid: 258.5, train: 221.9
2017-04-14 16:17:37,267 INFO: 		MEAN RANK TRAIN: Left: 249.8 Rel: 3.1 Right: 193.9
2017-04-14 16:17:37,268 INFO: 		MEAN RANK VALID: Left: 287.2 Rel: 3.7 Right: 229.8
2017-04-14 16:17:37,268 INFO: 		MEAN RECIPROCAL RANK VALID (L & R): 0.085
2017-04-14 16:17:37,268 WARNING: EARLY STOPPING, failed to improve MRR on valid after 30 epochs
2017-04-14 16:17:37,268 INFO: ----------------------------------------------------------------------------
2017-04-14 16:17:37,268 INFO: ----------------------------------------------------------------------------
2017-04-14 16:17:37,696 INFO: 	Ranking model on all examples from test. Each example ranked against 14951 other entities
2017-04-14 16:17:37,696 INFO: 	RELATION ranking: each rel ranked against 1345 other rels
2017-04-14 16:17:38,530 INFO: 	Ranking: evaluating rank on 59071 triples
2017-04-15 07:33:45,449 INFO: left_ranks: (59071,), right_ranks: (59071,), rel_ranks: (59071,)
2017-04-15 07:33:45,474 INFO: max left_ranks: 14772, max right_ranks: 14849, max rel_ranks: 1320
2017-04-15 07:33:46,267 INFO: MICRO RAW:
2017-04-15 07:33:46,268 INFO: 	Left mean rank: 416.46, MRR: 0.086, median rank: 101.0, hits@10: 17.269%
2017-04-15 07:33:46,268 INFO: 	Right mean rank: 355.941, MRR: 0.13, median rank: 63.0, hits@10: 23.617%
2017-04-15 07:33:46,268 INFO: 	relation mean rank: 4.703, MRR: 0.729, median rank: 1.0, hits@10: 96.196%
2017-04-15 07:33:46,268 INFO: 	Global mean rank: 386.2, MRR: 0.108, median rank: 79.0, hits@10: 20.443%
2017-04-15 07:33:46,268 INFO: MACRO RAW
2017-04-15 07:33:46,268 INFO: 	Left mean rank: 758.115, MRR: 0.078, median rank: 123.0, hits@10: 15.325%
2017-04-15 07:33:46,268 INFO: 	Right mean rank: 686.67, MRR: 0.117, median rank: 94.0, hits@10: 21.15%
2017-04-15 07:33:46,268 INFO: 	relation mean rank: 36.269, MRR: 0.52, median rank: 33.018, hits@10: 80.372%
2017-04-15 07:33:46,268 INFO: 	Global mean rank: 493.685, MRR: 0.238, median rank: 25.0, hits@10: 38.949%
2017-04-15 07:33:46,286 INFO: Ranking model on all examples from test. Each example ranked against 14951 other entities which are FILTERED
2017-04-15 07:33:46,287 INFO: RELATION ranking: each rel ranked against 1345 other rels
2017-04-15 07:33:47,534 INFO: 	FilteredRanking: evaluating rank on 59071 triples
2017-04-15 19:41:06,363 INFO: MICRO FILTERED:
2017-04-15 19:41:06,376 INFO: 	Left mean rank: 300.66337, MRR: 0.12564, median rank: 60.0, hits@10: 23.912%
2017-04-15 19:41:06,376 INFO: 	Right mean rank: 282.57795, MRR: 0.16685, median rank: 45.0, hits@10: 29.041%
2017-04-15 19:41:06,377 INFO: 	relation mean rank: 4.371, MRR: 0.818, median rank: 1.0, hits@10: 96.416%
2017-04-15 19:41:06,377 INFO: 	Global mean rank: 291.62066, MRR: 0.14624, median rank: 52.0, hits@10: 26.477%
2017-04-15 19:41:06,377 INFO: MACRO FILTERED
2017-04-15 19:41:06,377 INFO: 	Left mean rank: 732.23635, MRR: 0.10035, median rank: 100.0, hits@10: 19.485%
2017-04-15 19:41:06,377 INFO: 	Right mean rank: 674.48999, MRR: 0.13482, median rank: 87.0, hits@10: 23.913%
2017-04-15 19:41:06,377 INFO: 	relation mean rank: 35.721, MRR: 0.609, median rank: 32.442, hits@10: 81.244%
2017-04-15 19:41:06,377 INFO: 	Global mean rank: 480.81584, MRR: 0.28137, median rank: 23.5, hits@10: 41.547%
2017-04-15 19:41:06,426 WARNING: Removing key file /Users/corbinrosset/.theano/compiledir_Darwin-14.5.0-x86_64-i386-64bit-i386-2.7.12-64/tmpgR_u3P/key.pkl because the corresponding module is gone from the file system.
2017-04-15 19:41:06,436 WARNING: Removing key file /Users/corbinrosset/.theano/compiledir_Darwin-14.5.0-x86_64-i386-64bit-i386-2.7.12-64/tmpnTKMAU/key.pkl because the corresponding module is gone from the file system.
2017-04-15 19:41:06,448 WARNING: Removing key file /Users/corbinrosset/.theano/compiledir_Darwin-14.5.0-x86_64-i386-64bit-i386-2.7.12-64/tmpqXHLNp/key.pkl because the corresponding module is gone from the file system.
2017-04-15 19:41:06,448 WARNING: Removing key file /Users/corbinrosset/.theano/compiledir_Darwin-14.5.0-x86_64-i386-64bit-i386-2.7.12-64/tmp943pVn/key.pkl because the corresponding module is gone from the file system.
2017-04-15 19:41:06,468 WARNING: Removing key file /Users/corbinrosset/.theano/compiledir_Darwin-14.5.0-x86_64-i386-64bit-i386-2.7.12-64/tmpQXo9jJ/key.pkl because the corresponding module is gone from the file system.
2017-04-15 19:41:06,490 WARNING: Removing key file /Users/corbinrosset/.theano/compiledir_Darwin-14.5.0-x86_64-i386-64bit-i386-2.7.12-64/tmp0RNVcS/key.pkl because the corresponding module is gone from the file system.
2017-04-15 19:41:06,494 WARNING: Removing key file /Users/corbinrosset/.theano/compiledir_Darwin-14.5.0-x86_64-i386-64bit-i386-2.7.12-64/tmpqxQgzn/key.pkl because the corresponding module is gone from the file system.
2017-04-15 19:41:06,499 WARNING: Removing key file /Users/corbinrosset/.theano/compiledir_Darwin-14.5.0-x86_64-i386-64bit-i386-2.7.12-64/tmpZwnQdX/key.pkl because the corresponding module is gone from the file system.
2017-04-15 19:41:06,501 WARNING: Removing key file /Users/corbinrosset/.theano/compiledir_Darwin-14.5.0-x86_64-i386-64bit-i386-2.7.12-64/tmpRUekg0/key.pkl because the corresponding module is gone from the file system.
2017-04-15 19:41:06,503 WARNING: Removing key file /Users/corbinrosset/.theano/compiledir_Darwin-14.5.0-x86_64-i386-64bit-i386-2.7.12-64/tmpTn57lU/key.pkl because the corresponding module is gone from the file system.
2017-04-15 19:41:06,505 WARNING: Removing key file /Users/corbinrosset/.theano/compiledir_Darwin-14.5.0-x86_64-i386-64bit-i386-2.7.12-64/tmpoeiQr5/key.pkl because the corresponding module is gone from the file system.
2017-04-15 19:41:06,505 WARNING: Removing key file /Users/corbinrosset/.theano/compiledir_Darwin-14.5.0-x86_64-i386-64bit-i386-2.7.12-64/tmpeUJU3I/key.pkl because the corresponding module is gone from the file system.
2017-04-15 19:41:06,512 WARNING: Removing key file /Users/corbinrosset/.theano/compiledir_Darwin-14.5.0-x86_64-i386-64bit-i386-2.7.12-64/tmpwIQsfP/key.pkl because the corresponding module is gone from the file system.
