2017-05-03 00:59:45,061 INFO: logger initialized for experiment identifier: BilinearDiagExtended_Dot_ndim_100_marg_1.5_lrate_0.01_cost_margincost_pos_high_reg_0.01_REL
2017-05-03 00:59:45,061 INFO: DD{'ndim': 100, 'test_all': 10, 'Nsyn_rel': 1345, 'totepochs': 1000, 'bestvalidMRR': -1, 'loadmodel': False, 'lremb': 0.01, 'nvalid': 1000, 'seed': 123, 'marge': 1.5, 'margincostfunction': 'margincost_pos_high', 'simfn': 'Dot', 'savepath': '/Users/corbinrosset/Dropbox/Arora/QA-code/src/KBC_Text/outputs/FB15k_BilinearDiagExtended/BilinearDiagExtended_Dot_ndim_100_marg_1.5_lrate_0.01_cost_margincost_pos_high_reg_0.01_REL', 'dataset': 'FB15k', 'nbatches': 100, 'identifier': 'BilinearDiagExtended_Dot_ndim_100_marg_1.5_lrate_0.01_cost_margincost_pos_high_reg_0.01_REL', 'lrparam': 0.01, 'loademb': False, 'datapath': '/Users/corbinrosset/Dropbox/Arora/QA-code/src/KBC_Text/data/', 'ntrain': 1000, 'Nrel': 1345, 'experiment_type': 'FB15kexp', 'rel': True, 'Nent': 14951, 'logger': <logging.RootLogger object at 0x10c840f90>, 'ntest': 1000, 'Nsyn': 14951, 'reg': 0.01, 'op': 'BilinearDiagExtended'}
2017-05-03 00:59:47,190 INFO: loaded FB15k data in: 2.096444 seconds
2017-05-03 00:59:47,192 DEBUG: FB15kexp: load_FB15k_data(): trainl(14951, 483142), trainr(14951, 483142), traino(1345, 483142), trainlidx(1000,)
2017-05-03 00:59:50,138 DEBUG: Training to rank RELATIONS as well!
2017-05-03 00:59:50,138 DEBUG: loaded data and constructed model...
2017-05-03 00:59:50,138 DEBUG: num epochs: 1000
2017-05-03 00:59:50,138 DEBUG: num batches per epoch: 100
2017-05-03 00:59:50,139 DEBUG: batchsize: 4831
2017-05-03 00:59:50,139 DEBUG: left and right entity ranking functions will rank a slot against 14951 competitors
2017-05-03 00:59:50,139 INFO: BEGIN TRAINING
2017-05-03 01:00:24,173 INFO: ----------------------------------------------------------------------------
2017-05-03 01:00:24,173 INFO: EPOCH 1 (34.034 seconds):
2017-05-03 01:00:24,191 INFO: 	Average L2 norm of relation vector: 0.027
2017-05-03 01:00:24,191 INFO: 	COST >> 4.503 +/- 0.0, % updates Left: 100.0% Rel: 100.0% Right: 100.0%
2017-05-03 01:01:06,881 INFO: ----------------------------------------------------------------------------
2017-05-03 01:01:06,881 INFO: EPOCH 2 (42.689 seconds):
2017-05-03 01:01:06,882 INFO: 	Average L2 norm of relation vector: 0.02674
2017-05-03 01:01:06,883 INFO: 	COST >> 4.503 +/- 0.0, % updates Left: 100.0% Rel: 100.0% Right: 100.0%
2017-05-03 01:01:51,792 INFO: ----------------------------------------------------------------------------
2017-05-03 01:01:51,792 INFO: EPOCH 3 (44.909 seconds):
2017-05-03 01:01:51,793 INFO: 	Average L2 norm of relation vector: 0.02649
2017-05-03 01:01:51,794 INFO: 	COST >> 4.502 +/- 0.0, % updates Left: 100.0% Rel: 100.0% Right: 100.0%
2017-05-03 01:02:31,505 INFO: ----------------------------------------------------------------------------
2017-05-03 01:02:31,506 INFO: EPOCH 4 (39.712 seconds):
2017-05-03 01:02:31,507 INFO: 	Average L2 norm of relation vector: 0.02625
2017-05-03 01:02:31,507 INFO: 	COST >> 4.502 +/- 0.0, % updates Left: 100.0% Rel: 100.0% Right: 100.0%
2017-05-03 01:03:07,006 INFO: ----------------------------------------------------------------------------
2017-05-03 01:03:07,007 INFO: EPOCH 5 (35.499 seconds):
2017-05-03 01:03:07,008 INFO: 	Average L2 norm of relation vector: 0.02603
2017-05-03 01:03:07,008 INFO: 	COST >> 4.502 +/- 0.0, % updates Left: 100.0% Rel: 100.0% Right: 100.0%
2017-05-03 01:03:42,301 INFO: ----------------------------------------------------------------------------
2017-05-03 01:03:42,301 INFO: EPOCH 6 (35.293 seconds):
2017-05-03 01:03:42,302 INFO: 	Average L2 norm of relation vector: 0.02581
2017-05-03 01:03:42,302 INFO: 	COST >> 4.502 +/- 0.0, % updates Left: 100.0% Rel: 100.0% Right: 100.0%
2017-05-03 01:04:17,723 INFO: ----------------------------------------------------------------------------
2017-05-03 01:04:17,723 INFO: EPOCH 7 (35.421 seconds):
2017-05-03 01:04:17,724 INFO: 	Average L2 norm of relation vector: 0.02562
2017-05-03 01:04:17,725 INFO: 	COST >> 4.502 +/- 0.0, % updates Left: 100.0% Rel: 100.0% Right: 100.0%
2017-05-03 01:04:53,188 INFO: ----------------------------------------------------------------------------
2017-05-03 01:04:53,188 INFO: EPOCH 8 (35.461 seconds):
2017-05-03 01:04:53,189 INFO: 	Average L2 norm of relation vector: 0.02568
2017-05-03 01:04:53,190 INFO: 	COST >> 4.491 +/- 0.027, % updates Left: 99.82% Rel: 99.81% Right: 99.82%
2017-05-03 01:05:29,226 INFO: ----------------------------------------------------------------------------
2017-05-03 01:05:29,227 INFO: EPOCH 9 (36.037 seconds):
2017-05-03 01:05:29,227 INFO: 	Average L2 norm of relation vector: 0.02621
2017-05-03 01:05:29,228 INFO: 	COST >> 4.322 +/- 0.061, % updates Left: 96.21% Rel: 96.07% Right: 96.15%
2017-05-03 01:06:03,930 INFO: ----------------------------------------------------------------------------
2017-05-03 01:06:03,930 INFO: EPOCH 10 (34.702 seconds):
2017-05-03 01:06:03,931 INFO: 	Average L2 norm of relation vector: 0.02939
2017-05-03 01:06:03,931 INFO: 	COST >> 3.924 +/- 0.275, % updates Left: 88.18% Rel: 87.49% Right: 88.08%
2017-05-03 01:06:03,931 INFO: 	FilteredRanking: evaluating rank on 1000 triples
2017-05-03 01:07:26,816 INFO: 	FilteredRanking: evaluating rank on 1000 triples
2017-05-03 01:08:50,121 INFO: 	MEAN RANK >> valid: 4763.6, train: 4391.4
2017-05-03 01:08:50,122 INFO: 		MEAN RANK TRAIN: Left: 4435.1 Rel: 377.0 Right: 4347.7
2017-05-03 01:08:50,122 INFO: 		MEAN RANK VALID: Left: 4796.0 Rel: 402.5 Right: 4731.1
2017-05-03 01:08:50,123 INFO: 		MEAN RECIPROCAL RANK VALID (L & R): 0.016
2017-05-03 01:08:50,123 INFO: 	FilteredRanking: evaluating rank on 1000 triples
2017-05-03 01:10:15,114 INFO: 	NEW BEST TEST MR: 4961.3
2017-05-03 01:10:15,116 INFO: 		Left MR: 5008.9 Rel MR: 427.8 Right MR: 4913.6
2017-05-03 01:10:15,182 INFO: 	(ranking took 251.25 seconds)
2017-05-03 01:10:48,164 INFO: ----------------------------------------------------------------------------
2017-05-03 01:10:48,164 INFO: EPOCH 11 (32.982 seconds):
2017-05-03 01:10:48,165 INFO: 	Average L2 norm of relation vector: 0.03335
2017-05-03 01:10:48,165 INFO: 	COST >> 2.654 +/- 0.278, % updates Left: 61.98% Rel: 56.29% Right: 61.67%
2017-05-03 01:11:24,378 INFO: ----------------------------------------------------------------------------
2017-05-03 01:11:24,378 INFO: EPOCH 12 (36.213 seconds):
2017-05-03 01:11:24,379 INFO: 	Average L2 norm of relation vector: 0.03689
2017-05-03 01:11:24,379 INFO: 	COST >> 1.94 +/- 0.137, % updates Left: 47.23% Rel: 38.42% Right: 46.71%
2017-05-03 01:12:00,065 INFO: ----------------------------------------------------------------------------
2017-05-03 01:12:00,065 INFO: EPOCH 13 (35.686 seconds):
2017-05-03 01:12:00,066 INFO: 	Average L2 norm of relation vector: 0.03939
2017-05-03 01:12:00,066 INFO: 	COST >> 1.538 +/- 0.072, % updates Left: 38.83% Rel: 27.8% Right: 38.16%
2017-05-03 01:12:35,759 INFO: ----------------------------------------------------------------------------
2017-05-03 01:12:35,759 INFO: EPOCH 14 (35.693 seconds):
2017-05-03 01:12:35,760 INFO: 	Average L2 norm of relation vector: 0.0413
2017-05-03 01:12:35,761 INFO: 	COST >> 1.333 +/- 0.056, % updates Left: 34.46% Rel: 22.45% Right: 33.77%
2017-05-03 01:13:11,394 INFO: ----------------------------------------------------------------------------
2017-05-03 01:13:11,394 INFO: EPOCH 15 (35.633 seconds):
2017-05-03 01:13:11,396 INFO: 	Average L2 norm of relation vector: 0.04289
2017-05-03 01:13:11,396 INFO: 	COST >> 1.17 +/- 0.041, % updates Left: 31.03% Rel: 18.27% Right: 30.29%
2017-05-03 01:13:47,226 INFO: ----------------------------------------------------------------------------
2017-05-03 01:13:47,227 INFO: EPOCH 16 (35.83 seconds):
2017-05-03 01:13:47,227 INFO: 	Average L2 norm of relation vector: 0.04459
2017-05-03 01:13:47,228 INFO: 	COST >> 1.062 +/- 0.034, % updates Left: 28.64% Rel: 16.02% Right: 27.88%
2017-05-03 01:14:22,718 INFO: ----------------------------------------------------------------------------
2017-05-03 01:14:22,718 INFO: EPOCH 17 (35.491 seconds):
2017-05-03 01:14:22,719 INFO: 	Average L2 norm of relation vector: 0.046
2017-05-03 01:14:22,720 INFO: 	COST >> 0.979 +/- 0.032, % updates Left: 26.58% Rel: 14.51% Right: 25.65%
2017-05-03 01:14:58,735 INFO: ----------------------------------------------------------------------------
2017-05-03 01:14:58,736 INFO: EPOCH 18 (36.015 seconds):
2017-05-03 01:14:58,736 INFO: 	Average L2 norm of relation vector: 0.04717
2017-05-03 01:14:58,737 INFO: 	COST >> 0.919 +/- 0.024, % updates Left: 25.11% Rel: 13.34% Right: 24.09%
2017-05-03 01:15:34,641 INFO: ----------------------------------------------------------------------------
2017-05-03 01:15:34,641 INFO: EPOCH 19 (35.904 seconds):
2017-05-03 01:15:34,642 INFO: 	Average L2 norm of relation vector: 0.04827
2017-05-03 01:15:34,642 INFO: 	COST >> 0.878 +/- 0.021, % updates Left: 24.21% Rel: 12.51% Right: 23.06%
2017-05-03 01:16:09,472 INFO: ----------------------------------------------------------------------------
2017-05-03 01:16:09,473 INFO: EPOCH 20 (34.831 seconds):
2017-05-03 01:16:09,473 INFO: 	Average L2 norm of relation vector: 0.04939
2017-05-03 01:16:09,474 INFO: 	COST >> 0.837 +/- 0.023, % updates Left: 23.21% Rel: 11.6% Right: 22.23%
2017-05-03 01:16:09,474 INFO: 	FilteredRanking: evaluating rank on 1000 triples
2017-05-03 01:17:33,078 INFO: 	FilteredRanking: evaluating rank on 1000 triples
2017-05-03 01:18:58,626 INFO: 	MEAN RANK >> valid: 1324.4, train: 1217.3
2017-05-03 01:18:58,627 INFO: 		MEAN RANK TRAIN: Left: 1236.3 Rel: 52.5 Right: 1198.3
2017-05-03 01:18:58,627 INFO: 		MEAN RANK VALID: Left: 1402.5 Rel: 52.6 Right: 1246.4
2017-05-03 01:18:58,628 INFO: 		MEAN RECIPROCAL RANK VALID (L & R): 0.0105
2017-05-03 01:18:58,628 WARNING: 	WARNING, failed to improve MRR on valid, 2 chances left

2017-05-03 01:18:58,704 INFO: 	(ranking took 169.23 seconds)
2017-05-03 01:19:33,095 INFO: ----------------------------------------------------------------------------
2017-05-03 01:19:33,095 INFO: EPOCH 21 (34.391 seconds):
2017-05-03 01:19:33,096 INFO: 	Average L2 norm of relation vector: 0.05046
2017-05-03 01:19:33,096 INFO: 	COST >> 0.798 +/- 0.024, % updates Left: 22.33% Rel: 10.8% Right: 21.32%
2017-05-03 01:20:09,872 INFO: ----------------------------------------------------------------------------
2017-05-03 01:20:09,872 INFO: EPOCH 22 (36.776 seconds):
2017-05-03 01:20:09,873 INFO: 	Average L2 norm of relation vector: 0.05132
2017-05-03 01:20:09,874 INFO: 	COST >> 0.776 +/- 0.022, % updates Left: 21.71% Rel: 10.27% Right: 20.75%
2017-05-03 01:20:45,237 INFO: ----------------------------------------------------------------------------
2017-05-03 01:20:45,237 INFO: EPOCH 23 (35.363 seconds):
2017-05-03 01:20:45,238 INFO: 	Average L2 norm of relation vector: 0.05242
2017-05-03 01:20:45,239 INFO: 	COST >> 0.752 +/- 0.02, % updates Left: 21.36% Rel: 9.83% Right: 20.28%
2017-05-03 01:21:20,831 INFO: ----------------------------------------------------------------------------
2017-05-03 01:21:20,832 INFO: EPOCH 24 (35.593 seconds):
2017-05-03 01:21:20,833 INFO: 	Average L2 norm of relation vector: 0.05361
2017-05-03 01:21:20,833 INFO: 	COST >> 0.705 +/- 0.019, % updates Left: 20.23% Rel: 8.98% Right: 19.23%
2017-05-03 01:21:55,912 INFO: ----------------------------------------------------------------------------
2017-05-03 01:21:55,913 INFO: EPOCH 25 (35.079 seconds):
2017-05-03 01:21:55,913 INFO: 	Average L2 norm of relation vector: 0.05443
2017-05-03 01:21:55,913 INFO: 	COST >> 0.69 +/- 0.021, % updates Left: 19.7% Rel: 8.48% Right: 18.81%
2017-05-03 01:22:30,992 INFO: ----------------------------------------------------------------------------
2017-05-03 01:22:30,993 INFO: EPOCH 26 (35.079 seconds):
2017-05-03 01:22:30,993 INFO: 	Average L2 norm of relation vector: 0.05528
2017-05-03 01:22:30,994 INFO: 	COST >> 0.676 +/- 0.021, % updates Left: 19.42% Rel: 8.21% Right: 18.47%
2017-05-03 01:23:06,724 INFO: ----------------------------------------------------------------------------
2017-05-03 01:23:06,724 INFO: EPOCH 27 (35.731 seconds):
2017-05-03 01:23:06,725 INFO: 	Average L2 norm of relation vector: 0.05597
2017-05-03 01:23:06,726 INFO: 	COST >> 0.668 +/- 0.019, % updates Left: 19.13% Rel: 8.02% Right: 18.2%
2017-05-03 01:23:42,444 INFO: ----------------------------------------------------------------------------
2017-05-03 01:23:42,444 INFO: EPOCH 28 (35.718 seconds):
2017-05-03 01:23:42,445 INFO: 	Average L2 norm of relation vector: 0.05659
2017-05-03 01:23:42,445 INFO: 	COST >> 0.659 +/- 0.022, % updates Left: 18.97% Rel: 7.84% Right: 17.87%
2017-05-03 01:24:18,239 INFO: ----------------------------------------------------------------------------
2017-05-03 01:24:18,239 INFO: EPOCH 29 (35.794 seconds):
2017-05-03 01:24:18,240 INFO: 	Average L2 norm of relation vector: 0.0572
2017-05-03 01:24:18,240 INFO: 	COST >> 0.652 +/- 0.02, % updates Left: 18.76% Rel: 7.73% Right: 17.7%
2017-05-03 01:24:52,581 INFO: ----------------------------------------------------------------------------
2017-05-03 01:24:52,581 INFO: EPOCH 30 (34.34 seconds):
2017-05-03 01:24:52,582 INFO: 	Average L2 norm of relation vector: 0.05788
2017-05-03 01:24:52,582 INFO: 	COST >> 0.643 +/- 0.021, % updates Left: 18.54% Rel: 7.62% Right: 17.6%
2017-05-03 01:24:52,582 INFO: 	FilteredRanking: evaluating rank on 1000 triples
2017-05-03 01:26:17,409 INFO: 	FilteredRanking: evaluating rank on 1000 triples
2017-05-03 01:27:41,707 INFO: 	MEAN RANK >> valid: 1025.0, train: 938.9
2017-05-03 01:27:41,708 INFO: 		MEAN RANK TRAIN: Left: 982.6 Rel: 33.9 Right: 895.2
2017-05-03 01:27:41,708 INFO: 		MEAN RANK VALID: Left: 1096.8 Rel: 33.6 Right: 953.1
2017-05-03 01:27:41,708 INFO: 		MEAN RECIPROCAL RANK VALID (L & R): 0.0195
2017-05-03 01:27:41,708 INFO: 	FilteredRanking: evaluating rank on 1000 triples
2017-05-03 01:29:06,704 INFO: 	NEW BEST TEST MR: 993.3
2017-05-03 01:29:06,705 INFO: 		Left MR: 1051.7 Rel MR: 35.0 Right MR: 935.0
2017-05-03 01:29:06,766 INFO: 	(ranking took 254.184 seconds)
2017-05-03 01:29:41,128 INFO: ----------------------------------------------------------------------------
2017-05-03 01:29:41,128 INFO: EPOCH 31 (34.362 seconds):
2017-05-03 01:29:41,130 INFO: 	Average L2 norm of relation vector: 0.05851
2017-05-03 01:29:41,131 INFO: 	COST >> 0.637 +/- 0.022, % updates Left: 18.42% Rel: 7.49% Right: 17.35%
2017-05-03 01:30:14,153 INFO: ----------------------------------------------------------------------------
2017-05-03 01:30:14,153 INFO: EPOCH 32 (33.022 seconds):
2017-05-03 01:30:14,154 INFO: 	Average L2 norm of relation vector: 0.05913
2017-05-03 01:30:14,155 INFO: 	COST >> 0.625 +/- 0.021, % updates Left: 18.13% Rel: 7.21% Right: 17.12%
2017-05-03 01:30:51,006 INFO: ----------------------------------------------------------------------------
2017-05-03 01:30:51,007 INFO: EPOCH 33 (36.851 seconds):
2017-05-03 01:30:51,008 INFO: 	Average L2 norm of relation vector: 0.05969
2017-05-03 01:30:51,008 INFO: 	COST >> 0.611 +/- 0.02, % updates Left: 17.77% Rel: 6.94% Right: 16.75%
2017-05-03 01:31:28,378 INFO: ----------------------------------------------------------------------------
2017-05-03 01:31:28,378 INFO: EPOCH 34 (37.369 seconds):
2017-05-03 01:31:28,379 INFO: 	Average L2 norm of relation vector: 0.06022
2017-05-03 01:31:28,379 INFO: 	COST >> 0.608 +/- 0.02, % updates Left: 17.67% Rel: 6.84% Right: 16.67%
2017-05-03 01:32:06,123 INFO: ----------------------------------------------------------------------------
2017-05-03 01:32:06,124 INFO: EPOCH 35 (37.744 seconds):
2017-05-03 01:32:06,125 INFO: 	Average L2 norm of relation vector: 0.06077
2017-05-03 01:32:06,125 INFO: 	COST >> 0.601 +/- 0.021, % updates Left: 17.53% Rel: 6.73% Right: 16.55%
2017-05-03 01:32:44,330 INFO: ----------------------------------------------------------------------------
2017-05-03 01:32:44,330 INFO: EPOCH 36 (38.205 seconds):
2017-05-03 01:32:44,332 INFO: 	Average L2 norm of relation vector: 0.06118
2017-05-03 01:32:44,333 INFO: 	COST >> 0.599 +/- 0.018, % updates Left: 17.45% Rel: 6.62% Right: 16.4%
2017-05-03 01:33:22,566 INFO: ----------------------------------------------------------------------------
2017-05-03 01:33:22,566 INFO: EPOCH 37 (38.233 seconds):
2017-05-03 01:33:22,567 INFO: 	Average L2 norm of relation vector: 0.06156
2017-05-03 01:33:22,568 INFO: 	COST >> 0.594 +/- 0.022, % updates Left: 17.22% Rel: 6.59% Right: 16.22%
2017-05-03 01:33:59,203 INFO: ----------------------------------------------------------------------------
2017-05-03 01:33:59,203 INFO: EPOCH 38 (36.636 seconds):
2017-05-03 01:33:59,204 INFO: 	Average L2 norm of relation vector: 0.06199
2017-05-03 01:33:59,205 INFO: 	COST >> 0.591 +/- 0.024, % updates Left: 17.28% Rel: 6.47% Right: 16.21%
2017-05-03 01:34:34,321 INFO: ----------------------------------------------------------------------------
2017-05-03 01:34:34,321 INFO: EPOCH 39 (35.115 seconds):
2017-05-03 01:34:34,322 INFO: 	Average L2 norm of relation vector: 0.06232
2017-05-03 01:34:34,322 INFO: 	COST >> 0.588 +/- 0.023, % updates Left: 17.16% Rel: 6.41% Right: 16.06%
2017-05-03 01:35:07,995 INFO: ----------------------------------------------------------------------------
2017-05-03 01:35:07,995 INFO: EPOCH 40 (33.673 seconds):
2017-05-03 01:35:07,996 INFO: 	Average L2 norm of relation vector: 0.06269
2017-05-03 01:35:07,996 INFO: 	COST >> 0.587 +/- 0.022, % updates Left: 17.15% Rel: 6.32% Right: 16.11%
2017-05-03 01:35:07,996 INFO: 	FilteredRanking: evaluating rank on 1000 triples
2017-05-03 01:36:31,538 INFO: 	FilteredRanking: evaluating rank on 1000 triples
2017-05-03 01:37:57,086 INFO: 	MEAN RANK >> valid: 1007.1, train: 863.2
2017-05-03 01:37:57,087 INFO: 		MEAN RANK TRAIN: Left: 909.0 Rel: 29.2 Right: 817.3
2017-05-03 01:37:57,087 INFO: 		MEAN RANK VALID: Left: 1071.2 Rel: 29.7 Right: 942.9
2017-05-03 01:37:57,087 INFO: 		MEAN RECIPROCAL RANK VALID (L & R): 0.021
2017-05-03 01:37:57,087 INFO: 	FilteredRanking: evaluating rank on 1000 triples
2017-05-03 01:39:24,438 INFO: 	NEW BEST TEST MR: 915.8
2017-05-03 01:39:24,439 INFO: 		Left MR: 983.2 Rel MR: 33.3 Right MR: 848.3
2017-05-03 01:39:24,499 INFO: 	(ranking took 256.503 seconds)
2017-05-03 01:39:59,397 INFO: ----------------------------------------------------------------------------
2017-05-03 01:39:59,397 INFO: EPOCH 41 (34.897 seconds):
2017-05-03 01:39:59,398 INFO: 	Average L2 norm of relation vector: 0.06295
2017-05-03 01:39:59,399 INFO: 	COST >> 0.584 +/- 0.022, % updates Left: 16.97% Rel: 6.3% Right: 15.91%
2017-05-03 01:40:34,588 INFO: ----------------------------------------------------------------------------
2017-05-03 01:40:34,588 INFO: EPOCH 42 (35.189 seconds):
2017-05-03 01:40:34,589 INFO: 	Average L2 norm of relation vector: 0.06327
2017-05-03 01:40:34,590 INFO: 	COST >> 0.579 +/- 0.022, % updates Left: 16.95% Rel: 6.23% Right: 15.79%
2017-05-03 01:41:09,940 INFO: ----------------------------------------------------------------------------
2017-05-03 01:41:09,940 INFO: EPOCH 43 (35.35 seconds):
2017-05-03 01:41:09,941 INFO: 	Average L2 norm of relation vector: 0.06359
2017-05-03 01:41:09,942 INFO: 	COST >> 0.579 +/- 0.023, % updates Left: 16.9% Rel: 6.23% Right: 15.87%
2017-05-03 01:41:45,369 INFO: ----------------------------------------------------------------------------
2017-05-03 01:41:45,370 INFO: EPOCH 44 (35.428 seconds):
2017-05-03 01:41:45,371 INFO: 	Average L2 norm of relation vector: 0.06384
2017-05-03 01:41:45,371 INFO: 	COST >> 0.579 +/- 0.021, % updates Left: 16.92% Rel: 6.13% Right: 15.81%
2017-05-03 01:42:20,757 INFO: ----------------------------------------------------------------------------
2017-05-03 01:42:20,757 INFO: EPOCH 45 (35.386 seconds):
2017-05-03 01:42:20,758 INFO: 	Average L2 norm of relation vector: 0.06414
2017-05-03 01:42:20,759 INFO: 	COST >> 0.572 +/- 0.019, % updates Left: 16.77% Rel: 6.06% Right: 15.63%
2017-05-03 01:42:55,872 INFO: ----------------------------------------------------------------------------
2017-05-03 01:42:55,872 INFO: EPOCH 46 (35.113 seconds):
2017-05-03 01:42:55,873 INFO: 	Average L2 norm of relation vector: 0.0644
2017-05-03 01:42:55,873 INFO: 	COST >> 0.572 +/- 0.021, % updates Left: 16.69% Rel: 6.13% Right: 15.64%
2017-05-03 01:43:30,555 INFO: ----------------------------------------------------------------------------
2017-05-03 01:43:30,556 INFO: EPOCH 47 (34.682 seconds):
2017-05-03 01:43:30,556 INFO: 	Average L2 norm of relation vector: 0.06467
2017-05-03 01:43:30,557 INFO: 	COST >> 0.568 +/- 0.019, % updates Left: 16.64% Rel: 6.02% Right: 15.55%
2017-05-03 01:44:02,614 INFO: ----------------------------------------------------------------------------
2017-05-03 01:44:02,614 INFO: EPOCH 48 (32.057 seconds):
2017-05-03 01:44:02,615 INFO: 	Average L2 norm of relation vector: 0.06497
2017-05-03 01:44:02,616 INFO: 	COST >> 0.565 +/- 0.022, % updates Left: 16.47% Rel: 6.03% Right: 15.55%
2017-05-03 01:44:35,418 INFO: ----------------------------------------------------------------------------
2017-05-03 01:44:35,419 INFO: EPOCH 49 (32.803 seconds):
2017-05-03 01:44:35,419 INFO: 	Average L2 norm of relation vector: 0.06528
2017-05-03 01:44:35,420 INFO: 	COST >> 0.563 +/- 0.021, % updates Left: 16.39% Rel: 6.08% Right: 15.45%
2017-05-03 01:45:07,602 INFO: ----------------------------------------------------------------------------
2017-05-03 01:45:07,602 INFO: EPOCH 50 (32.182 seconds):
2017-05-03 01:45:07,602 INFO: 	Average L2 norm of relation vector: 0.06552
2017-05-03 01:45:07,603 INFO: 	COST >> 0.558 +/- 0.02, % updates Left: 16.16% Rel: 6.02% Right: 15.29%
2017-05-03 01:45:07,603 INFO: 	FilteredRanking: evaluating rank on 1000 triples
2017-05-03 01:46:33,324 INFO: 	FilteredRanking: evaluating rank on 1000 triples
2017-05-03 01:48:00,057 INFO: 	MEAN RANK >> valid: 973.4, train: 815.2
2017-05-03 01:48:00,061 INFO: 		MEAN RANK TRAIN: Left: 866.4 Rel: 28.5 Right: 764.1
2017-05-03 01:48:00,062 INFO: 		MEAN RANK VALID: Left: 1052.3 Rel: 29.9 Right: 894.5
2017-05-03 01:48:00,062 INFO: 		MEAN RECIPROCAL RANK VALID (L & R): 0.0255
2017-05-03 01:48:00,062 INFO: 	FilteredRanking: evaluating rank on 1000 triples
2017-05-03 01:49:26,202 INFO: 	NEW BEST TEST MR: 858.6
2017-05-03 01:49:26,203 INFO: 		Left MR: 909.9 Rel MR: 28.0 Right MR: 807.3
2017-05-03 01:49:26,313 INFO: 	(ranking took 258.71 seconds)
2017-05-03 01:50:01,081 INFO: ----------------------------------------------------------------------------
2017-05-03 01:50:01,082 INFO: EPOCH 51 (34.768 seconds):
2017-05-03 01:50:01,083 INFO: 	Average L2 norm of relation vector: 0.06576
2017-05-03 01:50:01,083 INFO: 	COST >> 0.557 +/- 0.019, % updates Left: 16.19% Rel: 6.03% Right: 15.19%
2017-05-03 01:50:35,980 INFO: ----------------------------------------------------------------------------
2017-05-03 01:50:35,980 INFO: EPOCH 52 (34.896 seconds):
2017-05-03 01:50:35,981 INFO: 	Average L2 norm of relation vector: 0.06595
2017-05-03 01:50:35,981 INFO: 	COST >> 0.552 +/- 0.02, % updates Left: 16.03% Rel: 5.92% Right: 15.07%
2017-05-03 01:51:12,599 INFO: ----------------------------------------------------------------------------
2017-05-03 01:51:12,599 INFO: EPOCH 53 (36.617 seconds):
2017-05-03 01:51:12,601 INFO: 	Average L2 norm of relation vector: 0.06608
2017-05-03 01:51:12,602 INFO: 	COST >> 0.556 +/- 0.022, % updates Left: 16.03% Rel: 5.96% Right: 15.15%
2017-05-03 01:51:46,654 INFO: ----------------------------------------------------------------------------
2017-05-03 01:51:46,654 INFO: EPOCH 54 (34.052 seconds):
2017-05-03 01:51:46,655 INFO: 	Average L2 norm of relation vector: 0.06632
2017-05-03 01:51:46,656 INFO: 	COST >> 0.551 +/- 0.019, % updates Left: 16.01% Rel: 6.01% Right: 15.03%
2017-05-03 01:52:18,558 INFO: ----------------------------------------------------------------------------
2017-05-03 01:52:18,559 INFO: EPOCH 55 (31.902 seconds):
2017-05-03 01:52:18,559 INFO: 	Average L2 norm of relation vector: 0.06653
2017-05-03 01:52:18,560 INFO: 	COST >> 0.547 +/- 0.021, % updates Left: 15.9% Rel: 5.94% Right: 14.82%
2017-05-03 01:52:49,976 INFO: ----------------------------------------------------------------------------
2017-05-03 01:52:49,976 INFO: EPOCH 56 (31.416 seconds):
2017-05-03 01:52:49,977 INFO: 	Average L2 norm of relation vector: 0.06669
2017-05-03 01:52:49,977 INFO: 	COST >> 0.546 +/- 0.023, % updates Left: 15.85% Rel: 5.92% Right: 14.8%
2017-05-03 01:53:21,494 INFO: ----------------------------------------------------------------------------
2017-05-03 01:53:21,495 INFO: EPOCH 57 (31.518 seconds):
2017-05-03 01:53:21,496 INFO: 	Average L2 norm of relation vector: 0.06684
2017-05-03 01:53:21,496 INFO: 	COST >> 0.542 +/- 0.022, % updates Left: 15.68% Rel: 5.92% Right: 14.66%
2017-05-03 01:53:54,105 INFO: ----------------------------------------------------------------------------
2017-05-03 01:53:54,105 INFO: EPOCH 58 (32.609 seconds):
2017-05-03 01:53:54,106 INFO: 	Average L2 norm of relation vector: 0.06697
2017-05-03 01:53:54,106 INFO: 	COST >> 0.542 +/- 0.02, % updates Left: 15.65% Rel: 6.0% Right: 14.61%
2017-05-03 01:54:27,165 INFO: ----------------------------------------------------------------------------
2017-05-03 01:54:27,165 INFO: EPOCH 59 (33.058 seconds):
2017-05-03 01:54:27,166 INFO: 	Average L2 norm of relation vector: 0.06713
2017-05-03 01:54:27,166 INFO: 	COST >> 0.538 +/- 0.019, % updates Left: 15.64% Rel: 5.92% Right: 14.43%
2017-05-03 01:55:03,317 INFO: ----------------------------------------------------------------------------
2017-05-03 01:55:03,317 INFO: EPOCH 60 (36.151 seconds):
2017-05-03 01:55:03,318 INFO: 	Average L2 norm of relation vector: 0.06727
2017-05-03 01:55:03,319 INFO: 	COST >> 0.534 +/- 0.021, % updates Left: 15.45% Rel: 5.91% Right: 14.34%
2017-05-03 01:55:03,319 INFO: 	FilteredRanking: evaluating rank on 1000 triples
2017-05-03 01:56:30,379 INFO: 	FilteredRanking: evaluating rank on 1000 triples
2017-05-03 01:57:56,657 INFO: 	MEAN RANK >> valid: 926.5, train: 800.4
2017-05-03 01:57:56,658 INFO: 		MEAN RANK TRAIN: Left: 834.2 Rel: 28.8 Right: 766.6
2017-05-03 01:57:56,658 INFO: 		MEAN RANK VALID: Left: 994.6 Rel: 30.2 Right: 858.4
2017-05-03 01:57:56,658 INFO: 		MEAN RECIPROCAL RANK VALID (L & R): 0.0315
2017-05-03 01:57:56,658 INFO: 	FilteredRanking: evaluating rank on 1000 triples
2017-05-03 01:59:26,807 INFO: 	NEW BEST TEST MR: 807.4
2017-05-03 01:59:26,808 INFO: 		Left MR: 839.1 Rel MR: 27.0 Right MR: 775.7
2017-05-03 01:59:26,873 INFO: 	(ranking took 263.554 seconds)
2017-05-03 02:00:02,023 INFO: ----------------------------------------------------------------------------
2017-05-03 02:00:02,023 INFO: EPOCH 61 (35.15 seconds):
2017-05-03 02:00:02,024 INFO: 	Average L2 norm of relation vector: 0.06737
2017-05-03 02:00:02,024 INFO: 	COST >> 0.53 +/- 0.018, % updates Left: 15.23% Rel: 5.87% Right: 14.29%
2017-05-03 02:00:34,287 INFO: ----------------------------------------------------------------------------
2017-05-03 02:00:34,288 INFO: EPOCH 62 (32.263 seconds):
2017-05-03 02:00:34,288 INFO: 	Average L2 norm of relation vector: 0.06753
2017-05-03 02:00:34,289 INFO: 	COST >> 0.531 +/- 0.021, % updates Left: 15.29% Rel: 5.94% Right: 14.29%
2017-05-03 02:01:06,787 INFO: ----------------------------------------------------------------------------
2017-05-03 02:01:06,787 INFO: EPOCH 63 (32.498 seconds):
2017-05-03 02:01:06,787 INFO: 	Average L2 norm of relation vector: 0.06765
2017-05-03 02:01:06,788 INFO: 	COST >> 0.531 +/- 0.023, % updates Left: 15.3% Rel: 5.96% Right: 14.2%
2017-05-03 02:01:39,640 INFO: ----------------------------------------------------------------------------
2017-05-03 02:01:39,641 INFO: EPOCH 64 (32.853 seconds):
2017-05-03 02:01:39,641 INFO: 	Average L2 norm of relation vector: 0.06778
2017-05-03 02:01:39,642 INFO: 	COST >> 0.526 +/- 0.021, % updates Left: 15.15% Rel: 5.9% Right: 14.09%
2017-05-03 02:02:15,284 INFO: ----------------------------------------------------------------------------
2017-05-03 02:02:15,284 INFO: EPOCH 65 (35.642 seconds):
2017-05-03 02:02:15,284 INFO: 	Average L2 norm of relation vector: 0.06796
2017-05-03 02:02:15,285 INFO: 	COST >> 0.525 +/- 0.02, % updates Left: 15.11% Rel: 5.96% Right: 14.12%
2017-05-03 02:02:50,202 INFO: ----------------------------------------------------------------------------
2017-05-03 02:02:50,202 INFO: EPOCH 66 (34.917 seconds):
2017-05-03 02:02:50,203 INFO: 	Average L2 norm of relation vector: 0.06815
2017-05-03 02:02:50,203 INFO: 	COST >> 0.517 +/- 0.017, % updates Left: 14.96% Rel: 5.83% Right: 13.89%
2017-05-03 02:03:24,802 INFO: ----------------------------------------------------------------------------
2017-05-03 02:03:24,802 INFO: EPOCH 67 (34.599 seconds):
2017-05-03 02:03:24,803 INFO: 	Average L2 norm of relation vector: 0.06835
2017-05-03 02:03:24,803 INFO: 	COST >> 0.514 +/- 0.02, % updates Left: 14.88% Rel: 5.84% Right: 13.79%
2017-05-03 02:03:57,202 INFO: ----------------------------------------------------------------------------
2017-05-03 02:03:57,202 INFO: EPOCH 68 (32.399 seconds):
2017-05-03 02:03:57,203 INFO: 	Average L2 norm of relation vector: 0.06856
2017-05-03 02:03:57,203 INFO: 	COST >> 0.51 +/- 0.023, % updates Left: 14.7% Rel: 5.82% Right: 13.73%
