2017-05-04 17:34:11,318 INFO: logger initialized for experiment identifier: BilinearDiagExtended_L1_ndim_100_marg_0.2_lrate_0.01_cost_margincost_reg_0.01
2017-05-04 17:34:11,324 INFO: DD{'ndim': 100, 'test_all': 10, 'Nsyn_rel': 1345, 'totepochs': 2000, 'bestvalidMRR': -1, 'loadmodel': False, 'lremb': 0.01, 'nvalid': 1000, 'seed': 123, 'marge': 0.2, 'margincostfunction': 'margincost', 'simfn': 'L1', 'savepath': '/home/ubuntu/Thesis_code/KBC_Text/outputs/FB15k_BilinearDiagExtended/BilinearDiagExtended_L1_ndim_100_marg_0.2_lrate_0.01_cost_margincost_reg_0.01', 'dataset': 'FB15k', 'nbatches': 100, 'identifier': 'BilinearDiagExtended_L1_ndim_100_marg_0.2_lrate_0.01_cost_margincost_reg_0.01', 'lrparam': 0.01, 'loademb': False, 'datapath': '/home/ubuntu/data/', 'ntrain': 1000, 'Nrel': 1345, 'experiment_type': 'FB15kexp', 'rel': False, 'Nent': 14951, 'logger': <logging.RootLogger object at 0x7f0b70276d10>, 'ntest': 1000, 'Nsyn': 14951, 'reg': 0.01, 'op': 'BilinearDiagExtended'}
2017-05-04 17:34:19,846 INFO: loaded FB15k data in: 8.514017 seconds
2017-05-04 17:34:19,848 DEBUG: FB15kexp: load_FB15k_data(): trainl(14951, 483142), trainr(14951, 483142), traino(1345, 483142), trainlidx(1000,)
2017-05-04 17:34:24,423 DEBUG: loaded data and constructed model...
2017-05-04 17:34:24,426 DEBUG: num epochs: 2000
2017-05-04 17:34:24,427 DEBUG: num batches per epoch: 100
2017-05-04 17:34:24,427 DEBUG: batchsize: 4831
2017-05-04 17:34:24,428 DEBUG: left and right entity ranking functions will rank a slot against 14951 competitors
2017-05-04 17:34:24,428 INFO: BEGIN TRAINING
2017-05-04 17:35:27,750 INFO: ----------------------------------------------------------------------------
2017-05-04 17:35:27,751 INFO: EPOCH 1 (63.323 seconds):
2017-05-04 17:35:27,780 INFO: 	Average L2 norm of relation vector: 0.02957
2017-05-04 17:35:27,782 INFO: 	COST >> 0.215 +/- 0.083, % updates Left: 66.01%  Right: 59.97%
2017-05-04 17:36:30,293 INFO: ----------------------------------------------------------------------------
2017-05-04 17:36:30,294 INFO: EPOCH 2 (62.512 seconds):
2017-05-04 17:36:30,296 INFO: 	Average L2 norm of relation vector: 0.0311
2017-05-04 17:36:30,297 INFO: 	COST >> 0.076 +/- 0.01, % updates Left: 28.77%  Right: 24.3%
2017-05-04 17:37:37,167 INFO: ----------------------------------------------------------------------------
2017-05-04 17:37:37,167 INFO: EPOCH 3 (66.87 seconds):
2017-05-04 17:37:37,170 INFO: 	Average L2 norm of relation vector: 0.03202
2017-05-04 17:37:37,170 INFO: 	COST >> 0.05 +/- 0.003, % updates Left: 18.87%  Right: 16.04%
2017-05-04 17:39:01,094 INFO: ----------------------------------------------------------------------------
2017-05-04 17:39:01,094 INFO: EPOCH 4 (83.924 seconds):
2017-05-04 17:39:01,097 INFO: 	Average L2 norm of relation vector: 0.03262
2017-05-04 17:39:01,098 INFO: 	COST >> 0.039 +/- 0.001, % updates Left: 14.37%  Right: 12.49%
2017-05-04 17:40:58,236 INFO: ----------------------------------------------------------------------------
2017-05-04 17:40:58,237 INFO: EPOCH 5 (117.137 seconds):
2017-05-04 17:40:58,240 INFO: 	Average L2 norm of relation vector: 0.03303
2017-05-04 17:40:58,242 INFO: 	COST >> 0.034 +/- 0.001, % updates Left: 11.97%  Right: 10.47%
2017-05-04 17:42:23,604 INFO: ----------------------------------------------------------------------------
2017-05-04 17:42:23,605 INFO: EPOCH 6 (85.363 seconds):
2017-05-04 17:42:23,608 INFO: 	Average L2 norm of relation vector: 0.03333
2017-05-04 17:42:23,610 INFO: 	COST >> 0.03 +/- 0.001, % updates Left: 10.52%  Right: 9.09%
2017-05-04 17:43:58,375 INFO: ----------------------------------------------------------------------------
2017-05-04 17:43:58,376 INFO: EPOCH 7 (94.765 seconds):
2017-05-04 17:43:58,378 INFO: 	Average L2 norm of relation vector: 0.03353
2017-05-04 17:43:58,379 INFO: 	COST >> 0.028 +/- 0.001, % updates Left: 9.44%  Right: 8.28%
2017-05-04 17:45:57,139 INFO: ----------------------------------------------------------------------------
2017-05-04 17:45:57,140 INFO: EPOCH 8 (118.76 seconds):
2017-05-04 17:45:57,143 INFO: 	Average L2 norm of relation vector: 0.03368
2017-05-04 17:45:57,144 INFO: 	COST >> 0.026 +/- 0.001, % updates Left: 8.66%  Right: 7.62%
2017-05-04 17:47:31,706 INFO: ----------------------------------------------------------------------------
2017-05-04 17:47:31,707 INFO: EPOCH 9 (94.562 seconds):
2017-05-04 17:47:31,711 INFO: 	Average L2 norm of relation vector: 0.03378
2017-05-04 17:47:31,712 INFO: 	COST >> 0.025 +/- 0.001, % updates Left: 8.02%  Right: 7.07%
2017-05-04 17:49:03,690 INFO: ----------------------------------------------------------------------------
2017-05-04 17:49:03,691 INFO: EPOCH 10 (91.979 seconds):
2017-05-04 17:49:03,694 INFO: 	Average L2 norm of relation vector: 0.03385
2017-05-04 17:49:03,696 INFO: 	COST >> 0.024 +/- 0.001, % updates Left: 7.57%  Right: 6.69%
2017-05-04 17:49:03,697 INFO: 	FilteredRanking: evaluating rank on 1000 triples
2017-05-04 17:51:17,916 INFO: 	FilteredRanking: evaluating rank on 1000 triples
2017-05-04 17:53:36,884 INFO: 	MEAN RANK >> valid: 387.8, train: 237.3
2017-05-04 17:53:36,885 INFO: 		MEAN RANK TRAIN: Left: 254.5 Rel: 0.0 Right: 220.0
2017-05-04 17:53:36,886 INFO: 		MEAN RANK VALID: Left: 418.0 Rel: 0.0 Right: 357.5
2017-05-04 17:53:36,886 INFO: 		MEAN RECIPROCAL RANK VALID (L & R): 0.1175
2017-05-04 17:53:36,886 INFO: 	FilteredRanking: evaluating rank on 1000 triples
2017-05-04 17:55:44,928 INFO: 	NEW BEST TEST MR: 410.2
2017-05-04 17:55:44,929 INFO: 		Left MR: 414.3 Rel MR: 0.0 Right MR: 406.2
2017-05-04 17:55:45,003 INFO: 	(ranking took 401.306 seconds)
2017-05-04 17:57:23,665 INFO: ----------------------------------------------------------------------------
2017-05-04 17:57:23,666 INFO: EPOCH 11 (98.662 seconds):
2017-05-04 17:57:23,669 INFO: 	Average L2 norm of relation vector: 0.0339
2017-05-04 17:57:23,670 INFO: 	COST >> 0.023 +/- 0.001, % updates Left: 7.23%  Right: 6.31%
2017-05-04 17:58:51,228 INFO: ----------------------------------------------------------------------------
2017-05-04 17:58:51,229 INFO: EPOCH 12 (87.558 seconds):
2017-05-04 17:58:51,232 INFO: 	Average L2 norm of relation vector: 0.03394
2017-05-04 17:58:51,234 INFO: 	COST >> 0.022 +/- 0.001, % updates Left: 6.88%  Right: 5.98%
2017-05-04 18:00:38,356 INFO: ----------------------------------------------------------------------------
2017-05-04 18:00:38,357 INFO: EPOCH 13 (107.122 seconds):
2017-05-04 18:00:38,359 INFO: 	Average L2 norm of relation vector: 0.03396
2017-05-04 18:00:38,360 INFO: 	COST >> 0.021 +/- 0.001, % updates Left: 6.53%  Right: 5.67%
2017-05-04 18:01:54,766 INFO: ----------------------------------------------------------------------------
2017-05-04 18:01:54,767 INFO: EPOCH 14 (76.407 seconds):
2017-05-04 18:01:54,770 INFO: 	Average L2 norm of relation vector: 0.03396
2017-05-04 18:01:54,771 INFO: 	COST >> 0.02 +/- 0.001, % updates Left: 6.23%  Right: 5.48%
2017-05-04 18:03:41,665 INFO: ----------------------------------------------------------------------------
2017-05-04 18:03:41,666 INFO: EPOCH 15 (106.895 seconds):
2017-05-04 18:03:41,669 INFO: 	Average L2 norm of relation vector: 0.03395
2017-05-04 18:03:41,671 INFO: 	COST >> 0.019 +/- 0.001, % updates Left: 5.95%  Right: 5.2%
2017-05-04 18:05:15,339 INFO: ----------------------------------------------------------------------------
2017-05-04 18:05:15,340 INFO: EPOCH 16 (93.668 seconds):
2017-05-04 18:05:15,343 INFO: 	Average L2 norm of relation vector: 0.03394
2017-05-04 18:05:15,345 INFO: 	COST >> 0.019 +/- 0.001, % updates Left: 5.78%  Right: 4.98%
2017-05-04 18:06:35,752 INFO: ----------------------------------------------------------------------------
2017-05-04 18:06:35,752 INFO: EPOCH 17 (80.407 seconds):
2017-05-04 18:06:35,755 INFO: 	Average L2 norm of relation vector: 0.03392
2017-05-04 18:06:35,755 INFO: 	COST >> 0.018 +/- 0.001, % updates Left: 5.55%  Right: 4.78%
2017-05-04 18:07:40,820 INFO: ----------------------------------------------------------------------------
2017-05-04 18:07:40,821 INFO: EPOCH 18 (65.065 seconds):
2017-05-04 18:07:40,823 INFO: 	Average L2 norm of relation vector: 0.03389
2017-05-04 18:07:40,824 INFO: 	COST >> 0.017 +/- 0.001, % updates Left: 5.41%  Right: 4.64%
2017-05-04 18:08:52,191 INFO: ----------------------------------------------------------------------------
2017-05-04 18:08:52,192 INFO: EPOCH 19 (71.368 seconds):
2017-05-04 18:08:52,195 INFO: 	Average L2 norm of relation vector: 0.03386
2017-05-04 18:08:52,197 INFO: 	COST >> 0.017 +/- 0.001, % updates Left: 5.22%  Right: 4.44%
2017-05-04 18:10:40,870 INFO: ----------------------------------------------------------------------------
2017-05-04 18:10:40,870 INFO: EPOCH 20 (108.673 seconds):
2017-05-04 18:10:40,873 INFO: 	Average L2 norm of relation vector: 0.03382
2017-05-04 18:10:40,874 INFO: 	COST >> 0.016 +/- 0.001, % updates Left: 5.01%  Right: 4.35%
2017-05-04 18:10:40,875 INFO: 	FilteredRanking: evaluating rank on 1000 triples
2017-05-04 18:13:19,182 INFO: 	FilteredRanking: evaluating rank on 1000 triples
2017-05-04 18:15:37,047 INFO: 	MEAN RANK >> valid: 286.5, train: 149.5
2017-05-04 18:15:37,049 INFO: 		MEAN RANK TRAIN: Left: 163.1 Rel: 0.0 Right: 135.9
2017-05-04 18:15:37,051 INFO: 		MEAN RANK VALID: Left: 321.3 Rel: 0.0 Right: 251.7
2017-05-04 18:15:37,052 INFO: 		MEAN RECIPROCAL RANK VALID (L & R): 0.124
2017-05-04 18:15:37,052 INFO: 	FilteredRanking: evaluating rank on 1000 triples
2017-05-04 18:17:53,638 INFO: 	NEW BEST TEST MR: 282.8
2017-05-04 18:17:53,641 INFO: 		Left MR: 280.9 Rel MR: 0.0 Right MR: 284.7
2017-05-04 18:17:53,807 INFO: 	(ranking took 432.932 seconds)
2017-05-04 18:19:46,487 INFO: ----------------------------------------------------------------------------
2017-05-04 18:19:46,487 INFO: EPOCH 21 (112.679 seconds):
2017-05-04 18:19:46,490 INFO: 	Average L2 norm of relation vector: 0.03377
2017-05-04 18:19:46,491 INFO: 	COST >> 0.016 +/- 0.001, % updates Left: 4.9%  Right: 4.17%
2017-05-04 18:21:23,008 INFO: ----------------------------------------------------------------------------
2017-05-04 18:21:23,009 INFO: EPOCH 22 (96.518 seconds):
2017-05-04 18:21:23,014 INFO: 	Average L2 norm of relation vector: 0.03372
2017-05-04 18:21:23,016 INFO: 	COST >> 0.015 +/- 0.001, % updates Left: 4.74%  Right: 4.05%
2017-05-04 18:23:06,293 INFO: ----------------------------------------------------------------------------
2017-05-04 18:23:06,294 INFO: EPOCH 23 (103.277 seconds):
2017-05-04 18:23:06,298 INFO: 	Average L2 norm of relation vector: 0.03366
2017-05-04 18:23:06,299 INFO: 	COST >> 0.015 +/- 0.001, % updates Left: 4.66%  Right: 3.91%
2017-05-04 18:25:14,060 INFO: ----------------------------------------------------------------------------
2017-05-04 18:25:14,061 INFO: EPOCH 24 (127.762 seconds):
2017-05-04 18:25:14,064 INFO: 	Average L2 norm of relation vector: 0.03361
2017-05-04 18:25:14,065 INFO: 	COST >> 0.014 +/- 0.001, % updates Left: 4.41%  Right: 3.83%
2017-05-04 18:26:48,817 INFO: ----------------------------------------------------------------------------
2017-05-04 18:26:48,819 INFO: EPOCH 25 (94.753 seconds):
2017-05-04 18:26:48,823 INFO: 	Average L2 norm of relation vector: 0.03354
2017-05-04 18:26:48,826 INFO: 	COST >> 0.014 +/- 0.001, % updates Left: 4.35%  Right: 3.74%
2017-05-04 18:28:35,183 INFO: ----------------------------------------------------------------------------
2017-05-04 18:28:35,184 INFO: EPOCH 26 (106.358 seconds):
2017-05-04 18:28:35,187 INFO: 	Average L2 norm of relation vector: 0.03347
2017-05-04 18:28:35,188 INFO: 	COST >> 0.014 +/- 0.001, % updates Left: 4.27%  Right: 3.67%
2017-05-04 18:30:04,168 INFO: ----------------------------------------------------------------------------
2017-05-04 18:30:04,169 INFO: EPOCH 27 (88.981 seconds):
2017-05-04 18:30:04,172 INFO: 	Average L2 norm of relation vector: 0.03341
2017-05-04 18:30:04,173 INFO: 	COST >> 0.014 +/- 0.001, % updates Left: 4.15%  Right: 3.57%
2017-05-04 18:32:24,921 INFO: ----------------------------------------------------------------------------
2017-05-04 18:32:24,922 INFO: EPOCH 28 (140.748 seconds):
2017-05-04 18:32:24,925 INFO: 	Average L2 norm of relation vector: 0.03334
2017-05-04 18:32:24,926 INFO: 	COST >> 0.013 +/- 0.001, % updates Left: 4.07%  Right: 3.45%
2017-05-04 18:34:31,299 INFO: ----------------------------------------------------------------------------
2017-05-04 18:34:31,300 INFO: EPOCH 29 (126.373 seconds):
2017-05-04 18:34:31,305 INFO: 	Average L2 norm of relation vector: 0.03327
2017-05-04 18:34:31,307 INFO: 	COST >> 0.013 +/- 0.001, % updates Left: 3.99%  Right: 3.39%
2017-05-04 18:36:52,786 INFO: ----------------------------------------------------------------------------
2017-05-04 18:36:52,787 INFO: EPOCH 30 (141.479 seconds):
2017-05-04 18:36:52,792 INFO: 	Average L2 norm of relation vector: 0.0332
2017-05-04 18:36:52,794 INFO: 	COST >> 0.013 +/- 0.001, % updates Left: 3.91%  Right: 3.28%
2017-05-04 18:36:52,796 INFO: 	FilteredRanking: evaluating rank on 1000 triples
2017-05-04 18:40:10,056 INFO: 	FilteredRanking: evaluating rank on 1000 triples
2017-05-04 18:43:35,930 INFO: 	MEAN RANK >> valid: 242.1, train: 104.9
2017-05-04 18:43:35,931 INFO: 		MEAN RANK TRAIN: Left: 114.8 Rel: 0.0 Right: 95.0
2017-05-04 18:43:35,933 INFO: 		MEAN RANK VALID: Left: 276.4 Rel: 0.0 Right: 207.7
2017-05-04 18:43:35,935 INFO: 		MEAN RECIPROCAL RANK VALID (L & R): 0.1425
2017-05-04 18:43:35,936 INFO: 	FilteredRanking: evaluating rank on 1000 triples
