2017-03-20 20:41:00,564 INFO: logger initialized for experiment identifier: BilinearDiag_Dot_ndim_100_marg_1.5_lrate_0.01_cost_margincost_pos_high_reg_0.01
2017-03-20 20:41:00,565 INFO: identifier: BilinearDiag_Dot_ndim_100_marg_1.5_lrate_0.01_cost_margincost_pos_high_reg_0.01
2017-03-20 20:41:00,565 INFO: models saved to path: /home/ubuntu/Thesis_code/KBC_Text/outputs/FB15k_BilinearDiag/
2017-03-20 20:41:00,566 INFO: DD{'ndim': 100, 'test_all': 10, 'Nsyn_rel': 1345, 'totepochs': 500, 'bestvalidMRR': -1, 'loadmodel': False, 'lremb': 0.01, 'nvalid': 1000, 'seed': 123, 'marge': 1.5, 'margincostfunction': 'margincost_pos_high', 'simfn': 'Dot', 'savepath': '/home/ubuntu/Thesis_code/KBC_Text/outputs/FB15k_BilinearDiag/BilinearDiag_Dot_ndim_100_marg_1.5_lrate_0.01_cost_margincost_pos_high_reg_0.01', 'dataset': 'FB15k', 'nbatches': 100, 'identifier': 'BilinearDiag_Dot_ndim_100_marg_1.5_lrate_0.01_cost_margincost_pos_high_reg_0.01', 'lrparam': 0.01, 'loademb': False, 'datapath': '/home/ubuntu/Thesis_code/KBC_Text/data/', 'ntrain': 1000, 'Nrel': 1345, 'experiment_type': 'FB15kexp', 'rel': False, 'Nent': 16296, 'logger': <logging.RootLogger object at 0x7f56f31fb690>, 'ntest': 1000, 'Nsyn': 14951, 'reg': 0.01, 'op': 'BilinearDiag'}
2017-03-20 20:41:03,477 DEBUG: FB15kexp: load_FB15k_data(): trainl(16296, 483142), trainr(16296, 483142), traino(1345, 483142), trainlidx(1000,)
2017-03-20 20:41:06,608 DEBUG: loaded data and constructed model...
2017-03-20 20:41:06,609 DEBUG: num epochs: 500
2017-03-20 20:41:06,609 DEBUG: num batches per epoch: 100
2017-03-20 20:41:06,609 DEBUG: batchsize: 4831
2017-03-20 20:41:06,609 DEBUG: left and right entity ranking functions will rank a slot against 14951 competitors
2017-03-20 20:41:06,609 INFO: BEGIN TRAINING
2017-03-20 20:41:58,776 INFO: ----------------------------------------------------------------------------
2017-03-20 20:41:58,777 INFO: EPOCH 1 (52.167 seconds):
2017-03-20 20:41:58,800 INFO: 	Average L2 norm of relation vector: 0.0268
2017-03-20 20:41:58,801 INFO: 	COST >> 3.002 +/- 0.0, % updates Left: 100.0%  Right: 100.0%
2017-03-20 20:42:51,747 INFO: ----------------------------------------------------------------------------
2017-03-20 20:42:51,747 INFO: EPOCH 2 (52.946 seconds):
2017-03-20 20:42:51,749 INFO: 	Average L2 norm of relation vector: 0.02657
2017-03-20 20:42:51,750 INFO: 	COST >> 3.0 +/- 0.001, % updates Left: 100.0%  Right: 100.0%
2017-03-20 20:43:46,468 INFO: ----------------------------------------------------------------------------
2017-03-20 20:43:46,469 INFO: EPOCH 3 (54.718 seconds):
2017-03-20 20:43:46,471 INFO: 	Average L2 norm of relation vector: 0.02811
2017-03-20 20:43:46,471 INFO: 	COST >> 2.949 +/- 0.036, % updates Left: 98.9%  Right: 98.88%
2017-03-20 20:44:37,880 INFO: ----------------------------------------------------------------------------
2017-03-20 20:44:37,881 INFO: EPOCH 4 (51.409 seconds):
2017-03-20 20:44:37,883 INFO: 	Average L2 norm of relation vector: 0.0315
2017-03-20 20:44:37,884 INFO: 	COST >> 2.814 +/- 0.069, % updates Left: 95.15%  Right: 95.1%
2017-03-20 20:45:28,359 INFO: ----------------------------------------------------------------------------
2017-03-20 20:45:28,360 INFO: EPOCH 5 (50.475 seconds):
2017-03-20 20:45:28,362 INFO: 	Average L2 norm of relation vector: 0.04251
2017-03-20 20:45:28,363 INFO: 	COST >> 2.337 +/- 0.225, % updates Left: 83.08%  Right: 83.06%
2017-03-20 20:46:29,126 INFO: ----------------------------------------------------------------------------
2017-03-20 20:46:29,140 INFO: EPOCH 6 (60.777 seconds):
2017-03-20 20:46:29,143 INFO: 	Average L2 norm of relation vector: 0.05623
2017-03-20 20:46:29,143 INFO: 	COST >> 1.427 +/- 0.237, % updates Left: 56.21%  Right: 56.32%
2017-03-20 20:48:06,353 INFO: ----------------------------------------------------------------------------
2017-03-20 20:48:06,353 INFO: EPOCH 7 (97.21 seconds):
2017-03-20 20:48:06,356 INFO: 	Average L2 norm of relation vector: 0.06556
2017-03-20 20:48:06,356 INFO: 	COST >> 0.916 +/- 0.083, % updates Left: 38.0%  Right: 38.08%
2017-03-20 20:50:12,888 INFO: ----------------------------------------------------------------------------
2017-03-20 20:50:12,900 INFO: EPOCH 8 (126.543 seconds):
2017-03-20 20:50:12,902 INFO: 	Average L2 norm of relation vector: 0.07251
2017-03-20 20:50:12,903 INFO: 	COST >> 0.703 +/- 0.04, % updates Left: 30.06%  Right: 29.93%
2017-03-20 20:52:07,424 INFO: ----------------------------------------------------------------------------
2017-03-20 20:52:07,436 INFO: EPOCH 9 (114.533 seconds):
2017-03-20 20:52:07,439 INFO: 	Average L2 norm of relation vector: 0.07785
2017-03-20 20:52:07,440 INFO: 	COST >> 0.595 +/- 0.02, % updates Left: 25.64%  Right: 25.44%
2017-03-20 20:53:55,391 INFO: ----------------------------------------------------------------------------
2017-03-20 20:53:55,392 INFO: EPOCH 10 (107.951 seconds):
2017-03-20 20:53:55,394 INFO: 	Average L2 norm of relation vector: 0.08207
2017-03-20 20:53:55,395 INFO: 	COST >> 0.537 +/- 0.014, % updates Left: 23.05%  Right: 22.75%
2017-03-20 20:53:55,396 INFO: 	FilteredRanking: evaluating rank on 1000 triples
2017-03-20 20:56:33,669 INFO: 	FilteredRanking: evaluating rank on 1000 triples
2017-03-20 20:59:26,058 INFO: 	MEAN RANK >> valid: 937.9, train: 763.4
2017-03-20 20:59:26,059 INFO: 		MEAN RANK TRAIN: Left: 809.3 Rel: 0.0 Right: 717.4
2017-03-20 20:59:26,060 INFO: 		MEAN RANK VALID: Left: 974.3 Rel: 0.0 Right: 901.5
2017-03-20 20:59:26,060 INFO: 		MEAN RECIPROCAL RANK VALID (L & R): 0.033
2017-03-20 20:59:26,060 INFO: 	FilteredRanking: evaluating rank on 1000 triples
2017-03-20 21:02:23,907 INFO: 	NEW BEST TEST MR: 913.3
2017-03-20 21:02:23,909 INFO: 		Left MR: 939.8 Rel MR: 0.0 Right MR: 886.7
2017-03-20 21:02:24,067 INFO: 	(ranking took 508.672 seconds)
2017-03-20 21:04:09,063 INFO: ----------------------------------------------------------------------------
2017-03-20 21:04:09,064 INFO: EPOCH 11 (104.996 seconds):
2017-03-20 21:04:09,066 INFO: 	Average L2 norm of relation vector: 0.08553
2017-03-20 21:04:09,067 INFO: 	COST >> 0.506 +/- 0.015, % updates Left: 21.61%  Right: 21.06%
2017-03-20 21:07:22,558 INFO: ----------------------------------------------------------------------------
2017-03-20 21:07:22,558 INFO: EPOCH 12 (193.491 seconds):
2017-03-20 21:07:22,561 INFO: 	Average L2 norm of relation vector: 0.08855
2017-03-20 21:07:22,573 INFO: 	COST >> 0.484 +/- 0.014, % updates Left: 20.56%  Right: 20.13%
2017-03-20 21:09:03,218 INFO: ----------------------------------------------------------------------------
2017-03-20 21:09:03,218 INFO: EPOCH 13 (100.645 seconds):
2017-03-20 21:09:03,220 INFO: 	Average L2 norm of relation vector: 0.09132
2017-03-20 21:09:03,221 INFO: 	COST >> 0.466 +/- 0.015, % updates Left: 19.9%  Right: 19.34%
2017-03-20 21:11:39,666 INFO: ----------------------------------------------------------------------------
2017-03-20 21:11:39,667 INFO: EPOCH 14 (156.445 seconds):
2017-03-20 21:11:39,669 INFO: 	Average L2 norm of relation vector: 0.09405
2017-03-20 21:11:39,685 INFO: 	COST >> 0.438 +/- 0.013, % updates Left: 19.07%  Right: 18.58%
2017-03-20 21:13:19,668 INFO: ----------------------------------------------------------------------------
2017-03-20 21:13:19,668 INFO: EPOCH 15 (99.983 seconds):
2017-03-20 21:13:19,671 INFO: 	Average L2 norm of relation vector: 0.09658
2017-03-20 21:13:19,671 INFO: 	COST >> 0.408 +/- 0.012, % updates Left: 17.98%  Right: 17.48%
2017-03-20 21:15:04,310 INFO: ----------------------------------------------------------------------------
2017-03-20 21:15:04,320 INFO: EPOCH 16 (104.648 seconds):
2017-03-20 21:15:04,324 INFO: 	Average L2 norm of relation vector: 0.09884
2017-03-20 21:15:04,325 INFO: 	COST >> 0.386 +/- 0.012, % updates Left: 17.05%  Right: 16.55%
2017-03-20 21:16:48,278 INFO: ----------------------------------------------------------------------------
2017-03-20 21:16:48,279 INFO: EPOCH 17 (103.954 seconds):
2017-03-20 21:16:48,281 INFO: 	Average L2 norm of relation vector: 0.10089
2017-03-20 21:16:48,293 INFO: 	COST >> 0.369 +/- 0.011, % updates Left: 16.35%  Right: 15.86%
2017-03-20 21:18:33,982 INFO: ----------------------------------------------------------------------------
2017-03-20 21:18:33,983 INFO: EPOCH 18 (105.69 seconds):
2017-03-20 21:18:33,985 INFO: 	Average L2 norm of relation vector: 0.10278
2017-03-20 21:18:33,986 INFO: 	COST >> 0.356 +/- 0.011, % updates Left: 15.73%  Right: 15.35%
2017-03-20 21:20:19,472 INFO: ----------------------------------------------------------------------------
2017-03-20 21:20:19,473 INFO: EPOCH 19 (105.487 seconds):
2017-03-20 21:20:19,475 INFO: 	Average L2 norm of relation vector: 0.1045
2017-03-20 21:20:19,476 INFO: 	COST >> 0.345 +/- 0.011, % updates Left: 15.33%  Right: 14.8%
2017-03-20 21:22:01,066 INFO: ----------------------------------------------------------------------------
2017-03-20 21:22:01,067 INFO: EPOCH 20 (101.59 seconds):
2017-03-20 21:22:01,069 INFO: 	Average L2 norm of relation vector: 0.10607
2017-03-20 21:22:01,070 INFO: 	COST >> 0.335 +/- 0.01, % updates Left: 14.92%  Right: 14.3%
2017-03-20 21:22:01,070 INFO: 	FilteredRanking: evaluating rank on 1000 triples
2017-03-20 21:24:40,257 INFO: 	FilteredRanking: evaluating rank on 1000 triples
2017-03-20 21:27:39,005 INFO: 	MEAN RANK >> valid: 540.9, train: 417.8
2017-03-20 21:27:39,006 INFO: 		MEAN RANK TRAIN: Left: 454.6 Rel: 0.0 Right: 381.1
2017-03-20 21:27:39,007 INFO: 		MEAN RANK VALID: Left: 573.2 Rel: 0.0 Right: 508.7
2017-03-20 21:27:39,007 INFO: 		MEAN RECIPROCAL RANK VALID (L & R): 0.037
2017-03-20 21:27:39,008 INFO: 	FilteredRanking: evaluating rank on 1000 triples
2017-03-20 21:30:10,924 INFO: 	NEW BEST TEST MR: 517.9
2017-03-20 21:30:10,926 INFO: 		Left MR: 558.2 Rel MR: 0.0 Right MR: 477.6
2017-03-20 21:30:11,257 INFO: 	(ranking took 490.187 seconds)
2017-03-20 21:33:26,196 INFO: ----------------------------------------------------------------------------
2017-03-20 21:33:26,197 INFO: EPOCH 21 (194.939 seconds):
2017-03-20 21:33:26,199 INFO: 	Average L2 norm of relation vector: 0.10752
2017-03-20 21:33:26,201 INFO: 	COST >> 0.327 +/- 0.01, % updates Left: 14.49%  Right: 13.98%
2017-03-20 21:35:12,403 INFO: ----------------------------------------------------------------------------
2017-03-20 21:35:12,403 INFO: EPOCH 22 (106.202 seconds):
2017-03-20 21:35:12,406 INFO: 	Average L2 norm of relation vector: 0.10887
2017-03-20 21:35:12,407 INFO: 	COST >> 0.317 +/- 0.009, % updates Left: 14.18%  Right: 13.55%
2017-03-20 21:36:53,348 INFO: ----------------------------------------------------------------------------
2017-03-20 21:36:53,361 INFO: EPOCH 23 (100.953 seconds):
2017-03-20 21:36:53,364 INFO: 	Average L2 norm of relation vector: 0.1101
2017-03-20 21:36:53,377 INFO: 	COST >> 0.309 +/- 0.01, % updates Left: 13.73%  Right: 13.19%
2017-03-20 21:38:37,752 INFO: ----------------------------------------------------------------------------
2017-03-20 21:38:37,753 INFO: EPOCH 24 (104.375 seconds):
2017-03-20 21:38:37,755 INFO: 	Average L2 norm of relation vector: 0.11122
2017-03-20 21:38:37,755 INFO: 	COST >> 0.304 +/- 0.009, % updates Left: 13.46%  Right: 12.93%
2017-03-20 21:41:31,551 INFO: ----------------------------------------------------------------------------
2017-03-20 21:41:31,564 INFO: EPOCH 25 (173.809 seconds):
2017-03-20 21:41:31,566 INFO: 	Average L2 norm of relation vector: 0.11224
2017-03-20 21:41:31,567 INFO: 	COST >> 0.296 +/- 0.008, % updates Left: 13.07%  Right: 12.59%
2017-03-20 21:44:02,339 INFO: ----------------------------------------------------------------------------
2017-03-20 21:44:02,340 INFO: EPOCH 26 (150.772 seconds):
2017-03-20 21:44:02,342 INFO: 	Average L2 norm of relation vector: 0.11317
2017-03-20 21:44:02,343 INFO: 	COST >> 0.293 +/- 0.008, % updates Left: 12.91%  Right: 12.43%
2017-03-20 21:46:09,568 INFO: ----------------------------------------------------------------------------
2017-03-20 21:46:09,569 INFO: EPOCH 27 (127.225 seconds):
2017-03-20 21:46:09,571 INFO: 	Average L2 norm of relation vector: 0.11407
2017-03-20 21:46:09,585 INFO: 	COST >> 0.288 +/- 0.01, % updates Left: 12.73%  Right: 12.24%
2017-03-20 21:48:37,833 INFO: ----------------------------------------------------------------------------
2017-03-20 21:48:37,834 INFO: EPOCH 28 (148.249 seconds):
2017-03-20 21:48:37,837 INFO: 	Average L2 norm of relation vector: 0.11492
2017-03-20 21:48:37,839 INFO: 	COST >> 0.283 +/- 0.008, % updates Left: 12.57%  Right: 11.98%
2017-03-20 21:50:29,698 INFO: ----------------------------------------------------------------------------
2017-03-20 21:50:29,698 INFO: EPOCH 29 (111.859 seconds):
2017-03-20 21:50:29,700 INFO: 	Average L2 norm of relation vector: 0.11567
2017-03-20 21:50:29,701 INFO: 	COST >> 0.281 +/- 0.009, % updates Left: 12.38%  Right: 11.83%
2017-03-20 21:52:54,522 INFO: ----------------------------------------------------------------------------
2017-03-20 21:52:54,522 INFO: EPOCH 30 (144.821 seconds):
2017-03-20 21:52:54,524 INFO: 	Average L2 norm of relation vector: 0.11638
2017-03-20 21:52:54,525 INFO: 	COST >> 0.277 +/- 0.009, % updates Left: 12.23%  Right: 11.65%
2017-03-20 21:52:54,526 INFO: 	FilteredRanking: evaluating rank on 1000 triples
2017-03-20 21:55:37,971 INFO: 	FilteredRanking: evaluating rank on 1000 triples
2017-03-20 21:58:28,138 INFO: 	MEAN RANK >> valid: 414.2, train: 328.1
2017-03-20 21:58:28,149 INFO: 		MEAN RANK TRAIN: Left: 337.0 Rel: 0.0 Right: 319.1
2017-03-20 21:58:28,150 INFO: 		MEAN RANK VALID: Left: 433.9 Rel: 0.0 Right: 394.6
2017-03-20 21:58:28,150 INFO: 		MEAN RECIPROCAL RANK VALID (L & R): 0.0455
2017-03-20 21:58:28,151 INFO: 	FilteredRanking: evaluating rank on 1000 triples
2017-03-20 22:01:26,532 INFO: 	NEW BEST TEST MR: 406.9
2017-03-20 22:01:26,533 INFO: 		Left MR: 441.6 Rel MR: 0.0 Right MR: 372.2
2017-03-20 22:01:26,618 INFO: 	(ranking took 512.092 seconds)
2017-03-20 22:03:04,253 INFO: ----------------------------------------------------------------------------
2017-03-20 22:03:04,301 INFO: EPOCH 31 (97.683 seconds):
2017-03-20 22:03:04,303 INFO: 	Average L2 norm of relation vector: 0.11706
2017-03-20 22:03:04,303 INFO: 	COST >> 0.276 +/- 0.01, % updates Left: 12.17%  Right: 11.57%
2017-03-20 22:04:57,304 INFO: ----------------------------------------------------------------------------
2017-03-20 22:04:57,304 INFO: EPOCH 32 (113.001 seconds):
2017-03-20 22:04:57,306 INFO: 	Average L2 norm of relation vector: 0.11764
2017-03-20 22:04:57,307 INFO: 	COST >> 0.272 +/- 0.008, % updates Left: 11.99%  Right: 11.31%
2017-03-20 22:06:43,225 INFO: ----------------------------------------------------------------------------
2017-03-20 22:06:43,225 INFO: EPOCH 33 (105.918 seconds):
2017-03-20 22:06:43,227 INFO: 	Average L2 norm of relation vector: 0.1182
2017-03-20 22:06:43,228 INFO: 	COST >> 0.272 +/- 0.009, % updates Left: 11.92%  Right: 11.28%
2017-03-20 22:08:43,259 INFO: ----------------------------------------------------------------------------
2017-03-20 22:08:43,272 INFO: EPOCH 34 (120.043 seconds):
2017-03-20 22:08:43,274 INFO: 	Average L2 norm of relation vector: 0.11871
2017-03-20 22:08:43,275 INFO: 	COST >> 0.269 +/- 0.008, % updates Left: 11.78%  Right: 11.14%
2017-03-20 22:11:17,126 INFO: ----------------------------------------------------------------------------
2017-03-20 22:11:17,136 INFO: EPOCH 35 (153.861 seconds):
2017-03-20 22:11:17,138 INFO: 	Average L2 norm of relation vector: 0.11919
2017-03-20 22:11:17,139 INFO: 	COST >> 0.267 +/- 0.009, % updates Left: 11.63%  Right: 11.16%
2017-03-20 22:13:23,575 INFO: ----------------------------------------------------------------------------
2017-03-20 22:13:23,576 INFO: EPOCH 36 (126.436 seconds):
2017-03-20 22:13:23,578 INFO: 	Average L2 norm of relation vector: 0.11966
2017-03-20 22:13:23,579 INFO: 	COST >> 0.265 +/- 0.008, % updates Left: 11.62%  Right: 10.95%
2017-03-20 22:15:16,874 INFO: ----------------------------------------------------------------------------
2017-03-20 22:15:16,874 INFO: EPOCH 37 (113.295 seconds):
2017-03-20 22:15:16,877 INFO: 	Average L2 norm of relation vector: 0.12006
2017-03-20 22:15:16,878 INFO: 	COST >> 0.264 +/- 0.009, % updates Left: 11.53%  Right: 10.88%
2017-03-20 22:17:00,431 INFO: ----------------------------------------------------------------------------
2017-03-20 22:17:00,432 INFO: EPOCH 38 (103.554 seconds):
2017-03-20 22:17:00,434 INFO: 	Average L2 norm of relation vector: 0.12046
2017-03-20 22:17:00,435 INFO: 	COST >> 0.262 +/- 0.009, % updates Left: 11.44%  Right: 10.8%
2017-03-20 22:18:49,671 INFO: ----------------------------------------------------------------------------
2017-03-20 22:18:49,684 INFO: EPOCH 39 (109.249 seconds):
2017-03-20 22:18:49,687 INFO: 	Average L2 norm of relation vector: 0.1208
2017-03-20 22:18:49,688 INFO: 	COST >> 0.262 +/- 0.007, % updates Left: 11.36%  Right: 10.78%
2017-03-20 22:21:00,906 INFO: ----------------------------------------------------------------------------
2017-03-20 22:21:00,907 INFO: EPOCH 40 (131.219 seconds):
2017-03-20 22:21:00,909 INFO: 	Average L2 norm of relation vector: 0.12116
2017-03-20 22:21:00,910 INFO: 	COST >> 0.26 +/- 0.009, % updates Left: 11.3%  Right: 10.78%
2017-03-20 22:21:00,910 INFO: 	FilteredRanking: evaluating rank on 1000 triples
2017-03-20 22:23:37,159 INFO: 	FilteredRanking: evaluating rank on 1000 triples
2017-03-20 22:26:12,161 INFO: 	MEAN RANK >> valid: 382.6, train: 297.5
2017-03-20 22:26:12,173 INFO: 		MEAN RANK TRAIN: Left: 310.2 Rel: 0.0 Right: 284.7
2017-03-20 22:26:12,174 INFO: 		MEAN RANK VALID: Left: 411.4 Rel: 0.0 Right: 353.8
2017-03-20 22:26:12,174 INFO: 		MEAN RECIPROCAL RANK VALID (L & R): 0.0455
2017-03-20 22:26:12,174 WARNING: 	WARNING, failed to improve MRR on valid, 2 chances left

2017-03-20 22:26:12,324 INFO: 	(ranking took 311.414 seconds)
2017-03-20 22:28:24,281 INFO: ----------------------------------------------------------------------------
2017-03-20 22:28:24,282 INFO: EPOCH 41 (131.957 seconds):
2017-03-20 22:28:24,284 INFO: 	Average L2 norm of relation vector: 0.12149
2017-03-20 22:28:24,286 INFO: 	COST >> 0.26 +/- 0.009, % updates Left: 11.32%  Right: 10.64%
2017-03-20 22:31:07,228 INFO: ----------------------------------------------------------------------------
2017-03-20 22:31:07,229 INFO: EPOCH 42 (162.943 seconds):
2017-03-20 22:31:07,231 INFO: 	Average L2 norm of relation vector: 0.1218
2017-03-20 22:31:07,232 INFO: 	COST >> 0.258 +/- 0.008, % updates Left: 11.19%  Right: 10.64%
2017-03-20 22:33:21,796 INFO: ----------------------------------------------------------------------------
2017-03-20 22:33:21,808 INFO: EPOCH 43 (134.564 seconds):
2017-03-20 22:33:21,810 INFO: 	Average L2 norm of relation vector: 0.1221
2017-03-20 22:33:21,811 INFO: 	COST >> 0.257 +/- 0.008, % updates Left: 11.22%  Right: 10.53%
2017-03-20 22:34:55,273 INFO: ----------------------------------------------------------------------------
2017-03-20 22:34:55,273 INFO: EPOCH 44 (93.462 seconds):
2017-03-20 22:34:55,275 INFO: 	Average L2 norm of relation vector: 0.12237
2017-03-20 22:34:55,289 INFO: 	COST >> 0.257 +/- 0.008, % updates Left: 11.16%  Right: 10.51%
2017-03-20 22:36:43,095 INFO: ----------------------------------------------------------------------------
2017-03-20 22:36:43,096 INFO: EPOCH 45 (107.807 seconds):
2017-03-20 22:36:43,099 INFO: 	Average L2 norm of relation vector: 0.12261
2017-03-20 22:36:43,100 INFO: 	COST >> 0.254 +/- 0.009, % updates Left: 11.03%  Right: 10.39%
2017-03-20 22:38:38,544 INFO: ----------------------------------------------------------------------------
2017-03-20 22:38:38,544 INFO: EPOCH 46 (115.444 seconds):
2017-03-20 22:38:38,547 INFO: 	Average L2 norm of relation vector: 0.12285
2017-03-20 22:38:38,547 INFO: 	COST >> 0.254 +/- 0.008, % updates Left: 11.02%  Right: 10.43%
2017-03-20 22:40:27,806 INFO: ----------------------------------------------------------------------------
2017-03-20 22:40:27,807 INFO: EPOCH 47 (109.259 seconds):
2017-03-20 22:40:27,810 INFO: 	Average L2 norm of relation vector: 0.12309
2017-03-20 22:40:27,821 INFO: 	COST >> 0.254 +/- 0.009, % updates Left: 11.01%  Right: 10.43%
2017-03-20 22:42:17,298 INFO: ----------------------------------------------------------------------------
2017-03-20 22:42:17,308 INFO: EPOCH 48 (109.487 seconds):
2017-03-20 22:42:17,323 INFO: 	Average L2 norm of relation vector: 0.1233
2017-03-20 22:42:17,324 INFO: 	COST >> 0.253 +/- 0.009, % updates Left: 10.95%  Right: 10.31%
2017-03-20 22:44:26,584 INFO: ----------------------------------------------------------------------------
2017-03-20 22:44:26,585 INFO: EPOCH 49 (129.261 seconds):
2017-03-20 22:44:26,590 INFO: 	Average L2 norm of relation vector: 0.12349
2017-03-20 22:44:26,597 INFO: 	COST >> 0.253 +/- 0.009, % updates Left: 10.98%  Right: 10.24%
2017-03-20 22:46:40,806 INFO: ----------------------------------------------------------------------------
2017-03-20 22:46:40,816 INFO: EPOCH 50 (134.218 seconds):
2017-03-20 22:46:40,819 INFO: 	Average L2 norm of relation vector: 0.12368
2017-03-20 22:46:40,820 INFO: 	COST >> 0.252 +/- 0.008, % updates Left: 10.95%  Right: 10.26%
2017-03-20 22:46:40,821 INFO: 	FilteredRanking: evaluating rank on 1000 triples
2017-03-20 22:49:13,644 INFO: 	FilteredRanking: evaluating rank on 1000 triples
2017-03-20 22:51:50,777 INFO: 	MEAN RANK >> valid: 358.2, train: 271.9
2017-03-20 22:51:50,778 INFO: 		MEAN RANK TRAIN: Left: 279.4 Rel: 0.0 Right: 264.5
2017-03-20 22:51:50,779 INFO: 		MEAN RANK VALID: Left: 375.1 Rel: 0.0 Right: 341.3
2017-03-20 22:51:50,779 INFO: 		MEAN RECIPROCAL RANK VALID (L & R): 0.0495
2017-03-20 22:51:50,779 INFO: 	FilteredRanking: evaluating rank on 1000 triples
2017-03-20 22:54:43,710 INFO: 	NEW BEST TEST MR: 346.8
2017-03-20 22:54:43,711 INFO: 		Left MR: 379.7 Rel MR: 0.0 Right MR: 313.8
2017-03-20 22:54:44,089 INFO: 	(ranking took 483.268 seconds)
2017-03-20 22:56:24,901 INFO: ----------------------------------------------------------------------------
2017-03-20 22:56:24,912 INFO: EPOCH 51 (100.823 seconds):
2017-03-20 22:56:24,918 INFO: 	Average L2 norm of relation vector: 0.12386
2017-03-20 22:56:24,919 INFO: 	COST >> 0.25 +/- 0.009, % updates Left: 10.84%  Right: 10.21%
2017-03-20 22:58:13,371 INFO: ----------------------------------------------------------------------------
2017-03-20 22:58:13,371 INFO: EPOCH 52 (108.452 seconds):
2017-03-20 22:58:13,373 INFO: 	Average L2 norm of relation vector: 0.12404
2017-03-20 22:58:13,389 INFO: 	COST >> 0.249 +/- 0.008, % updates Left: 10.82%  Right: 10.16%
2017-03-20 22:59:57,661 INFO: ----------------------------------------------------------------------------
2017-03-20 22:59:57,662 INFO: EPOCH 53 (104.273 seconds):
2017-03-20 22:59:57,665 INFO: 	Average L2 norm of relation vector: 0.12424
2017-03-20 22:59:57,677 INFO: 	COST >> 0.247 +/- 0.008, % updates Left: 10.8%  Right: 10.14%
2017-03-20 23:01:55,286 INFO: ----------------------------------------------------------------------------
2017-03-20 23:01:55,287 INFO: EPOCH 54 (117.61 seconds):
2017-03-20 23:01:55,289 INFO: 	Average L2 norm of relation vector: 0.12439
2017-03-20 23:01:55,290 INFO: 	COST >> 0.248 +/- 0.008, % updates Left: 10.74%  Right: 10.09%
2017-03-20 23:03:35,999 INFO: ----------------------------------------------------------------------------
2017-03-20 23:03:36,016 INFO: EPOCH 55 (100.726 seconds):
2017-03-20 23:03:36,018 INFO: 	Average L2 norm of relation vector: 0.12454
2017-03-20 23:03:36,029 INFO: 	COST >> 0.248 +/- 0.008, % updates Left: 10.8%  Right: 10.11%
2017-03-20 23:05:18,981 INFO: ----------------------------------------------------------------------------
2017-03-20 23:05:18,982 INFO: EPOCH 56 (102.942 seconds):
2017-03-20 23:05:18,984 INFO: 	Average L2 norm of relation vector: 0.1247
2017-03-20 23:05:18,985 INFO: 	COST >> 0.247 +/- 0.007, % updates Left: 10.74%  Right: 10.1%
2017-03-20 23:07:22,274 INFO: ----------------------------------------------------------------------------
2017-03-20 23:07:22,275 INFO: EPOCH 57 (123.29 seconds):
2017-03-20 23:07:22,277 INFO: 	Average L2 norm of relation vector: 0.12485
2017-03-20 23:07:22,278 INFO: 	COST >> 0.246 +/- 0.008, % updates Left: 10.63%  Right: 10.11%
2017-03-20 23:09:05,459 INFO: ----------------------------------------------------------------------------
2017-03-20 23:09:05,459 INFO: EPOCH 58 (103.181 seconds):
2017-03-20 23:09:05,463 INFO: 	Average L2 norm of relation vector: 0.12498
2017-03-20 23:09:05,464 INFO: 	COST >> 0.245 +/- 0.007, % updates Left: 10.63%  Right: 9.97%
2017-03-20 23:10:56,656 INFO: ----------------------------------------------------------------------------
2017-03-20 23:10:56,656 INFO: EPOCH 59 (111.192 seconds):
2017-03-20 23:10:56,659 INFO: 	Average L2 norm of relation vector: 0.12512
2017-03-20 23:10:56,660 INFO: 	COST >> 0.244 +/- 0.008, % updates Left: 10.6%  Right: 9.99%
2017-03-20 23:12:45,302 INFO: ----------------------------------------------------------------------------
2017-03-20 23:12:45,303 INFO: EPOCH 60 (108.643 seconds):
2017-03-20 23:12:45,305 INFO: 	Average L2 norm of relation vector: 0.12526
2017-03-20 23:12:45,306 INFO: 	COST >> 0.243 +/- 0.007, % updates Left: 10.63%  Right: 9.88%
2017-03-20 23:12:45,306 INFO: 	FilteredRanking: evaluating rank on 1000 triples
2017-03-20 23:15:07,216 INFO: 	FilteredRanking: evaluating rank on 1000 triples
2017-03-20 23:17:41,614 INFO: 	MEAN RANK >> valid: 347.6, train: 256.9
2017-03-20 23:17:41,615 INFO: 		MEAN RANK TRAIN: Left: 265.0 Rel: 0.0 Right: 248.7
2017-03-20 23:17:41,616 INFO: 		MEAN RANK VALID: Left: 369.4 Rel: 0.0 Right: 325.9
2017-03-20 23:17:41,616 INFO: 		MEAN RECIPROCAL RANK VALID (L & R): 0.0445
2017-03-20 23:17:41,616 WARNING: 	WARNING, failed to improve MRR on valid, 2 chances left

2017-03-20 23:17:41,738 INFO: 	(ranking took 296.432 seconds)
2017-03-20 23:19:17,405 INFO: ----------------------------------------------------------------------------
2017-03-20 23:19:17,406 INFO: EPOCH 61 (95.667 seconds):
2017-03-20 23:19:17,408 INFO: 	Average L2 norm of relation vector: 0.12538
2017-03-20 23:19:17,409 INFO: 	COST >> 0.244 +/- 0.008, % updates Left: 10.68%  Right: 9.91%
2017-03-20 23:20:44,039 INFO: ----------------------------------------------------------------------------
2017-03-20 23:20:44,040 INFO: EPOCH 62 (86.631 seconds):
2017-03-20 23:20:44,042 INFO: 	Average L2 norm of relation vector: 0.1255
2017-03-20 23:20:44,043 INFO: 	COST >> 0.242 +/- 0.009, % updates Left: 10.51%  Right: 9.92%
2017-03-20 23:22:20,406 INFO: ----------------------------------------------------------------------------
2017-03-20 23:22:20,416 INFO: EPOCH 63 (96.373 seconds):
2017-03-20 23:22:20,418 INFO: 	Average L2 norm of relation vector: 0.12563
2017-03-20 23:22:20,419 INFO: 	COST >> 0.243 +/- 0.008, % updates Left: 10.56%  Right: 9.94%
2017-03-20 23:24:44,346 INFO: ----------------------------------------------------------------------------
2017-03-20 23:24:44,347 INFO: EPOCH 64 (143.927 seconds):
2017-03-20 23:24:44,349 INFO: 	Average L2 norm of relation vector: 0.12571
2017-03-20 23:24:44,350 INFO: 	COST >> 0.242 +/- 0.008, % updates Left: 10.48%  Right: 9.84%
2017-03-20 23:26:28,975 INFO: ----------------------------------------------------------------------------
2017-03-20 23:26:28,988 INFO: EPOCH 65 (104.638 seconds):
2017-03-20 23:26:28,990 INFO: 	Average L2 norm of relation vector: 0.1258
2017-03-20 23:26:28,991 INFO: 	COST >> 0.242 +/- 0.008, % updates Left: 10.5%  Right: 9.81%
2017-03-20 23:28:22,220 INFO: ----------------------------------------------------------------------------
2017-03-20 23:28:22,221 INFO: EPOCH 66 (113.23 seconds):
2017-03-20 23:28:22,223 INFO: 	Average L2 norm of relation vector: 0.12591
2017-03-20 23:28:22,224 INFO: 	COST >> 0.241 +/- 0.008, % updates Left: 10.52%  Right: 9.85%
2017-03-20 23:30:08,237 INFO: ----------------------------------------------------------------------------
2017-03-20 23:30:08,248 INFO: EPOCH 67 (106.024 seconds):
2017-03-20 23:30:08,250 INFO: 	Average L2 norm of relation vector: 0.12601
2017-03-20 23:30:08,251 INFO: 	COST >> 0.24 +/- 0.008, % updates Left: 10.42%  Right: 9.82%
2017-03-20 23:32:19,062 INFO: ----------------------------------------------------------------------------
2017-03-20 23:32:19,063 INFO: EPOCH 68 (130.812 seconds):
2017-03-20 23:32:19,065 INFO: 	Average L2 norm of relation vector: 0.12612
2017-03-20 23:32:19,066 INFO: 	COST >> 0.24 +/- 0.008, % updates Left: 10.4%  Right: 9.86%
2017-03-20 23:34:23,771 INFO: ----------------------------------------------------------------------------
2017-03-20 23:34:23,784 INFO: EPOCH 69 (124.718 seconds):
2017-03-20 23:34:23,787 INFO: 	Average L2 norm of relation vector: 0.12619
2017-03-20 23:34:23,788 INFO: 	COST >> 0.238 +/- 0.007, % updates Left: 10.36%  Right: 9.74%
2017-03-20 23:36:04,363 INFO: ----------------------------------------------------------------------------
2017-03-20 23:36:04,364 INFO: EPOCH 70 (100.575 seconds):
2017-03-20 23:36:04,367 INFO: 	Average L2 norm of relation vector: 0.12627
2017-03-20 23:36:04,369 INFO: 	COST >> 0.239 +/- 0.008, % updates Left: 10.43%  Right: 9.71%
2017-03-20 23:36:04,369 INFO: 	FilteredRanking: evaluating rank on 1000 triples
2017-03-20 23:38:49,084 INFO: 	FilteredRanking: evaluating rank on 1000 triples
2017-03-20 23:41:20,622 INFO: 	MEAN RANK >> valid: 334.0, train: 248.5
2017-03-20 23:41:20,623 INFO: 		MEAN RANK TRAIN: Left: 257.5 Rel: 0.0 Right: 239.5
2017-03-20 23:41:20,623 INFO: 		MEAN RANK VALID: Left: 352.5 Rel: 0.0 Right: 315.5
2017-03-20 23:41:20,628 INFO: 		MEAN RECIPROCAL RANK VALID (L & R): 0.0525
2017-03-20 23:41:20,629 INFO: 	FilteredRanking: evaluating rank on 1000 triples
2017-03-20 23:44:04,854 INFO: 	NEW BEST TEST MR: 334.6
2017-03-20 23:44:04,865 INFO: 		Left MR: 364.6 Rel MR: 0.0 Right MR: 304.6
2017-03-20 23:44:04,991 INFO: 	(ranking took 480.622 seconds)
2017-03-20 23:45:49,802 INFO: ----------------------------------------------------------------------------
2017-03-20 23:45:49,802 INFO: EPOCH 71 (104.798 seconds):
2017-03-20 23:45:49,805 INFO: 	Average L2 norm of relation vector: 0.12635
2017-03-20 23:45:49,821 INFO: 	COST >> 0.239 +/- 0.007, % updates Left: 10.39%  Right: 9.76%
2017-03-20 23:47:32,604 INFO: ----------------------------------------------------------------------------
2017-03-20 23:47:32,605 INFO: EPOCH 72 (102.784 seconds):
2017-03-20 23:47:32,607 INFO: 	Average L2 norm of relation vector: 0.12642
2017-03-20 23:47:32,621 INFO: 	COST >> 0.237 +/- 0.008, % updates Left: 10.29%  Right: 9.72%
2017-03-20 23:49:19,375 INFO: ----------------------------------------------------------------------------
2017-03-20 23:49:19,388 INFO: EPOCH 73 (106.767 seconds):
2017-03-20 23:49:19,390 INFO: 	Average L2 norm of relation vector: 0.1265
2017-03-20 23:49:19,391 INFO: 	COST >> 0.239 +/- 0.007, % updates Left: 10.4%  Right: 9.75%
2017-03-20 23:50:52,706 INFO: ----------------------------------------------------------------------------
2017-03-20 23:50:52,716 INFO: EPOCH 74 (93.325 seconds):
2017-03-20 23:50:52,720 INFO: 	Average L2 norm of relation vector: 0.12659
2017-03-20 23:50:52,721 INFO: 	COST >> 0.237 +/- 0.008, % updates Left: 10.35%  Right: 9.72%
2017-03-20 23:52:26,867 INFO: ----------------------------------------------------------------------------
2017-03-20 23:52:26,880 INFO: EPOCH 75 (94.159 seconds):
2017-03-20 23:52:26,882 INFO: 	Average L2 norm of relation vector: 0.12667
2017-03-20 23:52:26,883 INFO: 	COST >> 0.239 +/- 0.008, % updates Left: 10.41%  Right: 9.75%
2017-03-20 23:54:04,021 INFO: ----------------------------------------------------------------------------
2017-03-20 23:54:04,022 INFO: EPOCH 76 (97.139 seconds):
2017-03-20 23:54:04,025 INFO: 	Average L2 norm of relation vector: 0.12673
2017-03-20 23:54:04,026 INFO: 	COST >> 0.237 +/- 0.008, % updates Left: 10.34%  Right: 9.64%
2017-03-20 23:56:08,329 INFO: ----------------------------------------------------------------------------
2017-03-20 23:56:08,330 INFO: EPOCH 77 (124.304 seconds):
2017-03-20 23:56:08,332 INFO: 	Average L2 norm of relation vector: 0.12679
2017-03-20 23:56:08,333 INFO: 	COST >> 0.236 +/- 0.007, % updates Left: 10.29%  Right: 9.66%
2017-03-20 23:57:52,777 INFO: ----------------------------------------------------------------------------
2017-03-20 23:57:52,777 INFO: EPOCH 78 (104.444 seconds):
2017-03-20 23:57:52,830 INFO: 	Average L2 norm of relation vector: 0.12685
2017-03-20 23:57:52,831 INFO: 	COST >> 0.236 +/- 0.007, % updates Left: 10.25%  Right: 9.73%
2017-03-20 23:59:52,493 INFO: ----------------------------------------------------------------------------
2017-03-20 23:59:52,494 INFO: EPOCH 79 (119.663 seconds):
2017-03-20 23:59:52,496 INFO: 	Average L2 norm of relation vector: 0.12689
2017-03-20 23:59:52,497 INFO: 	COST >> 0.237 +/- 0.009, % updates Left: 10.28%  Right: 9.66%
2017-03-21 00:01:44,856 INFO: ----------------------------------------------------------------------------
2017-03-21 00:01:44,857 INFO: EPOCH 80 (112.36 seconds):
2017-03-21 00:01:44,859 INFO: 	Average L2 norm of relation vector: 0.12694
2017-03-21 00:01:44,873 INFO: 	COST >> 0.236 +/- 0.008, % updates Left: 10.29%  Right: 9.62%
2017-03-21 00:01:44,874 INFO: 	FilteredRanking: evaluating rank on 1000 triples
2017-03-21 00:04:22,725 INFO: 	FilteredRanking: evaluating rank on 1000 triples
2017-03-21 00:07:02,837 INFO: 	MEAN RANK >> valid: 316.8, train: 242.6
2017-03-21 00:07:02,849 INFO: 		MEAN RANK TRAIN: Left: 253.6 Rel: 0.0 Right: 231.6
2017-03-21 00:07:02,850 INFO: 		MEAN RANK VALID: Left: 337.4 Rel: 0.0 Right: 296.2
2017-03-21 00:07:02,850 INFO: 		MEAN RECIPROCAL RANK VALID (L & R): 0.0475
2017-03-21 00:07:02,850 WARNING: 	WARNING, failed to improve MRR on valid, 2 chances left

2017-03-21 00:07:02,996 INFO: 	(ranking took 318.123 seconds)
2017-03-21 00:08:45,958 INFO: ----------------------------------------------------------------------------
2017-03-21 00:08:45,968 INFO: EPOCH 81 (102.971 seconds):
2017-03-21 00:08:45,970 INFO: 	Average L2 norm of relation vector: 0.127
2017-03-21 00:08:45,971 INFO: 	COST >> 0.235 +/- 0.008, % updates Left: 10.27%  Right: 9.63%
2017-03-21 00:10:35,763 INFO: ----------------------------------------------------------------------------
2017-03-21 00:10:35,763 INFO: EPOCH 82 (109.792 seconds):
2017-03-21 00:10:35,765 INFO: 	Average L2 norm of relation vector: 0.12704
2017-03-21 00:10:35,766 INFO: 	COST >> 0.233 +/- 0.007, % updates Left: 10.19%  Right: 9.5%
2017-03-21 00:12:27,003 INFO: ----------------------------------------------------------------------------
2017-03-21 00:12:27,004 INFO: EPOCH 83 (111.237 seconds):
2017-03-21 00:12:27,006 INFO: 	Average L2 norm of relation vector: 0.12708
2017-03-21 00:12:27,007 INFO: 	COST >> 0.234 +/- 0.008, % updates Left: 10.25%  Right: 9.48%
2017-03-21 00:14:20,031 INFO: ----------------------------------------------------------------------------
2017-03-21 00:14:20,044 INFO: EPOCH 84 (113.037 seconds):
2017-03-21 00:14:20,046 INFO: 	Average L2 norm of relation vector: 0.12714
2017-03-21 00:14:20,047 INFO: 	COST >> 0.234 +/- 0.008, % updates Left: 10.21%  Right: 9.57%
2017-03-21 00:16:24,468 INFO: ----------------------------------------------------------------------------
2017-03-21 00:16:24,469 INFO: EPOCH 85 (124.421 seconds):
2017-03-21 00:16:24,472 INFO: 	Average L2 norm of relation vector: 0.1272
2017-03-21 00:16:24,473 INFO: 	COST >> 0.232 +/- 0.008, % updates Left: 10.18%  Right: 9.49%
2017-03-21 00:18:27,123 INFO: ----------------------------------------------------------------------------
2017-03-21 00:18:27,123 INFO: EPOCH 86 (122.65 seconds):
2017-03-21 00:18:27,126 INFO: 	Average L2 norm of relation vector: 0.12726
2017-03-21 00:18:27,127 INFO: 	COST >> 0.234 +/- 0.008, % updates Left: 10.22%  Right: 9.6%
2017-03-21 00:20:34,469 INFO: ----------------------------------------------------------------------------
2017-03-21 00:20:34,469 INFO: EPOCH 87 (127.342 seconds):
2017-03-21 00:20:34,471 INFO: 	Average L2 norm of relation vector: 0.12732
2017-03-21 00:20:34,472 INFO: 	COST >> 0.233 +/- 0.008, % updates Left: 10.21%  Right: 9.57%
2017-03-21 00:22:55,161 INFO: ----------------------------------------------------------------------------
2017-03-21 00:22:55,161 INFO: EPOCH 88 (140.689 seconds):
2017-03-21 00:22:55,164 INFO: 	Average L2 norm of relation vector: 0.12738
2017-03-21 00:22:55,177 INFO: 	COST >> 0.233 +/- 0.008, % updates Left: 10.21%  Right: 9.54%
2017-03-21 00:24:28,191 INFO: ----------------------------------------------------------------------------
2017-03-21 00:24:28,208 INFO: EPOCH 89 (93.031 seconds):
2017-03-21 00:24:28,210 INFO: 	Average L2 norm of relation vector: 0.12742
2017-03-21 00:24:28,211 INFO: 	COST >> 0.233 +/- 0.008, % updates Left: 10.16%  Right: 9.54%
2017-03-21 00:26:29,328 INFO: ----------------------------------------------------------------------------
2017-03-21 00:26:29,328 INFO: EPOCH 90 (121.117 seconds):
2017-03-21 00:26:29,330 INFO: 	Average L2 norm of relation vector: 0.12747
2017-03-21 00:26:29,331 INFO: 	COST >> 0.232 +/- 0.007, % updates Left: 10.17%  Right: 9.55%
2017-03-21 00:26:29,331 INFO: 	FilteredRanking: evaluating rank on 1000 triples
2017-03-21 00:29:06,620 INFO: 	FilteredRanking: evaluating rank on 1000 triples
2017-03-21 00:31:40,283 INFO: 	MEAN RANK >> valid: 310.8, train: 229.7
2017-03-21 00:31:40,297 INFO: 		MEAN RANK TRAIN: Left: 234.5 Rel: 0.0 Right: 224.9
2017-03-21 00:31:40,298 INFO: 		MEAN RANK VALID: Left: 330.2 Rel: 0.0 Right: 291.4
2017-03-21 00:31:40,298 INFO: 		MEAN RECIPROCAL RANK VALID (L & R): 0.0455
2017-03-21 00:31:40,298 WARNING: 	WARNING, failed to improve MRR on valid, 1 chances left

2017-03-21 00:31:40,418 INFO: 	(ranking took 311.087 seconds)
2017-03-21 00:33:33,864 INFO: ----------------------------------------------------------------------------
2017-03-21 00:33:33,864 INFO: EPOCH 91 (113.446 seconds):
2017-03-21 00:33:33,866 INFO: 	Average L2 norm of relation vector: 0.12753
2017-03-21 00:33:33,867 INFO: 	COST >> 0.231 +/- 0.008, % updates Left: 10.16%  Right: 9.5%
2017-03-21 00:35:38,586 INFO: ----------------------------------------------------------------------------
2017-03-21 00:35:38,586 INFO: EPOCH 92 (124.719 seconds):
2017-03-21 00:35:38,588 INFO: 	Average L2 norm of relation vector: 0.12757
2017-03-21 00:35:38,589 INFO: 	COST >> 0.231 +/- 0.008, % updates Left: 10.11%  Right: 9.45%
2017-03-21 00:37:40,087 INFO: ----------------------------------------------------------------------------
2017-03-21 00:37:40,100 INFO: EPOCH 93 (121.51 seconds):
2017-03-21 00:37:40,102 INFO: 	Average L2 norm of relation vector: 0.12761
2017-03-21 00:37:40,103 INFO: 	COST >> 0.231 +/- 0.008, % updates Left: 10.12%  Right: 9.49%
2017-03-21 00:39:49,881 INFO: ----------------------------------------------------------------------------
2017-03-21 00:39:49,881 INFO: EPOCH 94 (129.778 seconds):
2017-03-21 00:39:49,884 INFO: 	Average L2 norm of relation vector: 0.12764
2017-03-21 00:39:49,884 INFO: 	COST >> 0.231 +/- 0.007, % updates Left: 10.05%  Right: 9.49%
2017-03-21 00:41:48,420 INFO: ----------------------------------------------------------------------------
2017-03-21 00:41:48,436 INFO: EPOCH 95 (118.552 seconds):
2017-03-21 00:41:48,438 INFO: 	Average L2 norm of relation vector: 0.12767
2017-03-21 00:41:48,439 INFO: 	COST >> 0.23 +/- 0.007, % updates Left: 10.06%  Right: 9.44%
2017-03-21 00:43:28,520 INFO: ----------------------------------------------------------------------------
2017-03-21 00:43:28,521 INFO: EPOCH 96 (100.082 seconds):
2017-03-21 00:43:28,524 INFO: 	Average L2 norm of relation vector: 0.1277
2017-03-21 00:43:28,525 INFO: 	COST >> 0.23 +/- 0.009, % updates Left: 10.06%  Right: 9.46%
2017-03-21 00:45:03,467 INFO: ----------------------------------------------------------------------------
2017-03-21 00:45:03,468 INFO: EPOCH 97 (94.943 seconds):
2017-03-21 00:45:03,470 INFO: 	Average L2 norm of relation vector: 0.12773
2017-03-21 00:45:03,481 INFO: 	COST >> 0.23 +/- 0.008, % updates Left: 10.09%  Right: 9.39%
2017-03-21 00:46:35,820 INFO: ----------------------------------------------------------------------------
2017-03-21 00:46:35,821 INFO: EPOCH 98 (92.339 seconds):
2017-03-21 00:46:35,823 INFO: 	Average L2 norm of relation vector: 0.12778
2017-03-21 00:46:35,824 INFO: 	COST >> 0.23 +/- 0.008, % updates Left: 10.1%  Right: 9.47%
2017-03-21 00:48:24,051 INFO: ----------------------------------------------------------------------------
2017-03-21 00:48:24,051 INFO: EPOCH 99 (108.228 seconds):
2017-03-21 00:48:24,054 INFO: 	Average L2 norm of relation vector: 0.12782
2017-03-21 00:48:24,055 INFO: 	COST >> 0.23 +/- 0.008, % updates Left: 10.1%  Right: 9.41%
2017-03-21 00:49:57,806 INFO: ----------------------------------------------------------------------------
2017-03-21 00:49:57,807 INFO: EPOCH 100 (93.751 seconds):
2017-03-21 00:49:57,809 INFO: 	Average L2 norm of relation vector: 0.12785
2017-03-21 00:49:57,810 INFO: 	COST >> 0.23 +/- 0.007, % updates Left: 10.04%  Right: 9.48%
2017-03-21 00:49:57,810 INFO: 	FilteredRanking: evaluating rank on 1000 triples
2017-03-21 00:52:39,573 INFO: 	FilteredRanking: evaluating rank on 1000 triples
2017-03-21 00:55:22,326 INFO: 	MEAN RANK >> valid: 313.5, train: 227.3
2017-03-21 00:55:22,327 INFO: 		MEAN RANK TRAIN: Left: 240.6 Rel: 0.0 Right: 214.0
2017-03-21 00:55:22,328 INFO: 		MEAN RANK VALID: Left: 328.9 Rel: 0.0 Right: 298.1
2017-03-21 00:55:22,328 INFO: 		MEAN RECIPROCAL RANK VALID (L & R): 0.05
2017-03-21 00:55:22,328 WARNING: 	WARNING, failed to improve MRR on valid, 0 chances left

2017-03-21 00:55:22,500 INFO: 	(ranking took 324.69 seconds)
2017-03-21 00:57:11,535 INFO: ----------------------------------------------------------------------------
2017-03-21 00:57:11,556 INFO: EPOCH 101 (109.056 seconds):
2017-03-21 00:57:11,558 INFO: 	Average L2 norm of relation vector: 0.12789
2017-03-21 00:57:11,569 INFO: 	COST >> 0.229 +/- 0.008, % updates Left: 10.03%  Right: 9.44%
2017-03-21 00:59:40,488 INFO: ----------------------------------------------------------------------------
2017-03-21 00:59:40,489 INFO: EPOCH 102 (148.916 seconds):
2017-03-21 00:59:40,492 INFO: 	Average L2 norm of relation vector: 0.1279
2017-03-21 00:59:40,493 INFO: 	COST >> 0.229 +/- 0.008, % updates Left: 9.97%  Right: 9.45%
2017-03-21 01:01:14,281 INFO: ----------------------------------------------------------------------------
2017-03-21 01:01:14,292 INFO: EPOCH 103 (93.799 seconds):
2017-03-21 01:01:14,295 INFO: 	Average L2 norm of relation vector: 0.12795
2017-03-21 01:01:14,295 INFO: 	COST >> 0.23 +/- 0.008, % updates Left: 10.07%  Right: 9.52%
2017-03-21 01:03:15,790 INFO: ----------------------------------------------------------------------------
2017-03-21 01:03:15,804 INFO: EPOCH 104 (121.509 seconds):
2017-03-21 01:03:15,807 INFO: 	Average L2 norm of relation vector: 0.12799
2017-03-21 01:03:15,808 INFO: 	COST >> 0.229 +/- 0.006, % updates Left: 10.01%  Right: 9.46%
2017-03-21 01:04:59,322 INFO: ----------------------------------------------------------------------------
2017-03-21 01:04:59,332 INFO: EPOCH 105 (103.523 seconds):
2017-03-21 01:04:59,334 INFO: 	Average L2 norm of relation vector: 0.12803
2017-03-21 01:04:59,335 INFO: 	COST >> 0.229 +/- 0.007, % updates Left: 10.0%  Right: 9.52%
2017-03-21 01:06:54,914 INFO: ----------------------------------------------------------------------------
2017-03-21 01:06:54,914 INFO: EPOCH 106 (115.579 seconds):
2017-03-21 01:06:54,917 INFO: 	Average L2 norm of relation vector: 0.12804
2017-03-21 01:06:54,933 INFO: 	COST >> 0.229 +/- 0.007, % updates Left: 9.96%  Right: 9.39%
2017-03-21 01:08:41,494 INFO: ----------------------------------------------------------------------------
2017-03-21 01:08:41,494 INFO: EPOCH 107 (106.561 seconds):
2017-03-21 01:08:41,497 INFO: 	Average L2 norm of relation vector: 0.12807
2017-03-21 01:08:41,498 INFO: 	COST >> 0.227 +/- 0.007, % updates Left: 9.97%  Right: 9.38%
2017-03-21 01:10:28,521 INFO: ----------------------------------------------------------------------------
2017-03-21 01:10:28,522 INFO: EPOCH 108 (107.023 seconds):
2017-03-21 01:10:28,524 INFO: 	Average L2 norm of relation vector: 0.1281
2017-03-21 01:10:28,525 INFO: 	COST >> 0.228 +/- 0.007, % updates Left: 10.04%  Right: 9.36%
2017-03-21 01:12:33,093 INFO: ----------------------------------------------------------------------------
2017-03-21 01:12:33,094 INFO: EPOCH 109 (124.569 seconds):
2017-03-21 01:12:33,097 INFO: 	Average L2 norm of relation vector: 0.12815
2017-03-21 01:12:33,099 INFO: 	COST >> 0.227 +/- 0.007, % updates Left: 9.99%  Right: 9.4%
2017-03-21 01:14:30,042 INFO: ----------------------------------------------------------------------------
2017-03-21 01:14:30,043 INFO: EPOCH 110 (116.943 seconds):
2017-03-21 01:14:30,045 INFO: 	Average L2 norm of relation vector: 0.12817
2017-03-21 01:14:30,046 INFO: 	COST >> 0.227 +/- 0.009, % updates Left: 9.96%  Right: 9.32%
2017-03-21 01:14:30,046 INFO: 	FilteredRanking: evaluating rank on 1000 triples
2017-03-21 01:17:05,049 INFO: 	FilteredRanking: evaluating rank on 1000 triples
2017-03-21 01:19:58,925 INFO: 	MEAN RANK >> valid: 303.0, train: 223.3
2017-03-21 01:19:58,937 INFO: 		MEAN RANK TRAIN: Left: 237.0 Rel: 0.0 Right: 209.6
2017-03-21 01:19:58,938 INFO: 		MEAN RANK VALID: Left: 326.2 Rel: 0.0 Right: 279.7
2017-03-21 01:19:58,938 INFO: 		MEAN RECIPROCAL RANK VALID (L & R): 0.051
2017-03-21 01:19:58,938 WARNING: EARLY STOPPING, failed to improve MRR on valid after 30 epochs
2017-03-21 01:19:58,939 INFO: ----------------------------------------------------------------------------
2017-03-21 01:19:58,939 INFO: ----------------------------------------------------------------------------
2017-03-21 01:19:58,939 INFO: 	Ranking model on all examples from test. Each example ranked against 14951 other entities
2017-03-21 01:19:59,688 INFO: 	Ranking: evaluating rank on 59071 triples
2017-03-21 02:44:57,614 INFO: left_ranks: (59071,), right_ranks: (59071,), rel_ranks: (59071,)
2017-03-21 02:44:57,637 INFO: max left_ranks: 14951, max right_ranks: 14951, max rel_ranks: 0
2017-03-21 02:44:58,610 INFO: MICRO RAW:
2017-03-21 02:44:58,610 INFO: 	Left mean rank: 476.174, MRR: 0.064, median rank: 143.0, hits@10: 13.834%
2017-03-21 02:44:58,611 INFO: 	Right mean rank: 379.097, MRR: 0.085, median rank: 91.0, hits@10: 17.406%
2017-03-21 02:44:58,611 INFO: 	Global mean rank: 427.635, MRR: 0.075, median rank: 114.0, hits@10: 15.62%
2017-03-21 02:44:58,611 INFO: MACRO RAW
2017-03-21 02:44:58,611 INFO: 	Left mean rank: 771.836, MRR: 0.07, median rank: 175.0, hits@10: 13.712%
2017-03-21 02:44:58,611 INFO: 	Right mean rank: 683.684, MRR: 0.086, median rank: 141.0, hits@10: 16.139%
2017-03-21 02:44:58,612 INFO: 	Global mean rank: 727.76, MRR: 0.078, median rank: 145.0, hits@10: 14.926%
2017-03-21 02:44:58,621 INFO: Ranking model on all examples from test. Each example ranked against 14951 other entities which are FILTERED
2017-03-21 02:45:00,445 INFO: 	FilteredRanking: evaluating rank on 59071 triples
2017-03-21 04:59:37,423 INFO: MICRO FILTERED:
2017-03-21 04:59:37,423 INFO: 	Left mean rank: 361.08148, MRR: 0.08732, median rank: 106.0, hits@10: 17.059%
2017-03-21 04:59:37,423 INFO: 	Right mean rank: 305.33974, MRR: 0.11208, median rank: 77.0, hits@10: 20.976%
2017-03-21 04:59:37,424 INFO: 	Global mean rank: 333.21061, MRR: 0.0997, median rank: 91.0, hits@10: 19.018%
2017-03-21 04:59:37,424 INFO: MACRO FILTERED
2017-03-21 04:59:37,424 INFO: 	Left mean rank: 746.15014, MRR: 0.07907, median rank: 156.0, hits@10: 15.303%
2017-03-21 04:59:37,424 INFO: 	Right mean rank: 671.60513, MRR: 0.09766, median rank: 133.5, hits@10: 17.823%
2017-03-21 04:59:37,424 INFO: 	Global mean rank: 708.87763, MRR: 0.08836, median rank: 138.0, hits@10: 16.563%
