2017-05-01 11:11:25,401 INFO: logger initialized for experiment identifier: TransE_Text_L1_ndim_100_marg_2.0_textmarg_5.0_textsim_L1_lrate_0.01_cost_margincost_role_TextAsRegularizer_gamma_0.1
2017-05-01 11:11:25,401 INFO: identifier: TransE_Text_L1_ndim_100_marg_2.0_textmarg_5.0_textsim_L1_lrate_0.01_cost_margincost_role_TextAsRegularizer_gamma_0.1
2017-05-01 11:11:25,402 INFO: models saved to path: /Users/corbinrosset/Dropbox/Arora/QA-code/src/KBC_Text/outputs/FB15k_TransE_Text/
2017-05-01 11:11:25,402 INFO: DD{'ndim': 100, 'vocab_size': 354936, 'word_dim': 100, 'Nsyn_rel': 1345, 'lremb': 0.01, 'nvalid': 1000, 'seed': 123, 'simfn': 'L1', 'test_all': 10, 'word_file': '/Users/corbinrosset/Dropbox/GloVe/glove.6B/glove.6B.100d.txt', 'nbatches': 100, 'marg_text': 5.0, 'loademb': False, 'datapath': '/Users/corbinrosset/Dropbox/Arora/QA-code/src/KBC_Text/data/', 'Nrel': 1345, 'rel': False, 'Nent': 16296, 'logger': <logging.RootLogger object at 0x10dbe7f50>, 'Nsyn': 14951, 'reg': 0.01, 'bestvalidMRR': -1, 'loadmodel': False, 'savepath': '/Users/corbinrosset/Dropbox/Arora/QA-code/src/KBC_Text/outputs/FB15k_TransE_Text/TransE_Text_L1_ndim_100_marg_2.0_textmarg_5.0_textsim_L1_lrate_0.01_cost_margincost_role_TextAsRegularizer_gamma_0.1', 'marge': 2.0, 'margincostfunction': 'margincost', 'dataset': 'FB15k', 'vocab': '/Users/corbinrosset/Dropbox/Arora/QA-code/src/process_clueweb/dictionary.txt', 'identifier': 'TransE_Text_L1_ndim_100_marg_2.0_textmarg_5.0_textsim_L1_lrate_0.01_cost_margincost_role_TextAsRegularizer_gamma_0.1', 'lrparam': 0.01, 'textsim': 'L1', 'numTextTrain': 1000000, 'ntrain': 1000, 'textual_role': 'TextAsRegularizer', 'experiment_type': 'FB15k_text', 'totepochs': 300, 'ntest': 1000, 'gamma': 0.1, 'op': 'TransE_text'}
2017-05-01 11:11:27,320 INFO: loaded FB15k data in: 1.907154 seconds
2017-05-01 11:11:27,321 DEBUG: (16296, 483142) (16296, 483142) (1345, 483142) (1000,)
2017-05-01 11:11:28,187 INFO: using 1000000 out of 10413174 available textual mentions
2017-05-01 11:12:10,126 INFO: loaded clueweb data in: 41.479228 seconds
2017-05-01 11:12:10,128 DEBUG: size of clueweb data: 805307264 bytes
2017-05-01 11:12:10,128 DEBUG: 	idxl: 64 bytes
2017-05-01 11:12:10,128 DEBUG: 	idxr: 64 bytes
2017-05-01 11:12:10,128 DEBUG: 	idxo: 64 bytes
2017-05-01 11:12:10,129 DEBUG: 	idxvl: 16 bytes
2017-05-01 11:12:10,129 DEBUG: 	idxvr: 16 bytes
2017-05-01 11:12:10,129 DEBUG: 	idxvo: 16 bytes
2017-05-01 11:12:10,129 DEBUG: 	idxtl: 16 bytes
2017-05-01 11:12:10,129 DEBUG: 	idxtr: 16 bytes
2017-05-01 11:12:10,129 DEBUG: 	idxto: 16 bytes
2017-05-01 11:12:10,129 DEBUG: 	sent2idx: 16 bytes
2017-05-01 11:12:10,129 DEBUG: 	idx2sent: 402653464 bytes
2017-05-01 11:12:10,129 DEBUG: 	text_per_triple_cntr: 16 bytes
2017-05-01 11:12:10,129 DEBUG: 	unique_text_per_triple: 16 bytes
2017-05-01 11:12:10,129 DEBUG: 	triple_per_text: 402653464 bytes
2017-05-01 11:12:22,256 DEBUG: loaded data and constructed model...
2017-05-01 11:12:22,256 DEBUG: num epochs: 300
2017-05-01 11:12:22,257 DEBUG: num batches per epoch: 100
2017-05-01 11:12:22,257 DEBUG: KB batchsize: 4831
2017-05-01 11:12:22,257 DEBUG: Textual Triples batchsize: 10000
2017-05-01 11:12:22,257 DEBUG: left and right entity ranking functions will rank a triple against 14951 competitors
2017-05-01 11:12:22,257 INFO: BEGIN TRAINING
