2017-03-20 20:49:08,353 INFO: logger initialized for experiment identifier: BilinearDiag_Dot_ndim_50_marg_1.0_lrate_0.01_cost_margincost_pos_high_reg_0.01
2017-03-20 20:49:08,356 INFO: identifier: BilinearDiag_Dot_ndim_50_marg_1.0_lrate_0.01_cost_margincost_pos_high_reg_0.01
2017-03-20 20:49:08,357 INFO: models saved to path: /home/ubuntu/Thesis_code/KBC_Text/outputs/FB15k_BilinearDiag/
2017-03-20 20:49:08,358 INFO: DD{'ndim': 50, 'test_all': 10, 'Nsyn_rel': 1345, 'totepochs': 500, 'bestvalidMRR': -1, 'loadmodel': False, 'lremb': 0.01, 'nvalid': 1000, 'seed': 123, 'marge': 1.0, 'margincostfunction': 'margincost_pos_high', 'simfn': 'Dot', 'savepath': '/home/ubuntu/Thesis_code/KBC_Text/outputs/FB15k_BilinearDiag/BilinearDiag_Dot_ndim_50_marg_1.0_lrate_0.01_cost_margincost_pos_high_reg_0.01', 'dataset': 'FB15k', 'nbatches': 100, 'identifier': 'BilinearDiag_Dot_ndim_50_marg_1.0_lrate_0.01_cost_margincost_pos_high_reg_0.01', 'lrparam': 0.01, 'loademb': False, 'datapath': '/home/ubuntu/Thesis_code/KBC_Text/data/', 'ntrain': 1000, 'Nrel': 1345, 'experiment_type': 'FB15kexp', 'rel': False, 'Nent': 16296, 'logger': <logging.RootLogger object at 0x7f96a90e6690>, 'ntest': 1000, 'Nsyn': 14951, 'reg': 0.01, 'op': 'BilinearDiag'}
2017-03-20 20:49:14,037 DEBUG: FB15kexp: load_FB15k_data(): trainl(16296, 483142), trainr(16296, 483142), traino(1345, 483142), trainlidx(1000,)
2017-03-20 20:49:20,680 DEBUG: loaded data and constructed model...
2017-03-20 20:49:20,689 DEBUG: num epochs: 500
2017-03-20 20:49:20,696 DEBUG: num batches per epoch: 100
2017-03-20 20:49:20,697 DEBUG: batchsize: 4831
2017-03-20 20:49:20,697 DEBUG: left and right entity ranking functions will rank a slot against 14951 competitors
2017-03-20 20:49:20,698 INFO: BEGIN TRAINING
2017-03-20 20:50:26,947 INFO: ----------------------------------------------------------------------------
2017-03-20 20:50:26,948 INFO: EPOCH 1 (66.25 seconds):
2017-03-20 20:50:26,969 INFO: 	Average L2 norm of relation vector: 0.02685
2017-03-20 20:50:26,970 INFO: 	COST >> 2.002 +/- 0.001, % updates Left: 100.0%  Right: 100.0%
2017-03-20 20:51:36,526 INFO: ----------------------------------------------------------------------------
2017-03-20 20:51:36,536 INFO: EPOCH 2 (69.566 seconds):
2017-03-20 20:51:36,538 INFO: 	Average L2 norm of relation vector: 0.02691
2017-03-20 20:51:36,539 INFO: 	COST >> 1.997 +/- 0.001, % updates Left: 100.0%  Right: 100.0%
2017-03-20 20:52:41,071 INFO: ----------------------------------------------------------------------------
2017-03-20 20:52:41,071 INFO: EPOCH 3 (64.532 seconds):
2017-03-20 20:52:41,073 INFO: 	Average L2 norm of relation vector: 0.02887
2017-03-20 20:52:41,073 INFO: 	COST >> 1.977 +/- 0.016, % updates Left: 99.97%  Right: 99.97%
2017-03-20 20:53:43,265 INFO: ----------------------------------------------------------------------------
2017-03-20 20:53:43,266 INFO: EPOCH 4 (62.192 seconds):
2017-03-20 20:53:43,267 INFO: 	Average L2 norm of relation vector: 0.04036
2017-03-20 20:53:43,268 INFO: 	COST >> 1.567 +/- 0.226, % updates Left: 85.99%  Right: 85.88%
2017-03-20 20:54:53,618 INFO: ----------------------------------------------------------------------------
2017-03-20 20:54:53,618 INFO: EPOCH 5 (70.35 seconds):
2017-03-20 20:54:53,619 INFO: 	Average L2 norm of relation vector: 0.05069
2017-03-20 20:54:53,620 INFO: 	COST >> 0.876 +/- 0.134, % updates Left: 52.98%  Right: 52.9%
2017-03-20 20:55:51,552 INFO: ----------------------------------------------------------------------------
2017-03-20 20:55:51,553 INFO: EPOCH 6 (57.933 seconds):
2017-03-20 20:55:51,554 INFO: 	Average L2 norm of relation vector: 0.0579
2017-03-20 20:55:51,555 INFO: 	COST >> 0.55 +/- 0.064, % updates Left: 35.39%  Right: 35.33%
2017-03-20 20:56:50,772 INFO: ----------------------------------------------------------------------------
2017-03-20 20:56:50,776 INFO: EPOCH 7 (59.221 seconds):
2017-03-20 20:56:50,778 INFO: 	Average L2 norm of relation vector: 0.06321
2017-03-20 20:56:50,778 INFO: 	COST >> 0.384 +/- 0.029, % updates Left: 25.99%  Right: 25.76%
2017-03-20 20:58:01,830 INFO: ----------------------------------------------------------------------------
2017-03-20 20:58:01,844 INFO: EPOCH 8 (71.066 seconds):
2017-03-20 20:58:01,846 INFO: 	Average L2 norm of relation vector: 0.06707
2017-03-20 20:58:01,846 INFO: 	COST >> 0.31 +/- 0.015, % updates Left: 21.1%  Right: 20.84%
2017-03-20 20:59:00,586 INFO: ----------------------------------------------------------------------------
2017-03-20 20:59:00,586 INFO: EPOCH 9 (58.739 seconds):
2017-03-20 20:59:00,587 INFO: 	Average L2 norm of relation vector: 0.07005
2017-03-20 20:59:00,588 INFO: 	COST >> 0.272 +/- 0.01, % updates Left: 18.44%  Right: 18.12%
2017-03-20 20:59:55,974 INFO: ----------------------------------------------------------------------------
2017-03-20 20:59:55,984 INFO: EPOCH 10 (55.396 seconds):
2017-03-20 20:59:55,985 INFO: 	Average L2 norm of relation vector: 0.07246
2017-03-20 20:59:55,996 INFO: 	COST >> 0.248 +/- 0.009, % updates Left: 16.7%  Right: 16.43%
2017-03-20 20:59:55,997 INFO: 	FilteredRanking: evaluating rank on 1000 triples
2017-03-20 21:01:45,975 INFO: 	FilteredRanking: evaluating rank on 1000 triples
2017-03-20 21:03:50,020 INFO: 	MEAN RANK >> valid: 611.1, train: 499.8
2017-03-20 21:03:50,033 INFO: 		MEAN RANK TRAIN: Left: 500.5 Rel: 0.0 Right: 499.2
2017-03-20 21:03:50,034 INFO: 		MEAN RANK VALID: Left: 639.8 Rel: 0.0 Right: 582.5
2017-03-20 21:03:50,034 INFO: 		MEAN RECIPROCAL RANK VALID (L & R): 0.0525
2017-03-20 21:03:50,034 INFO: 	FilteredRanking: evaluating rank on 1000 triples
2017-03-20 21:05:51,733 INFO: 	NEW BEST TEST MR: 564.1
2017-03-20 21:05:51,734 INFO: 		Left MR: 587.7 Rel MR: 0.0 Right MR: 540.5
2017-03-20 21:05:51,791 INFO: 	(ranking took 355.794 seconds)
2017-03-20 21:06:53,304 INFO: ----------------------------------------------------------------------------
2017-03-20 21:06:53,304 INFO: EPOCH 11 (61.5 seconds):
2017-03-20 21:06:53,306 INFO: 	Average L2 norm of relation vector: 0.07447
2017-03-20 21:06:53,307 INFO: 	COST >> 0.231 +/- 0.008, % updates Left: 15.5%  Right: 15.15%
2017-03-20 21:07:49,211 INFO: ----------------------------------------------------------------------------
2017-03-20 21:07:49,224 INFO: EPOCH 12 (55.917 seconds):
2017-03-20 21:07:49,226 INFO: 	Average L2 norm of relation vector: 0.07623
2017-03-20 21:07:49,226 INFO: 	COST >> 0.22 +/- 0.007, % updates Left: 14.65%  Right: 14.39%
2017-03-20 21:08:42,007 INFO: ----------------------------------------------------------------------------
2017-03-20 21:08:42,008 INFO: EPOCH 13 (52.781 seconds):
2017-03-20 21:08:42,009 INFO: 	Average L2 norm of relation vector: 0.0778
2017-03-20 21:08:42,010 INFO: 	COST >> 0.21 +/- 0.007, % updates Left: 14.03%  Right: 13.67%
2017-03-20 21:09:35,889 INFO: ----------------------------------------------------------------------------
2017-03-20 21:09:35,890 INFO: EPOCH 14 (53.879 seconds):
2017-03-20 21:09:35,891 INFO: 	Average L2 norm of relation vector: 0.07919
2017-03-20 21:09:35,892 INFO: 	COST >> 0.202 +/- 0.007, % updates Left: 13.43%  Right: 13.11%
2017-03-20 21:10:29,904 INFO: ----------------------------------------------------------------------------
2017-03-20 21:10:29,905 INFO: EPOCH 15 (54.013 seconds):
2017-03-20 21:10:29,906 INFO: 	Average L2 norm of relation vector: 0.08043
2017-03-20 21:10:29,908 INFO: 	COST >> 0.196 +/- 0.006, % updates Left: 12.99%  Right: 12.73%
2017-03-20 21:11:29,315 INFO: ----------------------------------------------------------------------------
2017-03-20 21:11:29,316 INFO: EPOCH 16 (59.407 seconds):
2017-03-20 21:11:29,317 INFO: 	Average L2 norm of relation vector: 0.08154
2017-03-20 21:11:29,318 INFO: 	COST >> 0.191 +/- 0.006, % updates Left: 12.56%  Right: 12.28%
2017-03-20 21:12:25,926 INFO: ----------------------------------------------------------------------------
2017-03-20 21:12:25,936 INFO: EPOCH 17 (56.618 seconds):
2017-03-20 21:12:25,937 INFO: 	Average L2 norm of relation vector: 0.08252
2017-03-20 21:12:25,938 INFO: 	COST >> 0.185 +/- 0.006, % updates Left: 12.18%  Right: 11.83%
2017-03-20 21:13:18,476 INFO: ----------------------------------------------------------------------------
2017-03-20 21:13:18,477 INFO: EPOCH 18 (52.539 seconds):
2017-03-20 21:13:18,478 INFO: 	Average L2 norm of relation vector: 0.0834
2017-03-20 21:13:18,479 INFO: 	COST >> 0.181 +/- 0.006, % updates Left: 11.83%  Right: 11.55%
2017-03-20 21:14:17,979 INFO: ----------------------------------------------------------------------------
2017-03-20 21:14:17,979 INFO: EPOCH 19 (59.5 seconds):
2017-03-20 21:14:17,981 INFO: 	Average L2 norm of relation vector: 0.08422
2017-03-20 21:14:17,981 INFO: 	COST >> 0.178 +/- 0.006, % updates Left: 11.64%  Right: 11.31%
2017-03-20 21:15:08,640 INFO: ----------------------------------------------------------------------------
2017-03-20 21:15:08,640 INFO: EPOCH 20 (50.659 seconds):
2017-03-20 21:15:08,642 INFO: 	Average L2 norm of relation vector: 0.08494
2017-03-20 21:15:08,642 INFO: 	COST >> 0.175 +/- 0.006, % updates Left: 11.4%  Right: 11.02%
2017-03-20 21:15:08,643 INFO: 	FilteredRanking: evaluating rank on 1000 triples
2017-03-20 21:16:57,871 INFO: 	FilteredRanking: evaluating rank on 1000 triples
2017-03-20 21:18:47,969 INFO: 	MEAN RANK >> valid: 429.8, train: 373.3
2017-03-20 21:18:47,970 INFO: 		MEAN RANK TRAIN: Left: 387.4 Rel: 0.0 Right: 359.1
2017-03-20 21:18:47,971 INFO: 		MEAN RANK VALID: Left: 451.7 Rel: 0.0 Right: 407.9
2017-03-20 21:18:47,971 INFO: 		MEAN RECIPROCAL RANK VALID (L & R): 0.056
2017-03-20 21:18:47,971 INFO: 	FilteredRanking: evaluating rank on 1000 triples
2017-03-20 21:20:40,776 INFO: 	NEW BEST TEST MR: 393.3
2017-03-20 21:20:40,778 INFO: 		Left MR: 414.9 Rel MR: 0.0 Right MR: 371.7
2017-03-20 21:20:40,827 INFO: 	(ranking took 332.185 seconds)
2017-03-20 21:21:40,079 INFO: ----------------------------------------------------------------------------
2017-03-20 21:21:40,080 INFO: EPOCH 21 (59.252 seconds):
2017-03-20 21:21:40,107 INFO: 	Average L2 norm of relation vector: 0.08563
2017-03-20 21:21:40,108 INFO: 	COST >> 0.172 +/- 0.006, % updates Left: 11.24%  Right: 10.89%
2017-03-20 21:22:42,317 INFO: ----------------------------------------------------------------------------
2017-03-20 21:22:42,328 INFO: EPOCH 22 (62.22 seconds):
2017-03-20 21:22:42,329 INFO: 	Average L2 norm of relation vector: 0.08627
2017-03-20 21:22:42,330 INFO: 	COST >> 0.17 +/- 0.006, % updates Left: 11.03%  Right: 10.73%
2017-03-20 21:23:38,345 INFO: ----------------------------------------------------------------------------
2017-03-20 21:23:38,346 INFO: EPOCH 23 (56.016 seconds):
2017-03-20 21:23:38,347 INFO: 	Average L2 norm of relation vector: 0.08686
2017-03-20 21:23:38,348 INFO: 	COST >> 0.167 +/- 0.006, % updates Left: 10.87%  Right: 10.58%
2017-03-20 21:24:32,615 INFO: ----------------------------------------------------------------------------
2017-03-20 21:24:32,616 INFO: EPOCH 24 (54.267 seconds):
2017-03-20 21:24:32,618 INFO: 	Average L2 norm of relation vector: 0.08738
2017-03-20 21:24:32,619 INFO: 	COST >> 0.165 +/- 0.006, % updates Left: 10.7%  Right: 10.35%
2017-03-20 21:25:31,901 INFO: ----------------------------------------------------------------------------
2017-03-20 21:25:31,913 INFO: EPOCH 25 (59.292 seconds):
2017-03-20 21:25:31,914 INFO: 	Average L2 norm of relation vector: 0.08789
2017-03-20 21:25:31,915 INFO: 	COST >> 0.162 +/- 0.006, % updates Left: 10.57%  Right: 10.18%
2017-03-20 21:26:28,310 INFO: ----------------------------------------------------------------------------
2017-03-20 21:26:28,332 INFO: EPOCH 26 (56.416 seconds):
2017-03-20 21:26:28,334 INFO: 	Average L2 norm of relation vector: 0.08835
2017-03-20 21:26:28,334 INFO: 	COST >> 0.16 +/- 0.006, % updates Left: 10.41%  Right: 10.06%
2017-03-20 21:27:19,809 INFO: ----------------------------------------------------------------------------
2017-03-20 21:27:19,809 INFO: EPOCH 27 (51.474 seconds):
2017-03-20 21:27:19,810 INFO: 	Average L2 norm of relation vector: 0.08878
2017-03-20 21:27:19,811 INFO: 	COST >> 0.16 +/- 0.006, % updates Left: 10.31%  Right: 9.98%
2017-03-20 21:28:20,713 INFO: ----------------------------------------------------------------------------
2017-03-20 21:28:20,714 INFO: EPOCH 28 (60.903 seconds):
2017-03-20 21:28:20,715 INFO: 	Average L2 norm of relation vector: 0.08918
2017-03-20 21:28:20,716 INFO: 	COST >> 0.158 +/- 0.005, % updates Left: 10.25%  Right: 9.87%
2017-03-20 21:29:37,851 INFO: ----------------------------------------------------------------------------
2017-03-20 21:29:37,852 INFO: EPOCH 29 (77.135 seconds):
2017-03-20 21:29:37,853 INFO: 	Average L2 norm of relation vector: 0.08953
2017-03-20 21:29:37,854 INFO: 	COST >> 0.157 +/- 0.005, % updates Left: 10.05%  Right: 9.76%
2017-03-20 21:30:38,039 INFO: ----------------------------------------------------------------------------
2017-03-20 21:30:39,553 INFO: EPOCH 30 (61.699 seconds):
2017-03-20 21:30:39,555 INFO: 	Average L2 norm of relation vector: 0.08987
2017-03-20 21:30:39,556 INFO: 	COST >> 0.154 +/- 0.006, % updates Left: 9.93%  Right: 9.65%
2017-03-20 21:30:39,557 INFO: 	FilteredRanking: evaluating rank on 1000 triples
2017-03-20 21:32:34,460 INFO: 	FilteredRanking: evaluating rank on 1000 triples
2017-03-20 21:34:44,160 INFO: 	MEAN RANK >> valid: 363.1, train: 307.7
2017-03-20 21:34:44,173 INFO: 		MEAN RANK TRAIN: Left: 312.4 Rel: 0.0 Right: 303.0
2017-03-20 21:34:44,175 INFO: 		MEAN RANK VALID: Left: 387.2 Rel: 0.0 Right: 339.0
2017-03-20 21:34:44,175 INFO: 		MEAN RECIPROCAL RANK VALID (L & R): 0.0605
2017-03-20 21:34:44,176 INFO: 	FilteredRanking: evaluating rank on 1000 triples
2017-03-20 21:36:50,731 INFO: 	NEW BEST TEST MR: 325.4
2017-03-20 21:36:50,741 INFO: 		Left MR: 343.5 Rel MR: 0.0 Right MR: 307.4
2017-03-20 21:36:50,815 INFO: 	(ranking took 371.258 seconds)
2017-03-20 21:38:02,585 INFO: ----------------------------------------------------------------------------
2017-03-20 21:38:02,586 INFO: EPOCH 31 (71.77 seconds):
2017-03-20 21:38:02,587 INFO: 	Average L2 norm of relation vector: 0.09021
2017-03-20 21:38:02,588 INFO: 	COST >> 0.153 +/- 0.005, % updates Left: 9.91%  Right: 9.58%
2017-03-20 21:38:56,598 INFO: ----------------------------------------------------------------------------
2017-03-20 21:38:56,599 INFO: EPOCH 32 (54.01 seconds):
2017-03-20 21:38:56,600 INFO: 	Average L2 norm of relation vector: 0.0905
2017-03-20 21:38:56,601 INFO: 	COST >> 0.153 +/- 0.005, % updates Left: 9.83%  Right: 9.49%
2017-03-20 21:40:02,675 INFO: ----------------------------------------------------------------------------
2017-03-20 21:40:02,676 INFO: EPOCH 33 (66.075 seconds):
2017-03-20 21:40:02,678 INFO: 	Average L2 norm of relation vector: 0.09078
2017-03-20 21:40:02,679 INFO: 	COST >> 0.151 +/- 0.005, % updates Left: 9.7%  Right: 9.37%
2017-03-20 21:41:03,214 INFO: ----------------------------------------------------------------------------
2017-03-20 21:41:03,215 INFO: EPOCH 34 (60.535 seconds):
2017-03-20 21:41:03,221 INFO: 	Average L2 norm of relation vector: 0.09106
2017-03-20 21:41:03,222 INFO: 	COST >> 0.15 +/- 0.005, % updates Left: 9.64%  Right: 9.35%
2017-03-20 21:42:00,698 INFO: ----------------------------------------------------------------------------
2017-03-20 21:42:00,698 INFO: EPOCH 35 (57.476 seconds):
2017-03-20 21:42:00,699 INFO: 	Average L2 norm of relation vector: 0.0913
2017-03-20 21:42:00,713 INFO: 	COST >> 0.149 +/- 0.005, % updates Left: 9.59%  Right: 9.2%
2017-03-20 21:43:21,530 INFO: ----------------------------------------------------------------------------
2017-03-20 21:43:21,530 INFO: EPOCH 36 (80.817 seconds):
2017-03-20 21:43:21,532 INFO: 	Average L2 norm of relation vector: 0.09154
2017-03-20 21:43:21,533 INFO: 	COST >> 0.148 +/- 0.005, % updates Left: 9.53%  Right: 9.18%
2017-03-20 21:44:26,537 INFO: ----------------------------------------------------------------------------
2017-03-20 21:44:26,538 INFO: EPOCH 37 (65.005 seconds):
2017-03-20 21:44:26,540 INFO: 	Average L2 norm of relation vector: 0.09175
2017-03-20 21:44:26,541 INFO: 	COST >> 0.145 +/- 0.005, % updates Left: 9.42%  Right: 8.98%
2017-03-20 21:45:47,322 INFO: ----------------------------------------------------------------------------
2017-03-20 21:45:47,323 INFO: EPOCH 38 (80.782 seconds):
2017-03-20 21:45:47,325 INFO: 	Average L2 norm of relation vector: 0.09196
2017-03-20 21:45:47,337 INFO: 	COST >> 0.145 +/- 0.005, % updates Left: 9.35%  Right: 9.05%
2017-03-20 21:46:52,997 INFO: ----------------------------------------------------------------------------
2017-03-20 21:46:52,997 INFO: EPOCH 39 (65.66 seconds):
2017-03-20 21:46:52,998 INFO: 	Average L2 norm of relation vector: 0.09214
2017-03-20 21:46:52,999 INFO: 	COST >> 0.145 +/- 0.005, % updates Left: 9.34%  Right: 8.94%
2017-03-20 21:48:11,528 INFO: ----------------------------------------------------------------------------
2017-03-20 21:48:11,529 INFO: EPOCH 40 (78.53 seconds):
2017-03-20 21:48:11,530 INFO: 	Average L2 norm of relation vector: 0.09234
2017-03-20 21:48:11,531 INFO: 	COST >> 0.144 +/- 0.005, % updates Left: 9.3%  Right: 8.93%
2017-03-20 21:48:11,531 INFO: 	FilteredRanking: evaluating rank on 1000 triples
2017-03-20 21:50:04,395 INFO: 	FilteredRanking: evaluating rank on 1000 triples
2017-03-20 21:52:03,311 INFO: 	MEAN RANK >> valid: 338.2, train: 259.7
2017-03-20 21:52:03,325 INFO: 		MEAN RANK TRAIN: Left: 271.9 Rel: 0.0 Right: 247.6
2017-03-20 21:52:03,326 INFO: 		MEAN RANK VALID: Left: 358.7 Rel: 0.0 Right: 317.8
2017-03-20 21:52:03,327 INFO: 		MEAN RECIPROCAL RANK VALID (L & R): 0.053
2017-03-20 21:52:03,327 WARNING: 	WARNING, failed to improve MRR on valid, 2 chances left

2017-03-20 21:52:03,409 INFO: 	(ranking took 231.877 seconds)
2017-03-20 21:53:04,400 INFO: ----------------------------------------------------------------------------
2017-03-20 21:53:04,401 INFO: EPOCH 41 (60.991 seconds):
2017-03-20 21:53:04,402 INFO: 	Average L2 norm of relation vector: 0.09253
2017-03-20 21:53:04,413 INFO: 	COST >> 0.143 +/- 0.005, % updates Left: 9.24%  Right: 8.91%
2017-03-20 21:54:05,733 INFO: ----------------------------------------------------------------------------
2017-03-20 21:54:05,744 INFO: EPOCH 42 (61.331 seconds):
2017-03-20 21:54:05,745 INFO: 	Average L2 norm of relation vector: 0.09271
2017-03-20 21:54:05,746 INFO: 	COST >> 0.142 +/- 0.006, % updates Left: 9.19%  Right: 8.82%
2017-03-20 21:55:05,403 INFO: ----------------------------------------------------------------------------
2017-03-20 21:55:05,403 INFO: EPOCH 43 (59.657 seconds):
2017-03-20 21:55:05,405 INFO: 	Average L2 norm of relation vector: 0.09287
2017-03-20 21:55:05,406 INFO: 	COST >> 0.142 +/- 0.005, % updates Left: 9.21%  Right: 8.82%
2017-03-20 21:56:04,064 INFO: ----------------------------------------------------------------------------
2017-03-20 21:56:04,076 INFO: EPOCH 44 (58.67 seconds):
2017-03-20 21:56:04,078 INFO: 	Average L2 norm of relation vector: 0.09304
2017-03-20 21:56:04,079 INFO: 	COST >> 0.141 +/- 0.005, % updates Left: 9.15%  Right: 8.78%
2017-03-20 21:57:10,552 INFO: ----------------------------------------------------------------------------
2017-03-20 21:57:10,552 INFO: EPOCH 45 (66.473 seconds):
2017-03-20 21:57:10,554 INFO: 	Average L2 norm of relation vector: 0.0932
2017-03-20 21:57:10,555 INFO: 	COST >> 0.14 +/- 0.005, % updates Left: 9.05%  Right: 8.7%
2017-03-20 21:58:16,269 INFO: ----------------------------------------------------------------------------
2017-03-20 21:58:16,270 INFO: EPOCH 46 (65.715 seconds):
2017-03-20 21:58:16,271 INFO: 	Average L2 norm of relation vector: 0.09333
2017-03-20 21:58:16,272 INFO: 	COST >> 0.139 +/- 0.004, % updates Left: 9.04%  Right: 8.59%
2017-03-20 21:59:29,213 INFO: ----------------------------------------------------------------------------
2017-03-20 21:59:29,213 INFO: EPOCH 47 (72.941 seconds):
2017-03-20 21:59:29,215 INFO: 	Average L2 norm of relation vector: 0.09345
2017-03-20 21:59:29,229 INFO: 	COST >> 0.139 +/- 0.005, % updates Left: 8.95%  Right: 8.59%
2017-03-20 22:00:49,140 INFO: ----------------------------------------------------------------------------
2017-03-20 22:00:49,152 INFO: EPOCH 48 (79.923 seconds):
2017-03-20 22:00:49,153 INFO: 	Average L2 norm of relation vector: 0.09357
2017-03-20 22:00:49,154 INFO: 	COST >> 0.138 +/- 0.005, % updates Left: 8.92%  Right: 8.58%
2017-03-20 22:01:45,427 INFO: ----------------------------------------------------------------------------
2017-03-20 22:01:45,428 INFO: EPOCH 49 (56.274 seconds):
2017-03-20 22:01:45,430 INFO: 	Average L2 norm of relation vector: 0.09368
2017-03-20 22:01:45,431 INFO: 	COST >> 0.138 +/- 0.005, % updates Left: 8.91%  Right: 8.57%
2017-03-20 22:02:43,503 INFO: ----------------------------------------------------------------------------
2017-03-20 22:02:43,516 INFO: EPOCH 50 (58.085 seconds):
2017-03-20 22:02:43,518 INFO: 	Average L2 norm of relation vector: 0.09379
2017-03-20 22:02:43,518 INFO: 	COST >> 0.137 +/- 0.005, % updates Left: 8.86%  Right: 8.45%
2017-03-20 22:02:43,518 INFO: 	FilteredRanking: evaluating rank on 1000 triples
2017-03-20 22:04:41,409 INFO: 	FilteredRanking: evaluating rank on 1000 triples
2017-03-20 22:06:37,422 INFO: 	MEAN RANK >> valid: 317.0, train: 236.6
2017-03-20 22:06:37,433 INFO: 		MEAN RANK TRAIN: Left: 244.1 Rel: 0.0 Right: 229.0
2017-03-20 22:06:37,434 INFO: 		MEAN RANK VALID: Left: 331.0 Rel: 0.0 Right: 302.9
2017-03-20 22:06:37,434 INFO: 		MEAN RECIPROCAL RANK VALID (L & R): 0.053
2017-03-20 22:06:37,434 WARNING: 	WARNING, failed to improve MRR on valid, 1 chances left

2017-03-20 22:06:37,502 INFO: 	(ranking took 233.984 seconds)
2017-03-20 22:07:26,569 INFO: ----------------------------------------------------------------------------
2017-03-20 22:07:26,570 INFO: EPOCH 51 (49.058 seconds):
2017-03-20 22:07:26,571 INFO: 	Average L2 norm of relation vector: 0.09389
2017-03-20 22:07:26,572 INFO: 	COST >> 0.136 +/- 0.005, % updates Left: 8.81%  Right: 8.46%
2017-03-20 22:08:19,729 INFO: ----------------------------------------------------------------------------
2017-03-20 22:08:19,740 INFO: EPOCH 52 (53.168 seconds):
2017-03-20 22:08:19,742 INFO: 	Average L2 norm of relation vector: 0.09399
2017-03-20 22:08:19,743 INFO: 	COST >> 0.136 +/- 0.004, % updates Left: 8.81%  Right: 8.4%
2017-03-20 22:09:20,273 INFO: ----------------------------------------------------------------------------
2017-03-20 22:09:20,274 INFO: EPOCH 53 (60.531 seconds):
2017-03-20 22:09:20,275 INFO: 	Average L2 norm of relation vector: 0.09409
2017-03-20 22:09:20,276 INFO: 	COST >> 0.135 +/- 0.005, % updates Left: 8.81%  Right: 8.41%
2017-03-20 22:10:27,012 INFO: ----------------------------------------------------------------------------
2017-03-20 22:10:27,013 INFO: EPOCH 54 (66.736 seconds):
2017-03-20 22:10:27,014 INFO: 	Average L2 norm of relation vector: 0.09418
2017-03-20 22:10:27,015 INFO: 	COST >> 0.134 +/- 0.005, % updates Left: 8.71%  Right: 8.36%
2017-03-20 22:11:28,611 INFO: ----------------------------------------------------------------------------
2017-03-20 22:11:28,624 INFO: EPOCH 55 (61.609 seconds):
2017-03-20 22:11:28,626 INFO: 	Average L2 norm of relation vector: 0.09429
2017-03-20 22:11:28,627 INFO: 	COST >> 0.134 +/- 0.004, % updates Left: 8.69%  Right: 8.45%
2017-03-20 22:12:38,854 INFO: ----------------------------------------------------------------------------
2017-03-20 22:12:38,854 INFO: EPOCH 56 (70.228 seconds):
2017-03-20 22:12:38,855 INFO: 	Average L2 norm of relation vector: 0.09442
2017-03-20 22:12:38,856 INFO: 	COST >> 0.134 +/- 0.005, % updates Left: 8.75%  Right: 8.4%
2017-03-20 22:13:36,914 INFO: ----------------------------------------------------------------------------
2017-03-20 22:13:36,915 INFO: EPOCH 57 (58.058 seconds):
2017-03-20 22:13:36,916 INFO: 	Average L2 norm of relation vector: 0.0945
2017-03-20 22:13:36,917 INFO: 	COST >> 0.133 +/- 0.005, % updates Left: 8.62%  Right: 8.29%
2017-03-20 22:14:28,611 INFO: ----------------------------------------------------------------------------
2017-03-20 22:14:28,624 INFO: EPOCH 58 (51.707 seconds):
2017-03-20 22:14:28,626 INFO: 	Average L2 norm of relation vector: 0.09458
2017-03-20 22:14:28,627 INFO: 	COST >> 0.132 +/- 0.004, % updates Left: 8.65%  Right: 8.18%
2017-03-20 22:15:23,834 INFO: ----------------------------------------------------------------------------
2017-03-20 22:15:23,844 INFO: EPOCH 59 (55.217 seconds):
2017-03-20 22:15:23,846 INFO: 	Average L2 norm of relation vector: 0.09469
2017-03-20 22:15:23,847 INFO: 	COST >> 0.132 +/- 0.004, % updates Left: 8.67%  Right: 8.24%
2017-03-20 22:16:19,283 INFO: ----------------------------------------------------------------------------
2017-03-20 22:16:19,296 INFO: EPOCH 60 (55.449 seconds):
2017-03-20 22:16:19,297 INFO: 	Average L2 norm of relation vector: 0.09477
2017-03-20 22:16:19,298 INFO: 	COST >> 0.132 +/- 0.005, % updates Left: 8.59%  Right: 8.26%
2017-03-20 22:16:19,298 INFO: 	FilteredRanking: evaluating rank on 1000 triples
2017-03-20 22:18:17,037 INFO: 	FilteredRanking: evaluating rank on 1000 triples
2017-03-20 22:20:03,990 INFO: 	MEAN RANK >> valid: 313.2, train: 215.5
2017-03-20 22:20:03,991 INFO: 		MEAN RANK TRAIN: Left: 222.9 Rel: 0.0 Right: 208.0
2017-03-20 22:20:03,992 INFO: 		MEAN RANK VALID: Left: 331.5 Rel: 0.0 Right: 295.0
2017-03-20 22:20:03,992 INFO: 		MEAN RECIPROCAL RANK VALID (L & R): 0.0565
2017-03-20 22:20:03,992 WARNING: 	WARNING, failed to improve MRR on valid, 0 chances left

2017-03-20 22:20:04,059 INFO: 	(ranking took 224.761 seconds)
2017-03-20 22:21:00,020 INFO: ----------------------------------------------------------------------------
2017-03-20 22:21:00,032 INFO: EPOCH 61 (55.968 seconds):
2017-03-20 22:21:00,033 INFO: 	Average L2 norm of relation vector: 0.09484
2017-03-20 22:21:00,034 INFO: 	COST >> 0.131 +/- 0.005, % updates Left: 8.53%  Right: 8.23%
2017-03-20 22:22:02,681 INFO: ----------------------------------------------------------------------------
2017-03-20 22:22:02,692 INFO: EPOCH 62 (62.658 seconds):
2017-03-20 22:22:02,694 INFO: 	Average L2 norm of relation vector: 0.09492
2017-03-20 22:22:02,694 INFO: 	COST >> 0.131 +/- 0.005, % updates Left: 8.6%  Right: 8.18%
2017-03-20 22:22:56,603 INFO: ----------------------------------------------------------------------------
2017-03-20 22:22:56,604 INFO: EPOCH 63 (53.909 seconds):
2017-03-20 22:22:56,605 INFO: 	Average L2 norm of relation vector: 0.09499
2017-03-20 22:22:56,606 INFO: 	COST >> 0.13 +/- 0.005, % updates Left: 8.49%  Right: 8.15%
2017-03-20 22:23:57,471 INFO: ----------------------------------------------------------------------------
2017-03-20 22:23:57,471 INFO: EPOCH 64 (60.865 seconds):
2017-03-20 22:23:57,473 INFO: 	Average L2 norm of relation vector: 0.09508
2017-03-20 22:23:57,473 INFO: 	COST >> 0.13 +/- 0.005, % updates Left: 8.51%  Right: 8.18%
2017-03-20 22:24:48,947 INFO: ----------------------------------------------------------------------------
2017-03-20 22:24:48,948 INFO: EPOCH 65 (51.474 seconds):
2017-03-20 22:24:48,949 INFO: 	Average L2 norm of relation vector: 0.09516
2017-03-20 22:24:48,961 INFO: 	COST >> 0.13 +/- 0.004, % updates Left: 8.55%  Right: 8.14%
2017-03-20 22:25:39,808 INFO: ----------------------------------------------------------------------------
2017-03-20 22:25:39,809 INFO: EPOCH 66 (50.848 seconds):
2017-03-20 22:25:39,810 INFO: 	Average L2 norm of relation vector: 0.09525
2017-03-20 22:25:39,811 INFO: 	COST >> 0.13 +/- 0.005, % updates Left: 8.5%  Right: 8.18%
2017-03-20 22:26:36,009 INFO: ----------------------------------------------------------------------------
2017-03-20 22:26:36,016 INFO: EPOCH 67 (56.205 seconds):
2017-03-20 22:26:36,018 INFO: 	Average L2 norm of relation vector: 0.09531
2017-03-20 22:26:36,018 INFO: 	COST >> 0.13 +/- 0.004, % updates Left: 8.43%  Right: 8.15%
2017-03-20 22:27:38,537 INFO: ----------------------------------------------------------------------------
2017-03-20 22:27:38,548 INFO: EPOCH 68 (62.53 seconds):
2017-03-20 22:27:38,549 INFO: 	Average L2 norm of relation vector: 0.09538
2017-03-20 22:27:38,550 INFO: 	COST >> 0.129 +/- 0.005, % updates Left: 8.44%  Right: 8.13%
2017-03-20 22:28:37,422 INFO: ----------------------------------------------------------------------------
2017-03-20 22:28:37,423 INFO: EPOCH 69 (58.872 seconds):
2017-03-20 22:28:37,424 INFO: 	Average L2 norm of relation vector: 0.09544
2017-03-20 22:28:37,425 INFO: 	COST >> 0.13 +/- 0.005, % updates Left: 8.48%  Right: 8.09%
2017-03-20 22:29:25,164 INFO: ----------------------------------------------------------------------------
2017-03-20 22:29:25,164 INFO: EPOCH 70 (47.739 seconds):
2017-03-20 22:29:25,166 INFO: 	Average L2 norm of relation vector: 0.09551
2017-03-20 22:29:25,167 INFO: 	COST >> 0.128 +/- 0.004, % updates Left: 8.37%  Right: 8.09%
2017-03-20 22:29:25,167 INFO: 	FilteredRanking: evaluating rank on 1000 triples
2017-03-20 22:31:13,366 INFO: 	FilteredRanking: evaluating rank on 1000 triples
2017-03-20 22:33:06,556 INFO: 	MEAN RANK >> valid: 280.6, train: 211.1
2017-03-20 22:33:06,557 INFO: 		MEAN RANK TRAIN: Left: 217.2 Rel: 0.0 Right: 205.0
2017-03-20 22:33:06,558 INFO: 		MEAN RANK VALID: Left: 298.6 Rel: 0.0 Right: 262.6
2017-03-20 22:33:06,558 INFO: 		MEAN RECIPROCAL RANK VALID (L & R): 0.06
2017-03-20 22:33:06,558 WARNING: EARLY STOPPING, failed to improve MRR on valid after 30 epochs
2017-03-20 22:33:06,558 INFO: ----------------------------------------------------------------------------
2017-03-20 22:33:06,559 INFO: ----------------------------------------------------------------------------
2017-03-20 22:33:06,559 INFO: 	Ranking model on all examples from test. Each example ranked against 14951 other entities
2017-03-20 22:33:07,071 INFO: 	Ranking: evaluating rank on 59071 triples
2017-03-20 23:25:31,337 INFO: left_ranks: (59071,), right_ranks: (59071,), rel_ranks: (59071,)
2017-03-20 23:25:31,386 INFO: max left_ranks: 14951, max right_ranks: 14951, max rel_ranks: 0
2017-03-20 23:25:32,717 INFO: MICRO RAW:
2017-03-20 23:25:32,728 INFO: 	Left mean rank: 498.669, MRR: 0.069, median rank: 139.0, hits@10: 14.423%
2017-03-20 23:25:32,729 INFO: 	Right mean rank: 418.414, MRR: 0.084, median rank: 99.0, hits@10: 17.073%
2017-03-20 23:25:32,729 INFO: 	Global mean rank: 458.541, MRR: 0.077, median rank: 116.0, hits@10: 15.748%
2017-03-20 23:25:32,729 INFO: MACRO RAW
2017-03-20 23:25:32,729 INFO: 	Left mean rank: 1004.742, MRR: 0.067, median rank: 205.0, hits@10: 13.532%
2017-03-20 23:25:32,729 INFO: 	Right mean rank: 970.59, MRR: 0.08, median rank: 173.0, hits@10: 15.213%
2017-03-20 23:25:32,730 INFO: 	Global mean rank: 987.666, MRR: 0.074, median rank: 176.0, hits@10: 14.373%
2017-03-20 23:25:32,738 INFO: Ranking model on all examples from test. Each example ranked against 14951 other entities which are FILTERED
2017-03-20 23:25:34,924 INFO: 	FilteredRanking: evaluating rank on 59071 triples
2017-03-21 01:21:38,472 INFO: MICRO FILTERED:
2017-03-21 01:21:38,484 INFO: 	Left mean rank: 383.77827, MRR: 0.09429, median rank: 97.0, hits@10: 18.407%
2017-03-21 01:21:38,485 INFO: 	Right mean rank: 346.0681, MRR: 0.10942, median rank: 80.0, hits@10: 21.032%
2017-03-21 01:21:38,485 INFO: 	Global mean rank: 364.92319, MRR: 0.10186, median rank: 88.0, hits@10: 19.719%
2017-03-21 01:21:38,485 INFO: MACRO FILTERED
2017-03-21 01:21:38,485 INFO: 	Left mean rank: 978.98897, MRR: 0.08236, median rank: 180.0, hits@10: 15.765%
2017-03-21 01:21:38,485 INFO: 	Right mean rank: 958.55613, MRR: 0.09487, median rank: 161.0, hits@10: 17.132%
2017-03-21 01:21:38,486 INFO: 	Global mean rank: 968.77255, MRR: 0.08861, median rank: 164.0, hits@10: 16.449%
