2017-04-01 17:36:16,320 INFO: logger initialized for experiment identifier: DoubleLinear_L1_ndim_50_marg_1.0_lrate_0.01_cost_margincost_pos_high_reg_0.01
2017-04-01 17:36:16,320 INFO: identifier: DoubleLinear_L1_ndim_50_marg_1.0_lrate_0.01_cost_margincost_pos_high_reg_0.01
2017-04-01 17:36:16,320 INFO: models saved to path: /Users/corbinrosset/Dropbox/Arora/QA-code/src/KBC_Text/outputs/FB15k_DoubleLinear/
2017-04-01 17:36:16,320 INFO: DD{'ndim': 50, 'test_all': 10, 'Nsyn_rel': 1345, 'totepochs': 500, 'bestvalidMRR': -1, 'loadmodel': False, 'lremb': 0.01, 'nvalid': 1000, 'seed': 123, 'marge': 1.0, 'margincostfunction': 'margincost_pos_high', 'simfn': 'L1', 'savepath': '/Users/corbinrosset/Dropbox/Arora/QA-code/src/KBC_Text/outputs/FB15k_DoubleLinear/DoubleLinear_L1_ndim_50_marg_1.0_lrate_0.01_cost_margincost_pos_high_reg_0.01', 'dataset': 'FB15k', 'nbatches': 100, 'identifier': 'DoubleLinear_L1_ndim_50_marg_1.0_lrate_0.01_cost_margincost_pos_high_reg_0.01', 'lrparam': 0.01, 'loademb': False, 'datapath': '/Users/corbinrosset/Dropbox/Arora/QA-code/src/KBC_Text/data/', 'ntrain': 1000, 'Nrel': 1345, 'experiment_type': 'FB15kexp', 'rel': False, 'Nent': 16296, 'logger': <logging.RootLogger object at 0x107e8ec90>, 'ntest': 1000, 'Nsyn': 14951, 'reg': 0.01, 'op': 'DoubleLinear'}
2017-04-01 17:36:18,110 DEBUG: FB15kexp: load_FB15k_data(): trainl(16296, 483142), trainr(16296, 483142), traino(1345, 483142), trainlidx(1000,)
2017-04-01 17:37:06,909 INFO: logger initialized for experiment identifier: DoubleLinear_L1_ndim_50_marg_1.0_lrate_0.01_cost_margincost_pos_high_reg_0.01
2017-04-01 17:37:06,909 INFO: identifier: DoubleLinear_L1_ndim_50_marg_1.0_lrate_0.01_cost_margincost_pos_high_reg_0.01
2017-04-01 17:37:06,909 INFO: models saved to path: /Users/corbinrosset/Dropbox/Arora/QA-code/src/KBC_Text/outputs/FB15k_DoubleLinear/
2017-04-01 17:37:06,909 INFO: DD{'ndim': 50, 'test_all': 10, 'Nsyn_rel': 1345, 'totepochs': 500, 'bestvalidMRR': -1, 'loadmodel': False, 'lremb': 0.01, 'nvalid': 1000, 'seed': 123, 'marge': 1.0, 'margincostfunction': 'margincost_pos_high', 'simfn': 'L1', 'savepath': '/Users/corbinrosset/Dropbox/Arora/QA-code/src/KBC_Text/outputs/FB15k_DoubleLinear/DoubleLinear_L1_ndim_50_marg_1.0_lrate_0.01_cost_margincost_pos_high_reg_0.01', 'dataset': 'FB15k', 'nbatches': 100, 'identifier': 'DoubleLinear_L1_ndim_50_marg_1.0_lrate_0.01_cost_margincost_pos_high_reg_0.01', 'lrparam': 0.01, 'loademb': False, 'datapath': '/Users/corbinrosset/Dropbox/Arora/QA-code/src/KBC_Text/data/', 'ntrain': 1000, 'Nrel': 1345, 'experiment_type': 'FB15kexp', 'rel': False, 'Nent': 16296, 'logger': <logging.RootLogger object at 0x10eae6c90>, 'ntest': 1000, 'Nsyn': 14951, 'reg': 0.01, 'op': 'DoubleLinear'}
2017-04-01 17:37:08,591 DEBUG: FB15kexp: load_FB15k_data(): trainl(16296, 483142), trainr(16296, 483142), traino(1345, 483142), trainlidx(1000,)
2017-04-01 17:37:32,297 INFO: logger initialized for experiment identifier: DoubleLinear_L1_ndim_50_marg_1.0_lrate_0.01_cost_margincost_pos_high_reg_0.01
2017-04-01 17:37:32,297 INFO: identifier: DoubleLinear_L1_ndim_50_marg_1.0_lrate_0.01_cost_margincost_pos_high_reg_0.01
2017-04-01 17:37:32,297 INFO: models saved to path: /Users/corbinrosset/Dropbox/Arora/QA-code/src/KBC_Text/outputs/FB15k_DoubleLinear/
2017-04-01 17:37:32,297 INFO: DD{'ndim': 50, 'test_all': 10, 'Nsyn_rel': 1345, 'totepochs': 500, 'bestvalidMRR': -1, 'loadmodel': False, 'lremb': 0.01, 'nvalid': 1000, 'seed': 123, 'marge': 1.0, 'margincostfunction': 'margincost_pos_high', 'simfn': 'L1', 'savepath': '/Users/corbinrosset/Dropbox/Arora/QA-code/src/KBC_Text/outputs/FB15k_DoubleLinear/DoubleLinear_L1_ndim_50_marg_1.0_lrate_0.01_cost_margincost_pos_high_reg_0.01', 'dataset': 'FB15k', 'nbatches': 100, 'identifier': 'DoubleLinear_L1_ndim_50_marg_1.0_lrate_0.01_cost_margincost_pos_high_reg_0.01', 'lrparam': 0.01, 'loademb': False, 'datapath': '/Users/corbinrosset/Dropbox/Arora/QA-code/src/KBC_Text/data/', 'ntrain': 1000, 'Nrel': 1345, 'experiment_type': 'FB15kexp', 'rel': False, 'Nent': 16296, 'logger': <logging.RootLogger object at 0x10ee6cc90>, 'ntest': 1000, 'Nsyn': 14951, 'reg': 0.01, 'op': 'DoubleLinear'}
2017-04-01 17:37:34,017 DEBUG: FB15kexp: load_FB15k_data(): trainl(16296, 483142), trainr(16296, 483142), traino(1345, 483142), trainlidx(1000,)
2017-04-01 17:37:44,897 DEBUG: loaded data and constructed model...
2017-04-01 17:37:44,897 DEBUG: num epochs: 500
2017-04-01 17:37:44,897 DEBUG: num batches per epoch: 100
2017-04-01 17:37:44,898 DEBUG: batchsize: 4831
2017-04-01 17:37:44,898 DEBUG: left and right entity ranking functions will rank a slot against 14951 competitors
2017-04-01 17:37:44,898 INFO: BEGIN TRAINING
2017-04-01 17:40:34,150 INFO: ----------------------------------------------------------------------------
2017-04-01 17:40:34,150 INFO: EPOCH 1 (169.253 seconds):
2017-04-01 17:40:34,203 INFO: 	Average L2 norm of relation vector: 0.0812
2017-04-01 17:40:34,204 INFO: 	COST >> 1.732 +/- 0.372, % updates Left: 61.93%  Right: 62.13%
2017-04-01 17:43:23,730 INFO: ----------------------------------------------------------------------------
2017-04-01 17:43:23,730 INFO: EPOCH 2 (169.526 seconds):
2017-04-01 17:43:23,770 INFO: 	Average L2 norm of relation vector: 0.09153
2017-04-01 17:43:23,771 INFO: 	COST >> 0.864 +/- 0.097, % updates Left: 25.82%  Right: 26.35%
2017-04-01 17:46:15,730 INFO: ----------------------------------------------------------------------------
2017-04-01 17:46:15,730 INFO: EPOCH 3 (171.96 seconds):
2017-04-01 17:46:15,769 INFO: 	Average L2 norm of relation vector: 0.09647
2017-04-01 17:46:15,769 INFO: 	COST >> 0.693 +/- 0.06, % updates Left: 17.93%  Right: 18.56%
2017-04-01 17:49:09,870 INFO: ----------------------------------------------------------------------------
2017-04-01 17:49:09,870 INFO: EPOCH 4 (174.101 seconds):
2017-04-01 17:49:09,909 INFO: 	Average L2 norm of relation vector: 0.09951
2017-04-01 17:49:09,910 INFO: 	COST >> 0.648 +/- 0.069, % updates Left: 15.55%  Right: 16.05%
2017-04-01 17:52:03,511 INFO: ----------------------------------------------------------------------------
2017-04-01 17:52:03,515 INFO: EPOCH 5 (173.605 seconds):
2017-04-01 17:52:03,560 INFO: 	Average L2 norm of relation vector: 0.10169
2017-04-01 17:52:03,561 INFO: 	COST >> 0.628 +/- 0.082, % updates Left: 14.43%  Right: 14.79%
2017-04-01 17:54:59,346 INFO: ----------------------------------------------------------------------------
2017-04-01 17:54:59,346 INFO: EPOCH 6 (175.785 seconds):
2017-04-01 17:54:59,389 INFO: 	Average L2 norm of relation vector: 0.10321
2017-04-01 17:54:59,390 INFO: 	COST >> 0.626 +/- 0.076, % updates Left: 13.8%  Right: 14.04%
2017-04-01 17:57:54,444 INFO: ----------------------------------------------------------------------------
2017-04-01 17:57:54,446 INFO: EPOCH 7 (175.056 seconds):
2017-04-01 17:57:54,487 INFO: 	Average L2 norm of relation vector: 0.10441
2017-04-01 17:57:54,487 INFO: 	COST >> 0.624 +/- 0.081, % updates Left: 13.52%  Right: 13.76%
2017-04-01 18:00:52,683 INFO: ----------------------------------------------------------------------------
2017-04-01 18:00:52,685 INFO: EPOCH 8 (178.198 seconds):
2017-04-01 18:00:52,728 INFO: 	Average L2 norm of relation vector: 0.10528
2017-04-01 18:00:52,729 INFO: 	COST >> 0.618 +/- 0.084, % updates Left: 13.01%  Right: 13.46%
2017-04-01 18:03:51,126 INFO: ----------------------------------------------------------------------------
2017-04-01 18:03:51,128 INFO: EPOCH 9 (178.399 seconds):
2017-04-01 18:03:51,169 INFO: 	Average L2 norm of relation vector: 0.10606
2017-04-01 18:03:51,169 INFO: 	COST >> 0.612 +/- 0.085, % updates Left: 12.8%  Right: 13.17%
2017-04-01 18:06:47,921 INFO: ----------------------------------------------------------------------------
2017-04-01 18:06:47,921 INFO: EPOCH 10 (176.752 seconds):
2017-04-01 18:06:47,961 INFO: 	Average L2 norm of relation vector: 0.10666
2017-04-01 18:06:47,962 INFO: 	COST >> 0.597 +/- 0.088, % updates Left: 12.44%  Right: 12.78%
2017-04-01 18:06:47,962 INFO: 	FilteredRanking: evaluating rank on 1000 triples
2017-04-01 18:16:27,907 INFO: 	FilteredRanking: evaluating rank on 1000 triples
2017-04-01 18:25:44,918 INFO: 	MEAN RANK >> valid: 1157.8, train: 963.6
2017-04-01 18:25:44,918 INFO: 		MEAN RANK TRAIN: Left: 974.7 Rel: 0.0 Right: 952.6
2017-04-01 18:25:44,919 INFO: 		MEAN RANK VALID: Left: 1147.4 Rel: 0.0 Right: 1168.1
2017-04-01 18:25:44,919 INFO: 		MEAN RECIPROCAL RANK VALID (L & R): 0.003
2017-04-01 18:25:44,919 INFO: 	FilteredRanking: evaluating rank on 1000 triples
2017-04-01 18:35:22,356 INFO: 	NEW BEST TEST MR: 1173.1
2017-04-01 18:35:22,356 INFO: 		Left MR: 1206.1 Rel MR: 0.0 Right MR: 1140.1
2017-04-01 18:35:22,455 INFO: 	(ranking took 1714.493 seconds)
2017-04-01 18:38:11,626 INFO: ----------------------------------------------------------------------------
2017-04-01 18:38:11,626 INFO: EPOCH 11 (169.171 seconds):
2017-04-01 18:38:11,667 INFO: 	Average L2 norm of relation vector: 0.10722
2017-04-01 18:38:11,667 INFO: 	COST >> 0.606 +/- 0.102, % updates Left: 12.39%  Right: 12.78%
2017-04-01 18:41:01,594 INFO: ----------------------------------------------------------------------------
2017-04-01 18:41:01,594 INFO: EPOCH 12 (169.927 seconds):
2017-04-01 18:41:01,638 INFO: 	Average L2 norm of relation vector: 0.10748
2017-04-01 18:41:01,638 INFO: 	COST >> 0.595 +/- 0.088, % updates Left: 12.08%  Right: 12.33%
2017-04-01 18:44:06,330 INFO: logger initialized for experiment identifier: DoubleLinear_L1_ndim_50_marg_1.0_lrate_0.01_cost_margincost_pos_high_reg_0.01
2017-04-01 18:44:06,331 INFO: identifier: DoubleLinear_L1_ndim_50_marg_1.0_lrate_0.01_cost_margincost_pos_high_reg_0.01
2017-04-01 18:44:06,331 INFO: models saved to path: /Users/corbinrosset/Dropbox/Arora/QA-code/src/KBC_Text/outputs/FB15k_DoubleLinear/
2017-04-01 18:44:06,331 INFO: DD{'ndim': 50, 'test_all': 10, 'Nsyn_rel': 1345, 'totepochs': 500, 'bestvalidMRR': -1, 'loadmodel': False, 'lremb': 0.01, 'nvalid': 1000, 'seed': 123, 'marge': 1.0, 'margincostfunction': 'margincost_pos_high', 'simfn': 'L1', 'savepath': '/Users/corbinrosset/Dropbox/Arora/QA-code/src/KBC_Text/outputs/FB15k_DoubleLinear/DoubleLinear_L1_ndim_50_marg_1.0_lrate_0.01_cost_margincost_pos_high_reg_0.01', 'dataset': 'FB15k', 'nbatches': 100, 'identifier': 'DoubleLinear_L1_ndim_50_marg_1.0_lrate_0.01_cost_margincost_pos_high_reg_0.01', 'lrparam': 0.01, 'loademb': False, 'datapath': '/Users/corbinrosset/Dropbox/Arora/QA-code/src/KBC_Text/data/', 'ntrain': 1000, 'Nrel': 1345, 'experiment_type': 'FB15kexp', 'rel': False, 'Nent': 16296, 'logger': <logging.RootLogger object at 0x10c378c90>, 'ntest': 1000, 'Nsyn': 14951, 'reg': 0.01, 'op': 'DoubleLinear'}
2017-04-01 18:44:08,074 DEBUG: FB15kexp: load_FB15k_data(): trainl(16296, 483142), trainr(16296, 483142), traino(1345, 483142), trainlidx(1000,)
2017-04-01 18:44:10,557 DEBUG: loaded data and constructed model...
2017-04-01 18:44:10,557 DEBUG: num epochs: 500
2017-04-01 18:44:10,557 DEBUG: num batches per epoch: 100
2017-04-01 18:44:10,557 DEBUG: batchsize: 4831
2017-04-01 18:44:10,557 DEBUG: left and right entity ranking functions will rank a slot against 14951 competitors
2017-04-01 18:44:10,557 INFO: BEGIN TRAINING
2017-04-01 18:47:46,433 INFO: ----------------------------------------------------------------------------
2017-04-01 18:47:46,433 INFO: EPOCH 1 (215.876 seconds):
2017-04-01 18:47:46,495 INFO: 	Average L2 norm of relation vector: 0.0704
2017-04-01 18:47:46,496 INFO: 	COST >> 1.634 +/- 0.408, % updates Left: 69.42%  Right: 69.49%
2017-04-01 18:51:25,399 INFO: ----------------------------------------------------------------------------
2017-04-01 18:51:25,399 INFO: EPOCH 2 (218.903 seconds):
2017-04-01 18:51:25,439 INFO: 	Average L2 norm of relation vector: 0.08323
2017-04-01 18:51:25,439 INFO: 	COST >> 0.811 +/- 0.098, % updates Left: 32.1%  Right: 32.59%
2017-04-01 18:55:06,828 INFO: ----------------------------------------------------------------------------
2017-04-01 18:55:06,830 INFO: EPOCH 3 (221.391 seconds):
2017-04-01 18:55:06,869 INFO: 	Average L2 norm of relation vector: 0.08925
2017-04-01 18:55:06,869 INFO: 	COST >> 0.548 +/- 0.046, % updates Left: 18.94%  Right: 19.48%
2017-04-01 18:58:47,999 INFO: ----------------------------------------------------------------------------
2017-04-01 18:58:47,999 INFO: EPOCH 4 (221.13 seconds):
2017-04-01 18:58:48,041 INFO: 	Average L2 norm of relation vector: 0.09249
2017-04-01 18:58:48,041 INFO: 	COST >> 0.423 +/- 0.056, % updates Left: 13.56%  Right: 13.69%
2017-04-01 19:02:26,297 INFO: ----------------------------------------------------------------------------
2017-04-01 19:02:26,297 INFO: EPOCH 5 (218.256 seconds):
2017-04-01 19:02:26,338 INFO: 	Average L2 norm of relation vector: 0.09426
2017-04-01 19:02:26,339 INFO: 	COST >> 0.322 +/- 0.054, % updates Left: 10.42%  Right: 10.16%
2017-04-01 19:06:10,161 INFO: ----------------------------------------------------------------------------
2017-04-01 19:06:10,163 INFO: EPOCH 6 (223.825 seconds):
2017-04-01 19:06:10,203 INFO: 	Average L2 norm of relation vector: 0.09513
2017-04-01 19:06:10,204 INFO: 	COST >> 0.236 +/- 0.03, % updates Left: 8.11%  Right: 7.67%
2017-04-01 19:09:45,003 INFO: ----------------------------------------------------------------------------
2017-04-01 19:09:45,003 INFO: EPOCH 7 (214.799 seconds):
2017-04-01 19:09:45,043 INFO: 	Average L2 norm of relation vector: 0.09554
2017-04-01 19:09:45,043 INFO: 	COST >> 0.2 +/- 0.013, % updates Left: 6.89%  Right: 6.4%
2017-04-01 19:13:27,632 INFO: ----------------------------------------------------------------------------
2017-04-01 19:13:27,632 INFO: EPOCH 8 (222.589 seconds):
2017-04-01 19:13:27,670 INFO: 	Average L2 norm of relation vector: 0.09579
2017-04-01 19:13:27,670 INFO: 	COST >> 0.182 +/- 0.011, % updates Left: 6.29%  Right: 5.76%
2017-04-01 19:40:32,003 INFO: ----------------------------------------------------------------------------
2017-04-01 19:40:32,005 INFO: EPOCH 9 (1624.334 seconds):
2017-04-01 19:40:32,046 INFO: 	Average L2 norm of relation vector: 0.09591
2017-04-01 19:40:32,046 INFO: 	COST >> 0.17 +/- 0.011, % updates Left: 5.78%  Right: 5.29%
2017-04-01 19:44:07,438 INFO: ----------------------------------------------------------------------------
2017-04-01 19:44:07,439 INFO: EPOCH 10 (215.392 seconds):
2017-04-01 19:44:07,478 INFO: 	Average L2 norm of relation vector: 0.096
2017-04-01 19:44:07,479 INFO: 	COST >> 0.157 +/- 0.013, % updates Left: 5.3%  Right: 4.88%
2017-04-01 19:44:07,479 INFO: 	FilteredRanking: evaluating rank on 1000 triples
2017-04-01 19:53:55,059 INFO: 	FilteredRanking: evaluating rank on 1000 triples
2017-04-01 20:03:54,220 INFO: 	MEAN RANK >> valid: 448.5, train: 273.8
2017-04-01 20:03:54,221 INFO: 		MEAN RANK TRAIN: Left: 289.1 Rel: 0.0 Right: 258.6
2017-04-01 20:03:54,221 INFO: 		MEAN RANK VALID: Left: 482.2 Rel: 0.0 Right: 414.9
2017-04-01 20:03:54,221 INFO: 		MEAN RECIPROCAL RANK VALID (L & R): 0.083
2017-04-01 20:03:54,221 INFO: 	FilteredRanking: evaluating rank on 1000 triples
2017-04-01 20:14:04,032 INFO: 	NEW BEST TEST MR: 496.9
2017-04-01 20:14:04,033 INFO: 		Left MR: 602.3 Rel MR: 0.0 Right MR: 391.6
2017-04-01 20:14:04,231 INFO: 	(ranking took 1796.752 seconds)
2017-04-01 20:17:52,923 INFO: ----------------------------------------------------------------------------
2017-04-01 20:17:52,925 INFO: EPOCH 11 (228.694 seconds):
2017-04-01 20:17:52,966 INFO: 	Average L2 norm of relation vector: 0.09597
2017-04-01 20:17:52,966 INFO: 	COST >> 0.144 +/- 0.013, % updates Left: 4.88%  Right: 4.42%
2017-04-01 20:21:37,633 INFO: ----------------------------------------------------------------------------
2017-04-01 20:21:37,633 INFO: EPOCH 12 (224.667 seconds):
2017-04-01 20:21:37,679 INFO: 	Average L2 norm of relation vector: 0.09593
2017-04-01 20:21:37,679 INFO: 	COST >> 0.135 +/- 0.016, % updates Left: 4.51%  Right: 4.1%
2017-04-01 20:25:16,314 INFO: ----------------------------------------------------------------------------
2017-04-01 20:25:16,314 INFO: EPOCH 13 (218.635 seconds):
2017-04-01 20:25:16,356 INFO: 	Average L2 norm of relation vector: 0.09582
2017-04-01 20:25:16,356 INFO: 	COST >> 0.125 +/- 0.018, % updates Left: 4.14%  Right: 3.73%
2017-04-01 20:28:54,525 INFO: ----------------------------------------------------------------------------
2017-04-01 20:28:54,525 INFO: EPOCH 14 (218.169 seconds):
2017-04-01 20:28:54,565 INFO: 	Average L2 norm of relation vector: 0.09559
2017-04-01 20:28:54,566 INFO: 	COST >> 0.115 +/- 0.013, % updates Left: 3.81%  Right: 3.46%
2017-04-01 20:32:35,666 INFO: ----------------------------------------------------------------------------
2017-04-01 20:32:35,668 INFO: EPOCH 15 (221.102 seconds):
2017-04-01 20:32:35,709 INFO: 	Average L2 norm of relation vector: 0.09538
2017-04-01 20:32:35,709 INFO: 	COST >> 0.107 +/- 0.012, % updates Left: 3.55%  Right: 3.24%
2017-04-01 20:36:12,278 INFO: ----------------------------------------------------------------------------
2017-04-01 20:36:12,278 INFO: EPOCH 16 (216.568 seconds):
2017-04-01 20:36:12,318 INFO: 	Average L2 norm of relation vector: 0.09509
2017-04-01 20:36:12,318 INFO: 	COST >> 0.103 +/- 0.016, % updates Left: 3.34%  Right: 3.1%
2017-04-01 20:39:47,823 INFO: ----------------------------------------------------------------------------
2017-04-01 20:39:47,823 INFO: EPOCH 17 (215.505 seconds):
2017-04-01 20:39:47,864 INFO: 	Average L2 norm of relation vector: 0.0948
2017-04-01 20:39:47,865 INFO: 	COST >> 0.096 +/- 0.005, % updates Left: 3.18%  Right: 2.86%
