2017-03-20 20:42:37,904 INFO: logger initialized for experiment identifier: BilinearDiag_Dot_ndim_100_marg_0.5_lrate_0.01_cost_margincost_pos_high_reg_0.01_REL
2017-03-20 20:42:37,907 INFO: identifier: BilinearDiag_Dot_ndim_100_marg_0.5_lrate_0.01_cost_margincost_pos_high_reg_0.01_REL
2017-03-20 20:42:37,907 INFO: models saved to path: /home/ubuntu/Thesis_code/KBC_Text/outputs/FB15k_BilinearDiag/
2017-03-20 20:42:37,907 INFO: DD{'ndim': 100, 'test_all': 10, 'Nsyn_rel': 1345, 'totepochs': 500, 'bestvalidMRR': -1, 'loadmodel': False, 'lremb': 0.01, 'nvalid': 1000, 'seed': 123, 'marge': 0.5, 'margincostfunction': 'margincost_pos_high', 'simfn': 'Dot', 'savepath': '/home/ubuntu/Thesis_code/KBC_Text/outputs/FB15k_BilinearDiag/BilinearDiag_Dot_ndim_100_marg_0.5_lrate_0.01_cost_margincost_pos_high_reg_0.01_REL', 'dataset': 'FB15k', 'nbatches': 100, 'identifier': 'BilinearDiag_Dot_ndim_100_marg_0.5_lrate_0.01_cost_margincost_pos_high_reg_0.01_REL', 'lrparam': 0.01, 'loademb': False, 'datapath': '/home/ubuntu/Thesis_code/KBC_Text/data/', 'ntrain': 1000, 'Nrel': 1345, 'experiment_type': 'FB15kexp', 'rel': True, 'Nent': 16296, 'logger': <logging.RootLogger object at 0x7f191b344690>, 'ntest': 1000, 'Nsyn': 14951, 'reg': 0.01, 'op': 'BilinearDiag'}
2017-03-20 20:42:40,892 DEBUG: FB15kexp: load_FB15k_data(): trainl(16296, 483142), trainr(16296, 483142), traino(1345, 483142), trainlidx(1000,)
2017-03-20 20:42:54,679 DEBUG: Training to rank RELATIONS as well!
2017-03-20 20:42:54,682 DEBUG: loaded data and constructed model...
2017-03-20 20:42:54,682 DEBUG: num epochs: 500
2017-03-20 20:42:54,683 DEBUG: num batches per epoch: 100
2017-03-20 20:42:54,683 DEBUG: batchsize: 4831
2017-03-20 20:42:54,683 DEBUG: left and right entity ranking functions will rank a slot against 14951 competitors
2017-03-20 20:42:54,683 INFO: BEGIN TRAINING
2017-03-20 20:44:02,799 INFO: ----------------------------------------------------------------------------
2017-03-20 20:44:02,800 INFO: EPOCH 1 (68.116 seconds):
2017-03-20 20:44:02,848 INFO: 	Average L2 norm of relation vector: 0.02688
2017-03-20 20:44:02,851 INFO: 	COST >> 1.502 +/- 0.001, % updates Left: 100.0% Rel: 100.0% Right: 100.0%
2017-03-20 20:45:07,774 INFO: ----------------------------------------------------------------------------
2017-03-20 20:45:07,774 INFO: EPOCH 2 (64.923 seconds):
2017-03-20 20:45:07,776 INFO: 	Average L2 norm of relation vector: 0.02754
2017-03-20 20:45:07,777 INFO: 	COST >> 1.477 +/- 0.02, % updates Left: 99.07% Rel: 98.97% Right: 99.02%
2017-03-20 20:46:07,606 INFO: ----------------------------------------------------------------------------
2017-03-20 20:46:07,607 INFO: EPOCH 3 (59.829 seconds):
2017-03-20 20:46:07,609 INFO: 	Average L2 norm of relation vector: 0.0313
2017-03-20 20:46:07,610 INFO: 	COST >> 1.349 +/- 0.077, % updates Left: 92.94% Rel: 92.71% Right: 92.83%
2017-03-20 20:47:45,365 INFO: ----------------------------------------------------------------------------
2017-03-20 20:47:45,366 INFO: EPOCH 4 (97.756 seconds):
2017-03-20 20:47:45,368 INFO: 	Average L2 norm of relation vector: 0.03983
2017-03-20 20:47:45,369 INFO: 	COST >> 0.882 +/- 0.175, % updates Left: 67.16% Rel: 65.65% Right: 67.01%
2017-03-20 20:49:23,734 INFO: ----------------------------------------------------------------------------
2017-03-20 20:49:23,736 INFO: EPOCH 5 (98.367 seconds):
2017-03-20 20:49:23,739 INFO: 	Average L2 norm of relation vector: 0.04572
2017-03-20 20:49:23,740 INFO: 	COST >> 0.457 +/- 0.07, % updates Left: 38.75% Rel: 34.12% Right: 38.54%
2017-03-20 20:51:22,791 INFO: ----------------------------------------------------------------------------
2017-03-20 20:51:22,792 INFO: EPOCH 6 (119.051 seconds):
2017-03-20 20:51:22,794 INFO: 	Average L2 norm of relation vector: 0.04946
2017-03-20 20:51:22,795 INFO: 	COST >> 0.302 +/- 0.026, % updates Left: 27.37% Rel: 20.81% Right: 27.13%
2017-03-20 20:53:26,066 INFO: ----------------------------------------------------------------------------
2017-03-20 20:53:26,076 INFO: EPOCH 7 (123.281 seconds):
2017-03-20 20:53:26,078 INFO: 	Average L2 norm of relation vector: 0.05229
2017-03-20 20:53:26,079 INFO: 	COST >> 0.226 +/- 0.014, % updates Left: 21.85% Rel: 14.55% Right: 21.47%
2017-03-20 20:55:29,046 INFO: ----------------------------------------------------------------------------
2017-03-20 20:55:29,047 INFO: EPOCH 8 (122.967 seconds):
2017-03-20 20:55:29,062 INFO: 	Average L2 norm of relation vector: 0.05437
2017-03-20 20:55:29,063 INFO: 	COST >> 0.186 +/- 0.008, % updates Left: 18.67% Rel: 10.84% Right: 18.03%
2017-03-20 20:57:25,697 INFO: ----------------------------------------------------------------------------
2017-03-20 20:57:25,708 INFO: EPOCH 9 (116.645 seconds):
2017-03-20 20:57:25,711 INFO: 	Average L2 norm of relation vector: 0.05598
2017-03-20 20:57:25,712 INFO: 	COST >> 0.162 +/- 0.007, % updates Left: 16.53% Rel: 8.83% Right: 15.93%
2017-03-20 20:59:33,440 INFO: ----------------------------------------------------------------------------
2017-03-20 20:59:33,452 INFO: EPOCH 10 (127.74 seconds):
2017-03-20 20:59:33,456 INFO: 	Average L2 norm of relation vector: 0.05726
2017-03-20 20:59:33,457 INFO: 	COST >> 0.146 +/- 0.005, % updates Left: 14.99% Rel: 7.51% Right: 14.45%
2017-03-20 20:59:33,468 INFO: 	FilteredRanking: evaluating rank on 1000 triples
2017-03-20 21:02:19,005 INFO: 	FilteredRanking: evaluating rank on 1000 triples
2017-03-20 21:04:57,510 INFO: 	MEAN RANK >> valid: 613.8, train: 503.1
2017-03-20 21:04:57,511 INFO: 		MEAN RANK TRAIN: Left: 523.0 Rel: 752.1 Right: 483.2
2017-03-20 21:04:57,512 INFO: 		MEAN RANK VALID: Left: 648.4 Rel: 744.9 Right: 579.2
2017-03-20 21:04:57,512 INFO: 		MEAN RECIPROCAL RANK VALID (L & R): 0.044
2017-03-20 21:04:57,512 INFO: 	FilteredRanking: evaluating rank on 1000 triples
2017-03-20 21:07:50,537 INFO: 	NEW BEST TEST MR: 596.3
2017-03-20 21:07:50,538 INFO: 		Left MR: 634.3 Rel MR: 738.7 Right MR: 558.2
2017-03-20 21:07:50,633 INFO: 	(ranking took 497.164 seconds)
2017-03-20 21:10:49,831 INFO: ----------------------------------------------------------------------------
2017-03-20 21:10:49,832 INFO: EPOCH 11 (179.199 seconds):
2017-03-20 21:10:49,835 INFO: 	Average L2 norm of relation vector: 0.05836
2017-03-20 21:10:49,836 INFO: 	COST >> 0.134 +/- 0.005, % updates Left: 14.02% Rel: 6.65% Right: 13.32%
2017-03-20 21:12:46,750 INFO: ----------------------------------------------------------------------------
2017-03-20 21:12:46,756 INFO: EPOCH 12 (116.92 seconds):
2017-03-20 21:12:46,758 INFO: 	Average L2 norm of relation vector: 0.0593
2017-03-20 21:12:46,759 INFO: 	COST >> 0.125 +/- 0.005, % updates Left: 13.17% Rel: 6.05% Right: 12.51%
2017-03-20 21:14:42,946 INFO: ----------------------------------------------------------------------------
2017-03-20 21:14:42,956 INFO: EPOCH 13 (116.197 seconds):
2017-03-20 21:14:42,959 INFO: 	Average L2 norm of relation vector: 0.06011
2017-03-20 21:14:42,961 INFO: 	COST >> 0.117 +/- 0.004, % updates Left: 12.36% Rel: 5.47% Right: 11.8%
2017-03-20 21:17:05,516 INFO: ----------------------------------------------------------------------------
2017-03-20 21:17:05,517 INFO: EPOCH 14 (142.556 seconds):
2017-03-20 21:17:05,520 INFO: 	Average L2 norm of relation vector: 0.06082
2017-03-20 21:17:05,521 INFO: 	COST >> 0.111 +/- 0.004, % updates Left: 11.79% Rel: 5.06% Right: 11.22%
2017-03-20 21:19:04,220 INFO: ----------------------------------------------------------------------------
2017-03-20 21:19:04,221 INFO: EPOCH 15 (118.699 seconds):
2017-03-20 21:19:04,223 INFO: 	Average L2 norm of relation vector: 0.06138
2017-03-20 21:19:04,233 INFO: 	COST >> 0.106 +/- 0.004, % updates Left: 11.29% Rel: 4.67% Right: 10.6%
2017-03-20 21:21:10,231 INFO: ----------------------------------------------------------------------------
2017-03-20 21:21:10,244 INFO: EPOCH 16 (126.011 seconds):
2017-03-20 21:21:10,246 INFO: 	Average L2 norm of relation vector: 0.06188
2017-03-20 21:21:10,247 INFO: 	COST >> 0.102 +/- 0.004, % updates Left: 10.86% Rel: 4.39% Right: 10.19%
2017-03-20 21:22:58,677 INFO: ----------------------------------------------------------------------------
2017-03-20 21:22:58,688 INFO: EPOCH 17 (108.441 seconds):
2017-03-20 21:22:58,690 INFO: 	Average L2 norm of relation vector: 0.06229
2017-03-20 21:22:58,691 INFO: 	COST >> 0.098 +/- 0.004, % updates Left: 10.46% Rel: 4.12% Right: 9.79%
2017-03-20 21:25:07,190 INFO: ----------------------------------------------------------------------------
2017-03-20 21:25:07,192 INFO: EPOCH 18 (128.501 seconds):
2017-03-20 21:25:07,194 INFO: 	Average L2 norm of relation vector: 0.06264
2017-03-20 21:25:07,195 INFO: 	COST >> 0.095 +/- 0.003, % updates Left: 10.15% Rel: 3.95% Right: 9.53%
2017-03-20 21:27:05,715 INFO: ----------------------------------------------------------------------------
2017-03-20 21:27:05,728 INFO: EPOCH 19 (118.533 seconds):
2017-03-20 21:27:05,730 INFO: 	Average L2 norm of relation vector: 0.06296
2017-03-20 21:27:05,731 INFO: 	COST >> 0.093 +/- 0.003, % updates Left: 9.94% Rel: 3.78% Right: 9.21%
2017-03-20 21:30:01,807 INFO: ----------------------------------------------------------------------------
2017-03-20 21:30:01,808 INFO: EPOCH 20 (176.076 seconds):
2017-03-20 21:30:01,810 INFO: 	Average L2 norm of relation vector: 0.06322
2017-03-20 21:30:01,811 INFO: 	COST >> 0.09 +/- 0.003, % updates Left: 9.54% Rel: 3.59% Right: 9.02%
2017-03-20 21:30:01,811 INFO: 	FilteredRanking: evaluating rank on 1000 triples
2017-03-20 21:33:03,138 INFO: 	FilteredRanking: evaluating rank on 1000 triples
2017-03-20 21:35:59,386 INFO: 	MEAN RANK >> valid: 390.9, train: 299.0
2017-03-20 21:35:59,397 INFO: 		MEAN RANK TRAIN: Left: 307.3 Rel: 739.4 Right: 290.7
2017-03-20 21:35:59,409 INFO: 		MEAN RANK VALID: Left: 424.0 Rel: 707.8 Right: 357.8
2017-03-20 21:35:59,409 INFO: 		MEAN RECIPROCAL RANK VALID (L & R): 0.057
2017-03-20 21:35:59,410 INFO: 	FilteredRanking: evaluating rank on 1000 triples
2017-03-20 21:38:46,911 INFO: 	NEW BEST TEST MR: 403.6
2017-03-20 21:38:46,925 INFO: 		Left MR: 438.4 Rel MR: 723.0 Right MR: 368.8
2017-03-20 21:38:47,068 INFO: 	(ranking took 525.257 seconds)
2017-03-20 21:40:51,564 INFO: ----------------------------------------------------------------------------
2017-03-20 21:40:51,565 INFO: EPOCH 21 (124.496 seconds):
2017-03-20 21:40:51,567 INFO: 	Average L2 norm of relation vector: 0.06345
2017-03-20 21:40:51,568 INFO: 	COST >> 0.088 +/- 0.003, % updates Left: 9.36% Rel: 3.48% Right: 8.82%
2017-03-20 21:43:08,358 INFO: ----------------------------------------------------------------------------
2017-03-20 21:43:08,368 INFO: EPOCH 22 (136.8 seconds):
2017-03-20 21:43:08,372 INFO: 	Average L2 norm of relation vector: 0.06366
2017-03-20 21:43:08,373 INFO: 	COST >> 0.085 +/- 0.003, % updates Left: 9.12% Rel: 3.41% Right: 8.56%
2017-03-20 21:45:35,414 INFO: ----------------------------------------------------------------------------
2017-03-20 21:45:35,428 INFO: EPOCH 23 (147.055 seconds):
2017-03-20 21:45:35,488 INFO: 	Average L2 norm of relation vector: 0.06383
2017-03-20 21:45:35,489 INFO: 	COST >> 0.084 +/- 0.003, % updates Left: 8.96% Rel: 3.29% Right: 8.36%
2017-03-20 21:48:01,887 INFO: ----------------------------------------------------------------------------
2017-03-20 21:48:01,900 INFO: EPOCH 24 (146.411 seconds):
2017-03-20 21:48:01,903 INFO: 	Average L2 norm of relation vector: 0.06398
2017-03-20 21:48:01,917 INFO: 	COST >> 0.083 +/- 0.003, % updates Left: 8.84% Rel: 3.21% Right: 8.23%
2017-03-20 21:50:11,112 INFO: ----------------------------------------------------------------------------
2017-03-20 21:50:11,124 INFO: EPOCH 25 (129.207 seconds):
2017-03-20 21:50:11,127 INFO: 	Average L2 norm of relation vector: 0.06411
2017-03-20 21:50:11,128 INFO: 	COST >> 0.081 +/- 0.003, % updates Left: 8.62% Rel: 3.16% Right: 8.07%
2017-03-20 21:52:40,516 INFO: ----------------------------------------------------------------------------
2017-03-20 21:52:40,516 INFO: EPOCH 26 (149.388 seconds):
2017-03-20 21:52:40,519 INFO: 	Average L2 norm of relation vector: 0.06422
2017-03-20 21:52:40,533 INFO: 	COST >> 0.079 +/- 0.003, % updates Left: 8.53% Rel: 3.07% Right: 7.92%
2017-03-20 21:54:47,268 INFO: ----------------------------------------------------------------------------
2017-03-20 21:54:47,281 INFO: EPOCH 27 (126.747 seconds):
2017-03-20 21:54:47,284 INFO: 	Average L2 norm of relation vector: 0.06433
2017-03-20 21:54:47,285 INFO: 	COST >> 0.078 +/- 0.003, % updates Left: 8.39% Rel: 2.98% Right: 7.8%
2017-03-20 21:57:16,189 INFO: ----------------------------------------------------------------------------
2017-03-20 21:57:16,200 INFO: EPOCH 28 (148.915 seconds):
2017-03-20 21:57:16,204 INFO: 	Average L2 norm of relation vector: 0.06443
2017-03-20 21:57:16,217 INFO: 	COST >> 0.077 +/- 0.003, % updates Left: 8.3% Rel: 2.99% Right: 7.72%
2017-03-20 21:59:38,452 INFO: ----------------------------------------------------------------------------
2017-03-20 21:59:38,452 INFO: EPOCH 29 (142.235 seconds):
2017-03-20 21:59:38,455 INFO: 	Average L2 norm of relation vector: 0.06451
2017-03-20 21:59:38,457 INFO: 	COST >> 0.076 +/- 0.003, % updates Left: 8.17% Rel: 2.92% Right: 7.57%
2017-03-20 22:01:41,897 INFO: ----------------------------------------------------------------------------
2017-03-20 22:01:41,898 INFO: EPOCH 30 (123.441 seconds):
2017-03-20 22:01:41,900 INFO: 	Average L2 norm of relation vector: 0.06459
2017-03-20 22:01:41,901 INFO: 	COST >> 0.075 +/- 0.003, % updates Left: 8.07% Rel: 2.87% Right: 7.57%
2017-03-20 22:01:41,901 INFO: 	FilteredRanking: evaluating rank on 1000 triples
2017-03-20 22:04:17,475 INFO: 	FilteredRanking: evaluating rank on 1000 triples
2017-03-20 22:06:51,429 INFO: 	MEAN RANK >> valid: 311.3, train: 238.4
2017-03-20 22:06:51,441 INFO: 		MEAN RANK TRAIN: Left: 242.2 Rel: 748.5 Right: 234.6
2017-03-20 22:06:51,442 INFO: 		MEAN RANK VALID: Left: 332.6 Rel: 730.9 Right: 290.0
2017-03-20 22:06:51,442 INFO: 		MEAN RECIPROCAL RANK VALID (L & R): 0.0655
2017-03-20 22:06:51,442 INFO: 	FilteredRanking: evaluating rank on 1000 triples
2017-03-20 22:09:38,219 INFO: 	NEW BEST TEST MR: 328.5
2017-03-20 22:09:38,221 INFO: 		Left MR: 344.7 Rel MR: 731.7 Right MR: 312.2
2017-03-20 22:09:38,722 INFO: 	(ranking took 476.821 seconds)
2017-03-20 22:11:27,066 INFO: ----------------------------------------------------------------------------
2017-03-20 22:11:27,067 INFO: EPOCH 31 (108.344 seconds):
2017-03-20 22:11:27,069 INFO: 	Average L2 norm of relation vector: 0.06465
2017-03-20 22:11:27,081 INFO: 	COST >> 0.073 +/- 0.003, % updates Left: 7.92% Rel: 2.82% Right: 7.39%
2017-03-20 22:13:10,748 INFO: ----------------------------------------------------------------------------
2017-03-20 22:13:10,749 INFO: EPOCH 32 (103.667 seconds):
2017-03-20 22:13:10,751 INFO: 	Average L2 norm of relation vector: 0.06469
2017-03-20 22:13:10,752 INFO: 	COST >> 0.073 +/- 0.003, % updates Left: 7.85% Rel: 2.77% Right: 7.25%
2017-03-20 22:14:54,047 INFO: ----------------------------------------------------------------------------
2017-03-20 22:14:54,060 INFO: EPOCH 33 (103.308 seconds):
2017-03-20 22:14:54,063 INFO: 	Average L2 norm of relation vector: 0.06473
2017-03-20 22:14:54,063 INFO: 	COST >> 0.072 +/- 0.002, % updates Left: 7.77% Rel: 2.75% Right: 7.16%
2017-03-20 22:16:50,787 INFO: ----------------------------------------------------------------------------
2017-03-20 22:16:50,787 INFO: EPOCH 34 (116.724 seconds):
2017-03-20 22:16:50,789 INFO: 	Average L2 norm of relation vector: 0.06477
2017-03-20 22:16:50,805 INFO: 	COST >> 0.071 +/- 0.003, % updates Left: 7.72% Rel: 2.68% Right: 7.12%
2017-03-20 22:19:29,069 INFO: ----------------------------------------------------------------------------
2017-03-20 22:19:29,080 INFO: EPOCH 35 (158.275 seconds):
2017-03-20 22:19:29,083 INFO: 	Average L2 norm of relation vector: 0.06478
2017-03-20 22:19:29,084 INFO: 	COST >> 0.07 +/- 0.003, % updates Left: 7.53% Rel: 2.65% Right: 7.09%
2017-03-20 22:21:34,403 INFO: ----------------------------------------------------------------------------
2017-03-20 22:21:34,416 INFO: EPOCH 36 (125.332 seconds):
2017-03-20 22:21:34,418 INFO: 	Average L2 norm of relation vector: 0.06479
2017-03-20 22:21:34,419 INFO: 	COST >> 0.07 +/- 0.003, % updates Left: 7.51% Rel: 2.62% Right: 6.93%
2017-03-20 22:23:11,632 INFO: ----------------------------------------------------------------------------
2017-03-20 22:23:11,633 INFO: EPOCH 37 (97.213 seconds):
2017-03-20 22:23:11,635 INFO: 	Average L2 norm of relation vector: 0.06481
2017-03-20 22:23:11,636 INFO: 	COST >> 0.069 +/- 0.003, % updates Left: 7.42% Rel: 2.59% Right: 6.93%
2017-03-20 22:24:56,331 INFO: ----------------------------------------------------------------------------
2017-03-20 22:24:56,344 INFO: EPOCH 38 (104.708 seconds):
2017-03-20 22:24:56,346 INFO: 	Average L2 norm of relation vector: 0.06481
2017-03-20 22:24:56,347 INFO: 	COST >> 0.068 +/- 0.002, % updates Left: 7.36% Rel: 2.55% Right: 6.81%
2017-03-20 22:26:40,795 INFO: ----------------------------------------------------------------------------
2017-03-20 22:26:40,808 INFO: EPOCH 39 (104.461 seconds):
2017-03-20 22:26:40,810 INFO: 	Average L2 norm of relation vector: 0.0648
2017-03-20 22:26:40,811 INFO: 	COST >> 0.067 +/- 0.002, % updates Left: 7.25% Rel: 2.51% Right: 6.71%
2017-03-20 22:28:30,746 INFO: ----------------------------------------------------------------------------
2017-03-20 22:28:30,760 INFO: EPOCH 40 (109.948 seconds):
2017-03-20 22:28:30,763 INFO: 	Average L2 norm of relation vector: 0.0648
2017-03-20 22:28:30,764 INFO: 	COST >> 0.066 +/- 0.002, % updates Left: 7.2% Rel: 2.5% Right: 6.68%
2017-03-20 22:28:30,764 INFO: 	FilteredRanking: evaluating rank on 1000 triples
2017-03-20 22:31:03,893 INFO: 	FilteredRanking: evaluating rank on 1000 triples
2017-03-20 22:33:47,421 INFO: 	MEAN RANK >> valid: 272.6, train: 200.2
2017-03-20 22:33:47,422 INFO: 		MEAN RANK TRAIN: Left: 214.0 Rel: 752.6 Right: 186.5
2017-03-20 22:33:47,423 INFO: 		MEAN RANK VALID: Left: 283.7 Rel: 729.9 Right: 261.5
2017-03-20 22:33:47,423 INFO: 		MEAN RECIPROCAL RANK VALID (L & R): 0.0765
2017-03-20 22:33:47,423 INFO: 	FilteredRanking: evaluating rank on 1000 triples
2017-03-20 22:36:40,055 INFO: 	NEW BEST TEST MR: 285.9
2017-03-20 22:36:40,056 INFO: 		Left MR: 301.0 Rel MR: 728.9 Right MR: 270.8
2017-03-20 22:36:40,207 INFO: 	(ranking took 489.443 seconds)
2017-03-20 22:38:44,870 INFO: ----------------------------------------------------------------------------
2017-03-20 22:38:44,884 INFO: EPOCH 41 (124.664 seconds):
2017-03-20 22:38:44,887 INFO: 	Average L2 norm of relation vector: 0.06478
2017-03-20 22:38:44,887 INFO: 	COST >> 0.066 +/- 0.003, % updates Left: 7.19% Rel: 2.43% Right: 6.62%
2017-03-20 22:40:40,452 INFO: ----------------------------------------------------------------------------
2017-03-20 22:40:40,453 INFO: EPOCH 42 (115.565 seconds):
2017-03-20 22:40:40,455 INFO: 	Average L2 norm of relation vector: 0.06476
2017-03-20 22:40:40,456 INFO: 	COST >> 0.066 +/- 0.003, % updates Left: 7.18% Rel: 2.47% Right: 6.54%
2017-03-20 22:42:37,887 INFO: ----------------------------------------------------------------------------
2017-03-20 22:42:37,888 INFO: EPOCH 43 (117.431 seconds):
2017-03-20 22:42:37,890 INFO: 	Average L2 norm of relation vector: 0.06472
2017-03-20 22:42:37,901 INFO: 	COST >> 0.065 +/- 0.003, % updates Left: 7.02% Rel: 2.44% Right: 6.49%
2017-03-20 22:44:39,012 INFO: ----------------------------------------------------------------------------
2017-03-20 22:44:39,024 INFO: EPOCH 44 (121.123 seconds):
2017-03-20 22:44:39,026 INFO: 	Average L2 norm of relation vector: 0.06471
2017-03-20 22:44:39,027 INFO: 	COST >> 0.064 +/- 0.002, % updates Left: 6.96% Rel: 2.43% Right: 6.54%
2017-03-20 22:46:39,237 INFO: ----------------------------------------------------------------------------
2017-03-20 22:46:39,237 INFO: EPOCH 45 (120.21 seconds):
2017-03-20 22:46:39,246 INFO: 	Average L2 norm of relation vector: 0.06468
2017-03-20 22:46:39,247 INFO: 	COST >> 0.064 +/- 0.002, % updates Left: 6.98% Rel: 2.41% Right: 6.42%
2017-03-20 22:48:25,415 INFO: ----------------------------------------------------------------------------
2017-03-20 22:48:25,428 INFO: EPOCH 46 (106.181 seconds):
2017-03-20 22:48:25,430 INFO: 	Average L2 norm of relation vector: 0.06466
2017-03-20 22:48:25,431 INFO: 	COST >> 0.064 +/- 0.002, % updates Left: 6.94% Rel: 2.37% Right: 6.44%
2017-03-20 22:50:12,603 INFO: ----------------------------------------------------------------------------
2017-03-20 22:50:12,616 INFO: EPOCH 47 (107.185 seconds):
2017-03-20 22:50:12,618 INFO: 	Average L2 norm of relation vector: 0.06463
2017-03-20 22:50:12,619 INFO: 	COST >> 0.063 +/- 0.002, % updates Left: 6.91% Rel: 2.33% Right: 6.37%
2017-03-20 22:52:09,914 INFO: ----------------------------------------------------------------------------
2017-03-20 22:52:09,914 INFO: EPOCH 48 (117.295 seconds):
2017-03-20 22:52:09,916 INFO: 	Average L2 norm of relation vector: 0.06461
2017-03-20 22:52:09,917 INFO: 	COST >> 0.063 +/- 0.002, % updates Left: 6.85% Rel: 2.38% Right: 6.33%
2017-03-20 22:54:03,734 INFO: ----------------------------------------------------------------------------
2017-03-20 22:54:03,735 INFO: EPOCH 49 (113.807 seconds):
2017-03-20 22:54:03,737 INFO: 	Average L2 norm of relation vector: 0.06458
2017-03-20 22:54:03,738 INFO: 	COST >> 0.062 +/- 0.002, % updates Left: 6.81% Rel: 2.32% Right: 6.31%
2017-03-20 22:55:56,453 INFO: ----------------------------------------------------------------------------
2017-03-20 22:55:56,454 INFO: EPOCH 50 (112.715 seconds):
2017-03-20 22:55:56,457 INFO: 	Average L2 norm of relation vector: 0.06455
2017-03-20 22:55:56,477 INFO: 	COST >> 0.062 +/- 0.002, % updates Left: 6.71% Rel: 2.3% Right: 6.27%
2017-03-20 22:55:56,478 INFO: 	FilteredRanking: evaluating rank on 1000 triples
2017-03-20 22:58:45,811 INFO: 	FilteredRanking: evaluating rank on 1000 triples
2017-03-20 23:01:34,212 INFO: 	MEAN RANK >> valid: 261.9, train: 181.4
2017-03-20 23:01:34,225 INFO: 		MEAN RANK TRAIN: Left: 189.7 Rel: 756.1 Right: 173.1
2017-03-20 23:01:34,226 INFO: 		MEAN RANK VALID: Left: 271.7 Rel: 742.4 Right: 252.1
2017-03-20 23:01:34,226 INFO: 		MEAN RECIPROCAL RANK VALID (L & R): 0.0725
2017-03-20 23:01:34,226 WARNING: 	WARNING, failed to improve MRR on valid, 2 chances left

2017-03-20 23:01:34,354 INFO: 	(ranking took 337.876 seconds)
2017-03-20 23:03:24,296 INFO: ----------------------------------------------------------------------------
2017-03-20 23:03:24,308 INFO: EPOCH 51 (109.954 seconds):
2017-03-20 23:03:24,311 INFO: 	Average L2 norm of relation vector: 0.06453
2017-03-20 23:03:24,312 INFO: 	COST >> 0.061 +/- 0.002, % updates Left: 6.74% Rel: 2.3% Right: 6.23%
2017-03-20 23:05:17,386 INFO: ----------------------------------------------------------------------------
2017-03-20 23:05:17,396 INFO: EPOCH 52 (113.084 seconds):
2017-03-20 23:05:17,398 INFO: 	Average L2 norm of relation vector: 0.06449
2017-03-20 23:05:17,399 INFO: 	COST >> 0.061 +/- 0.002, % updates Left: 6.67% Rel: 2.3% Right: 6.16%
2017-03-20 23:07:16,704 INFO: ----------------------------------------------------------------------------
2017-03-20 23:07:16,716 INFO: EPOCH 53 (119.317 seconds):
2017-03-20 23:07:16,719 INFO: 	Average L2 norm of relation vector: 0.06446
2017-03-20 23:07:16,719 INFO: 	COST >> 0.061 +/- 0.003, % updates Left: 6.66% Rel: 2.29% Right: 6.21%
2017-03-20 23:09:09,617 INFO: ----------------------------------------------------------------------------
2017-03-20 23:09:09,618 INFO: EPOCH 54 (112.898 seconds):
2017-03-20 23:09:09,620 INFO: 	Average L2 norm of relation vector: 0.06444
2017-03-20 23:09:09,633 INFO: 	COST >> 0.06 +/- 0.002, % updates Left: 6.59% Rel: 2.27% Right: 6.12%
2017-03-20 23:10:47,621 INFO: ----------------------------------------------------------------------------
2017-03-20 23:10:47,632 INFO: EPOCH 55 (97.999 seconds):
2017-03-20 23:10:47,634 INFO: 	Average L2 norm of relation vector: 0.06442
2017-03-20 23:10:47,635 INFO: 	COST >> 0.06 +/- 0.003, % updates Left: 6.64% Rel: 2.25% Right: 6.11%
2017-03-20 23:12:56,190 INFO: ----------------------------------------------------------------------------
2017-03-20 23:12:56,190 INFO: EPOCH 56 (128.555 seconds):
2017-03-20 23:12:56,192 INFO: 	Average L2 norm of relation vector: 0.06439
2017-03-20 23:12:56,193 INFO: 	COST >> 0.06 +/- 0.003, % updates Left: 6.56% Rel: 2.22% Right: 6.1%
2017-03-20 23:15:04,545 INFO: ----------------------------------------------------------------------------
2017-03-20 23:15:04,546 INFO: EPOCH 57 (128.352 seconds):
2017-03-20 23:15:04,548 INFO: 	Average L2 norm of relation vector: 0.06435
2017-03-20 23:15:04,561 INFO: 	COST >> 0.059 +/- 0.002, % updates Left: 6.51% Rel: 2.22% Right: 6.06%
2017-03-20 23:16:54,612 INFO: ----------------------------------------------------------------------------
2017-03-20 23:16:54,624 INFO: EPOCH 58 (110.063 seconds):
2017-03-20 23:16:54,626 INFO: 	Average L2 norm of relation vector: 0.06434
2017-03-20 23:16:54,627 INFO: 	COST >> 0.059 +/- 0.002, % updates Left: 6.53% Rel: 2.24% Right: 6.08%
2017-03-20 23:18:39,789 INFO: ----------------------------------------------------------------------------
2017-03-20 23:18:39,800 INFO: EPOCH 59 (105.173 seconds):
2017-03-20 23:18:39,802 INFO: 	Average L2 norm of relation vector: 0.06431
2017-03-20 23:18:39,803 INFO: 	COST >> 0.058 +/- 0.002, % updates Left: 6.47% Rel: 2.21% Right: 5.99%
2017-03-20 23:20:16,441 INFO: ----------------------------------------------------------------------------
2017-03-20 23:20:16,441 INFO: EPOCH 60 (96.637 seconds):
2017-03-20 23:20:16,443 INFO: 	Average L2 norm of relation vector: 0.0643
2017-03-20 23:20:16,457 INFO: 	COST >> 0.058 +/- 0.002, % updates Left: 6.39% Rel: 2.25% Right: 5.97%
2017-03-20 23:20:16,457 INFO: 	FilteredRanking: evaluating rank on 1000 triples
2017-03-20 23:22:45,117 INFO: 	FilteredRanking: evaluating rank on 1000 triples
2017-03-20 23:25:33,525 INFO: 	MEAN RANK >> valid: 236.2, train: 168.6
2017-03-20 23:25:33,526 INFO: 		MEAN RANK TRAIN: Left: 173.2 Rel: 758.0 Right: 164.0
2017-03-20 23:25:33,527 INFO: 		MEAN RANK VALID: Left: 251.1 Rel: 738.3 Right: 221.4
2017-03-20 23:25:33,527 INFO: 		MEAN RECIPROCAL RANK VALID (L & R): 0.0755
2017-03-20 23:25:33,527 WARNING: 	WARNING, failed to improve MRR on valid, 1 chances left

2017-03-20 23:25:33,645 INFO: 	(ranking took 317.188 seconds)
2017-03-20 23:27:17,742 INFO: ----------------------------------------------------------------------------
2017-03-20 23:27:17,742 INFO: EPOCH 61 (104.096 seconds):
2017-03-20 23:27:17,744 INFO: 	Average L2 norm of relation vector: 0.06427
2017-03-20 23:27:17,745 INFO: 	COST >> 0.058 +/- 0.002, % updates Left: 6.4% Rel: 2.22% Right: 5.98%
2017-03-20 23:29:08,866 INFO: ----------------------------------------------------------------------------
2017-03-20 23:29:08,867 INFO: EPOCH 62 (111.121 seconds):
2017-03-20 23:29:08,870 INFO: 	Average L2 norm of relation vector: 0.06425
2017-03-20 23:29:08,881 INFO: 	COST >> 0.058 +/- 0.002, % updates Left: 6.42% Rel: 2.21% Right: 5.95%
2017-03-20 23:31:06,924 INFO: ----------------------------------------------------------------------------
2017-03-20 23:31:06,936 INFO: EPOCH 63 (118.055 seconds):
2017-03-20 23:31:06,939 INFO: 	Average L2 norm of relation vector: 0.06423
2017-03-20 23:31:06,941 INFO: 	COST >> 0.057 +/- 0.002, % updates Left: 6.35% Rel: 2.21% Right: 5.87%
2017-03-20 23:33:23,049 INFO: ----------------------------------------------------------------------------
2017-03-20 23:33:23,050 INFO: EPOCH 64 (136.109 seconds):
2017-03-20 23:33:23,052 INFO: 	Average L2 norm of relation vector: 0.06422
2017-03-20 23:33:23,069 INFO: 	COST >> 0.057 +/- 0.002, % updates Left: 6.34% Rel: 2.17% Right: 5.92%
2017-03-20 23:35:23,286 INFO: ----------------------------------------------------------------------------
2017-03-20 23:35:23,287 INFO: EPOCH 65 (120.218 seconds):
2017-03-20 23:35:23,290 INFO: 	Average L2 norm of relation vector: 0.0642
2017-03-20 23:35:23,291 INFO: 	COST >> 0.057 +/- 0.002, % updates Left: 6.28% Rel: 2.17% Right: 5.89%
2017-03-20 23:37:13,453 INFO: ----------------------------------------------------------------------------
2017-03-20 23:37:13,464 INFO: EPOCH 66 (110.173 seconds):
2017-03-20 23:37:13,467 INFO: 	Average L2 norm of relation vector: 0.06418
2017-03-20 23:37:13,468 INFO: 	COST >> 0.057 +/- 0.002, % updates Left: 6.3% Rel: 2.17% Right: 5.83%
2017-03-20 23:39:16,809 INFO: ----------------------------------------------------------------------------
2017-03-20 23:39:16,809 INFO: EPOCH 67 (123.329 seconds):
2017-03-20 23:39:16,811 INFO: 	Average L2 norm of relation vector: 0.06415
2017-03-20 23:39:16,812 INFO: 	COST >> 0.056 +/- 0.002, % updates Left: 6.24% Rel: 2.16% Right: 5.8%
2017-03-20 23:41:05,401 INFO: ----------------------------------------------------------------------------
2017-03-20 23:41:05,401 INFO: EPOCH 68 (108.589 seconds):
2017-03-20 23:41:05,403 INFO: 	Average L2 norm of relation vector: 0.06414
2017-03-20 23:41:05,404 INFO: 	COST >> 0.056 +/- 0.002, % updates Left: 6.22% Rel: 2.13% Right: 5.83%
2017-03-20 23:43:10,759 INFO: ----------------------------------------------------------------------------
2017-03-20 23:43:10,760 INFO: EPOCH 69 (125.355 seconds):
2017-03-20 23:43:10,762 INFO: 	Average L2 norm of relation vector: 0.06413
2017-03-20 23:43:10,763 INFO: 	COST >> 0.056 +/- 0.002, % updates Left: 6.24% Rel: 2.16% Right: 5.74%
2017-03-20 23:45:00,021 INFO: ----------------------------------------------------------------------------
2017-03-20 23:45:00,032 INFO: EPOCH 70 (109.269 seconds):
2017-03-20 23:45:00,034 INFO: 	Average L2 norm of relation vector: 0.06409
2017-03-20 23:45:00,045 INFO: 	COST >> 0.056 +/- 0.002, % updates Left: 6.19% Rel: 2.13% Right: 5.72%
2017-03-20 23:45:00,045 INFO: 	FilteredRanking: evaluating rank on 1000 triples
2017-03-20 23:47:40,143 INFO: 	FilteredRanking: evaluating rank on 1000 triples
2017-03-20 23:50:20,636 INFO: 	MEAN RANK >> valid: 225.1, train: 144.4
2017-03-20 23:50:20,649 INFO: 		MEAN RANK TRAIN: Left: 147.0 Rel: 758.3 Right: 141.8
2017-03-20 23:50:20,650 INFO: 		MEAN RANK VALID: Left: 235.3 Rel: 755.2 Right: 214.9
2017-03-20 23:50:20,650 INFO: 		MEAN RECIPROCAL RANK VALID (L & R): 0.078
2017-03-20 23:50:20,651 INFO: 	FilteredRanking: evaluating rank on 1000 triples
2017-03-20 23:52:46,018 INFO: 	NEW BEST TEST MR: 219.0
2017-03-20 23:52:46,019 INFO: 		Left MR: 230.3 Rel MR: 734.4 Right MR: 207.8
2017-03-20 23:52:46,156 INFO: 	(ranking took 466.111 seconds)
2017-03-20 23:54:39,646 INFO: ----------------------------------------------------------------------------
2017-03-20 23:54:39,668 INFO: EPOCH 71 (113.511 seconds):
2017-03-20 23:54:39,670 INFO: 	Average L2 norm of relation vector: 0.06408
2017-03-20 23:54:39,671 INFO: 	COST >> 0.055 +/- 0.002, % updates Left: 6.14% Rel: 2.14% Right: 5.73%
2017-03-20 23:56:28,510 INFO: ----------------------------------------------------------------------------
2017-03-20 23:56:28,510 INFO: EPOCH 72 (108.839 seconds):
2017-03-20 23:56:28,512 INFO: 	Average L2 norm of relation vector: 0.06406
2017-03-20 23:56:28,513 INFO: 	COST >> 0.055 +/- 0.002, % updates Left: 6.18% Rel: 2.13% Right: 5.76%
2017-03-20 23:58:18,229 INFO: ----------------------------------------------------------------------------
2017-03-20 23:58:18,230 INFO: EPOCH 73 (109.717 seconds):
2017-03-20 23:58:18,232 INFO: 	Average L2 norm of relation vector: 0.06405
2017-03-20 23:58:18,233 INFO: 	COST >> 0.055 +/- 0.002, % updates Left: 6.15% Rel: 2.09% Right: 5.69%
2017-03-21 00:00:09,492 INFO: ----------------------------------------------------------------------------
2017-03-21 00:00:09,505 INFO: EPOCH 74 (111.272 seconds):
2017-03-21 00:00:09,506 INFO: 	Average L2 norm of relation vector: 0.06404
2017-03-21 00:00:09,517 INFO: 	COST >> 0.055 +/- 0.002, % updates Left: 6.07% Rel: 2.14% Right: 5.71%
2017-03-21 00:02:06,810 INFO: ----------------------------------------------------------------------------
2017-03-21 00:02:06,856 INFO: EPOCH 75 (117.339 seconds):
2017-03-21 00:02:06,859 INFO: 	Average L2 norm of relation vector: 0.06403
2017-03-21 00:02:06,860 INFO: 	COST >> 0.055 +/- 0.002, % updates Left: 6.11% Rel: 2.13% Right: 5.69%
2017-03-21 00:04:05,672 INFO: ----------------------------------------------------------------------------
2017-03-21 00:04:05,685 INFO: EPOCH 76 (118.824 seconds):
2017-03-21 00:04:05,688 INFO: 	Average L2 norm of relation vector: 0.06401
2017-03-21 00:04:05,689 INFO: 	COST >> 0.054 +/- 0.002, % updates Left: 6.08% Rel: 2.13% Right: 5.65%
2017-03-21 00:06:03,819 INFO: ----------------------------------------------------------------------------
2017-03-21 00:06:03,832 INFO: EPOCH 77 (118.143 seconds):
2017-03-21 00:06:03,834 INFO: 	Average L2 norm of relation vector: 0.064
2017-03-21 00:06:03,835 INFO: 	COST >> 0.054 +/- 0.002, % updates Left: 6.03% Rel: 2.1% Right: 5.68%
2017-03-21 00:08:15,710 INFO: ----------------------------------------------------------------------------
2017-03-21 00:08:15,711 INFO: EPOCH 78 (131.876 seconds):
2017-03-21 00:08:15,713 INFO: 	Average L2 norm of relation vector: 0.06398
2017-03-21 00:08:15,714 INFO: 	COST >> 0.054 +/- 0.002, % updates Left: 6.07% Rel: 2.1% Right: 5.66%
2017-03-21 00:10:07,900 INFO: ----------------------------------------------------------------------------
2017-03-21 00:10:07,912 INFO: EPOCH 79 (112.198 seconds):
2017-03-21 00:10:07,914 INFO: 	Average L2 norm of relation vector: 0.06396
2017-03-21 00:10:07,915 INFO: 	COST >> 0.054 +/- 0.002, % updates Left: 6.05% Rel: 2.08% Right: 5.62%
2017-03-21 00:11:57,335 INFO: ----------------------------------------------------------------------------
2017-03-21 00:11:57,335 INFO: EPOCH 80 (109.42 seconds):
2017-03-21 00:11:57,337 INFO: 	Average L2 norm of relation vector: 0.06396
2017-03-21 00:11:57,338 INFO: 	COST >> 0.054 +/- 0.002, % updates Left: 6.06% Rel: 2.09% Right: 5.65%
2017-03-21 00:11:57,339 INFO: 	FilteredRanking: evaluating rank on 1000 triples
2017-03-21 00:14:45,902 INFO: 	FilteredRanking: evaluating rank on 1000 triples
2017-03-21 00:17:35,893 INFO: 	MEAN RANK >> valid: 210.2, train: 139.9
2017-03-21 00:17:35,909 INFO: 		MEAN RANK TRAIN: Left: 142.9 Rel: 753.7 Right: 136.9
2017-03-21 00:17:35,910 INFO: 		MEAN RANK VALID: Left: 217.8 Rel: 747.1 Right: 202.5
2017-03-21 00:17:35,910 INFO: 		MEAN RECIPROCAL RANK VALID (L & R): 0.072
2017-03-21 00:17:35,910 WARNING: 	WARNING, failed to improve MRR on valid, 2 chances left

2017-03-21 00:17:36,082 INFO: 	(ranking took 338.743 seconds)
2017-03-21 00:19:46,007 INFO: ----------------------------------------------------------------------------
2017-03-21 00:19:46,008 INFO: EPOCH 81 (129.925 seconds):
2017-03-21 00:19:46,011 INFO: 	Average L2 norm of relation vector: 0.06395
2017-03-21 00:19:46,012 INFO: 	COST >> 0.054 +/- 0.002, % updates Left: 6.0% Rel: 2.09% Right: 5.62%
2017-03-21 00:21:59,049 INFO: ----------------------------------------------------------------------------
2017-03-21 00:21:59,060 INFO: EPOCH 82 (133.036 seconds):
2017-03-21 00:21:59,063 INFO: 	Average L2 norm of relation vector: 0.06393
2017-03-21 00:21:59,064 INFO: 	COST >> 0.053 +/- 0.002, % updates Left: 5.96% Rel: 2.09% Right: 5.59%
2017-03-21 00:23:44,762 INFO: ----------------------------------------------------------------------------
2017-03-21 00:23:44,762 INFO: EPOCH 83 (105.698 seconds):
2017-03-21 00:23:44,764 INFO: 	Average L2 norm of relation vector: 0.06391
2017-03-21 00:23:44,777 INFO: 	COST >> 0.053 +/- 0.002, % updates Left: 5.98% Rel: 2.07% Right: 5.59%
2017-03-21 00:25:30,620 INFO: ----------------------------------------------------------------------------
2017-03-21 00:25:30,621 INFO: EPOCH 84 (105.843 seconds):
2017-03-21 00:25:30,624 INFO: 	Average L2 norm of relation vector: 0.0639
2017-03-21 00:25:30,637 INFO: 	COST >> 0.053 +/- 0.002, % updates Left: 5.96% Rel: 2.1% Right: 5.59%
2017-03-21 00:27:10,652 INFO: ----------------------------------------------------------------------------
2017-03-21 00:27:10,653 INFO: EPOCH 85 (100.015 seconds):
2017-03-21 00:27:10,655 INFO: 	Average L2 norm of relation vector: 0.0639
2017-03-21 00:27:10,656 INFO: 	COST >> 0.053 +/- 0.002, % updates Left: 5.96% Rel: 2.1% Right: 5.56%
2017-03-21 00:28:56,501 INFO: ----------------------------------------------------------------------------
2017-03-21 00:28:56,502 INFO: EPOCH 86 (105.845 seconds):
2017-03-21 00:28:56,504 INFO: 	Average L2 norm of relation vector: 0.06389
2017-03-21 00:28:56,505 INFO: 	COST >> 0.053 +/- 0.002, % updates Left: 5.98% Rel: 2.09% Right: 5.53%
2017-03-21 00:30:38,375 INFO: ----------------------------------------------------------------------------
2017-03-21 00:30:38,376 INFO: EPOCH 87 (101.871 seconds):
2017-03-21 00:30:38,379 INFO: 	Average L2 norm of relation vector: 0.06387
2017-03-21 00:30:38,380 INFO: 	COST >> 0.053 +/- 0.002, % updates Left: 5.9% Rel: 2.05% Right: 5.5%
2017-03-21 00:32:24,456 INFO: ----------------------------------------------------------------------------
2017-03-21 00:32:24,468 INFO: EPOCH 88 (106.088 seconds):
2017-03-21 00:32:24,470 INFO: 	Average L2 norm of relation vector: 0.06386
2017-03-21 00:32:24,471 INFO: 	COST >> 0.053 +/- 0.002, % updates Left: 5.88% Rel: 2.08% Right: 5.53%
2017-03-21 00:34:14,019 INFO: ----------------------------------------------------------------------------
2017-03-21 00:34:14,020 INFO: EPOCH 89 (109.549 seconds):
2017-03-21 00:34:14,022 INFO: 	Average L2 norm of relation vector: 0.06385
2017-03-21 00:34:14,023 INFO: 	COST >> 0.052 +/- 0.002, % updates Left: 5.93% Rel: 2.08% Right: 5.46%
2017-03-21 00:36:17,293 INFO: ----------------------------------------------------------------------------
2017-03-21 00:36:17,362 INFO: EPOCH 90 (123.338 seconds):
2017-03-21 00:36:17,363 INFO: 	Average L2 norm of relation vector: 0.06383
2017-03-21 00:36:17,364 INFO: 	COST >> 0.052 +/- 0.002, % updates Left: 5.82% Rel: 2.04% Right: 5.49%
2017-03-21 00:36:17,364 INFO: 	FilteredRanking: evaluating rank on 1000 triples
2017-03-21 00:38:55,952 INFO: 	FilteredRanking: evaluating rank on 1000 triples
2017-03-21 00:41:32,239 INFO: 	MEAN RANK >> valid: 198.8, train: 129.6
2017-03-21 00:41:32,253 INFO: 		MEAN RANK TRAIN: Left: 134.1 Rel: 750.8 Right: 125.2
2017-03-21 00:41:32,254 INFO: 		MEAN RANK VALID: Left: 212.2 Rel: 747.2 Right: 185.3
2017-03-21 00:41:32,255 INFO: 		MEAN RECIPROCAL RANK VALID (L & R): 0.0855
2017-03-21 00:41:32,255 INFO: 	FilteredRanking: evaluating rank on 1000 triples
2017-03-21 00:44:19,262 INFO: 	NEW BEST TEST MR: 194.6
2017-03-21 00:44:19,263 INFO: 		Left MR: 205.2 Rel MR: 728.7 Right MR: 184.1
2017-03-21 00:44:19,388 INFO: 	(ranking took 482.024 seconds)
2017-03-21 00:46:09,474 INFO: ----------------------------------------------------------------------------
2017-03-21 00:46:09,484 INFO: EPOCH 91 (110.095 seconds):
2017-03-21 00:46:09,486 INFO: 	Average L2 norm of relation vector: 0.06383
2017-03-21 00:46:09,487 INFO: 	COST >> 0.052 +/- 0.002, % updates Left: 5.88% Rel: 2.05% Right: 5.5%
2017-03-21 00:47:51,484 INFO: ----------------------------------------------------------------------------
2017-03-21 00:47:51,485 INFO: EPOCH 92 (101.998 seconds):
2017-03-21 00:47:51,487 INFO: 	Average L2 norm of relation vector: 0.06382
2017-03-21 00:47:51,488 INFO: 	COST >> 0.052 +/- 0.002, % updates Left: 5.87% Rel: 2.08% Right: 5.5%
2017-03-21 00:49:40,128 INFO: ----------------------------------------------------------------------------
2017-03-21 00:49:40,140 INFO: EPOCH 93 (108.652 seconds):
2017-03-21 00:49:40,142 INFO: 	Average L2 norm of relation vector: 0.06381
2017-03-21 00:49:40,143 INFO: 	COST >> 0.052 +/- 0.002, % updates Left: 5.87% Rel: 2.03% Right: 5.49%
2017-03-21 00:51:49,764 INFO: ----------------------------------------------------------------------------
2017-03-21 00:51:49,765 INFO: EPOCH 94 (129.621 seconds):
2017-03-21 00:51:49,767 INFO: 	Average L2 norm of relation vector: 0.06379
2017-03-21 00:51:49,781 INFO: 	COST >> 0.052 +/- 0.002, % updates Left: 5.81% Rel: 2.03% Right: 5.47%
2017-03-21 00:53:36,202 INFO: ----------------------------------------------------------------------------
2017-03-21 00:53:36,203 INFO: EPOCH 95 (106.422 seconds):
2017-03-21 00:53:36,206 INFO: 	Average L2 norm of relation vector: 0.06378
2017-03-21 00:53:36,207 INFO: 	COST >> 0.051 +/- 0.002, % updates Left: 5.79% Rel: 2.01% Right: 5.39%
2017-03-21 00:55:42,234 INFO: ----------------------------------------------------------------------------
2017-03-21 00:55:42,234 INFO: EPOCH 96 (126.018 seconds):
2017-03-21 00:55:42,236 INFO: 	Average L2 norm of relation vector: 0.06376
2017-03-21 00:55:42,238 INFO: 	COST >> 0.052 +/- 0.002, % updates Left: 5.84% Rel: 2.04% Right: 5.41%
2017-03-21 00:57:41,849 INFO: ----------------------------------------------------------------------------
2017-03-21 00:57:41,860 INFO: EPOCH 97 (119.622 seconds):
2017-03-21 00:57:41,863 INFO: 	Average L2 norm of relation vector: 0.06376
2017-03-21 00:57:41,865 INFO: 	COST >> 0.051 +/- 0.002, % updates Left: 5.81% Rel: 2.05% Right: 5.39%
2017-03-21 00:59:54,387 INFO: ----------------------------------------------------------------------------
2017-03-21 00:59:54,388 INFO: EPOCH 98 (132.522 seconds):
2017-03-21 00:59:54,390 INFO: 	Average L2 norm of relation vector: 0.06376
2017-03-21 00:59:54,401 INFO: 	COST >> 0.051 +/- 0.002, % updates Left: 5.76% Rel: 2.02% Right: 5.46%
2017-03-21 01:01:54,738 INFO: ----------------------------------------------------------------------------
2017-03-21 01:01:54,752 INFO: EPOCH 99 (120.351 seconds):
2017-03-21 01:01:54,755 INFO: 	Average L2 norm of relation vector: 0.06375
2017-03-21 01:01:54,756 INFO: 	COST >> 0.051 +/- 0.002, % updates Left: 5.82% Rel: 2.05% Right: 5.38%
2017-03-21 01:03:56,914 INFO: ----------------------------------------------------------------------------
2017-03-21 01:03:56,914 INFO: EPOCH 100 (122.157 seconds):
2017-03-21 01:03:56,916 INFO: 	Average L2 norm of relation vector: 0.06375
2017-03-21 01:03:56,929 INFO: 	COST >> 0.051 +/- 0.002, % updates Left: 5.77% Rel: 2.03% Right: 5.36%
2017-03-21 01:03:56,929 INFO: 	FilteredRanking: evaluating rank on 1000 triples
2017-03-21 01:06:59,114 INFO: 	FilteredRanking: evaluating rank on 1000 triples
2017-03-21 01:09:41,221 INFO: 	MEAN RANK >> valid: 192.9, train: 124.6
2017-03-21 01:09:41,222 INFO: 		MEAN RANK TRAIN: Left: 130.2 Rel: 747.8 Right: 119.0
2017-03-21 01:09:41,223 INFO: 		MEAN RANK VALID: Left: 200.5 Rel: 740.7 Right: 185.4
2017-03-21 01:09:41,223 INFO: 		MEAN RECIPROCAL RANK VALID (L & R): 0.0795
2017-03-21 01:09:41,223 WARNING: 	WARNING, failed to improve MRR on valid, 2 chances left

2017-03-21 01:09:41,328 INFO: 	(ranking took 344.398 seconds)
2017-03-21 01:11:33,486 INFO: ----------------------------------------------------------------------------
2017-03-21 01:11:33,500 INFO: EPOCH 101 (112.164 seconds):
2017-03-21 01:11:33,502 INFO: 	Average L2 norm of relation vector: 0.06374
2017-03-21 01:11:33,503 INFO: 	COST >> 0.051 +/- 0.002, % updates Left: 5.76% Rel: 2.0% Right: 5.4%
2017-03-21 01:13:40,488 INFO: ----------------------------------------------------------------------------
2017-03-21 01:13:40,501 INFO: EPOCH 102 (126.998 seconds):
2017-03-21 01:13:40,503 INFO: 	Average L2 norm of relation vector: 0.06373
2017-03-21 01:13:40,505 INFO: 	COST >> 0.05 +/- 0.002, % updates Left: 5.69% Rel: 2.02% Right: 5.36%
2017-03-21 01:15:58,633 INFO: ----------------------------------------------------------------------------
2017-03-21 01:15:58,644 INFO: EPOCH 103 (138.139 seconds):
2017-03-21 01:15:58,646 INFO: 	Average L2 norm of relation vector: 0.06371
2017-03-21 01:15:58,647 INFO: 	COST >> 0.05 +/- 0.002, % updates Left: 5.72% Rel: 1.98% Right: 5.32%
2017-03-21 01:18:06,051 INFO: ----------------------------------------------------------------------------
2017-03-21 01:18:06,052 INFO: EPOCH 104 (127.404 seconds):
2017-03-21 01:18:06,054 INFO: 	Average L2 norm of relation vector: 0.0637
2017-03-21 01:18:06,055 INFO: 	COST >> 0.05 +/- 0.002, % updates Left: 5.78% Rel: 1.99% Right: 5.34%
2017-03-21 01:20:04,478 INFO: ----------------------------------------------------------------------------
2017-03-21 01:20:04,488 INFO: EPOCH 105 (118.433 seconds):
2017-03-21 01:20:04,490 INFO: 	Average L2 norm of relation vector: 0.06369
2017-03-21 01:20:04,491 INFO: 	COST >> 0.05 +/- 0.002, % updates Left: 5.71% Rel: 2.02% Right: 5.3%
2017-03-21 01:21:51,210 INFO: ----------------------------------------------------------------------------
2017-03-21 01:21:51,210 INFO: EPOCH 106 (106.719 seconds):
2017-03-21 01:21:51,213 INFO: 	Average L2 norm of relation vector: 0.06369
2017-03-21 01:21:51,214 INFO: 	COST >> 0.05 +/- 0.002, % updates Left: 5.71% Rel: 2.06% Right: 5.33%
2017-03-21 01:23:30,479 INFO: ----------------------------------------------------------------------------
2017-03-21 01:23:30,480 INFO: EPOCH 107 (99.266 seconds):
2017-03-21 01:23:30,482 INFO: 	Average L2 norm of relation vector: 0.06368
2017-03-21 01:23:30,483 INFO: 	COST >> 0.05 +/- 0.002, % updates Left: 5.69% Rel: 2.01% Right: 5.32%
2017-03-21 01:25:15,606 INFO: ----------------------------------------------------------------------------
2017-03-21 01:25:15,638 INFO: EPOCH 108 (105.154 seconds):
2017-03-21 01:25:15,640 INFO: 	Average L2 norm of relation vector: 0.06366
2017-03-21 01:25:15,641 INFO: 	COST >> 0.05 +/- 0.002, % updates Left: 5.67% Rel: 2.01% Right: 5.28%
2017-03-21 01:27:03,412 INFO: ----------------------------------------------------------------------------
2017-03-21 01:27:03,413 INFO: EPOCH 109 (107.771 seconds):
2017-03-21 01:27:03,416 INFO: 	Average L2 norm of relation vector: 0.06365
2017-03-21 01:27:03,417 INFO: 	COST >> 0.05 +/- 0.002, % updates Left: 5.64% Rel: 2.01% Right: 5.27%
2017-03-21 01:28:51,906 INFO: ----------------------------------------------------------------------------
2017-03-21 01:28:51,907 INFO: EPOCH 110 (108.49 seconds):
2017-03-21 01:28:51,910 INFO: 	Average L2 norm of relation vector: 0.06364
2017-03-21 01:28:51,921 INFO: 	COST >> 0.05 +/- 0.002, % updates Left: 5.66% Rel: 1.98% Right: 5.26%
2017-03-21 01:28:51,921 INFO: 	FilteredRanking: evaluating rank on 1000 triples
2017-03-21 01:31:19,142 INFO: 	FilteredRanking: evaluating rank on 1000 triples
2017-03-21 01:33:46,787 INFO: 	MEAN RANK >> valid: 189.9, train: 120.5
2017-03-21 01:33:46,788 INFO: 		MEAN RANK TRAIN: Left: 125.1 Rel: 746.2 Right: 116.0
2017-03-21 01:33:46,789 INFO: 		MEAN RANK VALID: Left: 199.8 Rel: 737.6 Right: 180.0
2017-03-21 01:33:46,789 INFO: 		MEAN RECIPROCAL RANK VALID (L & R): 0.0855
2017-03-21 01:33:46,789 WARNING: 	WARNING, failed to improve MRR on valid, 1 chances left

2017-03-21 01:33:46,848 INFO: 	(ranking took 294.927 seconds)
2017-03-21 01:35:33,287 INFO: ----------------------------------------------------------------------------
2017-03-21 01:35:33,288 INFO: EPOCH 111 (106.439 seconds):
2017-03-21 01:35:33,290 INFO: 	Average L2 norm of relation vector: 0.06363
2017-03-21 01:35:33,291 INFO: 	COST >> 0.05 +/- 0.002, % updates Left: 5.73% Rel: 2.01% Right: 5.28%
2017-03-21 01:37:13,124 INFO: ----------------------------------------------------------------------------
2017-03-21 01:37:13,125 INFO: EPOCH 112 (99.833 seconds):
2017-03-21 01:37:13,128 INFO: 	Average L2 norm of relation vector: 0.06361
2017-03-21 01:37:13,129 INFO: 	COST >> 0.05 +/- 0.002, % updates Left: 5.66% Rel: 1.98% Right: 5.26%
2017-03-21 01:38:57,883 INFO: ----------------------------------------------------------------------------
2017-03-21 01:38:57,883 INFO: EPOCH 113 (104.754 seconds):
2017-03-21 01:38:57,886 INFO: 	Average L2 norm of relation vector: 0.06361
2017-03-21 01:38:57,887 INFO: 	COST >> 0.049 +/- 0.002, % updates Left: 5.6% Rel: 1.96% Right: 5.28%
2017-03-21 01:40:34,383 INFO: ----------------------------------------------------------------------------
2017-03-21 01:40:34,384 INFO: EPOCH 114 (96.497 seconds):
2017-03-21 01:40:34,386 INFO: 	Average L2 norm of relation vector: 0.0636
2017-03-21 01:40:34,387 INFO: 	COST >> 0.05 +/- 0.002, % updates Left: 5.68% Rel: 1.98% Right: 5.27%
2017-03-21 01:42:13,909 INFO: ----------------------------------------------------------------------------
2017-03-21 01:42:13,909 INFO: EPOCH 115 (99.522 seconds):
2017-03-21 01:42:13,913 INFO: 	Average L2 norm of relation vector: 0.06361
2017-03-21 01:42:13,914 INFO: 	COST >> 0.049 +/- 0.002, % updates Left: 5.62% Rel: 2.0% Right: 5.28%
2017-03-21 01:44:00,212 INFO: ----------------------------------------------------------------------------
2017-03-21 01:44:00,212 INFO: EPOCH 116 (106.299 seconds):
2017-03-21 01:44:00,284 INFO: 	Average L2 norm of relation vector: 0.0636
2017-03-21 01:44:00,285 INFO: 	COST >> 0.05 +/- 0.002, % updates Left: 5.63% Rel: 2.0% Right: 5.28%
2017-03-21 01:45:55,262 INFO: ----------------------------------------------------------------------------
2017-03-21 01:45:55,276 INFO: EPOCH 117 (114.991 seconds):
2017-03-21 01:45:55,279 INFO: 	Average L2 norm of relation vector: 0.06359
2017-03-21 01:45:55,279 INFO: 	COST >> 0.05 +/- 0.002, % updates Left: 5.59% Rel: 1.99% Right: 5.3%
2017-03-21 01:47:45,649 INFO: ----------------------------------------------------------------------------
2017-03-21 01:47:45,650 INFO: EPOCH 118 (110.37 seconds):
2017-03-21 01:47:45,652 INFO: 	Average L2 norm of relation vector: 0.06357
2017-03-21 01:47:45,653 INFO: 	COST >> 0.049 +/- 0.002, % updates Left: 5.55% Rel: 1.99% Right: 5.22%
2017-03-21 01:49:33,505 INFO: ----------------------------------------------------------------------------
2017-03-21 01:49:33,506 INFO: EPOCH 119 (107.852 seconds):
2017-03-21 01:49:33,509 INFO: 	Average L2 norm of relation vector: 0.06357
2017-03-21 01:49:33,510 INFO: 	COST >> 0.049 +/- 0.002, % updates Left: 5.57% Rel: 1.97% Right: 5.22%
2017-03-21 01:51:13,689 INFO: ----------------------------------------------------------------------------
2017-03-21 01:51:13,689 INFO: EPOCH 120 (100.179 seconds):
2017-03-21 01:51:13,691 INFO: 	Average L2 norm of relation vector: 0.06357
2017-03-21 01:51:13,701 INFO: 	COST >> 0.049 +/- 0.002, % updates Left: 5.63% Rel: 2.01% Right: 5.23%
2017-03-21 01:51:13,701 INFO: 	FilteredRanking: evaluating rank on 1000 triples
2017-03-21 01:53:28,750 INFO: 	FilteredRanking: evaluating rank on 1000 triples
2017-03-21 01:55:44,607 INFO: 	MEAN RANK >> valid: 182.1, train: 117.4
2017-03-21 01:55:44,608 INFO: 		MEAN RANK TRAIN: Left: 121.6 Rel: 746.8 Right: 113.1
2017-03-21 01:55:44,609 INFO: 		MEAN RANK VALID: Left: 194.1 Rel: 737.5 Right: 170.0
2017-03-21 01:55:44,609 INFO: 		MEAN RECIPROCAL RANK VALID (L & R): 0.091
2017-03-21 01:55:44,609 INFO: 	FilteredRanking: evaluating rank on 1000 triples
2017-03-21 01:58:08,590 INFO: 	NEW BEST TEST MR: 179.0
2017-03-21 01:58:08,592 INFO: 		Left MR: 191.6 Rel MR: 730.2 Right MR: 166.3
2017-03-21 01:58:08,696 INFO: 	(ranking took 414.995 seconds)
2017-03-21 01:59:40,434 INFO: ----------------------------------------------------------------------------
2017-03-21 01:59:40,435 INFO: EPOCH 121 (91.738 seconds):
2017-03-21 01:59:40,438 INFO: 	Average L2 norm of relation vector: 0.06356
2017-03-21 01:59:40,439 INFO: 	COST >> 0.049 +/- 0.002, % updates Left: 5.58% Rel: 1.97% Right: 5.2%
2017-03-21 02:01:22,774 INFO: ----------------------------------------------------------------------------
2017-03-21 02:01:22,775 INFO: EPOCH 122 (102.335 seconds):
2017-03-21 02:01:22,777 INFO: 	Average L2 norm of relation vector: 0.06355
2017-03-21 02:01:22,777 INFO: 	COST >> 0.049 +/- 0.002, % updates Left: 5.6% Rel: 1.98% Right: 5.22%
2017-03-21 02:03:22,022 INFO: ----------------------------------------------------------------------------
2017-03-21 02:03:22,023 INFO: EPOCH 123 (119.245 seconds):
2017-03-21 02:03:22,025 INFO: 	Average L2 norm of relation vector: 0.06354
2017-03-21 02:03:22,026 INFO: 	COST >> 0.049 +/- 0.002, % updates Left: 5.55% Rel: 1.95% Right: 5.21%
2017-03-21 02:05:04,876 INFO: ----------------------------------------------------------------------------
2017-03-21 02:05:04,888 INFO: EPOCH 124 (102.861 seconds):
2017-03-21 02:05:04,891 INFO: 	Average L2 norm of relation vector: 0.06353
2017-03-21 02:05:04,892 INFO: 	COST >> 0.049 +/- 0.002, % updates Left: 5.52% Rel: 1.98% Right: 5.22%
2017-03-21 02:06:47,853 INFO: ----------------------------------------------------------------------------
2017-03-21 02:06:47,853 INFO: EPOCH 125 (102.961 seconds):
2017-03-21 02:06:47,855 INFO: 	Average L2 norm of relation vector: 0.06354
2017-03-21 02:06:47,856 INFO: 	COST >> 0.049 +/- 0.002, % updates Left: 5.57% Rel: 1.98% Right: 5.23%
2017-03-21 02:08:27,865 INFO: ----------------------------------------------------------------------------
2017-03-21 02:08:27,865 INFO: EPOCH 126 (100.008 seconds):
2017-03-21 02:08:27,867 INFO: 	Average L2 norm of relation vector: 0.06352
2017-03-21 02:08:27,868 INFO: 	COST >> 0.049 +/- 0.002, % updates Left: 5.54% Rel: 1.98% Right: 5.15%
2017-03-21 02:10:34,229 INFO: ----------------------------------------------------------------------------
2017-03-21 02:10:34,244 INFO: EPOCH 127 (126.376 seconds):
2017-03-21 02:10:34,247 INFO: 	Average L2 norm of relation vector: 0.06352
2017-03-21 02:10:34,249 INFO: 	COST >> 0.049 +/- 0.002, % updates Left: 5.53% Rel: 1.99% Right: 5.18%
2017-03-21 02:12:27,741 INFO: ----------------------------------------------------------------------------
2017-03-21 02:12:27,742 INFO: EPOCH 128 (113.493 seconds):
2017-03-21 02:12:27,745 INFO: 	Average L2 norm of relation vector: 0.0635
2017-03-21 02:12:27,753 INFO: 	COST >> 0.048 +/- 0.002, % updates Left: 5.5% Rel: 2.01% Right: 5.12%
2017-03-21 02:14:21,555 INFO: ----------------------------------------------------------------------------
2017-03-21 02:14:21,568 INFO: EPOCH 129 (113.815 seconds):
2017-03-21 02:14:21,571 INFO: 	Average L2 norm of relation vector: 0.0635
2017-03-21 02:14:21,572 INFO: 	COST >> 0.049 +/- 0.002, % updates Left: 5.5% Rel: 1.97% Right: 5.23%
2017-03-21 02:16:12,727 INFO: ----------------------------------------------------------------------------
2017-03-21 02:16:12,728 INFO: EPOCH 130 (111.155 seconds):
2017-03-21 02:16:12,731 INFO: 	Average L2 norm of relation vector: 0.06349
2017-03-21 02:16:12,733 INFO: 	COST >> 0.049 +/- 0.002, % updates Left: 5.56% Rel: 1.98% Right: 5.17%
2017-03-21 02:16:12,733 INFO: 	FilteredRanking: evaluating rank on 1000 triples
2017-03-21 02:18:39,713 INFO: 	FilteredRanking: evaluating rank on 1000 triples
2017-03-21 02:21:11,786 INFO: 	MEAN RANK >> valid: 175.7, train: 117.7
2017-03-21 02:21:11,793 INFO: 		MEAN RANK TRAIN: Left: 121.3 Rel: 752.3 Right: 114.1
2017-03-21 02:21:11,795 INFO: 		MEAN RANK VALID: Left: 185.1 Rel: 737.5 Right: 166.3
2017-03-21 02:21:11,795 INFO: 		MEAN RECIPROCAL RANK VALID (L & R): 0.0865
2017-03-21 02:21:11,795 WARNING: 	WARNING, failed to improve MRR on valid, 2 chances left

2017-03-21 02:21:11,949 INFO: 	(ranking took 299.216 seconds)
2017-03-21 02:23:02,118 INFO: ----------------------------------------------------------------------------
2017-03-21 02:23:02,140 INFO: EPOCH 131 (110.188 seconds):
2017-03-21 02:23:02,142 INFO: 	Average L2 norm of relation vector: 0.06349
2017-03-21 02:23:02,143 INFO: 	COST >> 0.049 +/- 0.002, % updates Left: 5.54% Rel: 1.97% Right: 5.16%
2017-03-21 02:24:39,220 INFO: ----------------------------------------------------------------------------
2017-03-21 02:24:39,232 INFO: EPOCH 132 (97.089 seconds):
2017-03-21 02:24:39,234 INFO: 	Average L2 norm of relation vector: 0.06348
2017-03-21 02:24:39,235 INFO: 	COST >> 0.049 +/- 0.002, % updates Left: 5.56% Rel: 1.96% Right: 5.16%
2017-03-21 02:26:25,682 INFO: ----------------------------------------------------------------------------
2017-03-21 02:26:25,682 INFO: EPOCH 133 (106.447 seconds):
2017-03-21 02:26:25,684 INFO: 	Average L2 norm of relation vector: 0.06348
2017-03-21 02:26:25,685 INFO: 	COST >> 0.048 +/- 0.002, % updates Left: 5.52% Rel: 1.99% Right: 5.17%
2017-03-21 02:28:14,805 INFO: ----------------------------------------------------------------------------
2017-03-21 02:28:14,806 INFO: EPOCH 134 (109.12 seconds):
2017-03-21 02:28:14,808 INFO: 	Average L2 norm of relation vector: 0.06349
2017-03-21 02:28:14,809 INFO: 	COST >> 0.048 +/- 0.002, % updates Left: 5.53% Rel: 1.98% Right: 5.18%
2017-03-21 02:29:55,258 INFO: ----------------------------------------------------------------------------
2017-03-21 02:29:55,258 INFO: EPOCH 135 (100.449 seconds):
2017-03-21 02:29:55,260 INFO: 	Average L2 norm of relation vector: 0.06349
2017-03-21 02:29:55,273 INFO: 	COST >> 0.048 +/- 0.002, % updates Left: 5.5% Rel: 2.01% Right: 5.17%
2017-03-21 02:31:45,816 INFO: ----------------------------------------------------------------------------
2017-03-21 02:31:45,817 INFO: EPOCH 136 (110.544 seconds):
2017-03-21 02:31:45,819 INFO: 	Average L2 norm of relation vector: 0.06349
2017-03-21 02:31:45,820 INFO: 	COST >> 0.048 +/- 0.002, % updates Left: 5.48% Rel: 1.99% Right: 5.15%
2017-03-21 02:33:35,200 INFO: ----------------------------------------------------------------------------
2017-03-21 02:33:35,201 INFO: EPOCH 137 (109.38 seconds):
2017-03-21 02:33:35,204 INFO: 	Average L2 norm of relation vector: 0.06348
2017-03-21 02:33:35,205 INFO: 	COST >> 0.048 +/- 0.002, % updates Left: 5.45% Rel: 2.0% Right: 5.16%
2017-03-21 02:35:17,700 INFO: ----------------------------------------------------------------------------
2017-03-21 02:35:17,701 INFO: EPOCH 138 (102.495 seconds):
2017-03-21 02:35:17,703 INFO: 	Average L2 norm of relation vector: 0.06348
2017-03-21 02:35:17,704 INFO: 	COST >> 0.048 +/- 0.002, % updates Left: 5.48% Rel: 1.96% Right: 5.13%
2017-03-21 02:37:07,462 INFO: ----------------------------------------------------------------------------
2017-03-21 02:37:07,463 INFO: EPOCH 139 (109.758 seconds):
2017-03-21 02:37:07,465 INFO: 	Average L2 norm of relation vector: 0.06347
2017-03-21 02:37:07,466 INFO: 	COST >> 0.048 +/- 0.002, % updates Left: 5.47% Rel: 1.96% Right: 5.13%
2017-03-21 02:38:43,739 INFO: ----------------------------------------------------------------------------
2017-03-21 02:38:43,752 INFO: EPOCH 140 (96.286 seconds):
2017-03-21 02:38:43,754 INFO: 	Average L2 norm of relation vector: 0.06347
2017-03-21 02:38:43,755 INFO: 	COST >> 0.048 +/- 0.002, % updates Left: 5.52% Rel: 1.98% Right: 5.11%
2017-03-21 02:38:43,755 INFO: 	FilteredRanking: evaluating rank on 1000 triples
2017-03-21 02:41:04,508 INFO: 	FilteredRanking: evaluating rank on 1000 triples
2017-03-21 02:43:16,584 INFO: 	MEAN RANK >> valid: 175.8, train: 110.3
2017-03-21 02:43:16,585 INFO: 		MEAN RANK TRAIN: Left: 114.4 Rel: 747.3 Right: 106.3
2017-03-21 02:43:16,586 INFO: 		MEAN RANK VALID: Left: 185.2 Rel: 731.5 Right: 166.4
2017-03-21 02:43:16,586 INFO: 		MEAN RECIPROCAL RANK VALID (L & R): 0.09
2017-03-21 02:43:16,586 WARNING: 	WARNING, failed to improve MRR on valid, 1 chances left

2017-03-21 02:43:16,711 INFO: 	(ranking took 272.956 seconds)
2017-03-21 02:44:51,620 INFO: ----------------------------------------------------------------------------
2017-03-21 02:44:51,632 INFO: EPOCH 141 (94.92 seconds):
2017-03-21 02:44:51,635 INFO: 	Average L2 norm of relation vector: 0.06348
2017-03-21 02:44:51,636 INFO: 	COST >> 0.048 +/- 0.002, % updates Left: 5.46% Rel: 1.98% Right: 5.1%
2017-03-21 02:46:25,988 INFO: ----------------------------------------------------------------------------
2017-03-21 02:46:25,989 INFO: EPOCH 142 (94.353 seconds):
2017-03-21 02:46:25,991 INFO: 	Average L2 norm of relation vector: 0.06348
2017-03-21 02:46:25,992 INFO: 	COST >> 0.048 +/- 0.002, % updates Left: 5.49% Rel: 1.97% Right: 5.14%
2017-03-21 02:48:11,420 INFO: ----------------------------------------------------------------------------
2017-03-21 02:48:11,421 INFO: EPOCH 143 (105.428 seconds):
2017-03-21 02:48:11,423 INFO: 	Average L2 norm of relation vector: 0.06349
2017-03-21 02:48:11,424 INFO: 	COST >> 0.048 +/- 0.002, % updates Left: 5.5% Rel: 1.99% Right: 5.12%
2017-03-21 02:49:52,164 INFO: ----------------------------------------------------------------------------
2017-03-21 02:49:52,165 INFO: EPOCH 144 (100.741 seconds):
2017-03-21 02:49:52,167 INFO: 	Average L2 norm of relation vector: 0.06349
2017-03-21 02:49:52,168 INFO: 	COST >> 0.048 +/- 0.002, % updates Left: 5.51% Rel: 2.0% Right: 5.09%
2017-03-21 02:51:43,442 INFO: ----------------------------------------------------------------------------
2017-03-21 02:51:43,443 INFO: EPOCH 145 (111.275 seconds):
2017-03-21 02:51:43,446 INFO: 	Average L2 norm of relation vector: 0.06349
2017-03-21 02:51:43,457 INFO: 	COST >> 0.048 +/- 0.002, % updates Left: 5.46% Rel: 1.96% Right: 5.13%
2017-03-21 02:53:17,417 INFO: ----------------------------------------------------------------------------
2017-03-21 02:53:17,417 INFO: EPOCH 146 (93.96 seconds):
2017-03-21 02:53:17,420 INFO: 	Average L2 norm of relation vector: 0.0635
2017-03-21 02:53:17,421 INFO: 	COST >> 0.048 +/- 0.002, % updates Left: 5.48% Rel: 1.99% Right: 5.09%
2017-03-21 02:54:47,113 INFO: ----------------------------------------------------------------------------
2017-03-21 02:54:47,124 INFO: EPOCH 147 (89.702 seconds):
2017-03-21 02:54:47,126 INFO: 	Average L2 norm of relation vector: 0.06349
2017-03-21 02:54:47,127 INFO: 	COST >> 0.048 +/- 0.002, % updates Left: 5.43% Rel: 1.95% Right: 5.12%
2017-03-21 02:56:20,555 INFO: ----------------------------------------------------------------------------
2017-03-21 02:56:20,556 INFO: EPOCH 148 (93.428 seconds):
2017-03-21 02:56:20,559 INFO: 	Average L2 norm of relation vector: 0.06348
2017-03-21 02:56:20,560 INFO: 	COST >> 0.048 +/- 0.002, % updates Left: 5.47% Rel: 1.97% Right: 5.07%
2017-03-21 02:57:53,751 INFO: ----------------------------------------------------------------------------
2017-03-21 02:57:53,752 INFO: EPOCH 149 (93.192 seconds):
2017-03-21 02:57:53,754 INFO: 	Average L2 norm of relation vector: 0.06348
2017-03-21 02:57:53,755 INFO: 	COST >> 0.048 +/- 0.002, % updates Left: 5.44% Rel: 1.97% Right: 5.08%
2017-03-21 02:59:26,801 INFO: ----------------------------------------------------------------------------
2017-03-21 02:59:26,802 INFO: EPOCH 150 (93.033 seconds):
2017-03-21 02:59:26,804 INFO: 	Average L2 norm of relation vector: 0.06347
2017-03-21 02:59:26,805 INFO: 	COST >> 0.047 +/- 0.002, % updates Left: 5.41% Rel: 1.96% Right: 5.06%
2017-03-21 02:59:26,805 INFO: 	FilteredRanking: evaluating rank on 1000 triples
2017-03-21 03:01:39,023 INFO: 	FilteredRanking: evaluating rank on 1000 triples
2017-03-21 03:04:04,899 INFO: 	MEAN RANK >> valid: 170.3, train: 105.8
2017-03-21 03:04:04,900 INFO: 		MEAN RANK TRAIN: Left: 112.0 Rel: 745.4 Right: 99.6
2017-03-21 03:04:04,909 INFO: 		MEAN RANK VALID: Left: 180.4 Rel: 726.0 Right: 160.2
2017-03-21 03:04:04,909 INFO: 		MEAN RECIPROCAL RANK VALID (L & R): 0.0875
2017-03-21 03:04:04,910 WARNING: 	WARNING, failed to improve MRR on valid, 0 chances left

2017-03-21 03:04:05,000 INFO: 	(ranking took 278.195 seconds)
2017-03-21 03:05:50,689 INFO: ----------------------------------------------------------------------------
2017-03-21 03:05:50,689 INFO: EPOCH 151 (105.689 seconds):
2017-03-21 03:05:50,691 INFO: 	Average L2 norm of relation vector: 0.06347
2017-03-21 03:05:50,697 INFO: 	COST >> 0.048 +/- 0.002, % updates Left: 5.41% Rel: 1.98% Right: 5.14%
2017-03-21 03:07:39,568 INFO: ----------------------------------------------------------------------------
2017-03-21 03:07:39,569 INFO: EPOCH 152 (108.872 seconds):
2017-03-21 03:07:39,572 INFO: 	Average L2 norm of relation vector: 0.06347
2017-03-21 03:07:39,573 INFO: 	COST >> 0.047 +/- 0.001, % updates Left: 5.44% Rel: 1.97% Right: 5.07%
2017-03-21 03:09:18,220 INFO: ----------------------------------------------------------------------------
2017-03-21 03:09:18,221 INFO: EPOCH 153 (98.647 seconds):
2017-03-21 03:09:18,223 INFO: 	Average L2 norm of relation vector: 0.06346
2017-03-21 03:09:18,237 INFO: 	COST >> 0.047 +/- 0.002, % updates Left: 5.48% Rel: 1.95% Right: 5.03%
2017-03-21 03:10:58,351 INFO: ----------------------------------------------------------------------------
2017-03-21 03:10:58,351 INFO: EPOCH 154 (100.114 seconds):
2017-03-21 03:10:58,354 INFO: 	Average L2 norm of relation vector: 0.06347
2017-03-21 03:10:58,354 INFO: 	COST >> 0.047 +/- 0.002, % updates Left: 5.41% Rel: 1.96% Right: 5.14%
2017-03-21 03:12:40,167 INFO: ----------------------------------------------------------------------------
2017-03-21 03:12:40,180 INFO: EPOCH 155 (101.826 seconds):
2017-03-21 03:12:40,183 INFO: 	Average L2 norm of relation vector: 0.06347
2017-03-21 03:12:40,184 INFO: 	COST >> 0.047 +/- 0.002, % updates Left: 5.42% Rel: 1.96% Right: 5.07%
2017-03-21 03:14:21,733 INFO: ----------------------------------------------------------------------------
2017-03-21 03:14:21,734 INFO: EPOCH 156 (101.549 seconds):
2017-03-21 03:14:21,736 INFO: 	Average L2 norm of relation vector: 0.06346
2017-03-21 03:14:21,737 INFO: 	COST >> 0.047 +/- 0.002, % updates Left: 5.42% Rel: 1.97% Right: 5.04%
2017-03-21 03:16:08,494 INFO: ----------------------------------------------------------------------------
2017-03-21 03:16:08,494 INFO: EPOCH 157 (106.757 seconds):
2017-03-21 03:16:08,496 INFO: 	Average L2 norm of relation vector: 0.06347
2017-03-21 03:16:08,509 INFO: 	COST >> 0.047 +/- 0.002, % updates Left: 5.39% Rel: 1.95% Right: 5.1%
2017-03-21 03:18:01,976 INFO: ----------------------------------------------------------------------------
2017-03-21 03:18:01,977 INFO: EPOCH 158 (113.467 seconds):
2017-03-21 03:18:01,980 INFO: 	Average L2 norm of relation vector: 0.06346
2017-03-21 03:18:01,989 INFO: 	COST >> 0.047 +/- 0.002, % updates Left: 5.35% Rel: 1.97% Right: 5.05%
2017-03-21 03:19:53,918 INFO: ----------------------------------------------------------------------------
2017-03-21 03:19:53,919 INFO: EPOCH 159 (111.929 seconds):
2017-03-21 03:19:53,922 INFO: 	Average L2 norm of relation vector: 0.06346
2017-03-21 03:19:53,923 INFO: 	COST >> 0.047 +/- 0.002, % updates Left: 5.42% Rel: 1.95% Right: 5.06%
2017-03-21 03:21:51,709 INFO: ----------------------------------------------------------------------------
2017-03-21 03:21:51,720 INFO: EPOCH 160 (117.796 seconds):
2017-03-21 03:21:51,722 INFO: 	Average L2 norm of relation vector: 0.06346
2017-03-21 03:21:51,723 INFO: 	COST >> 0.047 +/- 0.002, % updates Left: 5.39% Rel: 1.93% Right: 5.09%
2017-03-21 03:21:51,723 INFO: 	FilteredRanking: evaluating rank on 1000 triples
2017-03-21 03:24:23,086 INFO: 	FilteredRanking: evaluating rank on 1000 triples
2017-03-21 03:26:47,923 INFO: 	MEAN RANK >> valid: 169.1, train: 105.4
2017-03-21 03:26:47,924 INFO: 		MEAN RANK TRAIN: Left: 108.2 Rel: 746.3 Right: 102.7
2017-03-21 03:26:47,924 INFO: 		MEAN RANK VALID: Left: 180.8 Rel: 726.3 Right: 157.4
2017-03-21 03:26:47,925 INFO: 		MEAN RECIPROCAL RANK VALID (L & R): 0.0875
2017-03-21 03:26:47,925 WARNING: EARLY STOPPING, failed to improve MRR on valid after 30 epochs
2017-03-21 03:26:47,925 INFO: ----------------------------------------------------------------------------
2017-03-21 03:26:47,925 INFO: ----------------------------------------------------------------------------
2017-03-21 03:26:47,925 INFO: 	Ranking model on all examples from test. Each example ranked against 14951 other entities
2017-03-21 03:26:47,925 INFO: 	RELATION ranking: each rel ranked against 1345 other rels
2017-03-21 03:26:49,819 INFO: 	Ranking: evaluating rank on 59071 triples
2017-03-21 04:49:11,815 INFO: left_ranks: (59071,), right_ranks: (59071,), rel_ranks: (59071,)
2017-03-21 04:49:11,901 INFO: max left_ranks: 14951, max right_ranks: 14951, max rel_ranks: 1345
2017-03-21 04:49:13,710 INFO: MICRO RAW:
2017-03-21 04:49:13,710 INFO: 	Left mean rank: 328.916, MRR: 0.1, median rank: 70.0, hits@10: 21.384%
2017-03-21 04:49:13,710 INFO: 	Right mean rank: 257.492, MRR: 0.124, median rank: 47.0, hits@10: 25.5%
2017-03-21 04:49:13,710 INFO: 	relation mean rank: 723.442, MRR: 0.101, median rank: 1090.0, hits@10: 18.612%
2017-03-21 04:49:13,711 INFO: 	Global mean rank: 293.204, MRR: 0.112, median rank: 57.0, hits@10: 23.442%
2017-03-21 04:49:13,711 INFO: MACRO RAW
2017-03-21 04:49:13,711 INFO: 	Left mean rank: 344.543, MRR: 0.123, median rank: 67.5, hits@10: 23.318%
2017-03-21 04:49:13,711 INFO: 	Right mean rank: 297.251, MRR: 0.134, median rank: 57.0, hits@10: 25.706%
2017-03-21 04:49:13,711 INFO: 	relation mean rank: 630.825, MRR: 0.036, median rank: 638.038, hits@10: 8.479%
2017-03-21 04:49:13,711 INFO: 	Global mean rank: 424.207, MRR: 0.097, median rank: 94.0, hits@10: 19.168%
2017-03-21 04:49:13,711 INFO: Ranking model on all examples from test. Each example ranked against 14951 other entities which are FILTERED
2017-03-21 04:49:13,712 INFO: RELATION ranking: each rel ranked against 1345 other rels
2017-03-21 04:49:15,567 INFO: 	FilteredRanking: evaluating rank on 59071 triples
2017-03-21 06:36:19,542 INFO: MICRO FILTERED:
2017-03-21 06:36:19,543 INFO: 	Left mean rank: 209.82436, MRR: 0.14871, median rank: 42.0, hits@10: 28.71%
2017-03-21 06:36:19,543 INFO: 	Right mean rank: 181.63711, MRR: 0.17529, median rank: 33.0, hits@10: 32.398%
2017-03-21 06:36:19,543 INFO: 	relation mean rank: 723.123, MRR: 0.112, median rank: 1090.0, hits@10: 18.838%
2017-03-21 06:36:19,543 INFO: 	Global mean rank: 195.73074, MRR: 0.162, median rank: 38.0, hits@10: 30.554%
2017-03-21 06:36:19,543 INFO: MACRO FILTERED
2017-03-21 06:36:19,543 INFO: 	Left mean rank: 318.16882, MRR: 0.14796, median rank: 52.0, hits@10: 26.88%
2017-03-21 06:36:19,544 INFO: 	Right mean rank: 284.7747, MRR: 0.15972, median rank: 52.0, hits@10: 28.494%
2017-03-21 06:36:19,544 INFO: 	relation mean rank: 630.365, MRR: 0.038, median rank: 637.573, hits@10: 8.828%
2017-03-21 06:36:19,544 INFO: 	Global mean rank: 411.1028, MRR: 0.11539, median rank: 80.0, hits@10: 21.401%
