2017-03-20 07:17:20,894 INFO: logger initialized for experiment identifier: TransE_L2_ndim_100_marg_0.5_lrate_0.01_cost_margincost_reg_0.01_REL
2017-03-20 07:17:20,895 INFO: DD{'ndim': 100, 'test_all': 10, 'Nsyn_rel': 1345, 'totepochs': 500, 'bestvalidMRR': -1, 'loadmodel': False, 'lremb': 0.01, 'nvalid': 1000, 'seed': 123, 'marge': 0.5, 'margincostfunction': 'margincost', 'simfn': 'L2', 'savepath': '/home/ubuntu/Thesis_code/KBC_Text/outputs/FB15k_TransE/TransE_L2_ndim_100_marg_0.5_lrate_0.01_cost_margincost_reg_0.01_REL', 'dataset': 'FB15k', 'nbatches': 100, 'identifier': 'TransE_L2_ndim_100_marg_0.5_lrate_0.01_cost_margincost_reg_0.01_REL', 'lrparam': 0.01, 'loademb': False, 'datapath': '/home/ubuntu/Thesis_code/KBC_Text/data/', 'ntrain': 1000, 'Nrel': 1345, 'experiment_type': 'FB15kexp', 'rel': True, 'Nent': 16296, 'logger': <logging.RootLogger object at 0x7ff56753b690>, 'ntest': 1000, 'Nsyn': 14951, 'reg': 0.01, 'op': 'TransE'}
2017-03-20 07:17:27,181 DEBUG: FB15kexp: load_FB15k_data(): trainl(16296, 483142), trainr(16296, 483142), traino(1345, 483142), trainlidx(1000,)
2017-03-20 07:17:35,364 DEBUG: Training to rank RELATIONS as well!
2017-03-20 07:17:35,377 DEBUG: loaded data and constructed model...
2017-03-20 07:17:35,377 DEBUG: num epochs: 500
2017-03-20 07:17:35,377 DEBUG: num batches per epoch: 100
2017-03-20 07:17:35,378 DEBUG: batchsize: 4831
2017-03-20 07:17:35,378 DEBUG: left and right entity ranking functions will rank a slot against 14951 competitors
2017-03-20 07:17:35,378 INFO: BEGIN TRAINING
2017-03-20 07:20:01,059 INFO: ----------------------------------------------------------------------------
2017-03-20 07:20:01,060 INFO: EPOCH 1 (145.682 seconds):
2017-03-20 07:20:01,106 INFO: 	Average L2 norm of relation vector: 0.03348
2017-03-20 07:20:01,107 INFO: 	COST >> 0.775 +/- 0.162, % updates Left: 88.09% Rel: 19.49% Right: 82.25%
2017-03-20 07:22:04,435 INFO: ----------------------------------------------------------------------------
2017-03-20 07:22:04,448 INFO: EPOCH 2 (123.341 seconds):
2017-03-20 07:22:04,451 INFO: 	Average L2 norm of relation vector: 0.03651
2017-03-20 07:22:04,465 INFO: 	COST >> 0.479 +/- 0.044, % updates Left: 71.81% Rel: 8.29% Right: 64.47%
2017-03-20 07:24:27,562 INFO: ----------------------------------------------------------------------------
2017-03-20 07:24:27,563 INFO: EPOCH 3 (143.097 seconds):
2017-03-20 07:24:27,566 INFO: 	Average L2 norm of relation vector: 0.03885
2017-03-20 07:24:27,567 INFO: 	COST >> 0.371 +/- 0.018, % updates Left: 59.88% Rel: 6.32% Right: 53.82%
2017-03-20 07:26:35,672 INFO: ----------------------------------------------------------------------------
2017-03-20 07:26:35,672 INFO: EPOCH 4 (128.105 seconds):
2017-03-20 07:26:35,675 INFO: 	Average L2 norm of relation vector: 0.04073
2017-03-20 07:26:35,676 INFO: 	COST >> 0.322 +/- 0.009, % updates Left: 52.45% Rel: 5.36% Right: 47.42%
2017-03-20 07:28:46,457 INFO: ----------------------------------------------------------------------------
2017-03-20 07:28:46,457 INFO: EPOCH 5 (130.781 seconds):
2017-03-20 07:28:46,459 INFO: 	Average L2 norm of relation vector: 0.04227
2017-03-20 07:28:46,460 INFO: 	COST >> 0.295 +/- 0.007, % updates Left: 47.89% Rel: 4.8% Right: 43.3%
2017-03-20 07:31:08,499 INFO: ----------------------------------------------------------------------------
2017-03-20 07:31:08,500 INFO: EPOCH 6 (142.04 seconds):
2017-03-20 07:31:08,502 INFO: 	Average L2 norm of relation vector: 0.04358
2017-03-20 07:31:08,503 INFO: 	COST >> 0.279 +/- 0.006, % updates Left: 44.75% Rel: 4.5% Right: 40.67%
2017-03-20 07:33:13,166 INFO: ----------------------------------------------------------------------------
2017-03-20 07:33:13,176 INFO: EPOCH 7 (124.673 seconds):
2017-03-20 07:33:13,180 INFO: 	Average L2 norm of relation vector: 0.04473
2017-03-20 07:33:13,181 INFO: 	COST >> 0.267 +/- 0.005, % updates Left: 42.39% Rel: 4.18% Right: 38.71%
2017-03-20 07:35:08,692 INFO: ----------------------------------------------------------------------------
2017-03-20 07:35:08,704 INFO: EPOCH 8 (115.523 seconds):
2017-03-20 07:35:08,707 INFO: 	Average L2 norm of relation vector: 0.04572
2017-03-20 07:35:08,708 INFO: 	COST >> 0.259 +/- 0.006, % updates Left: 40.78% Rel: 3.98% Right: 37.42%
2017-03-20 07:38:12,197 INFO: ----------------------------------------------------------------------------
2017-03-20 07:38:12,198 INFO: EPOCH 9 (183.49 seconds):
2017-03-20 07:38:12,200 INFO: 	Average L2 norm of relation vector: 0.04661
2017-03-20 07:38:12,201 INFO: 	COST >> 0.252 +/- 0.005, % updates Left: 39.42% Rel: 3.78% Right: 36.31%
2017-03-20 07:40:07,309 INFO: ----------------------------------------------------------------------------
2017-03-20 07:40:07,320 INFO: EPOCH 10 (115.118 seconds):
2017-03-20 07:40:07,323 INFO: 	Average L2 norm of relation vector: 0.04741
2017-03-20 07:40:07,324 INFO: 	COST >> 0.247 +/- 0.006, % updates Left: 38.54% Rel: 3.72% Right: 35.6%
2017-03-20 07:40:07,324 INFO: 	FilteredRanking: evaluating rank on 1000 triples
2017-03-20 07:42:53,061 INFO: 	FilteredRanking: evaluating rank on 1000 triples
2017-03-20 07:45:44,035 INFO: 	MEAN RANK >> valid: 1394.2, train: 1081.2
2017-03-20 07:45:44,049 INFO: 		MEAN RANK TRAIN: Left: 1199.3 Rel: 107.2 Right: 963.1
2017-03-20 07:45:44,050 INFO: 		MEAN RANK VALID: Left: 1435.9 Rel: 99.7 Right: 1352.5
2017-03-20 07:45:44,050 INFO: 		MEAN RECIPROCAL RANK VALID (L & R): 0.09
2017-03-20 07:45:44,050 INFO: 	FilteredRanking: evaluating rank on 1000 triples
2017-03-20 07:48:36,410 INFO: 	NEW BEST TEST MR: 1433.5
2017-03-20 07:48:36,411 INFO: 		Left MR: 1466.0 Rel MR: 105.0 Right MR: 1401.0
2017-03-20 07:48:36,475 INFO: 	(ranking took 509.151 seconds)
2017-03-20 07:51:51,701 INFO: ----------------------------------------------------------------------------
2017-03-20 07:51:51,702 INFO: EPOCH 11 (195.227 seconds):
2017-03-20 07:51:51,706 INFO: 	Average L2 norm of relation vector: 0.04813
2017-03-20 07:51:51,707 INFO: 	COST >> 0.243 +/- 0.005, % updates Left: 37.74% Rel: 3.58% Right: 34.93%
2017-03-20 07:53:59,059 INFO: ----------------------------------------------------------------------------
2017-03-20 07:53:59,072 INFO: EPOCH 12 (127.365 seconds):
2017-03-20 07:53:59,074 INFO: 	Average L2 norm of relation vector: 0.04879
2017-03-20 07:53:59,075 INFO: 	COST >> 0.24 +/- 0.005, % updates Left: 37.1% Rel: 3.51% Right: 34.43%
2017-03-20 07:55:59,891 INFO: ----------------------------------------------------------------------------
2017-03-20 07:55:59,892 INFO: EPOCH 13 (120.817 seconds):
2017-03-20 07:55:59,895 INFO: 	Average L2 norm of relation vector: 0.0494
2017-03-20 07:55:59,909 INFO: 	COST >> 0.236 +/- 0.005, % updates Left: 36.52% Rel: 3.4% Right: 34.0%
2017-03-20 07:57:52,332 INFO: ----------------------------------------------------------------------------
2017-03-20 07:57:52,344 INFO: EPOCH 14 (112.435 seconds):
2017-03-20 07:57:52,347 INFO: 	Average L2 norm of relation vector: 0.04995
2017-03-20 07:57:52,348 INFO: 	COST >> 0.234 +/- 0.005, % updates Left: 36.05% Rel: 3.32% Right: 33.63%
2017-03-20 08:00:01,030 INFO: ----------------------------------------------------------------------------
2017-03-20 08:00:01,030 INFO: EPOCH 15 (128.682 seconds):
2017-03-20 08:00:01,032 INFO: 	Average L2 norm of relation vector: 0.05045
2017-03-20 08:00:01,033 INFO: 	COST >> 0.232 +/- 0.005, % updates Left: 35.75% Rel: 3.26% Right: 33.35%
2017-03-20 08:01:44,528 INFO: ----------------------------------------------------------------------------
2017-03-20 08:01:44,540 INFO: EPOCH 16 (103.507 seconds):
2017-03-20 08:01:44,542 INFO: 	Average L2 norm of relation vector: 0.05092
2017-03-20 08:01:44,543 INFO: 	COST >> 0.229 +/- 0.006, % updates Left: 35.26% Rel: 3.19% Right: 33.02%
2017-03-20 08:03:25,792 INFO: ----------------------------------------------------------------------------
2017-03-20 08:03:25,793 INFO: EPOCH 17 (101.249 seconds):
2017-03-20 08:03:25,796 INFO: 	Average L2 norm of relation vector: 0.05136
2017-03-20 08:03:25,809 INFO: 	COST >> 0.228 +/- 0.005, % updates Left: 35.08% Rel: 3.17% Right: 32.78%
2017-03-20 08:05:30,749 INFO: ----------------------------------------------------------------------------
2017-03-20 08:05:30,749 INFO: EPOCH 18 (124.939 seconds):
2017-03-20 08:05:30,751 INFO: 	Average L2 norm of relation vector: 0.05176
2017-03-20 08:05:30,752 INFO: 	COST >> 0.226 +/- 0.005, % updates Left: 34.82% Rel: 3.14% Right: 32.64%
2017-03-20 08:07:21,972 INFO: ----------------------------------------------------------------------------
2017-03-20 08:07:21,973 INFO: EPOCH 19 (111.22 seconds):
2017-03-20 08:07:21,975 INFO: 	Average L2 norm of relation vector: 0.05212
2017-03-20 08:07:21,976 INFO: 	COST >> 0.225 +/- 0.005, % updates Left: 34.74% Rel: 3.1% Right: 32.4%
2017-03-20 08:09:08,356 INFO: ----------------------------------------------------------------------------
2017-03-20 08:09:08,368 INFO: EPOCH 20 (106.392 seconds):
2017-03-20 08:09:08,372 INFO: 	Average L2 norm of relation vector: 0.05247
2017-03-20 08:09:08,373 INFO: 	COST >> 0.223 +/- 0.005, % updates Left: 34.42% Rel: 3.06% Right: 32.24%
2017-03-20 08:09:08,374 INFO: 	FilteredRanking: evaluating rank on 1000 triples
2017-03-20 08:11:53,165 INFO: 	FilteredRanking: evaluating rank on 1000 triples
2017-03-20 08:14:41,313 INFO: 	MEAN RANK >> valid: 1318.8, train: 1003.8
2017-03-20 08:14:41,325 INFO: 		MEAN RANK TRAIN: Left: 1118.9 Rel: 109.8 Right: 888.7
2017-03-20 08:14:41,326 INFO: 		MEAN RANK VALID: Left: 1362.3 Rel: 102.0 Right: 1275.4
2017-03-20 08:14:41,327 INFO: 		MEAN RECIPROCAL RANK VALID (L & R): 0.0955
2017-03-20 08:14:41,327 INFO: 	FilteredRanking: evaluating rank on 1000 triples
2017-03-20 08:17:24,536 INFO: 	NEW BEST TEST MR: 1352.6
2017-03-20 08:17:24,537 INFO: 		Left MR: 1396.0 Rel MR: 108.3 Right MR: 1309.3
2017-03-20 08:17:24,958 INFO: 	(ranking took 496.584 seconds)
2017-03-20 08:19:26,201 INFO: ----------------------------------------------------------------------------
2017-03-20 08:19:26,201 INFO: EPOCH 21 (121.243 seconds):
2017-03-20 08:19:26,204 INFO: 	Average L2 norm of relation vector: 0.05279
2017-03-20 08:19:26,217 INFO: 	COST >> 0.222 +/- 0.005, % updates Left: 34.25% Rel: 3.04% Right: 32.08%
2017-03-20 08:21:12,754 INFO: ----------------------------------------------------------------------------
2017-03-20 08:21:12,755 INFO: EPOCH 22 (106.537 seconds):
2017-03-20 08:21:12,757 INFO: 	Average L2 norm of relation vector: 0.05308
2017-03-20 08:21:12,758 INFO: 	COST >> 0.221 +/- 0.005, % updates Left: 34.11% Rel: 3.02% Right: 31.98%
2017-03-20 08:23:03,426 INFO: ----------------------------------------------------------------------------
2017-03-20 08:23:03,436 INFO: EPOCH 23 (110.678 seconds):
2017-03-20 08:23:03,440 INFO: 	Average L2 norm of relation vector: 0.05334
2017-03-20 08:23:03,441 INFO: 	COST >> 0.22 +/- 0.005, % updates Left: 33.91% Rel: 2.97% Right: 31.89%
2017-03-20 08:25:14,850 INFO: ----------------------------------------------------------------------------
2017-03-20 08:25:14,864 INFO: EPOCH 24 (131.423 seconds):
2017-03-20 08:25:14,868 INFO: 	Average L2 norm of relation vector: 0.05361
2017-03-20 08:25:14,869 INFO: 	COST >> 0.22 +/- 0.006, % updates Left: 33.95% Rel: 2.98% Right: 31.68%
2017-03-20 08:27:11,611 INFO: ----------------------------------------------------------------------------
2017-03-20 08:27:11,624 INFO: EPOCH 25 (116.755 seconds):
2017-03-20 08:27:11,627 INFO: 	Average L2 norm of relation vector: 0.05384
2017-03-20 08:27:11,628 INFO: 	COST >> 0.219 +/- 0.006, % updates Left: 33.78% Rel: 2.92% Right: 31.69%
2017-03-20 08:29:19,957 INFO: ----------------------------------------------------------------------------
2017-03-20 08:29:19,958 INFO: EPOCH 26 (128.329 seconds):
2017-03-20 08:29:19,961 INFO: 	Average L2 norm of relation vector: 0.05407
2017-03-20 08:29:19,962 INFO: 	COST >> 0.218 +/- 0.005, % updates Left: 33.66% Rel: 2.95% Right: 31.62%
2017-03-20 08:31:16,057 INFO: ----------------------------------------------------------------------------
2017-03-20 08:31:16,057 INFO: EPOCH 27 (116.085 seconds):
2017-03-20 08:31:16,059 INFO: 	Average L2 norm of relation vector: 0.05428
2017-03-20 08:31:16,073 INFO: 	COST >> 0.217 +/- 0.006, % updates Left: 33.57% Rel: 2.89% Right: 31.45%
2017-03-20 08:33:10,510 INFO: ----------------------------------------------------------------------------
2017-03-20 08:33:10,511 INFO: EPOCH 28 (114.438 seconds):
2017-03-20 08:33:10,513 INFO: 	Average L2 norm of relation vector: 0.05447
2017-03-20 08:33:10,514 INFO: 	COST >> 0.217 +/- 0.006, % updates Left: 33.53% Rel: 2.89% Right: 31.36%
2017-03-20 08:35:08,282 INFO: ----------------------------------------------------------------------------
2017-03-20 08:35:08,282 INFO: EPOCH 29 (117.768 seconds):
2017-03-20 08:35:08,284 INFO: 	Average L2 norm of relation vector: 0.05466
2017-03-20 08:35:08,286 INFO: 	COST >> 0.216 +/- 0.005, % updates Left: 33.39% Rel: 2.89% Right: 31.28%
2017-03-20 08:37:23,359 INFO: ----------------------------------------------------------------------------
2017-03-20 08:37:23,372 INFO: EPOCH 30 (135.086 seconds):
2017-03-20 08:37:23,375 INFO: 	Average L2 norm of relation vector: 0.05481
2017-03-20 08:37:23,376 INFO: 	COST >> 0.215 +/- 0.006, % updates Left: 33.33% Rel: 2.85% Right: 31.12%
2017-03-20 08:37:23,377 INFO: 	FilteredRanking: evaluating rank on 1000 triples
2017-03-20 08:40:10,507 INFO: 	FilteredRanking: evaluating rank on 1000 triples
2017-03-20 08:43:05,597 INFO: 	MEAN RANK >> valid: 1273.7, train: 971.7
2017-03-20 08:43:05,609 INFO: 		MEAN RANK TRAIN: Left: 1101.0 Rel: 110.1 Right: 842.5
2017-03-20 08:43:05,611 INFO: 		MEAN RANK VALID: Left: 1323.5 Rel: 103.0 Right: 1223.9
2017-03-20 08:43:05,611 INFO: 		MEAN RECIPROCAL RANK VALID (L & R): 0.09
2017-03-20 08:43:05,611 WARNING: 	WARNING, failed to improve MRR on valid, 2 chances left

2017-03-20 08:43:05,739 INFO: 	(ranking took 342.362 seconds)
2017-03-20 08:45:09,053 INFO: ----------------------------------------------------------------------------
2017-03-20 08:45:09,064 INFO: EPOCH 31 (123.324 seconds):
2017-03-20 08:45:09,066 INFO: 	Average L2 norm of relation vector: 0.05498
2017-03-20 08:45:09,067 INFO: 	COST >> 0.215 +/- 0.005, % updates Left: 33.3% Rel: 2.82% Right: 31.2%
2017-03-20 08:47:04,225 INFO: ----------------------------------------------------------------------------
2017-03-20 08:47:04,226 INFO: EPOCH 32 (115.158 seconds):
2017-03-20 08:47:04,228 INFO: 	Average L2 norm of relation vector: 0.05512
2017-03-20 08:47:04,229 INFO: 	COST >> 0.214 +/- 0.005, % updates Left: 33.17% Rel: 2.81% Right: 31.02%
2017-03-20 08:48:53,419 INFO: ----------------------------------------------------------------------------
2017-03-20 08:48:53,432 INFO: EPOCH 33 (109.203 seconds):
2017-03-20 08:48:53,435 INFO: 	Average L2 norm of relation vector: 0.05526
2017-03-20 08:48:53,436 INFO: 	COST >> 0.214 +/- 0.005, % updates Left: 33.16% Rel: 2.82% Right: 31.16%
2017-03-20 08:50:52,982 INFO: ----------------------------------------------------------------------------
2017-03-20 08:50:52,997 INFO: EPOCH 34 (119.56 seconds):
2017-03-20 08:50:53,000 INFO: 	Average L2 norm of relation vector: 0.05539
2017-03-20 08:50:53,002 INFO: 	COST >> 0.213 +/- 0.005, % updates Left: 33.11% Rel: 2.82% Right: 30.98%
2017-03-20 08:52:55,597 INFO: ----------------------------------------------------------------------------
2017-03-20 08:52:55,608 INFO: EPOCH 35 (122.606 seconds):
2017-03-20 08:52:55,610 INFO: 	Average L2 norm of relation vector: 0.05551
2017-03-20 08:52:55,611 INFO: 	COST >> 0.213 +/- 0.005, % updates Left: 32.99% Rel: 2.81% Right: 30.92%
2017-03-20 08:55:23,076 INFO: ----------------------------------------------------------------------------
2017-03-20 08:55:23,077 INFO: EPOCH 36 (147.465 seconds):
2017-03-20 08:55:23,079 INFO: 	Average L2 norm of relation vector: 0.05562
2017-03-20 08:55:23,093 INFO: 	COST >> 0.212 +/- 0.005, % updates Left: 33.05% Rel: 2.77% Right: 30.98%
2017-03-20 08:57:30,899 INFO: ----------------------------------------------------------------------------
2017-03-20 08:57:30,912 INFO: EPOCH 37 (127.818 seconds):
2017-03-20 08:57:30,915 INFO: 	Average L2 norm of relation vector: 0.05572
2017-03-20 08:57:30,916 INFO: 	COST >> 0.212 +/- 0.005, % updates Left: 32.96% Rel: 2.78% Right: 30.9%
2017-03-20 08:59:31,141 INFO: ----------------------------------------------------------------------------
2017-03-20 08:59:31,152 INFO: EPOCH 38 (120.235 seconds):
2017-03-20 08:59:31,154 INFO: 	Average L2 norm of relation vector: 0.05582
2017-03-20 08:59:31,155 INFO: 	COST >> 0.212 +/- 0.005, % updates Left: 32.98% Rel: 2.73% Right: 30.86%
2017-03-20 09:01:25,068 INFO: ----------------------------------------------------------------------------
2017-03-20 09:01:25,068 INFO: EPOCH 39 (113.913 seconds):
2017-03-20 09:01:25,070 INFO: 	Average L2 norm of relation vector: 0.0559
2017-03-20 09:01:25,071 INFO: 	COST >> 0.211 +/- 0.005, % updates Left: 32.8% Rel: 2.78% Right: 30.79%
2017-03-20 09:03:36,699 INFO: ----------------------------------------------------------------------------
2017-03-20 09:03:36,712 INFO: EPOCH 40 (131.641 seconds):
2017-03-20 09:03:36,714 INFO: 	Average L2 norm of relation vector: 0.05598
2017-03-20 09:03:36,715 INFO: 	COST >> 0.21 +/- 0.005, % updates Left: 32.83% Rel: 2.75% Right: 30.74%
2017-03-20 09:03:36,715 INFO: 	FilteredRanking: evaluating rank on 1000 triples
2017-03-20 09:06:15,752 INFO: 	FilteredRanking: evaluating rank on 1000 triples
2017-03-20 09:09:06,803 INFO: 	MEAN RANK >> valid: 1235.0, train: 932.4
2017-03-20 09:09:06,804 INFO: 		MEAN RANK TRAIN: Left: 1076.7 Rel: 110.4 Right: 788.2
2017-03-20 09:09:06,805 INFO: 		MEAN RANK VALID: Left: 1295.2 Rel: 102.1 Right: 1174.8
2017-03-20 09:09:06,805 INFO: 		MEAN RECIPROCAL RANK VALID (L & R): 0.0895
2017-03-20 09:09:06,805 WARNING: 	WARNING, failed to improve MRR on valid, 1 chances left

2017-03-20 09:09:06,865 INFO: 	(ranking took 330.15 seconds)
2017-03-20 09:11:08,536 INFO: ----------------------------------------------------------------------------
2017-03-20 09:11:08,536 INFO: EPOCH 41 (121.671 seconds):
2017-03-20 09:11:08,538 INFO: 	Average L2 norm of relation vector: 0.05607
2017-03-20 09:11:08,539 INFO: 	COST >> 0.21 +/- 0.005, % updates Left: 32.83% Rel: 2.72% Right: 30.72%
2017-03-20 09:12:59,555 INFO: ----------------------------------------------------------------------------
2017-03-20 09:12:59,556 INFO: EPOCH 42 (111.016 seconds):
2017-03-20 09:12:59,558 INFO: 	Average L2 norm of relation vector: 0.05615
2017-03-20 09:12:59,559 INFO: 	COST >> 0.21 +/- 0.005, % updates Left: 32.85% Rel: 2.77% Right: 30.69%
2017-03-20 09:15:10,520 INFO: ----------------------------------------------------------------------------
2017-03-20 09:15:10,521 INFO: EPOCH 43 (130.962 seconds):
2017-03-20 09:15:10,524 INFO: 	Average L2 norm of relation vector: 0.05621
2017-03-20 09:15:10,533 INFO: 	COST >> 0.21 +/- 0.005, % updates Left: 32.81% Rel: 2.77% Right: 30.66%
2017-03-20 09:17:03,052 INFO: ----------------------------------------------------------------------------
2017-03-20 09:17:03,052 INFO: EPOCH 44 (112.518 seconds):
2017-03-20 09:17:03,054 INFO: 	Average L2 norm of relation vector: 0.05628
2017-03-20 09:17:03,065 INFO: 	COST >> 0.209 +/- 0.005, % updates Left: 32.8% Rel: 2.7% Right: 30.69%
2017-03-20 09:19:00,518 INFO: ----------------------------------------------------------------------------
2017-03-20 09:19:00,528 INFO: EPOCH 45 (117.463 seconds):
2017-03-20 09:19:00,530 INFO: 	Average L2 norm of relation vector: 0.05634
2017-03-20 09:19:00,531 INFO: 	COST >> 0.209 +/- 0.005, % updates Left: 32.79% Rel: 2.71% Right: 30.74%
2017-03-20 09:20:52,902 INFO: ----------------------------------------------------------------------------
2017-03-20 09:20:52,902 INFO: EPOCH 46 (112.371 seconds):
2017-03-20 09:20:52,904 INFO: 	Average L2 norm of relation vector: 0.05639
2017-03-20 09:20:52,905 INFO: 	COST >> 0.209 +/- 0.006, % updates Left: 32.78% Rel: 2.75% Right: 30.68%
2017-03-20 09:22:58,875 INFO: ----------------------------------------------------------------------------
2017-03-20 09:22:58,888 INFO: EPOCH 47 (125.982 seconds):
2017-03-20 09:22:58,890 INFO: 	Average L2 norm of relation vector: 0.05645
2017-03-20 09:22:58,891 INFO: 	COST >> 0.209 +/- 0.004, % updates Left: 32.83% Rel: 2.75% Right: 30.65%
2017-03-20 09:25:01,933 INFO: ----------------------------------------------------------------------------
2017-03-20 09:25:01,944 INFO: EPOCH 48 (123.053 seconds):
2017-03-20 09:25:01,947 INFO: 	Average L2 norm of relation vector: 0.0565
2017-03-20 09:25:01,948 INFO: 	COST >> 0.209 +/- 0.006, % updates Left: 32.75% Rel: 2.74% Right: 30.56%
2017-03-20 09:27:08,576 INFO: ----------------------------------------------------------------------------
2017-03-20 09:27:08,589 INFO: EPOCH 49 (126.641 seconds):
2017-03-20 09:27:08,591 INFO: 	Average L2 norm of relation vector: 0.05654
2017-03-20 09:27:08,593 INFO: 	COST >> 0.209 +/- 0.006, % updates Left: 32.77% Rel: 2.75% Right: 30.64%
2017-03-20 09:29:38,867 INFO: ----------------------------------------------------------------------------
2017-03-20 09:29:38,880 INFO: EPOCH 50 (150.287 seconds):
2017-03-20 09:29:38,882 INFO: 	Average L2 norm of relation vector: 0.05659
2017-03-20 09:29:38,883 INFO: 	COST >> 0.208 +/- 0.005, % updates Left: 32.76% Rel: 2.73% Right: 30.51%
2017-03-20 09:29:38,883 INFO: 	FilteredRanking: evaluating rank on 1000 triples
2017-03-20 09:32:27,995 INFO: 	FilteredRanking: evaluating rank on 1000 triples
2017-03-20 09:35:21,047 INFO: 	MEAN RANK >> valid: 1209.1, train: 916.3
2017-03-20 09:35:21,048 INFO: 		MEAN RANK TRAIN: Left: 1057.1 Rel: 111.1 Right: 775.5
2017-03-20 09:35:21,061 INFO: 		MEAN RANK VALID: Left: 1261.5 Rel: 102.7 Right: 1156.7
2017-03-20 09:35:21,061 INFO: 		MEAN RECIPROCAL RANK VALID (L & R): 0.0865
2017-03-20 09:35:21,062 WARNING: 	WARNING, failed to improve MRR on valid, 0 chances left

2017-03-20 09:35:21,185 INFO: 	(ranking took 342.302 seconds)
2017-03-20 09:37:26,844 INFO: ----------------------------------------------------------------------------
2017-03-20 09:37:26,845 INFO: EPOCH 51 (125.659 seconds):
2017-03-20 09:37:26,847 INFO: 	Average L2 norm of relation vector: 0.05664
2017-03-20 09:37:26,848 INFO: 	COST >> 0.208 +/- 0.005, % updates Left: 32.72% Rel: 2.68% Right: 30.63%
2017-03-20 09:39:27,391 INFO: ----------------------------------------------------------------------------
2017-03-20 09:39:27,404 INFO: EPOCH 52 (120.556 seconds):
2017-03-20 09:39:27,406 INFO: 	Average L2 norm of relation vector: 0.05667
2017-03-20 09:39:27,407 INFO: 	COST >> 0.208 +/- 0.006, % updates Left: 32.7% Rel: 2.7% Right: 30.59%
2017-03-20 09:41:27,345 INFO: ----------------------------------------------------------------------------
2017-03-20 09:41:27,346 INFO: EPOCH 53 (119.939 seconds):
2017-03-20 09:41:27,349 INFO: 	Average L2 norm of relation vector: 0.05671
2017-03-20 09:41:27,361 INFO: 	COST >> 0.208 +/- 0.006, % updates Left: 32.84% Rel: 2.72% Right: 30.63%
2017-03-20 09:43:17,887 INFO: ----------------------------------------------------------------------------
2017-03-20 09:43:17,888 INFO: EPOCH 54 (110.526 seconds):
2017-03-20 09:43:17,891 INFO: 	Average L2 norm of relation vector: 0.05675
2017-03-20 09:43:17,892 INFO: 	COST >> 0.207 +/- 0.006, % updates Left: 32.7% Rel: 2.72% Right: 30.48%
2017-03-20 09:45:45,090 INFO: ----------------------------------------------------------------------------
2017-03-20 09:45:45,091 INFO: EPOCH 55 (147.198 seconds):
2017-03-20 09:45:45,094 INFO: 	Average L2 norm of relation vector: 0.05678
2017-03-20 09:45:45,105 INFO: 	COST >> 0.207 +/- 0.005, % updates Left: 32.65% Rel: 2.72% Right: 30.6%
2017-03-20 09:47:44,309 INFO: ----------------------------------------------------------------------------
2017-03-20 09:47:44,310 INFO: EPOCH 56 (119.204 seconds):
2017-03-20 09:47:44,313 INFO: 	Average L2 norm of relation vector: 0.05681
2017-03-20 09:47:44,314 INFO: 	COST >> 0.207 +/- 0.006, % updates Left: 32.68% Rel: 2.67% Right: 30.47%
2017-03-20 09:49:42,711 INFO: ----------------------------------------------------------------------------
2017-03-20 09:49:42,712 INFO: EPOCH 57 (118.397 seconds):
2017-03-20 09:49:42,714 INFO: 	Average L2 norm of relation vector: 0.05684
2017-03-20 09:49:42,715 INFO: 	COST >> 0.207 +/- 0.005, % updates Left: 32.69% Rel: 2.72% Right: 30.57%
2017-03-20 09:51:45,389 INFO: ----------------------------------------------------------------------------
2017-03-20 09:51:45,390 INFO: EPOCH 58 (122.675 seconds):
2017-03-20 09:51:45,392 INFO: 	Average L2 norm of relation vector: 0.05688
2017-03-20 09:51:45,393 INFO: 	COST >> 0.206 +/- 0.005, % updates Left: 32.75% Rel: 2.73% Right: 30.56%
2017-03-20 09:53:39,467 INFO: ----------------------------------------------------------------------------
2017-03-20 09:53:39,480 INFO: EPOCH 59 (114.087 seconds):
2017-03-20 09:53:39,482 INFO: 	Average L2 norm of relation vector: 0.05689
2017-03-20 09:53:39,483 INFO: 	COST >> 0.206 +/- 0.005, % updates Left: 32.6% Rel: 2.66% Right: 30.49%
2017-03-20 09:55:54,036 INFO: ----------------------------------------------------------------------------
2017-03-20 09:55:54,036 INFO: EPOCH 60 (134.553 seconds):
2017-03-20 09:55:54,038 INFO: 	Average L2 norm of relation vector: 0.05691
2017-03-20 09:55:54,039 INFO: 	COST >> 0.206 +/- 0.005, % updates Left: 32.64% Rel: 2.7% Right: 30.52%
2017-03-20 09:55:54,040 INFO: 	FilteredRanking: evaluating rank on 1000 triples
2017-03-20 09:58:19,664 INFO: 	FilteredRanking: evaluating rank on 1000 triples
2017-03-20 10:01:01,027 INFO: 	MEAN RANK >> valid: 1200.1, train: 907.0
2017-03-20 10:01:01,041 INFO: 		MEAN RANK TRAIN: Left: 1029.0 Rel: 110.5 Right: 785.0
2017-03-20 10:01:01,042 INFO: 		MEAN RANK VALID: Left: 1239.1 Rel: 102.6 Right: 1161.0
2017-03-20 10:01:01,042 INFO: 		MEAN RECIPROCAL RANK VALID (L & R): 0.09
2017-03-20 10:01:01,042 WARNING: EARLY STOPPING, failed to improve MRR on valid after 30 epochs
2017-03-20 10:01:01,043 INFO: ----------------------------------------------------------------------------
2017-03-20 10:01:01,043 INFO: ----------------------------------------------------------------------------
2017-03-20 10:01:02,643 INFO: 	Ranking model on all examples from test. Each example ranked against 14951 other entities
2017-03-20 10:01:02,657 INFO: 	RELATION ranking: each rel ranked against 1345 other rels
2017-03-20 10:01:03,328 INFO: 	Ranking: evaluating rank on 59071 triples
2017-03-20 11:44:50,631 INFO: left_ranks: (59071,), right_ranks: (59071,), rel_ranks: (59071,)
2017-03-20 11:44:50,724 INFO: max left_ranks: 14951, max right_ranks: 14951, max rel_ranks: 1345
2017-03-20 11:44:52,634 INFO: MICRO RAW:
2017-03-20 11:44:52,644 INFO: 	Left mean rank: 1573.501, MRR: 0.09, median rank: 182.0, hits@10: 17.997%
2017-03-20 11:44:52,645 INFO: 	Right mean rank: 1304.039, MRR: 0.124, median rank: 89.0, hits@10: 24.193%
2017-03-20 11:44:52,645 INFO: 	relation mean rank: 106.129, MRR: 0.07, median rank: 54.0, hits@10: 8.18%
2017-03-20 11:44:52,645 INFO: 	Global mean rank: 1438.77, MRR: 0.107, median rank: 130.0, hits@10: 21.095%
2017-03-20 11:44:52,645 INFO: MACRO RAW
2017-03-20 11:44:52,645 INFO: 	Left mean rank: 1560.697, MRR: 0.198, median rank: 45.5, hits@10: 34.583%
2017-03-20 11:44:52,645 INFO: 	Right mean rank: 1516.618, MRR: 0.225, median rank: 26.0, hits@10: 40.831%
2017-03-20 11:44:52,645 INFO: 	relation mean rank: 506.224, MRR: 0.008, median rank: 506.224, hits@10: 1.041%
2017-03-20 11:44:52,646 INFO: 	Global mean rank: 1194.513, MRR: 0.144, median rank: 129.0, hits@10: 25.485%
2017-03-20 11:44:52,676 INFO: Ranking model on all examples from test. Each example ranked against 14951 other entities which are FILTERED
2017-03-20 11:44:52,676 INFO: RELATION ranking: each rel ranked against 1345 other rels
2017-03-20 11:44:55,094 INFO: 	FilteredRanking: evaluating rank on 59071 triples
2017-03-20 14:24:25,608 INFO: MICRO FILTERED:
2017-03-20 14:24:25,609 INFO: 	Left mean rank: 1452.3907, MRR: 0.14282, median rank: 100.0, hits@10: 24.879%
2017-03-20 14:24:25,609 INFO: 	Right mean rank: 1227.54428, MRR: 0.17, median rank: 64.0, hits@10: 29.644%
2017-03-20 14:24:25,609 INFO: 	relation mean rank: 105.812, MRR: 0.078, median rank: 54.0, hits@10: 8.18%
2017-03-20 14:24:25,609 INFO: 	Global mean rank: 1339.96749, MRR: 0.15641, median rank: 81.0, hits@10: 27.261%
2017-03-20 14:24:25,610 INFO: MACRO FILTERED
2017-03-20 14:24:25,610 INFO: 	Left mean rank: 1532.64751, MRR: 0.26771, median rank: 28.5, hits@10: 42.381%
2017-03-20 14:24:25,610 INFO: 	Right mean rank: 1503.61082, MRR: 0.27695, median rank: 19.0, hits@10: 45.575%
2017-03-20 14:24:25,610 INFO: 	relation mean rank: 505.617, MRR: 0.008, median rank: 505.639, hits@10: 1.041%
2017-03-20 14:24:25,610 INFO: 	Global mean rank: 1180.62506, MRR: 0.1843, median rank: 109.0, hits@10: 29.666%
