2017-03-20 03:26:36,711 INFO: logger initialized for experiment identifier: ModelE_Sum_ndim_100_marg_1.5_lrate_0.01_cost_margincost_pos_high_reg_0.01
2017-03-20 03:26:36,711 INFO: DD{'ndim': 100, 'test_all': 10, 'Nsyn_rel': 1345, 'totepochs': 500, 'bestvalidMRR': -1, 'loadmodel': False, 'lremb': 0.01, 'nvalid': 1000, 'seed': 123, 'marge': 1.5, 'margincostfunction': 'margincost_pos_high', 'simfn': 'Sum', 'savepath': '/Users/corbinrosset/Dropbox/Arora/QA-code/src/KBC_Text/outputs/FB15k_ModelE/ModelE_Sum_ndim_100_marg_1.5_lrate_0.01_cost_margincost_pos_high_reg_0.01', 'dataset': 'FB15k', 'nbatches': 100, 'identifier': 'ModelE_Sum_ndim_100_marg_1.5_lrate_0.01_cost_margincost_pos_high_reg_0.01', 'lrparam': 0.01, 'loademb': False, 'datapath': '/Users/corbinrosset/Dropbox/Arora/QA-code/src/KBC_Text/data/', 'ntrain': 1000, 'Nrel': 1345, 'experiment_type': 'FB15kexp', 'rel': False, 'Nent': 16296, 'logger': <logging.RootLogger object at 0x10cc90c90>, 'ntest': 1000, 'Nsyn': 14951, 'reg': 0.01, 'op': 'ModelE'}
2017-03-20 03:26:39,229 DEBUG: FB15kexp: load_FB15k_data(): trainl(16296, 483142), trainr(16296, 483142), traino(1345, 483142), trainlidx(1000,)
2017-03-20 03:26:41,279 DEBUG: loaded data and constructed model...
2017-03-20 03:26:41,279 DEBUG: num epochs: 500
2017-03-20 03:26:41,279 DEBUG: num batches per epoch: 100
2017-03-20 03:26:41,280 DEBUG: batchsize: 4831
2017-03-20 03:26:41,280 DEBUG: left and right entity ranking functions will rank a slot against 14951 competitors
2017-03-20 03:26:41,280 INFO: BEGIN TRAINING
2017-03-20 03:27:22,483 INFO: ----------------------------------------------------------------------------
2017-03-20 03:27:22,484 INFO: EPOCH 1 (41.204 seconds):
2017-03-20 03:27:22,501 INFO: 	Average L2 norm of relation vector: 0.04148
2017-03-20 03:27:22,502 INFO: 	COST >> 1.542 +/- 0.68, % updates Left: 66.12%  Right: 60.45%
2017-03-20 03:28:05,024 INFO: ----------------------------------------------------------------------------
2017-03-20 03:28:05,024 INFO: EPOCH 2 (42.522 seconds):
2017-03-20 03:28:05,026 INFO: 	Average L2 norm of relation vector: 0.04959
2017-03-20 03:28:05,027 INFO: 	COST >> 0.502 +/- 0.081, % updates Left: 27.46%  Right: 23.53%
2017-03-20 03:28:44,994 INFO: ----------------------------------------------------------------------------
2017-03-20 03:28:44,995 INFO: EPOCH 3 (39.968 seconds):
2017-03-20 03:28:44,996 INFO: 	Average L2 norm of relation vector: 0.05409
2017-03-20 03:28:44,997 INFO: 	COST >> 0.334 +/- 0.023, % updates Left: 18.0%  Right: 15.64%
2017-03-20 03:29:24,410 INFO: ----------------------------------------------------------------------------
2017-03-20 03:29:24,410 INFO: EPOCH 4 (39.413 seconds):
2017-03-20 03:29:24,411 INFO: 	Average L2 norm of relation vector: 0.05709
2017-03-20 03:29:24,412 INFO: 	COST >> 0.278 +/- 0.013, % updates Left: 14.25%  Right: 12.62%
2017-03-20 03:30:03,667 INFO: ----------------------------------------------------------------------------
2017-03-20 03:30:03,667 INFO: EPOCH 5 (39.254 seconds):
2017-03-20 03:30:03,668 INFO: 	Average L2 norm of relation vector: 0.05934
2017-03-20 03:30:03,670 INFO: 	COST >> 0.247 +/- 0.011, % updates Left: 12.32%  Right: 10.91%
2017-03-20 03:30:40,614 INFO: ----------------------------------------------------------------------------
2017-03-20 03:30:40,614 INFO: EPOCH 6 (36.944 seconds):
2017-03-20 03:30:40,616 INFO: 	Average L2 norm of relation vector: 0.0611
2017-03-20 03:30:40,616 INFO: 	COST >> 0.227 +/- 0.009, % updates Left: 11.09%  Right: 9.87%
2017-03-20 03:31:17,954 INFO: ----------------------------------------------------------------------------
2017-03-20 03:31:17,954 INFO: EPOCH 7 (37.337 seconds):
2017-03-20 03:31:17,955 INFO: 	Average L2 norm of relation vector: 0.06253
2017-03-20 03:31:17,956 INFO: 	COST >> 0.214 +/- 0.009, % updates Left: 10.14%  Right: 9.15%
2017-03-20 03:31:58,599 INFO: ----------------------------------------------------------------------------
2017-03-20 03:31:58,599 INFO: EPOCH 8 (40.643 seconds):
2017-03-20 03:31:58,601 INFO: 	Average L2 norm of relation vector: 0.06376
2017-03-20 03:31:58,601 INFO: 	COST >> 0.205 +/- 0.008, % updates Left: 9.59%  Right: 8.57%
2017-03-20 03:32:37,180 INFO: ----------------------------------------------------------------------------
2017-03-20 03:32:37,181 INFO: EPOCH 9 (38.579 seconds):
2017-03-20 03:32:37,182 INFO: 	Average L2 norm of relation vector: 0.06479
2017-03-20 03:32:37,182 INFO: 	COST >> 0.199 +/- 0.008, % updates Left: 9.15%  Right: 8.16%
2017-03-20 03:33:15,513 INFO: ----------------------------------------------------------------------------
2017-03-20 03:33:15,513 INFO: EPOCH 10 (38.331 seconds):
2017-03-20 03:33:15,514 INFO: 	Average L2 norm of relation vector: 0.06568
2017-03-20 03:33:15,515 INFO: 	COST >> 0.192 +/- 0.008, % updates Left: 8.68%  Right: 7.8%
2017-03-20 03:33:15,515 INFO: 	FilteredRanking: evaluating rank on 1000 triples
2017-03-20 03:34:11,202 INFO: 	FilteredRanking: evaluating rank on 1000 triples
2017-03-20 03:35:08,363 INFO: 	MEAN RANK >> valid: 375.0, train: 311.7
2017-03-20 03:35:08,364 INFO: 		MEAN RANK TRAIN: Left: 309.2 Rel: 0.0 Right: 314.2
2017-03-20 03:35:08,365 INFO: 		MEAN RANK VALID: Left: 386.0 Rel: 0.0 Right: 364.0
2017-03-20 03:35:08,365 INFO: 		MEAN RECIPROCAL RANK VALID (L & R): 0.1175
2017-03-20 03:35:08,365 INFO: 	FilteredRanking: evaluating rank on 1000 triples
2017-03-20 03:36:09,192 INFO: 	NEW BEST TEST MR: 368.4
2017-03-20 03:36:09,194 INFO: 		Left MR: 388.5 Rel MR: 0.0 Right MR: 348.4
2017-03-20 03:36:09,266 INFO: 	(ranking took 173.752 seconds)
2017-03-20 03:36:50,036 INFO: ----------------------------------------------------------------------------
2017-03-20 03:36:50,037 INFO: EPOCH 11 (40.77 seconds):
2017-03-20 03:36:50,039 INFO: 	Average L2 norm of relation vector: 0.06646
2017-03-20 03:36:50,040 INFO: 	COST >> 0.187 +/- 0.008, % updates Left: 8.43%  Right: 7.51%
2017-03-20 03:37:30,203 INFO: ----------------------------------------------------------------------------
2017-03-20 03:37:30,204 INFO: EPOCH 12 (40.163 seconds):
2017-03-20 03:37:30,206 INFO: 	Average L2 norm of relation vector: 0.06712
2017-03-20 03:37:30,206 INFO: 	COST >> 0.185 +/- 0.009, % updates Left: 8.14%  Right: 7.29%
2017-03-20 03:38:10,287 INFO: ----------------------------------------------------------------------------
2017-03-20 03:38:10,287 INFO: EPOCH 13 (40.081 seconds):
2017-03-20 03:38:10,289 INFO: 	Average L2 norm of relation vector: 0.06773
2017-03-20 03:38:10,290 INFO: 	COST >> 0.181 +/- 0.008, % updates Left: 7.93%  Right: 7.11%
2017-03-20 03:38:49,677 INFO: ----------------------------------------------------------------------------
2017-03-20 03:38:49,677 INFO: EPOCH 14 (39.387 seconds):
2017-03-20 03:38:49,679 INFO: 	Average L2 norm of relation vector: 0.06827
2017-03-20 03:38:49,679 INFO: 	COST >> 0.178 +/- 0.008, % updates Left: 7.74%  Right: 6.92%
2017-03-20 03:39:28,294 INFO: ----------------------------------------------------------------------------
2017-03-20 03:39:28,294 INFO: EPOCH 15 (38.614 seconds):
2017-03-20 03:39:28,295 INFO: 	Average L2 norm of relation vector: 0.06877
2017-03-20 03:39:28,296 INFO: 	COST >> 0.176 +/- 0.008, % updates Left: 7.61%  Right: 6.83%
2017-03-20 03:40:05,967 INFO: ----------------------------------------------------------------------------
2017-03-20 03:40:05,967 INFO: EPOCH 16 (37.671 seconds):
2017-03-20 03:40:05,969 INFO: 	Average L2 norm of relation vector: 0.06921
2017-03-20 03:40:05,970 INFO: 	COST >> 0.174 +/- 0.009, % updates Left: 7.48%  Right: 6.7%
2017-03-20 03:40:45,470 INFO: ----------------------------------------------------------------------------
2017-03-20 03:40:45,470 INFO: EPOCH 17 (39.5 seconds):
2017-03-20 03:40:45,472 INFO: 	Average L2 norm of relation vector: 0.06963
2017-03-20 03:40:45,473 INFO: 	COST >> 0.172 +/- 0.007, % updates Left: 7.33%  Right: 6.56%
2017-03-20 03:41:30,548 INFO: ----------------------------------------------------------------------------
2017-03-20 03:41:30,548 INFO: EPOCH 18 (45.075 seconds):
2017-03-20 03:41:30,550 INFO: 	Average L2 norm of relation vector: 0.06999
2017-03-20 03:41:30,550 INFO: 	COST >> 0.172 +/- 0.007, % updates Left: 7.27%  Right: 6.54%
2017-03-20 03:42:13,002 INFO: ----------------------------------------------------------------------------
2017-03-20 03:42:13,002 INFO: EPOCH 19 (42.45 seconds):
2017-03-20 03:42:13,003 INFO: 	Average L2 norm of relation vector: 0.07035
2017-03-20 03:42:13,004 INFO: 	COST >> 0.169 +/- 0.007, % updates Left: 7.19%  Right: 6.38%
2017-03-20 03:42:57,173 INFO: ----------------------------------------------------------------------------
2017-03-20 03:42:57,173 INFO: EPOCH 20 (44.169 seconds):
2017-03-20 03:42:57,175 INFO: 	Average L2 norm of relation vector: 0.07065
2017-03-20 03:42:57,175 INFO: 	COST >> 0.167 +/- 0.008, % updates Left: 7.02%  Right: 6.27%
2017-03-20 03:42:57,176 INFO: 	FilteredRanking: evaluating rank on 1000 triples
2017-03-20 03:43:57,446 INFO: 	FilteredRanking: evaluating rank on 1000 triples
2017-03-20 03:45:00,732 INFO: 	MEAN RANK >> valid: 363.4, train: 288.5
2017-03-20 03:45:00,733 INFO: 		MEAN RANK TRAIN: Left: 302.2 Rel: 0.0 Right: 274.9
2017-03-20 03:45:00,733 INFO: 		MEAN RANK VALID: Left: 385.3 Rel: 0.0 Right: 341.5
2017-03-20 03:45:00,734 INFO: 		MEAN RECIPROCAL RANK VALID (L & R): 0.121
2017-03-20 03:45:00,734 INFO: 	FilteredRanking: evaluating rank on 1000 triples
2017-03-20 03:46:06,334 INFO: 	NEW BEST TEST MR: 358.3
2017-03-20 03:46:06,336 INFO: 		Left MR: 363.4 Rel MR: 0.0 Right MR: 353.1
2017-03-20 03:46:06,422 INFO: 	(ranking took 189.246 seconds)
2017-03-20 03:46:54,057 INFO: ----------------------------------------------------------------------------
2017-03-20 03:46:54,058 INFO: EPOCH 21 (47.636 seconds):
2017-03-20 03:46:54,059 INFO: 	Average L2 norm of relation vector: 0.07096
2017-03-20 03:46:54,060 INFO: 	COST >> 0.167 +/- 0.007, % updates Left: 7.0%  Right: 6.28%
2017-03-20 03:47:40,388 INFO: ----------------------------------------------------------------------------
2017-03-20 03:47:40,389 INFO: EPOCH 22 (46.328 seconds):
2017-03-20 03:47:40,390 INFO: 	Average L2 norm of relation vector: 0.07122
2017-03-20 03:47:40,391 INFO: 	COST >> 0.165 +/- 0.007, % updates Left: 6.89%  Right: 6.15%
2017-03-20 03:48:26,291 INFO: ----------------------------------------------------------------------------
2017-03-20 03:48:26,291 INFO: EPOCH 23 (45.9 seconds):
2017-03-20 03:48:26,293 INFO: 	Average L2 norm of relation vector: 0.07148
2017-03-20 03:48:26,294 INFO: 	COST >> 0.164 +/- 0.007, % updates Left: 6.87%  Right: 6.07%
2017-03-20 03:49:10,653 INFO: ----------------------------------------------------------------------------
2017-03-20 03:49:10,653 INFO: EPOCH 24 (44.359 seconds):
2017-03-20 03:49:10,654 INFO: 	Average L2 norm of relation vector: 0.07173
2017-03-20 03:49:10,655 INFO: 	COST >> 0.163 +/- 0.008, % updates Left: 6.74%  Right: 6.05%
2017-03-20 03:49:55,281 INFO: ----------------------------------------------------------------------------
2017-03-20 03:49:55,281 INFO: EPOCH 25 (44.626 seconds):
2017-03-20 03:49:55,285 INFO: 	Average L2 norm of relation vector: 0.07195
2017-03-20 03:49:55,285 INFO: 	COST >> 0.163 +/- 0.008, % updates Left: 6.79%  Right: 5.97%
2017-03-20 03:50:38,073 INFO: ----------------------------------------------------------------------------
2017-03-20 03:50:38,073 INFO: EPOCH 26 (42.788 seconds):
2017-03-20 03:50:38,075 INFO: 	Average L2 norm of relation vector: 0.07216
2017-03-20 03:50:38,075 INFO: 	COST >> 0.161 +/- 0.007, % updates Left: 6.66%  Right: 5.96%
2017-03-20 03:51:20,340 INFO: ----------------------------------------------------------------------------
2017-03-20 03:51:20,340 INFO: EPOCH 27 (42.265 seconds):
2017-03-20 03:51:20,342 INFO: 	Average L2 norm of relation vector: 0.07234
2017-03-20 03:51:20,343 INFO: 	COST >> 0.16 +/- 0.007, % updates Left: 6.59%  Right: 5.9%
2017-03-20 03:52:05,683 INFO: ----------------------------------------------------------------------------
2017-03-20 03:52:05,683 INFO: EPOCH 28 (45.34 seconds):
2017-03-20 03:52:05,685 INFO: 	Average L2 norm of relation vector: 0.07252
2017-03-20 03:52:05,686 INFO: 	COST >> 0.16 +/- 0.008, % updates Left: 6.58%  Right: 5.92%
2017-03-20 03:52:50,283 INFO: ----------------------------------------------------------------------------
2017-03-20 03:52:50,283 INFO: EPOCH 29 (44.597 seconds):
2017-03-20 03:52:50,285 INFO: 	Average L2 norm of relation vector: 0.07271
2017-03-20 03:52:50,286 INFO: 	COST >> 0.158 +/- 0.008, % updates Left: 6.54%  Right: 5.83%
2017-03-20 03:53:32,559 INFO: ----------------------------------------------------------------------------
2017-03-20 03:53:32,560 INFO: EPOCH 30 (42.275 seconds):
2017-03-20 03:53:32,562 INFO: 	Average L2 norm of relation vector: 0.07286
2017-03-20 03:53:32,563 INFO: 	COST >> 0.158 +/- 0.007, % updates Left: 6.46%  Right: 5.84%
2017-03-20 03:53:32,563 INFO: 	FilteredRanking: evaluating rank on 1000 triples
2017-03-20 03:54:34,484 INFO: 	FilteredRanking: evaluating rank on 1000 triples
2017-03-20 03:55:39,045 INFO: 	MEAN RANK >> valid: 359.6, train: 259.3
2017-03-20 03:55:39,046 INFO: 		MEAN RANK TRAIN: Left: 269.1 Rel: 0.0 Right: 249.5
2017-03-20 03:55:39,047 INFO: 		MEAN RANK VALID: Left: 373.4 Rel: 0.0 Right: 345.8
2017-03-20 03:55:39,047 INFO: 		MEAN RECIPROCAL RANK VALID (L & R): 0.1235
2017-03-20 03:55:39,047 INFO: 	FilteredRanking: evaluating rank on 1000 triples
2017-03-20 03:56:45,699 INFO: 	NEW BEST TEST MR: 346.8
2017-03-20 03:56:45,701 INFO: 		Left MR: 364.3 Rel MR: 0.0 Right MR: 329.3
2017-03-20 03:56:45,786 INFO: 	(ranking took 193.223 seconds)
2017-03-20 03:57:32,502 INFO: ----------------------------------------------------------------------------
2017-03-20 03:57:32,502 INFO: EPOCH 31 (46.716 seconds):
2017-03-20 03:57:32,504 INFO: 	Average L2 norm of relation vector: 0.07302
2017-03-20 03:57:32,505 INFO: 	COST >> 0.156 +/- 0.008, % updates Left: 6.42%  Right: 5.69%
2017-03-20 03:58:18,466 INFO: ----------------------------------------------------------------------------
2017-03-20 03:58:18,466 INFO: EPOCH 32 (45.961 seconds):
2017-03-20 03:58:18,468 INFO: 	Average L2 norm of relation vector: 0.07315
2017-03-20 03:58:18,469 INFO: 	COST >> 0.156 +/- 0.008, % updates Left: 6.4%  Right: 5.72%
2017-03-20 03:59:03,961 INFO: ----------------------------------------------------------------------------
2017-03-20 03:59:03,961 INFO: EPOCH 33 (45.492 seconds):
2017-03-20 03:59:03,964 INFO: 	Average L2 norm of relation vector: 0.07328
2017-03-20 03:59:03,965 INFO: 	COST >> 0.157 +/- 0.008, % updates Left: 6.38%  Right: 5.71%
2017-03-20 03:59:47,973 INFO: ----------------------------------------------------------------------------
2017-03-20 03:59:47,974 INFO: EPOCH 34 (44.009 seconds):
2017-03-20 03:59:47,976 INFO: 	Average L2 norm of relation vector: 0.07339
2017-03-20 03:59:47,977 INFO: 	COST >> 0.157 +/- 0.008, % updates Left: 6.34%  Right: 5.73%
2017-03-20 04:00:30,242 INFO: ----------------------------------------------------------------------------
2017-03-20 04:00:30,243 INFO: EPOCH 35 (42.265 seconds):
2017-03-20 04:00:30,244 INFO: 	Average L2 norm of relation vector: 0.07351
2017-03-20 04:00:30,245 INFO: 	COST >> 0.155 +/- 0.007, % updates Left: 6.31%  Right: 5.61%
2017-03-20 04:01:12,438 INFO: ----------------------------------------------------------------------------
2017-03-20 04:01:12,438 INFO: EPOCH 36 (42.192 seconds):
2017-03-20 04:01:12,439 INFO: 	Average L2 norm of relation vector: 0.07363
2017-03-20 04:01:12,440 INFO: 	COST >> 0.155 +/- 0.007, % updates Left: 6.32%  Right: 5.62%
2017-03-20 04:01:54,540 INFO: ----------------------------------------------------------------------------
2017-03-20 04:01:54,540 INFO: EPOCH 37 (42.1 seconds):
2017-03-20 04:01:54,542 INFO: 	Average L2 norm of relation vector: 0.07372
2017-03-20 04:01:54,543 INFO: 	COST >> 0.156 +/- 0.008, % updates Left: 6.29%  Right: 5.65%
2017-03-20 04:02:37,737 INFO: ----------------------------------------------------------------------------
2017-03-20 04:02:37,737 INFO: EPOCH 38 (43.194 seconds):
2017-03-20 04:02:37,739 INFO: 	Average L2 norm of relation vector: 0.07382
2017-03-20 04:02:37,740 INFO: 	COST >> 0.154 +/- 0.008, % updates Left: 6.24%  Right: 5.56%
2017-03-20 04:03:23,037 INFO: ----------------------------------------------------------------------------
2017-03-20 04:03:23,038 INFO: EPOCH 39 (45.298 seconds):
2017-03-20 04:03:23,040 INFO: 	Average L2 norm of relation vector: 0.07391
2017-03-20 04:03:23,041 INFO: 	COST >> 0.153 +/- 0.007, % updates Left: 6.19%  Right: 5.61%
2017-03-20 04:04:05,898 INFO: ----------------------------------------------------------------------------
2017-03-20 04:04:05,898 INFO: EPOCH 40 (42.857 seconds):
2017-03-20 04:04:05,901 INFO: 	Average L2 norm of relation vector: 0.07397
2017-03-20 04:04:05,902 INFO: 	COST >> 0.153 +/- 0.007, % updates Left: 6.18%  Right: 5.5%
2017-03-20 04:04:05,902 INFO: 	FilteredRanking: evaluating rank on 1000 triples
2017-03-20 04:05:07,743 INFO: 	FilteredRanking: evaluating rank on 1000 triples
2017-03-20 04:06:12,006 INFO: 	MEAN RANK >> valid: 344.2, train: 262.4
2017-03-20 04:06:12,006 INFO: 		MEAN RANK TRAIN: Left: 278.1 Rel: 0.0 Right: 246.8
2017-03-20 04:06:12,007 INFO: 		MEAN RANK VALID: Left: 355.9 Rel: 0.0 Right: 332.5
2017-03-20 04:06:12,007 INFO: 		MEAN RECIPROCAL RANK VALID (L & R): 0.1355
2017-03-20 04:06:12,007 INFO: 	FilteredRanking: evaluating rank on 1000 triples
2017-03-20 04:07:18,084 INFO: 	NEW BEST TEST MR: 333.6
2017-03-20 04:07:18,085 INFO: 		Left MR: 351.0 Rel MR: 0.0 Right MR: 316.2
2017-03-20 04:07:18,173 INFO: 	(ranking took 192.271 seconds)
2017-03-20 04:08:05,163 INFO: ----------------------------------------------------------------------------
2017-03-20 04:08:05,164 INFO: EPOCH 41 (46.99 seconds):
2017-03-20 04:08:05,166 INFO: 	Average L2 norm of relation vector: 0.07403
2017-03-20 04:08:05,167 INFO: 	COST >> 0.154 +/- 0.008, % updates Left: 6.21%  Right: 5.52%
2017-03-20 04:08:50,536 INFO: ----------------------------------------------------------------------------
2017-03-20 04:08:50,537 INFO: EPOCH 42 (45.37 seconds):
2017-03-20 04:08:50,539 INFO: 	Average L2 norm of relation vector: 0.07411
2017-03-20 04:08:50,540 INFO: 	COST >> 0.153 +/- 0.008, % updates Left: 6.16%  Right: 5.55%
2017-03-20 04:09:36,159 INFO: ----------------------------------------------------------------------------
2017-03-20 04:09:36,159 INFO: EPOCH 43 (45.618 seconds):
2017-03-20 04:09:36,161 INFO: 	Average L2 norm of relation vector: 0.07417
2017-03-20 04:09:36,161 INFO: 	COST >> 0.153 +/- 0.008, % updates Left: 6.15%  Right: 5.49%
2017-03-20 04:10:20,610 INFO: ----------------------------------------------------------------------------
2017-03-20 04:10:20,610 INFO: EPOCH 44 (44.449 seconds):
2017-03-20 04:10:20,612 INFO: 	Average L2 norm of relation vector: 0.07423
2017-03-20 04:10:20,612 INFO: 	COST >> 0.152 +/- 0.008, % updates Left: 6.08%  Right: 5.53%
2017-03-20 04:11:02,861 INFO: ----------------------------------------------------------------------------
2017-03-20 04:11:02,861 INFO: EPOCH 45 (42.248 seconds):
2017-03-20 04:11:02,863 INFO: 	Average L2 norm of relation vector: 0.07427
2017-03-20 04:11:02,864 INFO: 	COST >> 0.153 +/- 0.008, % updates Left: 6.14%  Right: 5.47%
2017-03-20 04:11:45,832 INFO: ----------------------------------------------------------------------------
2017-03-20 04:11:45,833 INFO: EPOCH 46 (42.968 seconds):
2017-03-20 04:11:45,834 INFO: 	Average L2 norm of relation vector: 0.07434
2017-03-20 04:11:45,835 INFO: 	COST >> 0.151 +/- 0.007, % updates Left: 6.12%  Right: 5.45%
2017-03-20 04:12:32,946 INFO: ----------------------------------------------------------------------------
2017-03-20 04:12:32,946 INFO: EPOCH 47 (47.111 seconds):
2017-03-20 04:12:32,949 INFO: 	Average L2 norm of relation vector: 0.07437
2017-03-20 04:12:32,950 INFO: 	COST >> 0.15 +/- 0.008, % updates Left: 6.04%  Right: 5.42%
2017-03-20 04:13:17,815 INFO: ----------------------------------------------------------------------------
2017-03-20 04:13:17,815 INFO: EPOCH 48 (44.865 seconds):
2017-03-20 04:13:17,817 INFO: 	Average L2 norm of relation vector: 0.07443
2017-03-20 04:13:17,817 INFO: 	COST >> 0.151 +/- 0.006, % updates Left: 6.09%  Right: 5.46%
2017-03-20 04:14:02,345 INFO: ----------------------------------------------------------------------------
2017-03-20 04:14:02,347 INFO: EPOCH 49 (44.529 seconds):
2017-03-20 04:14:02,349 INFO: 	Average L2 norm of relation vector: 0.07449
2017-03-20 04:14:02,349 INFO: 	COST >> 0.15 +/- 0.007, % updates Left: 6.05%  Right: 5.37%
2017-03-20 04:14:45,983 INFO: ----------------------------------------------------------------------------
2017-03-20 04:14:45,984 INFO: EPOCH 50 (43.634 seconds):
2017-03-20 04:14:45,985 INFO: 	Average L2 norm of relation vector: 0.07452
2017-03-20 04:14:45,985 INFO: 	COST >> 0.15 +/- 0.008, % updates Left: 6.02%  Right: 5.42%
2017-03-20 04:14:45,986 INFO: 	FilteredRanking: evaluating rank on 1000 triples
2017-03-20 04:15:48,297 INFO: 	FilteredRanking: evaluating rank on 1000 triples
2017-03-20 04:16:54,804 INFO: 	MEAN RANK >> valid: 364.9, train: 258.0
2017-03-20 04:16:54,805 INFO: 		MEAN RANK TRAIN: Left: 273.9 Rel: 0.0 Right: 242.0
2017-03-20 04:16:54,806 INFO: 		MEAN RANK VALID: Left: 383.7 Rel: 0.0 Right: 346.1
2017-03-20 04:16:54,806 INFO: 		MEAN RECIPROCAL RANK VALID (L & R): 0.125
2017-03-20 04:16:54,807 WARNING: 	WARNING, failed to improve MRR on valid, 2 chances left

2017-03-20 04:16:54,904 INFO: 	(ranking took 128.919 seconds)
2017-03-20 04:17:41,660 INFO: ----------------------------------------------------------------------------
2017-03-20 04:17:41,660 INFO: EPOCH 51 (46.755 seconds):
2017-03-20 04:17:41,661 INFO: 	Average L2 norm of relation vector: 0.07455
2017-03-20 04:17:41,662 INFO: 	COST >> 0.152 +/- 0.008, % updates Left: 6.11%  Right: 5.43%
2017-03-20 04:18:27,259 INFO: ----------------------------------------------------------------------------
2017-03-20 04:18:27,259 INFO: EPOCH 52 (45.598 seconds):
2017-03-20 04:18:27,261 INFO: 	Average L2 norm of relation vector: 0.07459
2017-03-20 04:18:27,261 INFO: 	COST >> 0.15 +/- 0.007, % updates Left: 6.02%  Right: 5.44%
2017-03-20 04:19:12,496 INFO: ----------------------------------------------------------------------------
2017-03-20 04:19:12,496 INFO: EPOCH 53 (45.235 seconds):
2017-03-20 04:19:12,498 INFO: 	Average L2 norm of relation vector: 0.07462
2017-03-20 04:19:12,498 INFO: 	COST >> 0.15 +/- 0.009, % updates Left: 6.02%  Right: 5.37%
2017-03-20 04:19:56,342 INFO: ----------------------------------------------------------------------------
2017-03-20 04:19:56,342 INFO: EPOCH 54 (43.844 seconds):
2017-03-20 04:19:56,345 INFO: 	Average L2 norm of relation vector: 0.07468
2017-03-20 04:19:56,346 INFO: 	COST >> 0.149 +/- 0.007, % updates Left: 6.01%  Right: 5.38%
2017-03-20 04:20:39,739 INFO: ----------------------------------------------------------------------------
2017-03-20 04:20:39,740 INFO: EPOCH 55 (43.393 seconds):
2017-03-20 04:20:39,741 INFO: 	Average L2 norm of relation vector: 0.07472
2017-03-20 04:20:39,742 INFO: 	COST >> 0.15 +/- 0.007, % updates Left: 6.0%  Right: 5.35%
2017-03-20 04:21:23,878 INFO: ----------------------------------------------------------------------------
2017-03-20 04:21:23,878 INFO: EPOCH 56 (44.135 seconds):
2017-03-20 04:21:23,879 INFO: 	Average L2 norm of relation vector: 0.07473
2017-03-20 04:21:23,880 INFO: 	COST >> 0.149 +/- 0.008, % updates Left: 5.95%  Right: 5.37%
2017-03-20 04:22:05,650 INFO: ----------------------------------------------------------------------------
2017-03-20 04:22:05,650 INFO: EPOCH 57 (41.77 seconds):
2017-03-20 04:22:05,652 INFO: 	Average L2 norm of relation vector: 0.07475
2017-03-20 04:22:05,653 INFO: 	COST >> 0.15 +/- 0.008, % updates Left: 5.99%  Right: 5.31%
2017-03-20 04:22:49,443 INFO: ----------------------------------------------------------------------------
2017-03-20 04:22:49,444 INFO: EPOCH 58 (43.791 seconds):
2017-03-20 04:22:49,446 INFO: 	Average L2 norm of relation vector: 0.07478
2017-03-20 04:22:49,447 INFO: 	COST >> 0.15 +/- 0.008, % updates Left: 6.03%  Right: 5.36%
2017-03-20 04:23:31,520 INFO: ----------------------------------------------------------------------------
2017-03-20 04:23:31,521 INFO: EPOCH 59 (42.073 seconds):
2017-03-20 04:23:31,522 INFO: 	Average L2 norm of relation vector: 0.0748
2017-03-20 04:23:31,523 INFO: 	COST >> 0.15 +/- 0.007, % updates Left: 5.97%  Right: 5.38%
2017-03-20 04:24:15,559 INFO: ----------------------------------------------------------------------------
2017-03-20 04:24:15,560 INFO: EPOCH 60 (44.036 seconds):
2017-03-20 04:24:15,562 INFO: 	Average L2 norm of relation vector: 0.07484
2017-03-20 04:24:15,562 INFO: 	COST >> 0.147 +/- 0.006, % updates Left: 5.9%  Right: 5.32%
2017-03-20 04:24:15,563 INFO: 	FilteredRanking: evaluating rank on 1000 triples
2017-03-20 04:25:18,860 INFO: 	FilteredRanking: evaluating rank on 1000 triples
2017-03-20 04:26:23,269 INFO: 	MEAN RANK >> valid: 362.6, train: 254.0
2017-03-20 04:26:23,270 INFO: 		MEAN RANK TRAIN: Left: 264.7 Rel: 0.0 Right: 243.3
2017-03-20 04:26:23,270 INFO: 		MEAN RANK VALID: Left: 381.7 Rel: 0.0 Right: 343.4
2017-03-20 04:26:23,270 INFO: 		MEAN RECIPROCAL RANK VALID (L & R): 0.1265
2017-03-20 04:26:23,271 WARNING: 	WARNING, failed to improve MRR on valid, 1 chances left

2017-03-20 04:26:23,373 INFO: 	(ranking took 127.81 seconds)
2017-03-20 04:27:12,167 INFO: ----------------------------------------------------------------------------
2017-03-20 04:27:12,167 INFO: EPOCH 61 (48.794 seconds):
2017-03-20 04:27:12,171 INFO: 	Average L2 norm of relation vector: 0.07487
2017-03-20 04:27:12,172 INFO: 	COST >> 0.149 +/- 0.007, % updates Left: 5.96%  Right: 5.33%
2017-03-20 04:27:58,804 INFO: ----------------------------------------------------------------------------
2017-03-20 04:27:58,805 INFO: EPOCH 62 (46.633 seconds):
2017-03-20 04:27:58,806 INFO: 	Average L2 norm of relation vector: 0.07491
2017-03-20 04:27:58,807 INFO: 	COST >> 0.147 +/- 0.008, % updates Left: 5.96%  Right: 5.27%
2017-03-20 04:28:45,954 INFO: ----------------------------------------------------------------------------
2017-03-20 04:28:45,955 INFO: EPOCH 63 (47.147 seconds):
2017-03-20 04:28:45,956 INFO: 	Average L2 norm of relation vector: 0.07492
2017-03-20 04:28:45,957 INFO: 	COST >> 0.149 +/- 0.007, % updates Left: 5.92%  Right: 5.3%
2017-03-20 04:29:33,200 INFO: ----------------------------------------------------------------------------
2017-03-20 04:29:33,200 INFO: EPOCH 64 (47.243 seconds):
2017-03-20 04:29:33,201 INFO: 	Average L2 norm of relation vector: 0.07493
2017-03-20 04:29:33,202 INFO: 	COST >> 0.148 +/- 0.007, % updates Left: 5.91%  Right: 5.26%
2017-03-20 04:30:18,322 INFO: ----------------------------------------------------------------------------
2017-03-20 04:30:18,323 INFO: EPOCH 65 (45.121 seconds):
2017-03-20 04:30:18,325 INFO: 	Average L2 norm of relation vector: 0.07496
2017-03-20 04:30:18,326 INFO: 	COST >> 0.147 +/- 0.006, % updates Left: 5.9%  Right: 5.31%
2017-03-20 04:31:02,768 INFO: ----------------------------------------------------------------------------
2017-03-20 04:31:02,768 INFO: EPOCH 66 (44.442 seconds):
2017-03-20 04:31:02,769 INFO: 	Average L2 norm of relation vector: 0.07498
2017-03-20 04:31:02,770 INFO: 	COST >> 0.147 +/- 0.007, % updates Left: 5.88%  Right: 5.22%
2017-03-20 04:31:44,480 INFO: ----------------------------------------------------------------------------
2017-03-20 04:31:44,480 INFO: EPOCH 67 (41.71 seconds):
2017-03-20 04:31:44,482 INFO: 	Average L2 norm of relation vector: 0.07499
2017-03-20 04:31:44,482 INFO: 	COST >> 0.148 +/- 0.008, % updates Left: 5.88%  Right: 5.3%
2017-03-20 04:32:28,374 INFO: ----------------------------------------------------------------------------
2017-03-20 04:32:28,374 INFO: EPOCH 68 (43.891 seconds):
2017-03-20 04:32:28,376 INFO: 	Average L2 norm of relation vector: 0.075
2017-03-20 04:32:28,377 INFO: 	COST >> 0.148 +/- 0.007, % updates Left: 5.91%  Right: 5.3%
2017-03-20 04:33:11,659 INFO: ----------------------------------------------------------------------------
2017-03-20 04:33:11,659 INFO: EPOCH 69 (43.282 seconds):
2017-03-20 04:33:11,660 INFO: 	Average L2 norm of relation vector: 0.07503
2017-03-20 04:33:11,661 INFO: 	COST >> 0.147 +/- 0.007, % updates Left: 5.9%  Right: 5.27%
2017-03-20 04:33:57,353 INFO: ----------------------------------------------------------------------------
2017-03-20 04:33:57,354 INFO: EPOCH 70 (45.693 seconds):
2017-03-20 04:33:57,357 INFO: 	Average L2 norm of relation vector: 0.07504
2017-03-20 04:33:57,357 INFO: 	COST >> 0.148 +/- 0.007, % updates Left: 5.91%  Right: 5.26%
2017-03-20 04:33:57,358 INFO: 	FilteredRanking: evaluating rank on 1000 triples
2017-03-20 04:35:00,435 INFO: 	FilteredRanking: evaluating rank on 1000 triples
2017-03-20 04:36:04,221 INFO: 	MEAN RANK >> valid: 370.3, train: 243.8
2017-03-20 04:36:04,221 INFO: 		MEAN RANK TRAIN: Left: 260.6 Rel: 0.0 Right: 227.0
2017-03-20 04:36:04,222 INFO: 		MEAN RANK VALID: Left: 380.8 Rel: 0.0 Right: 359.8
2017-03-20 04:36:04,222 INFO: 		MEAN RECIPROCAL RANK VALID (L & R): 0.1175
2017-03-20 04:36:04,222 WARNING: 	WARNING, failed to improve MRR on valid, 0 chances left

2017-03-20 04:36:04,352 INFO: 	(ranking took 126.994 seconds)
2017-03-20 04:36:52,035 INFO: ----------------------------------------------------------------------------
2017-03-20 04:36:52,035 INFO: EPOCH 71 (47.683 seconds):
2017-03-20 04:36:52,037 INFO: 	Average L2 norm of relation vector: 0.07508
2017-03-20 04:36:52,038 INFO: 	COST >> 0.147 +/- 0.007, % updates Left: 5.89%  Right: 5.34%
2017-03-20 04:37:38,474 INFO: ----------------------------------------------------------------------------
2017-03-20 04:37:38,475 INFO: EPOCH 72 (46.437 seconds):
2017-03-20 04:37:38,476 INFO: 	Average L2 norm of relation vector: 0.07508
2017-03-20 04:37:38,476 INFO: 	COST >> 0.146 +/- 0.007, % updates Left: 5.82%  Right: 5.23%
2017-03-20 04:38:24,466 INFO: ----------------------------------------------------------------------------
2017-03-20 04:38:24,466 INFO: EPOCH 73 (45.99 seconds):
2017-03-20 04:38:24,468 INFO: 	Average L2 norm of relation vector: 0.0751
2017-03-20 04:38:24,469 INFO: 	COST >> 0.147 +/- 0.009, % updates Left: 5.89%  Right: 5.28%
2017-03-20 04:39:10,525 INFO: ----------------------------------------------------------------------------
2017-03-20 04:39:10,526 INFO: EPOCH 74 (46.057 seconds):
2017-03-20 04:39:10,528 INFO: 	Average L2 norm of relation vector: 0.07513
2017-03-20 04:39:10,529 INFO: 	COST >> 0.147 +/- 0.008, % updates Left: 5.85%  Right: 5.26%
2017-03-20 04:39:54,578 INFO: ----------------------------------------------------------------------------
2017-03-20 04:39:54,578 INFO: EPOCH 75 (44.049 seconds):
2017-03-20 04:39:54,579 INFO: 	Average L2 norm of relation vector: 0.0751
2017-03-20 04:39:54,580 INFO: 	COST >> 0.146 +/- 0.007, % updates Left: 5.81%  Right: 5.23%
2017-03-20 04:40:38,494 INFO: ----------------------------------------------------------------------------
2017-03-20 04:40:38,495 INFO: EPOCH 76 (43.915 seconds):
2017-03-20 04:40:38,496 INFO: 	Average L2 norm of relation vector: 0.07511
2017-03-20 04:40:38,497 INFO: 	COST >> 0.145 +/- 0.008, % updates Left: 5.82%  Right: 5.21%
2017-03-20 04:41:21,868 INFO: ----------------------------------------------------------------------------
2017-03-20 04:41:21,868 INFO: EPOCH 77 (43.371 seconds):
2017-03-20 04:41:21,870 INFO: 	Average L2 norm of relation vector: 0.07513
2017-03-20 04:41:21,871 INFO: 	COST >> 0.147 +/- 0.006, % updates Left: 5.89%  Right: 5.23%
2017-03-20 04:42:04,270 INFO: ----------------------------------------------------------------------------
2017-03-20 04:42:04,270 INFO: EPOCH 78 (42.399 seconds):
2017-03-20 04:42:04,271 INFO: 	Average L2 norm of relation vector: 0.07512
2017-03-20 04:42:04,272 INFO: 	COST >> 0.146 +/- 0.007, % updates Left: 5.85%  Right: 5.2%
2017-03-20 04:42:46,391 INFO: ----------------------------------------------------------------------------
2017-03-20 04:42:46,392 INFO: EPOCH 79 (42.12 seconds):
2017-03-20 04:42:46,394 INFO: 	Average L2 norm of relation vector: 0.07513
2017-03-20 04:42:46,395 INFO: 	COST >> 0.146 +/- 0.008, % updates Left: 5.81%  Right: 5.25%
2017-03-20 04:43:29,634 INFO: ----------------------------------------------------------------------------
2017-03-20 04:43:29,634 INFO: EPOCH 80 (43.239 seconds):
2017-03-20 04:43:29,637 INFO: 	Average L2 norm of relation vector: 0.07515
2017-03-20 04:43:29,638 INFO: 	COST >> 0.147 +/- 0.008, % updates Left: 5.85%  Right: 5.26%
2017-03-20 04:43:29,638 INFO: 	FilteredRanking: evaluating rank on 1000 triples
2017-03-20 04:44:31,506 INFO: 	FilteredRanking: evaluating rank on 1000 triples
2017-03-20 04:45:35,083 INFO: 	MEAN RANK >> valid: 361.0, train: 247.4
2017-03-20 04:45:35,084 INFO: 		MEAN RANK TRAIN: Left: 259.2 Rel: 0.0 Right: 235.6
2017-03-20 04:45:35,084 INFO: 		MEAN RANK VALID: Left: 371.7 Rel: 0.0 Right: 350.2
2017-03-20 04:45:35,085 INFO: 		MEAN RECIPROCAL RANK VALID (L & R): 0.127
2017-03-20 04:45:35,085 WARNING: EARLY STOPPING, failed to improve MRR on valid after 30 epochs
2017-03-20 04:45:35,085 INFO: ----------------------------------------------------------------------------
2017-03-20 04:45:35,085 INFO: ----------------------------------------------------------------------------
2017-03-20 04:45:35,085 INFO: 	Ranking model on all examples from test. Each example ranked against 14951 other entities
2017-03-20 04:45:35,850 INFO: 	Ranking: evaluating rank on 59071 triples
2017-03-20 05:22:01,519 INFO: left_ranks: (59071,), right_ranks: (59071,), rel_ranks: (59071,)
2017-03-20 05:22:01,535 INFO: max left_ranks: 14905, max right_ranks: 14921, max rel_ranks: 0
2017-03-20 05:22:02,194 INFO: MICRO RAW:
2017-03-20 05:22:02,194 INFO: 	Left mean rank: 497.717, MRR: 0.102, median rank: 125.0, hits@10: 19.861%
2017-03-20 05:22:02,195 INFO: 	Right mean rank: 404.152, MRR: 0.159, median rank: 64.0, hits@10: 27.767%
2017-03-20 05:22:02,195 INFO: 	Global mean rank: 450.934, MRR: 0.13, median rank: 91.0, hits@10: 23.814%
2017-03-20 05:22:02,195 INFO: MACRO RAW
2017-03-20 05:22:02,195 INFO: 	Left mean rank: 221.973, MRR: 0.215, median rank: 23.0, hits@10: 41.973%
2017-03-20 05:22:02,196 INFO: 	Right mean rank: 220.249, MRR: 0.275, median rank: 13.5, hits@10: 49.769%
2017-03-20 05:22:02,196 INFO: 	Global mean rank: 221.111, MRR: 0.245, median rank: 16.5, hits@10: 45.871%
2017-03-20 05:22:02,215 INFO: Ranking model on all examples from test. Each example ranked against 14951 other entities which are FILTERED
2017-03-20 05:22:03,430 INFO: 	FilteredRanking: evaluating rank on 59071 triples
2017-03-20 06:25:03,792 INFO: MICRO FILTERED:
2017-03-20 06:25:03,799 INFO: 	Left mean rank: 376.24818, MRR: 0.17025, median rank: 68.0, hits@10: 28.772%
2017-03-20 06:25:03,800 INFO: 	Right mean rank: 326.10095, MRR: 0.22431, median rank: 44.0, hits@10: 34.812%
2017-03-20 06:25:03,800 INFO: 	Global mean rank: 351.17456, MRR: 0.19728, median rank: 56.0, hits@10: 31.792%
2017-03-20 06:25:03,800 INFO: MACRO FILTERED
2017-03-20 06:25:03,800 INFO: 	Left mean rank: 194.50379, MRR: 0.29689, median rank: 11.0, hits@10: 50.632%
2017-03-20 06:25:03,800 INFO: 	Right mean rank: 207.18563, MRR: 0.34416, median rank: 9.0, hits@10: 55.17%
2017-03-20 06:25:03,800 INFO: 	Global mean rank: 200.84471, MRR: 0.32053, median rank: 11.5, hits@10: 52.901%
