2017-04-13 07:13:12,521 INFO: logger initialized for experiment identifier: BilinearDiagExtended_L2_ndim_100_marg_1.5_lrate_0.01_cost_margincost_pos_high_reg_0.01_REL
2017-04-13 07:13:12,521 INFO: DD{'ndim': 100, 'test_all': 10, 'Nsyn_rel': 1345, 'totepochs': 1000, 'bestvalidMRR': -1, 'loadmodel': False, 'lremb': 0.01, 'nvalid': 1000, 'seed': 123, 'marge': 1.5, 'margincostfunction': 'margincost_pos_high', 'simfn': 'L2', 'savepath': '/Users/corbinrosset/Dropbox/Arora/QA-code/src/KBC_Text/outputs/FB15k_BilinearDiagExtended/BilinearDiagExtended_L2_ndim_100_marg_1.5_lrate_0.01_cost_margincost_pos_high_reg_0.01_REL', 'dataset': 'FB15k', 'nbatches': 100, 'identifier': 'BilinearDiagExtended_L2_ndim_100_marg_1.5_lrate_0.01_cost_margincost_pos_high_reg_0.01_REL', 'lrparam': 0.01, 'loademb': False, 'datapath': '/Users/corbinrosset/Dropbox/Arora/QA-code/src/KBC_Text/data/', 'ntrain': 1000, 'Nrel': 1345, 'experiment_type': 'FB15kexp', 'rel': True, 'Nent': 16296, 'logger': <logging.RootLogger object at 0x110c49e90>, 'ntest': 1000, 'Nsyn': 14951, 'reg': 0.01, 'op': 'BilinearDiagExtended'}
2017-04-13 07:13:15,165 INFO: loaded FB15k data in: 2.576083 seconds
2017-04-13 07:13:15,169 DEBUG: FB15kexp: load_FB15k_data(): trainl(16296, 483142), trainr(16296, 483142), traino(1345, 483142), trainlidx(1000,)
2017-04-13 07:13:20,539 DEBUG: Training to rank RELATIONS as well!
2017-04-13 07:13:20,539 DEBUG: loaded data and constructed model...
2017-04-13 07:13:20,539 DEBUG: num epochs: 1000
2017-04-13 07:13:20,539 DEBUG: num batches per epoch: 100
2017-04-13 07:13:20,539 DEBUG: batchsize: 4831
2017-04-13 07:13:20,540 DEBUG: left and right entity ranking functions will rank a slot against 14951 competitors
2017-04-13 07:13:20,540 INFO: BEGIN TRAINING
2017-04-13 07:14:14,751 INFO: ----------------------------------------------------------------------------
2017-04-13 07:14:14,751 INFO: EPOCH 1 (54.211 seconds):
2017-04-13 07:14:14,776 INFO: 	Average L2 norm of relation vector: 0.03147
2017-04-13 07:14:14,776 INFO: 	COST >> 4.4 +/- 0.035, % updates Left: 100.0% Rel: 100.0% Right: 100.0%
2017-04-13 07:15:08,281 INFO: ----------------------------------------------------------------------------
2017-04-13 07:15:08,281 INFO: EPOCH 2 (53.505 seconds):
2017-04-13 07:15:08,284 INFO: 	Average L2 norm of relation vector: 0.03732
2017-04-13 07:15:08,285 INFO: 	COST >> 4.332 +/- 0.014, % updates Left: 100.0% Rel: 100.0% Right: 100.0%
2017-04-13 07:16:02,197 INFO: ----------------------------------------------------------------------------
2017-04-13 07:16:02,197 INFO: EPOCH 3 (53.912 seconds):
2017-04-13 07:16:02,199 INFO: 	Average L2 norm of relation vector: 0.04361
2017-04-13 07:16:02,199 INFO: 	COST >> 4.285 +/- 0.014, % updates Left: 100.0% Rel: 100.0% Right: 100.0%
2017-04-13 07:16:56,315 INFO: ----------------------------------------------------------------------------
2017-04-13 07:16:56,316 INFO: EPOCH 4 (54.116 seconds):
2017-04-13 07:16:56,318 INFO: 	Average L2 norm of relation vector: 0.05012
2017-04-13 07:16:56,319 INFO: 	COST >> 4.236 +/- 0.017, % updates Left: 100.0% Rel: 100.0% Right: 100.0%
2017-04-13 07:17:50,806 INFO: ----------------------------------------------------------------------------
2017-04-13 07:17:50,806 INFO: EPOCH 5 (54.486 seconds):
2017-04-13 07:17:50,808 INFO: 	Average L2 norm of relation vector: 0.05704
2017-04-13 07:17:50,809 INFO: 	COST >> 4.163 +/- 0.029, % updates Left: 100.0% Rel: 99.97% Right: 99.99%
2017-04-13 07:18:45,033 INFO: ----------------------------------------------------------------------------
2017-04-13 07:18:45,033 INFO: EPOCH 6 (54.224 seconds):
2017-04-13 07:18:45,035 INFO: 	Average L2 norm of relation vector: 0.06537
2017-04-13 07:18:45,035 INFO: 	COST >> 3.996 +/- 0.084, % updates Left: 99.9% Rel: 99.44% Right: 99.86%
2017-04-13 07:19:38,703 INFO: ----------------------------------------------------------------------------
2017-04-13 07:19:38,703 INFO: EPOCH 7 (53.667 seconds):
2017-04-13 07:19:38,704 INFO: 	Average L2 norm of relation vector: 0.07452
2017-04-13 07:19:38,705 INFO: 	COST >> 3.563 +/- 0.149, % updates Left: 99.18% Rel: 85.72% Right: 98.27%
2017-04-13 07:20:31,533 INFO: ----------------------------------------------------------------------------
2017-04-13 07:20:31,533 INFO: EPOCH 8 (52.828 seconds):
2017-04-13 07:20:31,535 INFO: 	Average L2 norm of relation vector: 0.08108
2017-04-13 07:20:31,535 INFO: 	COST >> 3.154 +/- 0.086, % updates Left: 97.04% Rel: 59.34% Right: 94.12%
2017-04-13 07:21:24,368 INFO: ----------------------------------------------------------------------------
2017-04-13 07:21:24,368 INFO: EPOCH 9 (52.833 seconds):
2017-04-13 07:21:24,370 INFO: 	Average L2 norm of relation vector: 0.08642
2017-04-13 07:21:24,371 INFO: 	COST >> 2.924 +/- 0.06, % updates Left: 94.45% Rel: 44.59% Right: 90.57%
2017-04-13 07:22:17,537 INFO: ----------------------------------------------------------------------------
2017-04-13 07:22:17,537 INFO: EPOCH 10 (53.166 seconds):
2017-04-13 07:22:17,539 INFO: 	Average L2 norm of relation vector: 0.09118
2017-04-13 07:22:17,540 INFO: 	COST >> 2.736 +/- 0.051, % updates Left: 90.41% Rel: 40.38% Right: 86.73%
2017-04-13 07:22:17,540 INFO: 	FilteredRanking: evaluating rank on 1000 triples
2017-04-13 07:23:55,596 INFO: 	FilteredRanking: evaluating rank on 1000 triples
2017-04-13 07:25:35,403 INFO: 	MEAN RANK >> valid: 4753.4, train: 4601.3
2017-04-13 07:25:35,404 INFO: 		MEAN RANK TRAIN: Left: 4796.1 Rel: 89.0 Right: 4406.5
2017-04-13 07:25:35,404 INFO: 		MEAN RANK VALID: Left: 5250.0 Rel: 87.8 Right: 4256.7
2017-04-13 07:25:35,405 INFO: 		MEAN RECIPROCAL RANK VALID (L & R): 0.008
2017-04-13 07:25:35,405 INFO: 	FilteredRanking: evaluating rank on 1000 triples
2017-04-13 07:27:15,313 INFO: 	NEW BEST TEST MR: 4723.3
2017-04-13 07:27:15,314 INFO: 		Left MR: 5026.3 Rel MR: 93.2 Right MR: 4420.3
2017-04-13 07:27:15,387 INFO: 	(ranking took 297.847 seconds)
2017-04-13 07:28:08,515 INFO: ----------------------------------------------------------------------------
2017-04-13 07:28:08,515 INFO: EPOCH 11 (53.127 seconds):
2017-04-13 07:28:08,517 INFO: 	Average L2 norm of relation vector: 0.09534
2017-04-13 07:28:08,518 INFO: 	COST >> 2.577 +/- 0.041, % updates Left: 85.91% Rel: 36.07% Right: 81.95%
2017-04-13 07:29:00,928 INFO: ----------------------------------------------------------------------------
2017-04-13 07:29:00,928 INFO: EPOCH 12 (52.41 seconds):
2017-04-13 07:29:00,929 INFO: 	Average L2 norm of relation vector: 0.09953
2017-04-13 07:29:00,929 INFO: 	COST >> 2.411 +/- 0.057, % updates Left: 82.0% Rel: 34.42% Right: 77.51%
2017-04-13 07:29:53,440 INFO: ----------------------------------------------------------------------------
2017-04-13 07:29:53,440 INFO: EPOCH 13 (52.51 seconds):
2017-04-13 07:29:53,442 INFO: 	Average L2 norm of relation vector: 0.10363
2017-04-13 07:29:53,443 INFO: 	COST >> 2.192 +/- 0.061, % updates Left: 75.72% Rel: 33.35% Right: 71.25%
2017-04-13 07:30:44,798 INFO: ----------------------------------------------------------------------------
2017-04-13 07:30:44,798 INFO: EPOCH 14 (51.355 seconds):
2017-04-13 07:30:44,799 INFO: 	Average L2 norm of relation vector: 0.10768
2017-04-13 07:30:44,800 INFO: 	COST >> 2.0 +/- 0.053, % updates Left: 68.84% Rel: 32.09% Right: 65.65%
2017-04-13 07:31:36,144 INFO: ----------------------------------------------------------------------------
2017-04-13 07:31:36,145 INFO: EPOCH 15 (51.345 seconds):
2017-04-13 07:31:36,146 INFO: 	Average L2 norm of relation vector: 0.11102
2017-04-13 07:31:36,147 INFO: 	COST >> 1.865 +/- 0.049, % updates Left: 63.74% Rel: 30.16% Right: 61.73%
2017-04-13 07:32:27,601 INFO: ----------------------------------------------------------------------------
2017-04-13 07:32:27,602 INFO: EPOCH 16 (51.454 seconds):
2017-04-13 07:32:27,603 INFO: 	Average L2 norm of relation vector: 0.11409
2017-04-13 07:32:27,604 INFO: 	COST >> 1.767 +/- 0.032, % updates Left: 60.59% Rel: 28.18% Right: 58.16%
2017-04-13 07:33:18,846 INFO: ----------------------------------------------------------------------------
2017-04-13 07:33:18,847 INFO: EPOCH 17 (51.242 seconds):
2017-04-13 07:33:18,849 INFO: 	Average L2 norm of relation vector: 0.11695
2017-04-13 07:33:18,850 INFO: 	COST >> 1.676 +/- 0.032, % updates Left: 56.24% Rel: 26.98% Right: 56.53%
2017-04-13 07:34:09,760 INFO: ----------------------------------------------------------------------------
2017-04-13 07:34:09,761 INFO: EPOCH 18 (50.91 seconds):
2017-04-13 07:34:09,762 INFO: 	Average L2 norm of relation vector: 0.11968
2017-04-13 07:34:09,763 INFO: 	COST >> 1.614 +/- 0.03, % updates Left: 54.41% Rel: 25.74% Right: 54.78%
2017-04-13 07:35:00,845 INFO: ----------------------------------------------------------------------------
2017-04-13 07:35:00,845 INFO: EPOCH 19 (51.082 seconds):
2017-04-13 07:35:00,846 INFO: 	Average L2 norm of relation vector: 0.12213
2017-04-13 07:35:00,847 INFO: 	COST >> 1.583 +/- 0.037, % updates Left: 53.02% Rel: 24.84% Right: 53.89%
2017-04-13 07:35:52,082 INFO: ----------------------------------------------------------------------------
2017-04-13 07:35:52,082 INFO: EPOCH 20 (51.235 seconds):
2017-04-13 07:35:52,083 INFO: 	Average L2 norm of relation vector: 0.12445
2017-04-13 07:35:52,084 INFO: 	COST >> 1.539 +/- 0.029, % updates Left: 51.8% Rel: 23.98% Right: 52.5%
2017-04-13 07:35:52,084 INFO: 	FilteredRanking: evaluating rank on 1000 triples
2017-04-13 07:37:30,190 INFO: 	FilteredRanking: evaluating rank on 1000 triples
2017-04-13 07:39:09,167 INFO: 	MEAN RANK >> valid: 2448.2, train: 2403.5
2017-04-13 07:39:09,168 INFO: 		MEAN RANK TRAIN: Left: 2393.6 Rel: 59.7 Right: 2413.4
2017-04-13 07:39:09,169 INFO: 		MEAN RANK VALID: Left: 2483.2 Rel: 58.9 Right: 2413.3
2017-04-13 07:39:09,169 INFO: 		MEAN RECIPROCAL RANK VALID (L & R): 0.007
2017-04-13 07:39:09,169 WARNING: 	WARNING, failed to improve MRR on valid, 2 chances left

2017-04-13 07:39:09,247 INFO: 	(ranking took 197.163 seconds)
2017-04-13 07:40:01,727 INFO: ----------------------------------------------------------------------------
2017-04-13 07:40:01,727 INFO: EPOCH 21 (52.48 seconds):
2017-04-13 07:40:01,728 INFO: 	Average L2 norm of relation vector: 0.12666
2017-04-13 07:40:01,729 INFO: 	COST >> 1.506 +/- 0.033, % updates Left: 50.56% Rel: 23.2% Right: 52.02%
2017-04-13 07:40:53,773 INFO: ----------------------------------------------------------------------------
2017-04-13 07:40:53,774 INFO: EPOCH 22 (52.044 seconds):
2017-04-13 07:40:53,775 INFO: 	Average L2 norm of relation vector: 0.12873
2017-04-13 07:40:53,775 INFO: 	COST >> 1.48 +/- 0.029, % updates Left: 49.83% Rel: 22.78% Right: 50.51%
2017-04-13 07:41:45,049 INFO: ----------------------------------------------------------------------------
2017-04-13 07:41:45,050 INFO: EPOCH 23 (51.274 seconds):
2017-04-13 07:41:45,051 INFO: 	Average L2 norm of relation vector: 0.13065
2017-04-13 07:41:45,052 INFO: 	COST >> 1.465 +/- 0.033, % updates Left: 49.4% Rel: 22.2% Right: 49.82%
2017-04-13 07:42:36,137 INFO: ----------------------------------------------------------------------------
2017-04-13 07:42:36,137 INFO: EPOCH 24 (51.085 seconds):
2017-04-13 07:42:36,138 INFO: 	Average L2 norm of relation vector: 0.13242
2017-04-13 07:42:36,139 INFO: 	COST >> 1.455 +/- 0.029, % updates Left: 48.78% Rel: 21.6% Right: 49.39%
2017-04-13 07:43:27,081 INFO: ----------------------------------------------------------------------------
2017-04-13 07:43:27,081 INFO: EPOCH 25 (50.942 seconds):
2017-04-13 07:43:27,083 INFO: 	Average L2 norm of relation vector: 0.13421
2017-04-13 07:43:27,083 INFO: 	COST >> 1.424 +/- 0.032, % updates Left: 47.92% Rel: 20.94% Right: 48.64%
2017-04-13 07:44:18,480 INFO: ----------------------------------------------------------------------------
2017-04-13 07:44:18,480 INFO: EPOCH 26 (51.396 seconds):
2017-04-13 07:44:18,482 INFO: 	Average L2 norm of relation vector: 0.13595
2017-04-13 07:44:18,483 INFO: 	COST >> 1.405 +/- 0.031, % updates Left: 47.1% Rel: 20.28% Right: 48.24%
2017-04-13 07:45:09,707 INFO: ----------------------------------------------------------------------------
2017-04-13 07:45:09,707 INFO: EPOCH 27 (51.224 seconds):
2017-04-13 07:45:09,708 INFO: 	Average L2 norm of relation vector: 0.13751
2017-04-13 07:45:09,709 INFO: 	COST >> 1.396 +/- 0.029, % updates Left: 46.55% Rel: 19.96% Right: 48.05%
2017-04-13 07:46:01,405 INFO: ----------------------------------------------------------------------------
2017-04-13 07:46:01,405 INFO: EPOCH 28 (51.696 seconds):
2017-04-13 07:46:01,407 INFO: 	Average L2 norm of relation vector: 0.13913
2017-04-13 07:46:01,407 INFO: 	COST >> 1.373 +/- 0.032, % updates Left: 46.04% Rel: 19.36% Right: 47.34%
2017-04-13 07:46:53,021 INFO: ----------------------------------------------------------------------------
2017-04-13 07:46:53,022 INFO: EPOCH 29 (51.614 seconds):
2017-04-13 07:46:53,023 INFO: 	Average L2 norm of relation vector: 0.14058
2017-04-13 07:46:53,024 INFO: 	COST >> 1.363 +/- 0.032, % updates Left: 45.29% Rel: 19.15% Right: 47.03%
2017-04-13 07:47:44,222 INFO: ----------------------------------------------------------------------------
2017-04-13 07:47:44,222 INFO: EPOCH 30 (51.198 seconds):
2017-04-13 07:47:44,223 INFO: 	Average L2 norm of relation vector: 0.14187
2017-04-13 07:47:44,224 INFO: 	COST >> 1.343 +/- 0.034, % updates Left: 44.67% Rel: 18.75% Right: 45.98%
2017-04-13 07:47:44,224 INFO: 	FilteredRanking: evaluating rank on 1000 triples
2017-04-13 07:49:21,810 INFO: 	FilteredRanking: evaluating rank on 1000 triples
2017-04-13 07:50:49,727 INFO: 	MEAN RANK >> valid: 2055.5, train: 2054.6
2017-04-13 07:50:49,728 INFO: 		MEAN RANK TRAIN: Left: 2034.2 Rel: 46.6 Right: 2075.0
2017-04-13 07:50:49,729 INFO: 		MEAN RANK VALID: Left: 2081.7 Rel: 43.1 Right: 2029.3
2017-04-13 07:50:49,729 INFO: 		MEAN RECIPROCAL RANK VALID (L & R): 0.011
2017-04-13 07:50:49,729 INFO: 	FilteredRanking: evaluating rank on 1000 triples
2017-04-13 07:52:16,954 INFO: 	NEW BEST TEST MR: 2185.4
2017-04-13 07:52:16,955 INFO: 		Left MR: 2012.3 Rel MR: 49.4 Right MR: 2358.6
2017-04-13 07:52:17,024 INFO: 	(ranking took 272.8 seconds)
2017-04-13 07:53:02,932 INFO: ----------------------------------------------------------------------------
2017-04-13 07:53:02,933 INFO: EPOCH 31 (45.909 seconds):
2017-04-13 07:53:02,934 INFO: 	Average L2 norm of relation vector: 0.14313
2017-04-13 07:53:02,934 INFO: 	COST >> 1.334 +/- 0.029, % updates Left: 44.32% Rel: 18.41% Right: 45.54%
2017-04-13 07:53:47,451 INFO: ----------------------------------------------------------------------------
2017-04-13 07:53:47,451 INFO: EPOCH 32 (44.517 seconds):
2017-04-13 07:53:47,452 INFO: 	Average L2 norm of relation vector: 0.14432
2017-04-13 07:53:47,453 INFO: 	COST >> 1.328 +/- 0.03, % updates Left: 44.1% Rel: 17.92% Right: 45.36%
2017-04-13 07:54:31,847 INFO: ----------------------------------------------------------------------------
2017-04-13 07:54:31,847 INFO: EPOCH 33 (44.394 seconds):
2017-04-13 07:54:31,848 INFO: 	Average L2 norm of relation vector: 0.14543
2017-04-13 07:54:31,849 INFO: 	COST >> 1.321 +/- 0.031, % updates Left: 43.84% Rel: 18.01% Right: 44.81%
2017-04-13 07:55:16,240 INFO: ----------------------------------------------------------------------------
2017-04-13 07:55:16,241 INFO: EPOCH 34 (44.392 seconds):
2017-04-13 07:55:16,243 INFO: 	Average L2 norm of relation vector: 0.14653
2017-04-13 07:55:16,244 INFO: 	COST >> 1.309 +/- 0.035, % updates Left: 43.63% Rel: 17.64% Right: 44.46%
2017-04-13 07:56:00,460 INFO: ----------------------------------------------------------------------------
2017-04-13 07:56:00,460 INFO: EPOCH 35 (44.216 seconds):
2017-04-13 07:56:00,462 INFO: 	Average L2 norm of relation vector: 0.1476
2017-04-13 07:56:00,462 INFO: 	COST >> 1.3 +/- 0.032, % updates Left: 43.2% Rel: 17.48% Right: 43.87%
2017-04-13 07:56:44,864 INFO: ----------------------------------------------------------------------------
2017-04-13 07:56:44,864 INFO: EPOCH 36 (44.402 seconds):
2017-04-13 07:56:44,865 INFO: 	Average L2 norm of relation vector: 0.14887
2017-04-13 07:56:44,866 INFO: 	COST >> 1.27 +/- 0.033, % updates Left: 42.54% Rel: 17.3% Right: 43.32%
2017-04-13 07:57:29,510 INFO: ----------------------------------------------------------------------------
2017-04-13 07:57:29,511 INFO: EPOCH 37 (44.645 seconds):
2017-04-13 07:57:29,512 INFO: 	Average L2 norm of relation vector: 0.14987
2017-04-13 07:57:29,512 INFO: 	COST >> 1.253 +/- 0.042, % updates Left: 41.67% Rel: 16.45% Right: 42.31%
2017-04-13 07:58:13,896 INFO: ----------------------------------------------------------------------------
2017-04-13 07:58:13,897 INFO: EPOCH 38 (44.384 seconds):
2017-04-13 07:58:13,899 INFO: 	Average L2 norm of relation vector: 0.15083
2017-04-13 07:58:13,899 INFO: 	COST >> 1.248 +/- 0.034, % updates Left: 41.22% Rel: 16.43% Right: 42.16%
2017-04-13 07:58:58,083 INFO: ----------------------------------------------------------------------------
2017-04-13 07:58:58,084 INFO: EPOCH 39 (44.184 seconds):
2017-04-13 07:58:58,085 INFO: 	Average L2 norm of relation vector: 0.15175
2017-04-13 07:58:58,085 INFO: 	COST >> 1.239 +/- 0.04, % updates Left: 41.01% Rel: 16.11% Right: 41.97%
2017-04-13 07:59:42,146 INFO: ----------------------------------------------------------------------------
2017-04-13 07:59:42,146 INFO: EPOCH 40 (44.06 seconds):
2017-04-13 07:59:42,147 INFO: 	Average L2 norm of relation vector: 0.15266
2017-04-13 07:59:42,148 INFO: 	COST >> 1.23 +/- 0.04, % updates Left: 40.63% Rel: 15.94% Right: 41.72%
2017-04-13 07:59:42,148 INFO: 	FilteredRanking: evaluating rank on 1000 triples
2017-04-13 08:01:08,107 INFO: 	FilteredRanking: evaluating rank on 1000 triples
2017-04-13 08:02:35,270 INFO: 	MEAN RANK >> valid: 1951.9, train: 1840.0
2017-04-13 08:02:35,270 INFO: 		MEAN RANK TRAIN: Left: 1694.8 Rel: 41.3 Right: 1985.1
2017-04-13 08:02:35,271 INFO: 		MEAN RANK VALID: Left: 1847.4 Rel: 36.3 Right: 2056.4
2017-04-13 08:02:35,271 INFO: 		MEAN RECIPROCAL RANK VALID (L & R): 0.0125
2017-04-13 08:02:35,271 INFO: 	FilteredRanking: evaluating rank on 1000 triples
2017-04-13 08:04:01,952 INFO: 	NEW BEST TEST MR: 1924.1
2017-04-13 08:04:01,953 INFO: 		Left MR: 1774.8 Rel MR: 44.7 Right MR: 2073.3
2017-04-13 08:04:02,021 INFO: 	(ranking took 259.873 seconds)
2017-04-13 08:04:47,809 INFO: ----------------------------------------------------------------------------
2017-04-13 08:04:47,809 INFO: EPOCH 41 (45.788 seconds):
2017-04-13 08:04:47,810 INFO: 	Average L2 norm of relation vector: 0.15341
2017-04-13 08:04:47,810 INFO: 	COST >> 1.226 +/- 0.038, % updates Left: 40.37% Rel: 15.75% Right: 41.55%
2017-04-13 08:05:31,781 INFO: ----------------------------------------------------------------------------
2017-04-13 08:05:31,782 INFO: EPOCH 42 (43.971 seconds):
2017-04-13 08:05:31,783 INFO: 	Average L2 norm of relation vector: 0.15426
2017-04-13 08:05:31,784 INFO: 	COST >> 1.224 +/- 0.034, % updates Left: 40.23% Rel: 15.66% Right: 41.52%
2017-04-13 08:06:15,646 INFO: ----------------------------------------------------------------------------
2017-04-13 08:06:15,647 INFO: EPOCH 43 (43.862 seconds):
2017-04-13 08:06:15,648 INFO: 	Average L2 norm of relation vector: 0.15502
2017-04-13 08:06:15,649 INFO: 	COST >> 1.214 +/- 0.038, % updates Left: 40.14% Rel: 15.41% Right: 41.24%
2017-04-13 08:06:59,847 INFO: ----------------------------------------------------------------------------
2017-04-13 08:06:59,848 INFO: EPOCH 44 (44.198 seconds):
2017-04-13 08:06:59,849 INFO: 	Average L2 norm of relation vector: 0.15592
2017-04-13 08:06:59,849 INFO: 	COST >> 1.204 +/- 0.036, % updates Left: 40.01% Rel: 15.42% Right: 40.58%
2017-04-13 08:07:44,203 INFO: ----------------------------------------------------------------------------
2017-04-13 08:07:44,203 INFO: EPOCH 45 (44.354 seconds):
2017-04-13 08:07:44,205 INFO: 	Average L2 norm of relation vector: 0.15674
2017-04-13 08:07:44,206 INFO: 	COST >> 1.209 +/- 0.031, % updates Left: 39.75% Rel: 15.29% Right: 41.06%
2017-04-13 08:08:28,364 INFO: ----------------------------------------------------------------------------
2017-04-13 08:08:28,364 INFO: EPOCH 46 (44.159 seconds):
2017-04-13 08:08:28,367 INFO: 	Average L2 norm of relation vector: 0.15748
2017-04-13 08:08:28,367 INFO: 	COST >> 1.18 +/- 0.035, % updates Left: 39.04% Rel: 14.97% Right: 39.81%
2017-04-13 08:09:12,175 INFO: ----------------------------------------------------------------------------
2017-04-13 08:09:12,176 INFO: EPOCH 47 (43.808 seconds):
2017-04-13 08:09:12,177 INFO: 	Average L2 norm of relation vector: 0.15822
2017-04-13 08:09:12,178 INFO: 	COST >> 1.182 +/- 0.038, % updates Left: 39.09% Rel: 15.0% Right: 40.06%
2017-04-13 08:09:56,261 INFO: ----------------------------------------------------------------------------
2017-04-13 08:09:56,261 INFO: EPOCH 48 (44.083 seconds):
2017-04-13 08:09:56,263 INFO: 	Average L2 norm of relation vector: 0.15894
2017-04-13 08:09:56,264 INFO: 	COST >> 1.174 +/- 0.034, % updates Left: 38.74% Rel: 14.77% Right: 39.58%
2017-04-13 08:10:40,260 INFO: ----------------------------------------------------------------------------
2017-04-13 08:10:40,260 INFO: EPOCH 49 (43.996 seconds):
2017-04-13 08:10:40,262 INFO: 	Average L2 norm of relation vector: 0.15962
2017-04-13 08:10:40,263 INFO: 	COST >> 1.161 +/- 0.036, % updates Left: 38.27% Rel: 14.48% Right: 39.5%
2017-04-13 08:11:24,234 INFO: ----------------------------------------------------------------------------
2017-04-13 08:11:24,234 INFO: EPOCH 50 (43.971 seconds):
2017-04-13 08:11:24,236 INFO: 	Average L2 norm of relation vector: 0.1603
2017-04-13 08:11:24,238 INFO: 	COST >> 1.168 +/- 0.041, % updates Left: 38.3% Rel: 14.63% Right: 39.65%
2017-04-13 08:11:24,238 INFO: 	FilteredRanking: evaluating rank on 1000 triples
2017-04-13 08:12:50,091 INFO: 	FilteredRanking: evaluating rank on 1000 triples
2017-04-13 08:14:16,721 INFO: 	MEAN RANK >> valid: 1794.4, train: 1719.9
2017-04-13 08:14:16,722 INFO: 		MEAN RANK TRAIN: Left: 1674.0 Rel: 34.3 Right: 1765.7
2017-04-13 08:14:16,723 INFO: 		MEAN RANK VALID: Left: 1730.9 Rel: 29.8 Right: 1857.9
2017-04-13 08:14:16,723 INFO: 		MEAN RECIPROCAL RANK VALID (L & R): 0.02
2017-04-13 08:14:16,723 INFO: 	FilteredRanking: evaluating rank on 1000 triples
2017-04-13 08:15:43,175 INFO: 	NEW BEST TEST MR: 1867.2
2017-04-13 08:15:43,176 INFO: 		Left MR: 1714.2 Rel MR: 33.9 Right MR: 2020.3
2017-04-13 08:15:43,249 INFO: 	(ranking took 259.011 seconds)
2017-04-13 08:16:28,563 INFO: ----------------------------------------------------------------------------
2017-04-13 08:16:28,563 INFO: EPOCH 51 (45.314 seconds):
2017-04-13 08:16:28,564 INFO: 	Average L2 norm of relation vector: 0.16086
2017-04-13 08:16:28,564 INFO: 	COST >> 1.169 +/- 0.035, % updates Left: 38.2% Rel: 14.55% Right: 39.43%
2017-04-13 08:17:12,391 INFO: ----------------------------------------------------------------------------
2017-04-13 08:17:12,391 INFO: EPOCH 52 (43.826 seconds):
2017-04-13 08:17:12,393 INFO: 	Average L2 norm of relation vector: 0.1615
2017-04-13 08:17:12,394 INFO: 	COST >> 1.168 +/- 0.036, % updates Left: 38.06% Rel: 14.58% Right: 39.55%
2017-04-13 08:17:57,139 INFO: ----------------------------------------------------------------------------
2017-04-13 08:17:57,140 INFO: EPOCH 53 (44.745 seconds):
2017-04-13 08:17:57,141 INFO: 	Average L2 norm of relation vector: 0.16198
2017-04-13 08:17:57,141 INFO: 	COST >> 1.153 +/- 0.039, % updates Left: 37.6% Rel: 14.06% Right: 38.81%
2017-04-13 08:18:41,122 INFO: ----------------------------------------------------------------------------
2017-04-13 08:18:41,122 INFO: EPOCH 54 (43.981 seconds):
2017-04-13 08:18:41,124 INFO: 	Average L2 norm of relation vector: 0.16247
2017-04-13 08:18:41,124 INFO: 	COST >> 1.144 +/- 0.033, % updates Left: 37.5% Rel: 13.95% Right: 38.6%
2017-04-13 08:19:25,054 INFO: ----------------------------------------------------------------------------
2017-04-13 08:19:25,054 INFO: EPOCH 55 (43.929 seconds):
2017-04-13 08:19:25,055 INFO: 	Average L2 norm of relation vector: 0.163
2017-04-13 08:19:25,055 INFO: 	COST >> 1.147 +/- 0.039, % updates Left: 37.41% Rel: 13.96% Right: 38.72%
2017-04-13 08:20:08,909 INFO: ----------------------------------------------------------------------------
2017-04-13 08:20:08,909 INFO: EPOCH 56 (43.854 seconds):
2017-04-13 08:20:08,910 INFO: 	Average L2 norm of relation vector: 0.16343
2017-04-13 08:20:08,911 INFO: 	COST >> 1.142 +/- 0.033, % updates Left: 37.2% Rel: 13.97% Right: 38.14%
2017-04-13 08:20:52,603 INFO: ----------------------------------------------------------------------------
2017-04-13 08:20:52,603 INFO: EPOCH 57 (43.692 seconds):
2017-04-13 08:20:52,605 INFO: 	Average L2 norm of relation vector: 0.16384
2017-04-13 08:20:52,605 INFO: 	COST >> 1.13 +/- 0.045, % updates Left: 37.04% Rel: 13.6% Right: 37.81%
2017-04-13 08:21:36,438 INFO: ----------------------------------------------------------------------------
2017-04-13 08:21:36,438 INFO: EPOCH 58 (43.833 seconds):
2017-04-13 08:21:36,439 INFO: 	Average L2 norm of relation vector: 0.16424
2017-04-13 08:21:36,439 INFO: 	COST >> 1.143 +/- 0.039, % updates Left: 37.22% Rel: 13.84% Right: 38.24%
2017-04-13 08:22:20,318 INFO: ----------------------------------------------------------------------------
2017-04-13 08:22:20,319 INFO: EPOCH 59 (43.879 seconds):
2017-04-13 08:22:20,320 INFO: 	Average L2 norm of relation vector: 0.16468
2017-04-13 08:22:20,321 INFO: 	COST >> 1.112 +/- 0.032, % updates Left: 36.37% Rel: 13.33% Right: 37.41%
2017-04-13 08:23:04,633 INFO: ----------------------------------------------------------------------------
2017-04-13 08:23:04,633 INFO: EPOCH 60 (44.313 seconds):
2017-04-13 08:23:04,635 INFO: 	Average L2 norm of relation vector: 0.16507
2017-04-13 08:23:04,635 INFO: 	COST >> 1.106 +/- 0.031, % updates Left: 36.16% Rel: 13.39% Right: 36.94%
2017-04-13 08:23:04,636 INFO: 	FilteredRanking: evaluating rank on 1000 triples
2017-04-13 08:24:30,587 INFO: 	FilteredRanking: evaluating rank on 1000 triples
2017-04-13 08:25:57,445 INFO: 	MEAN RANK >> valid: 1668.2, train: 1704.0
2017-04-13 08:25:57,446 INFO: 		MEAN RANK TRAIN: Left: 1833.4 Rel: 40.8 Right: 1574.6
2017-04-13 08:25:57,446 INFO: 		MEAN RANK VALID: Left: 1762.1 Rel: 34.0 Right: 1574.4
2017-04-13 08:25:57,447 INFO: 		MEAN RECIPROCAL RANK VALID (L & R): 0.0155
2017-04-13 08:25:57,447 WARNING: 	WARNING, failed to improve MRR on valid, 2 chances left

2017-04-13 08:25:57,573 INFO: 	(ranking took 172.937 seconds)
2017-04-13 08:26:43,083 INFO: ----------------------------------------------------------------------------
2017-04-13 08:26:43,083 INFO: EPOCH 61 (45.51 seconds):
2017-04-13 08:26:43,084 INFO: 	Average L2 norm of relation vector: 0.16546
2017-04-13 08:26:43,084 INFO: 	COST >> 1.11 +/- 0.033, % updates Left: 36.06% Rel: 13.25% Right: 37.2%
2017-04-13 08:27:27,565 INFO: ----------------------------------------------------------------------------
2017-04-13 08:27:27,565 INFO: EPOCH 62 (44.48 seconds):
2017-04-13 08:27:27,566 INFO: 	Average L2 norm of relation vector: 0.16587
2017-04-13 08:27:27,566 INFO: 	COST >> 1.097 +/- 0.031, % updates Left: 35.86% Rel: 13.08% Right: 36.85%
2017-04-13 08:28:11,441 INFO: ----------------------------------------------------------------------------
2017-04-13 08:28:11,441 INFO: EPOCH 63 (43.875 seconds):
2017-04-13 08:28:11,442 INFO: 	Average L2 norm of relation vector: 0.16633
2017-04-13 08:28:11,443 INFO: 	COST >> 1.095 +/- 0.034, % updates Left: 35.69% Rel: 13.2% Right: 36.56%
2017-04-13 08:28:55,241 INFO: ----------------------------------------------------------------------------
2017-04-13 08:28:55,242 INFO: EPOCH 64 (43.799 seconds):
2017-04-13 08:28:55,243 INFO: 	Average L2 norm of relation vector: 0.16668
2017-04-13 08:28:55,243 INFO: 	COST >> 1.074 +/- 0.035, % updates Left: 35.09% Rel: 13.08% Right: 35.73%
2017-04-13 08:29:39,051 INFO: ----------------------------------------------------------------------------
2017-04-13 08:29:39,051 INFO: EPOCH 65 (43.808 seconds):
2017-04-13 08:29:39,053 INFO: 	Average L2 norm of relation vector: 0.16702
2017-04-13 08:29:39,053 INFO: 	COST >> 1.071 +/- 0.032, % updates Left: 34.94% Rel: 13.11% Right: 35.66%
2017-04-13 08:30:16,738 INFO: ----------------------------------------------------------------------------
2017-04-13 08:30:16,738 INFO: EPOCH 66 (37.685 seconds):
2017-04-13 08:30:16,739 INFO: 	Average L2 norm of relation vector: 0.16735
2017-04-13 08:30:16,739 INFO: 	COST >> 1.079 +/- 0.041, % updates Left: 35.18% Rel: 13.14% Right: 35.81%
2017-04-13 08:30:53,411 INFO: ----------------------------------------------------------------------------
2017-04-13 08:30:53,411 INFO: EPOCH 67 (36.671 seconds):
2017-04-13 08:30:53,412 INFO: 	Average L2 norm of relation vector: 0.16775
2017-04-13 08:30:53,413 INFO: 	COST >> 1.06 +/- 0.036, % updates Left: 34.73% Rel: 12.9% Right: 35.39%
2017-04-13 08:31:30,041 INFO: ----------------------------------------------------------------------------
2017-04-13 08:31:30,041 INFO: EPOCH 68 (36.628 seconds):
2017-04-13 08:31:30,042 INFO: 	Average L2 norm of relation vector: 0.16804
2017-04-13 08:31:30,042 INFO: 	COST >> 1.048 +/- 0.032, % updates Left: 34.43% Rel: 12.81% Right: 34.59%
2017-04-13 08:32:06,894 INFO: ----------------------------------------------------------------------------
2017-04-13 08:32:06,895 INFO: EPOCH 69 (36.852 seconds):
2017-04-13 08:32:06,896 INFO: 	Average L2 norm of relation vector: 0.16835
2017-04-13 08:32:06,896 INFO: 	COST >> 1.056 +/- 0.044, % updates Left: 34.4% Rel: 13.02% Right: 35.17%
2017-04-13 08:32:44,703 INFO: ----------------------------------------------------------------------------
2017-04-13 08:32:44,703 INFO: EPOCH 70 (37.807 seconds):
2017-04-13 08:32:44,704 INFO: 	Average L2 norm of relation vector: 0.16854
2017-04-13 08:32:44,705 INFO: 	COST >> 1.06 +/- 0.038, % updates Left: 34.52% Rel: 13.04% Right: 34.89%
2017-04-13 08:32:44,705 INFO: 	FilteredRanking: evaluating rank on 1000 triples
2017-04-13 08:33:57,274 INFO: 	FilteredRanking: evaluating rank on 1000 triples
2017-04-13 08:35:09,200 INFO: 	MEAN RANK >> valid: 1558.7, train: 1638.5
2017-04-13 08:35:09,200 INFO: 		MEAN RANK TRAIN: Left: 1715.5 Rel: 37.5 Right: 1561.6
2017-04-13 08:35:09,201 INFO: 		MEAN RANK VALID: Left: 1634.3 Rel: 30.8 Right: 1483.1
2017-04-13 08:35:09,201 INFO: 		MEAN RECIPROCAL RANK VALID (L & R): 0.0105
2017-04-13 08:35:09,201 WARNING: 	WARNING, failed to improve MRR on valid, 1 chances left

2017-04-13 08:35:09,274 INFO: 	(ranking took 144.569 seconds)
2017-04-13 08:35:43,645 INFO: ----------------------------------------------------------------------------
2017-04-13 08:35:43,645 INFO: EPOCH 71 (34.371 seconds):
2017-04-13 08:35:43,646 INFO: 	Average L2 norm of relation vector: 0.16889
2017-04-13 08:35:43,646 INFO: 	COST >> 1.037 +/- 0.036, % updates Left: 34.06% Rel: 12.66% Right: 34.48%
2017-04-13 08:36:17,357 INFO: ----------------------------------------------------------------------------
2017-04-13 08:36:17,357 INFO: EPOCH 72 (33.71 seconds):
2017-04-13 08:36:17,358 INFO: 	Average L2 norm of relation vector: 0.16913
2017-04-13 08:36:17,358 INFO: 	COST >> 1.034 +/- 0.029, % updates Left: 33.45% Rel: 12.7% Right: 34.36%
2017-04-13 08:36:50,786 INFO: ----------------------------------------------------------------------------
2017-04-13 08:36:50,786 INFO: EPOCH 73 (33.428 seconds):
2017-04-13 08:36:50,788 INFO: 	Average L2 norm of relation vector: 0.16949
2017-04-13 08:36:50,789 INFO: 	COST >> 1.028 +/- 0.035, % updates Left: 33.33% Rel: 12.54% Right: 34.35%
2017-04-13 08:37:24,783 INFO: ----------------------------------------------------------------------------
2017-04-13 08:37:24,783 INFO: EPOCH 74 (33.994 seconds):
2017-04-13 08:37:24,784 INFO: 	Average L2 norm of relation vector: 0.16983
2017-04-13 08:37:24,784 INFO: 	COST >> 1.02 +/- 0.031, % updates Left: 33.08% Rel: 12.43% Right: 34.03%
2017-04-13 08:37:58,519 INFO: ----------------------------------------------------------------------------
2017-04-13 08:37:58,519 INFO: EPOCH 75 (33.734 seconds):
2017-04-13 08:37:58,520 INFO: 	Average L2 norm of relation vector: 0.17001
2017-04-13 08:37:58,520 INFO: 	COST >> 1.019 +/- 0.029, % updates Left: 32.86% Rel: 12.38% Right: 33.93%
2017-04-13 08:38:32,266 INFO: ----------------------------------------------------------------------------
2017-04-13 08:38:32,267 INFO: EPOCH 76 (33.746 seconds):
2017-04-13 08:38:32,268 INFO: 	Average L2 norm of relation vector: 0.17022
2017-04-13 08:38:32,268 INFO: 	COST >> 1.019 +/- 0.031, % updates Left: 32.99% Rel: 12.5% Right: 33.74%
2017-04-13 08:39:05,960 INFO: ----------------------------------------------------------------------------
2017-04-13 08:39:05,960 INFO: EPOCH 77 (33.692 seconds):
2017-04-13 08:39:05,961 INFO: 	Average L2 norm of relation vector: 0.17051
2017-04-13 08:39:05,961 INFO: 	COST >> 1.015 +/- 0.029, % updates Left: 32.74% Rel: 12.29% Right: 33.9%
2017-04-13 08:39:39,850 INFO: ----------------------------------------------------------------------------
2017-04-13 08:39:39,851 INFO: EPOCH 78 (33.889 seconds):
2017-04-13 08:39:39,852 INFO: 	Average L2 norm of relation vector: 0.17077
2017-04-13 08:39:39,852 INFO: 	COST >> 1.02 +/- 0.028, % updates Left: 32.89% Rel: 12.31% Right: 33.99%
2017-04-13 08:40:13,510 INFO: ----------------------------------------------------------------------------
2017-04-13 08:40:13,510 INFO: EPOCH 79 (33.658 seconds):
2017-04-13 08:40:13,512 INFO: 	Average L2 norm of relation vector: 0.17097
2017-04-13 08:40:13,512 INFO: 	COST >> 1.002 +/- 0.029, % updates Left: 32.49% Rel: 12.12% Right: 33.4%
2017-04-13 08:40:47,322 INFO: ----------------------------------------------------------------------------
2017-04-13 08:40:47,323 INFO: EPOCH 80 (33.81 seconds):
2017-04-13 08:40:47,323 INFO: 	Average L2 norm of relation vector: 0.17123
2017-04-13 08:40:47,324 INFO: 	COST >> 1.0 +/- 0.03, % updates Left: 32.49% Rel: 12.21% Right: 33.37%
2017-04-13 08:40:47,324 INFO: 	FilteredRanking: evaluating rank on 1000 triples
2017-04-13 08:41:54,400 INFO: 	FilteredRanking: evaluating rank on 1000 triples
2017-04-13 08:43:00,425 INFO: 	MEAN RANK >> valid: 1525.9, train: 1414.9
2017-04-13 08:43:00,426 INFO: 		MEAN RANK TRAIN: Left: 1482.2 Rel: 31.5 Right: 1347.6
2017-04-13 08:43:00,426 INFO: 		MEAN RANK VALID: Left: 1594.2 Rel: 32.9 Right: 1457.6
2017-04-13 08:43:00,426 INFO: 		MEAN RECIPROCAL RANK VALID (L & R): 0.0235
2017-04-13 08:43:00,426 INFO: 	FilteredRanking: evaluating rank on 1000 triples
2017-04-13 08:44:06,320 INFO: 	NEW BEST TEST MR: 1619.6
2017-04-13 08:44:06,320 INFO: 		Left MR: 1734.1 Rel MR: 41.2 Right MR: 1505.2
2017-04-13 08:44:06,374 INFO: 	(ranking took 199.05 seconds)
2017-04-13 08:44:38,064 INFO: ----------------------------------------------------------------------------
2017-04-13 08:44:38,064 INFO: EPOCH 81 (31.69 seconds):
2017-04-13 08:44:38,065 INFO: 	Average L2 norm of relation vector: 0.17146
2017-04-13 08:44:38,066 INFO: 	COST >> 0.988 +/- 0.032, % updates Left: 32.23% Rel: 12.09% Right: 32.72%
2017-04-13 08:45:09,215 INFO: ----------------------------------------------------------------------------
2017-04-13 08:45:09,215 INFO: EPOCH 82 (31.149 seconds):
2017-04-13 08:45:09,216 INFO: 	Average L2 norm of relation vector: 0.17164
2017-04-13 08:45:09,216 INFO: 	COST >> 0.997 +/- 0.032, % updates Left: 32.29% Rel: 12.08% Right: 33.12%
2017-04-13 08:45:40,340 INFO: ----------------------------------------------------------------------------
2017-04-13 08:45:40,340 INFO: EPOCH 83 (31.124 seconds):
2017-04-13 08:45:40,341 INFO: 	Average L2 norm of relation vector: 0.17181
2017-04-13 08:45:40,342 INFO: 	COST >> 0.994 +/- 0.038, % updates Left: 32.29% Rel: 12.36% Right: 32.69%
2017-04-13 08:46:11,333 INFO: ----------------------------------------------------------------------------
2017-04-13 08:46:11,333 INFO: EPOCH 84 (30.991 seconds):
2017-04-13 08:46:11,335 INFO: 	Average L2 norm of relation vector: 0.17209
2017-04-13 08:46:11,335 INFO: 	COST >> 0.999 +/- 0.03, % updates Left: 32.36% Rel: 12.35% Right: 33.23%
2017-04-13 08:46:42,609 INFO: ----------------------------------------------------------------------------
2017-04-13 08:46:42,609 INFO: EPOCH 85 (31.274 seconds):
2017-04-13 08:46:42,610 INFO: 	Average L2 norm of relation vector: 0.17231
2017-04-13 08:46:42,610 INFO: 	COST >> 0.979 +/- 0.029, % updates Left: 31.82% Rel: 12.01% Right: 32.63%
2017-04-13 08:47:13,970 INFO: ----------------------------------------------------------------------------
2017-04-13 08:47:13,970 INFO: EPOCH 86 (31.36 seconds):
2017-04-13 08:47:13,971 INFO: 	Average L2 norm of relation vector: 0.17251
2017-04-13 08:47:13,971 INFO: 	COST >> 0.985 +/- 0.033, % updates Left: 31.69% Rel: 12.17% Right: 32.77%
2017-04-13 08:47:45,141 INFO: ----------------------------------------------------------------------------
2017-04-13 08:47:45,141 INFO: EPOCH 87 (31.17 seconds):
2017-04-13 08:47:45,142 INFO: 	Average L2 norm of relation vector: 0.17269
2017-04-13 08:47:45,143 INFO: 	COST >> 0.965 +/- 0.028, % updates Left: 31.24% Rel: 11.82% Right: 32.28%
2017-04-13 08:48:16,247 INFO: ----------------------------------------------------------------------------
2017-04-13 08:48:16,248 INFO: EPOCH 88 (31.105 seconds):
2017-04-13 08:48:16,249 INFO: 	Average L2 norm of relation vector: 0.17282
2017-04-13 08:48:16,249 INFO: 	COST >> 0.975 +/- 0.035, % updates Left: 31.48% Rel: 11.99% Right: 32.47%
2017-04-13 08:48:47,470 INFO: ----------------------------------------------------------------------------
2017-04-13 08:48:47,470 INFO: EPOCH 89 (31.221 seconds):
2017-04-13 08:48:47,471 INFO: 	Average L2 norm of relation vector: 0.17301
2017-04-13 08:48:47,471 INFO: 	COST >> 0.978 +/- 0.034, % updates Left: 31.54% Rel: 12.04% Right: 32.61%
2017-04-13 08:49:18,537 INFO: ----------------------------------------------------------------------------
2017-04-13 08:49:18,537 INFO: EPOCH 90 (31.066 seconds):
2017-04-13 08:49:18,538 INFO: 	Average L2 norm of relation vector: 0.17316
2017-04-13 08:49:18,538 INFO: 	COST >> 0.957 +/- 0.027, % updates Left: 30.95% Rel: 11.59% Right: 32.1%
2017-04-13 08:49:18,538 INFO: 	FilteredRanking: evaluating rank on 1000 triples
2017-04-13 08:50:23,463 INFO: 	FilteredRanking: evaluating rank on 1000 triples
2017-04-13 08:51:29,336 INFO: 	MEAN RANK >> valid: 1425.2, train: 1396.5
2017-04-13 08:51:29,336 INFO: 		MEAN RANK TRAIN: Left: 1408.9 Rel: 27.9 Right: 1384.1
2017-04-13 08:51:29,337 INFO: 		MEAN RANK VALID: Left: 1375.8 Rel: 27.3 Right: 1474.5
2017-04-13 08:51:29,337 INFO: 		MEAN RECIPROCAL RANK VALID (L & R): 0.017
2017-04-13 08:51:29,337 WARNING: 	WARNING, failed to improve MRR on valid, 2 chances left

2017-04-13 08:51:29,406 INFO: 	(ranking took 130.868 seconds)
2017-04-13 08:52:01,173 INFO: ----------------------------------------------------------------------------
2017-04-13 08:52:01,173 INFO: EPOCH 91 (31.767 seconds):
2017-04-13 08:52:01,174 INFO: 	Average L2 norm of relation vector: 0.17327
2017-04-13 08:52:01,175 INFO: 	COST >> 0.972 +/- 0.032, % updates Left: 31.35% Rel: 12.02% Right: 32.3%
2017-04-13 08:52:32,517 INFO: ----------------------------------------------------------------------------
2017-04-13 08:52:32,517 INFO: EPOCH 92 (31.342 seconds):
2017-04-13 08:52:32,518 INFO: 	Average L2 norm of relation vector: 0.17335
2017-04-13 08:52:32,518 INFO: 	COST >> 0.956 +/- 0.031, % updates Left: 30.93% Rel: 11.66% Right: 31.86%
2017-04-13 08:53:03,607 INFO: ----------------------------------------------------------------------------
2017-04-13 08:53:03,607 INFO: EPOCH 93 (31.089 seconds):
2017-04-13 08:53:03,608 INFO: 	Average L2 norm of relation vector: 0.17349
2017-04-13 08:53:03,608 INFO: 	COST >> 0.967 +/- 0.034, % updates Left: 31.04% Rel: 11.9% Right: 32.17%
2017-04-13 08:53:34,789 INFO: ----------------------------------------------------------------------------
2017-04-13 08:53:34,790 INFO: EPOCH 94 (31.181 seconds):
2017-04-13 08:53:34,790 INFO: 	Average L2 norm of relation vector: 0.17365
2017-04-13 08:53:34,791 INFO: 	COST >> 0.964 +/- 0.032, % updates Left: 31.25% Rel: 11.96% Right: 32.05%
2017-04-13 08:54:05,944 INFO: ----------------------------------------------------------------------------
2017-04-13 08:54:05,945 INFO: EPOCH 95 (31.154 seconds):
2017-04-13 08:54:05,946 INFO: 	Average L2 norm of relation vector: 0.17375
2017-04-13 08:54:05,946 INFO: 	COST >> 0.944 +/- 0.025, % updates Left: 30.69% Rel: 11.57% Right: 31.45%
2017-04-13 08:54:36,989 INFO: ----------------------------------------------------------------------------
2017-04-13 08:54:36,989 INFO: EPOCH 96 (31.043 seconds):
2017-04-13 08:54:36,990 INFO: 	Average L2 norm of relation vector: 0.17385
2017-04-13 08:54:36,991 INFO: 	COST >> 0.944 +/- 0.028, % updates Left: 30.57% Rel: 11.59% Right: 31.43%
2017-04-13 08:55:08,234 INFO: ----------------------------------------------------------------------------
2017-04-13 08:55:08,234 INFO: EPOCH 97 (31.243 seconds):
2017-04-13 08:55:08,235 INFO: 	Average L2 norm of relation vector: 0.17406
2017-04-13 08:55:08,236 INFO: 	COST >> 0.934 +/- 0.031, % updates Left: 30.38% Rel: 11.44% Right: 31.32%
2017-04-13 08:55:39,438 INFO: ----------------------------------------------------------------------------
2017-04-13 08:55:39,438 INFO: EPOCH 98 (31.202 seconds):
2017-04-13 08:55:39,439 INFO: 	Average L2 norm of relation vector: 0.17415
2017-04-13 08:55:39,440 INFO: 	COST >> 0.942 +/- 0.029, % updates Left: 30.54% Rel: 11.56% Right: 31.21%
2017-04-13 08:56:10,441 INFO: ----------------------------------------------------------------------------
2017-04-13 08:56:10,441 INFO: EPOCH 99 (31.001 seconds):
2017-04-13 08:56:10,442 INFO: 	Average L2 norm of relation vector: 0.1743
2017-04-13 08:56:10,442 INFO: 	COST >> 0.92 +/- 0.028, % updates Left: 30.09% Rel: 11.2% Right: 30.74%
2017-04-13 08:56:41,642 INFO: ----------------------------------------------------------------------------
2017-04-13 08:56:41,643 INFO: EPOCH 100 (31.2 seconds):
2017-04-13 08:56:41,644 INFO: 	Average L2 norm of relation vector: 0.1744
2017-04-13 08:56:41,644 INFO: 	COST >> 0.932 +/- 0.03, % updates Left: 30.2% Rel: 11.59% Right: 31.06%
2017-04-13 08:56:41,644 INFO: 	FilteredRanking: evaluating rank on 1000 triples
2017-04-13 08:57:46,772 INFO: 	FilteredRanking: evaluating rank on 1000 triples
2017-04-13 08:58:52,742 INFO: 	MEAN RANK >> valid: 1360.0, train: 1397.4
2017-04-13 08:58:52,743 INFO: 		MEAN RANK TRAIN: Left: 1457.4 Rel: 31.7 Right: 1337.5
2017-04-13 08:58:52,743 INFO: 		MEAN RANK VALID: Left: 1449.1 Rel: 24.2 Right: 1270.8
2017-04-13 08:58:52,744 INFO: 		MEAN RECIPROCAL RANK VALID (L & R): 0.0215
2017-04-13 08:58:52,744 WARNING: 	WARNING, failed to improve MRR on valid, 1 chances left

2017-04-13 08:58:52,802 INFO: 	(ranking took 131.157 seconds)
2017-04-13 08:59:24,603 INFO: ----------------------------------------------------------------------------
2017-04-13 08:59:24,603 INFO: EPOCH 101 (31.801 seconds):
2017-04-13 08:59:24,604 INFO: 	Average L2 norm of relation vector: 0.17451
2017-04-13 08:59:24,604 INFO: 	COST >> 0.922 +/- 0.029, % updates Left: 30.17% Rel: 11.33% Right: 30.78%
2017-04-13 08:59:55,320 INFO: ----------------------------------------------------------------------------
2017-04-13 08:59:55,320 INFO: EPOCH 102 (30.715 seconds):
2017-04-13 08:59:55,321 INFO: 	Average L2 norm of relation vector: 0.17459
2017-04-13 08:59:55,321 INFO: 	COST >> 0.923 +/- 0.027, % updates Left: 29.89% Rel: 11.28% Right: 30.59%
2017-04-13 09:00:24,513 INFO: ----------------------------------------------------------------------------
2017-04-13 09:00:24,513 INFO: EPOCH 103 (29.192 seconds):
2017-04-13 09:00:24,514 INFO: 	Average L2 norm of relation vector: 0.17469
2017-04-13 09:00:24,514 INFO: 	COST >> 0.917 +/- 0.039, % updates Left: 29.91% Rel: 11.25% Right: 30.29%
2017-04-13 09:00:53,287 INFO: ----------------------------------------------------------------------------
2017-04-13 09:00:53,287 INFO: EPOCH 104 (28.772 seconds):
2017-04-13 09:00:53,288 INFO: 	Average L2 norm of relation vector: 0.1748
2017-04-13 09:00:53,288 INFO: 	COST >> 0.926 +/- 0.034, % updates Left: 30.17% Rel: 11.41% Right: 30.7%
2017-04-13 09:01:21,891 INFO: ----------------------------------------------------------------------------
2017-04-13 09:01:21,892 INFO: EPOCH 105 (28.603 seconds):
2017-04-13 09:01:21,893 INFO: 	Average L2 norm of relation vector: 0.17497
2017-04-13 09:01:21,893 INFO: 	COST >> 0.916 +/- 0.024, % updates Left: 29.98% Rel: 11.4% Right: 30.49%
2017-04-13 09:01:50,683 INFO: ----------------------------------------------------------------------------
2017-04-13 09:01:50,683 INFO: EPOCH 106 (28.79 seconds):
2017-04-13 09:01:50,684 INFO: 	Average L2 norm of relation vector: 0.17501
2017-04-13 09:01:50,685 INFO: 	COST >> 0.909 +/- 0.028, % updates Left: 29.71% Rel: 11.19% Right: 30.33%
2017-04-13 09:02:19,490 INFO: ----------------------------------------------------------------------------
2017-04-13 09:02:19,490 INFO: EPOCH 107 (28.805 seconds):
2017-04-13 09:02:19,491 INFO: 	Average L2 norm of relation vector: 0.17516
2017-04-13 09:02:19,492 INFO: 	COST >> 0.909 +/- 0.027, % updates Left: 29.65% Rel: 11.32% Right: 30.31%
2017-04-13 09:02:48,223 INFO: ----------------------------------------------------------------------------
2017-04-13 09:02:48,224 INFO: EPOCH 108 (28.732 seconds):
2017-04-13 09:02:48,225 INFO: 	Average L2 norm of relation vector: 0.17525
2017-04-13 09:02:48,225 INFO: 	COST >> 0.914 +/- 0.032, % updates Left: 29.8% Rel: 11.25% Right: 30.12%
2017-04-13 09:03:16,781 INFO: ----------------------------------------------------------------------------
2017-04-13 09:03:16,781 INFO: EPOCH 109 (28.556 seconds):
2017-04-13 09:03:16,782 INFO: 	Average L2 norm of relation vector: 0.17545
2017-04-13 09:03:16,782 INFO: 	COST >> 0.902 +/- 0.025, % updates Left: 29.43% Rel: 11.14% Right: 30.1%
2017-04-13 09:03:45,531 INFO: ----------------------------------------------------------------------------
2017-04-13 09:03:45,531 INFO: EPOCH 110 (28.749 seconds):
2017-04-13 09:03:45,532 INFO: 	Average L2 norm of relation vector: 0.17554
2017-04-13 09:03:45,532 INFO: 	COST >> 0.886 +/- 0.025, % updates Left: 29.11% Rel: 10.72% Right: 29.79%
2017-04-13 09:03:45,532 INFO: 	FilteredRanking: evaluating rank on 1000 triples
2017-04-13 09:04:51,721 INFO: 	FilteredRanking: evaluating rank on 1000 triples
2017-04-13 09:05:58,755 INFO: 	MEAN RANK >> valid: 1406.8, train: 1301.8
2017-04-13 09:05:58,756 INFO: 		MEAN RANK TRAIN: Left: 1291.6 Rel: 24.4 Right: 1312.1
2017-04-13 09:05:58,756 INFO: 		MEAN RANK VALID: Left: 1315.9 Rel: 24.0 Right: 1497.6
2017-04-13 09:05:58,756 INFO: 		MEAN RECIPROCAL RANK VALID (L & R): 0.023
2017-04-13 09:05:58,756 WARNING: 	WARNING, failed to improve MRR on valid, 0 chances left

2017-04-13 09:05:58,812 INFO: 	(ranking took 133.28 seconds)
2017-04-13 09:06:28,268 INFO: ----------------------------------------------------------------------------
2017-04-13 09:06:28,269 INFO: EPOCH 111 (29.456 seconds):
2017-04-13 09:06:28,270 INFO: 	Average L2 norm of relation vector: 0.1757
2017-04-13 09:06:28,270 INFO: 	COST >> 0.897 +/- 0.025, % updates Left: 29.13% Rel: 11.17% Right: 30.08%
2017-04-13 09:06:56,970 INFO: ----------------------------------------------------------------------------
2017-04-13 09:06:56,970 INFO: EPOCH 112 (28.7 seconds):
2017-04-13 09:06:56,971 INFO: 	Average L2 norm of relation vector: 0.17579
2017-04-13 09:06:56,972 INFO: 	COST >> 0.903 +/- 0.041, % updates Left: 29.42% Rel: 11.09% Right: 29.85%
2017-04-13 09:07:25,708 INFO: ----------------------------------------------------------------------------
2017-04-13 09:07:25,708 INFO: EPOCH 113 (28.737 seconds):
2017-04-13 09:07:25,709 INFO: 	Average L2 norm of relation vector: 0.17589
2017-04-13 09:07:25,710 INFO: 	COST >> 0.888 +/- 0.036, % updates Left: 29.02% Rel: 11.04% Right: 29.71%
2017-04-13 09:07:54,368 INFO: ----------------------------------------------------------------------------
2017-04-13 09:07:54,368 INFO: EPOCH 114 (28.659 seconds):
2017-04-13 09:07:54,369 INFO: 	Average L2 norm of relation vector: 0.17595
2017-04-13 09:07:54,370 INFO: 	COST >> 0.892 +/- 0.028, % updates Left: 29.04% Rel: 11.07% Right: 29.74%
2017-04-13 09:08:23,129 INFO: ----------------------------------------------------------------------------
2017-04-13 09:08:23,130 INFO: EPOCH 115 (28.76 seconds):
2017-04-13 09:08:23,130 INFO: 	Average L2 norm of relation vector: 0.17595
2017-04-13 09:08:23,131 INFO: 	COST >> 0.899 +/- 0.032, % updates Left: 29.14% Rel: 11.25% Right: 29.7%
2017-04-13 09:08:51,702 INFO: ----------------------------------------------------------------------------
2017-04-13 09:08:51,702 INFO: EPOCH 116 (28.571 seconds):
2017-04-13 09:08:51,703 INFO: 	Average L2 norm of relation vector: 0.17603
2017-04-13 09:08:51,703 INFO: 	COST >> 0.871 +/- 0.028, % updates Left: 28.65% Rel: 10.64% Right: 29.06%
2017-04-13 09:09:20,412 INFO: ----------------------------------------------------------------------------
2017-04-13 09:09:20,412 INFO: EPOCH 117 (28.709 seconds):
2017-04-13 09:09:20,413 INFO: 	Average L2 norm of relation vector: 0.17607
2017-04-13 09:09:20,414 INFO: 	COST >> 0.873 +/- 0.031, % updates Left: 28.51% Rel: 10.73% Right: 29.16%
2017-04-13 09:09:49,084 INFO: ----------------------------------------------------------------------------
2017-04-13 09:09:49,084 INFO: EPOCH 118 (28.67 seconds):
2017-04-13 09:09:49,085 INFO: 	Average L2 norm of relation vector: 0.17611
2017-04-13 09:09:49,085 INFO: 	COST >> 0.866 +/- 0.021, % updates Left: 28.23% Rel: 10.53% Right: 28.87%
2017-04-13 09:10:17,735 INFO: ----------------------------------------------------------------------------
2017-04-13 09:10:17,736 INFO: EPOCH 119 (28.65 seconds):
2017-04-13 09:10:17,736 INFO: 	Average L2 norm of relation vector: 0.17617
2017-04-13 09:10:17,737 INFO: 	COST >> 0.857 +/- 0.03, % updates Left: 27.91% Rel: 10.47% Right: 28.58%
2017-04-13 09:10:46,495 INFO: ----------------------------------------------------------------------------
2017-04-13 09:10:46,495 INFO: EPOCH 120 (28.758 seconds):
2017-04-13 09:10:46,496 INFO: 	Average L2 norm of relation vector: 0.17612
2017-04-13 09:10:46,496 INFO: 	COST >> 0.869 +/- 0.03, % updates Left: 28.16% Rel: 10.81% Right: 28.75%
2017-04-13 09:10:46,497 INFO: 	FilteredRanking: evaluating rank on 1000 triples
2017-04-13 09:11:50,800 INFO: 	FilteredRanking: evaluating rank on 1000 triples
2017-04-13 09:12:56,268 INFO: 	MEAN RANK >> valid: 1230.3, train: 1150.0
2017-04-13 09:12:56,269 INFO: 		MEAN RANK TRAIN: Left: 1209.5 Rel: 23.5 Right: 1090.4
2017-04-13 09:12:56,269 INFO: 		MEAN RANK VALID: Left: 1217.4 Rel: 20.1 Right: 1243.2
2017-04-13 09:12:56,269 INFO: 		MEAN RECIPROCAL RANK VALID (L & R): 0.018
2017-04-13 09:12:56,269 WARNING: EARLY STOPPING, failed to improve MRR on valid after 30 epochs
2017-04-13 09:12:56,269 INFO: ----------------------------------------------------------------------------
2017-04-13 09:12:56,269 INFO: ----------------------------------------------------------------------------
2017-04-13 09:12:56,270 INFO: 	Ranking model on all examples from test. Each example ranked against 14951 other entities
2017-04-13 09:12:56,270 INFO: 	RELATION ranking: each rel ranked against 1345 other rels
2017-04-13 09:12:56,879 INFO: 	Ranking: evaluating rank on 59071 triples
2017-04-13 09:58:18,920 INFO: left_ranks: (59071,), right_ranks: (59071,), rel_ranks: (59071,)
2017-04-13 09:58:18,946 INFO: max left_ranks: 14951, max right_ranks: 14951, max rel_ranks: 1343
2017-04-13 09:58:19,641 INFO: MICRO RAW:
2017-04-13 09:58:19,641 INFO: 	Left mean rank: 1708.269, MRR: 0.025, median rank: 820.0, hits@10: 4.721%
2017-04-13 09:58:19,641 INFO: 	Right mean rank: 1520.959, MRR: 0.046, median rank: 582.0, hits@10: 9.128%
2017-04-13 09:58:19,642 INFO: 	relation mean rank: 39.631, MRR: 0.24, median rank: 7.0, hits@10: 64.688%
2017-04-13 09:58:19,642 INFO: 	Global mean rank: 1614.614, MRR: 0.036, median rank: 701.0, hits@10: 6.925%
2017-04-13 09:58:19,642 INFO: MACRO RAW
2017-04-13 09:58:19,642 INFO: 	Left mean rank: 3478.548, MRR: 0.025, median rank: 1730.5, hits@10: 4.858%
2017-04-13 09:58:19,642 INFO: 	Right mean rank: 2309.926, MRR: 0.043, median rank: 1044.0, hits@10: 8.359%
2017-04-13 09:58:19,642 INFO: 	relation mean rank: 176.246, MRR: 0.09, median rank: 163.557, hits@10: 23.684%
2017-04-13 09:58:19,642 INFO: 	Global mean rank: 1988.24, MRR: 0.053, median rank: 399.5, hits@10: 12.3%
2017-04-13 09:58:19,642 INFO: Ranking model on all examples from test. Each example ranked against 14951 other entities which are FILTERED
2017-04-13 09:58:19,642 INFO: RELATION ranking: each rel ranked against 1345 other rels
2017-04-13 09:58:20,342 INFO: 	FilteredRanking: evaluating rank on 59071 triples
2017-04-13 11:03:34,457 INFO: MICRO FILTERED:
2017-04-13 11:03:34,462 INFO: 	Left mean rank: 1597.91205, MRR: 0.03179, median rank: 714.0, hits@10: 5.91%
2017-04-13 11:03:34,463 INFO: 	Right mean rank: 1451.74805, MRR: 0.05618, median rank: 547.0, hits@10: 10.09%
2017-04-13 11:03:34,463 INFO: 	relation mean rank: 39.312, MRR: 0.254, median rank: 6.0, hits@10: 65.535%
2017-04-13 11:03:34,463 INFO: 	Global mean rank: 1524.83005, MRR: 0.04399, median rank: 629.0, hits@10: 8.0%
2017-04-13 11:03:34,463 INFO: MACRO FILTERED
2017-04-13 11:03:34,463 INFO: 	Left mean rank: 3453.63917, MRR: 0.02991, median rank: 1677.0, hits@10: 5.704%
2017-04-13 11:03:34,463 INFO: 	Right mean rank: 2298.27875, MRR: 0.05039, median rank: 1035.0, hits@10: 8.983%
2017-04-13 11:03:34,463 INFO: 	relation mean rank: 175.714, MRR: 0.096, median rank: 162.995, hits@10: 24.11%
2017-04-13 11:03:34,463 INFO: 	Global mean rank: 1975.87718, MRR: 0.05887, median rank: 398.5, hits@10: 12.932%
