2017-03-20 07:06:36,546 INFO: logger initialized for experiment identifier: TransE_L1_ndim_100_marg_0.2_lrate_0.01_cost_margincost_reg_0.01
2017-03-20 07:06:36,547 INFO: DD{'ndim': 100, 'test_all': 10, 'Nsyn_rel': 1345, 'totepochs': 500, 'bestvalidMRR': -1, 'loadmodel': False, 'lremb': 0.01, 'nvalid': 1000, 'seed': 123, 'marge': 0.2, 'margincostfunction': 'margincost', 'simfn': 'L1', 'savepath': '/home/ubuntu/Thesis_code/KBC_Text/outputs/FB15k_TransE/TransE_L1_ndim_100_marg_0.2_lrate_0.01_cost_margincost_reg_0.01', 'dataset': 'FB15k', 'nbatches': 100, 'identifier': 'TransE_L1_ndim_100_marg_0.2_lrate_0.01_cost_margincost_reg_0.01', 'lrparam': 0.01, 'loademb': False, 'datapath': '/home/ubuntu/Thesis_code/KBC_Text/data/', 'ntrain': 1000, 'Nrel': 1345, 'experiment_type': 'FB15kexp', 'rel': False, 'Nent': 16296, 'logger': <logging.RootLogger object at 0x7fa1d1b22690>, 'ntest': 1000, 'Nsyn': 14951, 'reg': 0.01, 'op': 'TransE'}
2017-03-20 07:06:39,329 DEBUG: FB15kexp: load_FB15k_data(): trainl(16296, 483142), trainr(16296, 483142), traino(1345, 483142), trainlidx(1000,)
2017-03-20 07:06:42,226 DEBUG: loaded data and constructed model...
2017-03-20 07:06:42,227 DEBUG: num epochs: 500
2017-03-20 07:06:42,227 DEBUG: num batches per epoch: 100
2017-03-20 07:06:42,227 DEBUG: batchsize: 4831
2017-03-20 07:06:42,227 DEBUG: left and right entity ranking functions will rank a slot against 14951 competitors
2017-03-20 07:06:42,228 INFO: BEGIN TRAINING
2017-03-20 07:07:39,725 INFO: ----------------------------------------------------------------------------
2017-03-20 07:07:39,726 INFO: EPOCH 1 (57.498 seconds):
2017-03-20 07:07:39,752 INFO: 	Average L2 norm of relation vector: 0.03632
2017-03-20 07:07:39,753 INFO: 	COST >> 0.439 +/- 0.197, % updates Left: 24.54%  Right: 21.92%
2017-03-20 07:09:07,414 INFO: ----------------------------------------------------------------------------
2017-03-20 07:09:07,415 INFO: EPOCH 2 (87.662 seconds):
2017-03-20 07:09:07,417 INFO: 	Average L2 norm of relation vector: 0.03675
2017-03-20 07:09:07,418 INFO: 	COST >> 0.165 +/- 0.012, % updates Left: 10.57%  Right: 9.6%
2017-03-20 07:10:36,970 INFO: ----------------------------------------------------------------------------
2017-03-20 07:10:36,971 INFO: EPOCH 3 (89.553 seconds):
2017-03-20 07:10:36,973 INFO: 	Average L2 norm of relation vector: 0.03671
2017-03-20 07:10:36,974 INFO: 	COST >> 0.117 +/- 0.006, % updates Left: 7.97%  Right: 7.34%
2017-03-20 07:12:13,469 INFO: ----------------------------------------------------------------------------
2017-03-20 07:12:13,470 INFO: EPOCH 4 (96.495 seconds):
2017-03-20 07:12:13,474 INFO: 	Average L2 norm of relation vector: 0.03655
2017-03-20 07:12:13,475 INFO: 	COST >> 0.095 +/- 0.005, % updates Left: 6.78%  Right: 6.18%
2017-03-20 07:14:07,385 INFO: ----------------------------------------------------------------------------
2017-03-20 07:14:07,386 INFO: EPOCH 5 (113.911 seconds):
2017-03-20 07:14:07,390 INFO: 	Average L2 norm of relation vector: 0.03635
2017-03-20 07:14:07,391 INFO: 	COST >> 0.082 +/- 0.004, % updates Left: 6.02%  Right: 5.46%
2017-03-20 07:15:41,163 INFO: ----------------------------------------------------------------------------
2017-03-20 07:15:41,163 INFO: EPOCH 6 (93.772 seconds):
2017-03-20 07:15:41,166 INFO: 	Average L2 norm of relation vector: 0.03607
2017-03-20 07:15:41,166 INFO: 	COST >> 0.074 +/- 0.004, % updates Left: 5.48%  Right: 4.99%
2017-03-20 07:17:12,703 INFO: ----------------------------------------------------------------------------
2017-03-20 07:17:12,703 INFO: EPOCH 7 (91.537 seconds):
2017-03-20 07:17:12,706 INFO: 	Average L2 norm of relation vector: 0.03578
2017-03-20 07:17:12,721 INFO: 	COST >> 0.068 +/- 0.004, % updates Left: 5.08%  Right: 4.67%
2017-03-20 07:19:31,324 INFO: ----------------------------------------------------------------------------
2017-03-20 07:19:31,337 INFO: EPOCH 8 (138.615 seconds):
2017-03-20 07:19:31,340 INFO: 	Average L2 norm of relation vector: 0.03549
2017-03-20 07:19:31,341 INFO: 	COST >> 0.064 +/- 0.004, % updates Left: 4.81%  Right: 4.39%
2017-03-20 07:23:17,638 INFO: ----------------------------------------------------------------------------
2017-03-20 07:23:17,648 INFO: EPOCH 9 (226.306 seconds):
2017-03-20 07:23:17,651 INFO: 	Average L2 norm of relation vector: 0.03517
2017-03-20 07:23:17,652 INFO: 	COST >> 0.061 +/- 0.004, % updates Left: 4.65%  Right: 4.16%
2017-03-20 07:25:40,752 INFO: ----------------------------------------------------------------------------
2017-03-20 07:25:40,752 INFO: EPOCH 10 (143.1 seconds):
2017-03-20 07:25:40,755 INFO: 	Average L2 norm of relation vector: 0.03486
2017-03-20 07:25:40,756 INFO: 	COST >> 0.058 +/- 0.004, % updates Left: 4.43%  Right: 4.03%
2017-03-20 07:25:40,756 INFO: 	FilteredRanking: evaluating rank on 1000 triples
2017-03-20 07:28:31,121 INFO: 	FilteredRanking: evaluating rank on 1000 triples
2017-03-20 07:31:39,169 INFO: 	MEAN RANK >> valid: 776.0, train: 449.7
2017-03-20 07:31:39,181 INFO: 		MEAN RANK TRAIN: Left: 500.6 Rel: 0.0 Right: 398.8
2017-03-20 07:31:39,182 INFO: 		MEAN RANK VALID: Left: 822.4 Rel: 0.0 Right: 729.7
2017-03-20 07:31:39,182 INFO: 		MEAN RECIPROCAL RANK VALID (L & R): 0.083
2017-03-20 07:31:39,182 INFO: 	FilteredRanking: evaluating rank on 1000 triples
2017-03-20 07:34:46,285 INFO: 	NEW BEST TEST MR: 794.6
2017-03-20 07:34:46,286 INFO: 		Left MR: 768.8 Rel MR: 0.0 Right MR: 820.4
2017-03-20 07:34:46,444 INFO: 	(ranking took 545.688 seconds)
2017-03-20 07:36:48,034 INFO: ----------------------------------------------------------------------------
2017-03-20 07:36:48,035 INFO: EPOCH 11 (121.591 seconds):
2017-03-20 07:36:48,037 INFO: 	Average L2 norm of relation vector: 0.03455
2017-03-20 07:36:48,053 INFO: 	COST >> 0.054 +/- 0.004, % updates Left: 4.19%  Right: 3.81%
2017-03-20 07:40:37,903 INFO: ----------------------------------------------------------------------------
2017-03-20 07:40:37,916 INFO: EPOCH 12 (229.864 seconds):
2017-03-20 07:40:37,919 INFO: 	Average L2 norm of relation vector: 0.03425
2017-03-20 07:40:37,921 INFO: 	COST >> 0.052 +/- 0.004, % updates Left: 4.1%  Right: 3.71%
2017-03-20 07:44:27,251 INFO: ----------------------------------------------------------------------------
2017-03-20 07:44:27,264 INFO: EPOCH 13 (229.343 seconds):
2017-03-20 07:44:27,267 INFO: 	Average L2 norm of relation vector: 0.03395
2017-03-20 07:44:27,267 INFO: 	COST >> 0.05 +/- 0.004, % updates Left: 3.97%  Right: 3.58%
2017-03-20 07:46:34,007 INFO: ----------------------------------------------------------------------------
2017-03-20 07:46:34,008 INFO: EPOCH 14 (126.74 seconds):
2017-03-20 07:46:34,010 INFO: 	Average L2 norm of relation vector: 0.03364
2017-03-20 07:46:34,011 INFO: 	COST >> 0.048 +/- 0.003, % updates Left: 3.74%  Right: 3.46%
2017-03-20 07:48:28,432 INFO: ----------------------------------------------------------------------------
2017-03-20 07:48:28,444 INFO: EPOCH 15 (114.42 seconds):
2017-03-20 07:48:28,448 INFO: 	Average L2 norm of relation vector: 0.03337
2017-03-20 07:48:28,461 INFO: 	COST >> 0.047 +/- 0.003, % updates Left: 3.72%  Right: 3.4%
2017-03-20 07:51:39,047 INFO: ----------------------------------------------------------------------------
2017-03-20 07:51:39,047 INFO: EPOCH 16 (190.586 seconds):
2017-03-20 07:51:39,050 INFO: 	Average L2 norm of relation vector: 0.0331
2017-03-20 07:51:39,050 INFO: 	COST >> 0.046 +/- 0.004, % updates Left: 3.66%  Right: 3.32%
2017-03-20 07:53:30,702 INFO: ----------------------------------------------------------------------------
2017-03-20 07:53:30,712 INFO: EPOCH 17 (111.661 seconds):
2017-03-20 07:53:30,714 INFO: 	Average L2 norm of relation vector: 0.03285
2017-03-20 07:53:30,715 INFO: 	COST >> 0.045 +/- 0.003, % updates Left: 3.57%  Right: 3.25%
2017-03-20 07:55:21,861 INFO: ----------------------------------------------------------------------------
2017-03-20 07:55:21,872 INFO: EPOCH 18 (111.157 seconds):
2017-03-20 07:55:21,875 INFO: 	Average L2 norm of relation vector: 0.03256
2017-03-20 07:55:21,876 INFO: 	COST >> 0.044 +/- 0.003, % updates Left: 3.5%  Right: 3.19%
2017-03-20 07:57:20,350 INFO: ----------------------------------------------------------------------------
2017-03-20 07:57:20,360 INFO: EPOCH 19 (118.484 seconds):
2017-03-20 07:57:20,364 INFO: 	Average L2 norm of relation vector: 0.03231
2017-03-20 07:57:20,377 INFO: 	COST >> 0.042 +/- 0.003, % updates Left: 3.43%  Right: 3.12%
2017-03-20 07:59:09,837 INFO: ----------------------------------------------------------------------------
2017-03-20 07:59:09,838 INFO: EPOCH 20 (109.46 seconds):
2017-03-20 07:59:09,840 INFO: 	Average L2 norm of relation vector: 0.03204
2017-03-20 07:59:09,840 INFO: 	COST >> 0.042 +/- 0.003, % updates Left: 3.38%  Right: 3.06%
2017-03-20 07:59:09,841 INFO: 	FilteredRanking: evaluating rank on 1000 triples
2017-03-20 08:01:30,033 INFO: 	FilteredRanking: evaluating rank on 1000 triples
2017-03-20 08:04:25,284 INFO: 	MEAN RANK >> valid: 720.3, train: 321.5
2017-03-20 08:04:25,285 INFO: 		MEAN RANK TRAIN: Left: 326.0 Rel: 0.0 Right: 316.9
2017-03-20 08:04:25,286 INFO: 		MEAN RANK VALID: Left: 757.1 Rel: 0.0 Right: 683.6
2017-03-20 08:04:25,286 INFO: 		MEAN RECIPROCAL RANK VALID (L & R): 0.0905
2017-03-20 08:04:25,286 INFO: 	FilteredRanking: evaluating rank on 1000 triples
2017-03-20 08:07:03,848 INFO: 	NEW BEST TEST MR: 659.6
2017-03-20 08:07:03,850 INFO: 		Left MR: 700.8 Rel MR: 0.0 Right MR: 618.4
2017-03-20 08:07:03,976 INFO: 	(ranking took 474.136 seconds)
2017-03-20 08:08:46,787 INFO: ----------------------------------------------------------------------------
2017-03-20 08:08:46,787 INFO: EPOCH 21 (102.81 seconds):
2017-03-20 08:08:46,790 INFO: 	Average L2 norm of relation vector: 0.03181
2017-03-20 08:08:46,791 INFO: 	COST >> 0.04 +/- 0.003, % updates Left: 3.31%  Right: 2.97%
2017-03-20 08:10:30,411 INFO: ----------------------------------------------------------------------------
2017-03-20 08:10:30,424 INFO: EPOCH 22 (103.633 seconds):
2017-03-20 08:10:30,427 INFO: 	Average L2 norm of relation vector: 0.03158
2017-03-20 08:10:30,429 INFO: 	COST >> 0.04 +/- 0.003, % updates Left: 3.28%  Right: 2.97%
2017-03-20 08:12:40,415 INFO: ----------------------------------------------------------------------------
2017-03-20 08:12:40,416 INFO: EPOCH 23 (129.988 seconds):
2017-03-20 08:12:40,419 INFO: 	Average L2 norm of relation vector: 0.03137
2017-03-20 08:12:40,420 INFO: 	COST >> 0.039 +/- 0.003, % updates Left: 3.22%  Right: 2.92%
2017-03-20 08:14:22,478 INFO: ----------------------------------------------------------------------------
2017-03-20 08:14:22,479 INFO: EPOCH 24 (102.058 seconds):
2017-03-20 08:14:22,481 INFO: 	Average L2 norm of relation vector: 0.03117
2017-03-20 08:14:22,493 INFO: 	COST >> 0.038 +/- 0.003, % updates Left: 3.15%  Right: 2.9%
2017-03-20 08:17:00,019 INFO: ----------------------------------------------------------------------------
2017-03-20 08:17:00,040 INFO: EPOCH 25 (157.547 seconds):
2017-03-20 08:17:00,044 INFO: 	Average L2 norm of relation vector: 0.03094
2017-03-20 08:17:00,057 INFO: 	COST >> 0.037 +/- 0.003, % updates Left: 3.15%  Right: 2.84%
2017-03-20 08:19:08,834 INFO: ----------------------------------------------------------------------------
2017-03-20 08:19:08,835 INFO: EPOCH 26 (128.771 seconds):
2017-03-20 08:19:08,850 INFO: 	Average L2 norm of relation vector: 0.03073
2017-03-20 08:19:08,851 INFO: 	COST >> 0.037 +/- 0.003, % updates Left: 3.09%  Right: 2.81%
2017-03-20 08:20:50,629 INFO: ----------------------------------------------------------------------------
2017-03-20 08:20:50,640 INFO: EPOCH 27 (101.789 seconds):
2017-03-20 08:20:50,643 INFO: 	Average L2 norm of relation vector: 0.03054
2017-03-20 08:20:50,643 INFO: 	COST >> 0.037 +/- 0.003, % updates Left: 3.04%  Right: 2.77%
2017-03-20 08:23:00,295 INFO: ----------------------------------------------------------------------------
2017-03-20 08:23:00,296 INFO: EPOCH 28 (129.652 seconds):
2017-03-20 08:23:00,299 INFO: 	Average L2 norm of relation vector: 0.03035
2017-03-20 08:23:00,299 INFO: 	COST >> 0.036 +/- 0.003, % updates Left: 3.06%  Right: 2.74%
2017-03-20 08:24:46,800 INFO: ----------------------------------------------------------------------------
2017-03-20 08:24:46,839 INFO: EPOCH 29 (106.539 seconds):
2017-03-20 08:24:46,841 INFO: 	Average L2 norm of relation vector: 0.03016
2017-03-20 08:24:46,841 INFO: 	COST >> 0.036 +/- 0.003, % updates Left: 2.98%  Right: 2.69%
2017-03-20 08:26:51,480 INFO: ----------------------------------------------------------------------------
2017-03-20 08:26:51,481 INFO: EPOCH 30 (124.639 seconds):
2017-03-20 08:26:51,484 INFO: 	Average L2 norm of relation vector: 0.02996
2017-03-20 08:26:51,485 INFO: 	COST >> 0.035 +/- 0.003, % updates Left: 2.95%  Right: 2.68%
2017-03-20 08:26:51,485 INFO: 	FilteredRanking: evaluating rank on 1000 triples
2017-03-20 08:29:29,426 INFO: 	FilteredRanking: evaluating rank on 1000 triples
2017-03-20 08:32:08,480 INFO: 	MEAN RANK >> valid: 587.0, train: 287.6
2017-03-20 08:32:08,493 INFO: 		MEAN RANK TRAIN: Left: 290.8 Rel: 0.0 Right: 284.5
2017-03-20 08:32:08,494 INFO: 		MEAN RANK VALID: Left: 627.1 Rel: 0.0 Right: 546.9
2017-03-20 08:32:08,494 INFO: 		MEAN RECIPROCAL RANK VALID (L & R): 0.0845
2017-03-20 08:32:08,494 WARNING: 	WARNING, failed to improve MRR on valid, 2 chances left

2017-03-20 08:32:08,620 INFO: 	(ranking took 317.135 seconds)
2017-03-20 08:33:53,343 INFO: ----------------------------------------------------------------------------
2017-03-20 08:33:53,356 INFO: EPOCH 31 (104.735 seconds):
2017-03-20 08:33:53,359 INFO: 	Average L2 norm of relation vector: 0.02978
2017-03-20 08:33:53,359 INFO: 	COST >> 0.034 +/- 0.003, % updates Left: 2.94%  Right: 2.61%
2017-03-20 08:36:00,746 INFO: ----------------------------------------------------------------------------
2017-03-20 08:36:00,746 INFO: EPOCH 32 (127.387 seconds):
2017-03-20 08:36:00,749 INFO: 	Average L2 norm of relation vector: 0.02961
2017-03-20 08:36:00,750 INFO: 	COST >> 0.034 +/- 0.003, % updates Left: 2.89%  Right: 2.61%
2017-03-20 08:38:18,799 INFO: ----------------------------------------------------------------------------
2017-03-20 08:38:18,812 INFO: EPOCH 33 (138.062 seconds):
2017-03-20 08:38:18,815 INFO: 	Average L2 norm of relation vector: 0.02944
2017-03-20 08:38:18,829 INFO: 	COST >> 0.033 +/- 0.003, % updates Left: 2.85%  Right: 2.54%
2017-03-20 08:40:10,725 INFO: ----------------------------------------------------------------------------
2017-03-20 08:40:10,736 INFO: EPOCH 34 (111.907 seconds):
2017-03-20 08:40:10,739 INFO: 	Average L2 norm of relation vector: 0.0293
2017-03-20 08:40:10,739 INFO: 	COST >> 0.033 +/- 0.003, % updates Left: 2.81%  Right: 2.54%
2017-03-20 08:42:04,063 INFO: ----------------------------------------------------------------------------
2017-03-20 08:42:04,063 INFO: EPOCH 35 (113.323 seconds):
2017-03-20 08:42:04,065 INFO: 	Average L2 norm of relation vector: 0.02914
2017-03-20 08:42:04,066 INFO: 	COST >> 0.033 +/- 0.003, % updates Left: 2.8%  Right: 2.53%
2017-03-20 08:44:06,597 INFO: ----------------------------------------------------------------------------
2017-03-20 08:44:06,608 INFO: EPOCH 36 (122.542 seconds):
2017-03-20 08:44:06,610 INFO: 	Average L2 norm of relation vector: 0.02898
2017-03-20 08:44:06,611 INFO: 	COST >> 0.032 +/- 0.003, % updates Left: 2.8%  Right: 2.54%
2017-03-20 08:46:02,154 INFO: ----------------------------------------------------------------------------
2017-03-20 08:46:02,164 INFO: EPOCH 37 (115.553 seconds):
2017-03-20 08:46:02,166 INFO: 	Average L2 norm of relation vector: 0.02885
2017-03-20 08:46:02,167 INFO: 	COST >> 0.032 +/- 0.003, % updates Left: 2.8%  Right: 2.52%
2017-03-20 08:48:02,567 INFO: ----------------------------------------------------------------------------
2017-03-20 08:48:02,580 INFO: EPOCH 38 (120.413 seconds):
2017-03-20 08:48:02,582 INFO: 	Average L2 norm of relation vector: 0.0287
2017-03-20 08:48:02,583 INFO: 	COST >> 0.032 +/- 0.003, % updates Left: 2.71%  Right: 2.48%
2017-03-20 08:49:57,142 INFO: ----------------------------------------------------------------------------
2017-03-20 08:49:57,143 INFO: EPOCH 39 (114.56 seconds):
2017-03-20 08:49:57,145 INFO: 	Average L2 norm of relation vector: 0.02855
2017-03-20 08:49:57,146 INFO: 	COST >> 0.031 +/- 0.003, % updates Left: 2.68%  Right: 2.43%
2017-03-20 08:51:39,792 INFO: ----------------------------------------------------------------------------
2017-03-20 08:51:39,792 INFO: EPOCH 40 (102.646 seconds):
2017-03-20 08:51:39,794 INFO: 	Average L2 norm of relation vector: 0.02841
2017-03-20 08:51:39,795 INFO: 	COST >> 0.031 +/- 0.003, % updates Left: 2.69%  Right: 2.4%
2017-03-20 08:51:39,796 INFO: 	FilteredRanking: evaluating rank on 1000 triples
2017-03-20 08:54:06,205 INFO: 	FilteredRanking: evaluating rank on 1000 triples
2017-03-20 08:56:40,287 INFO: 	MEAN RANK >> valid: 577.6, train: 264.0
2017-03-20 08:56:40,297 INFO: 		MEAN RANK TRAIN: Left: 259.4 Rel: 0.0 Right: 268.5
2017-03-20 08:56:40,297 INFO: 		MEAN RANK VALID: Left: 586.7 Rel: 0.0 Right: 568.4
2017-03-20 08:56:40,298 INFO: 		MEAN RECIPROCAL RANK VALID (L & R): 0.0985
2017-03-20 08:56:40,298 INFO: 	FilteredRanking: evaluating rank on 1000 triples
2017-03-20 08:59:20,664 INFO: 	NEW BEST TEST MR: 614.5
2017-03-20 08:59:20,666 INFO: 		Left MR: 662.5 Rel MR: 0.0 Right MR: 566.5
2017-03-20 08:59:20,839 INFO: 	(ranking took 461.044 seconds)
2017-03-20 09:01:06,676 INFO: ----------------------------------------------------------------------------
2017-03-20 09:01:06,688 INFO: EPOCH 41 (105.832 seconds):
2017-03-20 09:01:06,690 INFO: 	Average L2 norm of relation vector: 0.02829
2017-03-20 09:01:06,691 INFO: 	COST >> 0.031 +/- 0.002, % updates Left: 2.65%  Right: 2.4%
2017-03-20 09:02:53,586 INFO: ----------------------------------------------------------------------------
2017-03-20 09:02:53,587 INFO: EPOCH 42 (106.895 seconds):
2017-03-20 09:02:53,589 INFO: 	Average L2 norm of relation vector: 0.02818
2017-03-20 09:02:53,605 INFO: 	COST >> 0.031 +/- 0.003, % updates Left: 2.69%  Right: 2.39%
2017-03-20 09:04:38,363 INFO: ----------------------------------------------------------------------------
2017-03-20 09:04:38,376 INFO: EPOCH 43 (104.771 seconds):
2017-03-20 09:04:38,379 INFO: 	Average L2 norm of relation vector: 0.02808
2017-03-20 09:04:38,380 INFO: 	COST >> 0.03 +/- 0.003, % updates Left: 2.63%  Right: 2.37%
2017-03-20 09:06:15,614 INFO: ----------------------------------------------------------------------------
2017-03-20 09:06:15,615 INFO: EPOCH 44 (97.234 seconds):
2017-03-20 09:06:15,617 INFO: 	Average L2 norm of relation vector: 0.02797
2017-03-20 09:06:15,629 INFO: 	COST >> 0.03 +/- 0.003, % updates Left: 2.62%  Right: 2.35%
2017-03-20 09:08:08,504 INFO: ----------------------------------------------------------------------------
2017-03-20 09:08:08,505 INFO: EPOCH 45 (112.875 seconds):
2017-03-20 09:08:08,506 INFO: 	Average L2 norm of relation vector: 0.02784
2017-03-20 09:08:08,507 INFO: 	COST >> 0.029 +/- 0.003, % updates Left: 2.56%  Right: 2.28%
2017-03-20 09:10:00,197 INFO: ----------------------------------------------------------------------------
2017-03-20 09:10:00,197 INFO: EPOCH 46 (111.69 seconds):
2017-03-20 09:10:00,199 INFO: 	Average L2 norm of relation vector: 0.02774
2017-03-20 09:10:00,200 INFO: 	COST >> 0.029 +/- 0.002, % updates Left: 2.55%  Right: 2.3%
2017-03-20 09:12:07,969 INFO: ----------------------------------------------------------------------------
2017-03-20 09:12:07,970 INFO: EPOCH 47 (127.77 seconds):
2017-03-20 09:12:07,972 INFO: 	Average L2 norm of relation vector: 0.02762
2017-03-20 09:12:07,973 INFO: 	COST >> 0.029 +/- 0.003, % updates Left: 2.58%  Right: 2.3%
2017-03-20 09:14:03,640 INFO: ----------------------------------------------------------------------------
2017-03-20 09:14:03,657 INFO: EPOCH 48 (115.683 seconds):
2017-03-20 09:14:03,659 INFO: 	Average L2 norm of relation vector: 0.02752
2017-03-20 09:14:03,660 INFO: 	COST >> 0.029 +/- 0.003, % updates Left: 2.55%  Right: 2.25%
2017-03-20 09:15:46,369 INFO: ----------------------------------------------------------------------------
2017-03-20 09:15:46,370 INFO: EPOCH 49 (102.71 seconds):
2017-03-20 09:15:46,372 INFO: 	Average L2 norm of relation vector: 0.02745
2017-03-20 09:15:46,381 INFO: 	COST >> 0.029 +/- 0.002, % updates Left: 2.52%  Right: 2.29%
2017-03-20 09:17:20,152 INFO: ----------------------------------------------------------------------------
2017-03-20 09:17:20,164 INFO: EPOCH 50 (93.783 seconds):
2017-03-20 09:17:20,167 INFO: 	Average L2 norm of relation vector: 0.02733
2017-03-20 09:17:20,168 INFO: 	COST >> 0.028 +/- 0.003, % updates Left: 2.49%  Right: 2.22%
2017-03-20 09:17:20,169 INFO: 	FilteredRanking: evaluating rank on 1000 triples
2017-03-20 09:19:57,566 INFO: 	FilteredRanking: evaluating rank on 1000 triples
2017-03-20 09:22:28,565 INFO: 	MEAN RANK >> valid: 552.2, train: 238.0
2017-03-20 09:22:28,566 INFO: 		MEAN RANK TRAIN: Left: 244.7 Rel: 0.0 Right: 231.2
2017-03-20 09:22:28,567 INFO: 		MEAN RANK VALID: Left: 587.5 Rel: 0.0 Right: 516.9
2017-03-20 09:22:28,567 INFO: 		MEAN RECIPROCAL RANK VALID (L & R): 0.1115
2017-03-20 09:22:28,567 INFO: 	FilteredRanking: evaluating rank on 1000 triples
2017-03-20 09:25:13,711 INFO: 	NEW BEST TEST MR: 561.8
2017-03-20 09:25:13,717 INFO: 		Left MR: 600.8 Rel MR: 0.0 Right MR: 522.9
2017-03-20 09:25:13,872 INFO: 	(ranking took 473.704 seconds)
2017-03-20 09:27:08,498 INFO: ----------------------------------------------------------------------------
2017-03-20 09:27:08,508 INFO: EPOCH 51 (114.635 seconds):
2017-03-20 09:27:08,512 INFO: 	Average L2 norm of relation vector: 0.02724
2017-03-20 09:27:08,513 INFO: 	COST >> 0.028 +/- 0.002, % updates Left: 2.49%  Right: 2.27%
2017-03-20 09:29:37,827 INFO: ----------------------------------------------------------------------------
2017-03-20 09:29:37,840 INFO: EPOCH 52 (149.327 seconds):
2017-03-20 09:29:37,843 INFO: 	Average L2 norm of relation vector: 0.02717
2017-03-20 09:29:37,844 INFO: 	COST >> 0.028 +/- 0.003, % updates Left: 2.46%  Right: 2.24%
2017-03-20 09:31:57,735 INFO: ----------------------------------------------------------------------------
2017-03-20 09:31:57,736 INFO: EPOCH 53 (139.892 seconds):
2017-03-20 09:31:57,739 INFO: 	Average L2 norm of relation vector: 0.02706
2017-03-20 09:31:57,740 INFO: 	COST >> 0.028 +/- 0.002, % updates Left: 2.46%  Right: 2.21%
2017-03-20 09:33:58,829 INFO: ----------------------------------------------------------------------------
2017-03-20 09:33:58,840 INFO: EPOCH 54 (121.1 seconds):
2017-03-20 09:33:58,843 INFO: 	Average L2 norm of relation vector: 0.02696
2017-03-20 09:33:58,845 INFO: 	COST >> 0.027 +/- 0.002, % updates Left: 2.41%  Right: 2.19%
2017-03-20 09:35:46,986 INFO: ----------------------------------------------------------------------------
2017-03-20 09:35:46,996 INFO: EPOCH 55 (108.151 seconds):
2017-03-20 09:35:46,998 INFO: 	Average L2 norm of relation vector: 0.02689
2017-03-20 09:35:47,009 INFO: 	COST >> 0.027 +/- 0.002, % updates Left: 2.43%  Right: 2.17%
2017-03-20 09:37:24,889 INFO: ----------------------------------------------------------------------------
2017-03-20 09:37:24,889 INFO: EPOCH 56 (97.88 seconds):
2017-03-20 09:37:24,893 INFO: 	Average L2 norm of relation vector: 0.0268
2017-03-20 09:37:24,894 INFO: 	COST >> 0.027 +/- 0.002, % updates Left: 2.42%  Right: 2.19%
2017-03-20 09:39:13,005 INFO: ----------------------------------------------------------------------------
2017-03-20 09:39:13,006 INFO: EPOCH 57 (108.112 seconds):
2017-03-20 09:39:13,008 INFO: 	Average L2 norm of relation vector: 0.02672
2017-03-20 09:39:13,021 INFO: 	COST >> 0.027 +/- 0.003, % updates Left: 2.42%  Right: 2.19%
2017-03-20 09:41:04,918 INFO: ----------------------------------------------------------------------------
2017-03-20 09:41:04,928 INFO: EPOCH 58 (111.907 seconds):
2017-03-20 09:41:04,930 INFO: 	Average L2 norm of relation vector: 0.02665
2017-03-20 09:41:04,931 INFO: 	COST >> 0.027 +/- 0.002, % updates Left: 2.38%  Right: 2.15%
2017-03-20 09:43:35,697 INFO: ----------------------------------------------------------------------------
2017-03-20 09:43:35,708 INFO: EPOCH 59 (150.777 seconds):
2017-03-20 09:43:35,711 INFO: 	Average L2 norm of relation vector: 0.02658
2017-03-20 09:43:35,713 INFO: 	COST >> 0.027 +/- 0.003, % updates Left: 2.42%  Right: 2.13%
2017-03-20 09:45:33,316 INFO: ----------------------------------------------------------------------------
2017-03-20 09:45:33,328 INFO: EPOCH 60 (117.615 seconds):
2017-03-20 09:45:33,332 INFO: 	Average L2 norm of relation vector: 0.02652
2017-03-20 09:45:33,333 INFO: 	COST >> 0.027 +/- 0.002, % updates Left: 2.39%  Right: 2.14%
2017-03-20 09:45:33,333 INFO: 	FilteredRanking: evaluating rank on 1000 triples
2017-03-20 09:48:18,221 INFO: 	FilteredRanking: evaluating rank on 1000 triples
2017-03-20 09:50:52,077 INFO: 	MEAN RANK >> valid: 549.2, train: 233.0
2017-03-20 09:50:52,085 INFO: 		MEAN RANK TRAIN: Left: 254.2 Rel: 0.0 Right: 211.7
2017-03-20 09:50:52,085 INFO: 		MEAN RANK VALID: Left: 587.2 Rel: 0.0 Right: 511.2
2017-03-20 09:50:52,085 INFO: 		MEAN RECIPROCAL RANK VALID (L & R): 0.11
2017-03-20 09:50:52,086 WARNING: 	WARNING, failed to improve MRR on valid, 2 chances left

2017-03-20 09:50:52,207 INFO: 	(ranking took 318.874 seconds)
2017-03-20 09:52:44,460 INFO: ----------------------------------------------------------------------------
2017-03-20 09:52:44,461 INFO: EPOCH 61 (112.253 seconds):
2017-03-20 09:52:44,463 INFO: 	Average L2 norm of relation vector: 0.02643
2017-03-20 09:52:44,464 INFO: 	COST >> 0.026 +/- 0.003, % updates Left: 2.36%  Right: 2.13%
2017-03-20 09:54:40,735 INFO: ----------------------------------------------------------------------------
2017-03-20 09:54:40,736 INFO: EPOCH 62 (116.272 seconds):
2017-03-20 09:54:40,739 INFO: 	Average L2 norm of relation vector: 0.02638
2017-03-20 09:54:40,740 INFO: 	COST >> 0.027 +/- 0.002, % updates Left: 2.37%  Right: 2.11%
2017-03-20 09:56:23,394 INFO: ----------------------------------------------------------------------------
2017-03-20 09:56:23,404 INFO: EPOCH 63 (102.664 seconds):
2017-03-20 09:56:23,407 INFO: 	Average L2 norm of relation vector: 0.0263
2017-03-20 09:56:23,408 INFO: 	COST >> 0.026 +/- 0.002, % updates Left: 2.32%  Right: 2.14%
2017-03-20 09:58:11,277 INFO: ----------------------------------------------------------------------------
2017-03-20 09:58:11,278 INFO: EPOCH 64 (107.87 seconds):
2017-03-20 09:58:11,280 INFO: 	Average L2 norm of relation vector: 0.02624
2017-03-20 09:58:11,281 INFO: 	COST >> 0.026 +/- 0.002, % updates Left: 2.34%  Right: 2.09%
2017-03-20 10:00:08,313 INFO: ----------------------------------------------------------------------------
2017-03-20 10:00:08,324 INFO: EPOCH 65 (117.043 seconds):
2017-03-20 10:00:08,327 INFO: 	Average L2 norm of relation vector: 0.02618
2017-03-20 10:00:08,328 INFO: 	COST >> 0.026 +/- 0.003, % updates Left: 2.29%  Right: 2.14%
2017-03-20 10:02:05,563 INFO: ----------------------------------------------------------------------------
2017-03-20 10:02:05,576 INFO: EPOCH 66 (117.248 seconds):
2017-03-20 10:02:05,578 INFO: 	Average L2 norm of relation vector: 0.02613
2017-03-20 10:02:05,579 INFO: 	COST >> 0.026 +/- 0.002, % updates Left: 2.3%  Right: 2.07%
2017-03-20 10:04:25,822 INFO: ----------------------------------------------------------------------------
2017-03-20 10:04:25,823 INFO: EPOCH 67 (140.231 seconds):
2017-03-20 10:04:25,826 INFO: 	Average L2 norm of relation vector: 0.02605
2017-03-20 10:04:25,827 INFO: 	COST >> 0.026 +/- 0.002, % updates Left: 2.28%  Right: 2.1%
2017-03-20 10:06:28,557 INFO: ----------------------------------------------------------------------------
2017-03-20 10:06:28,568 INFO: EPOCH 68 (122.741 seconds):
2017-03-20 10:06:28,570 INFO: 	Average L2 norm of relation vector: 0.02596
2017-03-20 10:06:28,571 INFO: 	COST >> 0.026 +/- 0.002, % updates Left: 2.27%  Right: 2.07%
2017-03-20 10:08:39,047 INFO: ----------------------------------------------------------------------------
2017-03-20 10:08:39,048 INFO: EPOCH 69 (130.476 seconds):
2017-03-20 10:08:39,050 INFO: 	Average L2 norm of relation vector: 0.02594
2017-03-20 10:08:39,051 INFO: 	COST >> 0.025 +/- 0.003, % updates Left: 2.25%  Right: 2.08%
2017-03-20 10:11:02,322 INFO: ----------------------------------------------------------------------------
2017-03-20 10:11:02,332 INFO: EPOCH 70 (143.281 seconds):
2017-03-20 10:11:02,336 INFO: 	Average L2 norm of relation vector: 0.02589
2017-03-20 10:11:02,337 INFO: 	COST >> 0.025 +/- 0.002, % updates Left: 2.29%  Right: 2.03%
2017-03-20 10:11:02,338 INFO: 	FilteredRanking: evaluating rank on 1000 triples
2017-03-20 10:13:52,822 INFO: 	FilteredRanking: evaluating rank on 1000 triples
2017-03-20 10:16:32,637 INFO: 	MEAN RANK >> valid: 590.0, train: 219.3
2017-03-20 10:16:32,649 INFO: 		MEAN RANK TRAIN: Left: 244.3 Rel: 0.0 Right: 194.4
2017-03-20 10:16:32,650 INFO: 		MEAN RANK VALID: Left: 630.6 Rel: 0.0 Right: 549.5
2017-03-20 10:16:32,650 INFO: 		MEAN RECIPROCAL RANK VALID (L & R): 0.1285
2017-03-20 10:16:32,650 INFO: 	FilteredRanking: evaluating rank on 1000 triples
2017-03-20 10:19:20,799 INFO: 	NEW BEST TEST MR: 523.6
2017-03-20 10:19:20,800 INFO: 		Left MR: 523.7 Rel MR: 0.0 Right MR: 523.5
2017-03-20 10:19:21,091 INFO: 	(ranking took 498.753 seconds)
2017-03-20 10:21:15,355 INFO: ----------------------------------------------------------------------------
2017-03-20 10:21:15,368 INFO: EPOCH 71 (114.277 seconds):
2017-03-20 10:21:15,370 INFO: 	Average L2 norm of relation vector: 0.02584
2017-03-20 10:21:15,371 INFO: 	COST >> 0.025 +/- 0.002, % updates Left: 2.26%  Right: 2.03%
2017-03-20 10:22:54,114 INFO: ----------------------------------------------------------------------------
2017-03-20 10:22:54,115 INFO: EPOCH 72 (98.743 seconds):
2017-03-20 10:22:54,118 INFO: 	Average L2 norm of relation vector: 0.0258
2017-03-20 10:22:54,119 INFO: 	COST >> 0.025 +/- 0.002, % updates Left: 2.25%  Right: 2.04%
2017-03-20 10:24:37,787 INFO: ----------------------------------------------------------------------------
2017-03-20 10:24:37,787 INFO: EPOCH 73 (103.668 seconds):
2017-03-20 10:24:37,789 INFO: 	Average L2 norm of relation vector: 0.02576
2017-03-20 10:24:37,801 INFO: 	COST >> 0.025 +/- 0.002, % updates Left: 2.25%  Right: 2.05%
2017-03-20 10:26:59,845 INFO: ----------------------------------------------------------------------------
2017-03-20 10:26:59,845 INFO: EPOCH 74 (142.044 seconds):
2017-03-20 10:26:59,847 INFO: 	Average L2 norm of relation vector: 0.02573
2017-03-20 10:26:59,857 INFO: 	COST >> 0.025 +/- 0.002, % updates Left: 2.25%  Right: 2.01%
2017-03-20 10:28:39,374 INFO: ----------------------------------------------------------------------------
2017-03-20 10:28:39,375 INFO: EPOCH 75 (99.517 seconds):
2017-03-20 10:28:39,377 INFO: 	Average L2 norm of relation vector: 0.02567
2017-03-20 10:28:39,389 INFO: 	COST >> 0.025 +/- 0.002, % updates Left: 2.22%  Right: 2.02%
2017-03-20 10:30:27,463 INFO: ----------------------------------------------------------------------------
2017-03-20 10:30:27,476 INFO: EPOCH 76 (108.087 seconds):
2017-03-20 10:30:27,478 INFO: 	Average L2 norm of relation vector: 0.02562
2017-03-20 10:30:27,479 INFO: 	COST >> 0.025 +/- 0.002, % updates Left: 2.24%  Right: 2.02%
2017-03-20 10:31:57,628 INFO: ----------------------------------------------------------------------------
2017-03-20 10:31:57,629 INFO: EPOCH 77 (90.15 seconds):
2017-03-20 10:31:57,631 INFO: 	Average L2 norm of relation vector: 0.02556
2017-03-20 10:31:57,632 INFO: 	COST >> 0.024 +/- 0.002, % updates Left: 2.21%  Right: 1.99%
2017-03-20 10:33:38,672 INFO: ----------------------------------------------------------------------------
2017-03-20 10:33:38,684 INFO: EPOCH 78 (101.053 seconds):
2017-03-20 10:33:38,686 INFO: 	Average L2 norm of relation vector: 0.02551
2017-03-20 10:33:38,687 INFO: 	COST >> 0.025 +/- 0.002, % updates Left: 2.2%  Right: 2.02%
2017-03-20 10:35:18,397 INFO: ----------------------------------------------------------------------------
2017-03-20 10:35:18,397 INFO: EPOCH 79 (99.71 seconds):
2017-03-20 10:35:18,399 INFO: 	Average L2 norm of relation vector: 0.02548
2017-03-20 10:35:18,400 INFO: 	COST >> 0.025 +/- 0.002, % updates Left: 2.24%  Right: 2.04%
2017-03-20 10:36:58,323 INFO: ----------------------------------------------------------------------------
2017-03-20 10:36:58,336 INFO: EPOCH 80 (99.936 seconds):
2017-03-20 10:36:58,338 INFO: 	Average L2 norm of relation vector: 0.02548
2017-03-20 10:36:58,339 INFO: 	COST >> 0.024 +/- 0.002, % updates Left: 2.22%  Right: 2.0%
2017-03-20 10:36:58,339 INFO: 	FilteredRanking: evaluating rank on 1000 triples
2017-03-20 10:39:36,403 INFO: 	FilteredRanking: evaluating rank on 1000 triples
2017-03-20 10:42:13,199 INFO: 	MEAN RANK >> valid: 484.2, train: 208.4
2017-03-20 10:42:13,213 INFO: 		MEAN RANK TRAIN: Left: 231.1 Rel: 0.0 Right: 185.6
2017-03-20 10:42:13,214 INFO: 		MEAN RANK VALID: Left: 472.5 Rel: 0.0 Right: 495.9
2017-03-20 10:42:13,214 INFO: 		MEAN RECIPROCAL RANK VALID (L & R): 0.1175
2017-03-20 10:42:13,214 WARNING: 	WARNING, failed to improve MRR on valid, 2 chances left

2017-03-20 10:42:13,335 INFO: 	(ranking took 314.995 seconds)
2017-03-20 10:44:05,892 INFO: ----------------------------------------------------------------------------
2017-03-20 10:44:05,893 INFO: EPOCH 81 (112.557 seconds):
2017-03-20 10:44:05,894 INFO: 	Average L2 norm of relation vector: 0.02543
2017-03-20 10:44:05,905 INFO: 	COST >> 0.024 +/- 0.002, % updates Left: 2.18%  Right: 1.98%
2017-03-20 10:46:11,770 INFO: ----------------------------------------------------------------------------
2017-03-20 10:46:11,770 INFO: EPOCH 82 (125.865 seconds):
2017-03-20 10:46:11,772 INFO: 	Average L2 norm of relation vector: 0.02538
2017-03-20 10:46:11,773 INFO: 	COST >> 0.024 +/- 0.002, % updates Left: 2.15%  Right: 1.96%
2017-03-20 10:48:05,467 INFO: ----------------------------------------------------------------------------
2017-03-20 10:48:05,480 INFO: EPOCH 83 (113.707 seconds):
2017-03-20 10:48:05,483 INFO: 	Average L2 norm of relation vector: 0.02533
2017-03-20 10:48:05,484 INFO: 	COST >> 0.024 +/- 0.002, % updates Left: 2.17%  Right: 1.95%
2017-03-20 10:50:55,337 INFO: ----------------------------------------------------------------------------
2017-03-20 10:50:55,338 INFO: EPOCH 84 (169.853 seconds):
2017-03-20 10:50:55,341 INFO: 	Average L2 norm of relation vector: 0.0253
2017-03-20 10:50:55,342 INFO: 	COST >> 0.024 +/- 0.002, % updates Left: 2.15%  Right: 1.96%
2017-03-20 10:52:42,884 INFO: ----------------------------------------------------------------------------
2017-03-20 10:52:42,885 INFO: EPOCH 85 (107.543 seconds):
2017-03-20 10:52:42,887 INFO: 	Average L2 norm of relation vector: 0.02528
2017-03-20 10:52:42,888 INFO: 	COST >> 0.024 +/- 0.002, % updates Left: 2.14%  Right: 1.96%
2017-03-20 10:54:24,503 INFO: ----------------------------------------------------------------------------
2017-03-20 10:54:24,516 INFO: EPOCH 86 (101.628 seconds):
2017-03-20 10:54:24,519 INFO: 	Average L2 norm of relation vector: 0.02526
2017-03-20 10:54:24,520 INFO: 	COST >> 0.024 +/- 0.002, % updates Left: 2.17%  Right: 2.02%
2017-03-20 10:56:06,609 INFO: ----------------------------------------------------------------------------
2017-03-20 10:56:06,609 INFO: EPOCH 87 (102.088 seconds):
2017-03-20 10:56:06,611 INFO: 	Average L2 norm of relation vector: 0.02519
2017-03-20 10:56:06,612 INFO: 	COST >> 0.024 +/- 0.002, % updates Left: 2.15%  Right: 1.93%
2017-03-20 10:57:51,802 INFO: ----------------------------------------------------------------------------
2017-03-20 10:57:51,802 INFO: EPOCH 88 (105.19 seconds):
2017-03-20 10:57:51,804 INFO: 	Average L2 norm of relation vector: 0.02516
2017-03-20 10:57:51,805 INFO: 	COST >> 0.023 +/- 0.002, % updates Left: 2.13%  Right: 1.95%
2017-03-20 10:59:54,846 INFO: ----------------------------------------------------------------------------
2017-03-20 10:59:54,846 INFO: EPOCH 89 (123.041 seconds):
2017-03-20 10:59:54,849 INFO: 	Average L2 norm of relation vector: 0.02511
2017-03-20 10:59:54,861 INFO: 	COST >> 0.023 +/- 0.002, % updates Left: 2.16%  Right: 1.95%
2017-03-20 11:01:51,254 INFO: ----------------------------------------------------------------------------
2017-03-20 11:01:51,254 INFO: EPOCH 90 (116.393 seconds):
2017-03-20 11:01:51,257 INFO: 	Average L2 norm of relation vector: 0.02507
2017-03-20 11:01:51,258 INFO: 	COST >> 0.023 +/- 0.002, % updates Left: 2.12%  Right: 1.93%
2017-03-20 11:01:51,258 INFO: 	FilteredRanking: evaluating rank on 1000 triples
2017-03-20 11:04:33,715 INFO: 	FilteredRanking: evaluating rank on 1000 triples
2017-03-20 11:07:23,763 INFO: 	MEAN RANK >> valid: 506.8, train: 180.5
2017-03-20 11:07:23,777 INFO: 		MEAN RANK TRAIN: Left: 184.8 Rel: 0.0 Right: 176.2
2017-03-20 11:07:23,778 INFO: 		MEAN RANK VALID: Left: 542.3 Rel: 0.0 Right: 471.3
2017-03-20 11:07:23,778 INFO: 		MEAN RECIPROCAL RANK VALID (L & R): 0.121
2017-03-20 11:07:23,778 WARNING: 	WARNING, failed to improve MRR on valid, 1 chances left

2017-03-20 11:07:23,916 INFO: 	(ranking took 332.658 seconds)
2017-03-20 11:09:19,720 INFO: ----------------------------------------------------------------------------
2017-03-20 11:09:19,732 INFO: EPOCH 91 (115.816 seconds):
2017-03-20 11:09:19,734 INFO: 	Average L2 norm of relation vector: 0.02505
2017-03-20 11:09:19,745 INFO: 	COST >> 0.023 +/- 0.002, % updates Left: 2.13%  Right: 1.9%
2017-03-20 11:11:35,927 INFO: ----------------------------------------------------------------------------
2017-03-20 11:11:35,940 INFO: EPOCH 92 (136.195 seconds):
2017-03-20 11:11:35,942 INFO: 	Average L2 norm of relation vector: 0.02499
2017-03-20 11:11:35,943 INFO: 	COST >> 0.023 +/- 0.002, % updates Left: 2.12%  Right: 1.87%
2017-03-20 11:13:39,066 INFO: ----------------------------------------------------------------------------
2017-03-20 11:13:39,076 INFO: EPOCH 93 (123.133 seconds):
2017-03-20 11:13:39,078 INFO: 	Average L2 norm of relation vector: 0.02496
2017-03-20 11:13:39,079 INFO: 	COST >> 0.023 +/- 0.002, % updates Left: 2.1%  Right: 1.9%
2017-03-20 11:15:45,635 INFO: ----------------------------------------------------------------------------
2017-03-20 11:15:45,652 INFO: EPOCH 94 (126.573 seconds):
2017-03-20 11:15:45,654 INFO: 	Average L2 norm of relation vector: 0.02494
2017-03-20 11:15:45,661 INFO: 	COST >> 0.023 +/- 0.002, % updates Left: 2.08%  Right: 1.88%
2017-03-20 11:17:57,335 INFO: ----------------------------------------------------------------------------
2017-03-20 11:17:57,336 INFO: EPOCH 95 (131.674 seconds):
2017-03-20 11:17:57,338 INFO: 	Average L2 norm of relation vector: 0.0249
2017-03-20 11:17:57,339 INFO: 	COST >> 0.023 +/- 0.002, % updates Left: 2.06%  Right: 1.88%
2017-03-20 11:19:58,915 INFO: ----------------------------------------------------------------------------
2017-03-20 11:19:58,916 INFO: EPOCH 96 (121.577 seconds):
2017-03-20 11:19:58,918 INFO: 	Average L2 norm of relation vector: 0.02486
2017-03-20 11:19:58,925 INFO: 	COST >> 0.023 +/- 0.002, % updates Left: 2.08%  Right: 1.87%
2017-03-20 11:21:58,469 INFO: ----------------------------------------------------------------------------
2017-03-20 11:21:58,470 INFO: EPOCH 97 (119.544 seconds):
2017-03-20 11:21:58,472 INFO: 	Average L2 norm of relation vector: 0.02484
2017-03-20 11:21:58,473 INFO: 	COST >> 0.023 +/- 0.003, % updates Left: 2.1%  Right: 1.89%
2017-03-20 11:23:46,452 INFO: ----------------------------------------------------------------------------
2017-03-20 11:23:46,453 INFO: EPOCH 98 (107.98 seconds):
2017-03-20 11:23:46,454 INFO: 	Average L2 norm of relation vector: 0.02483
2017-03-20 11:23:46,465 INFO: 	COST >> 0.023 +/- 0.002, % updates Left: 2.08%  Right: 1.89%
2017-03-20 11:25:33,343 INFO: ----------------------------------------------------------------------------
2017-03-20 11:25:33,344 INFO: EPOCH 99 (106.879 seconds):
2017-03-20 11:25:33,346 INFO: 	Average L2 norm of relation vector: 0.02478
2017-03-20 11:25:33,347 INFO: 	COST >> 0.023 +/- 0.002, % updates Left: 2.09%  Right: 1.88%
2017-03-20 11:27:18,124 INFO: ----------------------------------------------------------------------------
2017-03-20 11:27:18,125 INFO: EPOCH 100 (104.777 seconds):
2017-03-20 11:27:18,127 INFO: 	Average L2 norm of relation vector: 0.02477
2017-03-20 11:27:18,128 INFO: 	COST >> 0.023 +/- 0.002, % updates Left: 2.1%  Right: 1.84%
2017-03-20 11:27:18,128 INFO: 	FilteredRanking: evaluating rank on 1000 triples
2017-03-20 11:29:52,011 INFO: 	FilteredRanking: evaluating rank on 1000 triples
2017-03-20 11:32:29,246 INFO: 	MEAN RANK >> valid: 469.5, train: 191.8
2017-03-20 11:32:29,247 INFO: 		MEAN RANK TRAIN: Left: 194.4 Rel: 0.0 Right: 189.2
2017-03-20 11:32:29,248 INFO: 		MEAN RANK VALID: Left: 479.0 Rel: 0.0 Right: 460.0
2017-03-20 11:32:29,248 INFO: 		MEAN RECIPROCAL RANK VALID (L & R): 0.1235
2017-03-20 11:32:29,248 WARNING: 	WARNING, failed to improve MRR on valid, 0 chances left

2017-03-20 11:32:29,360 INFO: 	(ranking took 311.232 seconds)
2017-03-20 11:34:25,339 INFO: ----------------------------------------------------------------------------
2017-03-20 11:34:25,352 INFO: EPOCH 101 (115.991 seconds):
2017-03-20 11:34:25,354 INFO: 	Average L2 norm of relation vector: 0.02473
2017-03-20 11:34:25,355 INFO: 	COST >> 0.023 +/- 0.002, % updates Left: 2.08%  Right: 1.87%
2017-03-20 11:36:14,709 INFO: ----------------------------------------------------------------------------
2017-03-20 11:36:14,720 INFO: EPOCH 102 (109.365 seconds):
2017-03-20 11:36:14,723 INFO: 	Average L2 norm of relation vector: 0.02471
2017-03-20 11:36:14,724 INFO: 	COST >> 0.022 +/- 0.002, % updates Left: 2.02%  Right: 1.83%
2017-03-20 11:38:20,532 INFO: ----------------------------------------------------------------------------
2017-03-20 11:38:20,532 INFO: EPOCH 103 (125.808 seconds):
2017-03-20 11:38:20,534 INFO: 	Average L2 norm of relation vector: 0.0247
2017-03-20 11:38:20,545 INFO: 	COST >> 0.023 +/- 0.002, % updates Left: 2.05%  Right: 1.88%
2017-03-20 11:40:03,114 INFO: ----------------------------------------------------------------------------
2017-03-20 11:40:03,115 INFO: EPOCH 104 (102.569 seconds):
2017-03-20 11:40:03,118 INFO: 	Average L2 norm of relation vector: 0.0247
2017-03-20 11:40:03,119 INFO: 	COST >> 0.023 +/- 0.002, % updates Left: 2.1%  Right: 1.88%
2017-03-20 11:42:25,498 INFO: ----------------------------------------------------------------------------
2017-03-20 11:42:25,499 INFO: EPOCH 105 (142.366 seconds):
2017-03-20 11:42:25,501 INFO: 	Average L2 norm of relation vector: 0.02469
2017-03-20 11:42:25,502 INFO: 	COST >> 0.023 +/- 0.002, % updates Left: 2.04%  Right: 1.87%
2017-03-20 11:44:18,564 INFO: ----------------------------------------------------------------------------
2017-03-20 11:44:18,565 INFO: EPOCH 106 (113.063 seconds):
2017-03-20 11:44:18,569 INFO: 	Average L2 norm of relation vector: 0.02466
2017-03-20 11:44:18,570 INFO: 	COST >> 0.022 +/- 0.002, % updates Left: 2.08%  Right: 1.84%
2017-03-20 11:46:07,396 INFO: ----------------------------------------------------------------------------
2017-03-20 11:46:07,404 INFO: EPOCH 107 (108.834 seconds):
2017-03-20 11:46:07,407 INFO: 	Average L2 norm of relation vector: 0.02462
2017-03-20 11:46:07,407 INFO: 	COST >> 0.022 +/- 0.002, % updates Left: 2.02%  Right: 1.86%
2017-03-20 11:47:57,120 INFO: ----------------------------------------------------------------------------
2017-03-20 11:47:57,133 INFO: EPOCH 108 (109.725 seconds):
2017-03-20 11:47:57,135 INFO: 	Average L2 norm of relation vector: 0.0246
2017-03-20 11:47:57,136 INFO: 	COST >> 0.022 +/- 0.002, % updates Left: 2.05%  Right: 1.87%
2017-03-20 11:50:33,147 INFO: ----------------------------------------------------------------------------
2017-03-20 11:50:33,148 INFO: EPOCH 109 (156.011 seconds):
2017-03-20 11:50:33,151 INFO: 	Average L2 norm of relation vector: 0.02458
2017-03-20 11:50:33,152 INFO: 	COST >> 0.022 +/- 0.002, % updates Left: 2.06%  Right: 1.86%
2017-03-20 11:52:14,394 INFO: ----------------------------------------------------------------------------
2017-03-20 11:52:14,404 INFO: EPOCH 110 (101.252 seconds):
2017-03-20 11:52:14,408 INFO: 	Average L2 norm of relation vector: 0.02453
2017-03-20 11:52:14,409 INFO: 	COST >> 0.022 +/- 0.002, % updates Left: 2.01%  Right: 1.81%
2017-03-20 11:52:14,409 INFO: 	FilteredRanking: evaluating rank on 1000 triples
2017-03-20 11:54:53,780 INFO: 	FilteredRanking: evaluating rank on 1000 triples
2017-03-20 11:57:38,731 INFO: 	MEAN RANK >> valid: 494.4, train: 184.3
2017-03-20 11:57:38,745 INFO: 		MEAN RANK TRAIN: Left: 184.0 Rel: 0.0 Right: 184.6
2017-03-20 11:57:38,746 INFO: 		MEAN RANK VALID: Left: 528.4 Rel: 0.0 Right: 460.5
2017-03-20 11:57:38,746 INFO: 		MEAN RECIPROCAL RANK VALID (L & R): 0.139
2017-03-20 11:57:38,747 INFO: 	FilteredRanking: evaluating rank on 1000 triples
2017-03-20 12:00:24,360 INFO: 	NEW BEST TEST MR: 506.1
2017-03-20 12:00:24,361 INFO: 		Left MR: 532.4 Rel MR: 0.0 Right MR: 479.7
2017-03-20 12:00:24,533 INFO: 	(ranking took 490.124 seconds)
2017-03-20 12:02:35,898 INFO: ----------------------------------------------------------------------------
2017-03-20 12:02:35,908 INFO: EPOCH 111 (131.374 seconds):
2017-03-20 12:02:35,910 INFO: 	Average L2 norm of relation vector: 0.02453
2017-03-20 12:02:35,911 INFO: 	COST >> 0.022 +/- 0.002, % updates Left: 2.04%  Right: 1.84%
2017-03-20 12:05:06,215 INFO: ----------------------------------------------------------------------------
2017-03-20 12:05:06,216 INFO: EPOCH 112 (150.305 seconds):
2017-03-20 12:05:06,219 INFO: 	Average L2 norm of relation vector: 0.0245
2017-03-20 12:05:06,220 INFO: 	COST >> 0.022 +/- 0.002, % updates Left: 2.01%  Right: 1.83%
2017-03-20 12:07:07,857 INFO: ----------------------------------------------------------------------------
2017-03-20 12:07:07,857 INFO: EPOCH 113 (121.637 seconds):
2017-03-20 12:07:07,859 INFO: 	Average L2 norm of relation vector: 0.02448
2017-03-20 12:07:07,873 INFO: 	COST >> 0.022 +/- 0.002, % updates Left: 2.01%  Right: 1.84%
2017-03-20 12:09:30,110 INFO: ----------------------------------------------------------------------------
2017-03-20 12:09:30,120 INFO: EPOCH 114 (142.247 seconds):
2017-03-20 12:09:30,122 INFO: 	Average L2 norm of relation vector: 0.02447
2017-03-20 12:09:30,123 INFO: 	COST >> 0.022 +/- 0.002, % updates Left: 2.05%  Right: 1.81%
2017-03-20 12:11:04,776 INFO: ----------------------------------------------------------------------------
2017-03-20 12:11:04,777 INFO: EPOCH 115 (94.654 seconds):
2017-03-20 12:11:04,779 INFO: 	Average L2 norm of relation vector: 0.02445
2017-03-20 12:11:04,780 INFO: 	COST >> 0.022 +/- 0.002, % updates Left: 1.99%  Right: 1.81%
2017-03-20 12:12:45,741 INFO: ----------------------------------------------------------------------------
2017-03-20 12:12:45,742 INFO: EPOCH 116 (100.961 seconds):
2017-03-20 12:12:45,744 INFO: 	Average L2 norm of relation vector: 0.02444
2017-03-20 12:12:45,753 INFO: 	COST >> 0.022 +/- 0.002, % updates Left: 2.01%  Right: 1.8%
2017-03-20 12:14:26,357 INFO: ----------------------------------------------------------------------------
2017-03-20 12:14:26,358 INFO: EPOCH 117 (100.604 seconds):
2017-03-20 12:14:26,360 INFO: 	Average L2 norm of relation vector: 0.02442
2017-03-20 12:14:26,373 INFO: 	COST >> 0.022 +/- 0.002, % updates Left: 2.0%  Right: 1.81%
2017-03-20 12:16:16,079 INFO: ----------------------------------------------------------------------------
2017-03-20 12:16:16,092 INFO: EPOCH 118 (109.719 seconds):
2017-03-20 12:16:16,095 INFO: 	Average L2 norm of relation vector: 0.0244
2017-03-20 12:16:16,096 INFO: 	COST >> 0.022 +/- 0.002, % updates Left: 2.0%  Right: 1.79%
2017-03-20 12:17:56,963 INFO: ----------------------------------------------------------------------------
2017-03-20 12:17:56,964 INFO: EPOCH 119 (100.867 seconds):
2017-03-20 12:17:56,966 INFO: 	Average L2 norm of relation vector: 0.02439
2017-03-20 12:17:56,967 INFO: 	COST >> 0.022 +/- 0.002, % updates Left: 2.01%  Right: 1.81%
2017-03-20 12:19:40,004 INFO: ----------------------------------------------------------------------------
2017-03-20 12:19:40,016 INFO: EPOCH 120 (103.049 seconds):
2017-03-20 12:19:40,018 INFO: 	Average L2 norm of relation vector: 0.02438
2017-03-20 12:19:40,019 INFO: 	COST >> 0.021 +/- 0.002, % updates Left: 1.99%  Right: 1.81%
2017-03-20 12:19:40,019 INFO: 	FilteredRanking: evaluating rank on 1000 triples
2017-03-20 12:22:09,279 INFO: 	FilteredRanking: evaluating rank on 1000 triples
2017-03-20 12:24:28,006 INFO: 	MEAN RANK >> valid: 472.0, train: 175.8
2017-03-20 12:24:28,007 INFO: 		MEAN RANK TRAIN: Left: 173.1 Rel: 0.0 Right: 178.4
2017-03-20 12:24:28,008 INFO: 		MEAN RANK VALID: Left: 504.8 Rel: 0.0 Right: 439.2
2017-03-20 12:24:28,008 INFO: 		MEAN RECIPROCAL RANK VALID (L & R): 0.124
2017-03-20 12:24:28,008 WARNING: 	WARNING, failed to improve MRR on valid, 2 chances left

2017-03-20 12:24:28,093 INFO: 	(ranking took 288.074 seconds)
2017-03-20 12:25:57,954 INFO: ----------------------------------------------------------------------------
2017-03-20 12:25:57,968 INFO: EPOCH 121 (89.875 seconds):
2017-03-20 12:25:57,970 INFO: 	Average L2 norm of relation vector: 0.02434
2017-03-20 12:25:57,971 INFO: 	COST >> 0.022 +/- 0.002, % updates Left: 1.97%  Right: 1.8%
2017-03-20 12:28:03,548 INFO: ----------------------------------------------------------------------------
2017-03-20 12:28:03,549 INFO: EPOCH 122 (125.577 seconds):
2017-03-20 12:28:03,551 INFO: 	Average L2 norm of relation vector: 0.02434
2017-03-20 12:28:03,552 INFO: 	COST >> 0.022 +/- 0.002, % updates Left: 1.97%  Right: 1.83%
2017-03-20 12:29:49,860 INFO: ----------------------------------------------------------------------------
2017-03-20 12:29:49,872 INFO: EPOCH 123 (106.321 seconds):
2017-03-20 12:29:49,874 INFO: 	Average L2 norm of relation vector: 0.02431
2017-03-20 12:29:49,881 INFO: 	COST >> 0.022 +/- 0.002, % updates Left: 2.0%  Right: 1.81%
2017-03-20 12:31:27,694 INFO: ----------------------------------------------------------------------------
2017-03-20 12:31:27,694 INFO: EPOCH 124 (97.813 seconds):
2017-03-20 12:31:27,696 INFO: 	Average L2 norm of relation vector: 0.02426
2017-03-20 12:31:27,697 INFO: 	COST >> 0.021 +/- 0.002, % updates Left: 1.95%  Right: 1.8%
2017-03-20 12:33:10,392 INFO: ----------------------------------------------------------------------------
2017-03-20 12:33:10,404 INFO: EPOCH 125 (102.707 seconds):
2017-03-20 12:33:10,407 INFO: 	Average L2 norm of relation vector: 0.02426
2017-03-20 12:33:10,408 INFO: 	COST >> 0.022 +/- 0.002, % updates Left: 1.98%  Right: 1.8%
2017-03-20 12:35:25,278 INFO: ----------------------------------------------------------------------------
2017-03-20 12:35:25,279 INFO: EPOCH 126 (134.87 seconds):
2017-03-20 12:35:25,282 INFO: 	Average L2 norm of relation vector: 0.02424
2017-03-20 12:35:25,293 INFO: 	COST >> 0.022 +/- 0.002, % updates Left: 1.97%  Right: 1.8%
2017-03-20 12:37:57,398 INFO: ----------------------------------------------------------------------------
2017-03-20 12:37:57,399 INFO: EPOCH 127 (152.106 seconds):
2017-03-20 12:37:57,406 INFO: 	Average L2 norm of relation vector: 0.02422
2017-03-20 12:37:57,407 INFO: 	COST >> 0.021 +/- 0.002, % updates Left: 1.95%  Right: 1.78%
2017-03-20 12:39:26,562 INFO: ----------------------------------------------------------------------------
2017-03-20 12:39:26,572 INFO: EPOCH 128 (89.165 seconds):
2017-03-20 12:39:26,574 INFO: 	Average L2 norm of relation vector: 0.0242
2017-03-20 12:39:26,575 INFO: 	COST >> 0.021 +/- 0.002, % updates Left: 1.95%  Right: 1.76%
2017-03-20 12:41:24,438 INFO: ----------------------------------------------------------------------------
2017-03-20 12:41:24,438 INFO: EPOCH 129 (117.863 seconds):
2017-03-20 12:41:24,441 INFO: 	Average L2 norm of relation vector: 0.02418
2017-03-20 12:41:24,441 INFO: 	COST >> 0.021 +/- 0.002, % updates Left: 1.95%  Right: 1.78%
2017-03-20 12:43:04,398 INFO: ----------------------------------------------------------------------------
2017-03-20 12:43:04,399 INFO: EPOCH 130 (99.957 seconds):
2017-03-20 12:43:04,402 INFO: 	Average L2 norm of relation vector: 0.02419
2017-03-20 12:43:04,413 INFO: 	COST >> 0.021 +/- 0.002, % updates Left: 1.95%  Right: 1.78%
2017-03-20 12:43:04,413 INFO: 	FilteredRanking: evaluating rank on 1000 triples
2017-03-20 12:45:49,023 INFO: 	FilteredRanking: evaluating rank on 1000 triples
2017-03-20 12:48:25,157 INFO: 	MEAN RANK >> valid: 473.1, train: 188.5
2017-03-20 12:48:25,165 INFO: 		MEAN RANK TRAIN: Left: 182.1 Rel: 0.0 Right: 194.9
2017-03-20 12:48:25,166 INFO: 		MEAN RANK VALID: Left: 526.9 Rel: 0.0 Right: 419.3
2017-03-20 12:48:25,166 INFO: 		MEAN RECIPROCAL RANK VALID (L & R): 0.12
2017-03-20 12:48:25,166 WARNING: 	WARNING, failed to improve MRR on valid, 1 chances left

2017-03-20 12:48:25,293 INFO: 	(ranking took 320.879 seconds)
2017-03-20 12:50:07,170 INFO: ----------------------------------------------------------------------------
2017-03-20 12:50:07,170 INFO: EPOCH 131 (101.877 seconds):
2017-03-20 12:50:07,172 INFO: 	Average L2 norm of relation vector: 0.02417
2017-03-20 12:50:07,173 INFO: 	COST >> 0.021 +/- 0.003, % updates Left: 1.94%  Right: 1.74%
2017-03-20 12:52:09,723 INFO: ----------------------------------------------------------------------------
2017-03-20 12:52:09,736 INFO: EPOCH 132 (122.562 seconds):
2017-03-20 12:52:09,738 INFO: 	Average L2 norm of relation vector: 0.02415
2017-03-20 12:52:09,739 INFO: 	COST >> 0.021 +/- 0.002, % updates Left: 1.95%  Right: 1.78%
2017-03-20 12:53:54,649 INFO: ----------------------------------------------------------------------------
2017-03-20 12:53:54,649 INFO: EPOCH 133 (104.91 seconds):
2017-03-20 12:53:54,651 INFO: 	Average L2 norm of relation vector: 0.02413
2017-03-20 12:53:54,665 INFO: 	COST >> 0.021 +/- 0.002, % updates Left: 1.94%  Right: 1.78%
2017-03-20 12:55:38,563 INFO: ----------------------------------------------------------------------------
2017-03-20 12:55:38,576 INFO: EPOCH 134 (103.911 seconds):
2017-03-20 12:55:38,578 INFO: 	Average L2 norm of relation vector: 0.02413
2017-03-20 12:55:38,579 INFO: 	COST >> 0.021 +/- 0.002, % updates Left: 1.95%  Right: 1.77%
2017-03-20 12:57:33,008 INFO: ----------------------------------------------------------------------------
2017-03-20 12:57:33,009 INFO: EPOCH 135 (114.429 seconds):
2017-03-20 12:57:33,011 INFO: 	Average L2 norm of relation vector: 0.02411
2017-03-20 12:57:33,012 INFO: 	COST >> 0.021 +/- 0.002, % updates Left: 1.95%  Right: 1.77%
2017-03-20 12:59:36,241 INFO: ----------------------------------------------------------------------------
2017-03-20 12:59:36,252 INFO: EPOCH 136 (123.24 seconds):
2017-03-20 12:59:36,256 INFO: 	Average L2 norm of relation vector: 0.02411
2017-03-20 12:59:36,269 INFO: 	COST >> 0.021 +/- 0.002, % updates Left: 1.94%  Right: 1.74%
2017-03-20 13:01:39,434 INFO: ----------------------------------------------------------------------------
2017-03-20 13:01:39,456 INFO: EPOCH 137 (123.186 seconds):
2017-03-20 13:01:39,458 INFO: 	Average L2 norm of relation vector: 0.0241
2017-03-20 13:01:39,459 INFO: 	COST >> 0.021 +/- 0.002, % updates Left: 1.94%  Right: 1.74%
2017-03-20 13:03:57,609 INFO: ----------------------------------------------------------------------------
2017-03-20 13:03:57,620 INFO: EPOCH 138 (138.161 seconds):
2017-03-20 13:03:57,624 INFO: 	Average L2 norm of relation vector: 0.02409
2017-03-20 13:03:57,625 INFO: 	COST >> 0.021 +/- 0.002, % updates Left: 1.89%  Right: 1.76%
2017-03-20 13:05:47,476 INFO: ----------------------------------------------------------------------------
2017-03-20 13:05:47,477 INFO: EPOCH 139 (109.851 seconds):
2017-03-20 13:05:47,479 INFO: 	Average L2 norm of relation vector: 0.02408
2017-03-20 13:05:47,479 INFO: 	COST >> 0.021 +/- 0.002, % updates Left: 1.95%  Right: 1.76%
2017-03-20 13:08:09,930 INFO: ----------------------------------------------------------------------------
2017-03-20 13:08:09,931 INFO: EPOCH 140 (142.451 seconds):
2017-03-20 13:08:09,933 INFO: 	Average L2 norm of relation vector: 0.02405
2017-03-20 13:08:09,934 INFO: 	COST >> 0.021 +/- 0.002, % updates Left: 1.9%  Right: 1.76%
2017-03-20 13:08:09,934 INFO: 	FilteredRanking: evaluating rank on 1000 triples
2017-03-20 13:10:48,845 INFO: 	FilteredRanking: evaluating rank on 1000 triples
2017-03-20 13:13:14,348 INFO: 	MEAN RANK >> valid: 486.7, train: 175.5
2017-03-20 13:13:14,357 INFO: 		MEAN RANK TRAIN: Left: 185.1 Rel: 0.0 Right: 165.8
2017-03-20 13:13:14,358 INFO: 		MEAN RANK VALID: Left: 525.2 Rel: 0.0 Right: 448.3
2017-03-20 13:13:14,358 INFO: 		MEAN RECIPROCAL RANK VALID (L & R): 0.127
2017-03-20 13:13:14,358 WARNING: 	WARNING, failed to improve MRR on valid, 0 chances left

2017-03-20 13:13:14,467 INFO: 	(ranking took 304.533 seconds)
2017-03-20 13:14:59,500 INFO: ----------------------------------------------------------------------------
2017-03-20 13:14:59,512 INFO: EPOCH 141 (105.045 seconds):
2017-03-20 13:14:59,514 INFO: 	Average L2 norm of relation vector: 0.02405
2017-03-20 13:14:59,515 INFO: 	COST >> 0.021 +/- 0.002, % updates Left: 1.95%  Right: 1.71%
2017-03-20 13:17:02,482 INFO: ----------------------------------------------------------------------------
2017-03-20 13:17:02,483 INFO: EPOCH 142 (122.967 seconds):
2017-03-20 13:17:02,486 INFO: 	Average L2 norm of relation vector: 0.02402
2017-03-20 13:17:02,487 INFO: 	COST >> 0.021 +/- 0.002, % updates Left: 1.95%  Right: 1.75%
2017-03-20 13:18:55,660 INFO: ----------------------------------------------------------------------------
2017-03-20 13:18:55,660 INFO: EPOCH 143 (113.173 seconds):
2017-03-20 13:18:55,662 INFO: 	Average L2 norm of relation vector: 0.02401
2017-03-20 13:18:55,663 INFO: 	COST >> 0.021 +/- 0.002, % updates Left: 1.91%  Right: 1.72%
2017-03-20 13:20:37,695 INFO: ----------------------------------------------------------------------------
2017-03-20 13:20:37,695 INFO: EPOCH 144 (102.032 seconds):
2017-03-20 13:20:37,697 INFO: 	Average L2 norm of relation vector: 0.024
2017-03-20 13:20:37,709 INFO: 	COST >> 0.021 +/- 0.002, % updates Left: 1.91%  Right: 1.74%
2017-03-20 13:22:39,262 INFO: ----------------------------------------------------------------------------
2017-03-20 13:22:39,263 INFO: EPOCH 145 (121.554 seconds):
2017-03-20 13:22:39,266 INFO: 	Average L2 norm of relation vector: 0.02397
2017-03-20 13:22:39,266 INFO: 	COST >> 0.02 +/- 0.002, % updates Left: 1.86%  Right: 1.73%
2017-03-20 13:25:07,850 INFO: ----------------------------------------------------------------------------
2017-03-20 13:25:07,860 INFO: EPOCH 146 (148.593 seconds):
2017-03-20 13:25:07,862 INFO: 	Average L2 norm of relation vector: 0.02396
2017-03-20 13:25:07,873 INFO: 	COST >> 0.02 +/- 0.002, % updates Left: 1.9%  Right: 1.7%
2017-03-20 13:27:11,040 INFO: ----------------------------------------------------------------------------
2017-03-20 13:27:11,041 INFO: EPOCH 147 (123.168 seconds):
2017-03-20 13:27:11,044 INFO: 	Average L2 norm of relation vector: 0.02394
2017-03-20 13:27:11,057 INFO: 	COST >> 0.021 +/- 0.002, % updates Left: 1.9%  Right: 1.73%
2017-03-20 13:28:49,210 INFO: ----------------------------------------------------------------------------
2017-03-20 13:28:49,210 INFO: EPOCH 148 (98.153 seconds):
2017-03-20 13:28:49,212 INFO: 	Average L2 norm of relation vector: 0.02396
2017-03-20 13:28:49,225 INFO: 	COST >> 0.021 +/- 0.002, % updates Left: 1.91%  Right: 1.74%
2017-03-20 13:30:41,657 INFO: ----------------------------------------------------------------------------
2017-03-20 13:30:41,668 INFO: EPOCH 149 (112.443 seconds):
2017-03-20 13:30:41,671 INFO: 	Average L2 norm of relation vector: 0.02393
2017-03-20 13:30:41,671 INFO: 	COST >> 0.021 +/- 0.002, % updates Left: 1.91%  Right: 1.7%
2017-03-20 13:32:33,194 INFO: ----------------------------------------------------------------------------
2017-03-20 13:32:33,204 INFO: EPOCH 150 (111.52 seconds):
2017-03-20 13:32:33,206 INFO: 	Average L2 norm of relation vector: 0.0239
2017-03-20 13:32:33,207 INFO: 	COST >> 0.021 +/- 0.002, % updates Left: 1.92%  Right: 1.7%
2017-03-20 13:32:33,207 INFO: 	FilteredRanking: evaluating rank on 1000 triples
2017-03-20 13:35:17,375 INFO: 	FilteredRanking: evaluating rank on 1000 triples
2017-03-20 13:38:13,171 INFO: 	MEAN RANK >> valid: 490.9, train: 168.1
2017-03-20 13:38:13,185 INFO: 		MEAN RANK TRAIN: Left: 180.6 Rel: 0.0 Right: 155.6
2017-03-20 13:38:13,186 INFO: 		MEAN RANK VALID: Left: 508.6 Rel: 0.0 Right: 473.3
2017-03-20 13:38:13,186 INFO: 		MEAN RECIPROCAL RANK VALID (L & R): 0.1415
2017-03-20 13:38:13,186 INFO: 	FilteredRanking: evaluating rank on 1000 triples
2017-03-20 13:41:09,235 INFO: 	NEW BEST TEST MR: 482.6
2017-03-20 13:41:09,237 INFO: 		Left MR: 524.5 Rel MR: 0.0 Right MR: 440.6
2017-03-20 13:41:09,313 INFO: 	(ranking took 516.105 seconds)
2017-03-20 13:42:59,030 INFO: ----------------------------------------------------------------------------
2017-03-20 13:42:59,030 INFO: EPOCH 151 (109.717 seconds):
2017-03-20 13:42:59,033 INFO: 	Average L2 norm of relation vector: 0.02389
2017-03-20 13:42:59,049 INFO: 	COST >> 0.021 +/- 0.002, % updates Left: 1.9%  Right: 1.74%
2017-03-20 13:44:42,251 INFO: ----------------------------------------------------------------------------
2017-03-20 13:44:42,252 INFO: EPOCH 152 (103.203 seconds):
2017-03-20 13:44:42,255 INFO: 	Average L2 norm of relation vector: 0.02389
2017-03-20 13:44:42,269 INFO: 	COST >> 0.021 +/- 0.002, % updates Left: 1.93%  Right: 1.74%
2017-03-20 13:46:31,916 INFO: ----------------------------------------------------------------------------
2017-03-20 13:46:31,917 INFO: EPOCH 153 (109.647 seconds):
2017-03-20 13:46:31,919 INFO: 	Average L2 norm of relation vector: 0.02386
2017-03-20 13:46:31,919 INFO: 	COST >> 0.021 +/- 0.002, % updates Left: 1.87%  Right: 1.71%
2017-03-20 13:48:27,869 INFO: ----------------------------------------------------------------------------
2017-03-20 13:48:27,880 INFO: EPOCH 154 (115.961 seconds):
2017-03-20 13:48:27,882 INFO: 	Average L2 norm of relation vector: 0.02385
2017-03-20 13:48:27,883 INFO: 	COST >> 0.02 +/- 0.002, % updates Left: 1.84%  Right: 1.68%
2017-03-20 13:50:16,227 INFO: ----------------------------------------------------------------------------
2017-03-20 13:50:16,236 INFO: EPOCH 155 (108.353 seconds):
2017-03-20 13:50:16,239 INFO: 	Average L2 norm of relation vector: 0.02386
2017-03-20 13:50:16,240 INFO: 	COST >> 0.02 +/- 0.002, % updates Left: 1.85%  Right: 1.71%
2017-03-20 13:51:54,513 INFO: ----------------------------------------------------------------------------
2017-03-20 13:51:54,524 INFO: EPOCH 156 (98.284 seconds):
2017-03-20 13:51:54,527 INFO: 	Average L2 norm of relation vector: 0.02385
2017-03-20 13:51:54,528 INFO: 	COST >> 0.021 +/- 0.002, % updates Left: 1.9%  Right: 1.71%
2017-03-20 13:53:37,795 INFO: ----------------------------------------------------------------------------
2017-03-20 13:53:37,796 INFO: EPOCH 157 (103.267 seconds):
2017-03-20 13:53:37,799 INFO: 	Average L2 norm of relation vector: 0.02383
2017-03-20 13:53:37,800 INFO: 	COST >> 0.02 +/- 0.002, % updates Left: 1.88%  Right: 1.68%
2017-03-20 13:55:12,283 INFO: ----------------------------------------------------------------------------
2017-03-20 13:55:12,296 INFO: EPOCH 158 (94.496 seconds):
2017-03-20 13:55:12,298 INFO: 	Average L2 norm of relation vector: 0.02381
2017-03-20 13:55:12,299 INFO: 	COST >> 0.02 +/- 0.002, % updates Left: 1.84%  Right: 1.67%
2017-03-20 13:56:49,946 INFO: ----------------------------------------------------------------------------
2017-03-20 13:56:49,947 INFO: EPOCH 159 (97.647 seconds):
2017-03-20 13:56:49,949 INFO: 	Average L2 norm of relation vector: 0.02379
2017-03-20 13:56:49,950 INFO: 	COST >> 0.02 +/- 0.002, % updates Left: 1.86%  Right: 1.69%
2017-03-20 13:58:29,580 INFO: ----------------------------------------------------------------------------
2017-03-20 13:58:29,580 INFO: EPOCH 160 (99.63 seconds):
2017-03-20 13:58:29,582 INFO: 	Average L2 norm of relation vector: 0.02374
2017-03-20 13:58:29,583 INFO: 	COST >> 0.02 +/- 0.002, % updates Left: 1.85%  Right: 1.65%
2017-03-20 13:58:29,584 INFO: 	FilteredRanking: evaluating rank on 1000 triples
2017-03-20 14:00:43,946 INFO: 	FilteredRanking: evaluating rank on 1000 triples
2017-03-20 14:03:09,516 INFO: 	MEAN RANK >> valid: 457.8, train: 170.8
2017-03-20 14:03:09,517 INFO: 		MEAN RANK TRAIN: Left: 172.7 Rel: 0.0 Right: 168.9
2017-03-20 14:03:09,517 INFO: 		MEAN RANK VALID: Left: 496.1 Rel: 0.0 Right: 419.6
2017-03-20 14:03:09,518 INFO: 		MEAN RECIPROCAL RANK VALID (L & R): 0.1345
2017-03-20 14:03:09,518 WARNING: 	WARNING, failed to improve MRR on valid, 2 chances left

2017-03-20 14:03:09,578 INFO: 	(ranking took 279.995 seconds)
2017-03-20 14:04:41,844 INFO: ----------------------------------------------------------------------------
2017-03-20 14:04:41,856 INFO: EPOCH 161 (92.277 seconds):
2017-03-20 14:04:41,858 INFO: 	Average L2 norm of relation vector: 0.02373
2017-03-20 14:04:41,859 INFO: 	COST >> 0.02 +/- 0.002, % updates Left: 1.85%  Right: 1.67%
2017-03-20 14:06:16,196 INFO: ----------------------------------------------------------------------------
2017-03-20 14:06:16,197 INFO: EPOCH 162 (94.338 seconds):
2017-03-20 14:06:16,199 INFO: 	Average L2 norm of relation vector: 0.02374
2017-03-20 14:06:16,200 INFO: 	COST >> 0.02 +/- 0.002, % updates Left: 1.88%  Right: 1.72%
2017-03-20 14:07:35,185 INFO: ----------------------------------------------------------------------------
2017-03-20 14:07:35,185 INFO: EPOCH 163 (78.985 seconds):
2017-03-20 14:07:35,188 INFO: 	Average L2 norm of relation vector: 0.02374
2017-03-20 14:07:35,188 INFO: 	COST >> 0.02 +/- 0.002, % updates Left: 1.88%  Right: 1.71%
2017-03-20 14:08:52,309 INFO: ----------------------------------------------------------------------------
2017-03-20 14:08:52,309 INFO: EPOCH 164 (77.121 seconds):
2017-03-20 14:08:52,311 INFO: 	Average L2 norm of relation vector: 0.02373
2017-03-20 14:08:52,312 INFO: 	COST >> 0.02 +/- 0.002, % updates Left: 1.87%  Right: 1.69%
2017-03-20 14:10:15,594 INFO: ----------------------------------------------------------------------------
2017-03-20 14:10:15,594 INFO: EPOCH 165 (83.282 seconds):
2017-03-20 14:10:15,596 INFO: 	Average L2 norm of relation vector: 0.02373
2017-03-20 14:10:15,597 INFO: 	COST >> 0.02 +/- 0.002, % updates Left: 1.87%  Right: 1.69%
2017-03-20 14:11:42,798 INFO: ----------------------------------------------------------------------------
2017-03-20 14:11:42,812 INFO: EPOCH 166 (87.215 seconds):
2017-03-20 14:11:42,815 INFO: 	Average L2 norm of relation vector: 0.0237
2017-03-20 14:11:42,816 INFO: 	COST >> 0.02 +/- 0.002, % updates Left: 1.86%  Right: 1.66%
2017-03-20 14:13:09,394 INFO: ----------------------------------------------------------------------------
2017-03-20 14:13:09,394 INFO: EPOCH 167 (86.578 seconds):
2017-03-20 14:13:09,397 INFO: 	Average L2 norm of relation vector: 0.0237
2017-03-20 14:13:09,397 INFO: 	COST >> 0.02 +/- 0.002, % updates Left: 1.88%  Right: 1.69%
2017-03-20 14:14:57,743 INFO: ----------------------------------------------------------------------------
2017-03-20 14:14:57,744 INFO: EPOCH 168 (108.346 seconds):
2017-03-20 14:14:57,746 INFO: 	Average L2 norm of relation vector: 0.0237
2017-03-20 14:14:57,747 INFO: 	COST >> 0.02 +/- 0.002, % updates Left: 1.89%  Right: 1.68%
2017-03-20 14:16:44,415 INFO: ----------------------------------------------------------------------------
2017-03-20 14:16:44,415 INFO: EPOCH 169 (106.668 seconds):
2017-03-20 14:16:44,418 INFO: 	Average L2 norm of relation vector: 0.02367
2017-03-20 14:16:44,419 INFO: 	COST >> 0.02 +/- 0.002, % updates Left: 1.83%  Right: 1.66%
2017-03-20 14:18:18,502 INFO: ----------------------------------------------------------------------------
2017-03-20 14:18:18,503 INFO: EPOCH 170 (94.083 seconds):
2017-03-20 14:18:18,505 INFO: 	Average L2 norm of relation vector: 0.02366
2017-03-20 14:18:18,506 INFO: 	COST >> 0.02 +/- 0.002, % updates Left: 1.86%  Right: 1.68%
2017-03-20 14:18:18,506 INFO: 	FilteredRanking: evaluating rank on 1000 triples
2017-03-20 14:20:26,622 INFO: 	FilteredRanking: evaluating rank on 1000 triples
2017-03-20 14:22:33,485 INFO: 	MEAN RANK >> valid: 452.5, train: 171.2
2017-03-20 14:22:33,486 INFO: 		MEAN RANK TRAIN: Left: 198.6 Rel: 0.0 Right: 143.9
2017-03-20 14:22:33,486 INFO: 		MEAN RANK VALID: Left: 484.9 Rel: 0.0 Right: 420.1
2017-03-20 14:22:33,487 INFO: 		MEAN RECIPROCAL RANK VALID (L & R): 0.1365
2017-03-20 14:22:33,487 WARNING: 	WARNING, failed to improve MRR on valid, 1 chances left

2017-03-20 14:22:33,548 INFO: 	(ranking took 255.042 seconds)
2017-03-20 14:23:58,824 INFO: ----------------------------------------------------------------------------
2017-03-20 14:23:58,825 INFO: EPOCH 171 (85.277 seconds):
2017-03-20 14:23:58,827 INFO: 	Average L2 norm of relation vector: 0.02366
2017-03-20 14:23:58,828 INFO: 	COST >> 0.02 +/- 0.002, % updates Left: 1.85%  Right: 1.66%
2017-03-20 14:25:11,142 INFO: ----------------------------------------------------------------------------
2017-03-20 14:25:11,143 INFO: EPOCH 172 (72.315 seconds):
2017-03-20 14:25:11,145 INFO: 	Average L2 norm of relation vector: 0.02366
2017-03-20 14:25:11,146 INFO: 	COST >> 0.02 +/- 0.002, % updates Left: 1.86%  Right: 1.71%
2017-03-20 14:26:27,893 INFO: ----------------------------------------------------------------------------
2017-03-20 14:26:27,894 INFO: EPOCH 173 (76.748 seconds):
2017-03-20 14:26:27,897 INFO: 	Average L2 norm of relation vector: 0.02366
2017-03-20 14:26:27,897 INFO: 	COST >> 0.02 +/- 0.002, % updates Left: 1.87%  Right: 1.67%
2017-03-20 14:27:41,333 INFO: ----------------------------------------------------------------------------
2017-03-20 14:27:41,333 INFO: EPOCH 174 (73.435 seconds):
2017-03-20 14:27:41,335 INFO: 	Average L2 norm of relation vector: 0.02365
2017-03-20 14:27:41,336 INFO: 	COST >> 0.02 +/- 0.002, % updates Left: 1.85%  Right: 1.65%
2017-03-20 14:28:48,816 INFO: ----------------------------------------------------------------------------
2017-03-20 14:28:48,817 INFO: EPOCH 175 (67.481 seconds):
2017-03-20 14:28:48,819 INFO: 	Average L2 norm of relation vector: 0.02363
2017-03-20 14:28:48,819 INFO: 	COST >> 0.02 +/- 0.002, % updates Left: 1.86%  Right: 1.72%
2017-03-20 14:29:56,094 INFO: ----------------------------------------------------------------------------
2017-03-20 14:29:56,094 INFO: EPOCH 176 (67.275 seconds):
2017-03-20 14:29:56,096 INFO: 	Average L2 norm of relation vector: 0.02363
2017-03-20 14:29:56,097 INFO: 	COST >> 0.02 +/- 0.002, % updates Left: 1.83%  Right: 1.69%
2017-03-20 14:31:14,300 INFO: ----------------------------------------------------------------------------
2017-03-20 14:31:14,301 INFO: EPOCH 177 (78.203 seconds):
2017-03-20 14:31:14,303 INFO: 	Average L2 norm of relation vector: 0.02364
2017-03-20 14:31:14,304 INFO: 	COST >> 0.02 +/- 0.002, % updates Left: 1.79%  Right: 1.66%
2017-03-20 14:32:49,171 INFO: ----------------------------------------------------------------------------
2017-03-20 14:32:49,184 INFO: EPOCH 178 (94.88 seconds):
2017-03-20 14:32:49,187 INFO: 	Average L2 norm of relation vector: 0.02361
2017-03-20 14:32:49,187 INFO: 	COST >> 0.02 +/- 0.002, % updates Left: 1.82%  Right: 1.65%
2017-03-20 14:34:26,414 INFO: ----------------------------------------------------------------------------
2017-03-20 14:34:26,415 INFO: EPOCH 179 (97.227 seconds):
2017-03-20 14:34:26,417 INFO: 	Average L2 norm of relation vector: 0.02361
2017-03-20 14:34:26,418 INFO: 	COST >> 0.02 +/- 0.002, % updates Left: 1.84%  Right: 1.67%
2017-03-20 14:35:52,789 INFO: ----------------------------------------------------------------------------
2017-03-20 14:35:52,790 INFO: EPOCH 180 (86.372 seconds):
2017-03-20 14:35:52,792 INFO: 	Average L2 norm of relation vector: 0.02361
2017-03-20 14:35:52,793 INFO: 	COST >> 0.02 +/- 0.002, % updates Left: 1.83%  Right: 1.68%
2017-03-20 14:35:52,793 INFO: 	FilteredRanking: evaluating rank on 1000 triples
2017-03-20 14:37:39,925 INFO: 	FilteredRanking: evaluating rank on 1000 triples
2017-03-20 14:39:34,809 INFO: 	MEAN RANK >> valid: 462.0, train: 169.9
2017-03-20 14:39:34,810 INFO: 		MEAN RANK TRAIN: Left: 173.3 Rel: 0.0 Right: 166.5
2017-03-20 14:39:34,810 INFO: 		MEAN RANK VALID: Left: 487.3 Rel: 0.0 Right: 436.7
2017-03-20 14:39:34,811 INFO: 		MEAN RECIPROCAL RANK VALID (L & R): 0.141
2017-03-20 14:39:34,811 WARNING: 	WARNING, failed to improve MRR on valid, 0 chances left

2017-03-20 14:39:34,900 INFO: 	(ranking took 222.106 seconds)
2017-03-20 14:40:58,514 INFO: ----------------------------------------------------------------------------
2017-03-20 14:40:58,514 INFO: EPOCH 181 (83.614 seconds):
2017-03-20 14:40:58,516 INFO: 	Average L2 norm of relation vector: 0.0236
2017-03-20 14:40:58,517 INFO: 	COST >> 0.02 +/- 0.002, % updates Left: 1.83%  Right: 1.66%
2017-03-20 14:42:45,427 INFO: ----------------------------------------------------------------------------
2017-03-20 14:42:45,427 INFO: EPOCH 182 (106.91 seconds):
2017-03-20 14:42:45,430 INFO: 	Average L2 norm of relation vector: 0.02357
2017-03-20 14:42:45,431 INFO: 	COST >> 0.02 +/- 0.002, % updates Left: 1.82%  Right: 1.67%
2017-03-20 14:44:25,687 INFO: ----------------------------------------------------------------------------
2017-03-20 14:44:25,687 INFO: EPOCH 183 (100.256 seconds):
2017-03-20 14:44:25,689 INFO: 	Average L2 norm of relation vector: 0.02358
2017-03-20 14:44:25,690 INFO: 	COST >> 0.02 +/- 0.002, % updates Left: 1.84%  Right: 1.66%
2017-03-20 14:45:36,812 INFO: ----------------------------------------------------------------------------
2017-03-20 14:45:36,813 INFO: EPOCH 184 (71.122 seconds):
2017-03-20 14:45:36,816 INFO: 	Average L2 norm of relation vector: 0.02358
2017-03-20 14:45:36,817 INFO: 	COST >> 0.02 +/- 0.002, % updates Left: 1.82%  Right: 1.65%
2017-03-20 14:46:58,915 INFO: ----------------------------------------------------------------------------
2017-03-20 14:46:58,915 INFO: EPOCH 185 (82.099 seconds):
2017-03-20 14:46:58,919 INFO: 	Average L2 norm of relation vector: 0.02358
2017-03-20 14:46:58,920 INFO: 	COST >> 0.02 +/- 0.002, % updates Left: 1.85%  Right: 1.67%
2017-03-20 14:48:15,005 INFO: ----------------------------------------------------------------------------
2017-03-20 14:48:15,005 INFO: EPOCH 186 (76.085 seconds):
2017-03-20 14:48:15,007 INFO: 	Average L2 norm of relation vector: 0.02357
2017-03-20 14:48:15,008 INFO: 	COST >> 0.02 +/- 0.002, % updates Left: 1.83%  Right: 1.68%
2017-03-20 14:49:38,778 INFO: ----------------------------------------------------------------------------
2017-03-20 14:49:38,788 INFO: EPOCH 187 (83.78 seconds):
2017-03-20 14:49:38,790 INFO: 	Average L2 norm of relation vector: 0.02359
2017-03-20 14:49:38,791 INFO: 	COST >> 0.02 +/- 0.002, % updates Left: 1.84%  Right: 1.65%
2017-03-20 14:51:03,350 INFO: ----------------------------------------------------------------------------
2017-03-20 14:51:03,350 INFO: EPOCH 188 (84.546 seconds):
2017-03-20 14:51:03,352 INFO: 	Average L2 norm of relation vector: 0.02356
2017-03-20 14:51:03,353 INFO: 	COST >> 0.02 +/- 0.002, % updates Left: 1.79%  Right: 1.66%
2017-03-20 14:52:25,849 INFO: ----------------------------------------------------------------------------
2017-03-20 14:52:25,850 INFO: EPOCH 189 (82.496 seconds):
2017-03-20 14:52:25,853 INFO: 	Average L2 norm of relation vector: 0.02355
2017-03-20 14:52:25,869 INFO: 	COST >> 0.02 +/- 0.002, % updates Left: 1.84%  Right: 1.64%
2017-03-20 14:53:49,220 INFO: ----------------------------------------------------------------------------
2017-03-20 14:53:49,221 INFO: EPOCH 190 (83.351 seconds):
2017-03-20 14:53:49,224 INFO: 	Average L2 norm of relation vector: 0.02355
2017-03-20 14:53:49,225 INFO: 	COST >> 0.02 +/- 0.002, % updates Left: 1.85%  Right: 1.64%
2017-03-20 14:53:49,226 INFO: 	FilteredRanking: evaluating rank on 1000 triples
2017-03-20 14:55:42,999 INFO: 	FilteredRanking: evaluating rank on 1000 triples
2017-03-20 14:57:42,317 INFO: 	MEAN RANK >> valid: 446.2, train: 164.1
2017-03-20 14:57:42,318 INFO: 		MEAN RANK TRAIN: Left: 194.5 Rel: 0.0 Right: 133.8
2017-03-20 14:57:42,319 INFO: 		MEAN RANK VALID: Left: 474.2 Rel: 0.0 Right: 418.2
2017-03-20 14:57:42,319 INFO: 		MEAN RECIPROCAL RANK VALID (L & R): 0.134
2017-03-20 14:57:42,319 WARNING: EARLY STOPPING, failed to improve MRR on valid after 30 epochs
2017-03-20 14:57:42,319 INFO: ----------------------------------------------------------------------------
2017-03-20 14:57:42,319 INFO: ----------------------------------------------------------------------------
2017-03-20 14:57:43,064 INFO: 	Ranking model on all examples from test. Each example ranked against 14951 other entities
2017-03-20 14:57:43,427 INFO: 	Ranking: evaluating rank on 59071 triples
2017-03-20 16:07:23,048 INFO: left_ranks: (59071,), right_ranks: (59071,), rel_ranks: (59071,)
2017-03-20 16:07:23,075 INFO: max left_ranks: 14951, max right_ranks: 14951, max rel_ranks: 0
2017-03-20 16:07:24,178 INFO: MICRO RAW:
2017-03-20 16:07:24,179 INFO: 	Left mean rank: 633.968, MRR: 0.121, median rank: 92.0, hits@10: 22.886%
2017-03-20 16:07:24,179 INFO: 	Right mean rank: 528.743, MRR: 0.155, median rank: 50.0, hits@10: 28.76%
2017-03-20 16:07:24,179 INFO: 	Global mean rank: 581.355, MRR: 0.138, median rank: 67.0, hits@10: 25.823%
2017-03-20 16:07:24,179 INFO: MACRO RAW
2017-03-20 16:07:24,179 INFO: 	Left mean rank: 933.803, MRR: 0.137, median rank: 76.0, hits@10: 26.151%
2017-03-20 16:07:24,180 INFO: 	Right mean rank: 855.503, MRR: 0.166, median rank: 52.0, hits@10: 30.62%
2017-03-20 16:07:24,180 INFO: 	Global mean rank: 894.653, MRR: 0.151, median rank: 53.5, hits@10: 28.385%
2017-03-20 16:07:24,202 INFO: Ranking model on all examples from test. Each example ranked against 14951 other entities which are FILTERED
2017-03-20 16:07:25,709 INFO: 	FilteredRanking: evaluating rank on 59071 triples
2017-03-20 17:57:26,662 INFO: MICRO FILTERED:
2017-03-20 17:57:26,662 INFO: 	Left mean rank: 508.81913, MRR: 0.19357, median rank: 43.0, hits@10: 32.243%
2017-03-20 17:57:26,663 INFO: 	Right mean rank: 451.63265, MRR: 0.21535, median rank: 30.0, hits@10: 35.987%
2017-03-20 17:57:26,663 INFO: 	Global mean rank: 480.22589, MRR: 0.20446, median rank: 36.0, hits@10: 34.115%
2017-03-20 17:57:26,663 INFO: MACRO FILTERED
2017-03-20 17:57:26,663 INFO: 	Left mean rank: 905.56894, MRR: 0.17943, median rank: 49.0, hits@10: 31.855%
2017-03-20 17:57:26,663 INFO: 	Right mean rank: 842.32268, MRR: 0.19739, median rank: 42.5, hits@10: 34.202%
2017-03-20 17:57:26,663 INFO: 	Global mean rank: 873.94581, MRR: 0.18841, median rank: 43.5, hits@10: 33.028%
