2017-04-27 15:38:03,218 INFO: logger initialized for experiment identifier: Path_TransE_L1_ndim_100_marg_1.0_lrate_0.01_cost_margincost_reg_0.001_horn_False_useIntermedNodes_False_compop_compose_TransE_loadEmb_False
2017-04-27 15:38:03,218 INFO: identifier: Path_TransE_L1_ndim_100_marg_1.0_lrate_0.01_cost_margincost_reg_0.001_horn_False_useIntermedNodes_False_compop_compose_TransE_loadEmb_False
2017-04-27 15:38:03,218 INFO: models saved to path: /Users/corbinrosset/Dropbox/Arora/QA-code/src/KBC_Text/outputs/FB15k_Path_TransE/
2017-04-27 15:38:03,219 INFO: DD{'ndim': 100, 'test_all': 10, 'Nsyn_rel': 1345, 'graph_files': ['length_2_numPaths_50000000', 'length_3_numPaths_50000000'], 'nvalid': 1000, 'seed': 123, 'simfn': 'L1', 'nbatches': 100, 'lrparam': 0.01, 'loademb': None, 'datapath': '/Users/corbinrosset/Dropbox/Arora/QA-code/src/KBC_Text/data/', 'compop': 'compose_TransE', 'Nrel': 1345, 'rel': False, 'Nent': 14951, 'logger': <logging.RootLogger object at 0x109600f90>, 'Nsyn': 14951, 'reg': 0.001, 'useHornPaths': False, 'dataset': 'FB15k', 'bestvalidMRR': -1, 'loadmodel': False, 'needIntermediateNodesOnPaths': False, 'savepath': '/Users/corbinrosset/Dropbox/Arora/QA-code/src/KBC_Text/outputs/FB15k_Path_TransE/Path_TransE_L1_ndim_100_marg_1.0_lrate_0.01_cost_margincost_reg_0.001_horn_False_useIntermedNodes_False_compop_compose_TransE_loadEmb_False', 'marge': 1.0, 'margincostfunction': 'margincost', 'lremb': 0.01, 'identifier': 'Path_TransE_L1_ndim_100_marg_1.0_lrate_0.01_cost_margincost_reg_0.001_horn_False_useIntermedNodes_False_compop_compose_TransE_loadEmb_False', 'ntrain': 1000, 'experiment_type': 'FB15k_path_exp', 'totepochs': 500, 'ntest': 1000}
2017-04-27 15:38:03,219 INFO: initializing graph
2017-04-27 15:38:05,057 INFO: loaded FB15k data in: 1.808764 seconds
2017-04-27 15:38:05,060 INFO: loading length_2_numPaths_50000000_train.path file
2017-04-27 15:38:10,175 INFO: loading length_2_numPaths_50000000_dev.path file
2017-04-27 15:38:10,224 INFO: loading length_2_numPaths_50000000_test.path file
2017-04-27 15:38:10,269 INFO: loading length_3_numPaths_50000000_train.path file
2017-04-27 15:38:15,854 INFO: loading length_3_numPaths_50000000_dev.path file
2017-04-27 15:38:15,908 INFO: loading length_3_numPaths_50000000_test.path file
2017-04-27 15:38:16,003 DEBUG: FB15kexp_path: training paths: [(100000, 2), (100000, 3)], dev paths: [(1000, 2), (1000, 3)]
2017-04-27 15:38:19,974 DEBUG: loaded data, constructed model, constructed graph...
2017-04-27 15:38:19,974 DEBUG: num epochs: 500
2017-04-27 15:38:19,974 DEBUG: num batches per epoch: 100
2017-04-27 15:38:19,974 DEBUG: batchsize: 1000
2017-04-27 15:38:19,975 DEBUG: left and right entity ranking functions will rank a slot against 14951 competitors
2017-04-27 15:38:19,975 INFO: ======================== BEGIN TRAINING: length_2_numPaths_50000000 ========================
2017-04-27 15:40:39,457 INFO: ----------------------------------------------------------------------------
2017-04-27 15:40:39,458 INFO: EPOCH 1 (139.483 seconds):
2017-04-27 15:40:39,478 INFO: 	Average L2 norm of relation vector: 0.03843
2017-04-27 15:40:39,478 INFO: 	COST >> 1.929 +/- 0.129, % updates Left: 68.3% Rel: 0.0% Right: 54.9%
2017-04-27 15:43:56,616 INFO: ----------------------------------------------------------------------------
2017-04-27 15:43:56,616 INFO: EPOCH 2 (197.138 seconds):
2017-04-27 15:43:56,617 INFO: 	Average L2 norm of relation vector: 0.04103
2017-04-27 15:43:56,618 INFO: 	COST >> 1.175 +/- 0.055, % updates Left: 49.4% Rel: 0.0% Right: 43.3%
2017-04-27 15:47:26,620 INFO: ----------------------------------------------------------------------------
2017-04-27 15:47:26,620 INFO: EPOCH 3 (210.002 seconds):
2017-04-27 15:47:26,621 INFO: 	Average L2 norm of relation vector: 0.04243
2017-04-27 15:47:26,622 INFO: 	COST >> 0.88 +/- 0.062, % updates Left: 44.9% Rel: 0.0% Right: 37.7%
2017-04-27 15:50:39,046 INFO: ----------------------------------------------------------------------------
2017-04-27 15:50:39,046 INFO: EPOCH 4 (192.424 seconds):
2017-04-27 15:50:39,047 INFO: 	Average L2 norm of relation vector: 0.04333
2017-04-27 15:50:39,047 INFO: 	COST >> 0.7 +/- 0.054, % updates Left: 34.2% Rel: 0.0% Right: 30.1%
2017-04-27 15:53:52,108 INFO: ----------------------------------------------------------------------------
2017-04-27 15:53:52,108 INFO: EPOCH 5 (193.061 seconds):
2017-04-27 15:53:52,109 INFO: 	Average L2 norm of relation vector: 0.04397
2017-04-27 15:53:52,109 INFO: 	COST >> 0.599 +/- 0.053, % updates Left: 35.4% Rel: 0.0% Right: 29.1%
2017-04-27 15:57:03,401 INFO: ----------------------------------------------------------------------------
2017-04-27 15:57:03,401 INFO: EPOCH 6 (191.292 seconds):
2017-04-27 15:57:03,402 INFO: 	Average L2 norm of relation vector: 0.04452
2017-04-27 15:57:03,402 INFO: 	COST >> 0.524 +/- 0.049, % updates Left: 30.6% Rel: 0.0% Right: 26.2%
2017-04-27 16:00:18,474 INFO: ----------------------------------------------------------------------------
2017-04-27 16:00:18,474 INFO: EPOCH 7 (195.072 seconds):
2017-04-27 16:00:18,475 INFO: 	Average L2 norm of relation vector: 0.04495
2017-04-27 16:00:18,476 INFO: 	COST >> 0.463 +/- 0.042, % updates Left: 26.0% Rel: 0.0% Right: 26.0%
2017-04-27 16:03:25,185 INFO: ----------------------------------------------------------------------------
2017-04-27 16:03:25,185 INFO: EPOCH 8 (186.71 seconds):
2017-04-27 16:03:25,186 INFO: 	Average L2 norm of relation vector: 0.04532
2017-04-27 16:03:25,187 INFO: 	COST >> 0.414 +/- 0.04, % updates Left: 25.3% Rel: 0.0% Right: 21.5%
2017-04-27 16:06:30,273 INFO: ----------------------------------------------------------------------------
2017-04-27 16:06:30,273 INFO: EPOCH 9 (185.086 seconds):
2017-04-27 16:06:30,274 INFO: 	Average L2 norm of relation vector: 0.04563
2017-04-27 16:06:30,274 INFO: 	COST >> 0.377 +/- 0.042, % updates Left: 22.9% Rel: 0.0% Right: 20.8%
2017-04-27 16:09:44,489 INFO: ----------------------------------------------------------------------------
2017-04-27 16:09:44,489 INFO: EPOCH 10 (194.215 seconds):
2017-04-27 16:09:44,490 INFO: 	Average L2 norm of relation vector: 0.04594
2017-04-27 16:09:44,490 INFO: 	COST >> 0.34 +/- 0.037, % updates Left: 21.0% Rel: 0.0% Right: 20.1%
2017-04-27 16:09:44,491 INFO: 	FilteredRanking: evaluating rank on 1000 triples
2017-04-27 16:11:01,729 INFO: 	FilteredRanking: evaluating rank on 1000 triples
2017-04-27 16:12:16,535 INFO: 	MEAN RANK >> valid: 4293.8, train: 3997.8
2017-04-27 16:12:16,536 INFO: 		MEAN RANK TRAIN: Left: 4370.5 Rel: 0.0 Right: 3625.0
2017-04-27 16:12:16,536 INFO: 		MEAN RANK VALID: Left: 4819.6 Rel: 0.0 Right: 3768.0
2017-04-27 16:12:16,536 INFO: 		MEAN RECIPROCAL RANK VALID (L & R): 0.039
2017-04-27 16:12:16,537 INFO: 	FilteredRanking: evaluating rank on 1000 triples
2017-04-27 16:13:25,237 INFO: 	NEW BEST TEST MR: 4391.6
2017-04-27 16:13:25,238 INFO: 		Left MR: 4804.5 Rel MR: 0.0 Right MR: 3978.7
2017-04-27 16:13:25,289 INFO: 	(ranking took 220.798 seconds)
2017-04-27 16:16:02,142 INFO: ----------------------------------------------------------------------------
2017-04-27 16:16:02,144 INFO: EPOCH 11 (156.856 seconds):
2017-04-27 16:16:02,146 INFO: 	Average L2 norm of relation vector: 0.04621
2017-04-27 16:16:02,146 INFO: 	COST >> 0.311 +/- 0.035, % updates Left: 18.8% Rel: 0.0% Right: 21.2%
2017-04-27 16:19:15,366 INFO: ----------------------------------------------------------------------------
2017-04-27 16:19:15,366 INFO: EPOCH 12 (193.22 seconds):
2017-04-27 16:19:15,367 INFO: 	Average L2 norm of relation vector: 0.04643
2017-04-27 16:19:15,367 INFO: 	COST >> 0.288 +/- 0.029, % updates Left: 21.5% Rel: 0.0% Right: 19.3%
2017-04-27 16:22:22,988 INFO: ----------------------------------------------------------------------------
2017-04-27 16:22:22,988 INFO: EPOCH 13 (187.621 seconds):
2017-04-27 16:22:22,989 INFO: 	Average L2 norm of relation vector: 0.04666
2017-04-27 16:22:22,990 INFO: 	COST >> 0.263 +/- 0.027, % updates Left: 17.0% Rel: 0.0% Right: 16.8%
2017-04-27 16:58:18,961 INFO: ----------------------------------------------------------------------------
2017-04-27 16:58:18,961 INFO: EPOCH 14 (2155.972 seconds):
2017-04-27 16:58:18,962 INFO: 	Average L2 norm of relation vector: 0.04685
2017-04-27 16:58:18,963 INFO: 	COST >> 0.246 +/- 0.026, % updates Left: 19.7% Rel: 0.0% Right: 16.6%
2017-04-27 17:01:27,105 INFO: ----------------------------------------------------------------------------
2017-04-27 17:01:27,105 INFO: EPOCH 15 (188.142 seconds):
2017-04-27 17:01:27,106 INFO: 	Average L2 norm of relation vector: 0.04703
2017-04-27 17:01:27,106 INFO: 	COST >> 0.231 +/- 0.026, % updates Left: 17.5% Rel: 0.0% Right: 16.1%
2017-04-27 17:04:30,704 INFO: ----------------------------------------------------------------------------
2017-04-27 17:04:30,704 INFO: EPOCH 16 (183.598 seconds):
2017-04-27 17:04:30,705 INFO: 	Average L2 norm of relation vector: 0.04719
2017-04-27 17:04:30,705 INFO: 	COST >> 0.215 +/- 0.025, % updates Left: 16.1% Rel: 0.0% Right: 15.3%
2017-04-27 17:07:35,888 INFO: ----------------------------------------------------------------------------
2017-04-27 17:07:35,888 INFO: EPOCH 17 (185.183 seconds):
2017-04-27 17:07:35,889 INFO: 	Average L2 norm of relation vector: 0.04733
2017-04-27 17:07:35,890 INFO: 	COST >> 0.204 +/- 0.022, % updates Left: 16.3% Rel: 0.0% Right: 15.5%
2017-04-27 17:10:42,726 INFO: ----------------------------------------------------------------------------
2017-04-27 17:10:42,726 INFO: EPOCH 18 (186.837 seconds):
2017-04-27 17:10:42,727 INFO: 	Average L2 norm of relation vector: 0.04747
2017-04-27 17:10:42,727 INFO: 	COST >> 0.189 +/- 0.022, % updates Left: 17.9% Rel: 0.0% Right: 14.6%
2017-04-27 17:13:57,328 INFO: ----------------------------------------------------------------------------
2017-04-27 17:13:57,328 INFO: EPOCH 19 (194.6 seconds):
2017-04-27 17:13:57,329 INFO: 	Average L2 norm of relation vector: 0.04761
2017-04-27 17:13:57,329 INFO: 	COST >> 0.181 +/- 0.019, % updates Left: 15.8% Rel: 0.0% Right: 13.1%
2017-04-27 17:17:25,658 INFO: ----------------------------------------------------------------------------
2017-04-27 17:17:25,658 INFO: EPOCH 20 (208.329 seconds):
2017-04-27 17:17:25,659 INFO: 	Average L2 norm of relation vector: 0.04775
2017-04-27 17:17:25,660 INFO: 	COST >> 0.173 +/- 0.019, % updates Left: 13.7% Rel: 0.0% Right: 11.3%
2017-04-27 17:17:25,660 INFO: 	FilteredRanking: evaluating rank on 1000 triples
2017-04-27 17:18:46,960 INFO: 	FilteredRanking: evaluating rank on 1000 triples
2017-04-27 17:20:04,890 INFO: 	MEAN RANK >> valid: 4042.0, train: 3726.7
2017-04-27 17:20:04,890 INFO: 		MEAN RANK TRAIN: Left: 4018.3 Rel: 0.0 Right: 3435.1
2017-04-27 17:20:04,891 INFO: 		MEAN RANK VALID: Left: 4565.7 Rel: 0.0 Right: 3518.3
2017-04-27 17:20:04,891 INFO: 		MEAN RECIPROCAL RANK VALID (L & R): 0.0395
2017-04-27 17:20:04,891 INFO: 	FilteredRanking: evaluating rank on 1000 triples
2017-04-27 17:21:12,588 INFO: 	NEW BEST TEST MR: 4092.9
2017-04-27 17:21:12,589 INFO: 		Left MR: 4464.6 Rel MR: 0.0 Right MR: 3721.2
2017-04-27 17:21:12,712 INFO: 	(ranking took 227.052 seconds)
2017-04-27 17:24:05,469 INFO: ----------------------------------------------------------------------------
2017-04-27 17:24:05,470 INFO: EPOCH 21 (172.758 seconds):
2017-04-27 17:24:05,470 INFO: 	Average L2 norm of relation vector: 0.04787
2017-04-27 17:24:05,471 INFO: 	COST >> 0.167 +/- 0.019, % updates Left: 11.7% Rel: 0.0% Right: 11.7%
2017-04-27 17:27:13,724 INFO: ----------------------------------------------------------------------------
2017-04-27 17:27:13,724 INFO: EPOCH 22 (188.253 seconds):
2017-04-27 17:27:13,725 INFO: 	Average L2 norm of relation vector: 0.04798
2017-04-27 17:27:13,726 INFO: 	COST >> 0.159 +/- 0.018, % updates Left: 13.7% Rel: 0.0% Right: 12.5%
2017-04-27 17:30:33,830 INFO: ----------------------------------------------------------------------------
2017-04-27 17:30:33,830 INFO: EPOCH 23 (200.104 seconds):
2017-04-27 17:30:33,831 INFO: 	Average L2 norm of relation vector: 0.04809
2017-04-27 17:30:33,831 INFO: 	COST >> 0.152 +/- 0.018, % updates Left: 12.3% Rel: 0.0% Right: 11.3%
2017-04-27 17:33:53,215 INFO: ----------------------------------------------------------------------------
2017-04-27 17:33:53,217 INFO: EPOCH 24 (199.386 seconds):
2017-04-27 17:33:53,218 INFO: 	Average L2 norm of relation vector: 0.04818
2017-04-27 17:33:53,218 INFO: 	COST >> 0.144 +/- 0.017, % updates Left: 13.5% Rel: 0.0% Right: 12.1%
2017-04-27 17:37:14,563 INFO: ----------------------------------------------------------------------------
2017-04-27 17:37:14,565 INFO: EPOCH 25 (201.347 seconds):
2017-04-27 17:37:14,566 INFO: 	Average L2 norm of relation vector: 0.04827
2017-04-27 17:37:14,567 INFO: 	COST >> 0.142 +/- 0.014, % updates Left: 13.1% Rel: 0.0% Right: 10.9%
2017-04-27 17:40:37,331 INFO: ----------------------------------------------------------------------------
2017-04-27 17:40:37,334 INFO: EPOCH 26 (202.767 seconds):
2017-04-27 17:40:37,334 INFO: 	Average L2 norm of relation vector: 0.04835
2017-04-27 17:40:37,335 INFO: 	COST >> 0.137 +/- 0.016, % updates Left: 11.7% Rel: 0.0% Right: 11.6%
2017-04-27 17:43:49,486 INFO: ----------------------------------------------------------------------------
2017-04-27 17:43:49,486 INFO: EPOCH 27 (192.151 seconds):
2017-04-27 17:43:49,487 INFO: 	Average L2 norm of relation vector: 0.04844
2017-04-27 17:43:49,488 INFO: 	COST >> 0.133 +/- 0.016, % updates Left: 12.4% Rel: 0.0% Right: 8.8%
2017-04-27 17:46:57,219 INFO: ----------------------------------------------------------------------------
2017-04-27 17:46:57,223 INFO: EPOCH 28 (187.735 seconds):
2017-04-27 17:46:57,225 INFO: 	Average L2 norm of relation vector: 0.04851
2017-04-27 17:46:57,225 INFO: 	COST >> 0.129 +/- 0.014, % updates Left: 11.5% Rel: 0.0% Right: 9.8%
2017-04-27 17:50:02,426 INFO: ----------------------------------------------------------------------------
2017-04-27 17:50:02,426 INFO: EPOCH 29 (185.201 seconds):
2017-04-27 17:50:02,427 INFO: 	Average L2 norm of relation vector: 0.04857
2017-04-27 17:50:02,427 INFO: 	COST >> 0.123 +/- 0.014, % updates Left: 10.2% Rel: 0.0% Right: 10.9%
2017-04-27 17:53:38,394 INFO: ----------------------------------------------------------------------------
2017-04-27 17:53:38,394 INFO: EPOCH 30 (215.967 seconds):
2017-04-27 17:53:38,395 INFO: 	Average L2 norm of relation vector: 0.04865
2017-04-27 17:53:38,395 INFO: 	COST >> 0.12 +/- 0.015, % updates Left: 11.7% Rel: 0.0% Right: 10.2%
2017-04-27 17:53:38,396 INFO: 	FilteredRanking: evaluating rank on 1000 triples
2017-04-27 17:54:53,665 INFO: 	FilteredRanking: evaluating rank on 1000 triples
2017-04-27 17:56:01,616 INFO: 	MEAN RANK >> valid: 3808.5, train: 3499.8
2017-04-27 17:56:01,617 INFO: 		MEAN RANK TRAIN: Left: 3795.3 Rel: 0.0 Right: 3204.3
2017-04-27 17:56:01,617 INFO: 		MEAN RANK VALID: Left: 4258.9 Rel: 0.0 Right: 3358.0
2017-04-27 17:56:01,617 INFO: 		MEAN RECIPROCAL RANK VALID (L & R): 0.043
2017-04-27 17:56:01,617 INFO: 	FilteredRanking: evaluating rank on 1000 triples
2017-04-27 17:57:11,007 INFO: 	NEW BEST TEST MR: 4025.0
2017-04-27 17:57:11,007 INFO: 		Left MR: 4428.9 Rel MR: 0.0 Right MR: 3621.0
2017-04-27 17:57:11,141 INFO: 	(ranking took 212.746 seconds)
2017-04-27 18:00:25,643 INFO: ----------------------------------------------------------------------------
2017-04-27 18:00:25,643 INFO: EPOCH 31 (194.501 seconds):
2017-04-27 18:00:25,643 INFO: 	Average L2 norm of relation vector: 0.04871
2017-04-27 18:00:25,644 INFO: 	COST >> 0.117 +/- 0.011, % updates Left: 10.6% Rel: 0.0% Right: 10.4%
2017-04-27 18:03:37,304 INFO: ----------------------------------------------------------------------------
2017-04-27 18:03:37,304 INFO: EPOCH 32 (191.66 seconds):
2017-04-27 18:03:37,305 INFO: 	Average L2 norm of relation vector: 0.04877
2017-04-27 18:03:37,306 INFO: 	COST >> 0.117 +/- 0.012, % updates Left: 11.8% Rel: 0.0% Right: 9.5%
2017-04-27 18:06:42,596 INFO: ----------------------------------------------------------------------------
2017-04-27 18:06:42,597 INFO: EPOCH 33 (185.291 seconds):
2017-04-27 18:06:42,597 INFO: 	Average L2 norm of relation vector: 0.04882
2017-04-27 18:06:42,598 INFO: 	COST >> 0.113 +/- 0.014, % updates Left: 10.6% Rel: 0.0% Right: 9.2%
2017-04-27 18:10:16,962 INFO: ----------------------------------------------------------------------------
2017-04-27 18:10:16,962 INFO: EPOCH 34 (214.365 seconds):
2017-04-27 18:10:16,963 INFO: 	Average L2 norm of relation vector: 0.04887
2017-04-27 18:10:16,964 INFO: 	COST >> 0.11 +/- 0.013, % updates Left: 9.1% Rel: 0.0% Right: 9.7%
2017-04-27 18:13:55,404 INFO: ----------------------------------------------------------------------------
2017-04-27 18:13:55,404 INFO: EPOCH 35 (218.44 seconds):
2017-04-27 18:13:55,405 INFO: 	Average L2 norm of relation vector: 0.04893
2017-04-27 18:13:55,406 INFO: 	COST >> 0.106 +/- 0.013, % updates Left: 10.5% Rel: 0.0% Right: 9.6%
2017-04-27 18:17:29,025 INFO: ----------------------------------------------------------------------------
2017-04-27 18:17:29,025 INFO: EPOCH 36 (213.619 seconds):
2017-04-27 18:17:29,026 INFO: 	Average L2 norm of relation vector: 0.04897
2017-04-27 18:17:29,026 INFO: 	COST >> 0.105 +/- 0.012, % updates Left: 10.6% Rel: 0.0% Right: 8.0%
2017-04-27 18:20:55,859 INFO: ----------------------------------------------------------------------------
2017-04-27 18:20:55,861 INFO: EPOCH 37 (206.835 seconds):
2017-04-27 18:20:55,862 INFO: 	Average L2 norm of relation vector: 0.04902
2017-04-27 18:20:55,862 INFO: 	COST >> 0.102 +/- 0.012, % updates Left: 9.5% Rel: 0.0% Right: 8.4%
2017-04-27 18:24:05,724 INFO: ----------------------------------------------------------------------------
2017-04-27 18:24:05,724 INFO: EPOCH 38 (189.862 seconds):
2017-04-27 18:24:05,725 INFO: 	Average L2 norm of relation vector: 0.04907
2017-04-27 18:24:05,725 INFO: 	COST >> 0.102 +/- 0.011, % updates Left: 10.0% Rel: 0.0% Right: 9.8%
2017-04-27 21:40:03,233 INFO: ----------------------------------------------------------------------------
2017-04-27 21:40:03,242 INFO: EPOCH 39 (11757.516 seconds):
2017-04-27 21:40:03,243 INFO: 	Average L2 norm of relation vector: 0.04911
2017-04-27 21:40:03,244 INFO: 	COST >> 0.1 +/- 0.011, % updates Left: 10.9% Rel: 0.0% Right: 8.2%
2017-04-27 21:43:16,145 INFO: ----------------------------------------------------------------------------
2017-04-27 21:43:16,145 INFO: EPOCH 40 (192.901 seconds):
2017-04-27 21:43:16,146 INFO: 	Average L2 norm of relation vector: 0.04916
2017-04-27 21:43:16,146 INFO: 	COST >> 0.099 +/- 0.011, % updates Left: 8.2% Rel: 0.0% Right: 8.7%
2017-04-27 21:43:16,149 INFO: 	FilteredRanking: evaluating rank on 1000 triples
2017-04-27 21:44:23,893 INFO: 	FilteredRanking: evaluating rank on 1000 triples
2017-04-27 21:45:32,484 INFO: 	MEAN RANK >> valid: 3830.8, train: 3384.9
2017-04-27 21:45:32,485 INFO: 		MEAN RANK TRAIN: Left: 3641.2 Rel: 0.0 Right: 3128.7
2017-04-27 21:45:32,486 INFO: 		MEAN RANK VALID: Left: 4263.5 Rel: 0.0 Right: 3398.0
2017-04-27 21:45:32,486 INFO: 		MEAN RECIPROCAL RANK VALID (L & R): 0.0475
2017-04-27 21:45:32,486 INFO: 	FilteredRanking: evaluating rank on 1000 triples
