2017-03-20 03:25:55,603 INFO: logger initialized for experiment identifier: ModelE_Sum_ndim_100_marg_0.2_lrate_0.01_cost_margincost_pos_high_reg_0.01
2017-03-20 03:25:55,604 INFO: DD{'ndim': 100, 'test_all': 10, 'Nsyn_rel': 1345, 'totepochs': 500, 'bestvalidMRR': -1, 'loadmodel': False, 'lremb': 0.01, 'nvalid': 1000, 'seed': 123, 'marge': 0.2, 'margincostfunction': 'margincost_pos_high', 'simfn': 'Sum', 'savepath': '/Users/corbinrosset/Dropbox/Arora/QA-code/src/KBC_Text/outputs/FB15k_ModelE/ModelE_Sum_ndim_100_marg_0.2_lrate_0.01_cost_margincost_pos_high_reg_0.01', 'dataset': 'FB15k', 'nbatches': 100, 'identifier': 'ModelE_Sum_ndim_100_marg_0.2_lrate_0.01_cost_margincost_pos_high_reg_0.01', 'lrparam': 0.01, 'loademb': False, 'datapath': '/Users/corbinrosset/Dropbox/Arora/QA-code/src/KBC_Text/data/', 'ntrain': 1000, 'Nrel': 1345, 'experiment_type': 'FB15kexp', 'rel': False, 'Nent': 16296, 'logger': <logging.RootLogger object at 0x106d86c90>, 'ntest': 1000, 'Nsyn': 14951, 'reg': 0.01, 'op': 'ModelE'}
2017-03-20 03:25:57,969 DEBUG: FB15kexp: load_FB15k_data(): trainl(16296, 483142), trainr(16296, 483142), traino(1345, 483142), trainlidx(1000,)
2017-03-20 03:26:00,022 DEBUG: loaded data and constructed model...
2017-03-20 03:26:00,022 DEBUG: num epochs: 500
2017-03-20 03:26:00,022 DEBUG: num batches per epoch: 100
2017-03-20 03:26:00,023 DEBUG: batchsize: 4831
2017-03-20 03:26:00,023 DEBUG: left and right entity ranking functions will rank a slot against 14951 competitors
2017-03-20 03:26:00,023 INFO: BEGIN TRAINING
2017-03-20 03:26:36,040 INFO: ----------------------------------------------------------------------------
2017-03-20 03:26:36,040 INFO: EPOCH 1 (36.017 seconds):
2017-03-20 03:26:36,060 INFO: 	Average L2 norm of relation vector: 0.0282
2017-03-20 03:26:36,060 INFO: 	COST >> 0.197 +/- 0.079, % updates Left: 55.13%  Right: 48.65%
2017-03-20 03:27:17,536 INFO: ----------------------------------------------------------------------------
2017-03-20 03:27:17,538 INFO: EPOCH 2 (41.478 seconds):
2017-03-20 03:27:17,541 INFO: 	Average L2 norm of relation vector: 0.02899
2017-03-20 03:27:17,542 INFO: 	COST >> 0.069 +/- 0.01, % updates Left: 22.76%  Right: 19.11%
2017-03-20 03:28:00,223 INFO: ----------------------------------------------------------------------------
2017-03-20 03:28:00,224 INFO: EPOCH 3 (42.681 seconds):
2017-03-20 03:28:00,225 INFO: 	Average L2 norm of relation vector: 0.0294
2017-03-20 03:28:00,226 INFO: 	COST >> 0.047 +/- 0.003, % updates Left: 14.92%  Right: 12.81%
2017-03-20 03:28:39,828 INFO: ----------------------------------------------------------------------------
2017-03-20 03:28:39,829 INFO: EPOCH 4 (39.603 seconds):
2017-03-20 03:28:39,830 INFO: 	Average L2 norm of relation vector: 0.02965
2017-03-20 03:28:39,832 INFO: 	COST >> 0.039 +/- 0.002, % updates Left: 11.82%  Right: 10.31%
2017-03-20 03:29:17,935 INFO: ----------------------------------------------------------------------------
2017-03-20 03:29:17,935 INFO: EPOCH 5 (38.103 seconds):
2017-03-20 03:29:17,937 INFO: 	Average L2 norm of relation vector: 0.02978
2017-03-20 03:29:17,938 INFO: 	COST >> 0.034 +/- 0.001, % updates Left: 10.09%  Right: 8.8%
2017-03-20 03:29:56,709 INFO: ----------------------------------------------------------------------------
2017-03-20 03:29:56,709 INFO: EPOCH 6 (38.771 seconds):
2017-03-20 03:29:56,711 INFO: 	Average L2 norm of relation vector: 0.02985
2017-03-20 03:29:56,711 INFO: 	COST >> 0.031 +/- 0.001, % updates Left: 9.02%  Right: 7.9%
2017-03-20 03:30:33,567 INFO: ----------------------------------------------------------------------------
2017-03-20 03:30:33,567 INFO: EPOCH 7 (36.856 seconds):
2017-03-20 03:30:33,569 INFO: 	Average L2 norm of relation vector: 0.02987
2017-03-20 03:30:33,569 INFO: 	COST >> 0.029 +/- 0.001, % updates Left: 8.19%  Right: 7.24%
2017-03-20 03:31:10,227 INFO: ----------------------------------------------------------------------------
2017-03-20 03:31:10,227 INFO: EPOCH 8 (36.657 seconds):
2017-03-20 03:31:10,229 INFO: 	Average L2 norm of relation vector: 0.02986
2017-03-20 03:31:10,229 INFO: 	COST >> 0.028 +/- 0.001, % updates Left: 7.7%  Right: 6.77%
2017-03-20 03:31:49,418 INFO: ----------------------------------------------------------------------------
2017-03-20 03:31:49,418 INFO: EPOCH 9 (39.188 seconds):
2017-03-20 03:31:49,419 INFO: 	Average L2 norm of relation vector: 0.02982
2017-03-20 03:31:49,420 INFO: 	COST >> 0.027 +/- 0.001, % updates Left: 7.32%  Right: 6.43%
2017-03-20 03:32:28,140 INFO: ----------------------------------------------------------------------------
2017-03-20 03:32:28,140 INFO: EPOCH 10 (38.719 seconds):
2017-03-20 03:32:28,142 INFO: 	Average L2 norm of relation vector: 0.02976
2017-03-20 03:32:28,142 INFO: 	COST >> 0.026 +/- 0.001, % updates Left: 6.95%  Right: 6.1%
2017-03-20 03:32:28,143 INFO: 	FilteredRanking: evaluating rank on 1000 triples
2017-03-20 03:33:25,683 INFO: 	FilteredRanking: evaluating rank on 1000 triples
2017-03-20 03:34:22,693 INFO: 	MEAN RANK >> valid: 423.3, train: 338.3
2017-03-20 03:34:22,693 INFO: 		MEAN RANK TRAIN: Left: 333.7 Rel: 0.0 Right: 343.0
2017-03-20 03:34:22,694 INFO: 		MEAN RANK VALID: Left: 425.2 Rel: 0.0 Right: 421.4
2017-03-20 03:34:22,694 INFO: 		MEAN RECIPROCAL RANK VALID (L & R): 0.123
2017-03-20 03:34:22,694 INFO: 	FilteredRanking: evaluating rank on 1000 triples
2017-03-20 03:35:20,133 INFO: 	NEW BEST TEST MR: 427.4
2017-03-20 03:35:20,134 INFO: 		Left MR: 460.8 Rel MR: 0.0 Right MR: 393.9
2017-03-20 03:35:20,203 INFO: 	(ranking took 172.06 seconds)
2017-03-20 03:35:59,522 INFO: ----------------------------------------------------------------------------
2017-03-20 03:35:59,523 INFO: EPOCH 11 (39.32 seconds):
2017-03-20 03:35:59,524 INFO: 	Average L2 norm of relation vector: 0.02968
2017-03-20 03:35:59,525 INFO: 	COST >> 0.025 +/- 0.001, % updates Left: 6.71%  Right: 5.88%
2017-03-20 03:36:39,696 INFO: ----------------------------------------------------------------------------
2017-03-20 03:36:39,696 INFO: EPOCH 12 (40.171 seconds):
2017-03-20 03:36:39,698 INFO: 	Average L2 norm of relation vector: 0.02958
2017-03-20 03:36:39,699 INFO: 	COST >> 0.024 +/- 0.001, % updates Left: 6.46%  Right: 5.72%
2017-03-20 03:37:19,334 INFO: ----------------------------------------------------------------------------
2017-03-20 03:37:19,334 INFO: EPOCH 13 (39.635 seconds):
2017-03-20 03:37:19,336 INFO: 	Average L2 norm of relation vector: 0.02948
2017-03-20 03:37:19,337 INFO: 	COST >> 0.024 +/- 0.001, % updates Left: 6.27%  Right: 5.56%
2017-03-20 03:37:58,884 INFO: ----------------------------------------------------------------------------
2017-03-20 03:37:58,885 INFO: EPOCH 14 (39.547 seconds):
2017-03-20 03:37:58,887 INFO: 	Average L2 norm of relation vector: 0.02937
2017-03-20 03:37:58,887 INFO: 	COST >> 0.023 +/- 0.001, % updates Left: 6.13%  Right: 5.4%
2017-03-20 03:38:37,624 INFO: ----------------------------------------------------------------------------
2017-03-20 03:38:37,624 INFO: EPOCH 15 (38.737 seconds):
2017-03-20 03:38:37,626 INFO: 	Average L2 norm of relation vector: 0.02926
2017-03-20 03:38:37,626 INFO: 	COST >> 0.023 +/- 0.001, % updates Left: 6.01%  Right: 5.31%
2017-03-20 03:39:16,363 INFO: ----------------------------------------------------------------------------
2017-03-20 03:39:16,364 INFO: EPOCH 16 (38.737 seconds):
2017-03-20 03:39:16,365 INFO: 	Average L2 norm of relation vector: 0.02913
2017-03-20 03:39:16,366 INFO: 	COST >> 0.023 +/- 0.001, % updates Left: 5.91%  Right: 5.21%
2017-03-20 03:39:53,581 INFO: ----------------------------------------------------------------------------
2017-03-20 03:39:53,582 INFO: EPOCH 17 (37.215 seconds):
2017-03-20 03:39:53,584 INFO: 	Average L2 norm of relation vector: 0.02901
2017-03-20 03:39:53,585 INFO: 	COST >> 0.023 +/- 0.001, % updates Left: 5.8%  Right: 5.13%
2017-03-20 03:40:31,174 INFO: ----------------------------------------------------------------------------
2017-03-20 03:40:31,174 INFO: EPOCH 18 (37.589 seconds):
2017-03-20 03:40:31,175 INFO: 	Average L2 norm of relation vector: 0.02887
2017-03-20 03:40:31,176 INFO: 	COST >> 0.022 +/- 0.001, % updates Left: 5.75%  Right: 5.08%
2017-03-20 03:41:14,345 INFO: ----------------------------------------------------------------------------
2017-03-20 03:41:14,345 INFO: EPOCH 19 (43.169 seconds):
2017-03-20 03:41:14,348 INFO: 	Average L2 norm of relation vector: 0.02874
2017-03-20 03:41:14,350 INFO: 	COST >> 0.022 +/- 0.001, % updates Left: 5.69%  Right: 4.95%
2017-03-20 03:41:57,604 INFO: ----------------------------------------------------------------------------
2017-03-20 03:41:57,604 INFO: EPOCH 20 (43.254 seconds):
2017-03-20 03:41:57,606 INFO: 	Average L2 norm of relation vector: 0.0286
2017-03-20 03:41:57,607 INFO: 	COST >> 0.022 +/- 0.001, % updates Left: 5.54%  Right: 4.89%
2017-03-20 03:41:57,608 INFO: 	FilteredRanking: evaluating rank on 1000 triples
2017-03-20 03:42:59,979 INFO: 	FilteredRanking: evaluating rank on 1000 triples
2017-03-20 03:44:01,692 INFO: 	MEAN RANK >> valid: 385.6, train: 297.0
2017-03-20 03:44:01,692 INFO: 		MEAN RANK TRAIN: Left: 309.7 Rel: 0.0 Right: 284.3
2017-03-20 03:44:01,693 INFO: 		MEAN RANK VALID: Left: 393.2 Rel: 0.0 Right: 378.0
2017-03-20 03:44:01,694 INFO: 		MEAN RECIPROCAL RANK VALID (L & R): 0.137
2017-03-20 03:44:01,694 INFO: 	FilteredRanking: evaluating rank on 1000 triples
2017-03-20 03:45:04,756 INFO: 	NEW BEST TEST MR: 387.2
2017-03-20 03:45:04,757 INFO: 		Left MR: 403.9 Rel MR: 0.0 Right MR: 370.4
2017-03-20 03:45:04,833 INFO: 	(ranking took 187.225 seconds)
2017-03-20 03:45:50,630 INFO: ----------------------------------------------------------------------------
2017-03-20 03:45:50,630 INFO: EPOCH 21 (45.797 seconds):
2017-03-20 03:45:50,633 INFO: 	Average L2 norm of relation vector: 0.02847
2017-03-20 03:45:50,634 INFO: 	COST >> 0.022 +/- 0.001, % updates Left: 5.53%  Right: 4.88%
2017-03-20 03:46:36,991 INFO: ----------------------------------------------------------------------------
2017-03-20 03:46:36,992 INFO: EPOCH 22 (46.358 seconds):
2017-03-20 03:46:36,994 INFO: 	Average L2 norm of relation vector: 0.02832
2017-03-20 03:46:36,995 INFO: 	COST >> 0.021 +/- 0.001, % updates Left: 5.43%  Right: 4.78%
2017-03-20 03:47:22,649 INFO: ----------------------------------------------------------------------------
2017-03-20 03:47:22,649 INFO: EPOCH 23 (45.654 seconds):
2017-03-20 03:47:22,651 INFO: 	Average L2 norm of relation vector: 0.02818
2017-03-20 03:47:22,652 INFO: 	COST >> 0.021 +/- 0.001, % updates Left: 5.42%  Right: 4.71%
2017-03-20 03:48:08,729 INFO: ----------------------------------------------------------------------------
2017-03-20 03:48:08,729 INFO: EPOCH 24 (46.077 seconds):
2017-03-20 03:48:08,731 INFO: 	Average L2 norm of relation vector: 0.02804
2017-03-20 03:48:08,732 INFO: 	COST >> 0.021 +/- 0.001, % updates Left: 5.3%  Right: 4.69%
2017-03-20 03:48:53,132 INFO: ----------------------------------------------------------------------------
2017-03-20 03:48:53,133 INFO: EPOCH 25 (44.4 seconds):
2017-03-20 03:48:53,136 INFO: 	Average L2 norm of relation vector: 0.0279
2017-03-20 03:48:53,136 INFO: 	COST >> 0.021 +/- 0.001, % updates Left: 5.35%  Right: 4.62%
2017-03-20 03:49:36,530 INFO: ----------------------------------------------------------------------------
2017-03-20 03:49:36,530 INFO: EPOCH 26 (43.393 seconds):
2017-03-20 03:49:36,532 INFO: 	Average L2 norm of relation vector: 0.02776
2017-03-20 03:49:36,533 INFO: 	COST >> 0.021 +/- 0.001, % updates Left: 5.24%  Right: 4.6%
2017-03-20 03:50:19,011 INFO: ----------------------------------------------------------------------------
2017-03-20 03:50:19,011 INFO: EPOCH 27 (42.478 seconds):
2017-03-20 03:50:19,012 INFO: 	Average L2 norm of relation vector: 0.02762
2017-03-20 03:50:19,013 INFO: 	COST >> 0.02 +/- 0.001, % updates Left: 5.21%  Right: 4.55%
2017-03-20 03:51:00,841 INFO: ----------------------------------------------------------------------------
2017-03-20 03:51:00,841 INFO: EPOCH 28 (41.828 seconds):
2017-03-20 03:51:00,843 INFO: 	Average L2 norm of relation vector: 0.02748
2017-03-20 03:51:00,844 INFO: 	COST >> 0.02 +/- 0.001, % updates Left: 5.15%  Right: 4.54%
2017-03-20 03:51:44,338 INFO: ----------------------------------------------------------------------------
2017-03-20 03:51:44,339 INFO: EPOCH 29 (43.495 seconds):
2017-03-20 03:51:44,341 INFO: 	Average L2 norm of relation vector: 0.02733
2017-03-20 03:51:44,341 INFO: 	COST >> 0.02 +/- 0.001, % updates Left: 5.13%  Right: 4.47%
2017-03-20 03:52:29,852 INFO: ----------------------------------------------------------------------------
2017-03-20 03:52:29,853 INFO: EPOCH 30 (45.511 seconds):
2017-03-20 03:52:29,856 INFO: 	Average L2 norm of relation vector: 0.02719
2017-03-20 03:52:29,857 INFO: 	COST >> 0.02 +/- 0.001, % updates Left: 5.07%  Right: 4.47%
2017-03-20 03:52:29,858 INFO: 	FilteredRanking: evaluating rank on 1000 triples
2017-03-20 03:53:32,916 INFO: 	FilteredRanking: evaluating rank on 1000 triples
2017-03-20 03:54:35,872 INFO: 	MEAN RANK >> valid: 376.6, train: 267.6
2017-03-20 03:54:35,874 INFO: 		MEAN RANK TRAIN: Left: 280.4 Rel: 0.0 Right: 254.8
2017-03-20 03:54:35,874 INFO: 		MEAN RANK VALID: Left: 383.8 Rel: 0.0 Right: 369.4
2017-03-20 03:54:35,874 INFO: 		MEAN RECIPROCAL RANK VALID (L & R): 0.1435
2017-03-20 03:54:35,874 INFO: 	FilteredRanking: evaluating rank on 1000 triples
2017-03-20 03:55:39,858 INFO: 	NEW BEST TEST MR: 364.5
2017-03-20 03:55:39,859 INFO: 		Left MR: 382.2 Rel MR: 0.0 Right MR: 346.8
2017-03-20 03:55:39,940 INFO: 	(ranking took 190.082 seconds)
2017-03-20 03:56:26,478 INFO: ----------------------------------------------------------------------------
2017-03-20 03:56:26,478 INFO: EPOCH 31 (46.538 seconds):
2017-03-20 03:56:26,479 INFO: 	Average L2 norm of relation vector: 0.02705
2017-03-20 03:56:26,480 INFO: 	COST >> 0.02 +/- 0.001, % updates Left: 5.04%  Right: 4.38%
2017-03-20 03:57:12,844 INFO: ----------------------------------------------------------------------------
2017-03-20 03:57:12,844 INFO: EPOCH 32 (46.364 seconds):
2017-03-20 03:57:12,847 INFO: 	Average L2 norm of relation vector: 0.02691
2017-03-20 03:57:12,848 INFO: 	COST >> 0.02 +/- 0.001, % updates Left: 4.99%  Right: 4.42%
2017-03-20 03:58:00,179 INFO: ----------------------------------------------------------------------------
2017-03-20 03:58:00,180 INFO: EPOCH 33 (47.331 seconds):
2017-03-20 03:58:00,181 INFO: 	Average L2 norm of relation vector: 0.02677
2017-03-20 03:58:00,182 INFO: 	COST >> 0.02 +/- 0.001, % updates Left: 4.99%  Right: 4.4%
2017-03-20 03:58:46,553 INFO: ----------------------------------------------------------------------------
2017-03-20 03:58:46,553 INFO: EPOCH 34 (46.371 seconds):
2017-03-20 03:58:46,555 INFO: 	Average L2 norm of relation vector: 0.02663
2017-03-20 03:58:46,556 INFO: 	COST >> 0.02 +/- 0.001, % updates Left: 4.94%  Right: 4.4%
2017-03-20 03:59:30,509 INFO: ----------------------------------------------------------------------------
2017-03-20 03:59:30,509 INFO: EPOCH 35 (43.953 seconds):
2017-03-20 03:59:30,510 INFO: 	Average L2 norm of relation vector: 0.02649
2017-03-20 03:59:30,511 INFO: 	COST >> 0.019 +/- 0.001, % updates Left: 4.95%  Right: 4.3%
2017-03-20 04:00:12,770 INFO: ----------------------------------------------------------------------------
2017-03-20 04:00:12,770 INFO: EPOCH 36 (42.259 seconds):
2017-03-20 04:00:12,772 INFO: 	Average L2 norm of relation vector: 0.02636
2017-03-20 04:00:12,773 INFO: 	COST >> 0.019 +/- 0.001, % updates Left: 4.92%  Right: 4.32%
2017-03-20 04:00:54,774 INFO: ----------------------------------------------------------------------------
2017-03-20 04:00:54,774 INFO: EPOCH 37 (42.0 seconds):
2017-03-20 04:00:54,775 INFO: 	Average L2 norm of relation vector: 0.02622
2017-03-20 04:00:54,775 INFO: 	COST >> 0.019 +/- 0.001, % updates Left: 4.9%  Right: 4.34%
2017-03-20 04:01:37,178 INFO: ----------------------------------------------------------------------------
2017-03-20 04:01:37,179 INFO: EPOCH 38 (42.403 seconds):
2017-03-20 04:01:37,180 INFO: 	Average L2 norm of relation vector: 0.02608
2017-03-20 04:01:37,180 INFO: 	COST >> 0.019 +/- 0.001, % updates Left: 4.86%  Right: 4.26%
2017-03-20 04:02:18,955 INFO: ----------------------------------------------------------------------------
2017-03-20 04:02:18,955 INFO: EPOCH 39 (41.775 seconds):
2017-03-20 04:02:18,956 INFO: 	Average L2 norm of relation vector: 0.02595
2017-03-20 04:02:18,957 INFO: 	COST >> 0.019 +/- 0.001, % updates Left: 4.83%  Right: 4.3%
2017-03-20 04:03:02,384 INFO: ----------------------------------------------------------------------------
2017-03-20 04:03:02,384 INFO: EPOCH 40 (43.427 seconds):
2017-03-20 04:03:02,386 INFO: 	Average L2 norm of relation vector: 0.02581
2017-03-20 04:03:02,386 INFO: 	COST >> 0.019 +/- 0.001, % updates Left: 4.82%  Right: 4.19%
2017-03-20 04:03:02,386 INFO: 	FilteredRanking: evaluating rank on 1000 triples
2017-03-20 04:04:05,923 INFO: 	FilteredRanking: evaluating rank on 1000 triples
2017-03-20 04:05:08,293 INFO: 	MEAN RANK >> valid: 353.8, train: 265.6
2017-03-20 04:05:08,294 INFO: 		MEAN RANK TRAIN: Left: 284.1 Rel: 0.0 Right: 247.1
2017-03-20 04:05:08,295 INFO: 		MEAN RANK VALID: Left: 360.2 Rel: 0.0 Right: 347.3
2017-03-20 04:05:08,295 INFO: 		MEAN RECIPROCAL RANK VALID (L & R): 0.152
2017-03-20 04:05:08,295 INFO: 	FilteredRanking: evaluating rank on 1000 triples
2017-03-20 04:06:12,423 INFO: 	NEW BEST TEST MR: 358.1
2017-03-20 04:06:12,425 INFO: 		Left MR: 377.6 Rel MR: 0.0 Right MR: 338.6
2017-03-20 04:06:12,506 INFO: 	(ranking took 190.119 seconds)
2017-03-20 04:06:57,720 INFO: ----------------------------------------------------------------------------
2017-03-20 04:06:57,720 INFO: EPOCH 41 (45.214 seconds):
2017-03-20 04:06:57,722 INFO: 	Average L2 norm of relation vector: 0.02568
2017-03-20 04:06:57,723 INFO: 	COST >> 0.019 +/- 0.001, % updates Left: 4.84%  Right: 4.24%
2017-03-20 04:07:43,137 INFO: ----------------------------------------------------------------------------
2017-03-20 04:07:43,137 INFO: EPOCH 42 (45.414 seconds):
2017-03-20 04:07:43,141 INFO: 	Average L2 norm of relation vector: 0.02555
2017-03-20 04:07:43,142 INFO: 	COST >> 0.019 +/- 0.001, % updates Left: 4.79%  Right: 4.24%
2017-03-20 04:08:28,974 INFO: ----------------------------------------------------------------------------
2017-03-20 04:08:28,974 INFO: EPOCH 43 (45.832 seconds):
2017-03-20 04:08:28,976 INFO: 	Average L2 norm of relation vector: 0.02542
2017-03-20 04:08:28,977 INFO: 	COST >> 0.019 +/- 0.001, % updates Left: 4.78%  Right: 4.19%
2017-03-20 04:09:14,814 INFO: ----------------------------------------------------------------------------
2017-03-20 04:09:14,815 INFO: EPOCH 44 (45.837 seconds):
2017-03-20 04:09:14,817 INFO: 	Average L2 norm of relation vector: 0.02529
2017-03-20 04:09:14,818 INFO: 	COST >> 0.019 +/- 0.001, % updates Left: 4.73%  Right: 4.21%
2017-03-20 04:09:59,018 INFO: ----------------------------------------------------------------------------
2017-03-20 04:09:59,018 INFO: EPOCH 45 (44.2 seconds):
2017-03-20 04:09:59,020 INFO: 	Average L2 norm of relation vector: 0.02516
2017-03-20 04:09:59,021 INFO: 	COST >> 0.019 +/- 0.001, % updates Left: 4.76%  Right: 4.19%
2017-03-20 04:10:42,352 INFO: ----------------------------------------------------------------------------
2017-03-20 04:10:42,352 INFO: EPOCH 46 (43.331 seconds):
2017-03-20 04:10:42,355 INFO: 	Average L2 norm of relation vector: 0.02504
2017-03-20 04:10:42,355 INFO: 	COST >> 0.018 +/- 0.001, % updates Left: 4.72%  Right: 4.14%
2017-03-20 04:11:24,538 INFO: ----------------------------------------------------------------------------
2017-03-20 04:11:24,538 INFO: EPOCH 47 (42.183 seconds):
2017-03-20 04:11:24,540 INFO: 	Average L2 norm of relation vector: 0.02491
2017-03-20 04:11:24,540 INFO: 	COST >> 0.018 +/- 0.001, % updates Left: 4.67%  Right: 4.07%
2017-03-20 04:12:10,545 INFO: ----------------------------------------------------------------------------
2017-03-20 04:12:10,545 INFO: EPOCH 48 (46.004 seconds):
2017-03-20 04:12:10,548 INFO: 	Average L2 norm of relation vector: 0.02479
2017-03-20 04:12:10,549 INFO: 	COST >> 0.018 +/- 0.001, % updates Left: 4.72%  Right: 4.13%
2017-03-20 04:12:58,181 INFO: ----------------------------------------------------------------------------
2017-03-20 04:12:58,182 INFO: EPOCH 49 (47.632 seconds):
2017-03-20 04:12:58,185 INFO: 	Average L2 norm of relation vector: 0.02468
2017-03-20 04:12:58,186 INFO: 	COST >> 0.018 +/- 0.001, % updates Left: 4.67%  Right: 4.09%
2017-03-20 04:13:41,006 INFO: ----------------------------------------------------------------------------
2017-03-20 04:13:41,006 INFO: EPOCH 50 (42.82 seconds):
2017-03-20 04:13:41,008 INFO: 	Average L2 norm of relation vector: 0.02456
2017-03-20 04:13:41,009 INFO: 	COST >> 0.018 +/- 0.001, % updates Left: 4.65%  Right: 4.09%
2017-03-20 04:13:41,009 INFO: 	FilteredRanking: evaluating rank on 1000 triples
2017-03-20 04:14:44,901 INFO: 	FilteredRanking: evaluating rank on 1000 triples
2017-03-20 04:15:48,044 INFO: 	MEAN RANK >> valid: 361.1, train: 252.9
2017-03-20 04:15:48,045 INFO: 		MEAN RANK TRAIN: Left: 266.0 Rel: 0.0 Right: 239.9
2017-03-20 04:15:48,046 INFO: 		MEAN RANK VALID: Left: 373.4 Rel: 0.0 Right: 348.9
2017-03-20 04:15:48,046 INFO: 		MEAN RECIPROCAL RANK VALID (L & R): 0.1455
2017-03-20 04:15:48,046 WARNING: 	WARNING, failed to improve MRR on valid, 2 chances left

2017-03-20 04:15:48,138 INFO: 	(ranking took 127.129 seconds)
2017-03-20 04:16:33,521 INFO: ----------------------------------------------------------------------------
2017-03-20 04:16:33,521 INFO: EPOCH 51 (45.383 seconds):
2017-03-20 04:16:33,523 INFO: 	Average L2 norm of relation vector: 0.02443
2017-03-20 04:16:33,524 INFO: 	COST >> 0.018 +/- 0.001, % updates Left: 4.69%  Right: 4.13%
2017-03-20 04:17:19,112 INFO: ----------------------------------------------------------------------------
2017-03-20 04:17:19,113 INFO: EPOCH 52 (45.588 seconds):
2017-03-20 04:17:19,114 INFO: 	Average L2 norm of relation vector: 0.02432
2017-03-20 04:17:19,114 INFO: 	COST >> 0.018 +/- 0.001, % updates Left: 4.64%  Right: 4.11%
2017-03-20 04:18:05,564 INFO: ----------------------------------------------------------------------------
2017-03-20 04:18:05,564 INFO: EPOCH 53 (46.45 seconds):
2017-03-20 04:18:05,566 INFO: 	Average L2 norm of relation vector: 0.0242
2017-03-20 04:18:05,566 INFO: 	COST >> 0.018 +/- 0.001, % updates Left: 4.63%  Right: 4.06%
2017-03-20 04:18:52,029 INFO: ----------------------------------------------------------------------------
2017-03-20 04:18:52,029 INFO: EPOCH 54 (46.463 seconds):
2017-03-20 04:18:52,031 INFO: 	Average L2 norm of relation vector: 0.02409
2017-03-20 04:18:52,032 INFO: 	COST >> 0.018 +/- 0.001, % updates Left: 4.6%  Right: 4.05%
2017-03-20 04:19:36,711 INFO: ----------------------------------------------------------------------------
2017-03-20 04:19:36,711 INFO: EPOCH 55 (44.679 seconds):
2017-03-20 04:19:36,713 INFO: 	Average L2 norm of relation vector: 0.02397
2017-03-20 04:19:36,715 INFO: 	COST >> 0.018 +/- 0.001, % updates Left: 4.59%  Right: 4.04%
2017-03-20 04:20:20,756 INFO: ----------------------------------------------------------------------------
2017-03-20 04:20:20,756 INFO: EPOCH 56 (44.04 seconds):
2017-03-20 04:20:20,759 INFO: 	Average L2 norm of relation vector: 0.02385
2017-03-20 04:20:20,760 INFO: 	COST >> 0.018 +/- 0.001, % updates Left: 4.56%  Right: 4.04%
2017-03-20 04:21:04,757 INFO: ----------------------------------------------------------------------------
2017-03-20 04:21:04,757 INFO: EPOCH 57 (43.996 seconds):
2017-03-20 04:21:04,758 INFO: 	Average L2 norm of relation vector: 0.02374
2017-03-20 04:21:04,759 INFO: 	COST >> 0.018 +/- 0.001, % updates Left: 4.62%  Right: 4.04%
2017-03-20 04:21:47,066 INFO: ----------------------------------------------------------------------------
2017-03-20 04:21:47,066 INFO: EPOCH 58 (42.307 seconds):
2017-03-20 04:21:47,067 INFO: 	Average L2 norm of relation vector: 0.02364
2017-03-20 04:21:47,067 INFO: 	COST >> 0.018 +/- 0.001, % updates Left: 4.64%  Right: 4.03%
2017-03-20 04:22:28,380 INFO: ----------------------------------------------------------------------------
2017-03-20 04:22:28,381 INFO: EPOCH 59 (41.313 seconds):
2017-03-20 04:22:28,382 INFO: 	Average L2 norm of relation vector: 0.02353
2017-03-20 04:22:28,383 INFO: 	COST >> 0.018 +/- 0.001, % updates Left: 4.57%  Right: 4.03%
2017-03-20 04:23:10,928 INFO: ----------------------------------------------------------------------------
2017-03-20 04:23:10,929 INFO: EPOCH 60 (42.544 seconds):
2017-03-20 04:23:10,931 INFO: 	Average L2 norm of relation vector: 0.02343
2017-03-20 04:23:10,932 INFO: 	COST >> 0.018 +/- 0.001, % updates Left: 4.51%  Right: 4.01%
2017-03-20 04:23:10,932 INFO: 	FilteredRanking: evaluating rank on 1000 triples
2017-03-20 04:24:16,021 INFO: 	FilteredRanking: evaluating rank on 1000 triples
2017-03-20 04:25:20,447 INFO: 	MEAN RANK >> valid: 359.5, train: 252.9
2017-03-20 04:25:20,448 INFO: 		MEAN RANK TRAIN: Left: 266.0 Rel: 0.0 Right: 239.8
2017-03-20 04:25:20,449 INFO: 		MEAN RANK VALID: Left: 372.4 Rel: 0.0 Right: 346.6
2017-03-20 04:25:20,449 INFO: 		MEAN RECIPROCAL RANK VALID (L & R): 0.154
2017-03-20 04:25:20,449 INFO: 	FilteredRanking: evaluating rank on 1000 triples
2017-03-20 04:26:24,059 INFO: 	NEW BEST TEST MR: 346.6
2017-03-20 04:26:24,060 INFO: 		Left MR: 362.1 Rel MR: 0.0 Right MR: 331.1
2017-03-20 04:26:24,137 INFO: 	(ranking took 193.205 seconds)
2017-03-20 04:27:12,233 INFO: ----------------------------------------------------------------------------
2017-03-20 04:27:12,233 INFO: EPOCH 61 (48.096 seconds):
2017-03-20 04:27:12,234 INFO: 	Average L2 norm of relation vector: 0.02333
2017-03-20 04:27:12,235 INFO: 	COST >> 0.018 +/- 0.001, % updates Left: 4.58%  Right: 3.99%
2017-03-20 04:27:59,034 INFO: ----------------------------------------------------------------------------
2017-03-20 04:27:59,034 INFO: EPOCH 62 (46.799 seconds):
2017-03-20 04:27:59,038 INFO: 	Average L2 norm of relation vector: 0.02323
2017-03-20 04:27:59,038 INFO: 	COST >> 0.017 +/- 0.001, % updates Left: 4.56%  Right: 3.95%
2017-03-20 04:28:46,123 INFO: ----------------------------------------------------------------------------
2017-03-20 04:28:46,123 INFO: EPOCH 63 (47.085 seconds):
2017-03-20 04:28:46,125 INFO: 	Average L2 norm of relation vector: 0.02314
2017-03-20 04:28:46,125 INFO: 	COST >> 0.018 +/- 0.001, % updates Left: 4.54%  Right: 3.99%
2017-03-20 04:29:32,860 INFO: ----------------------------------------------------------------------------
2017-03-20 04:29:32,861 INFO: EPOCH 64 (46.735 seconds):
2017-03-20 04:29:32,865 INFO: 	Average L2 norm of relation vector: 0.02305
2017-03-20 04:29:32,866 INFO: 	COST >> 0.018 +/- 0.001, % updates Left: 4.55%  Right: 3.94%
2017-03-20 04:30:17,285 INFO: ----------------------------------------------------------------------------
2017-03-20 04:30:17,286 INFO: EPOCH 65 (44.419 seconds):
2017-03-20 04:30:17,287 INFO: 	Average L2 norm of relation vector: 0.02295
2017-03-20 04:30:17,288 INFO: 	COST >> 0.017 +/- 0.001, % updates Left: 4.48%  Right: 3.97%
2017-03-20 04:31:01,748 INFO: ----------------------------------------------------------------------------
2017-03-20 04:31:01,748 INFO: EPOCH 66 (44.46 seconds):
2017-03-20 04:31:01,750 INFO: 	Average L2 norm of relation vector: 0.02285
2017-03-20 04:31:01,750 INFO: 	COST >> 0.017 +/- 0.001, % updates Left: 4.48%  Right: 3.94%
2017-03-20 04:31:43,472 INFO: ----------------------------------------------------------------------------
2017-03-20 04:31:43,472 INFO: EPOCH 67 (41.722 seconds):
2017-03-20 04:31:43,473 INFO: 	Average L2 norm of relation vector: 0.02275
2017-03-20 04:31:43,474 INFO: 	COST >> 0.017 +/- 0.001, % updates Left: 4.45%  Right: 3.96%
2017-03-20 04:32:27,804 INFO: ----------------------------------------------------------------------------
2017-03-20 04:32:27,804 INFO: EPOCH 68 (44.33 seconds):
2017-03-20 04:32:27,806 INFO: 	Average L2 norm of relation vector: 0.02265
2017-03-20 04:32:27,807 INFO: 	COST >> 0.017 +/- 0.001, % updates Left: 4.49%  Right: 3.99%
2017-03-20 04:33:10,432 INFO: ----------------------------------------------------------------------------
2017-03-20 04:33:10,432 INFO: EPOCH 69 (42.625 seconds):
2017-03-20 04:33:10,434 INFO: 	Average L2 norm of relation vector: 0.02256
2017-03-20 04:33:10,435 INFO: 	COST >> 0.017 +/- 0.001, % updates Left: 4.49%  Right: 3.93%
2017-03-20 04:33:55,602 INFO: ----------------------------------------------------------------------------
2017-03-20 04:33:55,603 INFO: EPOCH 70 (45.167 seconds):
2017-03-20 04:33:55,606 INFO: 	Average L2 norm of relation vector: 0.02246
2017-03-20 04:33:55,607 INFO: 	COST >> 0.017 +/- 0.001, % updates Left: 4.47%  Right: 3.93%
2017-03-20 04:33:55,608 INFO: 	FilteredRanking: evaluating rank on 1000 triples
2017-03-20 04:34:58,096 INFO: 	FilteredRanking: evaluating rank on 1000 triples
2017-03-20 04:36:00,592 INFO: 	MEAN RANK >> valid: 366.5, train: 240.7
2017-03-20 04:36:00,593 INFO: 		MEAN RANK TRAIN: Left: 257.0 Rel: 0.0 Right: 224.5
2017-03-20 04:36:00,594 INFO: 		MEAN RANK VALID: Left: 382.1 Rel: 0.0 Right: 350.9
2017-03-20 04:36:00,594 INFO: 		MEAN RECIPROCAL RANK VALID (L & R): 0.152
2017-03-20 04:36:00,595 WARNING: 	WARNING, failed to improve MRR on valid, 2 chances left

2017-03-20 04:36:00,769 INFO: 	(ranking took 125.161 seconds)
2017-03-20 04:36:48,726 INFO: ----------------------------------------------------------------------------
2017-03-20 04:36:48,727 INFO: EPOCH 71 (47.957 seconds):
2017-03-20 04:36:48,728 INFO: 	Average L2 norm of relation vector: 0.02238
2017-03-20 04:36:48,728 INFO: 	COST >> 0.017 +/- 0.001, % updates Left: 4.45%  Right: 3.95%
2017-03-20 04:37:34,891 INFO: ----------------------------------------------------------------------------
2017-03-20 04:37:34,892 INFO: EPOCH 72 (46.163 seconds):
2017-03-20 04:37:34,894 INFO: 	Average L2 norm of relation vector: 0.02229
2017-03-20 04:37:34,894 INFO: 	COST >> 0.017 +/- 0.001, % updates Left: 4.44%  Right: 3.92%
2017-03-20 04:38:20,992 INFO: ----------------------------------------------------------------------------
2017-03-20 04:38:20,992 INFO: EPOCH 73 (46.098 seconds):
2017-03-20 04:38:20,994 INFO: 	Average L2 norm of relation vector: 0.0222
2017-03-20 04:38:20,994 INFO: 	COST >> 0.017 +/- 0.001, % updates Left: 4.46%  Right: 3.93%
2017-03-20 04:39:07,230 INFO: ----------------------------------------------------------------------------
2017-03-20 04:39:07,231 INFO: EPOCH 74 (46.236 seconds):
2017-03-20 04:39:07,234 INFO: 	Average L2 norm of relation vector: 0.02212
2017-03-20 04:39:07,235 INFO: 	COST >> 0.017 +/- 0.001, % updates Left: 4.45%  Right: 3.92%
2017-03-20 04:39:50,987 INFO: ----------------------------------------------------------------------------
2017-03-20 04:39:50,987 INFO: EPOCH 75 (43.751 seconds):
2017-03-20 04:39:50,989 INFO: 	Average L2 norm of relation vector: 0.02202
2017-03-20 04:39:50,989 INFO: 	COST >> 0.017 +/- 0.001, % updates Left: 4.42%  Right: 3.88%
2017-03-20 04:40:34,842 INFO: ----------------------------------------------------------------------------
2017-03-20 04:40:34,842 INFO: EPOCH 76 (43.853 seconds):
2017-03-20 04:40:34,845 INFO: 	Average L2 norm of relation vector: 0.02194
2017-03-20 04:40:34,846 INFO: 	COST >> 0.017 +/- 0.001, % updates Left: 4.41%  Right: 3.9%
2017-03-20 04:41:18,398 INFO: ----------------------------------------------------------------------------
2017-03-20 04:41:18,398 INFO: EPOCH 77 (43.553 seconds):
2017-03-20 04:41:18,400 INFO: 	Average L2 norm of relation vector: 0.02186
2017-03-20 04:41:18,400 INFO: 	COST >> 0.017 +/- 0.001, % updates Left: 4.45%  Right: 3.93%
2017-03-20 04:42:01,118 INFO: ----------------------------------------------------------------------------
2017-03-20 04:42:01,119 INFO: EPOCH 78 (42.718 seconds):
2017-03-20 04:42:01,120 INFO: 	Average L2 norm of relation vector: 0.02178
2017-03-20 04:42:01,121 INFO: 	COST >> 0.017 +/- 0.001, % updates Left: 4.42%  Right: 3.86%
2017-03-20 04:42:42,952 INFO: ----------------------------------------------------------------------------
2017-03-20 04:42:42,952 INFO: EPOCH 79 (41.831 seconds):
2017-03-20 04:42:42,954 INFO: 	Average L2 norm of relation vector: 0.0217
2017-03-20 04:42:42,955 INFO: 	COST >> 0.017 +/- 0.001, % updates Left: 4.39%  Right: 3.9%
2017-03-20 04:43:25,979 INFO: ----------------------------------------------------------------------------
2017-03-20 04:43:25,979 INFO: EPOCH 80 (43.024 seconds):
2017-03-20 04:43:25,982 INFO: 	Average L2 norm of relation vector: 0.02162
2017-03-20 04:43:25,983 INFO: 	COST >> 0.017 +/- 0.001, % updates Left: 4.44%  Right: 3.9%
2017-03-20 04:43:25,983 INFO: 	FilteredRanking: evaluating rank on 1000 triples
2017-03-20 04:44:28,093 INFO: 	FilteredRanking: evaluating rank on 1000 triples
2017-03-20 04:45:31,760 INFO: 	MEAN RANK >> valid: 364.0, train: 241.2
2017-03-20 04:45:31,761 INFO: 		MEAN RANK TRAIN: Left: 252.2 Rel: 0.0 Right: 230.3
2017-03-20 04:45:31,761 INFO: 		MEAN RANK VALID: Left: 373.3 Rel: 0.0 Right: 354.7
2017-03-20 04:45:31,762 INFO: 		MEAN RECIPROCAL RANK VALID (L & R): 0.149
2017-03-20 04:45:31,762 WARNING: 	WARNING, failed to improve MRR on valid, 1 chances left

2017-03-20 04:45:31,857 INFO: 	(ranking took 125.874 seconds)
2017-03-20 04:46:19,978 INFO: ----------------------------------------------------------------------------
2017-03-20 04:46:19,978 INFO: EPOCH 81 (48.121 seconds):
2017-03-20 04:46:19,980 INFO: 	Average L2 norm of relation vector: 0.02154
2017-03-20 04:46:19,981 INFO: 	COST >> 0.017 +/- 0.001, % updates Left: 4.42%  Right: 3.88%
2017-03-20 04:47:06,795 INFO: ----------------------------------------------------------------------------
2017-03-20 04:47:06,796 INFO: EPOCH 82 (46.815 seconds):
2017-03-20 04:47:06,797 INFO: 	Average L2 norm of relation vector: 0.02147
2017-03-20 04:47:06,798 INFO: 	COST >> 0.017 +/- 0.001, % updates Left: 4.39%  Right: 3.9%
2017-03-20 04:47:53,556 INFO: ----------------------------------------------------------------------------
2017-03-20 04:47:53,557 INFO: EPOCH 83 (46.759 seconds):
2017-03-20 04:47:53,560 INFO: 	Average L2 norm of relation vector: 0.02139
2017-03-20 04:47:53,561 INFO: 	COST >> 0.017 +/- 0.001, % updates Left: 4.43%  Right: 3.91%
2017-03-20 04:48:40,376 INFO: ----------------------------------------------------------------------------
2017-03-20 04:48:40,377 INFO: EPOCH 84 (46.816 seconds):
2017-03-20 04:48:40,379 INFO: 	Average L2 norm of relation vector: 0.02131
2017-03-20 04:48:40,379 INFO: 	COST >> 0.017 +/- 0.001, % updates Left: 4.4%  Right: 3.87%
2017-03-20 04:49:26,733 INFO: ----------------------------------------------------------------------------
2017-03-20 04:49:26,733 INFO: EPOCH 85 (46.353 seconds):
2017-03-20 04:49:26,735 INFO: 	Average L2 norm of relation vector: 0.02124
2017-03-20 04:49:26,735 INFO: 	COST >> 0.017 +/- 0.001, % updates Left: 4.36%  Right: 3.9%
2017-03-20 04:50:12,641 INFO: ----------------------------------------------------------------------------
2017-03-20 04:50:12,642 INFO: EPOCH 86 (45.906 seconds):
2017-03-20 04:50:12,643 INFO: 	Average L2 norm of relation vector: 0.02117
2017-03-20 04:50:12,643 INFO: 	COST >> 0.017 +/- 0.001, % updates Left: 4.37%  Right: 3.83%
2017-03-20 04:50:57,038 INFO: ----------------------------------------------------------------------------
2017-03-20 04:50:57,039 INFO: EPOCH 87 (44.395 seconds):
2017-03-20 04:50:57,040 INFO: 	Average L2 norm of relation vector: 0.0211
2017-03-20 04:50:57,041 INFO: 	COST >> 0.017 +/- 0.001, % updates Left: 4.34%  Right: 3.89%
2017-03-20 04:51:41,456 INFO: ----------------------------------------------------------------------------
2017-03-20 04:51:41,456 INFO: EPOCH 88 (44.415 seconds):
2017-03-20 04:51:41,457 INFO: 	Average L2 norm of relation vector: 0.02103
2017-03-20 04:51:41,458 INFO: 	COST >> 0.017 +/- 0.001, % updates Left: 4.38%  Right: 3.87%
2017-03-20 04:52:23,176 INFO: ----------------------------------------------------------------------------
2017-03-20 04:52:23,176 INFO: EPOCH 89 (41.718 seconds):
2017-03-20 04:52:23,179 INFO: 	Average L2 norm of relation vector: 0.02096
2017-03-20 04:52:23,180 INFO: 	COST >> 0.017 +/- 0.001, % updates Left: 4.39%  Right: 3.85%
2017-03-20 04:53:04,018 INFO: ----------------------------------------------------------------------------
2017-03-20 04:53:04,018 INFO: EPOCH 90 (40.837 seconds):
2017-03-20 04:53:04,019 INFO: 	Average L2 norm of relation vector: 0.02089
2017-03-20 04:53:04,020 INFO: 	COST >> 0.017 +/- 0.001, % updates Left: 4.36%  Right: 3.87%
2017-03-20 04:53:04,020 INFO: 	FilteredRanking: evaluating rank on 1000 triples
2017-03-20 04:54:05,283 INFO: 	FilteredRanking: evaluating rank on 1000 triples
2017-03-20 04:55:08,355 INFO: 	MEAN RANK >> valid: 360.5, train: 240.7
2017-03-20 04:55:08,356 INFO: 		MEAN RANK TRAIN: Left: 245.1 Rel: 0.0 Right: 236.3
2017-03-20 04:55:08,356 INFO: 		MEAN RANK VALID: Left: 372.5 Rel: 0.0 Right: 348.6
2017-03-20 04:55:08,356 INFO: 		MEAN RECIPROCAL RANK VALID (L & R): 0.1565
2017-03-20 04:55:08,356 INFO: 	FilteredRanking: evaluating rank on 1000 triples
2017-03-20 04:56:14,654 INFO: 	NEW BEST TEST MR: 335.9
2017-03-20 04:56:14,655 INFO: 		Left MR: 350.8 Rel MR: 0.0 Right MR: 321.0
2017-03-20 04:56:14,733 INFO: 	(ranking took 190.713 seconds)
2017-03-20 04:57:01,329 INFO: ----------------------------------------------------------------------------
2017-03-20 04:57:01,329 INFO: EPOCH 91 (46.596 seconds):
2017-03-20 04:57:01,332 INFO: 	Average L2 norm of relation vector: 0.02083
2017-03-20 04:57:01,333 INFO: 	COST >> 0.017 +/- 0.001, % updates Left: 4.35%  Right: 3.89%
2017-03-20 04:57:47,342 INFO: ----------------------------------------------------------------------------
2017-03-20 04:57:47,342 INFO: EPOCH 92 (46.009 seconds):
2017-03-20 04:57:47,343 INFO: 	Average L2 norm of relation vector: 0.02076
2017-03-20 04:57:47,344 INFO: 	COST >> 0.016 +/- 0.001, % updates Left: 4.32%  Right: 3.83%
2017-03-20 04:58:33,009 INFO: ----------------------------------------------------------------------------
2017-03-20 04:58:33,009 INFO: EPOCH 93 (45.665 seconds):
2017-03-20 04:58:33,011 INFO: 	Average L2 norm of relation vector: 0.0207
2017-03-20 04:58:33,012 INFO: 	COST >> 0.016 +/- 0.001, % updates Left: 4.37%  Right: 3.81%
2017-03-20 04:59:18,782 INFO: ----------------------------------------------------------------------------
2017-03-20 04:59:18,783 INFO: EPOCH 94 (45.77 seconds):
2017-03-20 04:59:18,784 INFO: 	Average L2 norm of relation vector: 0.02064
2017-03-20 04:59:18,785 INFO: 	COST >> 0.016 +/- 0.001, % updates Left: 4.34%  Right: 3.85%
2017-03-20 05:00:05,058 INFO: ----------------------------------------------------------------------------
2017-03-20 05:00:05,059 INFO: EPOCH 95 (46.273 seconds):
2017-03-20 05:00:05,061 INFO: 	Average L2 norm of relation vector: 0.02058
2017-03-20 05:00:05,062 INFO: 	COST >> 0.016 +/- 0.001, % updates Left: 4.33%  Right: 3.81%
2017-03-20 05:00:50,264 INFO: ----------------------------------------------------------------------------
2017-03-20 05:00:50,264 INFO: EPOCH 96 (45.202 seconds):
2017-03-20 05:00:50,265 INFO: 	Average L2 norm of relation vector: 0.0205
2017-03-20 05:00:50,266 INFO: 	COST >> 0.016 +/- 0.001, % updates Left: 4.29%  Right: 3.88%
2017-03-20 05:01:34,590 INFO: ----------------------------------------------------------------------------
2017-03-20 05:01:34,591 INFO: EPOCH 97 (44.325 seconds):
2017-03-20 05:01:34,592 INFO: 	Average L2 norm of relation vector: 0.02044
2017-03-20 05:01:34,593 INFO: 	COST >> 0.016 +/- 0.001, % updates Left: 4.3%  Right: 3.86%
2017-03-20 05:02:18,846 INFO: ----------------------------------------------------------------------------
2017-03-20 05:02:18,846 INFO: EPOCH 98 (44.253 seconds):
2017-03-20 05:02:18,848 INFO: 	Average L2 norm of relation vector: 0.02038
2017-03-20 05:02:18,848 INFO: 	COST >> 0.016 +/- 0.001, % updates Left: 4.34%  Right: 3.81%
2017-03-20 05:03:03,569 INFO: ----------------------------------------------------------------------------
2017-03-20 05:03:03,569 INFO: EPOCH 99 (44.721 seconds):
2017-03-20 05:03:03,571 INFO: 	Average L2 norm of relation vector: 0.02032
2017-03-20 05:03:03,571 INFO: 	COST >> 0.017 +/- 0.001, % updates Left: 4.34%  Right: 3.86%
2017-03-20 05:03:46,426 INFO: ----------------------------------------------------------------------------
2017-03-20 05:03:46,427 INFO: EPOCH 100 (42.855 seconds):
2017-03-20 05:03:46,430 INFO: 	Average L2 norm of relation vector: 0.02027
2017-03-20 05:03:46,430 INFO: 	COST >> 0.016 +/- 0.001, % updates Left: 4.31%  Right: 3.84%
2017-03-20 05:03:46,430 INFO: 	FilteredRanking: evaluating rank on 1000 triples
2017-03-20 05:04:47,427 INFO: 	FilteredRanking: evaluating rank on 1000 triples
2017-03-20 05:05:52,844 INFO: 	MEAN RANK >> valid: 359.6, train: 242.3
2017-03-20 05:05:52,845 INFO: 		MEAN RANK TRAIN: Left: 253.3 Rel: 0.0 Right: 231.3
2017-03-20 05:05:52,846 INFO: 		MEAN RANK VALID: Left: 366.6 Rel: 0.0 Right: 352.5
2017-03-20 05:05:52,846 INFO: 		MEAN RECIPROCAL RANK VALID (L & R): 0.1555
2017-03-20 05:05:52,846 WARNING: 	WARNING, failed to improve MRR on valid, 2 chances left

2017-03-20 05:05:53,168 INFO: 	(ranking took 126.738 seconds)
2017-03-20 05:06:39,853 INFO: ----------------------------------------------------------------------------
2017-03-20 05:06:39,853 INFO: EPOCH 101 (46.685 seconds):
2017-03-20 05:06:39,855 INFO: 	Average L2 norm of relation vector: 0.02021
2017-03-20 05:06:39,855 INFO: 	COST >> 0.016 +/- 0.001, % updates Left: 4.29%  Right: 3.84%
2017-03-20 05:07:26,287 INFO: ----------------------------------------------------------------------------
2017-03-20 05:07:26,287 INFO: EPOCH 102 (46.432 seconds):
2017-03-20 05:07:26,292 INFO: 	Average L2 norm of relation vector: 0.02015
2017-03-20 05:07:26,293 INFO: 	COST >> 0.016 +/- 0.001, % updates Left: 4.31%  Right: 3.84%
2017-03-20 05:08:12,331 INFO: ----------------------------------------------------------------------------
2017-03-20 05:08:12,331 INFO: EPOCH 103 (46.038 seconds):
2017-03-20 05:08:12,332 INFO: 	Average L2 norm of relation vector: 0.02009
2017-03-20 05:08:12,333 INFO: 	COST >> 0.016 +/- 0.001, % updates Left: 4.28%  Right: 3.83%
2017-03-20 05:08:57,924 INFO: ----------------------------------------------------------------------------
2017-03-20 05:08:57,924 INFO: EPOCH 104 (45.592 seconds):
2017-03-20 05:08:57,926 INFO: 	Average L2 norm of relation vector: 0.02004
2017-03-20 05:08:57,927 INFO: 	COST >> 0.016 +/- 0.001, % updates Left: 4.28%  Right: 3.81%
2017-03-20 05:09:43,333 INFO: ----------------------------------------------------------------------------
2017-03-20 05:09:43,333 INFO: EPOCH 105 (45.405 seconds):
2017-03-20 05:09:43,335 INFO: 	Average L2 norm of relation vector: 0.01999
2017-03-20 05:09:43,337 INFO: 	COST >> 0.016 +/- 0.001, % updates Left: 4.27%  Right: 3.9%
2017-03-20 05:10:28,862 INFO: ----------------------------------------------------------------------------
2017-03-20 05:10:28,863 INFO: EPOCH 106 (45.526 seconds):
2017-03-20 05:10:28,865 INFO: 	Average L2 norm of relation vector: 0.01993
2017-03-20 05:10:28,866 INFO: 	COST >> 0.016 +/- 0.001, % updates Left: 4.27%  Right: 3.84%
2017-03-20 05:11:13,372 INFO: ----------------------------------------------------------------------------
2017-03-20 05:11:13,372 INFO: EPOCH 107 (44.506 seconds):
2017-03-20 05:11:13,374 INFO: 	Average L2 norm of relation vector: 0.01988
2017-03-20 05:11:13,375 INFO: 	COST >> 0.016 +/- 0.001, % updates Left: 4.3%  Right: 3.81%
2017-03-20 05:11:57,739 INFO: ----------------------------------------------------------------------------
2017-03-20 05:11:57,740 INFO: EPOCH 108 (44.365 seconds):
2017-03-20 05:11:57,741 INFO: 	Average L2 norm of relation vector: 0.01983
2017-03-20 05:11:57,742 INFO: 	COST >> 0.016 +/- 0.001, % updates Left: 4.35%  Right: 3.8%
2017-03-20 05:12:43,253 INFO: ----------------------------------------------------------------------------
2017-03-20 05:12:43,253 INFO: EPOCH 109 (45.511 seconds):
2017-03-20 05:12:43,254 INFO: 	Average L2 norm of relation vector: 0.01978
2017-03-20 05:12:43,255 INFO: 	COST >> 0.016 +/- 0.001, % updates Left: 4.35%  Right: 3.81%
2017-03-20 05:13:25,919 INFO: ----------------------------------------------------------------------------
2017-03-20 05:13:25,919 INFO: EPOCH 110 (42.664 seconds):
2017-03-20 05:13:25,921 INFO: 	Average L2 norm of relation vector: 0.01974
2017-03-20 05:13:25,921 INFO: 	COST >> 0.016 +/- 0.001, % updates Left: 4.35%  Right: 3.76%
2017-03-20 05:13:25,922 INFO: 	FilteredRanking: evaluating rank on 1000 triples
2017-03-20 05:14:26,507 INFO: 	FilteredRanking: evaluating rank on 1000 triples
2017-03-20 05:15:30,187 INFO: 	MEAN RANK >> valid: 359.6, train: 240.9
2017-03-20 05:15:30,188 INFO: 		MEAN RANK TRAIN: Left: 252.6 Rel: 0.0 Right: 229.3
2017-03-20 05:15:30,190 INFO: 		MEAN RANK VALID: Left: 371.3 Rel: 0.0 Right: 348.0
2017-03-20 05:15:30,190 INFO: 		MEAN RECIPROCAL RANK VALID (L & R): 0.1595
2017-03-20 05:15:30,191 INFO: 	FilteredRanking: evaluating rank on 1000 triples
2017-03-20 05:16:35,272 INFO: 	NEW BEST TEST MR: 334.9
2017-03-20 05:16:35,273 INFO: 		Left MR: 351.3 Rel MR: 0.0 Right MR: 318.5
2017-03-20 05:16:35,358 INFO: 	(ranking took 189.436 seconds)
2017-03-20 05:17:22,558 INFO: ----------------------------------------------------------------------------
2017-03-20 05:17:22,559 INFO: EPOCH 111 (47.2 seconds):
2017-03-20 05:17:22,560 INFO: 	Average L2 norm of relation vector: 0.0197
2017-03-20 05:17:22,562 INFO: 	COST >> 0.016 +/- 0.001, % updates Left: 4.34%  Right: 3.83%
2017-03-20 05:18:08,125 INFO: ----------------------------------------------------------------------------
2017-03-20 05:18:08,125 INFO: EPOCH 112 (45.563 seconds):
2017-03-20 05:18:08,128 INFO: 	Average L2 norm of relation vector: 0.01965
2017-03-20 05:18:08,129 INFO: 	COST >> 0.016 +/- 0.001, % updates Left: 4.3%  Right: 3.79%
2017-03-20 05:18:54,260 INFO: ----------------------------------------------------------------------------
2017-03-20 05:18:54,260 INFO: EPOCH 113 (46.131 seconds):
2017-03-20 05:18:54,265 INFO: 	Average L2 norm of relation vector: 0.0196
2017-03-20 05:18:54,266 INFO: 	COST >> 0.016 +/- 0.001, % updates Left: 4.33%  Right: 3.79%
2017-03-20 05:19:40,174 INFO: ----------------------------------------------------------------------------
2017-03-20 05:19:40,174 INFO: EPOCH 114 (45.908 seconds):
2017-03-20 05:19:40,176 INFO: 	Average L2 norm of relation vector: 0.01955
2017-03-20 05:19:40,177 INFO: 	COST >> 0.016 +/- 0.001, % updates Left: 4.22%  Right: 3.75%
2017-03-20 05:20:24,663 INFO: ----------------------------------------------------------------------------
2017-03-20 05:20:24,663 INFO: EPOCH 115 (44.486 seconds):
2017-03-20 05:20:24,664 INFO: 	Average L2 norm of relation vector: 0.0195
2017-03-20 05:20:24,665 INFO: 	COST >> 0.016 +/- 0.001, % updates Left: 4.22%  Right: 3.76%
2017-03-20 05:21:09,498 INFO: ----------------------------------------------------------------------------
2017-03-20 05:21:09,498 INFO: EPOCH 116 (44.834 seconds):
2017-03-20 05:21:09,500 INFO: 	Average L2 norm of relation vector: 0.01945
2017-03-20 05:21:09,500 INFO: 	COST >> 0.016 +/- 0.001, % updates Left: 4.26%  Right: 3.79%
2017-03-20 05:21:54,103 INFO: ----------------------------------------------------------------------------
2017-03-20 05:21:54,103 INFO: EPOCH 117 (44.603 seconds):
2017-03-20 05:21:54,104 INFO: 	Average L2 norm of relation vector: 0.01941
2017-03-20 05:21:54,105 INFO: 	COST >> 0.016 +/- 0.001, % updates Left: 4.27%  Right: 3.81%
2017-03-20 05:22:37,070 INFO: ----------------------------------------------------------------------------
2017-03-20 05:22:37,070 INFO: EPOCH 118 (42.965 seconds):
2017-03-20 05:22:37,073 INFO: 	Average L2 norm of relation vector: 0.01936
2017-03-20 05:22:37,074 INFO: 	COST >> 0.016 +/- 0.001, % updates Left: 4.24%  Right: 3.85%
2017-03-20 05:23:17,940 INFO: ----------------------------------------------------------------------------
2017-03-20 05:23:17,941 INFO: EPOCH 119 (40.866 seconds):
2017-03-20 05:23:17,943 INFO: 	Average L2 norm of relation vector: 0.01932
2017-03-20 05:23:17,943 INFO: 	COST >> 0.016 +/- 0.001, % updates Left: 4.18%  Right: 3.83%
2017-03-20 05:23:57,802 INFO: ----------------------------------------------------------------------------
2017-03-20 05:23:57,802 INFO: EPOCH 120 (39.859 seconds):
2017-03-20 05:23:57,804 INFO: 	Average L2 norm of relation vector: 0.01928
2017-03-20 05:23:57,804 INFO: 	COST >> 0.016 +/- 0.001, % updates Left: 4.22%  Right: 3.8%
2017-03-20 05:23:57,804 INFO: 	FilteredRanking: evaluating rank on 1000 triples
2017-03-20 05:24:57,198 INFO: 	FilteredRanking: evaluating rank on 1000 triples
2017-03-20 05:26:01,472 INFO: 	MEAN RANK >> valid: 359.7, train: 238.8
2017-03-20 05:26:01,473 INFO: 		MEAN RANK TRAIN: Left: 252.9 Rel: 0.0 Right: 224.8
2017-03-20 05:26:01,474 INFO: 		MEAN RANK VALID: Left: 370.7 Rel: 0.0 Right: 348.6
2017-03-20 05:26:01,474 INFO: 		MEAN RECIPROCAL RANK VALID (L & R): 0.165
2017-03-20 05:26:01,474 INFO: 	FilteredRanking: evaluating rank on 1000 triples
2017-03-20 05:27:04,111 INFO: 	NEW BEST TEST MR: 338.9
2017-03-20 05:27:04,112 INFO: 		Left MR: 358.1 Rel MR: 0.0 Right MR: 319.8
2017-03-20 05:27:04,189 INFO: 	(ranking took 186.385 seconds)
2017-03-20 05:27:49,769 INFO: ----------------------------------------------------------------------------
2017-03-20 05:27:49,769 INFO: EPOCH 121 (45.58 seconds):
2017-03-20 05:27:49,771 INFO: 	Average L2 norm of relation vector: 0.01923
2017-03-20 05:27:49,772 INFO: 	COST >> 0.016 +/- 0.001, % updates Left: 4.27%  Right: 3.77%
2017-03-20 05:28:34,083 INFO: ----------------------------------------------------------------------------
2017-03-20 05:28:34,083 INFO: EPOCH 122 (44.311 seconds):
2017-03-20 05:28:34,084 INFO: 	Average L2 norm of relation vector: 0.01919
2017-03-20 05:28:34,084 INFO: 	COST >> 0.016 +/- 0.001, % updates Left: 4.23%  Right: 3.8%
2017-03-20 05:29:18,145 INFO: ----------------------------------------------------------------------------
2017-03-20 05:29:18,148 INFO: EPOCH 123 (44.064 seconds):
2017-03-20 05:29:18,150 INFO: 	Average L2 norm of relation vector: 0.01915
2017-03-20 05:29:18,150 INFO: 	COST >> 0.016 +/- 0.001, % updates Left: 4.29%  Right: 3.79%
2017-03-20 05:30:02,558 INFO: ----------------------------------------------------------------------------
2017-03-20 05:30:02,558 INFO: EPOCH 124 (44.407 seconds):
2017-03-20 05:30:02,560 INFO: 	Average L2 norm of relation vector: 0.01912
2017-03-20 05:30:02,560 INFO: 	COST >> 0.016 +/- 0.001, % updates Left: 4.19%  Right: 3.79%
2017-03-20 05:30:45,344 INFO: ----------------------------------------------------------------------------
2017-03-20 05:30:45,344 INFO: EPOCH 125 (42.783 seconds):
2017-03-20 05:30:45,345 INFO: 	Average L2 norm of relation vector: 0.01909
2017-03-20 05:30:45,345 INFO: 	COST >> 0.016 +/- 0.001, % updates Left: 4.24%  Right: 3.81%
2017-03-20 05:31:27,925 INFO: ----------------------------------------------------------------------------
2017-03-20 05:31:27,925 INFO: EPOCH 126 (42.579 seconds):
2017-03-20 05:31:27,926 INFO: 	Average L2 norm of relation vector: 0.01905
2017-03-20 05:31:27,927 INFO: 	COST >> 0.016 +/- 0.001, % updates Left: 4.26%  Right: 3.79%
2017-03-20 05:32:10,910 INFO: ----------------------------------------------------------------------------
2017-03-20 05:32:10,911 INFO: EPOCH 127 (42.984 seconds):
2017-03-20 05:32:10,912 INFO: 	Average L2 norm of relation vector: 0.01902
2017-03-20 05:32:10,913 INFO: 	COST >> 0.016 +/- 0.001, % updates Left: 4.2%  Right: 3.78%
2017-03-20 05:32:52,825 INFO: ----------------------------------------------------------------------------
2017-03-20 05:32:52,825 INFO: EPOCH 128 (41.912 seconds):
2017-03-20 05:32:52,827 INFO: 	Average L2 norm of relation vector: 0.01897
2017-03-20 05:32:52,827 INFO: 	COST >> 0.016 +/- 0.001, % updates Left: 4.24%  Right: 3.79%
2017-03-20 05:33:33,673 INFO: ----------------------------------------------------------------------------
2017-03-20 05:33:33,673 INFO: EPOCH 129 (40.846 seconds):
2017-03-20 05:33:33,674 INFO: 	Average L2 norm of relation vector: 0.01893
2017-03-20 05:33:33,674 INFO: 	COST >> 0.016 +/- 0.001, % updates Left: 4.15%  Right: 3.79%
2017-03-20 05:34:14,967 INFO: ----------------------------------------------------------------------------
2017-03-20 05:34:14,967 INFO: EPOCH 130 (41.293 seconds):
2017-03-20 05:34:14,968 INFO: 	Average L2 norm of relation vector: 0.01889
2017-03-20 05:34:14,968 INFO: 	COST >> 0.016 +/- 0.001, % updates Left: 4.24%  Right: 3.77%
2017-03-20 05:34:14,969 INFO: 	FilteredRanking: evaluating rank on 1000 triples
2017-03-20 05:35:15,617 INFO: 	FilteredRanking: evaluating rank on 1000 triples
2017-03-20 05:36:19,548 INFO: 	MEAN RANK >> valid: 368.7, train: 231.6
2017-03-20 05:36:19,550 INFO: 		MEAN RANK TRAIN: Left: 237.8 Rel: 0.0 Right: 225.5
2017-03-20 05:36:19,552 INFO: 		MEAN RANK VALID: Left: 389.0 Rel: 0.0 Right: 348.4
2017-03-20 05:36:19,553 INFO: 		MEAN RECIPROCAL RANK VALID (L & R): 0.163
2017-03-20 05:36:19,553 WARNING: 	WARNING, failed to improve MRR on valid, 2 chances left

2017-03-20 05:36:19,705 INFO: 	(ranking took 124.737 seconds)
2017-03-20 05:37:05,115 INFO: ----------------------------------------------------------------------------
2017-03-20 05:37:05,115 INFO: EPOCH 131 (45.409 seconds):
2017-03-20 05:37:05,117 INFO: 	Average L2 norm of relation vector: 0.01885
2017-03-20 05:37:05,117 INFO: 	COST >> 0.016 +/- 0.001, % updates Left: 4.21%  Right: 3.74%
2017-03-20 05:37:49,712 INFO: ----------------------------------------------------------------------------
2017-03-20 05:37:49,712 INFO: EPOCH 132 (44.595 seconds):
2017-03-20 05:37:49,714 INFO: 	Average L2 norm of relation vector: 0.01882
2017-03-20 05:37:49,715 INFO: 	COST >> 0.016 +/- 0.001, % updates Left: 4.22%  Right: 3.82%
2017-03-20 05:38:33,352 INFO: ----------------------------------------------------------------------------
2017-03-20 05:38:33,352 INFO: EPOCH 133 (43.637 seconds):
2017-03-20 05:38:33,354 INFO: 	Average L2 norm of relation vector: 0.01878
2017-03-20 05:38:33,355 INFO: 	COST >> 0.016 +/- 0.001, % updates Left: 4.2%  Right: 3.8%
2017-03-20 05:39:17,519 INFO: ----------------------------------------------------------------------------
2017-03-20 05:39:17,519 INFO: EPOCH 134 (44.164 seconds):
2017-03-20 05:39:17,521 INFO: 	Average L2 norm of relation vector: 0.01876
2017-03-20 05:39:17,521 INFO: 	COST >> 0.016 +/- 0.001, % updates Left: 4.22%  Right: 3.75%
2017-03-20 05:39:59,479 INFO: ----------------------------------------------------------------------------
2017-03-20 05:39:59,479 INFO: EPOCH 135 (41.958 seconds):
2017-03-20 05:39:59,480 INFO: 	Average L2 norm of relation vector: 0.01873
2017-03-20 05:39:59,481 INFO: 	COST >> 0.016 +/- 0.001, % updates Left: 4.27%  Right: 3.7%
2017-03-20 05:40:41,747 INFO: ----------------------------------------------------------------------------
2017-03-20 05:40:41,747 INFO: EPOCH 136 (42.266 seconds):
2017-03-20 05:40:41,748 INFO: 	Average L2 norm of relation vector: 0.0187
2017-03-20 05:40:41,748 INFO: 	COST >> 0.016 +/- 0.001, % updates Left: 4.17%  Right: 3.78%
2017-03-20 05:41:24,018 INFO: ----------------------------------------------------------------------------
2017-03-20 05:41:24,018 INFO: EPOCH 137 (42.269 seconds):
2017-03-20 05:41:24,019 INFO: 	Average L2 norm of relation vector: 0.01865
2017-03-20 05:41:24,020 INFO: 	COST >> 0.016 +/- 0.001, % updates Left: 4.25%  Right: 3.74%
2017-03-20 05:42:08,088 INFO: ----------------------------------------------------------------------------
2017-03-20 05:42:08,089 INFO: EPOCH 138 (44.068 seconds):
2017-03-20 05:42:08,090 INFO: 	Average L2 norm of relation vector: 0.01863
2017-03-20 05:42:08,090 INFO: 	COST >> 0.016 +/- 0.001, % updates Left: 4.22%  Right: 3.7%
2017-03-20 05:42:51,057 INFO: ----------------------------------------------------------------------------
2017-03-20 05:42:51,057 INFO: EPOCH 139 (42.967 seconds):
2017-03-20 05:42:51,059 INFO: 	Average L2 norm of relation vector: 0.0186
2017-03-20 05:42:51,060 INFO: 	COST >> 0.016 +/- 0.001, % updates Left: 4.23%  Right: 3.76%
2017-03-20 05:43:32,347 INFO: ----------------------------------------------------------------------------
2017-03-20 05:43:32,347 INFO: EPOCH 140 (41.287 seconds):
2017-03-20 05:43:32,348 INFO: 	Average L2 norm of relation vector: 0.01856
2017-03-20 05:43:32,349 INFO: 	COST >> 0.016 +/- 0.001, % updates Left: 4.22%  Right: 3.73%
2017-03-20 05:43:32,349 INFO: 	FilteredRanking: evaluating rank on 1000 triples
2017-03-20 05:44:30,832 INFO: 	FilteredRanking: evaluating rank on 1000 triples
2017-03-20 05:45:34,955 INFO: 	MEAN RANK >> valid: 364.5, train: 233.9
2017-03-20 05:45:34,955 INFO: 		MEAN RANK TRAIN: Left: 241.1 Rel: 0.0 Right: 226.8
2017-03-20 05:45:34,956 INFO: 		MEAN RANK VALID: Left: 389.3 Rel: 0.0 Right: 339.8
2017-03-20 05:45:34,956 INFO: 		MEAN RECIPROCAL RANK VALID (L & R): 0.159
2017-03-20 05:45:34,956 WARNING: 	WARNING, failed to improve MRR on valid, 1 chances left

2017-03-20 05:45:35,047 INFO: 	(ranking took 122.699 seconds)
2017-03-20 05:46:20,611 INFO: ----------------------------------------------------------------------------
2017-03-20 05:46:20,612 INFO: EPOCH 141 (45.564 seconds):
2017-03-20 05:46:20,613 INFO: 	Average L2 norm of relation vector: 0.01854
2017-03-20 05:46:20,613 INFO: 	COST >> 0.016 +/- 0.001, % updates Left: 4.22%  Right: 3.75%
2017-03-20 05:47:04,722 INFO: ----------------------------------------------------------------------------
2017-03-20 05:47:04,722 INFO: EPOCH 142 (44.108 seconds):
2017-03-20 05:47:04,724 INFO: 	Average L2 norm of relation vector: 0.01852
2017-03-20 05:47:04,725 INFO: 	COST >> 0.016 +/- 0.001, % updates Left: 4.25%  Right: 3.74%
2017-03-20 05:47:49,514 INFO: ----------------------------------------------------------------------------
2017-03-20 05:47:49,514 INFO: EPOCH 143 (44.789 seconds):
2017-03-20 05:47:49,515 INFO: 	Average L2 norm of relation vector: 0.01848
2017-03-20 05:47:49,516 INFO: 	COST >> 0.016 +/- 0.001, % updates Left: 4.23%  Right: 3.79%
2017-03-20 05:48:34,713 INFO: ----------------------------------------------------------------------------
2017-03-20 05:48:34,714 INFO: EPOCH 144 (45.197 seconds):
2017-03-20 05:48:34,715 INFO: 	Average L2 norm of relation vector: 0.01845
2017-03-20 05:48:34,716 INFO: 	COST >> 0.016 +/- 0.001, % updates Left: 4.19%  Right: 3.74%
2017-03-20 05:49:16,874 INFO: ----------------------------------------------------------------------------
2017-03-20 05:49:16,874 INFO: EPOCH 145 (42.158 seconds):
2017-03-20 05:49:16,876 INFO: 	Average L2 norm of relation vector: 0.01842
2017-03-20 05:49:16,876 INFO: 	COST >> 0.016 +/- 0.001, % updates Left: 4.24%  Right: 3.75%
2017-03-20 05:49:58,396 INFO: ----------------------------------------------------------------------------
2017-03-20 05:49:58,396 INFO: EPOCH 146 (41.52 seconds):
2017-03-20 05:49:58,397 INFO: 	Average L2 norm of relation vector: 0.01838
2017-03-20 05:49:58,398 INFO: 	COST >> 0.016 +/- 0.001, % updates Left: 4.15%  Right: 3.74%
2017-03-20 05:50:40,347 INFO: ----------------------------------------------------------------------------
2017-03-20 05:50:40,347 INFO: EPOCH 147 (41.949 seconds):
2017-03-20 05:50:40,348 INFO: 	Average L2 norm of relation vector: 0.01835
2017-03-20 05:50:40,349 INFO: 	COST >> 0.016 +/- 0.001, % updates Left: 4.21%  Right: 3.72%
2017-03-20 05:51:25,196 INFO: ----------------------------------------------------------------------------
2017-03-20 05:51:25,196 INFO: EPOCH 148 (44.847 seconds):
2017-03-20 05:51:25,198 INFO: 	Average L2 norm of relation vector: 0.01833
2017-03-20 05:51:25,199 INFO: 	COST >> 0.016 +/- 0.001, % updates Left: 4.18%  Right: 3.77%
2017-03-20 05:52:08,279 INFO: ----------------------------------------------------------------------------
2017-03-20 05:52:08,280 INFO: EPOCH 149 (43.08 seconds):
2017-03-20 05:52:08,281 INFO: 	Average L2 norm of relation vector: 0.0183
2017-03-20 05:52:08,282 INFO: 	COST >> 0.016 +/- 0.001, % updates Left: 4.19%  Right: 3.79%
2017-03-20 05:52:49,518 INFO: ----------------------------------------------------------------------------
2017-03-20 05:52:49,519 INFO: EPOCH 150 (41.236 seconds):
2017-03-20 05:52:49,521 INFO: 	Average L2 norm of relation vector: 0.01827
2017-03-20 05:52:49,522 INFO: 	COST >> 0.016 +/- 0.001, % updates Left: 4.2%  Right: 3.75%
2017-03-20 05:52:49,522 INFO: 	FilteredRanking: evaluating rank on 1000 triples
2017-03-20 05:53:47,714 INFO: 	FilteredRanking: evaluating rank on 1000 triples
2017-03-20 05:54:51,197 INFO: 	MEAN RANK >> valid: 361.3, train: 234.6
2017-03-20 05:54:51,198 INFO: 		MEAN RANK TRAIN: Left: 240.4 Rel: 0.0 Right: 228.8
2017-03-20 05:54:51,198 INFO: 		MEAN RANK VALID: Left: 383.9 Rel: 0.0 Right: 338.6
2017-03-20 05:54:51,198 INFO: 		MEAN RECIPROCAL RANK VALID (L & R): 0.1605
2017-03-20 05:54:51,198 WARNING: 	WARNING, failed to improve MRR on valid, 0 chances left

2017-03-20 05:54:51,292 INFO: 	(ranking took 121.77 seconds)
2017-03-20 05:55:36,570 INFO: ----------------------------------------------------------------------------
2017-03-20 05:55:36,571 INFO: EPOCH 151 (45.278 seconds):
2017-03-20 05:55:36,574 INFO: 	Average L2 norm of relation vector: 0.01825
2017-03-20 05:55:36,575 INFO: 	COST >> 0.016 +/- 0.001, % updates Left: 4.21%  Right: 3.76%
2017-03-20 05:56:20,248 INFO: ----------------------------------------------------------------------------
2017-03-20 05:56:20,248 INFO: EPOCH 152 (43.673 seconds):
2017-03-20 05:56:20,250 INFO: 	Average L2 norm of relation vector: 0.01822
2017-03-20 05:56:20,251 INFO: 	COST >> 0.016 +/- 0.001, % updates Left: 4.15%  Right: 3.78%
2017-03-20 05:57:04,235 INFO: ----------------------------------------------------------------------------
2017-03-20 05:57:04,236 INFO: EPOCH 153 (43.984 seconds):
2017-03-20 05:57:04,238 INFO: 	Average L2 norm of relation vector: 0.01819
2017-03-20 05:57:04,239 INFO: 	COST >> 0.016 +/- 0.001, % updates Left: 4.19%  Right: 3.74%
2017-03-20 05:57:48,233 INFO: ----------------------------------------------------------------------------
2017-03-20 05:57:48,233 INFO: EPOCH 154 (43.994 seconds):
2017-03-20 05:57:48,234 INFO: 	Average L2 norm of relation vector: 0.01816
2017-03-20 05:57:48,235 INFO: 	COST >> 0.016 +/- 0.001, % updates Left: 4.14%  Right: 3.71%
2017-03-20 05:58:29,964 INFO: ----------------------------------------------------------------------------
2017-03-20 05:58:29,964 INFO: EPOCH 155 (41.729 seconds):
2017-03-20 05:58:29,966 INFO: 	Average L2 norm of relation vector: 0.01813
2017-03-20 05:58:29,967 INFO: 	COST >> 0.016 +/- 0.001, % updates Left: 4.16%  Right: 3.75%
2017-03-20 05:59:11,531 INFO: ----------------------------------------------------------------------------
2017-03-20 05:59:11,531 INFO: EPOCH 156 (41.564 seconds):
2017-03-20 05:59:11,533 INFO: 	Average L2 norm of relation vector: 0.01811
2017-03-20 05:59:11,533 INFO: 	COST >> 0.016 +/- 0.001, % updates Left: 4.18%  Right: 3.75%
2017-03-20 05:59:53,141 INFO: ----------------------------------------------------------------------------
2017-03-20 05:59:53,141 INFO: EPOCH 157 (41.608 seconds):
2017-03-20 05:59:53,144 INFO: 	Average L2 norm of relation vector: 0.01808
2017-03-20 05:59:53,146 INFO: 	COST >> 0.016 +/- 0.001, % updates Left: 4.14%  Right: 3.77%
2017-03-20 06:00:37,103 INFO: ----------------------------------------------------------------------------
2017-03-20 06:00:37,103 INFO: EPOCH 158 (43.957 seconds):
2017-03-20 06:00:37,105 INFO: 	Average L2 norm of relation vector: 0.01807
2017-03-20 06:00:37,106 INFO: 	COST >> 0.016 +/- 0.001, % updates Left: 4.17%  Right: 3.74%
2017-03-20 06:01:20,543 INFO: ----------------------------------------------------------------------------
2017-03-20 06:01:20,543 INFO: EPOCH 159 (43.437 seconds):
2017-03-20 06:01:20,546 INFO: 	Average L2 norm of relation vector: 0.01804
2017-03-20 06:01:20,546 INFO: 	COST >> 0.016 +/- 0.001, % updates Left: 4.15%  Right: 3.72%
2017-03-20 06:02:03,331 INFO: ----------------------------------------------------------------------------
2017-03-20 06:02:03,331 INFO: EPOCH 160 (42.784 seconds):
2017-03-20 06:02:03,333 INFO: 	Average L2 norm of relation vector: 0.01802
2017-03-20 06:02:03,333 INFO: 	COST >> 0.016 +/- 0.001, % updates Left: 4.16%  Right: 3.76%
2017-03-20 06:02:03,334 INFO: 	FilteredRanking: evaluating rank on 1000 triples
2017-03-20 06:03:02,207 INFO: 	FilteredRanking: evaluating rank on 1000 triples
2017-03-20 06:04:04,401 INFO: 	MEAN RANK >> valid: 365.0, train: 231.6
2017-03-20 06:04:04,402 INFO: 		MEAN RANK TRAIN: Left: 234.0 Rel: 0.0 Right: 229.1
2017-03-20 06:04:04,403 INFO: 		MEAN RANK VALID: Left: 382.7 Rel: 0.0 Right: 347.2
2017-03-20 06:04:04,403 INFO: 		MEAN RECIPROCAL RANK VALID (L & R): 0.1625
2017-03-20 06:04:04,403 WARNING: EARLY STOPPING, failed to improve MRR on valid after 30 epochs
2017-03-20 06:04:04,403 INFO: ----------------------------------------------------------------------------
2017-03-20 06:04:04,403 INFO: ----------------------------------------------------------------------------
2017-03-20 06:04:04,731 INFO: 	Ranking model on all examples from test. Each example ranked against 14951 other entities
2017-03-20 06:04:05,201 INFO: 	Ranking: evaluating rank on 59071 triples
2017-03-20 06:38:01,609 INFO: left_ranks: (59071,), right_ranks: (59071,), rel_ranks: (59071,)
2017-03-20 06:38:01,635 INFO: max left_ranks: 14842, max right_ranks: 14780, max rel_ranks: 0
2017-03-20 06:38:02,169 INFO: MICRO RAW:
2017-03-20 06:38:02,169 INFO: 	Left mean rank: 500.017, MRR: 0.112, median rank: 119.0, hits@10: 20.846%
2017-03-20 06:38:02,170 INFO: 	Right mean rank: 399.96, MRR: 0.171, median rank: 60.0, hits@10: 29.028%
2017-03-20 06:38:02,170 INFO: 	Global mean rank: 449.988, MRR: 0.142, median rank: 87.0, hits@10: 24.937%
2017-03-20 06:38:02,170 INFO: MACRO RAW
2017-03-20 06:38:02,170 INFO: 	Left mean rank: 302.441, MRR: 0.215, median rank: 25.5, hits@10: 40.926%
2017-03-20 06:38:02,170 INFO: 	Right mean rank: 254.177, MRR: 0.286, median rank: 16.0, hits@10: 47.593%
2017-03-20 06:38:02,170 INFO: 	Global mean rank: 278.309, MRR: 0.251, median rank: 18.0, hits@10: 44.259%
2017-03-20 06:38:02,182 INFO: Ranking model on all examples from test. Each example ranked against 14951 other entities which are FILTERED
2017-03-20 06:38:03,044 INFO: 	FilteredRanking: evaluating rank on 59071 triples
2017-03-20 07:27:22,504 INFO: MICRO FILTERED:
2017-03-20 07:27:22,504 INFO: 	Left mean rank: 374.18476, MRR: 0.19894, median rank: 62.0, hits@10: 31.259%
2017-03-20 07:27:22,505 INFO: 	Right mean rank: 320.56805, MRR: 0.25153, median rank: 40.0, hits@10: 36.986%
2017-03-20 07:27:22,505 INFO: 	Global mean rank: 347.3764, MRR: 0.22524, median rank: 51.0, hits@10: 34.122%
2017-03-20 07:27:22,505 INFO: MACRO FILTERED
2017-03-20 07:27:22,505 INFO: 	Left mean rank: 273.33427, MRR: 0.30362, median rank: 11.5, hits@10: 50.697%
2017-03-20 07:27:22,505 INFO: 	Right mean rank: 240.31031, MRR: 0.35796, median rank: 9.0, hits@10: 53.987%
2017-03-20 07:27:22,505 INFO: 	Global mean rank: 256.82229, MRR: 0.33079, median rank: 12.0, hits@10: 52.342%
