2017-04-27 21:57:44,370 INFO: logger initialized for experiment identifier: DoubleLinear_L1_ndim_50_marg_1.0_lrate_0.01_cost_margincost_pos_high_reg_0.05_REL
2017-04-27 21:57:44,372 INFO: identifier: DoubleLinear_L1_ndim_50_marg_1.0_lrate_0.01_cost_margincost_pos_high_reg_0.05_REL
2017-04-27 21:57:44,373 INFO: models saved to path: /home/ubuntu/Thesis_code/KBC_Text/outputs/FB15k_DoubleLinear/
2017-04-27 21:57:44,373 INFO: DD{'ndim': 50, 'test_all': 10, 'Nsyn_rel': 1345, 'totepochs': 500, 'bestvalidMRR': -1, 'loadmodel': False, 'lremb': 0.01, 'nvalid': 1000, 'seed': 123, 'marge': 1.0, 'margincostfunction': 'margincost_pos_high', 'simfn': 'L1', 'savepath': '/home/ubuntu/Thesis_code/KBC_Text/outputs/FB15k_DoubleLinear/DoubleLinear_L1_ndim_50_marg_1.0_lrate_0.01_cost_margincost_pos_high_reg_0.05_REL', 'dataset': 'FB15k', 'nbatches': 100, 'identifier': 'DoubleLinear_L1_ndim_50_marg_1.0_lrate_0.01_cost_margincost_pos_high_reg_0.05_REL', 'lrparam': 0.01, 'loademb': False, 'datapath': '/home/ubuntu/Thesis_data/', 'ntrain': 1000, 'Nrel': 1345, 'experiment_type': 'FB15kexp', 'rel': True, 'Nent': 14951, 'logger': <logging.RootLogger object at 0x7f98eeadd990>, 'ntest': 1000, 'Nsyn': 14951, 'reg': 0.05, 'op': 'DoubleLinear'}
2017-04-27 21:57:47,995 INFO: loaded FB15k data in: 3.619136 seconds
2017-04-27 21:57:47,997 DEBUG: FB15kexp: load_FB15k_data(): trainl(14951, 483142), trainr(14951, 483142), traino(1345, 483142), trainlidx(1000,)
2017-04-27 21:57:54,199 DEBUG: Training to rank RELATIONS as well!
2017-04-27 21:57:54,201 DEBUG: loaded data and constructed model...
2017-04-27 21:57:54,201 DEBUG: num epochs: 500
2017-04-27 21:57:54,202 DEBUG: num batches per epoch: 100
2017-04-27 21:57:54,202 DEBUG: batchsize: 4831
2017-04-27 21:57:54,202 DEBUG: left and right entity ranking functions will rank a slot against 14951 competitors
2017-04-27 21:57:54,202 INFO: BEGIN TRAINING
2017-04-27 22:14:16,208 INFO: ----------------------------------------------------------------------------
2017-04-27 22:14:16,210 INFO: EPOCH 1 (982.007 seconds):
2017-04-27 22:14:16,319 INFO: 	Average L2 norm of relation vector: 0.09912
2017-04-27 22:14:16,320 INFO: 	COST >> 5.417 +/- 2.52, % updates Left: 74.47% Rel: 76.69% Right: 74.55%
2017-04-27 22:26:44,802 INFO: ----------------------------------------------------------------------------
2017-04-27 22:26:44,803 INFO: EPOCH 2 (748.483 seconds):
2017-04-27 22:26:44,859 INFO: 	Average L2 norm of relation vector: 0.11573
2017-04-27 22:26:44,860 INFO: 	COST >> 2.088 +/- 0.555, % updates Left: 29.25% Rel: 18.42% Right: 30.15%
2017-04-27 22:37:39,679 INFO: ----------------------------------------------------------------------------
2017-04-27 22:37:39,680 INFO: EPOCH 3 (654.82 seconds):
2017-04-27 22:37:39,727 INFO: 	Average L2 norm of relation vector: 0.12188
2017-04-27 22:37:39,728 INFO: 	COST >> 1.327 +/- 0.534, % updates Left: 18.35% Rel: 9.65% Right: 20.63%
2017-04-27 22:49:06,056 INFO: ----------------------------------------------------------------------------
2017-04-27 22:49:06,057 INFO: EPOCH 4 (686.329 seconds):
2017-04-27 22:49:06,130 INFO: 	Average L2 norm of relation vector: 0.12464
2017-04-27 22:49:06,131 INFO: 	COST >> 0.958 +/- 0.167, % updates Left: 13.84% Rel: 6.59% Right: 15.6%
2017-04-27 23:00:00,151 INFO: ----------------------------------------------------------------------------
2017-04-27 23:00:00,151 INFO: EPOCH 5 (654.02 seconds):
2017-04-27 23:00:00,200 INFO: 	Average L2 norm of relation vector: 0.1257
2017-04-27 23:00:00,201 INFO: 	COST >> 0.835 +/- 0.095, % updates Left: 11.56% Rel: 5.09% Right: 12.9%
2017-04-27 23:11:59,700 INFO: ----------------------------------------------------------------------------
2017-04-27 23:11:59,701 INFO: EPOCH 6 (719.5 seconds):
2017-04-27 23:11:59,772 INFO: 	Average L2 norm of relation vector: 0.12543
2017-04-27 23:11:59,773 INFO: 	COST >> 0.774 +/- 0.117, % updates Left: 10.56% Rel: 4.12% Right: 11.74%
2017-04-27 23:25:22,697 INFO: ----------------------------------------------------------------------------
2017-04-27 23:25:22,698 INFO: EPOCH 7 (802.925 seconds):
2017-04-27 23:25:22,771 INFO: 	Average L2 norm of relation vector: 0.12511
2017-04-27 23:25:22,772 INFO: 	COST >> 0.747 +/- 0.118, % updates Left: 9.61% Rel: 3.82% Right: 10.94%
2017-04-27 23:37:51,133 INFO: ----------------------------------------------------------------------------
2017-04-27 23:37:51,134 INFO: EPOCH 8 (748.362 seconds):
2017-04-27 23:37:51,218 INFO: 	Average L2 norm of relation vector: 0.12494
2017-04-27 23:37:51,219 INFO: 	COST >> 0.754 +/- 0.128, % updates Left: 9.76% Rel: 3.94% Right: 11.12%
2017-04-27 23:49:38,274 INFO: ----------------------------------------------------------------------------
2017-04-27 23:49:38,274 INFO: EPOCH 9 (707.055 seconds):
2017-04-27 23:49:38,324 INFO: 	Average L2 norm of relation vector: 0.12448
2017-04-27 23:49:38,325 INFO: 	COST >> 0.724 +/- 0.118, % updates Left: 9.57% Rel: 3.71% Right: 10.95%
2017-04-28 00:01:22,395 INFO: ----------------------------------------------------------------------------
2017-04-28 00:01:22,396 INFO: EPOCH 10 (704.07 seconds):
2017-04-28 00:01:22,447 INFO: 	Average L2 norm of relation vector: 0.12405
2017-04-28 00:01:22,448 INFO: 	COST >> 0.714 +/- 0.103, % updates Left: 9.15% Rel: 3.6% Right: 10.44%
2017-04-28 00:01:22,449 INFO: 	FilteredRanking: evaluating rank on 1000 triples
2017-04-28 00:26:39,644 INFO: 	FilteredRanking: evaluating rank on 1000 triples
2017-04-28 00:53:31,008 INFO: 	MEAN RANK >> valid: 1001.6, train: 831.8
2017-04-28 00:53:31,009 INFO: 		MEAN RANK TRAIN: Left: 793.7 Rel: 35.3 Right: 869.9
2017-04-28 00:53:31,010 INFO: 		MEAN RANK VALID: Left: 883.5 Rel: 40.5 Right: 1119.7
2017-04-28 00:53:31,010 INFO: 		MEAN RECIPROCAL RANK VALID (L & R): 0.024
2017-04-28 00:53:31,010 INFO: 	FilteredRanking: evaluating rank on 1000 triples
2017-04-28 01:17:26,070 INFO: 	NEW BEST TEST MR: 975.3
2017-04-28 01:17:26,071 INFO: 		Left MR: 988.2 Rel MR: 59.0 Right MR: 962.5
2017-04-28 01:17:26,271 INFO: 	(ranking took 4563.822 seconds)
2017-04-28 01:29:46,102 INFO: ----------------------------------------------------------------------------
2017-04-28 01:29:46,102 INFO: EPOCH 11 (739.831 seconds):
2017-04-28 01:29:46,184 INFO: 	Average L2 norm of relation vector: 0.1231
2017-04-28 01:29:46,185 INFO: 	COST >> 0.693 +/- 0.155, % updates Left: 8.66% Rel: 3.12% Right: 9.89%
2017-04-28 01:42:06,282 INFO: ----------------------------------------------------------------------------
2017-04-28 01:42:06,283 INFO: EPOCH 12 (740.097 seconds):
2017-04-28 01:42:06,333 INFO: 	Average L2 norm of relation vector: 0.12229
2017-04-28 01:42:06,334 INFO: 	COST >> 0.689 +/- 0.118, % updates Left: 8.23% Rel: 3.27% Right: 9.42%
2017-04-28 01:53:55,552 INFO: ----------------------------------------------------------------------------
2017-04-28 01:53:55,553 INFO: EPOCH 13 (709.219 seconds):
2017-04-28 01:53:55,599 INFO: 	Average L2 norm of relation vector: 0.12269
2017-04-28 01:53:55,600 INFO: 	COST >> 0.758 +/- 0.166, % updates Left: 8.77% Rel: 4.04% Right: 10.04%
2017-04-28 02:05:26,489 INFO: ----------------------------------------------------------------------------
2017-04-28 02:05:26,490 INFO: EPOCH 14 (690.889 seconds):
2017-04-28 02:05:26,560 INFO: 	Average L2 norm of relation vector: 0.12139
2017-04-28 02:05:26,561 INFO: 	COST >> 0.637 +/- 0.093, % updates Left: 8.54% Rel: 2.99% Right: 9.19%
2017-04-28 02:17:38,407 INFO: ----------------------------------------------------------------------------
2017-04-28 02:17:38,408 INFO: EPOCH 15 (731.846 seconds):
2017-04-28 02:17:38,491 INFO: 	Average L2 norm of relation vector: 0.12023
2017-04-28 02:17:38,492 INFO: 	COST >> 0.622 +/- 0.096, % updates Left: 8.17% Rel: 2.82% Right: 8.57%
2017-04-28 02:29:50,381 INFO: ----------------------------------------------------------------------------
2017-04-28 02:29:50,382 INFO: EPOCH 16 (731.89 seconds):
2017-04-28 02:29:50,454 INFO: 	Average L2 norm of relation vector: 0.11923
2017-04-28 02:29:50,456 INFO: 	COST >> 0.622 +/- 0.121, % updates Left: 8.27% Rel: 2.96% Right: 8.52%
2017-04-28 02:42:53,159 INFO: ----------------------------------------------------------------------------
2017-04-28 02:42:53,160 INFO: EPOCH 17 (782.705 seconds):
2017-04-28 02:42:53,238 INFO: 	Average L2 norm of relation vector: 0.11838
2017-04-28 02:42:53,239 INFO: 	COST >> 0.625 +/- 0.121, % updates Left: 7.77% Rel: 2.98% Right: 7.99%
2017-04-28 02:54:40,310 INFO: ----------------------------------------------------------------------------
2017-04-28 02:54:40,311 INFO: EPOCH 18 (707.071 seconds):
2017-04-28 02:54:40,370 INFO: 	Average L2 norm of relation vector: 0.1176
2017-04-28 02:54:40,371 INFO: 	COST >> 0.611 +/- 0.089, % updates Left: 7.97% Rel: 2.99% Right: 8.21%
2017-04-28 03:06:41,763 INFO: ----------------------------------------------------------------------------
2017-04-28 03:06:41,764 INFO: EPOCH 19 (721.393 seconds):
2017-04-28 03:06:41,816 INFO: 	Average L2 norm of relation vector: 0.11681
2017-04-28 03:06:41,817 INFO: 	COST >> 0.626 +/- 0.129, % updates Left: 7.78% Rel: 2.85% Right: 8.13%
2017-04-28 03:20:30,942 INFO: ----------------------------------------------------------------------------
2017-04-28 03:20:30,943 INFO: EPOCH 20 (829.126 seconds):
2017-04-28 03:20:31,005 INFO: 	Average L2 norm of relation vector: 0.11598
2017-04-28 03:20:31,006 INFO: 	COST >> 0.598 +/- 0.114, % updates Left: 7.36% Rel: 2.65% Right: 7.66%
2017-04-28 03:20:31,007 INFO: 	FilteredRanking: evaluating rank on 1000 triples
2017-04-28 03:47:33,546 INFO: 	FilteredRanking: evaluating rank on 1000 triples
2017-04-28 04:10:32,321 INFO: 	MEAN RANK >> valid: 603.5, train: 560.1
2017-04-28 04:10:32,323 INFO: 		MEAN RANK TRAIN: Left: 539.8 Rel: 26.7 Right: 580.4
2017-04-28 04:10:32,323 INFO: 		MEAN RANK VALID: Left: 525.7 Rel: 31.8 Right: 681.3
2017-04-28 04:10:32,323 INFO: 		MEAN RECIPROCAL RANK VALID (L & R): 0.048
2017-04-28 04:10:32,324 INFO: 	FilteredRanking: evaluating rank on 1000 triples
2017-04-28 04:35:23,629 INFO: 	NEW BEST TEST MR: 590.0
2017-04-28 04:35:23,632 INFO: 		Left MR: 501.4 Rel MR: 47.4 Right MR: 678.5
2017-04-28 04:35:25,103 INFO: 	(ranking took 4494.097 seconds)
2017-04-28 04:47:37,526 INFO: ----------------------------------------------------------------------------
2017-04-28 04:47:37,527 INFO: EPOCH 21 (732.423 seconds):
2017-04-28 04:47:37,589 INFO: 	Average L2 norm of relation vector: 0.11499
2017-04-28 04:47:37,591 INFO: 	COST >> 0.569 +/- 0.105, % updates Left: 7.26% Rel: 2.54% Right: 7.56%
2017-04-28 04:59:28,110 INFO: ----------------------------------------------------------------------------
2017-04-28 04:59:28,111 INFO: EPOCH 22 (710.52 seconds):
2017-04-28 04:59:28,190 INFO: 	Average L2 norm of relation vector: 0.11433
2017-04-28 04:59:28,192 INFO: 	COST >> 0.571 +/- 0.119, % updates Left: 7.25% Rel: 2.78% Right: 7.59%
2017-04-28 05:11:10,940 INFO: ----------------------------------------------------------------------------
2017-04-28 05:11:10,941 INFO: EPOCH 23 (702.749 seconds):
2017-04-28 05:11:10,989 INFO: 	Average L2 norm of relation vector: 0.11393
2017-04-28 05:11:10,990 INFO: 	COST >> 0.592 +/- 0.112, % updates Left: 7.35% Rel: 2.99% Right: 7.67%
2017-04-28 05:21:44,082 INFO: ----------------------------------------------------------------------------
2017-04-28 05:21:44,082 INFO: EPOCH 24 (633.092 seconds):
2017-04-28 05:21:44,130 INFO: 	Average L2 norm of relation vector: 0.11341
2017-04-28 05:21:44,131 INFO: 	COST >> 0.574 +/- 0.104, % updates Left: 7.2% Rel: 2.79% Right: 7.58%
2017-04-28 05:34:54,063 INFO: ----------------------------------------------------------------------------
2017-04-28 05:34:54,063 INFO: EPOCH 25 (789.932 seconds):
2017-04-28 05:34:54,131 INFO: 	Average L2 norm of relation vector: 0.11205
2017-04-28 05:34:54,132 INFO: 	COST >> 0.514 +/- 0.095, % updates Left: 6.56% Rel: 2.23% Right: 6.78%
2017-04-28 05:46:52,857 INFO: ----------------------------------------------------------------------------
2017-04-28 05:46:52,858 INFO: EPOCH 26 (718.726 seconds):
2017-04-28 05:46:52,909 INFO: 	Average L2 norm of relation vector: 0.11092
2017-04-28 05:46:52,910 INFO: 	COST >> 0.506 +/- 0.087, % updates Left: 6.24% Rel: 2.32% Right: 6.55%
2017-04-28 05:57:16,772 INFO: ----------------------------------------------------------------------------
2017-04-28 05:57:16,772 INFO: EPOCH 27 (623.862 seconds):
2017-04-28 05:57:16,821 INFO: 	Average L2 norm of relation vector: 0.10987
2017-04-28 05:57:16,822 INFO: 	COST >> 0.502 +/- 0.091, % updates Left: 6.23% Rel: 2.31% Right: 6.54%
2017-04-28 06:07:28,032 INFO: ----------------------------------------------------------------------------
2017-04-28 06:07:28,033 INFO: EPOCH 28 (611.21 seconds):
2017-04-28 06:07:28,084 INFO: 	Average L2 norm of relation vector: 0.10889
2017-04-28 06:07:28,085 INFO: 	COST >> 0.494 +/- 0.104, % updates Left: 6.27% Rel: 2.25% Right: 6.59%
2017-04-28 06:17:43,487 INFO: ----------------------------------------------------------------------------
2017-04-28 06:17:43,487 INFO: EPOCH 29 (615.402 seconds):
2017-04-28 06:17:43,536 INFO: 	Average L2 norm of relation vector: 0.1094
2017-04-28 06:17:43,537 INFO: 	COST >> 0.583 +/- 0.114, % updates Left: 6.96% Rel: 3.07% Right: 7.37%
2017-04-28 06:28:04,590 INFO: ----------------------------------------------------------------------------
2017-04-28 06:28:04,590 INFO: EPOCH 30 (621.053 seconds):
2017-04-28 06:28:04,638 INFO: 	Average L2 norm of relation vector: 0.10909
2017-04-28 06:28:04,639 INFO: 	COST >> 0.555 +/- 0.119, % updates Left: 7.05% Rel: 2.76% Right: 7.38%
2017-04-28 06:28:04,640 INFO: 	FilteredRanking: evaluating rank on 1000 triples
2017-04-28 06:49:45,399 INFO: 	FilteredRanking: evaluating rank on 1000 triples
2017-04-28 07:14:29,829 INFO: 	MEAN RANK >> valid: 862.5, train: 732.1
2017-04-28 07:14:29,831 INFO: 		MEAN RANK TRAIN: Left: 761.7 Rel: 40.4 Right: 702.5
2017-04-28 07:14:29,832 INFO: 		MEAN RANK VALID: Left: 838.6 Rel: 51.9 Right: 886.3
2017-04-28 07:14:29,832 INFO: 		MEAN RECIPROCAL RANK VALID (L & R): 0.042
2017-04-28 07:14:29,832 WARNING: 	WARNING, failed to improve MRR on valid, 2 chances left

2017-04-28 07:14:31,419 INFO: 	(ranking took 2786.78 seconds)
2017-04-28 07:27:06,843 INFO: ----------------------------------------------------------------------------
2017-04-28 07:27:06,844 INFO: EPOCH 31 (755.423 seconds):
2017-04-28 07:27:06,908 INFO: 	Average L2 norm of relation vector: 0.10859
2017-04-28 07:27:06,909 INFO: 	COST >> 0.573 +/- 0.094, % updates Left: 7.41% Rel: 2.52% Right: 8.53%
2017-04-28 07:39:28,377 INFO: ----------------------------------------------------------------------------
2017-04-28 07:39:28,377 INFO: EPOCH 32 (741.468 seconds):
2017-04-28 07:39:28,450 INFO: 	Average L2 norm of relation vector: 0.10821
2017-04-28 07:39:28,450 INFO: 	COST >> 0.56 +/- 0.094, % updates Left: 7.11% Rel: 2.64% Right: 8.43%
2017-04-28 07:53:19,235 INFO: ----------------------------------------------------------------------------
2017-04-28 07:53:19,235 INFO: EPOCH 33 (830.785 seconds):
2017-04-28 07:53:19,305 INFO: 	Average L2 norm of relation vector: 0.10718
2017-04-28 07:53:19,306 INFO: 	COST >> 0.504 +/- 0.078, % updates Left: 6.6% Rel: 2.3% Right: 7.06%
2017-04-28 08:06:18,726 INFO: ----------------------------------------------------------------------------
2017-04-28 08:06:18,727 INFO: EPOCH 34 (779.42 seconds):
2017-04-28 08:06:18,774 INFO: 	Average L2 norm of relation vector: 0.10645
2017-04-28 08:06:18,775 INFO: 	COST >> 0.5 +/- 0.105, % updates Left: 6.46% Rel: 2.28% Right: 6.81%
2017-04-28 08:18:34,163 INFO: ----------------------------------------------------------------------------
2017-04-28 08:18:34,164 INFO: EPOCH 35 (735.388 seconds):
2017-04-28 08:18:34,215 INFO: 	Average L2 norm of relation vector: 0.1085
2017-04-28 08:18:34,215 INFO: 	COST >> 0.638 +/- 0.182, % updates Left: 7.18% Rel: 3.65% Right: 7.61%
2017-04-28 08:30:09,327 INFO: ----------------------------------------------------------------------------
2017-04-28 08:30:09,328 INFO: EPOCH 36 (695.112 seconds):
2017-04-28 08:30:09,378 INFO: 	Average L2 norm of relation vector: 0.10959
2017-04-28 08:30:09,379 INFO: 	COST >> 0.654 +/- 0.134, % updates Left: 7.93% Rel: 3.49% Right: 8.18%
2017-04-28 08:41:51,475 INFO: ----------------------------------------------------------------------------
2017-04-28 08:41:51,475 INFO: EPOCH 37 (702.096 seconds):
2017-04-28 08:41:51,527 INFO: 	Average L2 norm of relation vector: 0.10878
2017-04-28 08:41:51,528 INFO: 	COST >> 0.583 +/- 0.088, % updates Left: 7.77% Rel: 2.57% Right: 8.47%
2017-04-28 08:53:31,808 INFO: ----------------------------------------------------------------------------
2017-04-28 08:53:31,809 INFO: EPOCH 38 (700.28 seconds):
2017-04-28 08:53:31,872 INFO: 	Average L2 norm of relation vector: 0.10783
2017-04-28 08:53:31,873 INFO: 	COST >> 0.526 +/- 0.107, % updates Left: 6.64% Rel: 2.25% Right: 7.01%
2017-04-28 09:06:25,477 INFO: ----------------------------------------------------------------------------
2017-04-28 09:06:25,478 INFO: EPOCH 39 (773.605 seconds):
2017-04-28 09:06:25,535 INFO: 	Average L2 norm of relation vector: 0.10762
2017-04-28 09:06:25,536 INFO: 	COST >> 0.52 +/- 0.094, % updates Left: 6.21% Rel: 2.46% Right: 6.55%
2017-04-28 09:17:55,060 INFO: ----------------------------------------------------------------------------
2017-04-28 09:17:55,061 INFO: EPOCH 40 (689.524 seconds):
2017-04-28 09:17:55,111 INFO: 	Average L2 norm of relation vector: 0.10756
2017-04-28 09:17:55,112 INFO: 	COST >> 0.54 +/- 0.122, % updates Left: 6.65% Rel: 2.82% Right: 7.02%
2017-04-28 09:17:55,113 INFO: 	FilteredRanking: evaluating rank on 1000 triples
2017-04-28 09:41:33,193 INFO: 	FilteredRanking: evaluating rank on 1000 triples
2017-04-28 10:04:40,535 INFO: 	MEAN RANK >> valid: 687.2, train: 571.7
2017-04-28 10:04:40,536 INFO: 		MEAN RANK TRAIN: Left: 512.6 Rel: 16.9 Right: 630.7
2017-04-28 10:04:40,537 INFO: 		MEAN RANK VALID: Left: 621.2 Rel: 27.5 Right: 753.1
2017-04-28 10:04:40,537 INFO: 		MEAN RECIPROCAL RANK VALID (L & R): 0.038
2017-04-28 10:04:40,537 WARNING: 	WARNING, failed to improve MRR on valid, 1 chances left

2017-04-28 10:04:41,484 INFO: 	(ranking took 2806.371 seconds)
2017-04-28 10:16:34,175 INFO: ----------------------------------------------------------------------------
2017-04-28 10:16:34,176 INFO: EPOCH 41 (712.692 seconds):
2017-04-28 10:16:34,246 INFO: 	Average L2 norm of relation vector: 0.10687
2017-04-28 10:16:34,247 INFO: 	COST >> 0.531 +/- 0.087, % updates Left: 6.85% Rel: 2.35% Right: 7.09%
2017-04-28 10:28:28,428 INFO: ----------------------------------------------------------------------------
2017-04-28 10:28:28,429 INFO: EPOCH 42 (714.181 seconds):
2017-04-28 10:28:28,482 INFO: 	Average L2 norm of relation vector: 0.10609
2017-04-28 10:28:28,483 INFO: 	COST >> 0.508 +/- 0.09, % updates Left: 6.55% Rel: 2.26% Right: 6.85%
2017-04-28 10:39:50,531 INFO: ----------------------------------------------------------------------------
2017-04-28 10:39:50,531 INFO: EPOCH 43 (682.048 seconds):
2017-04-28 10:39:50,601 INFO: 	Average L2 norm of relation vector: 0.1062
2017-04-28 10:39:50,602 INFO: 	COST >> 0.581 +/- 0.156, % updates Left: 6.59% Rel: 2.51% Right: 7.21%
2017-04-28 10:52:45,840 INFO: ----------------------------------------------------------------------------
2017-04-28 10:52:45,840 INFO: EPOCH 44 (775.238 seconds):
2017-04-28 10:52:45,913 INFO: 	Average L2 norm of relation vector: 0.10631
2017-04-28 10:52:45,914 INFO: 	COST >> 0.561 +/- 0.131, % updates Left: 6.58% Rel: 2.58% Right: 7.99%
2017-04-28 11:07:05,583 INFO: ----------------------------------------------------------------------------
2017-04-28 11:07:05,583 INFO: EPOCH 45 (859.668 seconds):
2017-04-28 11:07:05,655 INFO: 	Average L2 norm of relation vector: 0.10639
2017-04-28 11:07:05,656 INFO: 	COST >> 0.574 +/- 0.104, % updates Left: 7.12% Rel: 2.72% Right: 8.55%
2017-04-28 11:18:07,017 INFO: ----------------------------------------------------------------------------
2017-04-28 11:18:07,018 INFO: EPOCH 46 (661.361 seconds):
2017-04-28 11:18:07,067 INFO: 	Average L2 norm of relation vector: 0.10608
2017-04-28 11:18:07,068 INFO: 	COST >> 0.557 +/- 0.101, % updates Left: 7.0% Rel: 2.51% Right: 8.19%
2017-04-28 11:29:49,720 INFO: ----------------------------------------------------------------------------
2017-04-28 11:29:49,721 INFO: EPOCH 47 (702.652 seconds):
2017-04-28 11:29:49,800 INFO: 	Average L2 norm of relation vector: 0.10542
2017-04-28 11:29:49,801 INFO: 	COST >> 0.524 +/- 0.098, % updates Left: 6.67% Rel: 2.28% Right: 7.59%
2017-04-28 11:41:53,655 INFO: ----------------------------------------------------------------------------
2017-04-28 11:41:53,656 INFO: EPOCH 48 (723.855 seconds):
2017-04-28 11:41:53,706 INFO: 	Average L2 norm of relation vector: 0.10496
2017-04-28 11:41:53,707 INFO: 	COST >> 0.484 +/- 0.086, % updates Left: 6.07% Rel: 2.28% Right: 6.47%
2017-04-28 11:53:53,864 INFO: ----------------------------------------------------------------------------
2017-04-28 11:53:53,865 INFO: EPOCH 49 (720.157 seconds):
2017-04-28 11:53:53,914 INFO: 	Average L2 norm of relation vector: 0.10529
2017-04-28 11:53:53,915 INFO: 	COST >> 0.552 +/- 0.095, % updates Left: 7.06% Rel: 2.75% Right: 7.44%
2017-04-28 12:05:49,844 INFO: ----------------------------------------------------------------------------
2017-04-28 12:05:49,845 INFO: EPOCH 50 (715.929 seconds):
2017-04-28 12:05:49,915 INFO: 	Average L2 norm of relation vector: 0.10544
2017-04-28 12:05:49,917 INFO: 	COST >> 0.548 +/- 0.098, % updates Left: 7.02% Rel: 2.69% Right: 7.45%
2017-04-28 12:05:49,917 INFO: 	FilteredRanking: evaluating rank on 1000 triples
2017-04-28 12:29:36,523 INFO: 	FilteredRanking: evaluating rank on 1000 triples
2017-04-28 12:56:11,763 INFO: 	MEAN RANK >> valid: 533.6, train: 468.5
2017-04-28 12:56:11,765 INFO: 		MEAN RANK TRAIN: Left: 435.0 Rel: 17.5 Right: 502.0
2017-04-28 12:56:11,766 INFO: 		MEAN RANK VALID: Left: 503.5 Rel: 19.7 Right: 563.7
2017-04-28 12:56:11,766 INFO: 		MEAN RECIPROCAL RANK VALID (L & R): 0.042
2017-04-28 12:56:11,767 WARNING: 	WARNING, failed to improve MRR on valid, 0 chances left

2017-04-28 12:56:12,697 INFO: 	(ranking took 3022.78 seconds)
2017-04-28 13:09:32,241 INFO: ----------------------------------------------------------------------------
2017-04-28 13:09:32,242 INFO: EPOCH 51 (799.544 seconds):
2017-04-28 13:09:32,301 INFO: 	Average L2 norm of relation vector: 0.10641
2017-04-28 13:09:32,303 INFO: 	COST >> 0.597 +/- 0.139, % updates Left: 7.18% Rel: 3.04% Right: 7.43%
2017-04-28 13:21:07,130 INFO: ----------------------------------------------------------------------------
2017-04-28 13:21:07,130 INFO: EPOCH 52 (694.827 seconds):
2017-04-28 13:21:07,202 INFO: 	Average L2 norm of relation vector: 0.10633
2017-04-28 13:21:07,203 INFO: 	COST >> 0.564 +/- 0.1, % updates Left: 7.22% Rel: 2.67% Right: 7.48%
2017-04-28 13:32:04,366 INFO: ----------------------------------------------------------------------------
2017-04-28 13:32:04,367 INFO: EPOCH 53 (657.163 seconds):
2017-04-28 13:32:04,418 INFO: 	Average L2 norm of relation vector: 0.10627
2017-04-28 13:32:04,419 INFO: 	COST >> 0.557 +/- 0.1, % updates Left: 7.08% Rel: 2.72% Right: 7.31%
2017-04-28 13:43:16,667 INFO: ----------------------------------------------------------------------------
2017-04-28 13:43:16,668 INFO: EPOCH 54 (672.249 seconds):
2017-04-28 13:43:16,737 INFO: 	Average L2 norm of relation vector: 0.10561
2017-04-28 13:43:16,739 INFO: 	COST >> 0.504 +/- 0.079, % updates Left: 6.38% Rel: 2.26% Right: 6.67%
2017-04-28 13:55:21,187 INFO: ----------------------------------------------------------------------------
2017-04-28 13:55:21,188 INFO: EPOCH 55 (724.449 seconds):
2017-04-28 13:55:21,253 INFO: 	Average L2 norm of relation vector: 0.10532
2017-04-28 13:55:21,254 INFO: 	COST >> 0.521 +/- 0.109, % updates Left: 6.55% Rel: 2.35% Right: 6.89%
2017-04-28 14:06:41,888 INFO: ----------------------------------------------------------------------------
2017-04-28 14:06:41,889 INFO: EPOCH 56 (680.634 seconds):
2017-04-28 14:06:41,937 INFO: 	Average L2 norm of relation vector: 0.10597
2017-04-28 14:06:41,939 INFO: 	COST >> 0.585 +/- 0.137, % updates Left: 7.22% Rel: 2.88% Right: 7.69%
2017-04-28 14:17:54,434 INFO: ----------------------------------------------------------------------------
2017-04-28 14:17:54,435 INFO: EPOCH 57 (672.496 seconds):
2017-04-28 14:17:54,511 INFO: 	Average L2 norm of relation vector: 0.10618
2017-04-28 14:17:54,513 INFO: 	COST >> 0.562 +/- 0.115, % updates Left: 7.21% Rel: 2.72% Right: 7.47%
2017-04-28 14:30:16,547 INFO: ----------------------------------------------------------------------------
2017-04-28 14:30:16,548 INFO: EPOCH 58 (742.035 seconds):
2017-04-28 14:30:16,629 INFO: 	Average L2 norm of relation vector: 0.1058
2017-04-28 14:30:16,630 INFO: 	COST >> 0.545 +/- 0.123, % updates Left: 6.76% Rel: 2.43% Right: 7.02%
2017-04-28 14:43:55,017 INFO: ----------------------------------------------------------------------------
2017-04-28 14:43:55,017 INFO: EPOCH 59 (818.387 seconds):
2017-04-28 14:43:55,067 INFO: 	Average L2 norm of relation vector: 0.10501
2017-04-28 14:43:55,068 INFO: 	COST >> 0.531 +/- 0.082, % updates Left: 6.88% Rel: 2.18% Right: 7.74%
2017-04-28 14:57:02,367 INFO: ----------------------------------------------------------------------------
2017-04-28 14:57:02,368 INFO: EPOCH 60 (787.299 seconds):
2017-04-28 14:57:02,443 INFO: 	Average L2 norm of relation vector: 0.10621
2017-04-28 14:57:02,444 INFO: 	COST >> 0.614 +/- 0.142, % updates Left: 7.31% Rel: 3.06% Right: 8.41%
2017-04-28 14:57:02,444 INFO: 	FilteredRanking: evaluating rank on 1000 triples
2017-04-28 15:24:08,486 INFO: 	FilteredRanking: evaluating rank on 1000 triples
2017-04-28 15:55:17,613 INFO: 	MEAN RANK >> valid: 557.0, train: 538.1
2017-04-28 15:55:17,614 INFO: 		MEAN RANK TRAIN: Left: 517.9 Rel: 28.1 Right: 558.3
2017-04-28 15:55:17,615 INFO: 		MEAN RANK VALID: Left: 504.7 Rel: 36.0 Right: 609.3
2017-04-28 15:55:17,615 INFO: 		MEAN RECIPROCAL RANK VALID (L & R): 0.0275
2017-04-28 15:55:17,615 WARNING: EARLY STOPPING, failed to improve MRR on valid after 30 epochs
2017-04-28 15:55:17,615 INFO: ----------------------------------------------------------------------------
2017-04-28 15:55:17,615 INFO: ----------------------------------------------------------------------------
2017-04-28 15:55:18,328 INFO: 	Ranking model on all examples from test. Each example ranked against 14951 other entities
2017-04-28 15:55:18,329 INFO: 	RELATION ranking: each rel ranked against 1345 other rels
2017-04-28 15:55:21,703 INFO: 	Ranking: evaluating rank on 59071 triples
2017-04-29 22:16:23,099 INFO: left_ranks: (59071,), right_ranks: (59071,), rel_ranks: (59071,)
2017-04-29 22:16:23,133 INFO: max left_ranks: 14951, max right_ranks: 14949, max rel_ranks: 1345
2017-04-29 22:16:24,334 INFO: MICRO RAW:
2017-04-29 22:16:24,335 INFO: 	Left mean rank: 711.982, MRR: 0.052, median rank: 196.0, hits@10: 10.922%
2017-04-29 22:16:24,335 INFO: 	Right mean rank: 736.449, MRR: 0.08, median rank: 127.0, hits@10: 15.833%
2017-04-29 22:16:24,335 INFO: 	relation mean rank: 29.111, MRR: 0.657, median rank: 2.0, hits@10: 91.322%
2017-04-29 22:16:24,335 INFO: 	Global mean rank: 724.215, MRR: 0.066, median rank: 159.0, hits@10: 13.378%
2017-04-29 22:16:24,336 INFO: MACRO RAW
2017-04-29 22:16:24,336 INFO: 	Left mean rank: 1111.033, MRR: 0.043, median rank: 264.5, hits@10: 8.74%
2017-04-29 22:16:24,336 INFO: 	Right mean rank: 1017.66, MRR: 0.07, median rank: 209.0, hits@10: 13.399%
2017-04-29 22:16:24,336 INFO: 	relation mean rank: 65.065, MRR: 0.389, median rank: 60.005, hits@10: 65.812%
2017-04-29 22:16:24,336 INFO: 	Global mean rank: 1064.347, MRR: 0.057, median rank: 195.5, hits@10: 11.07%
2017-04-29 22:16:24,353 INFO: Ranking model on all examples from test. Each example ranked against 14951 other entities which are FILTERED
2017-04-29 22:16:24,354 INFO: RELATION ranking: each rel ranked against 1345 other rels
2017-04-29 22:16:26,973 INFO: 	FilteredRanking: evaluating rank on 59071 triples
2017-05-01 02:00:50,344 INFO: MICRO FILTERED:
2017-05-01 02:00:50,345 INFO: 	Left mean rank: 599.60343, MRR: 0.075, median rank: 139.0, hits@10: 14.858%
2017-05-01 02:00:50,345 INFO: 	Right mean rank: 664.95434, MRR: 0.10471, median rank: 105.0, hits@10: 19.463%
2017-05-01 02:00:50,345 INFO: 	relation mean rank: 28.783, MRR: 0.738, median rank: 1.0, hits@10: 91.617%
2017-05-01 02:00:50,345 INFO: 	Global mean rank: 632.27888, MRR: 0.08986, median rank: 121.0, hits@10: 17.161%
2017-05-01 02:00:50,346 INFO: MACRO FILTERED
2017-05-01 02:00:50,346 INFO: 	Left mean rank: 1085.56437, MRR: 0.05428, median rank: 221.0, hits@10: 10.788%
2017-05-01 02:00:50,346 INFO: 	Right mean rank: 1005.64156, MRR: 0.08022, median rank: 200.5, hits@10: 14.951%
2017-05-01 02:00:50,346 INFO: 	relation mean rank: 64.512, MRR: 0.45, median rank: 59.42, hits@10: 66.875%
2017-05-01 02:00:50,346 INFO: 	Global mean rank: 1045.60297, MRR: 0.06725, median rank: 192.0, hits@10: 12.87%
