2017-04-13 14:25:54,300 INFO: logger initialized for experiment identifier: DoubleLinear_L1_ndim_50_marg_1.5_lrate_0.01_cost_margincost_pos_high_reg_0.001_REL
2017-04-13 14:25:54,300 INFO: identifier: DoubleLinear_L1_ndim_50_marg_1.5_lrate_0.01_cost_margincost_pos_high_reg_0.001_REL
2017-04-13 14:25:54,300 INFO: models saved to path: /Users/corbinrosset/Dropbox/Arora/QA-code/src/KBC_Text/outputs/FB15k_DoubleLinear/
2017-04-13 14:25:54,300 INFO: DD{'ndim': 50, 'test_all': 10, 'Nsyn_rel': 1345, 'totepochs': 500, 'bestvalidMRR': -1, 'loadmodel': False, 'lremb': 0.01, 'nvalid': 1000, 'seed': 123, 'marge': 1.5, 'margincostfunction': 'margincost_pos_high', 'simfn': 'L1', 'savepath': '/Users/corbinrosset/Dropbox/Arora/QA-code/src/KBC_Text/outputs/FB15k_DoubleLinear/DoubleLinear_L1_ndim_50_marg_1.5_lrate_0.01_cost_margincost_pos_high_reg_0.001_REL', 'dataset': 'FB15k', 'nbatches': 100, 'identifier': 'DoubleLinear_L1_ndim_50_marg_1.5_lrate_0.01_cost_margincost_pos_high_reg_0.001_REL', 'lrparam': 0.01, 'loademb': False, 'datapath': '/Users/corbinrosset/Dropbox/Arora/QA-code/src/KBC_Text/data/', 'ntrain': 1000, 'Nrel': 1345, 'experiment_type': 'FB15kexp', 'rel': True, 'Nent': 16296, 'logger': <logging.RootLogger object at 0x104329e50>, 'ntest': 1000, 'Nsyn': 14951, 'reg': 0.001, 'op': 'DoubleLinear'}
2017-04-13 14:25:56,138 INFO: loaded FB15k data in: 1.800147 seconds
2017-04-13 14:25:56,140 DEBUG: FB15kexp: load_FB15k_data(): trainl(16296, 483142), trainr(16296, 483142), traino(1345, 483142), trainlidx(1000,)
2017-04-13 14:25:59,742 DEBUG: Training to rank RELATIONS as well!
2017-04-13 14:25:59,742 DEBUG: loaded data and constructed model...
2017-04-13 14:25:59,742 DEBUG: num epochs: 500
2017-04-13 14:25:59,743 DEBUG: num batches per epoch: 100
2017-04-13 14:25:59,743 DEBUG: batchsize: 4831
2017-04-13 14:25:59,743 DEBUG: left and right entity ranking functions will rank a slot against 14951 competitors
2017-04-13 14:25:59,743 INFO: BEGIN TRAINING
2017-04-13 14:31:39,531 INFO: ----------------------------------------------------------------------------
2017-04-13 14:31:39,536 INFO: EPOCH 1 (339.793 seconds):
2017-04-13 14:31:39,602 INFO: 	Average L2 norm of relation vector: 0.10806
2017-04-13 14:31:39,602 INFO: 	COST >> 6.674 +/- 2.534, % updates Left: 82.03% Rel: 85.69% Right: 82.09%
2017-04-13 14:37:11,874 INFO: ----------------------------------------------------------------------------
2017-04-13 14:37:11,875 INFO: EPOCH 2 (332.272 seconds):
2017-04-13 14:37:11,923 INFO: 	Average L2 norm of relation vector: 0.13117
2017-04-13 14:37:11,924 INFO: 	COST >> 2.083 +/- 0.581, % updates Left: 31.28% Rel: 21.6% Right: 33.01%
2017-04-13 14:42:55,220 INFO: ----------------------------------------------------------------------------
2017-04-13 14:42:55,220 INFO: EPOCH 3 (343.296 seconds):
2017-04-13 14:42:55,265 INFO: 	Average L2 norm of relation vector: 0.14282
2017-04-13 14:42:55,265 INFO: 	COST >> 1.121 +/- 0.165, % updates Left: 18.29% Rel: 9.38% Right: 21.46%
2017-04-13 15:04:08,877 INFO: ----------------------------------------------------------------------------
2017-04-13 15:04:08,877 INFO: EPOCH 4 (1273.612 seconds):
2017-04-13 15:04:08,919 INFO: 	Average L2 norm of relation vector: 0.15086
2017-04-13 15:04:08,919 INFO: 	COST >> 0.891 +/- 0.163, % updates Left: 14.72% Rel: 6.25% Right: 17.79%
2017-04-13 15:09:44,692 INFO: ----------------------------------------------------------------------------
2017-04-13 15:09:44,692 INFO: EPOCH 5 (335.773 seconds):
2017-04-13 15:09:44,735 INFO: 	Average L2 norm of relation vector: 0.15679
2017-04-13 15:09:44,735 INFO: 	COST >> 0.766 +/- 0.117, % updates Left: 12.82% Rel: 4.49% Right: 16.01%
2017-04-13 15:15:09,545 INFO: ----------------------------------------------------------------------------
2017-04-13 15:15:09,545 INFO: EPOCH 6 (324.81 seconds):
2017-04-13 15:15:09,589 INFO: 	Average L2 norm of relation vector: 0.16193
2017-04-13 15:15:09,589 INFO: 	COST >> 0.718 +/- 0.096, % updates Left: 11.95% Rel: 3.76% Right: 15.25%
2017-04-13 15:20:24,991 INFO: ----------------------------------------------------------------------------
2017-04-13 15:20:24,991 INFO: EPOCH 7 (315.401 seconds):
2017-04-13 15:20:25,034 INFO: 	Average L2 norm of relation vector: 0.16595
2017-04-13 15:20:25,035 INFO: 	COST >> 0.672 +/- 0.112, % updates Left: 11.33% Rel: 3.37% Right: 14.5%
2017-04-13 15:25:45,131 INFO: ----------------------------------------------------------------------------
2017-04-13 15:25:45,131 INFO: EPOCH 8 (320.096 seconds):
2017-04-13 15:25:45,172 INFO: 	Average L2 norm of relation vector: 0.1694
2017-04-13 15:25:45,173 INFO: 	COST >> 0.622 +/- 0.082, % updates Left: 10.71% Rel: 2.82% Right: 13.77%
2017-04-13 15:31:05,691 INFO: ----------------------------------------------------------------------------
2017-04-13 15:31:05,693 INFO: EPOCH 9 (320.52 seconds):
2017-04-13 15:31:05,734 INFO: 	Average L2 norm of relation vector: 0.17243
2017-04-13 15:31:05,734 INFO: 	COST >> 0.577 +/- 0.093, % updates Left: 9.9% Rel: 2.48% Right: 13.07%
2017-04-13 15:36:44,887 INFO: ----------------------------------------------------------------------------
2017-04-13 15:36:44,890 INFO: EPOCH 10 (339.155 seconds):
2017-04-13 15:36:44,946 INFO: 	Average L2 norm of relation vector: 0.17505
2017-04-13 15:36:44,947 INFO: 	COST >> 0.559 +/- 0.067, % updates Left: 9.61% Rel: 2.21% Right: 12.88%
2017-04-13 15:36:44,948 INFO: 	FilteredRanking: evaluating rank on 1000 triples
2017-04-13 15:49:00,313 INFO: 	FilteredRanking: evaluating rank on 1000 triples
2017-04-13 16:02:36,374 INFO: 	MEAN RANK >> valid: 952.8, train: 837.6
2017-04-13 16:02:36,378 INFO: 		MEAN RANK TRAIN: Left: 732.3 Rel: 10.0 Right: 943.0
2017-04-13 16:02:36,380 INFO: 		MEAN RANK VALID: Left: 791.7 Rel: 18.5 Right: 1113.8
2017-04-13 16:02:36,380 INFO: 		MEAN RECIPROCAL RANK VALID (L & R): 0.0295
2017-04-13 16:02:36,380 INFO: 	FilteredRanking: evaluating rank on 1000 triples
2017-04-13 16:15:00,944 INFO: 	NEW BEST TEST MR: 866.4
2017-04-13 16:15:00,949 INFO: 		Left MR: 691.1 Rel MR: 20.9 Right MR: 1041.7
2017-04-13 16:15:01,158 INFO: 	(ranking took 2296.21 seconds)
2017-04-13 16:21:01,204 INFO: ----------------------------------------------------------------------------
2017-04-13 16:21:01,206 INFO: EPOCH 11 (360.048 seconds):
2017-04-13 16:21:01,256 INFO: 	Average L2 norm of relation vector: 0.1773
2017-04-13 16:21:01,256 INFO: 	COST >> 0.544 +/- 0.064, % updates Left: 9.38% Rel: 2.07% Right: 12.41%
2017-04-13 16:37:32,325 INFO: ----------------------------------------------------------------------------
2017-04-13 16:37:32,327 INFO: EPOCH 12 (991.07 seconds):
2017-04-13 16:37:32,370 INFO: 	Average L2 norm of relation vector: 0.17984
2017-04-13 16:37:32,371 INFO: 	COST >> 0.5 +/- 0.092, % updates Left: 8.77% Rel: 2.13% Right: 10.68%
2017-04-13 16:43:38,820 INFO: ----------------------------------------------------------------------------
2017-04-13 16:43:38,822 INFO: EPOCH 13 (366.451 seconds):
2017-04-13 16:43:38,875 INFO: 	Average L2 norm of relation vector: 0.18196
2017-04-13 16:43:38,876 INFO: 	COST >> 0.465 +/- 0.074, % updates Left: 8.45% Rel: 1.85% Right: 10.24%
2017-04-13 16:49:32,182 INFO: ----------------------------------------------------------------------------
2017-04-13 16:49:32,184 INFO: EPOCH 14 (353.308 seconds):
2017-04-13 16:49:32,231 INFO: 	Average L2 norm of relation vector: 0.18392
2017-04-13 16:49:32,232 INFO: 	COST >> 0.481 +/- 0.065, % updates Left: 8.49% Rel: 1.82% Right: 10.63%
2017-04-13 16:55:11,332 INFO: ----------------------------------------------------------------------------
2017-04-13 16:55:11,334 INFO: EPOCH 15 (339.103 seconds):
2017-04-13 16:55:11,377 INFO: 	Average L2 norm of relation vector: 0.18597
2017-04-13 16:55:11,378 INFO: 	COST >> 0.487 +/- 0.06, % updates Left: 8.42% Rel: 1.85% Right: 10.56%
2017-04-13 17:00:39,760 INFO: ----------------------------------------------------------------------------
2017-04-13 17:00:39,765 INFO: EPOCH 16 (328.387 seconds):
2017-04-13 17:00:39,810 INFO: 	Average L2 norm of relation vector: 0.18767
2017-04-13 17:00:39,810 INFO: 	COST >> 0.477 +/- 0.067, % updates Left: 8.48% Rel: 1.75% Right: 9.98%
2017-04-13 17:06:08,631 INFO: ----------------------------------------------------------------------------
2017-04-13 17:06:08,632 INFO: EPOCH 17 (328.822 seconds):
2017-04-13 17:06:08,679 INFO: 	Average L2 norm of relation vector: 0.1894
2017-04-13 17:06:08,680 INFO: 	COST >> 0.45 +/- 0.065, % updates Left: 8.17% Rel: 1.62% Right: 9.68%
2017-04-13 17:11:36,845 INFO: ----------------------------------------------------------------------------
2017-04-13 17:11:36,845 INFO: EPOCH 18 (328.165 seconds):
2017-04-13 17:11:36,888 INFO: 	Average L2 norm of relation vector: 0.19115
2017-04-13 17:11:36,889 INFO: 	COST >> 0.441 +/- 0.071, % updates Left: 7.92% Rel: 1.67% Right: 9.18%
2017-04-13 17:17:05,221 INFO: ----------------------------------------------------------------------------
2017-04-13 17:17:05,221 INFO: EPOCH 19 (328.332 seconds):
2017-04-13 17:17:05,274 INFO: 	Average L2 norm of relation vector: 0.19266
2017-04-13 17:17:05,275 INFO: 	COST >> 0.457 +/- 0.061, % updates Left: 8.43% Rel: 1.58% Right: 9.28%
2017-04-13 17:36:08,918 INFO: ----------------------------------------------------------------------------
2017-04-13 17:36:08,920 INFO: EPOCH 20 (1143.645 seconds):
2017-04-13 17:36:08,971 INFO: 	Average L2 norm of relation vector: 0.19415
2017-04-13 17:36:08,972 INFO: 	COST >> 0.449 +/- 0.067, % updates Left: 8.29% Rel: 1.48% Right: 9.36%
2017-04-13 17:36:08,972 INFO: 	FilteredRanking: evaluating rank on 1000 triples
2017-04-13 17:48:50,868 INFO: 	FilteredRanking: evaluating rank on 1000 triples
2017-04-13 18:02:29,178 INFO: 	MEAN RANK >> valid: 924.3, train: 831.9
2017-04-13 18:02:29,181 INFO: 		MEAN RANK TRAIN: Left: 748.7 Rel: 8.1 Right: 915.0
2017-04-13 18:02:29,182 INFO: 		MEAN RANK VALID: Left: 779.3 Rel: 7.0 Right: 1069.4
2017-04-13 18:02:29,182 INFO: 		MEAN RECIPROCAL RANK VALID (L & R): 0.0465
2017-04-13 18:02:29,182 INFO: 	FilteredRanking: evaluating rank on 1000 triples
2017-04-13 18:16:39,092 INFO: 	NEW BEST TEST MR: 950.1
2017-04-13 18:16:39,101 INFO: 		Left MR: 851.0 Rel MR: 12.6 Right MR: 1049.2
2017-04-13 18:16:39,367 INFO: 	(ranking took 2430.395 seconds)
2017-04-13 18:22:41,865 INFO: ----------------------------------------------------------------------------
2017-04-13 18:22:41,868 INFO: EPOCH 21 (362.501 seconds):
2017-04-13 18:22:41,921 INFO: 	Average L2 norm of relation vector: 0.19548
2017-04-13 18:22:41,921 INFO: 	COST >> 0.466 +/- 0.059, % updates Left: 8.47% Rel: 1.47% Right: 9.71%
2017-04-13 18:28:46,322 INFO: ----------------------------------------------------------------------------
2017-04-13 18:28:46,323 INFO: EPOCH 22 (364.401 seconds):
2017-04-13 18:28:46,375 INFO: 	Average L2 norm of relation vector: 0.197
2017-04-13 18:28:46,376 INFO: 	COST >> 0.473 +/- 0.063, % updates Left: 8.27% Rel: 1.48% Right: 10.28%
2017-04-13 18:34:47,657 INFO: ----------------------------------------------------------------------------
2017-04-13 18:34:47,657 INFO: EPOCH 23 (361.281 seconds):
2017-04-13 18:34:47,707 INFO: 	Average L2 norm of relation vector: 0.19834
2017-04-13 18:34:47,708 INFO: 	COST >> 0.435 +/- 0.065, % updates Left: 7.92% Rel: 1.49% Right: 8.94%
2017-04-13 18:40:41,689 INFO: ----------------------------------------------------------------------------
2017-04-13 18:40:41,690 INFO: EPOCH 24 (353.982 seconds):
2017-04-13 18:40:41,737 INFO: 	Average L2 norm of relation vector: 0.19975
2017-04-13 18:40:41,737 INFO: 	COST >> 0.422 +/- 0.063, % updates Left: 7.85% Rel: 1.48% Right: 8.34%
2017-04-13 18:46:29,228 INFO: ----------------------------------------------------------------------------
2017-04-13 18:46:29,230 INFO: EPOCH 25 (347.493 seconds):
2017-04-13 18:46:29,271 INFO: 	Average L2 norm of relation vector: 0.20098
2017-04-13 18:46:29,271 INFO: 	COST >> 0.425 +/- 0.062, % updates Left: 7.7% Rel: 1.31% Right: 8.77%
2017-04-13 18:52:01,205 INFO: ----------------------------------------------------------------------------
2017-04-13 18:52:01,207 INFO: EPOCH 26 (331.936 seconds):
2017-04-13 18:52:01,266 INFO: 	Average L2 norm of relation vector: 0.20214
2017-04-13 18:52:01,266 INFO: 	COST >> 0.415 +/- 0.058, % updates Left: 7.61% Rel: 1.29% Right: 8.65%
2017-04-13 18:57:47,907 INFO: ----------------------------------------------------------------------------
2017-04-13 18:57:47,909 INFO: EPOCH 27 (346.641 seconds):
2017-04-13 18:57:47,962 INFO: 	Average L2 norm of relation vector: 0.20327
2017-04-13 18:57:47,963 INFO: 	COST >> 0.408 +/- 0.065, % updates Left: 7.44% Rel: 1.26% Right: 8.65%
2017-04-13 19:03:24,997 INFO: ----------------------------------------------------------------------------
2017-04-13 19:03:24,999 INFO: EPOCH 28 (337.035 seconds):
2017-04-13 19:03:25,040 INFO: 	Average L2 norm of relation vector: 0.20439
2017-04-13 19:03:25,041 INFO: 	COST >> 0.398 +/- 0.062, % updates Left: 7.52% Rel: 1.28% Right: 8.3%
2017-04-13 19:09:00,389 INFO: ----------------------------------------------------------------------------
2017-04-13 19:09:00,391 INFO: EPOCH 29 (335.35 seconds):
2017-04-13 19:09:00,436 INFO: 	Average L2 norm of relation vector: 0.20552
2017-04-13 19:09:00,436 INFO: 	COST >> 0.412 +/- 0.065, % updates Left: 7.54% Rel: 1.36% Right: 8.24%
2017-04-13 19:14:48,646 INFO: ----------------------------------------------------------------------------
2017-04-13 19:14:48,651 INFO: EPOCH 30 (348.214 seconds):
2017-04-13 19:14:48,720 INFO: 	Average L2 norm of relation vector: 0.20655
2017-04-13 19:14:48,721 INFO: 	COST >> 0.415 +/- 0.058, % updates Left: 7.62% Rel: 1.27% Right: 8.25%
2017-04-13 19:14:48,721 INFO: 	FilteredRanking: evaluating rank on 1000 triples
2017-04-13 19:26:59,115 INFO: 	FilteredRanking: evaluating rank on 1000 triples
2017-04-13 19:39:09,686 INFO: 	MEAN RANK >> valid: 664.0, train: 594.6
2017-04-13 19:39:09,689 INFO: 		MEAN RANK TRAIN: Left: 582.8 Rel: 12.4 Right: 606.4
2017-04-13 19:39:09,690 INFO: 		MEAN RANK VALID: Left: 611.3 Rel: 14.9 Right: 716.7
2017-04-13 19:39:09,690 INFO: 		MEAN RECIPROCAL RANK VALID (L & R): 0.0465
2017-04-13 19:39:09,690 WARNING: 	WARNING, failed to improve MRR on valid, 2 chances left

2017-04-13 19:39:09,934 INFO: 	(ranking took 1461.212 seconds)
2017-04-13 19:44:45,281 INFO: ----------------------------------------------------------------------------
2017-04-13 19:44:45,282 INFO: EPOCH 31 (335.349 seconds):
2017-04-13 19:44:45,328 INFO: 	Average L2 norm of relation vector: 0.20766
2017-04-13 19:44:45,329 INFO: 	COST >> 0.411 +/- 0.058, % updates Left: 7.61% Rel: 1.27% Right: 8.37%
2017-04-13 19:50:10,548 INFO: ----------------------------------------------------------------------------
2017-04-13 19:50:10,551 INFO: EPOCH 32 (325.222 seconds):
2017-04-13 19:50:10,602 INFO: 	Average L2 norm of relation vector: 0.20883
2017-04-13 19:50:10,603 INFO: 	COST >> 0.397 +/- 0.062, % updates Left: 7.33% Rel: 1.32% Right: 7.92%
2017-04-13 19:55:42,638 INFO: ----------------------------------------------------------------------------
2017-04-13 19:55:42,641 INFO: EPOCH 33 (332.038 seconds):
2017-04-13 19:55:42,685 INFO: 	Average L2 norm of relation vector: 0.20992
2017-04-13 19:55:42,686 INFO: 	COST >> 0.369 +/- 0.06, % updates Left: 7.08% Rel: 1.21% Right: 7.45%
2017-04-13 20:01:15,691 INFO: ----------------------------------------------------------------------------
2017-04-13 20:01:15,693 INFO: EPOCH 34 (333.006 seconds):
2017-04-13 20:01:15,737 INFO: 	Average L2 norm of relation vector: 0.21094
2017-04-13 20:01:15,737 INFO: 	COST >> 0.365 +/- 0.072, % updates Left: 6.83% Rel: 1.27% Right: 7.13%
2017-04-13 20:06:56,695 INFO: ----------------------------------------------------------------------------
2017-04-13 20:06:56,697 INFO: EPOCH 35 (340.959 seconds):
2017-04-13 20:06:56,737 INFO: 	Average L2 norm of relation vector: 0.21198
2017-04-13 20:06:56,738 INFO: 	COST >> 0.343 +/- 0.059, % updates Left: 6.62% Rel: 1.17% Right: 7.0%
2017-04-13 20:12:34,713 INFO: ----------------------------------------------------------------------------
2017-04-13 20:12:34,716 INFO: EPOCH 36 (337.979 seconds):
2017-04-13 20:12:34,758 INFO: 	Average L2 norm of relation vector: 0.21297
2017-04-13 20:12:34,759 INFO: 	COST >> 0.342 +/- 0.059, % updates Left: 6.55% Rel: 1.2% Right: 6.72%
2017-04-13 20:18:06,344 INFO: ----------------------------------------------------------------------------
2017-04-13 20:18:06,348 INFO: EPOCH 37 (331.589 seconds):
2017-04-13 20:18:06,392 INFO: 	Average L2 norm of relation vector: 0.21385
2017-04-13 20:18:06,392 INFO: 	COST >> 0.341 +/- 0.06, % updates Left: 6.49% Rel: 1.15% Right: 6.68%
2017-04-13 20:23:34,422 INFO: ----------------------------------------------------------------------------
2017-04-13 20:23:34,423 INFO: EPOCH 38 (328.03 seconds):
2017-04-13 20:23:34,470 INFO: 	Average L2 norm of relation vector: 0.21478
2017-04-13 20:23:34,470 INFO: 	COST >> 0.336 +/- 0.059, % updates Left: 6.32% Rel: 1.12% Right: 6.83%
2017-04-13 20:29:01,757 INFO: ----------------------------------------------------------------------------
2017-04-13 20:29:01,760 INFO: EPOCH 39 (327.29 seconds):
2017-04-13 20:29:01,804 INFO: 	Average L2 norm of relation vector: 0.21568
2017-04-13 20:29:01,805 INFO: 	COST >> 0.331 +/- 0.064, % updates Left: 6.25% Rel: 1.1% Right: 6.59%
2017-04-13 20:34:43,068 INFO: ----------------------------------------------------------------------------
2017-04-13 20:34:43,070 INFO: EPOCH 40 (341.264 seconds):
2017-04-13 20:34:43,111 INFO: 	Average L2 norm of relation vector: 0.21669
2017-04-13 20:34:43,112 INFO: 	COST >> 0.341 +/- 0.056, % updates Left: 6.52% Rel: 1.26% Right: 6.53%
2017-04-13 20:34:43,112 INFO: 	FilteredRanking: evaluating rank on 1000 triples
2017-04-13 20:46:43,614 INFO: 	FilteredRanking: evaluating rank on 1000 triples
2017-04-13 20:58:04,919 INFO: 	MEAN RANK >> valid: 511.9, train: 408.6
2017-04-13 20:58:04,921 INFO: 		MEAN RANK TRAIN: Left: 390.0 Rel: 7.6 Right: 427.2
2017-04-13 20:58:04,922 INFO: 		MEAN RANK VALID: Left: 505.6 Rel: 15.6 Right: 518.2
2017-04-13 20:58:04,922 INFO: 		MEAN RECIPROCAL RANK VALID (L & R): 0.047
2017-04-13 20:58:04,922 INFO: 	FilteredRanking: evaluating rank on 1000 triples
2017-04-13 21:09:36,315 INFO: 	NEW BEST TEST MR: 482.5
2017-04-13 21:09:36,319 INFO: 		Left MR: 508.8 Rel MR: 15.1 Right MR: 456.1
2017-04-13 21:09:36,517 INFO: 	(ranking took 2093.405 seconds)
2017-04-13 21:14:50,859 INFO: ----------------------------------------------------------------------------
2017-04-13 21:14:50,865 INFO: EPOCH 41 (314.347 seconds):
2017-04-13 21:14:50,906 INFO: 	Average L2 norm of relation vector: 0.21763
2017-04-13 21:14:50,906 INFO: 	COST >> 0.317 +/- 0.062, % updates Left: 6.17% Rel: 1.14% Right: 6.24%
2017-04-13 21:20:04,621 INFO: ----------------------------------------------------------------------------
2017-04-13 21:20:04,623 INFO: EPOCH 42 (313.716 seconds):
2017-04-13 21:20:04,664 INFO: 	Average L2 norm of relation vector: 0.21838
2017-04-13 21:20:04,665 INFO: 	COST >> 0.338 +/- 0.053, % updates Left: 6.27% Rel: 1.07% Right: 6.72%
2017-04-13 21:25:14,163 INFO: ----------------------------------------------------------------------------
2017-04-13 21:25:14,166 INFO: EPOCH 43 (309.501 seconds):
2017-04-13 21:25:14,210 INFO: 	Average L2 norm of relation vector: 0.21933
2017-04-13 21:25:14,211 INFO: 	COST >> 0.317 +/- 0.059, % updates Left: 5.9% Rel: 1.11% Right: 6.18%
2017-04-13 21:30:37,198 INFO: ----------------------------------------------------------------------------
2017-04-13 21:30:37,198 INFO: EPOCH 44 (322.987 seconds):
2017-04-13 21:30:37,239 INFO: 	Average L2 norm of relation vector: 0.22007
2017-04-13 21:30:37,239 INFO: 	COST >> 0.294 +/- 0.06, % updates Left: 5.68% Rel: 0.99% Right: 5.87%
2017-04-13 21:36:00,113 INFO: ----------------------------------------------------------------------------
2017-04-13 21:36:00,115 INFO: EPOCH 45 (322.875 seconds):
2017-04-13 21:36:00,158 INFO: 	Average L2 norm of relation vector: 0.22085
2017-04-13 21:36:00,158 INFO: 	COST >> 0.288 +/- 0.051, % updates Left: 5.54% Rel: 0.96% Right: 5.89%
2017-04-13 21:41:17,929 INFO: ----------------------------------------------------------------------------
2017-04-13 21:41:17,932 INFO: EPOCH 46 (317.773 seconds):
2017-04-13 21:41:17,973 INFO: 	Average L2 norm of relation vector: 0.22162
2017-04-13 21:41:17,974 INFO: 	COST >> 0.304 +/- 0.063, % updates Left: 5.85% Rel: 0.96% Right: 6.03%
2017-04-13 21:46:33,015 INFO: ----------------------------------------------------------------------------
2017-04-13 21:46:33,017 INFO: EPOCH 47 (315.043 seconds):
2017-04-13 21:46:33,064 INFO: 	Average L2 norm of relation vector: 0.22241
2017-04-13 21:46:33,065 INFO: 	COST >> 0.3 +/- 0.055, % updates Left: 5.72% Rel: 0.99% Right: 5.96%
2017-04-13 21:51:45,088 INFO: ----------------------------------------------------------------------------
2017-04-13 21:51:45,089 INFO: EPOCH 48 (312.024 seconds):
2017-04-13 21:51:45,131 INFO: 	Average L2 norm of relation vector: 0.22305
2017-04-13 21:51:45,131 INFO: 	COST >> 0.292 +/- 0.059, % updates Left: 5.54% Rel: 0.95% Right: 5.87%
2017-04-13 21:57:07,059 INFO: ----------------------------------------------------------------------------
2017-04-13 21:57:07,060 INFO: EPOCH 49 (321.928 seconds):
2017-04-13 21:57:07,110 INFO: 	Average L2 norm of relation vector: 0.22382
2017-04-13 21:57:07,110 INFO: 	COST >> 0.304 +/- 0.056, % updates Left: 5.58% Rel: 1.03% Right: 6.1%
2017-04-13 22:02:31,312 INFO: ----------------------------------------------------------------------------
2017-04-13 22:02:31,313 INFO: EPOCH 50 (324.202 seconds):
2017-04-13 22:02:31,358 INFO: 	Average L2 norm of relation vector: 0.22448
2017-04-13 22:02:31,359 INFO: 	COST >> 0.277 +/- 0.058, % updates Left: 5.35% Rel: 0.94% Right: 5.47%
2017-04-13 22:02:31,359 INFO: 	FilteredRanking: evaluating rank on 1000 triples
2017-04-13 22:14:17,103 INFO: 	FilteredRanking: evaluating rank on 1000 triples
2017-04-13 22:25:52,017 INFO: 	MEAN RANK >> valid: 538.4, train: 413.8
2017-04-13 22:25:52,022 INFO: 		MEAN RANK TRAIN: Left: 422.4 Rel: 4.3 Right: 405.2
2017-04-13 22:25:52,024 INFO: 		MEAN RANK VALID: Left: 551.8 Rel: 4.5 Right: 524.9
2017-04-13 22:25:52,024 INFO: 		MEAN RECIPROCAL RANK VALID (L & R): 0.053
2017-04-13 22:25:52,024 INFO: 	FilteredRanking: evaluating rank on 1000 triples
2017-04-13 22:37:01,648 INFO: 	NEW BEST TEST MR: 566.2
2017-04-13 22:37:01,654 INFO: 		Left MR: 666.1 Rel MR: 6.6 Right MR: 466.2
2017-04-13 22:37:01,831 INFO: 	(ranking took 2070.472 seconds)
2017-04-13 22:42:13,711 INFO: ----------------------------------------------------------------------------
2017-04-13 22:42:13,713 INFO: EPOCH 51 (311.881 seconds):
2017-04-13 22:42:13,754 INFO: 	Average L2 norm of relation vector: 0.22522
2017-04-13 22:42:13,754 INFO: 	COST >> 0.288 +/- 0.054, % updates Left: 5.52% Rel: 0.94% Right: 5.7%
2017-04-13 22:47:29,407 INFO: ----------------------------------------------------------------------------
2017-04-13 22:47:29,409 INFO: EPOCH 52 (315.654 seconds):
2017-04-13 22:47:29,459 INFO: 	Average L2 norm of relation vector: 0.22594
2017-04-13 22:47:29,460 INFO: 	COST >> 0.294 +/- 0.056, % updates Left: 5.6% Rel: 0.98% Right: 5.76%
2017-04-13 22:52:38,729 INFO: ----------------------------------------------------------------------------
2017-04-13 22:52:38,731 INFO: EPOCH 53 (309.271 seconds):
2017-04-13 22:52:38,772 INFO: 	Average L2 norm of relation vector: 0.22661
2017-04-13 22:52:38,772 INFO: 	COST >> 0.319 +/- 0.056, % updates Left: 5.95% Rel: 1.02% Right: 6.1%
2017-04-13 22:57:50,266 INFO: ----------------------------------------------------------------------------
2017-04-13 22:57:50,267 INFO: EPOCH 54 (311.495 seconds):
2017-04-13 22:57:50,308 INFO: 	Average L2 norm of relation vector: 0.22729
2017-04-13 22:57:50,309 INFO: 	COST >> 0.289 +/- 0.056, % updates Left: 5.57% Rel: 0.96% Right: 5.81%
2017-04-13 23:03:01,595 INFO: ----------------------------------------------------------------------------
2017-04-13 23:03:01,597 INFO: EPOCH 55 (311.288 seconds):
2017-04-13 23:03:01,644 INFO: 	Average L2 norm of relation vector: 0.22793
2017-04-13 23:03:01,644 INFO: 	COST >> 0.281 +/- 0.059, % updates Left: 5.36% Rel: 0.91% Right: 5.61%
2017-04-13 23:08:12,029 INFO: ----------------------------------------------------------------------------
2017-04-13 23:08:12,032 INFO: EPOCH 56 (310.387 seconds):
2017-04-13 23:08:12,073 INFO: 	Average L2 norm of relation vector: 0.2285
2017-04-13 23:08:12,073 INFO: 	COST >> 0.266 +/- 0.049, % updates Left: 5.18% Rel: 0.84% Right: 5.34%
2017-04-13 23:13:18,755 INFO: ----------------------------------------------------------------------------
2017-04-13 23:13:18,756 INFO: EPOCH 57 (306.682 seconds):
2017-04-13 23:13:18,798 INFO: 	Average L2 norm of relation vector: 0.22907
2017-04-13 23:13:18,798 INFO: 	COST >> 0.272 +/- 0.054, % updates Left: 5.3% Rel: 0.93% Right: 5.38%
2017-04-13 23:18:27,322 INFO: ----------------------------------------------------------------------------
2017-04-13 23:18:27,327 INFO: EPOCH 58 (308.529 seconds):
2017-04-13 23:18:27,369 INFO: 	Average L2 norm of relation vector: 0.22974
2017-04-13 23:18:27,369 INFO: 	COST >> 0.28 +/- 0.05, % updates Left: 5.41% Rel: 0.98% Right: 5.56%
2017-04-13 23:23:34,464 INFO: ----------------------------------------------------------------------------
2017-04-13 23:23:34,464 INFO: EPOCH 59 (307.095 seconds):
2017-04-13 23:23:34,505 INFO: 	Average L2 norm of relation vector: 0.23041
2017-04-13 23:23:34,505 INFO: 	COST >> 0.282 +/- 0.059, % updates Left: 5.37% Rel: 0.93% Right: 5.49%
2017-04-13 23:28:47,670 INFO: ----------------------------------------------------------------------------
2017-04-13 23:28:47,672 INFO: EPOCH 60 (313.167 seconds):
2017-04-13 23:28:47,718 INFO: 	Average L2 norm of relation vector: 0.23103
2017-04-13 23:28:47,718 INFO: 	COST >> 0.269 +/- 0.055, % updates Left: 5.24% Rel: 0.91% Right: 5.37%
2017-04-13 23:28:47,718 INFO: 	FilteredRanking: evaluating rank on 1000 triples
2017-04-13 23:39:52,747 INFO: 	FilteredRanking: evaluating rank on 1000 triples
