2017-05-03 05:29:19,584 INFO: logger initialized for experiment identifier: BilinearDiagExtended_L1_ndim_100_marg_1.0_lrate_0.01_cost_margincost_reg_0.01_REL
2017-05-03 05:29:19,584 INFO: DD{'ndim': 100, 'test_all': 10, 'Nsyn_rel': 1345, 'totepochs': 1000, 'bestvalidMRR': -1, 'loadmodel': False, 'lremb': 0.01, 'nvalid': 1000, 'seed': 123, 'marge': 1.0, 'margincostfunction': 'margincost', 'simfn': 'L1', 'savepath': '/home/ubuntu/Thesis_code/KBC_Text/outputs/FB15k_BilinearDiagExtended/BilinearDiagExtended_L1_ndim_100_marg_1.0_lrate_0.01_cost_margincost_reg_0.01_REL', 'dataset': 'FB15k', 'nbatches': 100, 'identifier': 'BilinearDiagExtended_L1_ndim_100_marg_1.0_lrate_0.01_cost_margincost_reg_0.01_REL', 'lrparam': 0.01, 'loademb': False, 'datapath': '/home/ubuntu/data/', 'ntrain': 1000, 'Nrel': 1345, 'experiment_type': 'FB15kexp', 'rel': True, 'Nent': 14951, 'logger': <logging.RootLogger object at 0x7fbbe59d7dd0>, 'ntest': 1000, 'Nsyn': 14951, 'reg': 0.01, 'op': 'BilinearDiagExtended'}
2017-05-03 05:29:22,230 INFO: loaded FB15k data in: 2.645236 seconds
2017-05-03 05:29:22,231 DEBUG: FB15kexp: load_FB15k_data(): trainl(14951, 483142), trainr(14951, 483142), traino(1345, 483142), trainlidx(1000,)
2017-05-03 05:29:55,080 DEBUG: Training to rank RELATIONS as well!
2017-05-03 05:29:55,083 DEBUG: loaded data and constructed model...
2017-05-03 05:29:55,084 DEBUG: num epochs: 1000
2017-05-03 05:29:55,084 DEBUG: num batches per epoch: 100
2017-05-03 05:29:55,084 DEBUG: batchsize: 4831
2017-05-03 05:29:55,085 DEBUG: left and right entity ranking functions will rank a slot against 14951 competitors
2017-05-03 05:29:55,085 INFO: BEGIN TRAINING
2017-05-03 05:30:53,803 INFO: ----------------------------------------------------------------------------
2017-05-03 05:30:53,804 INFO: EPOCH 1 (58.719 seconds):
2017-05-03 05:30:53,841 INFO: 	Average L2 norm of relation vector: 0.04081
2017-05-03 05:30:53,843 INFO: 	COST >> 1.201 +/- 0.539, % updates Left: 70.48% Rel: 18.16% Right: 64.57%
2017-05-03 05:31:51,493 INFO: ----------------------------------------------------------------------------
2017-05-03 05:31:51,494 INFO: EPOCH 2 (57.65 seconds):
2017-05-03 05:31:51,496 INFO: 	Average L2 norm of relation vector: 0.04779
2017-05-03 05:31:51,497 INFO: 	COST >> 0.415 +/- 0.06, % updates Left: 31.83% Rel: 4.89% Right: 27.24%
2017-05-03 05:32:49,179 INFO: ----------------------------------------------------------------------------
2017-05-03 05:32:49,180 INFO: EPOCH 3 (57.682 seconds):
2017-05-03 05:32:49,182 INFO: 	Average L2 norm of relation vector: 0.05216
2017-05-03 05:32:49,183 INFO: 	COST >> 0.275 +/- 0.02, % updates Left: 21.78% Rel: 3.04% Right: 18.32%
2017-05-03 05:33:46,909 INFO: ----------------------------------------------------------------------------
2017-05-03 05:33:46,910 INFO: EPOCH 4 (57.727 seconds):
2017-05-03 05:33:46,912 INFO: 	Average L2 norm of relation vector: 0.05511
2017-05-03 05:33:46,913 INFO: 	COST >> 0.219 +/- 0.01, % updates Left: 16.95% Rel: 2.28% Right: 14.66%
2017-05-03 05:34:46,628 INFO: ----------------------------------------------------------------------------
2017-05-03 05:34:46,629 INFO: EPOCH 5 (59.715 seconds):
2017-05-03 05:34:46,631 INFO: 	Average L2 norm of relation vector: 0.05738
2017-05-03 05:34:46,632 INFO: 	COST >> 0.188 +/- 0.007, % updates Left: 14.33% Rel: 1.83% Right: 12.52%
2017-05-03 05:35:46,682 INFO: ----------------------------------------------------------------------------
2017-05-03 05:35:46,683 INFO: EPOCH 6 (60.051 seconds):
2017-05-03 05:35:46,718 INFO: 	Average L2 norm of relation vector: 0.05917
2017-05-03 05:35:46,719 INFO: 	COST >> 0.172 +/- 0.007, % updates Left: 12.85% Rel: 1.51% Right: 11.3%
2017-05-03 05:36:45,703 INFO: ----------------------------------------------------------------------------
2017-05-03 05:36:45,703 INFO: EPOCH 7 (58.984 seconds):
2017-05-03 05:36:45,705 INFO: 	Average L2 norm of relation vector: 0.06066
2017-05-03 05:36:45,706 INFO: 	COST >> 0.158 +/- 0.007, % updates Left: 11.72% Rel: 1.35% Right: 10.3%
2017-05-03 05:37:52,666 INFO: ----------------------------------------------------------------------------
2017-05-03 05:37:52,667 INFO: EPOCH 8 (66.96 seconds):
2017-05-03 05:37:52,669 INFO: 	Average L2 norm of relation vector: 0.06199
2017-05-03 05:37:52,670 INFO: 	COST >> 0.148 +/- 0.005, % updates Left: 11.04% Rel: 1.19% Right: 9.55%
2017-05-03 05:39:15,572 INFO: ----------------------------------------------------------------------------
2017-05-03 05:39:15,580 INFO: EPOCH 9 (82.91 seconds):
2017-05-03 05:39:15,582 INFO: 	Average L2 norm of relation vector: 0.06317
2017-05-03 05:39:15,583 INFO: 	COST >> 0.141 +/- 0.005, % updates Left: 10.39% Rel: 1.1% Right: 9.11%
2017-05-03 05:40:37,738 INFO: ----------------------------------------------------------------------------
2017-05-03 05:40:37,738 INFO: EPOCH 10 (82.155 seconds):
2017-05-03 05:40:37,740 INFO: 	Average L2 norm of relation vector: 0.06419
2017-05-03 05:40:37,742 INFO: 	COST >> 0.132 +/- 0.005, % updates Left: 9.74% Rel: 1.02% Right: 8.55%
2017-05-03 05:40:37,742 INFO: 	FilteredRanking: evaluating rank on 1000 triples
2017-05-03 05:42:36,716 INFO: 	FilteredRanking: evaluating rank on 1000 triples
2017-05-03 05:44:20,302 INFO: 	MEAN RANK >> valid: 316.7, train: 220.7
2017-05-03 05:44:20,303 INFO: 		MEAN RANK TRAIN: Left: 233.7 Rel: 8.2 Right: 207.6
2017-05-03 05:44:20,304 INFO: 		MEAN RANK VALID: Left: 336.8 Rel: 4.2 Right: 296.6
2017-05-03 05:44:20,304 INFO: 		MEAN RECIPROCAL RANK VALID (L & R): 0.1225
2017-05-03 05:44:20,304 INFO: 	FilteredRanking: evaluating rank on 1000 triples
2017-05-03 05:46:09,086 INFO: 	NEW BEST TEST MR: 330.9
2017-05-03 05:46:09,087 INFO: 		Left MR: 359.7 Rel MR: 7.4 Right MR: 302.2
2017-05-03 05:46:09,146 INFO: 	(ranking took 331.404 seconds)
2017-05-03 05:47:12,084 INFO: ----------------------------------------------------------------------------
2017-05-03 05:47:12,084 INFO: EPOCH 11 (62.938 seconds):
2017-05-03 05:47:12,086 INFO: 	Average L2 norm of relation vector: 0.06516
2017-05-03 05:47:12,087 INFO: 	COST >> 0.126 +/- 0.005, % updates Left: 9.33% Rel: 0.96% Right: 8.23%
2017-05-03 05:48:11,631 INFO: ----------------------------------------------------------------------------
2017-05-03 05:48:11,632 INFO: EPOCH 12 (59.544 seconds):
2017-05-03 05:48:11,634 INFO: 	Average L2 norm of relation vector: 0.06607
2017-05-03 05:48:11,635 INFO: 	COST >> 0.121 +/- 0.004, % updates Left: 9.04% Rel: 0.92% Right: 7.89%
2017-05-03 05:49:15,754 INFO: ----------------------------------------------------------------------------
2017-05-03 05:49:15,754 INFO: EPOCH 13 (64.119 seconds):
2017-05-03 05:49:15,756 INFO: 	Average L2 norm of relation vector: 0.06693
2017-05-03 05:49:15,757 INFO: 	COST >> 0.115 +/- 0.005, % updates Left: 8.65% Rel: 0.89% Right: 7.51%
2017-05-03 05:50:14,366 INFO: ----------------------------------------------------------------------------
2017-05-03 05:50:14,367 INFO: EPOCH 14 (58.61 seconds):
2017-05-03 05:50:14,369 INFO: 	Average L2 norm of relation vector: 0.06772
2017-05-03 05:50:14,370 INFO: 	COST >> 0.111 +/- 0.005, % updates Left: 8.35% Rel: 0.87% Right: 7.25%
2017-05-03 05:51:12,259 INFO: ----------------------------------------------------------------------------
2017-05-03 05:51:12,260 INFO: EPOCH 15 (57.889 seconds):
2017-05-03 05:51:12,262 INFO: 	Average L2 norm of relation vector: 0.06846
2017-05-03 05:51:12,263 INFO: 	COST >> 0.106 +/- 0.004, % updates Left: 8.0% Rel: 0.86% Right: 6.95%
2017-05-03 05:52:12,044 INFO: ----------------------------------------------------------------------------
2017-05-03 05:52:12,044 INFO: EPOCH 16 (59.781 seconds):
2017-05-03 05:52:12,046 INFO: 	Average L2 norm of relation vector: 0.06914
2017-05-03 05:52:12,047 INFO: 	COST >> 0.103 +/- 0.004, % updates Left: 7.69% Rel: 0.82% Right: 6.79%
2017-05-03 05:53:11,767 INFO: ----------------------------------------------------------------------------
2017-05-03 05:53:12,042 INFO: EPOCH 17 (59.995 seconds):
2017-05-03 05:53:12,044 INFO: 	Average L2 norm of relation vector: 0.06978
2017-05-03 05:53:12,045 INFO: 	COST >> 0.1 +/- 0.004, % updates Left: 7.5% Rel: 0.8% Right: 6.54%
2017-05-03 05:54:18,391 INFO: ----------------------------------------------------------------------------
2017-05-03 05:54:18,391 INFO: EPOCH 18 (66.346 seconds):
2017-05-03 05:54:18,394 INFO: 	Average L2 norm of relation vector: 0.07039
2017-05-03 05:54:18,394 INFO: 	COST >> 0.097 +/- 0.004, % updates Left: 7.32% Rel: 0.81% Right: 6.25%
2017-05-03 05:55:22,295 INFO: ----------------------------------------------------------------------------
2017-05-03 05:55:22,296 INFO: EPOCH 19 (63.901 seconds):
2017-05-03 05:55:22,299 INFO: 	Average L2 norm of relation vector: 0.07094
2017-05-03 05:55:22,300 INFO: 	COST >> 0.094 +/- 0.004, % updates Left: 7.05% Rel: 0.78% Right: 6.07%
2017-05-03 05:56:28,730 INFO: ----------------------------------------------------------------------------
2017-05-03 05:56:28,731 INFO: EPOCH 20 (66.43 seconds):
2017-05-03 05:56:28,733 INFO: 	Average L2 norm of relation vector: 0.07145
2017-05-03 05:56:28,734 INFO: 	COST >> 0.092 +/- 0.004, % updates Left: 6.91% Rel: 0.74% Right: 5.91%
2017-05-03 05:56:28,734 INFO: 	FilteredRanking: evaluating rank on 1000 triples
2017-05-03 05:58:10,496 INFO: 	FilteredRanking: evaluating rank on 1000 triples
2017-05-03 05:59:53,196 INFO: 	MEAN RANK >> valid: 214.5, train: 128.9
2017-05-03 05:59:53,197 INFO: 		MEAN RANK TRAIN: Left: 139.9 Rel: 5.5 Right: 118.0
2017-05-03 05:59:53,198 INFO: 		MEAN RANK VALID: Left: 251.4 Rel: 3.3 Right: 177.6
2017-05-03 05:59:53,198 INFO: 		MEAN RECIPROCAL RANK VALID (L & R): 0.135
2017-05-03 05:59:53,198 INFO: 	FilteredRanking: evaluating rank on 1000 triples
2017-05-03 06:01:40,643 INFO: 	NEW BEST TEST MR: 222.2
2017-05-03 06:01:40,644 INFO: 		Left MR: 259.1 Rel MR: 5.5 Right MR: 185.3
2017-05-03 06:01:40,717 INFO: 	(ranking took 311.982 seconds)
2017-05-03 06:02:40,980 INFO: ----------------------------------------------------------------------------
2017-05-03 06:02:40,981 INFO: EPOCH 21 (60.264 seconds):
2017-05-03 06:02:40,983 INFO: 	Average L2 norm of relation vector: 0.07193
2017-05-03 06:02:40,984 INFO: 	COST >> 0.089 +/- 0.005, % updates Left: 6.68% Rel: 0.73% Right: 5.67%
2017-05-03 06:03:40,475 INFO: ----------------------------------------------------------------------------
2017-05-03 06:03:40,476 INFO: EPOCH 22 (59.492 seconds):
2017-05-03 06:03:40,478 INFO: 	Average L2 norm of relation vector: 0.07236
2017-05-03 06:03:40,479 INFO: 	COST >> 0.088 +/- 0.004, % updates Left: 6.55% Rel: 0.72% Right: 5.62%
2017-05-03 06:04:41,691 INFO: ----------------------------------------------------------------------------
2017-05-03 06:04:41,692 INFO: EPOCH 23 (61.212 seconds):
2017-05-03 06:04:41,694 INFO: 	Average L2 norm of relation vector: 0.07276
2017-05-03 06:04:41,695 INFO: 	COST >> 0.086 +/- 0.004, % updates Left: 6.35% Rel: 0.71% Right: 5.48%
2017-05-03 06:05:49,476 INFO: ----------------------------------------------------------------------------
2017-05-03 06:05:49,477 INFO: EPOCH 24 (67.782 seconds):
2017-05-03 06:05:49,479 INFO: 	Average L2 norm of relation vector: 0.07315
2017-05-03 06:05:49,480 INFO: 	COST >> 0.085 +/- 0.004, % updates Left: 6.25% Rel: 0.7% Right: 5.35%
2017-05-03 06:06:47,442 INFO: ----------------------------------------------------------------------------
2017-05-03 06:06:47,443 INFO: EPOCH 25 (57.962 seconds):
2017-05-03 06:06:47,445 INFO: 	Average L2 norm of relation vector: 0.07349
2017-05-03 06:06:47,446 INFO: 	COST >> 0.083 +/- 0.004, % updates Left: 6.11% Rel: 0.68% Right: 5.27%
2017-05-03 06:07:47,345 INFO: ----------------------------------------------------------------------------
2017-05-03 06:07:47,346 INFO: EPOCH 26 (59.899 seconds):
2017-05-03 06:07:47,348 INFO: 	Average L2 norm of relation vector: 0.07383
2017-05-03 06:07:47,349 INFO: 	COST >> 0.081 +/- 0.003, % updates Left: 5.94% Rel: 0.66% Right: 5.13%
2017-05-03 06:08:47,668 INFO: ----------------------------------------------------------------------------
2017-05-03 06:08:47,669 INFO: EPOCH 27 (60.32 seconds):
2017-05-03 06:08:47,671 INFO: 	Average L2 norm of relation vector: 0.07413
2017-05-03 06:08:47,672 INFO: 	COST >> 0.081 +/- 0.003, % updates Left: 5.93% Rel: 0.65% Right: 5.07%
2017-05-03 06:09:46,562 INFO: ----------------------------------------------------------------------------
2017-05-03 06:09:46,593 INFO: EPOCH 28 (58.921 seconds):
2017-05-03 06:09:46,595 INFO: 	Average L2 norm of relation vector: 0.07444
2017-05-03 06:09:46,597 INFO: 	COST >> 0.08 +/- 0.003, % updates Left: 5.86% Rel: 0.66% Right: 4.97%
2017-05-03 06:10:51,364 INFO: ----------------------------------------------------------------------------
2017-05-03 06:10:51,364 INFO: EPOCH 29 (64.767 seconds):
2017-05-03 06:10:51,366 INFO: 	Average L2 norm of relation vector: 0.07472
2017-05-03 06:10:51,367 INFO: 	COST >> 0.078 +/- 0.003, % updates Left: 5.71% Rel: 0.64% Right: 4.85%
2017-05-03 06:12:05,015 INFO: ----------------------------------------------------------------------------
2017-05-03 06:12:05,015 INFO: EPOCH 30 (73.648 seconds):
2017-05-03 06:12:05,018 INFO: 	Average L2 norm of relation vector: 0.075
2017-05-03 06:12:05,019 INFO: 	COST >> 0.076 +/- 0.004, % updates Left: 5.59% Rel: 0.63% Right: 4.81%
2017-05-03 06:12:05,019 INFO: 	FilteredRanking: evaluating rank on 1000 triples
2017-05-03 06:13:50,131 INFO: 	FilteredRanking: evaluating rank on 1000 triples
2017-05-03 06:15:40,600 INFO: 	MEAN RANK >> valid: 174.1, train: 100.0
2017-05-03 06:15:40,601 INFO: 		MEAN RANK TRAIN: Left: 108.9 Rel: 4.3 Right: 91.1
2017-05-03 06:15:40,601 INFO: 		MEAN RANK VALID: Left: 207.3 Rel: 3.1 Right: 141.0
2017-05-03 06:15:40,602 INFO: 		MEAN RECIPROCAL RANK VALID (L & R): 0.147
2017-05-03 06:15:40,602 INFO: 	FilteredRanking: evaluating rank on 1000 triples
2017-05-03 06:17:40,628 INFO: 	NEW BEST TEST MR: 178.4
2017-05-03 06:17:40,629 INFO: 		Left MR: 200.4 Rel MR: 4.4 Right MR: 156.3
2017-05-03 06:17:40,720 INFO: 	(ranking took 335.702 seconds)
2017-05-03 06:19:08,645 INFO: ----------------------------------------------------------------------------
2017-05-03 06:19:08,645 INFO: EPOCH 31 (87.924 seconds):
2017-05-03 06:19:08,647 INFO: 	Average L2 norm of relation vector: 0.07524
2017-05-03 06:19:08,649 INFO: 	COST >> 0.077 +/- 0.004, % updates Left: 5.55% Rel: 0.62% Right: 4.74%
2017-05-03 06:20:23,483 INFO: ----------------------------------------------------------------------------
2017-05-03 06:20:23,483 INFO: EPOCH 32 (74.834 seconds):
2017-05-03 06:20:23,485 INFO: 	Average L2 norm of relation vector: 0.07546
2017-05-03 06:20:23,486 INFO: 	COST >> 0.075 +/- 0.003, % updates Left: 5.43% Rel: 0.63% Right: 4.62%
2017-05-03 06:21:37,581 INFO: ----------------------------------------------------------------------------
2017-05-03 06:21:37,582 INFO: EPOCH 33 (74.096 seconds):
2017-05-03 06:21:37,584 INFO: 	Average L2 norm of relation vector: 0.07567
2017-05-03 06:21:37,585 INFO: 	COST >> 0.074 +/- 0.003, % updates Left: 5.33% Rel: 0.61% Right: 4.54%
2017-05-03 06:22:51,092 INFO: ----------------------------------------------------------------------------
2017-05-03 06:22:51,093 INFO: EPOCH 34 (73.507 seconds):
2017-05-03 06:22:51,095 INFO: 	Average L2 norm of relation vector: 0.07586
2017-05-03 06:22:51,096 INFO: 	COST >> 0.073 +/- 0.003, % updates Left: 5.3% Rel: 0.6% Right: 4.47%
2017-05-03 06:24:04,571 INFO: ----------------------------------------------------------------------------
2017-05-03 06:24:04,571 INFO: EPOCH 35 (73.475 seconds):
2017-05-03 06:24:04,573 INFO: 	Average L2 norm of relation vector: 0.07607
2017-05-03 06:24:04,574 INFO: 	COST >> 0.072 +/- 0.003, % updates Left: 5.21% Rel: 0.6% Right: 4.45%
2017-05-03 06:25:21,929 INFO: ----------------------------------------------------------------------------
2017-05-03 06:25:21,930 INFO: EPOCH 36 (77.356 seconds):
2017-05-03 06:25:21,934 INFO: 	Average L2 norm of relation vector: 0.07625
2017-05-03 06:25:21,935 INFO: 	COST >> 0.071 +/- 0.003, % updates Left: 5.14% Rel: 0.58% Right: 4.39%
2017-05-03 06:26:51,301 INFO: ----------------------------------------------------------------------------
2017-05-03 06:26:51,301 INFO: EPOCH 37 (89.365 seconds):
2017-05-03 06:26:51,305 INFO: 	Average L2 norm of relation vector: 0.07642
2017-05-03 06:26:51,306 INFO: 	COST >> 0.07 +/- 0.003, % updates Left: 5.03% Rel: 0.62% Right: 4.35%
2017-05-03 06:28:20,628 INFO: ----------------------------------------------------------------------------
2017-05-03 06:28:20,629 INFO: EPOCH 38 (89.323 seconds):
2017-05-03 06:28:20,632 INFO: 	Average L2 norm of relation vector: 0.07659
2017-05-03 06:28:20,633 INFO: 	COST >> 0.07 +/- 0.003, % updates Left: 5.05% Rel: 0.59% Right: 4.36%
2017-05-03 06:29:50,107 INFO: ----------------------------------------------------------------------------
2017-05-03 06:29:50,108 INFO: EPOCH 39 (89.475 seconds):
2017-05-03 06:29:50,111 INFO: 	Average L2 norm of relation vector: 0.07675
2017-05-03 06:29:50,112 INFO: 	COST >> 0.069 +/- 0.003, % updates Left: 4.98% Rel: 0.57% Right: 4.28%
2017-05-03 06:31:01,945 INFO: ----------------------------------------------------------------------------
2017-05-03 06:31:01,946 INFO: EPOCH 40 (71.833 seconds):
2017-05-03 06:31:01,948 INFO: 	Average L2 norm of relation vector: 0.0769
2017-05-03 06:31:01,949 INFO: 	COST >> 0.068 +/- 0.003, % updates Left: 4.94% Rel: 0.56% Right: 4.21%
2017-05-03 06:31:01,949 INFO: 	FilteredRanking: evaluating rank on 1000 triples
2017-05-03 06:32:41,294 INFO: 	FilteredRanking: evaluating rank on 1000 triples
2017-05-03 06:34:33,745 INFO: 	MEAN RANK >> valid: 151.2, train: 79.7
2017-05-03 06:34:33,746 INFO: 		MEAN RANK TRAIN: Left: 84.2 Rel: 3.7 Right: 75.2
2017-05-03 06:34:33,747 INFO: 		MEAN RANK VALID: Left: 175.8 Rel: 3.0 Right: 126.6
2017-05-03 06:34:33,747 INFO: 		MEAN RECIPROCAL RANK VALID (L & R): 0.1635
2017-05-03 06:34:33,747 INFO: 	FilteredRanking: evaluating rank on 1000 triples
2017-05-03 06:36:16,000 INFO: 	NEW BEST TEST MR: 151.9
2017-05-03 06:36:16,001 INFO: 		Left MR: 169.2 Rel MR: 3.8 Right MR: 134.6
2017-05-03 06:36:16,401 INFO: 	(ranking took 314.451 seconds)
2017-05-03 06:37:36,381 INFO: ----------------------------------------------------------------------------
2017-05-03 06:37:36,382 INFO: EPOCH 41 (79.981 seconds):
2017-05-03 06:37:36,384 INFO: 	Average L2 norm of relation vector: 0.07703
2017-05-03 06:37:36,385 INFO: 	COST >> 0.068 +/- 0.003, % updates Left: 4.86% Rel: 0.58% Right: 4.13%
2017-05-03 06:38:44,339 INFO: ----------------------------------------------------------------------------
2017-05-03 06:38:44,339 INFO: EPOCH 42 (67.954 seconds):
2017-05-03 06:38:44,341 INFO: 	Average L2 norm of relation vector: 0.07715
2017-05-03 06:38:44,342 INFO: 	COST >> 0.066 +/- 0.003, % updates Left: 4.75% Rel: 0.55% Right: 4.06%
2017-05-03 06:39:42,143 INFO: ----------------------------------------------------------------------------
2017-05-03 06:39:42,143 INFO: EPOCH 43 (57.801 seconds):
2017-05-03 06:39:42,145 INFO: 	Average L2 norm of relation vector: 0.07729
2017-05-03 06:39:42,146 INFO: 	COST >> 0.066 +/- 0.003, % updates Left: 4.77% Rel: 0.57% Right: 4.09%
2017-05-03 06:40:39,795 INFO: ----------------------------------------------------------------------------
2017-05-03 06:40:39,795 INFO: EPOCH 44 (57.648 seconds):
2017-05-03 06:40:39,797 INFO: 	Average L2 norm of relation vector: 0.07741
2017-05-03 06:40:39,798 INFO: 	COST >> 0.066 +/- 0.003, % updates Left: 4.72% Rel: 0.57% Right: 4.08%
2017-05-03 06:41:38,613 INFO: ----------------------------------------------------------------------------
2017-05-03 06:41:38,613 INFO: EPOCH 45 (58.815 seconds):
2017-05-03 06:41:38,615 INFO: 	Average L2 norm of relation vector: 0.07751
2017-05-03 06:41:38,616 INFO: 	COST >> 0.065 +/- 0.003, % updates Left: 4.69% Rel: 0.56% Right: 3.99%
2017-05-03 06:42:48,585 INFO: ----------------------------------------------------------------------------
2017-05-03 06:42:48,586 INFO: EPOCH 46 (69.969 seconds):
2017-05-03 06:42:48,589 INFO: 	Average L2 norm of relation vector: 0.07762
2017-05-03 06:42:48,590 INFO: 	COST >> 0.065 +/- 0.002, % updates Left: 4.64% Rel: 0.57% Right: 3.97%
2017-05-03 06:43:53,120 INFO: ----------------------------------------------------------------------------
2017-05-03 06:43:53,120 INFO: EPOCH 47 (64.531 seconds):
2017-05-03 06:43:53,122 INFO: 	Average L2 norm of relation vector: 0.07772
2017-05-03 06:43:53,123 INFO: 	COST >> 0.064 +/- 0.003, % updates Left: 4.58% Rel: 0.54% Right: 3.96%
2017-05-03 06:44:54,392 INFO: ----------------------------------------------------------------------------
2017-05-03 06:44:54,393 INFO: EPOCH 48 (61.269 seconds):
2017-05-03 06:44:54,397 INFO: 	Average L2 norm of relation vector: 0.07781
2017-05-03 06:44:54,398 INFO: 	COST >> 0.064 +/- 0.003, % updates Left: 4.54% Rel: 0.56% Right: 3.97%
2017-05-03 06:45:58,445 INFO: ----------------------------------------------------------------------------
2017-05-03 06:45:58,446 INFO: EPOCH 49 (64.048 seconds):
2017-05-03 06:45:58,448 INFO: 	Average L2 norm of relation vector: 0.0779
2017-05-03 06:45:58,449 INFO: 	COST >> 0.063 +/- 0.003, % updates Left: 4.49% Rel: 0.55% Right: 3.88%
2017-05-03 06:46:59,406 INFO: ----------------------------------------------------------------------------
2017-05-03 06:46:59,406 INFO: EPOCH 50 (60.957 seconds):
2017-05-03 06:46:59,408 INFO: 	Average L2 norm of relation vector: 0.07797
2017-05-03 06:46:59,409 INFO: 	COST >> 0.062 +/- 0.003, % updates Left: 4.42% Rel: 0.54% Right: 3.78%
2017-05-03 06:46:59,409 INFO: 	FilteredRanking: evaluating rank on 1000 triples
2017-05-03 06:48:40,735 INFO: 	FilteredRanking: evaluating rank on 1000 triples
2017-05-03 06:50:21,977 INFO: 	MEAN RANK >> valid: 132.4, train: 64.2
2017-05-03 06:50:22,053 INFO: 		MEAN RANK TRAIN: Left: 69.1 Rel: 3.1 Right: 59.3
2017-05-03 06:50:22,053 INFO: 		MEAN RANK VALID: Left: 158.2 Rel: 2.9 Right: 106.5
2017-05-03 06:50:22,054 INFO: 		MEAN RECIPROCAL RANK VALID (L & R): 0.183
2017-05-03 06:50:22,054 INFO: 	FilteredRanking: evaluating rank on 1000 triples
2017-05-03 06:52:10,643 INFO: 	NEW BEST TEST MR: 141.9
2017-05-03 06:52:10,645 INFO: 		Left MR: 151.2 Rel MR: 3.5 Right MR: 132.6
2017-05-03 06:52:10,715 INFO: 	(ranking took 311.305 seconds)
2017-05-03 06:53:13,999 INFO: ----------------------------------------------------------------------------
2017-05-03 06:53:13,999 INFO: EPOCH 51 (63.284 seconds):
2017-05-03 06:53:14,001 INFO: 	Average L2 norm of relation vector: 0.07804
2017-05-03 06:53:14,002 INFO: 	COST >> 0.062 +/- 0.003, % updates Left: 4.42% Rel: 0.56% Right: 3.75%
2017-05-03 06:54:13,926 INFO: ----------------------------------------------------------------------------
2017-05-03 06:54:13,927 INFO: EPOCH 52 (59.924 seconds):
2017-05-03 06:54:13,929 INFO: 	Average L2 norm of relation vector: 0.0781
2017-05-03 06:54:13,930 INFO: 	COST >> 0.061 +/- 0.003, % updates Left: 4.32% Rel: 0.54% Right: 3.76%
2017-05-03 06:55:12,953 INFO: ----------------------------------------------------------------------------
2017-05-03 06:55:12,953 INFO: EPOCH 53 (59.023 seconds):
2017-05-03 06:55:12,955 INFO: 	Average L2 norm of relation vector: 0.07816
2017-05-03 06:55:12,956 INFO: 	COST >> 0.061 +/- 0.003, % updates Left: 4.37% Rel: 0.54% Right: 3.72%
2017-05-03 06:56:22,866 INFO: ----------------------------------------------------------------------------
2017-05-03 06:56:22,867 INFO: EPOCH 54 (69.91 seconds):
2017-05-03 06:56:22,869 INFO: 	Average L2 norm of relation vector: 0.07822
2017-05-03 06:56:22,870 INFO: 	COST >> 0.061 +/- 0.003, % updates Left: 4.38% Rel: 0.55% Right: 3.7%
2017-05-03 06:57:20,941 INFO: ----------------------------------------------------------------------------
2017-05-03 06:57:20,941 INFO: EPOCH 55 (58.071 seconds):
2017-05-03 06:57:20,943 INFO: 	Average L2 norm of relation vector: 0.07827
2017-05-03 06:57:20,944 INFO: 	COST >> 0.06 +/- 0.002, % updates Left: 4.23% Rel: 0.53% Right: 3.6%
2017-05-03 06:58:20,405 INFO: ----------------------------------------------------------------------------
2017-05-03 06:58:20,405 INFO: EPOCH 56 (59.461 seconds):
2017-05-03 06:58:20,408 INFO: 	Average L2 norm of relation vector: 0.07832
2017-05-03 06:58:20,409 INFO: 	COST >> 0.06 +/- 0.003, % updates Left: 4.26% Rel: 0.51% Right: 3.65%
2017-05-03 06:59:30,878 INFO: ----------------------------------------------------------------------------
2017-05-03 06:59:30,878 INFO: EPOCH 57 (70.469 seconds):
2017-05-03 06:59:30,880 INFO: 	Average L2 norm of relation vector: 0.07835
2017-05-03 06:59:30,881 INFO: 	COST >> 0.06 +/- 0.003, % updates Left: 4.2% Rel: 0.53% Right: 3.6%
2017-05-03 07:00:31,677 INFO: ----------------------------------------------------------------------------
2017-05-03 07:00:31,677 INFO: EPOCH 58 (60.796 seconds):
2017-05-03 07:00:31,679 INFO: 	Average L2 norm of relation vector: 0.07839
2017-05-03 07:00:31,680 INFO: 	COST >> 0.06 +/- 0.003, % updates Left: 4.24% Rel: 0.54% Right: 3.55%
2017-05-03 07:01:32,230 INFO: ----------------------------------------------------------------------------
2017-05-03 07:01:32,230 INFO: EPOCH 59 (60.55 seconds):
2017-05-03 07:01:32,233 INFO: 	Average L2 norm of relation vector: 0.07842
2017-05-03 07:01:32,233 INFO: 	COST >> 0.059 +/- 0.003, % updates Left: 4.12% Rel: 0.5% Right: 3.55%
2017-05-03 07:02:33,596 INFO: ----------------------------------------------------------------------------
2017-05-03 07:02:33,597 INFO: EPOCH 60 (61.363 seconds):
2017-05-03 07:02:33,599 INFO: 	Average L2 norm of relation vector: 0.07845
2017-05-03 07:02:33,600 INFO: 	COST >> 0.059 +/- 0.003, % updates Left: 4.12% Rel: 0.53% Right: 3.51%
2017-05-03 07:02:33,600 INFO: 	FilteredRanking: evaluating rank on 1000 triples
2017-05-03 07:04:15,812 INFO: 	FilteredRanking: evaluating rank on 1000 triples
2017-05-03 07:06:00,919 INFO: 	MEAN RANK >> valid: 129.6, train: 52.9
2017-05-03 07:06:00,920 INFO: 		MEAN RANK TRAIN: Left: 54.9 Rel: 2.8 Right: 50.9
2017-05-03 07:06:00,921 INFO: 		MEAN RANK VALID: Left: 155.2 Rel: 2.8 Right: 104.1
2017-05-03 07:06:00,921 INFO: 		MEAN RECIPROCAL RANK VALID (L & R): 0.191
2017-05-03 07:06:00,921 INFO: 	FilteredRanking: evaluating rank on 1000 triples
2017-05-03 07:07:41,538 INFO: 	NEW BEST TEST MR: 126.9
2017-05-03 07:07:41,539 INFO: 		Left MR: 132.2 Rel MR: 3.3 Right MR: 121.6
2017-05-03 07:07:41,880 INFO: 	(ranking took 308.28 seconds)
2017-05-03 07:08:40,897 INFO: ----------------------------------------------------------------------------
2017-05-03 07:08:40,897 INFO: EPOCH 61 (59.017 seconds):
2017-05-03 07:08:40,900 INFO: 	Average L2 norm of relation vector: 0.07848
2017-05-03 07:08:40,901 INFO: 	COST >> 0.058 +/- 0.002, % updates Left: 4.09% Rel: 0.52% Right: 3.48%
2017-05-03 07:09:43,594 INFO: ----------------------------------------------------------------------------
2017-05-03 07:09:43,594 INFO: EPOCH 62 (62.694 seconds):
2017-05-03 07:09:43,597 INFO: 	Average L2 norm of relation vector: 0.07851
2017-05-03 07:09:43,598 INFO: 	COST >> 0.058 +/- 0.002, % updates Left: 4.08% Rel: 0.51% Right: 3.46%
2017-05-03 07:10:42,026 INFO: ----------------------------------------------------------------------------
2017-05-03 07:10:42,026 INFO: EPOCH 63 (58.428 seconds):
2017-05-03 07:10:42,029 INFO: 	Average L2 norm of relation vector: 0.07853
2017-05-03 07:10:42,030 INFO: 	COST >> 0.058 +/- 0.002, % updates Left: 4.07% Rel: 0.5% Right: 3.48%
2017-05-03 07:11:39,797 INFO: ----------------------------------------------------------------------------
2017-05-03 07:11:39,798 INFO: EPOCH 64 (57.768 seconds):
2017-05-03 07:11:39,800 INFO: 	Average L2 norm of relation vector: 0.07855
2017-05-03 07:11:39,801 INFO: 	COST >> 0.057 +/- 0.003, % updates Left: 4.03% Rel: 0.5% Right: 3.45%
2017-05-03 07:12:37,754 INFO: ----------------------------------------------------------------------------
2017-05-03 07:12:37,755 INFO: EPOCH 65 (57.954 seconds):
2017-05-03 07:12:37,757 INFO: 	Average L2 norm of relation vector: 0.07856
2017-05-03 07:12:37,758 INFO: 	COST >> 0.057 +/- 0.002, % updates Left: 4.01% Rel: 0.5% Right: 3.47%
2017-05-03 07:13:38,610 INFO: ----------------------------------------------------------------------------
2017-05-03 07:13:38,612 INFO: EPOCH 66 (60.854 seconds):
2017-05-03 07:13:38,614 INFO: 	Average L2 norm of relation vector: 0.07857
2017-05-03 07:13:38,615 INFO: 	COST >> 0.057 +/- 0.003, % updates Left: 3.96% Rel: 0.5% Right: 3.41%
2017-05-03 07:14:38,233 INFO: ----------------------------------------------------------------------------
2017-05-03 07:14:38,234 INFO: EPOCH 67 (59.618 seconds):
2017-05-03 07:14:38,236 INFO: 	Average L2 norm of relation vector: 0.07857
2017-05-03 07:14:38,237 INFO: 	COST >> 0.056 +/- 0.002, % updates Left: 3.91% Rel: 0.5% Right: 3.42%
2017-05-03 07:15:38,769 INFO: ----------------------------------------------------------------------------
2017-05-03 07:15:38,984 INFO: EPOCH 68 (60.747 seconds):
2017-05-03 07:15:38,986 INFO: 	Average L2 norm of relation vector: 0.07856
2017-05-03 07:15:38,987 INFO: 	COST >> 0.056 +/- 0.003, % updates Left: 3.89% Rel: 0.49% Right: 3.36%
2017-05-03 07:16:39,351 INFO: ----------------------------------------------------------------------------
2017-05-03 07:16:39,352 INFO: EPOCH 69 (60.365 seconds):
2017-05-03 07:16:39,354 INFO: 	Average L2 norm of relation vector: 0.07854
2017-05-03 07:16:39,355 INFO: 	COST >> 0.056 +/- 0.002, % updates Left: 3.88% Rel: 0.51% Right: 3.33%
2017-05-03 07:17:39,733 INFO: ----------------------------------------------------------------------------
2017-05-03 07:17:39,733 INFO: EPOCH 70 (60.377 seconds):
2017-05-03 07:17:39,735 INFO: 	Average L2 norm of relation vector: 0.07853
2017-05-03 07:17:39,736 INFO: 	COST >> 0.056 +/- 0.002, % updates Left: 3.86% Rel: 0.51% Right: 3.32%
2017-05-03 07:17:39,737 INFO: 	FilteredRanking: evaluating rank on 1000 triples
2017-05-03 07:19:29,600 INFO: 	FilteredRanking: evaluating rank on 1000 triples
2017-05-03 07:21:10,991 INFO: 	MEAN RANK >> valid: 114.7, train: 43.6
2017-05-03 07:21:10,992 INFO: 		MEAN RANK TRAIN: Left: 45.6 Rel: 2.6 Right: 41.6
2017-05-03 07:21:10,993 INFO: 		MEAN RANK VALID: Left: 135.5 Rel: 2.6 Right: 93.9
2017-05-03 07:21:10,993 INFO: 		MEAN RECIPROCAL RANK VALID (L & R): 0.1945
2017-05-03 07:21:10,993 INFO: 	FilteredRanking: evaluating rank on 1000 triples
2017-05-03 07:22:57,738 INFO: 	NEW BEST TEST MR: 109.0
2017-05-03 07:22:57,739 INFO: 		Left MR: 123.9 Rel MR: 3.3 Right MR: 94.1
2017-05-03 07:22:57,813 INFO: 	(ranking took 318.076 seconds)
2017-05-03 07:24:03,265 INFO: ----------------------------------------------------------------------------
2017-05-03 07:24:03,266 INFO: EPOCH 71 (65.452 seconds):
2017-05-03 07:24:03,268 INFO: 	Average L2 norm of relation vector: 0.07853
2017-05-03 07:24:03,269 INFO: 	COST >> 0.056 +/- 0.002, % updates Left: 3.9% Rel: 0.51% Right: 3.3%
2017-05-03 07:25:03,370 INFO: ----------------------------------------------------------------------------
2017-05-03 07:25:03,371 INFO: EPOCH 72 (60.102 seconds):
2017-05-03 07:25:03,373 INFO: 	Average L2 norm of relation vector: 0.07851
2017-05-03 07:25:03,374 INFO: 	COST >> 0.055 +/- 0.002, % updates Left: 3.84% Rel: 0.49% Right: 3.3%
2017-05-03 07:26:10,674 INFO: ----------------------------------------------------------------------------
2017-05-03 07:26:10,675 INFO: EPOCH 73 (67.301 seconds):
2017-05-03 07:26:10,677 INFO: 	Average L2 norm of relation vector: 0.0785
2017-05-03 07:26:10,678 INFO: 	COST >> 0.055 +/- 0.002, % updates Left: 3.82% Rel: 0.49% Right: 3.31%
2017-05-03 07:27:10,373 INFO: ----------------------------------------------------------------------------
2017-05-03 07:27:10,374 INFO: EPOCH 74 (59.696 seconds):
2017-05-03 07:27:10,376 INFO: 	Average L2 norm of relation vector: 0.07849
2017-05-03 07:27:10,377 INFO: 	COST >> 0.055 +/- 0.002, % updates Left: 3.8% Rel: 0.5% Right: 3.22%
2017-05-03 07:28:09,917 INFO: ----------------------------------------------------------------------------
2017-05-03 07:28:09,918 INFO: EPOCH 75 (59.54 seconds):
2017-05-03 07:28:09,920 INFO: 	Average L2 norm of relation vector: 0.07849
2017-05-03 07:28:09,921 INFO: 	COST >> 0.054 +/- 0.002, % updates Left: 3.79% Rel: 0.48% Right: 3.23%
2017-05-03 07:29:08,593 INFO: ----------------------------------------------------------------------------
2017-05-03 07:29:08,594 INFO: EPOCH 76 (58.673 seconds):
2017-05-03 07:29:08,596 INFO: 	Average L2 norm of relation vector: 0.07846
2017-05-03 07:29:08,597 INFO: 	COST >> 0.054 +/- 0.002, % updates Left: 3.77% Rel: 0.49% Right: 3.23%
2017-05-03 07:30:07,301 INFO: ----------------------------------------------------------------------------
2017-05-03 07:30:07,302 INFO: EPOCH 77 (58.705 seconds):
2017-05-03 07:30:07,304 INFO: 	Average L2 norm of relation vector: 0.07845
2017-05-03 07:30:07,305 INFO: 	COST >> 0.054 +/- 0.003, % updates Left: 3.8% Rel: 0.48% Right: 3.22%
2017-05-03 07:31:09,632 INFO: ----------------------------------------------------------------------------
2017-05-03 07:31:09,633 INFO: EPOCH 78 (62.327 seconds):
2017-05-03 07:31:09,636 INFO: 	Average L2 norm of relation vector: 0.07843
2017-05-03 07:31:09,637 INFO: 	COST >> 0.054 +/- 0.002, % updates Left: 3.73% Rel: 0.49% Right: 3.2%
2017-05-03 07:32:12,461 INFO: ----------------------------------------------------------------------------
2017-05-03 07:32:12,462 INFO: EPOCH 79 (62.825 seconds):
2017-05-03 07:32:12,464 INFO: 	Average L2 norm of relation vector: 0.0784
2017-05-03 07:32:12,465 INFO: 	COST >> 0.054 +/- 0.002, % updates Left: 3.74% Rel: 0.49% Right: 3.2%
2017-05-03 07:33:20,135 INFO: ----------------------------------------------------------------------------
2017-05-03 07:33:20,136 INFO: EPOCH 80 (67.67 seconds):
2017-05-03 07:33:20,138 INFO: 	Average L2 norm of relation vector: 0.07837
2017-05-03 07:33:20,139 INFO: 	COST >> 0.053 +/- 0.002, % updates Left: 3.68% Rel: 0.49% Right: 3.16%
2017-05-03 07:33:20,139 INFO: 	FilteredRanking: evaluating rank on 1000 triples
2017-05-03 07:35:00,641 INFO: 	FilteredRanking: evaluating rank on 1000 triples
2017-05-03 07:36:42,421 INFO: 	MEAN RANK >> valid: 111.9, train: 41.8
2017-05-03 07:36:42,422 INFO: 		MEAN RANK TRAIN: Left: 45.0 Rel: 2.4 Right: 38.6
2017-05-03 07:36:42,422 INFO: 		MEAN RANK VALID: Left: 140.1 Rel: 2.6 Right: 83.6
2017-05-03 07:36:42,423 INFO: 		MEAN RECIPROCAL RANK VALID (L & R): 0.202
2017-05-03 07:36:42,423 INFO: 	FilteredRanking: evaluating rank on 1000 triples
2017-05-03 07:38:23,703 INFO: 	NEW BEST TEST MR: 115.9
2017-05-03 07:38:23,704 INFO: 		Left MR: 122.3 Rel MR: 3.1 Right MR: 109.5
2017-05-03 07:38:23,773 INFO: 	(ranking took 303.634 seconds)
2017-05-03 07:39:23,041 INFO: ----------------------------------------------------------------------------
2017-05-03 07:39:23,042 INFO: EPOCH 81 (59.268 seconds):
2017-05-03 07:39:23,044 INFO: 	Average L2 norm of relation vector: 0.07835
2017-05-03 07:39:23,045 INFO: 	COST >> 0.054 +/- 0.002, % updates Left: 3.75% Rel: 0.5% Right: 3.17%
2017-05-03 07:40:22,230 INFO: ----------------------------------------------------------------------------
2017-05-03 07:40:22,232 INFO: EPOCH 82 (59.187 seconds):
2017-05-03 07:40:22,235 INFO: 	Average L2 norm of relation vector: 0.07834
2017-05-03 07:40:22,236 INFO: 	COST >> 0.053 +/- 0.003, % updates Left: 3.72% Rel: 0.48% Right: 3.12%
2017-05-03 07:41:21,663 INFO: ----------------------------------------------------------------------------
2017-05-03 07:41:21,720 INFO: EPOCH 83 (59.484 seconds):
2017-05-03 07:41:21,722 INFO: 	Average L2 norm of relation vector: 0.0783
2017-05-03 07:41:21,723 INFO: 	COST >> 0.052 +/- 0.002, % updates Left: 3.62% Rel: 0.48% Right: 3.1%
2017-05-03 07:42:32,379 INFO: ----------------------------------------------------------------------------
2017-05-03 07:42:32,382 INFO: EPOCH 84 (70.658 seconds):
2017-05-03 07:42:32,384 INFO: 	Average L2 norm of relation vector: 0.07828
2017-05-03 07:42:32,385 INFO: 	COST >> 0.053 +/- 0.002, % updates Left: 3.65% Rel: 0.5% Right: 3.12%
2017-05-03 07:43:35,257 INFO: ----------------------------------------------------------------------------
2017-05-03 07:43:35,258 INFO: EPOCH 85 (62.873 seconds):
2017-05-03 07:43:35,260 INFO: 	Average L2 norm of relation vector: 0.07825
2017-05-03 07:43:35,261 INFO: 	COST >> 0.052 +/- 0.002, % updates Left: 3.61% Rel: 0.49% Right: 3.12%
2017-05-03 07:44:49,306 INFO: ----------------------------------------------------------------------------
2017-05-03 07:44:49,307 INFO: EPOCH 86 (74.045 seconds):
2017-05-03 07:44:49,310 INFO: 	Average L2 norm of relation vector: 0.07821
2017-05-03 07:44:49,311 INFO: 	COST >> 0.053 +/- 0.002, % updates Left: 3.62% Rel: 0.47% Right: 3.12%
2017-05-03 07:45:50,176 INFO: ----------------------------------------------------------------------------
2017-05-03 07:45:50,176 INFO: EPOCH 87 (60.865 seconds):
2017-05-03 07:45:50,178 INFO: 	Average L2 norm of relation vector: 0.07818
2017-05-03 07:45:50,179 INFO: 	COST >> 0.052 +/- 0.002, % updates Left: 3.59% Rel: 0.48% Right: 3.08%
2017-05-03 07:46:52,132 INFO: ----------------------------------------------------------------------------
2017-05-03 07:46:52,619 INFO: EPOCH 88 (62.439 seconds):
2017-05-03 07:46:52,621 INFO: 	Average L2 norm of relation vector: 0.07815
2017-05-03 07:46:52,622 INFO: 	COST >> 0.052 +/- 0.002, % updates Left: 3.62% Rel: 0.48% Right: 3.02%
2017-05-03 07:47:54,338 INFO: ----------------------------------------------------------------------------
2017-05-03 07:47:54,339 INFO: EPOCH 89 (61.716 seconds):
2017-05-03 07:47:54,341 INFO: 	Average L2 norm of relation vector: 0.0781
2017-05-03 07:47:54,342 INFO: 	COST >> 0.052 +/- 0.002, % updates Left: 3.59% Rel: 0.46% Right: 3.08%
2017-05-03 07:48:54,658 INFO: ----------------------------------------------------------------------------
2017-05-03 07:48:54,658 INFO: EPOCH 90 (60.316 seconds):
2017-05-03 07:48:54,661 INFO: 	Average L2 norm of relation vector: 0.07807
2017-05-03 07:48:54,662 INFO: 	COST >> 0.051 +/- 0.002, % updates Left: 3.54% Rel: 0.47% Right: 3.08%
2017-05-03 07:48:54,662 INFO: 	FilteredRanking: evaluating rank on 1000 triples
2017-05-03 07:50:40,766 INFO: 	FilteredRanking: evaluating rank on 1000 triples
2017-05-03 07:52:45,598 INFO: 	MEAN RANK >> valid: 104.6, train: 38.9
2017-05-03 07:52:45,599 INFO: 		MEAN RANK TRAIN: Left: 41.1 Rel: 2.4 Right: 36.6
2017-05-03 07:52:45,600 INFO: 		MEAN RANK VALID: Left: 132.6 Rel: 2.5 Right: 76.6
2017-05-03 07:52:45,600 INFO: 		MEAN RECIPROCAL RANK VALID (L & R): 0.208
2017-05-03 07:52:45,600 INFO: 	FilteredRanking: evaluating rank on 1000 triples
2017-05-03 07:54:41,589 INFO: 	NEW BEST TEST MR: 107.1
2017-05-03 07:54:41,590 INFO: 		Left MR: 118.6 Rel MR: 3.0 Right MR: 95.7
2017-05-03 07:54:41,670 INFO: 	(ranking took 347.008 seconds)
2017-05-03 07:55:41,526 INFO: ----------------------------------------------------------------------------
2017-05-03 07:55:41,526 INFO: EPOCH 91 (59.856 seconds):
2017-05-03 07:55:41,529 INFO: 	Average L2 norm of relation vector: 0.07803
2017-05-03 07:55:41,530 INFO: 	COST >> 0.051 +/- 0.002, % updates Left: 3.54% Rel: 0.48% Right: 3.01%
2017-05-03 07:56:42,276 INFO: ----------------------------------------------------------------------------
2017-05-03 07:56:42,277 INFO: EPOCH 92 (60.747 seconds):
2017-05-03 07:56:42,279 INFO: 	Average L2 norm of relation vector: 0.07799
2017-05-03 07:56:42,280 INFO: 	COST >> 0.051 +/- 0.002, % updates Left: 3.51% Rel: 0.49% Right: 3.08%
2017-05-03 07:57:54,102 INFO: ----------------------------------------------------------------------------
2017-05-03 07:57:54,105 INFO: EPOCH 93 (71.825 seconds):
2017-05-03 07:57:54,107 INFO: 	Average L2 norm of relation vector: 0.07794
2017-05-03 07:57:54,108 INFO: 	COST >> 0.051 +/- 0.002, % updates Left: 3.5% Rel: 0.47% Right: 3.08%
2017-05-03 07:58:53,193 INFO: ----------------------------------------------------------------------------
2017-05-03 07:58:53,194 INFO: EPOCH 94 (59.086 seconds):
2017-05-03 07:58:53,196 INFO: 	Average L2 norm of relation vector: 0.0779
2017-05-03 07:58:53,197 INFO: 	COST >> 0.051 +/- 0.002, % updates Left: 3.47% Rel: 0.46% Right: 3.03%
2017-05-03 07:59:52,546 INFO: ----------------------------------------------------------------------------
2017-05-03 07:59:52,546 INFO: EPOCH 95 (59.349 seconds):
2017-05-03 07:59:52,549 INFO: 	Average L2 norm of relation vector: 0.07787
2017-05-03 07:59:52,549 INFO: 	COST >> 0.051 +/- 0.002, % updates Left: 3.51% Rel: 0.48% Right: 3.02%
2017-05-03 08:00:52,189 INFO: ----------------------------------------------------------------------------
2017-05-03 08:00:52,190 INFO: EPOCH 96 (59.64 seconds):
2017-05-03 08:00:52,192 INFO: 	Average L2 norm of relation vector: 0.07784
2017-05-03 08:00:52,193 INFO: 	COST >> 0.051 +/- 0.002, % updates Left: 3.52% Rel: 0.48% Right: 3.05%
2017-05-03 08:01:51,742 INFO: ----------------------------------------------------------------------------
2017-05-03 08:01:51,745 INFO: EPOCH 97 (59.552 seconds):
2017-05-03 08:01:51,747 INFO: 	Average L2 norm of relation vector: 0.07779
2017-05-03 08:01:51,748 INFO: 	COST >> 0.051 +/- 0.002, % updates Left: 3.49% Rel: 0.47% Right: 3.0%
2017-05-03 08:02:51,637 INFO: ----------------------------------------------------------------------------
2017-05-03 08:02:51,638 INFO: EPOCH 98 (59.89 seconds):
2017-05-03 08:02:51,640 INFO: 	Average L2 norm of relation vector: 0.07775
2017-05-03 08:02:51,641 INFO: 	COST >> 0.05 +/- 0.002, % updates Left: 3.5% Rel: 0.46% Right: 2.96%
2017-05-03 08:03:58,136 INFO: ----------------------------------------------------------------------------
2017-05-03 08:03:58,137 INFO: EPOCH 99 (66.496 seconds):
2017-05-03 08:03:58,139 INFO: 	Average L2 norm of relation vector: 0.07771
2017-05-03 08:03:58,140 INFO: 	COST >> 0.05 +/- 0.002, % updates Left: 3.48% Rel: 0.47% Right: 2.97%
2017-05-03 08:04:57,768 INFO: ----------------------------------------------------------------------------
2017-05-03 08:04:57,769 INFO: EPOCH 100 (59.629 seconds):
2017-05-03 08:04:57,771 INFO: 	Average L2 norm of relation vector: 0.07766
2017-05-03 08:04:57,772 INFO: 	COST >> 0.05 +/- 0.002, % updates Left: 3.47% Rel: 0.46% Right: 2.99%
2017-05-03 08:04:57,772 INFO: 	FilteredRanking: evaluating rank on 1000 triples
2017-05-03 08:06:37,542 INFO: 	FilteredRanking: evaluating rank on 1000 triples
2017-05-03 08:08:19,812 INFO: 	MEAN RANK >> valid: 106.9, train: 35.7
2017-05-03 08:08:19,813 INFO: 		MEAN RANK TRAIN: Left: 37.8 Rel: 2.3 Right: 33.6
2017-05-03 08:08:19,814 INFO: 		MEAN RANK VALID: Left: 134.5 Rel: 2.5 Right: 79.2
2017-05-03 08:08:19,814 INFO: 		MEAN RECIPROCAL RANK VALID (L & R): 0.2075
2017-05-03 08:08:19,815 WARNING: 	WARNING, failed to improve MRR on valid, 2 chances left

2017-05-03 08:08:19,882 INFO: 	(ranking took 202.11 seconds)
2017-05-03 08:09:19,532 INFO: ----------------------------------------------------------------------------
2017-05-03 08:09:19,533 INFO: EPOCH 101 (59.65 seconds):
2017-05-03 08:09:19,535 INFO: 	Average L2 norm of relation vector: 0.07762
2017-05-03 08:09:19,536 INFO: 	COST >> 0.05 +/- 0.002, % updates Left: 3.44% Rel: 0.48% Right: 2.96%
2017-05-03 08:10:20,296 INFO: ----------------------------------------------------------------------------
2017-05-03 08:10:20,296 INFO: EPOCH 102 (60.76 seconds):
2017-05-03 08:10:20,298 INFO: 	Average L2 norm of relation vector: 0.07758
2017-05-03 08:10:20,299 INFO: 	COST >> 0.05 +/- 0.002, % updates Left: 3.48% Rel: 0.46% Right: 2.95%
2017-05-03 08:11:20,252 INFO: ----------------------------------------------------------------------------
2017-05-03 08:11:20,252 INFO: EPOCH 103 (59.953 seconds):
2017-05-03 08:11:20,254 INFO: 	Average L2 norm of relation vector: 0.07754
2017-05-03 08:11:20,255 INFO: 	COST >> 0.05 +/- 0.002, % updates Left: 3.47% Rel: 0.45% Right: 2.98%
2017-05-03 08:12:19,550 INFO: ----------------------------------------------------------------------------
2017-05-03 08:12:19,550 INFO: EPOCH 104 (59.294 seconds):
2017-05-03 08:12:19,552 INFO: 	Average L2 norm of relation vector: 0.0775
2017-05-03 08:12:19,553 INFO: 	COST >> 0.049 +/- 0.002, % updates Left: 3.45% Rel: 0.45% Right: 2.93%
2017-05-03 08:13:18,440 INFO: ----------------------------------------------------------------------------
2017-05-03 08:13:18,441 INFO: EPOCH 105 (58.887 seconds):
2017-05-03 08:13:18,443 INFO: 	Average L2 norm of relation vector: 0.07747
2017-05-03 08:13:18,444 INFO: 	COST >> 0.049 +/- 0.002, % updates Left: 3.43% Rel: 0.46% Right: 2.91%
2017-05-03 08:14:34,916 INFO: ----------------------------------------------------------------------------
2017-05-03 08:14:34,916 INFO: EPOCH 106 (76.472 seconds):
2017-05-03 08:14:34,918 INFO: 	Average L2 norm of relation vector: 0.07743
2017-05-03 08:14:34,919 INFO: 	COST >> 0.049 +/- 0.002, % updates Left: 3.4% Rel: 0.46% Right: 2.93%
2017-05-03 08:15:51,272 INFO: ----------------------------------------------------------------------------
2017-05-03 08:15:51,273 INFO: EPOCH 107 (76.353 seconds):
2017-05-03 08:15:51,276 INFO: 	Average L2 norm of relation vector: 0.07739
2017-05-03 08:15:51,277 INFO: 	COST >> 0.049 +/- 0.002, % updates Left: 3.41% Rel: 0.45% Right: 2.87%
2017-05-03 08:17:05,312 INFO: ----------------------------------------------------------------------------
2017-05-03 08:17:05,312 INFO: EPOCH 108 (74.035 seconds):
2017-05-03 08:17:05,315 INFO: 	Average L2 norm of relation vector: 0.07735
2017-05-03 08:17:05,316 INFO: 	COST >> 0.049 +/- 0.002, % updates Left: 3.41% Rel: 0.47% Right: 2.9%
2017-05-03 08:18:36,749 INFO: ----------------------------------------------------------------------------
2017-05-03 08:18:36,750 INFO: EPOCH 109 (91.433 seconds):
2017-05-03 08:18:36,753 INFO: 	Average L2 norm of relation vector: 0.0773
2017-05-03 08:18:36,754 INFO: 	COST >> 0.049 +/- 0.002, % updates Left: 3.37% Rel: 0.46% Right: 2.91%
2017-05-03 08:20:09,766 INFO: ----------------------------------------------------------------------------
2017-05-03 08:20:09,766 INFO: EPOCH 110 (93.012 seconds):
2017-05-03 08:20:09,770 INFO: 	Average L2 norm of relation vector: 0.07725
2017-05-03 08:20:09,771 INFO: 	COST >> 0.049 +/- 0.002, % updates Left: 3.41% Rel: 0.45% Right: 2.93%
2017-05-03 08:20:09,771 INFO: 	FilteredRanking: evaluating rank on 1000 triples
2017-05-03 08:22:16,055 INFO: 	FilteredRanking: evaluating rank on 1000 triples
2017-05-03 08:24:25,118 INFO: 	MEAN RANK >> valid: 97.1, train: 34.3
2017-05-03 08:24:25,119 INFO: 		MEAN RANK TRAIN: Left: 37.1 Rel: 2.3 Right: 31.5
2017-05-03 08:24:25,120 INFO: 		MEAN RANK VALID: Left: 117.4 Rel: 2.5 Right: 76.8
2017-05-03 08:24:25,120 INFO: 		MEAN RECIPROCAL RANK VALID (L & R): 0.217
2017-05-03 08:24:25,121 INFO: 	FilteredRanking: evaluating rank on 1000 triples
2017-05-03 08:26:33,869 INFO: 	NEW BEST TEST MR: 93.2
2017-05-03 08:26:33,870 INFO: 		Left MR: 94.0 Rel MR: 3.0 Right MR: 92.5
2017-05-03 08:26:33,937 INFO: 	(ranking took 384.166 seconds)
2017-05-03 08:28:04,881 INFO: ----------------------------------------------------------------------------
2017-05-03 08:28:04,920 INFO: EPOCH 111 (90.982 seconds):
2017-05-03 08:28:04,922 INFO: 	Average L2 norm of relation vector: 0.07722
2017-05-03 08:28:04,923 INFO: 	COST >> 0.049 +/- 0.002, % updates Left: 3.41% Rel: 0.45% Right: 2.91%
2017-05-03 08:29:37,072 INFO: ----------------------------------------------------------------------------
2017-05-03 08:29:37,073 INFO: EPOCH 112 (92.149 seconds):
2017-05-03 08:29:37,076 INFO: 	Average L2 norm of relation vector: 0.07717
2017-05-03 08:29:37,077 INFO: 	COST >> 0.049 +/- 0.002, % updates Left: 3.34% Rel: 0.46% Right: 2.92%
2017-05-03 08:31:08,353 INFO: ----------------------------------------------------------------------------
2017-05-03 08:31:08,355 INFO: EPOCH 113 (91.277 seconds):
2017-05-03 08:31:08,357 INFO: 	Average L2 norm of relation vector: 0.07713
2017-05-03 08:31:08,358 INFO: 	COST >> 0.048 +/- 0.002, % updates Left: 3.34% Rel: 0.45% Right: 2.85%
2017-05-03 08:32:35,108 INFO: ----------------------------------------------------------------------------
2017-05-03 08:32:35,109 INFO: EPOCH 114 (86.751 seconds):
2017-05-03 08:32:35,113 INFO: 	Average L2 norm of relation vector: 0.07709
2017-05-03 08:32:35,114 INFO: 	COST >> 0.048 +/- 0.002, % updates Left: 3.36% Rel: 0.45% Right: 2.9%
2017-05-03 08:34:02,268 INFO: ----------------------------------------------------------------------------
2017-05-03 08:34:02,269 INFO: EPOCH 115 (87.155 seconds):
2017-05-03 08:34:02,272 INFO: 	Average L2 norm of relation vector: 0.07704
2017-05-03 08:34:02,273 INFO: 	COST >> 0.048 +/- 0.002, % updates Left: 3.35% Rel: 0.45% Right: 2.86%
2017-05-03 08:35:03,436 INFO: ----------------------------------------------------------------------------
2017-05-03 08:35:03,436 INFO: EPOCH 116 (61.163 seconds):
2017-05-03 08:35:03,439 INFO: 	Average L2 norm of relation vector: 0.07699
2017-05-03 08:35:03,440 INFO: 	COST >> 0.048 +/- 0.002, % updates Left: 3.36% Rel: 0.46% Right: 2.86%
2017-05-03 08:36:04,454 INFO: ----------------------------------------------------------------------------
2017-05-03 08:36:04,454 INFO: EPOCH 117 (61.014 seconds):
2017-05-03 08:36:04,457 INFO: 	Average L2 norm of relation vector: 0.07695
2017-05-03 08:36:04,458 INFO: 	COST >> 0.048 +/- 0.002, % updates Left: 3.38% Rel: 0.46% Right: 2.86%
2017-05-03 08:37:13,967 INFO: ----------------------------------------------------------------------------
2017-05-03 08:37:13,968 INFO: EPOCH 118 (69.51 seconds):
2017-05-03 08:37:13,973 INFO: 	Average L2 norm of relation vector: 0.07692
2017-05-03 08:37:13,974 INFO: 	COST >> 0.048 +/- 0.002, % updates Left: 3.3% Rel: 0.45% Right: 2.87%
2017-05-03 08:38:46,171 INFO: ----------------------------------------------------------------------------
2017-05-03 08:38:46,172 INFO: EPOCH 119 (92.196 seconds):
2017-05-03 08:38:46,174 INFO: 	Average L2 norm of relation vector: 0.07686
2017-05-03 08:38:46,175 INFO: 	COST >> 0.047 +/- 0.002, % updates Left: 3.31% Rel: 0.45% Right: 2.83%
2017-05-03 08:39:47,519 INFO: ----------------------------------------------------------------------------
2017-05-03 08:39:47,520 INFO: EPOCH 120 (61.344 seconds):
2017-05-03 08:39:47,522 INFO: 	Average L2 norm of relation vector: 0.07682
2017-05-03 08:39:47,523 INFO: 	COST >> 0.048 +/- 0.002, % updates Left: 3.28% Rel: 0.47% Right: 2.88%
2017-05-03 08:39:47,523 INFO: 	FilteredRanking: evaluating rank on 1000 triples
2017-05-03 08:41:39,247 INFO: 	FilteredRanking: evaluating rank on 1000 triples
2017-05-03 08:43:32,661 INFO: 	MEAN RANK >> valid: 90.6, train: 33.6
2017-05-03 08:43:32,662 INFO: 		MEAN RANK TRAIN: Left: 37.6 Rel: 2.2 Right: 29.5
2017-05-03 08:43:32,663 INFO: 		MEAN RANK VALID: Left: 106.6 Rel: 2.5 Right: 74.6
2017-05-03 08:43:32,663 INFO: 		MEAN RECIPROCAL RANK VALID (L & R): 0.228
2017-05-03 08:43:32,663 INFO: 	FilteredRanking: evaluating rank on 1000 triples
2017-05-03 08:45:26,960 INFO: 	NEW BEST TEST MR: 85.5
2017-05-03 08:45:26,962 INFO: 		Left MR: 87.3 Rel MR: 2.9 Right MR: 83.8
2017-05-03 08:45:27,031 INFO: 	(ranking took 339.508 seconds)
2017-05-03 08:46:27,778 INFO: ----------------------------------------------------------------------------
2017-05-03 08:46:27,779 INFO: EPOCH 121 (60.747 seconds):
2017-05-03 08:46:27,781 INFO: 	Average L2 norm of relation vector: 0.07679
2017-05-03 08:46:27,782 INFO: 	COST >> 0.047 +/- 0.002, % updates Left: 3.32% Rel: 0.47% Right: 2.8%
2017-05-03 08:47:35,470 INFO: ----------------------------------------------------------------------------
2017-05-03 08:47:35,471 INFO: EPOCH 122 (67.689 seconds):
2017-05-03 08:47:35,473 INFO: 	Average L2 norm of relation vector: 0.07673
2017-05-03 08:47:35,474 INFO: 	COST >> 0.048 +/- 0.002, % updates Left: 3.3% Rel: 0.44% Right: 2.84%
2017-05-03 08:48:33,852 INFO: ----------------------------------------------------------------------------
2017-05-03 08:48:33,852 INFO: EPOCH 123 (58.378 seconds):
2017-05-03 08:48:33,854 INFO: 	Average L2 norm of relation vector: 0.0767
2017-05-03 08:48:33,855 INFO: 	COST >> 0.047 +/- 0.002, % updates Left: 3.32% Rel: 0.48% Right: 2.79%
2017-05-03 08:49:32,810 INFO: ----------------------------------------------------------------------------
2017-05-03 08:49:32,812 INFO: EPOCH 124 (58.956 seconds):
2017-05-03 08:49:32,814 INFO: 	Average L2 norm of relation vector: 0.07666
2017-05-03 08:49:32,815 INFO: 	COST >> 0.047 +/- 0.002, % updates Left: 3.3% Rel: 0.45% Right: 2.78%
2017-05-03 08:50:33,941 INFO: ----------------------------------------------------------------------------
2017-05-03 08:50:33,942 INFO: EPOCH 125 (61.127 seconds):
2017-05-03 08:50:33,944 INFO: 	Average L2 norm of relation vector: 0.07661
2017-05-03 08:50:33,945 INFO: 	COST >> 0.047 +/- 0.002, % updates Left: 3.3% Rel: 0.45% Right: 2.82%
2017-05-03 08:51:33,506 INFO: ----------------------------------------------------------------------------
2017-05-03 08:51:33,507 INFO: EPOCH 126 (59.561 seconds):
2017-05-03 08:51:33,509 INFO: 	Average L2 norm of relation vector: 0.07656
2017-05-03 08:51:33,510 INFO: 	COST >> 0.047 +/- 0.002, % updates Left: 3.26% Rel: 0.45% Right: 2.81%
2017-05-03 08:52:42,803 INFO: ----------------------------------------------------------------------------
2017-05-03 08:52:42,803 INFO: EPOCH 127 (69.293 seconds):
2017-05-03 08:52:42,805 INFO: 	Average L2 norm of relation vector: 0.07652
2017-05-03 08:52:42,806 INFO: 	COST >> 0.047 +/- 0.002, % updates Left: 3.29% Rel: 0.46% Right: 2.78%
2017-05-03 08:53:44,826 INFO: ----------------------------------------------------------------------------
2017-05-03 08:53:44,827 INFO: EPOCH 128 (62.021 seconds):
2017-05-03 08:53:44,831 INFO: 	Average L2 norm of relation vector: 0.07648
2017-05-03 08:53:44,832 INFO: 	COST >> 0.047 +/- 0.002, % updates Left: 3.24% Rel: 0.45% Right: 2.79%
2017-05-03 08:55:13,583 INFO: ----------------------------------------------------------------------------
2017-05-03 08:55:13,584 INFO: EPOCH 129 (88.752 seconds):
2017-05-03 08:55:13,587 INFO: 	Average L2 norm of relation vector: 0.07646
2017-05-03 08:55:13,588 INFO: 	COST >> 0.047 +/- 0.002, % updates Left: 3.29% Rel: 0.45% Right: 2.83%
2017-05-03 08:56:14,695 INFO: ----------------------------------------------------------------------------
2017-05-03 08:56:14,695 INFO: EPOCH 130 (61.107 seconds):
2017-05-03 08:56:14,698 INFO: 	Average L2 norm of relation vector: 0.0764
2017-05-03 08:56:14,698 INFO: 	COST >> 0.047 +/- 0.002, % updates Left: 3.27% Rel: 0.45% Right: 2.79%
2017-05-03 08:56:14,699 INFO: 	FilteredRanking: evaluating rank on 1000 triples
2017-05-03 08:57:54,425 INFO: 	FilteredRanking: evaluating rank on 1000 triples
2017-05-03 08:59:36,940 INFO: 	MEAN RANK >> valid: 98.5, train: 30.3
2017-05-03 08:59:36,941 INFO: 		MEAN RANK TRAIN: Left: 33.4 Rel: 2.1 Right: 27.3
2017-05-03 08:59:36,942 INFO: 		MEAN RANK VALID: Left: 116.9 Rel: 2.5 Right: 80.1
2017-05-03 08:59:36,942 INFO: 		MEAN RECIPROCAL RANK VALID (L & R): 0.2295
2017-05-03 08:59:36,942 INFO: 	FilteredRanking: evaluating rank on 1000 triples
2017-05-03 09:01:18,581 INFO: 	NEW BEST TEST MR: 91.3
2017-05-03 09:01:18,582 INFO: 		Left MR: 90.2 Rel MR: 2.8 Right MR: 92.4
2017-05-03 09:01:18,937 INFO: 	(ranking took 304.238 seconds)
2017-05-03 09:02:18,715 INFO: ----------------------------------------------------------------------------
2017-05-03 09:02:18,716 INFO: EPOCH 131 (59.779 seconds):
2017-05-03 09:02:18,718 INFO: 	Average L2 norm of relation vector: 0.07635
2017-05-03 09:02:18,719 INFO: 	COST >> 0.047 +/- 0.002, % updates Left: 3.22% Rel: 0.45% Right: 2.77%
2017-05-03 09:03:19,647 INFO: ----------------------------------------------------------------------------
2017-05-03 09:03:19,648 INFO: EPOCH 132 (60.929 seconds):
2017-05-03 09:03:19,650 INFO: 	Average L2 norm of relation vector: 0.07631
2017-05-03 09:03:19,651 INFO: 	COST >> 0.046 +/- 0.002, % updates Left: 3.26% Rel: 0.45% Right: 2.76%
2017-05-03 09:04:18,665 INFO: ----------------------------------------------------------------------------
2017-05-03 09:04:18,665 INFO: EPOCH 133 (59.014 seconds):
2017-05-03 09:04:18,668 INFO: 	Average L2 norm of relation vector: 0.07628
2017-05-03 09:04:18,669 INFO: 	COST >> 0.046 +/- 0.002, % updates Left: 3.25% Rel: 0.45% Right: 2.76%
2017-05-03 09:05:19,371 INFO: ----------------------------------------------------------------------------
2017-05-03 09:05:19,372 INFO: EPOCH 134 (60.702 seconds):
2017-05-03 09:05:19,374 INFO: 	Average L2 norm of relation vector: 0.07625
2017-05-03 09:05:19,375 INFO: 	COST >> 0.046 +/- 0.002, % updates Left: 3.29% Rel: 0.45% Right: 2.76%
2017-05-03 09:06:21,774 INFO: ----------------------------------------------------------------------------
2017-05-03 09:06:21,774 INFO: EPOCH 135 (62.399 seconds):
2017-05-03 09:06:21,777 INFO: 	Average L2 norm of relation vector: 0.07621
2017-05-03 09:06:21,778 INFO: 	COST >> 0.046 +/- 0.002, % updates Left: 3.23% Rel: 0.46% Right: 2.72%
2017-05-03 09:07:21,903 INFO: ----------------------------------------------------------------------------
2017-05-03 09:07:21,903 INFO: EPOCH 136 (60.125 seconds):
2017-05-03 09:07:21,905 INFO: 	Average L2 norm of relation vector: 0.07617
2017-05-03 09:07:21,906 INFO: 	COST >> 0.046 +/- 0.002, % updates Left: 3.26% Rel: 0.44% Right: 2.79%
2017-05-03 09:08:28,794 INFO: ----------------------------------------------------------------------------
2017-05-03 09:08:28,794 INFO: EPOCH 137 (66.888 seconds):
2017-05-03 09:08:28,796 INFO: 	Average L2 norm of relation vector: 0.07614
2017-05-03 09:08:28,797 INFO: 	COST >> 0.046 +/- 0.002, % updates Left: 3.21% Rel: 0.45% Right: 2.72%
2017-05-03 09:09:31,744 INFO: ----------------------------------------------------------------------------
2017-05-03 09:09:31,745 INFO: EPOCH 138 (62.947 seconds):
2017-05-03 09:09:31,747 INFO: 	Average L2 norm of relation vector: 0.07609
2017-05-03 09:09:31,748 INFO: 	COST >> 0.046 +/- 0.002, % updates Left: 3.17% Rel: 0.45% Right: 2.75%
2017-05-03 09:10:33,537 INFO: ----------------------------------------------------------------------------
2017-05-03 09:10:33,537 INFO: EPOCH 139 (61.789 seconds):
2017-05-03 09:10:33,539 INFO: 	Average L2 norm of relation vector: 0.07605
2017-05-03 09:10:33,540 INFO: 	COST >> 0.046 +/- 0.002, % updates Left: 3.2% Rel: 0.44% Right: 2.73%
2017-05-03 09:11:32,510 INFO: ----------------------------------------------------------------------------
2017-05-03 09:11:32,510 INFO: EPOCH 140 (58.97 seconds):
2017-05-03 09:11:32,512 INFO: 	Average L2 norm of relation vector: 0.076
2017-05-03 09:11:32,513 INFO: 	COST >> 0.046 +/- 0.002, % updates Left: 3.19% Rel: 0.44% Right: 2.78%
2017-05-03 09:11:32,514 INFO: 	FilteredRanking: evaluating rank on 1000 triples
2017-05-03 09:13:18,650 INFO: 	FilteredRanking: evaluating rank on 1000 triples
2017-05-03 09:15:02,828 INFO: 	MEAN RANK >> valid: 94.4, train: 29.8
2017-05-03 09:15:02,829 INFO: 		MEAN RANK TRAIN: Left: 33.8 Rel: 2.1 Right: 25.9
2017-05-03 09:15:02,830 INFO: 		MEAN RANK VALID: Left: 115.2 Rel: 2.4 Right: 73.6
2017-05-03 09:15:02,830 INFO: 		MEAN RECIPROCAL RANK VALID (L & R): 0.2335
2017-05-03 09:15:02,830 INFO: 	FilteredRanking: evaluating rank on 1000 triples
2017-05-03 09:16:45,830 INFO: 	NEW BEST TEST MR: 82.5
2017-05-03 09:16:45,831 INFO: 		Left MR: 81.2 Rel MR: 2.8 Right MR: 83.7
2017-05-03 09:16:46,373 INFO: 	(ranking took 313.859 seconds)
2017-05-03 09:17:46,710 INFO: ----------------------------------------------------------------------------
2017-05-03 09:17:46,710 INFO: EPOCH 141 (60.337 seconds):
2017-05-03 09:17:46,713 INFO: 	Average L2 norm of relation vector: 0.07596
2017-05-03 09:17:46,714 INFO: 	COST >> 0.046 +/- 0.002, % updates Left: 3.21% Rel: 0.44% Right: 2.73%
2017-05-03 09:18:46,042 INFO: ----------------------------------------------------------------------------
2017-05-03 09:18:46,042 INFO: EPOCH 142 (59.328 seconds):
2017-05-03 09:18:46,045 INFO: 	Average L2 norm of relation vector: 0.07592
2017-05-03 09:18:46,045 INFO: 	COST >> 0.046 +/- 0.002, % updates Left: 3.19% Rel: 0.46% Right: 2.72%
2017-05-03 09:19:57,407 INFO: ----------------------------------------------------------------------------
2017-05-03 09:19:57,408 INFO: EPOCH 143 (71.362 seconds):
2017-05-03 09:19:57,411 INFO: 	Average L2 norm of relation vector: 0.07588
2017-05-03 09:19:57,412 INFO: 	COST >> 0.046 +/- 0.002, % updates Left: 3.17% Rel: 0.43% Right: 2.75%
2017-05-03 09:21:12,050 INFO: ----------------------------------------------------------------------------
2017-05-03 09:21:12,051 INFO: EPOCH 144 (74.639 seconds):
2017-05-03 09:21:12,054 INFO: 	Average L2 norm of relation vector: 0.07584
2017-05-03 09:21:12,055 INFO: 	COST >> 0.045 +/- 0.002, % updates Left: 3.16% Rel: 0.44% Right: 2.76%
2017-05-03 09:22:17,155 INFO: ----------------------------------------------------------------------------
2017-05-03 09:22:17,155 INFO: EPOCH 145 (65.1 seconds):
2017-05-03 09:22:17,158 INFO: 	Average L2 norm of relation vector: 0.07579
2017-05-03 09:22:17,158 INFO: 	COST >> 0.046 +/- 0.002, % updates Left: 3.19% Rel: 0.45% Right: 2.75%
2017-05-03 09:23:17,809 INFO: ----------------------------------------------------------------------------
2017-05-03 09:23:17,818 INFO: EPOCH 146 (60.659 seconds):
2017-05-03 09:23:17,820 INFO: 	Average L2 norm of relation vector: 0.07576
2017-05-03 09:23:17,821 INFO: 	COST >> 0.045 +/- 0.002, % updates Left: 3.15% Rel: 0.44% Right: 2.73%
2017-05-03 09:24:30,089 INFO: ----------------------------------------------------------------------------
2017-05-03 09:24:30,090 INFO: EPOCH 147 (72.269 seconds):
2017-05-03 09:24:30,094 INFO: 	Average L2 norm of relation vector: 0.07571
2017-05-03 09:24:30,095 INFO: 	COST >> 0.045 +/- 0.002, % updates Left: 3.18% Rel: 0.44% Right: 2.7%
2017-05-03 09:25:33,246 INFO: ----------------------------------------------------------------------------
2017-05-03 09:25:33,247 INFO: EPOCH 148 (63.152 seconds):
2017-05-03 09:25:33,250 INFO: 	Average L2 norm of relation vector: 0.07568
2017-05-03 09:25:33,252 INFO: 	COST >> 0.045 +/- 0.002, % updates Left: 3.18% Rel: 0.44% Right: 2.72%
2017-05-03 09:26:42,846 INFO: ----------------------------------------------------------------------------
2017-05-03 09:26:42,847 INFO: EPOCH 149 (69.595 seconds):
2017-05-03 09:26:42,849 INFO: 	Average L2 norm of relation vector: 0.07564
2017-05-03 09:26:42,850 INFO: 	COST >> 0.045 +/- 0.002, % updates Left: 3.18% Rel: 0.45% Right: 2.66%
2017-05-03 09:27:43,834 INFO: ----------------------------------------------------------------------------
2017-05-03 09:27:43,835 INFO: EPOCH 150 (60.984 seconds):
2017-05-03 09:27:43,868 INFO: 	Average L2 norm of relation vector: 0.0756
2017-05-03 09:27:43,870 INFO: 	COST >> 0.045 +/- 0.002, % updates Left: 3.14% Rel: 0.43% Right: 2.74%
2017-05-03 09:27:43,870 INFO: 	FilteredRanking: evaluating rank on 1000 triples
2017-05-03 09:29:26,824 INFO: 	FilteredRanking: evaluating rank on 1000 triples
2017-05-03 09:31:25,151 INFO: 	MEAN RANK >> valid: 89.0, train: 31.6
2017-05-03 09:31:25,152 INFO: 		MEAN RANK TRAIN: Left: 35.9 Rel: 2.1 Right: 27.3
2017-05-03 09:31:25,153 INFO: 		MEAN RANK VALID: Left: 108.1 Rel: 2.4 Right: 69.9
2017-05-03 09:31:25,153 INFO: 		MEAN RECIPROCAL RANK VALID (L & R): 0.2255
2017-05-03 09:31:25,154 WARNING: 	WARNING, failed to improve MRR on valid, 2 chances left

2017-05-03 09:31:25,223 INFO: 	(ranking took 221.353 seconds)
2017-05-03 09:32:26,126 INFO: ----------------------------------------------------------------------------
2017-05-03 09:32:26,127 INFO: EPOCH 151 (60.903 seconds):
2017-05-03 09:32:26,129 INFO: 	Average L2 norm of relation vector: 0.07556
2017-05-03 09:32:26,130 INFO: 	COST >> 0.045 +/- 0.002, % updates Left: 3.17% Rel: 0.46% Right: 2.64%
2017-05-03 09:33:25,567 INFO: ----------------------------------------------------------------------------
2017-05-03 09:33:25,568 INFO: EPOCH 152 (59.437 seconds):
2017-05-03 09:33:25,570 INFO: 	Average L2 norm of relation vector: 0.07552
2017-05-03 09:33:25,571 INFO: 	COST >> 0.045 +/- 0.002, % updates Left: 3.15% Rel: 0.44% Right: 2.73%
2017-05-03 09:34:44,738 INFO: ----------------------------------------------------------------------------
2017-05-03 09:34:44,739 INFO: EPOCH 153 (79.168 seconds):
2017-05-03 09:34:44,742 INFO: 	Average L2 norm of relation vector: 0.07549
2017-05-03 09:34:44,743 INFO: 	COST >> 0.045 +/- 0.002, % updates Left: 3.16% Rel: 0.44% Right: 2.68%
2017-05-03 09:35:57,924 INFO: ----------------------------------------------------------------------------
2017-05-03 09:35:57,925 INFO: EPOCH 154 (73.182 seconds):
2017-05-03 09:35:57,927 INFO: 	Average L2 norm of relation vector: 0.07544
2017-05-03 09:35:57,928 INFO: 	COST >> 0.045 +/- 0.002, % updates Left: 3.13% Rel: 0.45% Right: 2.67%
2017-05-03 09:36:57,195 INFO: ----------------------------------------------------------------------------
2017-05-03 09:36:57,196 INFO: EPOCH 155 (59.267 seconds):
2017-05-03 09:36:57,198 INFO: 	Average L2 norm of relation vector: 0.07542
2017-05-03 09:36:57,199 INFO: 	COST >> 0.045 +/- 0.002, % updates Left: 3.18% Rel: 0.45% Right: 2.65%
2017-05-03 09:37:56,293 INFO: ----------------------------------------------------------------------------
2017-05-03 09:37:56,294 INFO: EPOCH 156 (59.095 seconds):
2017-05-03 09:37:56,296 INFO: 	Average L2 norm of relation vector: 0.07538
2017-05-03 09:37:56,297 INFO: 	COST >> 0.045 +/- 0.002, % updates Left: 3.08% Rel: 0.46% Right: 2.71%
2017-05-03 09:38:55,080 INFO: ----------------------------------------------------------------------------
2017-05-03 09:38:55,080 INFO: EPOCH 157 (58.783 seconds):
2017-05-03 09:38:55,082 INFO: 	Average L2 norm of relation vector: 0.07535
2017-05-03 09:38:55,083 INFO: 	COST >> 0.045 +/- 0.002, % updates Left: 3.16% Rel: 0.46% Right: 2.72%
2017-05-03 09:39:54,422 INFO: ----------------------------------------------------------------------------
2017-05-03 09:39:54,423 INFO: EPOCH 158 (59.339 seconds):
2017-05-03 09:39:54,425 INFO: 	Average L2 norm of relation vector: 0.07531
2017-05-03 09:39:54,425 INFO: 	COST >> 0.045 +/- 0.002, % updates Left: 3.1% Rel: 0.44% Right: 2.74%
2017-05-03 09:41:02,735 INFO: ----------------------------------------------------------------------------
2017-05-03 09:41:02,735 INFO: EPOCH 159 (68.31 seconds):
2017-05-03 09:41:02,737 INFO: 	Average L2 norm of relation vector: 0.07526
2017-05-03 09:41:02,738 INFO: 	COST >> 0.044 +/- 0.002, % updates Left: 3.06% Rel: 0.42% Right: 2.63%
2017-05-03 09:42:02,240 INFO: ----------------------------------------------------------------------------
2017-05-03 09:42:02,241 INFO: EPOCH 160 (59.502 seconds):
2017-05-03 09:42:02,243 INFO: 	Average L2 norm of relation vector: 0.07522
2017-05-03 09:42:02,244 INFO: 	COST >> 0.044 +/- 0.002, % updates Left: 3.11% Rel: 0.44% Right: 2.71%
2017-05-03 09:42:02,244 INFO: 	FilteredRanking: evaluating rank on 1000 triples
2017-05-03 09:43:44,621 INFO: 	FilteredRanking: evaluating rank on 1000 triples
2017-05-03 09:45:25,833 INFO: 	MEAN RANK >> valid: 87.5, train: 27.6
2017-05-03 09:45:25,834 INFO: 		MEAN RANK TRAIN: Left: 29.2 Rel: 2.1 Right: 26.0
2017-05-03 09:45:25,835 INFO: 		MEAN RANK VALID: Left: 102.4 Rel: 2.5 Right: 72.7
2017-05-03 09:45:25,835 INFO: 		MEAN RECIPROCAL RANK VALID (L & R): 0.2335
2017-05-03 09:45:25,835 WARNING: 	WARNING, failed to improve MRR on valid, 1 chances left

2017-05-03 09:45:25,902 INFO: 	(ranking took 203.658 seconds)
2017-05-03 09:46:26,185 INFO: ----------------------------------------------------------------------------
2017-05-03 09:46:26,185 INFO: EPOCH 161 (60.283 seconds):
2017-05-03 09:46:26,187 INFO: 	Average L2 norm of relation vector: 0.07519
2017-05-03 09:46:26,188 INFO: 	COST >> 0.044 +/- 0.002, % updates Left: 3.1% Rel: 0.44% Right: 2.68%
2017-05-03 09:47:25,089 INFO: ----------------------------------------------------------------------------
2017-05-03 09:47:25,089 INFO: EPOCH 162 (58.901 seconds):
2017-05-03 09:47:25,091 INFO: 	Average L2 norm of relation vector: 0.07515
2017-05-03 09:47:25,092 INFO: 	COST >> 0.044 +/- 0.002, % updates Left: 3.09% Rel: 0.43% Right: 2.67%
2017-05-03 09:48:24,718 INFO: ----------------------------------------------------------------------------
2017-05-03 09:48:24,718 INFO: EPOCH 163 (59.626 seconds):
2017-05-03 09:48:24,720 INFO: 	Average L2 norm of relation vector: 0.07512
2017-05-03 09:48:24,721 INFO: 	COST >> 0.044 +/- 0.002, % updates Left: 3.15% Rel: 0.46% Right: 2.65%
2017-05-03 09:49:24,451 INFO: ----------------------------------------------------------------------------
2017-05-03 09:49:24,451 INFO: EPOCH 164 (59.73 seconds):
2017-05-03 09:49:24,453 INFO: 	Average L2 norm of relation vector: 0.07509
2017-05-03 09:49:24,454 INFO: 	COST >> 0.044 +/- 0.002, % updates Left: 3.1% Rel: 0.45% Right: 2.65%
2017-05-03 09:50:25,582 INFO: ----------------------------------------------------------------------------
2017-05-03 09:50:25,582 INFO: EPOCH 165 (61.128 seconds):
2017-05-03 09:50:25,584 INFO: 	Average L2 norm of relation vector: 0.07506
2017-05-03 09:50:25,585 INFO: 	COST >> 0.044 +/- 0.002, % updates Left: 3.09% Rel: 0.44% Right: 2.66%
2017-05-03 09:51:24,581 INFO: ----------------------------------------------------------------------------
2017-05-03 09:51:24,581 INFO: EPOCH 166 (58.996 seconds):
2017-05-03 09:51:24,583 INFO: 	Average L2 norm of relation vector: 0.07503
2017-05-03 09:51:24,584 INFO: 	COST >> 0.044 +/- 0.002, % updates Left: 3.1% Rel: 0.45% Right: 2.62%
2017-05-03 09:52:27,540 INFO: ----------------------------------------------------------------------------
2017-05-03 09:52:27,540 INFO: EPOCH 167 (62.956 seconds):
2017-05-03 09:52:27,542 INFO: 	Average L2 norm of relation vector: 0.07499
2017-05-03 09:52:27,543 INFO: 	COST >> 0.044 +/- 0.002, % updates Left: 3.08% Rel: 0.43% Right: 2.69%
2017-05-03 09:53:26,069 INFO: ----------------------------------------------------------------------------
2017-05-03 09:53:26,069 INFO: EPOCH 168 (58.526 seconds):
2017-05-03 09:53:26,071 INFO: 	Average L2 norm of relation vector: 0.07494
2017-05-03 09:53:26,072 INFO: 	COST >> 0.043 +/- 0.002, % updates Left: 3.05% Rel: 0.43% Right: 2.6%
2017-05-03 09:54:25,045 INFO: ----------------------------------------------------------------------------
2017-05-03 09:54:25,046 INFO: EPOCH 169 (58.973 seconds):
2017-05-03 09:54:25,049 INFO: 	Average L2 norm of relation vector: 0.07491
2017-05-03 09:54:25,049 INFO: 	COST >> 0.044 +/- 0.002, % updates Left: 3.08% Rel: 0.45% Right: 2.65%
2017-05-03 09:55:24,515 INFO: ----------------------------------------------------------------------------
2017-05-03 09:55:24,516 INFO: EPOCH 170 (59.466 seconds):
2017-05-03 09:55:24,518 INFO: 	Average L2 norm of relation vector: 0.07486
2017-05-03 09:55:24,519 INFO: 	COST >> 0.044 +/- 0.002, % updates Left: 3.03% Rel: 0.43% Right: 2.65%
2017-05-03 09:55:24,519 INFO: 	FilteredRanking: evaluating rank on 1000 triples
2017-05-03 09:57:17,228 INFO: 	FilteredRanking: evaluating rank on 1000 triples
2017-05-03 09:59:24,627 INFO: 	MEAN RANK >> valid: 84.4, train: 27.1
2017-05-03 09:59:24,628 INFO: 		MEAN RANK TRAIN: Left: 28.2 Rel: 2.1 Right: 26.0
2017-05-03 09:59:24,629 INFO: 		MEAN RANK VALID: Left: 104.5 Rel: 2.5 Right: 64.4
2017-05-03 09:59:24,629 INFO: 		MEAN RECIPROCAL RANK VALID (L & R): 0.2465
2017-05-03 09:59:24,629 INFO: 	FilteredRanking: evaluating rank on 1000 triples
2017-05-03 10:01:10,048 INFO: 	NEW BEST TEST MR: 77.0
2017-05-03 10:01:10,049 INFO: 		Left MR: 81.9 Rel MR: 2.8 Right MR: 72.2
2017-05-03 10:01:10,351 INFO: 	(ranking took 345.832 seconds)
2017-05-03 10:02:44,269 INFO: ----------------------------------------------------------------------------
2017-05-03 10:02:44,270 INFO: EPOCH 171 (93.918 seconds):
2017-05-03 10:02:44,272 INFO: 	Average L2 norm of relation vector: 0.07482
2017-05-03 10:02:44,273 INFO: 	COST >> 0.043 +/- 0.002, % updates Left: 3.06% Rel: 0.43% Right: 2.58%
2017-05-03 10:04:36,918 INFO: ----------------------------------------------------------------------------
2017-05-03 10:04:36,918 INFO: EPOCH 172 (112.645 seconds):
2017-05-03 10:04:36,921 INFO: 	Average L2 norm of relation vector: 0.07479
2017-05-03 10:04:36,922 INFO: 	COST >> 0.043 +/- 0.002, % updates Left: 3.09% Rel: 0.43% Right: 2.63%
2017-05-03 10:06:44,483 INFO: ----------------------------------------------------------------------------
2017-05-03 10:06:44,484 INFO: EPOCH 173 (127.563 seconds):
2017-05-03 10:06:44,489 INFO: 	Average L2 norm of relation vector: 0.07476
2017-05-03 10:06:44,491 INFO: 	COST >> 0.043 +/- 0.002, % updates Left: 3.07% Rel: 0.45% Right: 2.62%
2017-05-03 10:08:41,449 INFO: ----------------------------------------------------------------------------
2017-05-03 10:08:41,450 INFO: EPOCH 174 (116.959 seconds):
2017-05-03 10:08:41,453 INFO: 	Average L2 norm of relation vector: 0.07473
2017-05-03 10:08:41,454 INFO: 	COST >> 0.043 +/- 0.002, % updates Left: 3.06% Rel: 0.44% Right: 2.61%
2017-05-03 10:10:33,400 INFO: ----------------------------------------------------------------------------
2017-05-03 10:10:33,401 INFO: EPOCH 175 (111.946 seconds):
2017-05-03 10:10:33,404 INFO: 	Average L2 norm of relation vector: 0.0747
2017-05-03 10:10:33,405 INFO: 	COST >> 0.044 +/- 0.002, % updates Left: 3.09% Rel: 0.43% Right: 2.62%
2017-05-03 10:12:27,077 INFO: ----------------------------------------------------------------------------
2017-05-03 10:12:27,078 INFO: EPOCH 176 (113.672 seconds):
2017-05-03 10:12:27,085 INFO: 	Average L2 norm of relation vector: 0.07465
2017-05-03 10:12:27,087 INFO: 	COST >> 0.043 +/- 0.002, % updates Left: 3.02% Rel: 0.44% Right: 2.64%
2017-05-03 10:13:40,636 INFO: ----------------------------------------------------------------------------
2017-05-03 10:13:40,637 INFO: EPOCH 177 (73.549 seconds):
2017-05-03 10:13:40,639 INFO: 	Average L2 norm of relation vector: 0.07461
2017-05-03 10:13:40,640 INFO: 	COST >> 0.043 +/- 0.002, % updates Left: 3.03% Rel: 0.43% Right: 2.61%
2017-05-03 10:14:57,176 INFO: ----------------------------------------------------------------------------
2017-05-03 10:14:57,176 INFO: EPOCH 178 (76.537 seconds):
2017-05-03 10:14:57,179 INFO: 	Average L2 norm of relation vector: 0.07458
2017-05-03 10:14:57,180 INFO: 	COST >> 0.043 +/- 0.002, % updates Left: 3.05% Rel: 0.44% Right: 2.61%
2017-05-03 10:15:56,757 INFO: ----------------------------------------------------------------------------
2017-05-03 10:15:56,758 INFO: EPOCH 179 (59.578 seconds):
2017-05-03 10:15:56,760 INFO: 	Average L2 norm of relation vector: 0.07455
2017-05-03 10:15:56,761 INFO: 	COST >> 0.043 +/- 0.002, % updates Left: 3.04% Rel: 0.45% Right: 2.61%
2017-05-03 10:16:55,784 INFO: ----------------------------------------------------------------------------
2017-05-03 10:16:55,784 INFO: EPOCH 180 (59.023 seconds):
2017-05-03 10:16:55,786 INFO: 	Average L2 norm of relation vector: 0.07451
2017-05-03 10:16:55,787 INFO: 	COST >> 0.043 +/- 0.002, % updates Left: 3.05% Rel: 0.44% Right: 2.61%
2017-05-03 10:16:55,787 INFO: 	FilteredRanking: evaluating rank on 1000 triples
2017-05-03 10:19:12,917 INFO: 	FilteredRanking: evaluating rank on 1000 triples
2017-05-03 10:21:21,373 INFO: 	MEAN RANK >> valid: 83.2, train: 25.0
2017-05-03 10:21:21,374 INFO: 		MEAN RANK TRAIN: Left: 28.0 Rel: 2.0 Right: 22.1
2017-05-03 10:21:21,375 INFO: 		MEAN RANK VALID: Left: 104.0 Rel: 2.4 Right: 62.4
2017-05-03 10:21:21,375 INFO: 		MEAN RECIPROCAL RANK VALID (L & R): 0.2515
2017-05-03 10:21:21,375 INFO: 	FilteredRanking: evaluating rank on 1000 triples
2017-05-03 10:23:09,490 INFO: 	NEW BEST TEST MR: 74.4
2017-05-03 10:23:09,491 INFO: 		Left MR: 76.5 Rel MR: 2.8 Right MR: 72.2
2017-05-03 10:23:09,597 INFO: 	(ranking took 373.809 seconds)
2017-05-03 10:24:17,303 INFO: ----------------------------------------------------------------------------
2017-05-03 10:24:17,304 INFO: EPOCH 181 (67.706 seconds):
2017-05-03 10:24:17,307 INFO: 	Average L2 norm of relation vector: 0.07448
2017-05-03 10:24:17,308 INFO: 	COST >> 0.043 +/- 0.002, % updates Left: 3.02% Rel: 0.44% Right: 2.6%
2017-05-03 10:25:21,934 INFO: ----------------------------------------------------------------------------
2017-05-03 10:25:21,934 INFO: EPOCH 182 (64.626 seconds):
2017-05-03 10:25:21,936 INFO: 	Average L2 norm of relation vector: 0.07446
2017-05-03 10:25:21,937 INFO: 	COST >> 0.043 +/- 0.002, % updates Left: 3.05% Rel: 0.43% Right: 2.6%
2017-05-03 10:26:21,158 INFO: ----------------------------------------------------------------------------
2017-05-03 10:26:21,158 INFO: EPOCH 183 (59.221 seconds):
2017-05-03 10:26:21,160 INFO: 	Average L2 norm of relation vector: 0.07443
2017-05-03 10:26:21,161 INFO: 	COST >> 0.043 +/- 0.002, % updates Left: 3.06% Rel: 0.43% Right: 2.64%
2017-05-03 10:27:21,460 INFO: ----------------------------------------------------------------------------
2017-05-03 10:27:21,461 INFO: EPOCH 184 (60.299 seconds):
2017-05-03 10:27:21,463 INFO: 	Average L2 norm of relation vector: 0.07439
2017-05-03 10:27:21,464 INFO: 	COST >> 0.043 +/- 0.002, % updates Left: 3.03% Rel: 0.44% Right: 2.6%
2017-05-03 10:28:21,001 INFO: ----------------------------------------------------------------------------
2017-05-03 10:28:21,002 INFO: EPOCH 185 (59.538 seconds):
2017-05-03 10:28:21,004 INFO: 	Average L2 norm of relation vector: 0.07437
2017-05-03 10:28:21,005 INFO: 	COST >> 0.043 +/- 0.002, % updates Left: 3.03% Rel: 0.44% Right: 2.61%
2017-05-03 10:29:21,645 INFO: ----------------------------------------------------------------------------
2017-05-03 10:29:21,967 INFO: EPOCH 186 (60.962 seconds):
2017-05-03 10:29:21,970 INFO: 	Average L2 norm of relation vector: 0.07433
2017-05-03 10:29:21,971 INFO: 	COST >> 0.043 +/- 0.002, % updates Left: 2.98% Rel: 0.44% Right: 2.61%
2017-05-03 10:30:19,874 INFO: ----------------------------------------------------------------------------
2017-05-03 10:30:19,874 INFO: EPOCH 187 (57.903 seconds):
2017-05-03 10:30:19,877 INFO: 	Average L2 norm of relation vector: 0.0743
2017-05-03 10:30:19,877 INFO: 	COST >> 0.043 +/- 0.002, % updates Left: 3.03% Rel: 0.44% Right: 2.58%
2017-05-03 10:31:20,182 INFO: ----------------------------------------------------------------------------
2017-05-03 10:31:20,183 INFO: EPOCH 188 (60.305 seconds):
2017-05-03 10:31:20,185 INFO: 	Average L2 norm of relation vector: 0.07427
2017-05-03 10:31:20,186 INFO: 	COST >> 0.043 +/- 0.002, % updates Left: 2.99% Rel: 0.44% Right: 2.6%
2017-05-03 10:32:22,748 INFO: ----------------------------------------------------------------------------
2017-05-03 10:32:22,749 INFO: EPOCH 189 (62.563 seconds):
2017-05-03 10:32:22,751 INFO: 	Average L2 norm of relation vector: 0.07423
2017-05-03 10:32:22,752 INFO: 	COST >> 0.043 +/- 0.002, % updates Left: 3.01% Rel: 0.44% Right: 2.57%
2017-05-03 10:33:27,876 INFO: ----------------------------------------------------------------------------
2017-05-03 10:33:27,877 INFO: EPOCH 190 (65.125 seconds):
2017-05-03 10:33:27,880 INFO: 	Average L2 norm of relation vector: 0.07419
2017-05-03 10:33:27,882 INFO: 	COST >> 0.043 +/- 0.002, % updates Left: 2.97% Rel: 0.44% Right: 2.62%
2017-05-03 10:33:27,882 INFO: 	FilteredRanking: evaluating rank on 1000 triples
2017-05-03 10:35:08,756 INFO: 	FilteredRanking: evaluating rank on 1000 triples
2017-05-03 10:36:49,975 INFO: 	MEAN RANK >> valid: 82.9, train: 25.1
2017-05-03 10:36:49,976 INFO: 		MEAN RANK TRAIN: Left: 27.0 Rel: 2.1 Right: 23.2
2017-05-03 10:36:49,977 INFO: 		MEAN RANK VALID: Left: 101.0 Rel: 2.4 Right: 64.7
2017-05-03 10:36:49,977 INFO: 		MEAN RECIPROCAL RANK VALID (L & R): 0.251
2017-05-03 10:36:49,978 WARNING: 	WARNING, failed to improve MRR on valid, 2 chances left

2017-05-03 10:36:50,046 INFO: 	(ranking took 202.164 seconds)
2017-05-03 10:37:49,975 INFO: ----------------------------------------------------------------------------
2017-05-03 10:37:49,976 INFO: EPOCH 191 (59.929 seconds):
2017-05-03 10:37:49,978 INFO: 	Average L2 norm of relation vector: 0.07416
2017-05-03 10:37:49,979 INFO: 	COST >> 0.043 +/- 0.002, % updates Left: 3.03% Rel: 0.44% Right: 2.58%
2017-05-03 10:38:49,980 INFO: ----------------------------------------------------------------------------
2017-05-03 10:38:49,980 INFO: EPOCH 192 (60.001 seconds):
2017-05-03 10:38:49,983 INFO: 	Average L2 norm of relation vector: 0.07413
2017-05-03 10:38:49,984 INFO: 	COST >> 0.043 +/- 0.002, % updates Left: 3.04% Rel: 0.43% Right: 2.61%
2017-05-03 10:39:49,283 INFO: ----------------------------------------------------------------------------
2017-05-03 10:39:49,284 INFO: EPOCH 193 (59.3 seconds):
2017-05-03 10:39:49,286 INFO: 	Average L2 norm of relation vector: 0.0741
2017-05-03 10:39:49,287 INFO: 	COST >> 0.042 +/- 0.002, % updates Left: 3.05% Rel: 0.43% Right: 2.52%
2017-05-03 10:40:53,007 INFO: ----------------------------------------------------------------------------
2017-05-03 10:40:53,008 INFO: EPOCH 194 (63.721 seconds):
2017-05-03 10:40:53,010 INFO: 	Average L2 norm of relation vector: 0.07407
2017-05-03 10:40:53,011 INFO: 	COST >> 0.043 +/- 0.002, % updates Left: 2.98% Rel: 0.44% Right: 2.6%
2017-05-03 10:41:53,063 INFO: ----------------------------------------------------------------------------
2017-05-03 10:41:53,064 INFO: EPOCH 195 (60.052 seconds):
2017-05-03 10:41:53,066 INFO: 	Average L2 norm of relation vector: 0.07403
2017-05-03 10:41:53,067 INFO: 	COST >> 0.043 +/- 0.002, % updates Left: 3.01% Rel: 0.44% Right: 2.55%
2017-05-03 10:42:52,128 INFO: ----------------------------------------------------------------------------
2017-05-03 10:42:52,128 INFO: EPOCH 196 (59.061 seconds):
2017-05-03 10:42:52,130 INFO: 	Average L2 norm of relation vector: 0.07402
2017-05-03 10:42:52,131 INFO: 	COST >> 0.042 +/- 0.002, % updates Left: 3.04% Rel: 0.43% Right: 2.59%
2017-05-03 10:43:52,790 INFO: ----------------------------------------------------------------------------
2017-05-03 10:43:52,790 INFO: EPOCH 197 (60.659 seconds):
2017-05-03 10:43:52,793 INFO: 	Average L2 norm of relation vector: 0.07399
2017-05-03 10:43:52,794 INFO: 	COST >> 0.043 +/- 0.002, % updates Left: 3.04% Rel: 0.43% Right: 2.57%
2017-05-03 10:44:52,263 INFO: ----------------------------------------------------------------------------
2017-05-03 10:44:52,264 INFO: EPOCH 198 (59.469 seconds):
2017-05-03 10:44:52,266 INFO: 	Average L2 norm of relation vector: 0.07395
2017-05-03 10:44:52,267 INFO: 	COST >> 0.042 +/- 0.002, % updates Left: 2.95% Rel: 0.44% Right: 2.55%
2017-05-03 10:45:51,021 INFO: ----------------------------------------------------------------------------
2017-05-03 10:45:51,022 INFO: EPOCH 199 (58.755 seconds):
2017-05-03 10:45:51,024 INFO: 	Average L2 norm of relation vector: 0.07392
2017-05-03 10:45:51,025 INFO: 	COST >> 0.042 +/- 0.002, % updates Left: 2.99% Rel: 0.44% Right: 2.56%
2017-05-03 10:46:53,988 INFO: ----------------------------------------------------------------------------
2017-05-03 10:46:53,989 INFO: EPOCH 200 (62.963 seconds):
2017-05-03 10:46:53,991 INFO: 	Average L2 norm of relation vector: 0.07389
2017-05-03 10:46:53,992 INFO: 	COST >> 0.042 +/- 0.002, % updates Left: 2.99% Rel: 0.44% Right: 2.56%
2017-05-03 10:46:53,992 INFO: 	FilteredRanking: evaluating rank on 1000 triples
2017-05-03 10:48:32,821 INFO: 	FilteredRanking: evaluating rank on 1000 triples
2017-05-03 10:50:19,804 INFO: 	MEAN RANK >> valid: 80.4, train: 26.3
2017-05-03 10:50:19,805 INFO: 		MEAN RANK TRAIN: Left: 29.3 Rel: 2.0 Right: 23.3
2017-05-03 10:50:19,806 INFO: 		MEAN RANK VALID: Left: 98.2 Rel: 2.4 Right: 62.6
2017-05-03 10:50:19,806 INFO: 		MEAN RECIPROCAL RANK VALID (L & R): 0.243
2017-05-03 10:50:19,806 WARNING: 	WARNING, failed to improve MRR on valid, 1 chances left

2017-05-03 10:50:19,873 INFO: 	(ranking took 205.881 seconds)
2017-05-03 10:51:26,877 INFO: ----------------------------------------------------------------------------
2017-05-03 10:51:26,878 INFO: EPOCH 201 (67.004 seconds):
2017-05-03 10:51:26,880 INFO: 	Average L2 norm of relation vector: 0.07387
2017-05-03 10:51:26,881 INFO: 	COST >> 0.042 +/- 0.002, % updates Left: 3.0% Rel: 0.43% Right: 2.56%
2017-05-03 10:52:30,094 INFO: ----------------------------------------------------------------------------
2017-05-03 10:52:30,095 INFO: EPOCH 202 (63.214 seconds):
2017-05-03 10:52:30,097 INFO: 	Average L2 norm of relation vector: 0.07383
2017-05-03 10:52:30,098 INFO: 	COST >> 0.042 +/- 0.002, % updates Left: 2.95% Rel: 0.45% Right: 2.54%
2017-05-03 10:53:30,736 INFO: ----------------------------------------------------------------------------
2017-05-03 10:53:30,737 INFO: EPOCH 203 (60.638 seconds):
2017-05-03 10:53:30,739 INFO: 	Average L2 norm of relation vector: 0.0738
2017-05-03 10:53:30,740 INFO: 	COST >> 0.042 +/- 0.002, % updates Left: 2.96% Rel: 0.42% Right: 2.57%
2017-05-03 10:54:33,116 INFO: ----------------------------------------------------------------------------
2017-05-03 10:54:33,117 INFO: EPOCH 204 (62.377 seconds):
2017-05-03 10:54:33,119 INFO: 	Average L2 norm of relation vector: 0.07377
2017-05-03 10:54:33,121 INFO: 	COST >> 0.042 +/- 0.002, % updates Left: 2.96% Rel: 0.44% Right: 2.54%
2017-05-03 10:55:35,059 INFO: ----------------------------------------------------------------------------
2017-05-03 10:55:35,060 INFO: EPOCH 205 (61.938 seconds):
2017-05-03 10:55:35,062 INFO: 	Average L2 norm of relation vector: 0.07374
2017-05-03 10:55:35,063 INFO: 	COST >> 0.042 +/- 0.002, % updates Left: 2.96% Rel: 0.44% Right: 2.56%
2017-05-03 10:56:36,405 INFO: ----------------------------------------------------------------------------
2017-05-03 10:56:36,405 INFO: EPOCH 206 (61.342 seconds):
2017-05-03 10:56:36,408 INFO: 	Average L2 norm of relation vector: 0.07371
2017-05-03 10:56:36,408 INFO: 	COST >> 0.042 +/- 0.002, % updates Left: 2.95% Rel: 0.43% Right: 2.55%
2017-05-03 10:57:34,844 INFO: ----------------------------------------------------------------------------
2017-05-03 10:57:34,845 INFO: EPOCH 207 (58.436 seconds):
2017-05-03 10:57:34,847 INFO: 	Average L2 norm of relation vector: 0.07368
2017-05-03 10:57:34,848 INFO: 	COST >> 0.042 +/- 0.002, % updates Left: 2.99% Rel: 0.43% Right: 2.53%
2017-05-03 10:58:34,689 INFO: ----------------------------------------------------------------------------
2017-05-03 10:58:34,690 INFO: EPOCH 208 (59.842 seconds):
2017-05-03 10:58:34,692 INFO: 	Average L2 norm of relation vector: 0.07365
2017-05-03 10:58:34,692 INFO: 	COST >> 0.042 +/- 0.002, % updates Left: 2.98% Rel: 0.44% Right: 2.55%
2017-05-03 10:59:34,903 INFO: ----------------------------------------------------------------------------
2017-05-03 10:59:34,904 INFO: EPOCH 209 (60.211 seconds):
2017-05-03 10:59:34,906 INFO: 	Average L2 norm of relation vector: 0.07362
2017-05-03 10:59:34,907 INFO: 	COST >> 0.042 +/- 0.002, % updates Left: 2.96% Rel: 0.42% Right: 2.54%
2017-05-03 11:00:35,021 INFO: ----------------------------------------------------------------------------
2017-05-03 11:00:35,022 INFO: EPOCH 210 (60.114 seconds):
2017-05-03 11:00:35,024 INFO: 	Average L2 norm of relation vector: 0.07359
2017-05-03 11:00:35,025 INFO: 	COST >> 0.042 +/- 0.002, % updates Left: 2.96% Rel: 0.46% Right: 2.53%
2017-05-03 11:00:35,025 INFO: 	FilteredRanking: evaluating rank on 1000 triples
2017-05-03 11:02:14,643 INFO: 	FilteredRanking: evaluating rank on 1000 triples
2017-05-03 11:03:55,118 INFO: 	MEAN RANK >> valid: 84.9, train: 24.4
2017-05-03 11:03:55,120 INFO: 		MEAN RANK TRAIN: Left: 25.8 Rel: 2.0 Right: 23.1
2017-05-03 11:03:55,120 INFO: 		MEAN RANK VALID: Left: 107.9 Rel: 2.4 Right: 62.0
2017-05-03 11:03:55,121 INFO: 		MEAN RECIPROCAL RANK VALID (L & R): 0.245
2017-05-03 11:03:55,121 WARNING: 	WARNING, failed to improve MRR on valid, 0 chances left

2017-05-03 11:03:55,186 INFO: 	(ranking took 200.161 seconds)
2017-05-03 11:05:06,665 INFO: ----------------------------------------------------------------------------
2017-05-03 11:05:06,666 INFO: EPOCH 211 (71.479 seconds):
2017-05-03 11:05:06,668 INFO: 	Average L2 norm of relation vector: 0.07356
2017-05-03 11:05:06,669 INFO: 	COST >> 0.042 +/- 0.002, % updates Left: 2.97% Rel: 0.43% Right: 2.58%
2017-05-03 11:06:08,631 INFO: ----------------------------------------------------------------------------
2017-05-03 11:06:08,631 INFO: EPOCH 212 (61.962 seconds):
2017-05-03 11:06:08,633 INFO: 	Average L2 norm of relation vector: 0.07354
2017-05-03 11:06:08,634 INFO: 	COST >> 0.041 +/- 0.002, % updates Left: 2.93% Rel: 0.43% Right: 2.54%
2017-05-03 11:07:11,700 INFO: ----------------------------------------------------------------------------
2017-05-03 11:07:11,701 INFO: EPOCH 213 (63.067 seconds):
2017-05-03 11:07:11,703 INFO: 	Average L2 norm of relation vector: 0.07351
2017-05-03 11:07:11,704 INFO: 	COST >> 0.041 +/- 0.002, % updates Left: 2.94% Rel: 0.43% Right: 2.51%
2017-05-03 11:08:11,243 INFO: ----------------------------------------------------------------------------
2017-05-03 11:08:11,244 INFO: EPOCH 214 (59.54 seconds):
2017-05-03 11:08:11,246 INFO: 	Average L2 norm of relation vector: 0.07348
2017-05-03 11:08:11,247 INFO: 	COST >> 0.041 +/- 0.002, % updates Left: 2.94% Rel: 0.45% Right: 2.53%
2017-05-03 11:09:11,325 INFO: ----------------------------------------------------------------------------
2017-05-03 11:09:11,326 INFO: EPOCH 215 (60.079 seconds):
2017-05-03 11:09:11,328 INFO: 	Average L2 norm of relation vector: 0.07347
2017-05-03 11:09:11,329 INFO: 	COST >> 0.041 +/- 0.002, % updates Left: 2.93% Rel: 0.43% Right: 2.52%
2017-05-03 11:10:11,224 INFO: ----------------------------------------------------------------------------
2017-05-03 11:10:11,225 INFO: EPOCH 216 (59.895 seconds):
2017-05-03 11:10:11,227 INFO: 	Average L2 norm of relation vector: 0.07344
2017-05-03 11:10:11,228 INFO: 	COST >> 0.042 +/- 0.002, % updates Left: 2.93% Rel: 0.43% Right: 2.55%
2017-05-03 11:11:10,611 INFO: ----------------------------------------------------------------------------
2017-05-03 11:11:10,612 INFO: EPOCH 217 (59.384 seconds):
2017-05-03 11:11:10,614 INFO: 	Average L2 norm of relation vector: 0.07341
2017-05-03 11:11:10,615 INFO: 	COST >> 0.041 +/- 0.002, % updates Left: 2.93% Rel: 0.43% Right: 2.54%
2017-05-03 11:12:12,348 INFO: ----------------------------------------------------------------------------
2017-05-03 11:12:12,348 INFO: EPOCH 218 (61.733 seconds):
2017-05-03 11:12:12,350 INFO: 	Average L2 norm of relation vector: 0.07339
2017-05-03 11:12:12,351 INFO: 	COST >> 0.041 +/- 0.002, % updates Left: 2.94% Rel: 0.43% Right: 2.52%
2017-05-03 11:13:11,515 INFO: ----------------------------------------------------------------------------
2017-05-03 11:13:11,516 INFO: EPOCH 219 (59.164 seconds):
2017-05-03 11:13:11,518 INFO: 	Average L2 norm of relation vector: 0.07337
2017-05-03 11:13:11,519 INFO: 	COST >> 0.041 +/- 0.002, % updates Left: 2.95% Rel: 0.44% Right: 2.52%
2017-05-03 11:14:10,260 INFO: ----------------------------------------------------------------------------
2017-05-03 11:14:10,261 INFO: EPOCH 220 (58.742 seconds):
2017-05-03 11:14:10,263 INFO: 	Average L2 norm of relation vector: 0.07334
2017-05-03 11:14:10,264 INFO: 	COST >> 0.041 +/- 0.002, % updates Left: 2.94% Rel: 0.43% Right: 2.49%
2017-05-03 11:14:10,264 INFO: 	FilteredRanking: evaluating rank on 1000 triples
2017-05-03 11:15:49,881 INFO: 	FilteredRanking: evaluating rank on 1000 triples
2017-05-03 11:17:30,671 INFO: 	MEAN RANK >> valid: 79.2, train: 24.9
2017-05-03 11:17:30,672 INFO: 		MEAN RANK TRAIN: Left: 27.7 Rel: 2.0 Right: 22.1
2017-05-03 11:17:30,703 INFO: 		MEAN RANK VALID: Left: 99.7 Rel: 2.4 Right: 58.7
2017-05-03 11:17:30,703 INFO: 		MEAN RECIPROCAL RANK VALID (L & R): 0.235
2017-05-03 11:17:30,703 WARNING: EARLY STOPPING, failed to improve MRR on valid after 30 epochs
2017-05-03 11:17:30,704 INFO: ----------------------------------------------------------------------------
2017-05-03 11:17:30,704 INFO: ----------------------------------------------------------------------------
2017-05-03 11:17:31,236 INFO: 	Ranking model on all examples from test. Each example ranked against 14951 other entities
2017-05-03 11:17:31,237 INFO: 	RELATION ranking: each rel ranked against 1345 other rels
2017-05-03 11:17:31,751 INFO: 	Ranking: evaluating rank on 59071 triples
2017-05-03 12:29:54,597 INFO: left_ranks: (59071,), right_ranks: (59071,), rel_ranks: (59071,)
2017-05-03 12:29:54,635 INFO: max left_ranks: 14907, max right_ranks: 14929, max rel_ranks: 720
2017-05-03 12:29:55,738 INFO: MICRO RAW:
2017-05-03 12:29:55,738 INFO: 	Left mean rank: 224.728, MRR: 0.192, median rank: 25.0, hits@10: 36.553%
2017-05-03 12:29:55,739 INFO: 	Right mean rank: 150.666, MRR: 0.248, median rank: 15.0, hits@10: 44.125%
2017-05-03 12:29:55,739 INFO: 	relation mean rank: 3.017, MRR: 0.75, median rank: 1.0, hits@10: 96.26%
2017-05-03 12:29:55,739 INFO: 	Global mean rank: 187.697, MRR: 0.22, median rank: 19.0, hits@10: 40.339%
2017-05-03 12:29:55,739 INFO: MACRO RAW
2017-05-03 12:29:55,739 INFO: 	Left mean rank: 120.334, MRR: 0.326, median rank: 9.0, hits@10: 55.392%
2017-05-03 12:29:55,739 INFO: 	Right mean rank: 114.462, MRR: 0.375, median rank: 6.0, hits@10: 61.686%
2017-05-03 12:29:55,739 INFO: 	relation mean rank: 32.604, MRR: 0.264, median rank: 31.505, hits@10: 53.449%
2017-05-03 12:29:55,740 INFO: 	Global mean rank: 117.398, MRR: 0.351, median rank: 8.0, hits@10: 58.539%
2017-05-03 12:29:55,760 INFO: Ranking model on all examples from test. Each example ranked against 14951 other entities which are FILTERED
2017-05-03 12:29:55,760 INFO: RELATION ranking: each rel ranked against 1345 other rels
2017-05-03 12:29:57,145 INFO: 	FilteredRanking: evaluating rank on 59071 triples
2017-05-03 14:11:36,268 INFO: MICRO FILTERED:
2017-05-03 14:11:36,268 INFO: 	Left mean rank: 95.02057, MRR: 0.33431, median rank: 8.0, hits@10: 54.348%
2017-05-03 14:11:36,268 INFO: 	Right mean rank: 71.16054, MRR: 0.37174, median rank: 6.0, hits@10: 59.217%
2017-05-03 14:11:36,269 INFO: 	relation mean rank: 2.696, MRR: 0.831, median rank: 1.0, hits@10: 96.572%
2017-05-03 14:11:36,269 INFO: 	Global mean rank: 83.09055, MRR: 0.35303, median rank: 7.0, hits@10: 56.783%
2017-05-03 14:11:36,269 INFO: MACRO FILTERED
2017-05-03 14:11:36,269 INFO: 	Left mean rank: 91.7021, MRR: 0.45197, median rank: 4.0, hits@10: 66.461%
2017-05-03 14:11:36,269 INFO: 	Right mean rank: 100.96853, MRR: 0.47952, median rank: 3.5, hits@10: 69.099%
2017-05-03 14:11:36,269 INFO: 	relation mean rank: 31.988, MRR: 0.313, median rank: 30.865, hits@10: 55.384%
2017-05-03 14:11:36,269 INFO: 	Global mean rank: 96.33531, MRR: 0.46574, median rank: 4.5, hits@10: 67.78%
