2017-04-12 21:25:14,310 INFO: logger initialized for experiment identifier: ModelE_Sum_ndim_100_marg_0.5_lrate_0.01_cost_margincost_pos_high_reg_0.01_REL
2017-04-12 21:25:14,311 INFO: identifier: ModelE_Sum_ndim_100_marg_0.5_lrate_0.01_cost_margincost_pos_high_reg_0.01_REL
2017-04-12 21:25:14,311 INFO: models saved to path: /Users/corbinrosset/Dropbox/Arora/QA-code/src/KBC_Text/outputs/FB15k_ModelE/
2017-04-12 21:25:14,311 INFO: DD{'ndim': 100, 'test_all': 10, 'Nsyn_rel': 1345, 'totepochs': 500, 'bestvalidMRR': -1, 'loadmodel': False, 'lremb': 0.01, 'nvalid': 1000, 'seed': 123, 'marge': 0.5, 'margincostfunction': 'margincost_pos_high', 'simfn': 'Sum', 'savepath': '/Users/corbinrosset/Dropbox/Arora/QA-code/src/KBC_Text/outputs/FB15k_ModelE/ModelE_Sum_ndim_100_marg_0.5_lrate_0.01_cost_margincost_pos_high_reg_0.01_REL', 'dataset': 'FB15k', 'nbatches': 100, 'identifier': 'ModelE_Sum_ndim_100_marg_0.5_lrate_0.01_cost_margincost_pos_high_reg_0.01_REL', 'lrparam': 0.01, 'loademb': False, 'datapath': '/Users/corbinrosset/Dropbox/Arora/QA-code/src/KBC_Text/data/', 'ntrain': 1000, 'Nrel': 1345, 'experiment_type': 'FB15kexp', 'rel': True, 'Nent': 16296, 'logger': <logging.RootLogger object at 0x105724e50>, 'ntest': 1000, 'Nsyn': 14951, 'reg': 0.01, 'op': 'ModelE'}
2017-04-12 21:25:16,204 INFO: loaded FB15k data in: 1.855796 seconds
2017-04-12 21:25:16,207 DEBUG: FB15kexp: load_FB15k_data(): trainl(16296, 483142), trainr(16296, 483142), traino(1345, 483142), trainlidx(1000,)
2017-04-12 21:25:19,706 DEBUG: Training to rank RELATIONS as well!
2017-04-12 21:25:19,706 DEBUG: loaded data and constructed model...
2017-04-12 21:25:19,706 DEBUG: num epochs: 500
2017-04-12 21:25:19,706 DEBUG: num batches per epoch: 100
2017-04-12 21:25:19,707 DEBUG: batchsize: 4831
2017-04-12 21:25:19,707 DEBUG: left and right entity ranking functions will rank a slot against 14951 competitors
2017-04-12 21:25:19,707 INFO: BEGIN TRAINING
2017-04-12 21:25:47,592 INFO: ----------------------------------------------------------------------------
2017-04-12 21:25:47,592 INFO: EPOCH 1 (27.885 seconds):
2017-04-12 21:25:47,610 INFO: 	Average L2 norm of relation vector: 0.03364
2017-04-12 21:25:47,611 INFO: 	COST >> 0.45 +/- 0.302, % updates Left: 50.34% Rel: 21.72% Right: 43.57%
2017-04-12 21:26:17,703 INFO: ----------------------------------------------------------------------------
2017-04-12 21:26:17,704 INFO: EPOCH 2 (30.092 seconds):
2017-04-12 21:26:17,705 INFO: 	Average L2 norm of relation vector: 0.03622
2017-04-12 21:26:17,706 INFO: 	COST >> 0.129 +/- 0.015, % updates Left: 19.47% Rel: 2.47% Right: 16.18%
2017-04-12 21:26:49,679 INFO: ----------------------------------------------------------------------------
2017-04-12 21:26:49,679 INFO: EPOCH 3 (31.972 seconds):
2017-04-12 21:26:49,680 INFO: 	Average L2 norm of relation vector: 0.03759
2017-04-12 21:26:49,680 INFO: 	COST >> 0.093 +/- 0.005, % updates Left: 13.36% Rel: 1.12% Right: 11.48%
2017-04-12 21:27:22,719 INFO: ----------------------------------------------------------------------------
2017-04-12 21:27:22,720 INFO: EPOCH 4 (33.039 seconds):
2017-04-12 21:27:22,720 INFO: 	Average L2 norm of relation vector: 0.03849
2017-04-12 21:27:22,721 INFO: 	COST >> 0.079 +/- 0.003, % updates Left: 10.99% Rel: 0.7% Right: 9.45%
2017-04-12 21:27:54,810 INFO: ----------------------------------------------------------------------------
2017-04-12 21:27:54,810 INFO: EPOCH 5 (32.089 seconds):
2017-04-12 21:27:54,812 INFO: 	Average L2 norm of relation vector: 0.03911
2017-04-12 21:27:54,812 INFO: 	COST >> 0.071 +/- 0.003, % updates Left: 9.54% Rel: 0.5% Right: 8.27%
2017-04-12 21:28:26,159 INFO: ----------------------------------------------------------------------------
2017-04-12 21:28:26,160 INFO: EPOCH 6 (31.347 seconds):
2017-04-12 21:28:26,161 INFO: 	Average L2 norm of relation vector: 0.03957
2017-04-12 21:28:26,162 INFO: 	COST >> 0.067 +/- 0.003, % updates Left: 8.67% Rel: 0.39% Right: 7.54%
2017-04-12 21:28:57,911 INFO: ----------------------------------------------------------------------------
2017-04-12 21:28:57,911 INFO: EPOCH 7 (31.748 seconds):
2017-04-12 21:28:57,912 INFO: 	Average L2 norm of relation vector: 0.0399
2017-04-12 21:28:57,913 INFO: 	COST >> 0.064 +/- 0.003, % updates Left: 8.06% Rel: 0.32% Right: 7.06%
2017-04-12 21:29:29,710 INFO: ----------------------------------------------------------------------------
2017-04-12 21:29:29,711 INFO: EPOCH 8 (31.798 seconds):
2017-04-12 21:29:29,711 INFO: 	Average L2 norm of relation vector: 0.04015
2017-04-12 21:29:29,712 INFO: 	COST >> 0.061 +/- 0.003, % updates Left: 7.57% Rel: 0.26% Right: 6.67%
2017-04-12 21:30:01,373 INFO: ----------------------------------------------------------------------------
2017-04-12 21:30:01,374 INFO: EPOCH 9 (31.662 seconds):
2017-04-12 21:30:01,375 INFO: 	Average L2 norm of relation vector: 0.04032
2017-04-12 21:30:01,376 INFO: 	COST >> 0.059 +/- 0.003, % updates Left: 7.24% Rel: 0.22% Right: 6.38%
2017-04-12 21:30:33,332 INFO: ----------------------------------------------------------------------------
2017-04-12 21:30:33,332 INFO: EPOCH 10 (31.956 seconds):
2017-04-12 21:30:33,333 INFO: 	Average L2 norm of relation vector: 0.04047
2017-04-12 21:30:33,334 INFO: 	COST >> 0.058 +/- 0.003, % updates Left: 7.06% Rel: 0.19% Right: 6.11%
2017-04-12 21:30:33,334 INFO: 	FilteredRanking: evaluating rank on 1000 triples
2017-04-12 21:31:24,333 INFO: 	FilteredRanking: evaluating rank on 1000 triples
2017-04-12 21:32:17,363 INFO: 	MEAN RANK >> valid: 380.3, train: 301.6
2017-04-12 21:32:17,364 INFO: 		MEAN RANK TRAIN: Left: 312.7 Rel: 1.4 Right: 290.5
2017-04-12 21:32:17,364 INFO: 		MEAN RANK VALID: Left: 390.2 Rel: 1.5 Right: 370.4
2017-04-12 21:32:17,364 INFO: 		MEAN RECIPROCAL RANK VALID (L & R): 0.1215
2017-04-12 21:32:17,365 INFO: 	FilteredRanking: evaluating rank on 1000 triples
2017-04-12 21:33:03,426 INFO: 	NEW BEST TEST MR: 374.8
2017-04-12 21:33:03,427 INFO: 		Left MR: 396.7 Rel MR: 2.2 Right MR: 352.9
2017-04-12 21:33:03,499 INFO: 	(ranking took 150.166 seconds)
2017-04-12 21:33:40,617 INFO: ----------------------------------------------------------------------------
2017-04-12 21:33:40,617 INFO: EPOCH 11 (37.117 seconds):
2017-04-12 21:33:40,618 INFO: 	Average L2 norm of relation vector: 0.04059
2017-04-12 21:33:40,618 INFO: 	COST >> 0.056 +/- 0.003, % updates Left: 6.76% Rel: 0.18% Right: 5.87%
2017-04-12 21:34:15,932 INFO: ----------------------------------------------------------------------------
2017-04-12 21:34:15,933 INFO: EPOCH 12 (35.314 seconds):
2017-04-12 21:34:15,934 INFO: 	Average L2 norm of relation vector: 0.04066
2017-04-12 21:34:15,934 INFO: 	COST >> 0.056 +/- 0.003, % updates Left: 6.62% Rel: 0.17% Right: 5.76%
2017-04-12 21:34:54,318 INFO: ----------------------------------------------------------------------------
2017-04-12 21:34:54,318 INFO: EPOCH 13 (38.383 seconds):
2017-04-12 21:34:54,319 INFO: 	Average L2 norm of relation vector: 0.04071
2017-04-12 21:34:54,320 INFO: 	COST >> 0.055 +/- 0.003, % updates Left: 6.48% Rel: 0.14% Right: 5.61%
2017-04-12 21:35:30,841 INFO: ----------------------------------------------------------------------------
2017-04-12 21:35:30,841 INFO: EPOCH 14 (36.521 seconds):
2017-04-12 21:35:30,843 INFO: 	Average L2 norm of relation vector: 0.04074
2017-04-12 21:35:30,843 INFO: 	COST >> 0.054 +/- 0.003, % updates Left: 6.29% Rel: 0.14% Right: 5.51%
2017-04-12 21:36:08,357 INFO: ----------------------------------------------------------------------------
2017-04-12 21:36:08,358 INFO: EPOCH 15 (37.514 seconds):
2017-04-12 21:36:08,359 INFO: 	Average L2 norm of relation vector: 0.04075
2017-04-12 21:36:08,360 INFO: 	COST >> 0.053 +/- 0.003, % updates Left: 6.15% Rel: 0.14% Right: 5.39%
2017-04-12 21:36:45,817 INFO: ----------------------------------------------------------------------------
2017-04-12 21:36:45,817 INFO: EPOCH 16 (37.457 seconds):
2017-04-12 21:36:45,818 INFO: 	Average L2 norm of relation vector: 0.04073
2017-04-12 21:36:45,819 INFO: 	COST >> 0.053 +/- 0.002, % updates Left: 6.03% Rel: 0.13% Right: 5.32%
2017-04-12 21:37:20,811 INFO: ----------------------------------------------------------------------------
2017-04-12 21:37:20,811 INFO: EPOCH 17 (34.991 seconds):
2017-04-12 21:37:20,812 INFO: 	Average L2 norm of relation vector: 0.04071
2017-04-12 21:37:20,813 INFO: 	COST >> 0.052 +/- 0.003, % updates Left: 5.95% Rel: 0.13% Right: 5.21%
2017-04-12 21:37:55,184 INFO: ----------------------------------------------------------------------------
2017-04-12 21:37:55,184 INFO: EPOCH 18 (34.371 seconds):
2017-04-12 21:37:55,185 INFO: 	Average L2 norm of relation vector: 0.04068
2017-04-12 21:37:55,186 INFO: 	COST >> 0.052 +/- 0.002, % updates Left: 5.9% Rel: 0.13% Right: 5.09%
2017-04-12 21:38:29,360 INFO: ----------------------------------------------------------------------------
2017-04-12 21:38:29,360 INFO: EPOCH 19 (34.174 seconds):
2017-04-12 21:38:29,361 INFO: 	Average L2 norm of relation vector: 0.04064
2017-04-12 21:38:29,362 INFO: 	COST >> 0.052 +/- 0.002, % updates Left: 5.82% Rel: 0.11% Right: 5.11%
2017-04-12 21:39:03,471 INFO: ----------------------------------------------------------------------------
2017-04-12 21:39:03,471 INFO: EPOCH 20 (34.109 seconds):
2017-04-12 21:39:03,472 INFO: 	Average L2 norm of relation vector: 0.04059
2017-04-12 21:39:03,473 INFO: 	COST >> 0.051 +/- 0.003, % updates Left: 5.74% Rel: 0.11% Right: 5.01%
2017-04-12 21:39:03,474 INFO: 	FilteredRanking: evaluating rank on 1000 triples
2017-04-12 21:39:54,892 INFO: 	FilteredRanking: evaluating rank on 1000 triples
2017-04-12 21:40:44,363 INFO: 	MEAN RANK >> valid: 360.7, train: 282.2
2017-04-12 21:40:44,363 INFO: 		MEAN RANK TRAIN: Left: 292.3 Rel: 1.3 Right: 272.0
2017-04-12 21:40:44,364 INFO: 		MEAN RANK VALID: Left: 380.4 Rel: 1.5 Right: 340.9
2017-04-12 21:40:44,364 INFO: 		MEAN RECIPROCAL RANK VALID (L & R): 0.135
2017-04-12 21:40:44,364 INFO: 	FilteredRanking: evaluating rank on 1000 triples
2017-04-12 21:41:28,194 INFO: 	NEW BEST TEST MR: 347.6
2017-04-12 21:41:28,195 INFO: 		Left MR: 358.7 Rel MR: 1.7 Right MR: 336.4
2017-04-12 21:41:28,254 INFO: 	(ranking took 144.78 seconds)
2017-04-12 21:42:02,874 INFO: ----------------------------------------------------------------------------
2017-04-12 21:42:02,874 INFO: EPOCH 21 (34.62 seconds):
2017-04-12 21:42:02,875 INFO: 	Average L2 norm of relation vector: 0.04054
2017-04-12 21:42:02,876 INFO: 	COST >> 0.051 +/- 0.002, % updates Left: 5.7% Rel: 0.11% Right: 4.97%
2017-04-12 21:42:35,953 INFO: ----------------------------------------------------------------------------
2017-04-12 21:42:35,954 INFO: EPOCH 22 (33.078 seconds):
2017-04-12 21:42:35,954 INFO: 	Average L2 norm of relation vector: 0.04047
2017-04-12 21:42:35,955 INFO: 	COST >> 0.05 +/- 0.002, % updates Left: 5.6% Rel: 0.1% Right: 4.93%
2017-04-12 21:43:11,026 INFO: ----------------------------------------------------------------------------
2017-04-12 21:43:11,026 INFO: EPOCH 23 (35.072 seconds):
2017-04-12 21:43:11,028 INFO: 	Average L2 norm of relation vector: 0.04041
2017-04-12 21:43:11,029 INFO: 	COST >> 0.05 +/- 0.002, % updates Left: 5.55% Rel: 0.12% Right: 4.92%
2017-04-12 21:43:48,993 INFO: ----------------------------------------------------------------------------
2017-04-12 21:43:48,993 INFO: EPOCH 24 (37.964 seconds):
2017-04-12 21:43:48,995 INFO: 	Average L2 norm of relation vector: 0.04034
2017-04-12 21:43:48,996 INFO: 	COST >> 0.049 +/- 0.002, % updates Left: 5.51% Rel: 0.1% Right: 4.84%
2017-04-12 21:44:27,478 INFO: ----------------------------------------------------------------------------
2017-04-12 21:44:27,478 INFO: EPOCH 25 (38.482 seconds):
2017-04-12 21:44:27,479 INFO: 	Average L2 norm of relation vector: 0.04026
2017-04-12 21:44:27,480 INFO: 	COST >> 0.049 +/- 0.003, % updates Left: 5.45% Rel: 0.1% Right: 4.77%
2017-04-12 21:45:03,586 INFO: ----------------------------------------------------------------------------
2017-04-12 21:45:03,586 INFO: EPOCH 26 (36.106 seconds):
2017-04-12 21:45:03,588 INFO: 	Average L2 norm of relation vector: 0.04019
2017-04-12 21:45:03,589 INFO: 	COST >> 0.049 +/- 0.003, % updates Left: 5.39% Rel: 0.1% Right: 4.75%
2017-04-12 21:45:40,875 INFO: ----------------------------------------------------------------------------
2017-04-12 21:45:40,875 INFO: EPOCH 27 (37.286 seconds):
2017-04-12 21:45:40,876 INFO: 	Average L2 norm of relation vector: 0.0401
2017-04-12 21:45:40,877 INFO: 	COST >> 0.049 +/- 0.003, % updates Left: 5.33% Rel: 0.11% Right: 4.74%
2017-04-12 21:46:19,155 INFO: ----------------------------------------------------------------------------
2017-04-12 21:46:19,155 INFO: EPOCH 28 (38.278 seconds):
2017-04-12 21:46:19,157 INFO: 	Average L2 norm of relation vector: 0.04002
2017-04-12 21:46:19,158 INFO: 	COST >> 0.048 +/- 0.003, % updates Left: 5.29% Rel: 0.11% Right: 4.66%
2017-04-12 21:46:52,328 INFO: ----------------------------------------------------------------------------
2017-04-12 21:46:52,328 INFO: EPOCH 29 (33.171 seconds):
2017-04-12 21:46:52,329 INFO: 	Average L2 norm of relation vector: 0.03992
2017-04-12 21:46:52,330 INFO: 	COST >> 0.048 +/- 0.002, % updates Left: 5.27% Rel: 0.1% Right: 4.68%
2017-04-12 21:47:26,229 INFO: ----------------------------------------------------------------------------
2017-04-12 21:47:26,229 INFO: EPOCH 30 (33.899 seconds):
2017-04-12 21:47:26,230 INFO: 	Average L2 norm of relation vector: 0.03982
2017-04-12 21:47:26,230 INFO: 	COST >> 0.048 +/- 0.002, % updates Left: 5.31% Rel: 0.11% Right: 4.65%
2017-04-12 21:47:26,231 INFO: 	FilteredRanking: evaluating rank on 1000 triples
2017-04-12 21:48:21,314 INFO: 	FilteredRanking: evaluating rank on 1000 triples
2017-04-12 21:49:14,415 INFO: 	MEAN RANK >> valid: 351.2, train: 264.5
2017-04-12 21:49:14,416 INFO: 		MEAN RANK TRAIN: Left: 274.8 Rel: 1.2 Right: 254.3
2017-04-12 21:49:14,417 INFO: 		MEAN RANK VALID: Left: 360.6 Rel: 1.5 Right: 341.8
2017-04-12 21:49:14,417 INFO: 		MEAN RECIPROCAL RANK VALID (L & R): 0.139
2017-04-12 21:49:14,417 INFO: 	FilteredRanking: evaluating rank on 1000 triples
2017-04-12 21:50:06,858 INFO: 	NEW BEST TEST MR: 341.7
2017-04-12 21:50:06,859 INFO: 		Left MR: 357.1 Rel MR: 1.7 Right MR: 326.3
2017-04-12 21:50:06,923 INFO: 	(ranking took 160.692 seconds)
2017-04-12 21:50:46,470 INFO: ----------------------------------------------------------------------------
2017-04-12 21:50:46,470 INFO: EPOCH 31 (39.547 seconds):
2017-04-12 21:50:46,472 INFO: 	Average L2 norm of relation vector: 0.03975
2017-04-12 21:50:46,473 INFO: 	COST >> 0.047 +/- 0.002, % updates Left: 5.22% Rel: 0.1% Right: 4.58%
2017-04-12 21:51:32,917 INFO: ----------------------------------------------------------------------------
2017-04-12 21:51:32,917 INFO: EPOCH 32 (46.444 seconds):
2017-04-12 21:51:32,918 INFO: 	Average L2 norm of relation vector: 0.03965
2017-04-12 21:51:32,919 INFO: 	COST >> 0.047 +/- 0.003, % updates Left: 5.19% Rel: 0.09% Right: 4.57%
2017-04-12 21:52:19,890 INFO: ----------------------------------------------------------------------------
2017-04-12 21:52:19,890 INFO: EPOCH 33 (46.971 seconds):
2017-04-12 21:52:19,891 INFO: 	Average L2 norm of relation vector: 0.03955
2017-04-12 21:52:19,891 INFO: 	COST >> 0.047 +/- 0.002, % updates Left: 5.12% Rel: 0.1% Right: 4.56%
2017-04-12 21:53:02,688 INFO: ----------------------------------------------------------------------------
2017-04-12 21:53:02,688 INFO: EPOCH 34 (42.796 seconds):
2017-04-12 21:53:02,689 INFO: 	Average L2 norm of relation vector: 0.03947
2017-04-12 21:53:02,690 INFO: 	COST >> 0.047 +/- 0.002, % updates Left: 5.18% Rel: 0.1% Right: 4.55%
2017-04-12 21:53:44,647 INFO: ----------------------------------------------------------------------------
2017-04-12 21:53:44,647 INFO: EPOCH 35 (41.957 seconds):
2017-04-12 21:53:44,648 INFO: 	Average L2 norm of relation vector: 0.03936
2017-04-12 21:53:44,648 INFO: 	COST >> 0.046 +/- 0.003, % updates Left: 5.08% Rel: 0.1% Right: 4.48%
2017-04-12 21:54:27,906 INFO: ----------------------------------------------------------------------------
2017-04-12 21:54:27,907 INFO: EPOCH 36 (43.258 seconds):
2017-04-12 21:54:27,908 INFO: 	Average L2 norm of relation vector: 0.03926
2017-04-12 21:54:27,909 INFO: 	COST >> 0.047 +/- 0.002, % updates Left: 5.09% Rel: 0.1% Right: 4.48%
2017-04-12 21:55:11,595 INFO: ----------------------------------------------------------------------------
2017-04-12 21:55:11,595 INFO: EPOCH 37 (43.686 seconds):
2017-04-12 21:55:11,596 INFO: 	Average L2 norm of relation vector: 0.03916
2017-04-12 21:55:11,597 INFO: 	COST >> 0.046 +/- 0.002, % updates Left: 5.07% Rel: 0.09% Right: 4.48%
2017-04-12 21:55:52,954 INFO: ----------------------------------------------------------------------------
2017-04-12 21:55:52,955 INFO: EPOCH 38 (41.357 seconds):
2017-04-12 21:55:52,956 INFO: 	Average L2 norm of relation vector: 0.03905
2017-04-12 21:55:52,956 INFO: 	COST >> 0.046 +/- 0.002, % updates Left: 5.11% Rel: 0.09% Right: 4.45%
2017-04-12 21:56:33,968 INFO: ----------------------------------------------------------------------------
2017-04-12 21:56:33,968 INFO: EPOCH 39 (41.011 seconds):
2017-04-12 21:56:33,969 INFO: 	Average L2 norm of relation vector: 0.03895
2017-04-12 21:56:33,970 INFO: 	COST >> 0.046 +/- 0.002, % updates Left: 5.01% Rel: 0.1% Right: 4.47%
