2017-04-09 00:41:01,650 INFO: logger initialized for experiment identifier: STransE_L1_ndim_50_marg_1.0_lrate_0.01_cost_margincost_reg_0.05
2017-04-09 00:41:01,650 INFO: identifier: STransE_L1_ndim_50_marg_1.0_lrate_0.01_cost_margincost_reg_0.05
2017-04-09 00:41:01,650 INFO: models saved to path: /Users/corbinrosset/Dropbox/Arora/QA-code/src/KBC_Text/outputs/FB15k_STransE/
2017-04-09 00:41:01,650 INFO: DD{'ndim': 50, 'test_all': 1, 'Nsyn_rel': 1345, 'totepochs': 500, 'bestvalidMRR': -1, 'loadmodel': False, 'lremb': 0.01, 'nvalid': 1000, 'seed': 123, 'marge': 1.0, 'margincostfunction': 'margincost', 'simfn': 'L1', 'savepath': '/Users/corbinrosset/Dropbox/Arora/QA-code/src/KBC_Text/outputs/FB15k_STransE/STransE_L1_ndim_50_marg_1.0_lrate_0.01_cost_margincost_reg_0.05', 'dataset': 'FB15k', 'nbatches': 100, 'identifier': 'STransE_L1_ndim_50_marg_1.0_lrate_0.01_cost_margincost_reg_0.05', 'lrparam': 0.01, 'loademb': False, 'datapath': '/Users/corbinrosset/Dropbox/Arora/QA-code/src/KBC_Text/data/', 'ntrain': 1000, 'Nrel': 1345, 'experiment_type': 'FB15kexp', 'rel': False, 'Nent': 16296, 'logger': <logging.RootLogger object at 0x10af86e50>, 'ntest': 1000, 'Nsyn': 14951, 'reg': 0.05, 'op': 'STransE'}
2017-04-09 00:41:03,693 INFO: loaded FB15k data in: 2.018662 seconds
2017-04-09 00:41:03,697 DEBUG: FB15kexp: load_FB15k_data(): trainl(16296, 483142), trainr(16296, 483142), traino(1345, 483142), trainlidx(1000,)
2017-04-09 00:41:09,483 DEBUG: loaded data and constructed model...
2017-04-09 00:41:09,483 DEBUG: num epochs: 500
2017-04-09 00:41:09,483 DEBUG: num batches per epoch: 100
2017-04-09 00:41:09,483 DEBUG: batchsize: 4831
2017-04-09 00:41:09,483 DEBUG: left and right entity ranking functions will rank a slot against 14951 competitors
2017-04-09 00:41:09,483 INFO: BEGIN TRAINING
2017-04-09 00:45:14,121 INFO: ----------------------------------------------------------------------------
2017-04-09 00:45:14,121 INFO: EPOCH 1 (244.638 seconds):
2017-04-09 00:45:14,792 INFO: 	Average L2 norm of relation vector: 0.10282
2017-04-09 00:45:14,793 INFO: 	COST >> 0.386 +/- 0.4, % updates Left: 31.31%  Right: 27.14%
2017-04-09 00:45:14,793 INFO: 	FilteredRanking: evaluating rank on 1000 triples
2017-04-09 00:47:22,465 INFO: logger initialized for experiment identifier: STransE_L1_ndim_50_marg_1.0_lrate_0.01_cost_margincost_reg_0.05
2017-04-09 00:47:22,465 INFO: identifier: STransE_L1_ndim_50_marg_1.0_lrate_0.01_cost_margincost_reg_0.05
2017-04-09 00:47:22,465 INFO: models saved to path: /Users/corbinrosset/Dropbox/Arora/QA-code/src/KBC_Text/outputs/FB15k_STransE/
2017-04-09 00:47:22,465 INFO: DD{'ndim': 50, 'test_all': 10, 'Nsyn_rel': 1345, 'totepochs': 500, 'bestvalidMRR': -1, 'loadmodel': False, 'lremb': 0.01, 'nvalid': 1000, 'seed': 123, 'marge': 1.0, 'margincostfunction': 'margincost', 'simfn': 'L1', 'savepath': '/Users/corbinrosset/Dropbox/Arora/QA-code/src/KBC_Text/outputs/FB15k_STransE/STransE_L1_ndim_50_marg_1.0_lrate_0.01_cost_margincost_reg_0.05', 'dataset': 'FB15k', 'nbatches': 100, 'identifier': 'STransE_L1_ndim_50_marg_1.0_lrate_0.01_cost_margincost_reg_0.05', 'lrparam': 0.01, 'loademb': False, 'datapath': '/Users/corbinrosset/Dropbox/Arora/QA-code/src/KBC_Text/data/', 'ntrain': 1000, 'Nrel': 1345, 'experiment_type': 'FB15kexp', 'rel': False, 'Nent': 16296, 'logger': <logging.RootLogger object at 0x106505e50>, 'ntest': 1000, 'Nsyn': 14951, 'reg': 0.05, 'op': 'STransE'}
2017-04-09 00:47:24,257 INFO: loaded FB15k data in: 1.78008 seconds
2017-04-09 00:47:24,259 DEBUG: FB15kexp: load_FB15k_data(): trainl(16296, 483142), trainr(16296, 483142), traino(1345, 483142), trainlidx(1000,)
2017-04-09 00:47:29,902 DEBUG: loaded data and constructed model...
2017-04-09 00:47:29,902 DEBUG: num epochs: 500
2017-04-09 00:47:29,902 DEBUG: num batches per epoch: 100
2017-04-09 00:47:29,902 DEBUG: batchsize: 4831
2017-04-09 00:47:29,903 DEBUG: left and right entity ranking functions will rank a slot against 14951 competitors
2017-04-09 00:47:29,903 INFO: BEGIN TRAINING
2017-04-09 00:51:37,443 INFO: ----------------------------------------------------------------------------
2017-04-09 00:51:37,444 INFO: EPOCH 1 (247.541 seconds):
2017-04-09 00:51:38,185 INFO: 	Average L2 norm of relation vector: 0.10282
2017-04-09 00:51:38,185 INFO: 	COST >> 0.386 +/- 0.4, % updates Left: 31.31%  Right: 27.14%
2017-04-09 00:55:39,730 INFO: ----------------------------------------------------------------------------
2017-04-09 00:55:39,730 INFO: EPOCH 2 (241.545 seconds):
2017-04-09 00:55:40,334 INFO: 	Average L2 norm of relation vector: 0.10399
2017-04-09 00:55:40,334 INFO: 	COST >> 0.029 +/- 0.003, % updates Left: 3.75%  Right: 3.12%
2017-04-09 00:59:16,723 INFO: ----------------------------------------------------------------------------
2017-04-09 00:59:16,723 INFO: EPOCH 3 (216.389 seconds):
2017-04-09 00:59:17,331 INFO: 	Average L2 norm of relation vector: 0.10451
2017-04-09 00:59:17,331 INFO: 	COST >> 0.013 +/- 0.001, % updates Left: 1.58%  Right: 1.2%
2017-04-09 01:03:10,547 INFO: ----------------------------------------------------------------------------
2017-04-09 01:03:10,547 INFO: EPOCH 4 (233.216 seconds):
2017-04-09 01:03:11,149 INFO: 	Average L2 norm of relation vector: 0.10481
2017-04-09 01:03:11,149 INFO: 	COST >> 0.009 +/- 0.001, % updates Left: 0.87%  Right: 0.69%
2017-04-09 01:07:00,022 INFO: ----------------------------------------------------------------------------
2017-04-09 01:07:00,022 INFO: EPOCH 5 (228.872 seconds):
2017-04-09 01:07:00,660 INFO: 	Average L2 norm of relation vector: 0.105
2017-04-09 01:07:00,660 INFO: 	COST >> 0.007 +/- 0.0, % updates Left: 0.56%  Right: 0.5%
2017-04-09 01:10:50,160 INFO: ----------------------------------------------------------------------------
2017-04-09 01:10:50,166 INFO: EPOCH 6 (229.506 seconds):
2017-04-09 01:10:50,803 INFO: 	Average L2 norm of relation vector: 0.10514
2017-04-09 01:10:50,803 INFO: 	COST >> 0.005 +/- 0.0, % updates Left: 0.41%  Right: 0.35%
2017-04-09 01:14:39,947 INFO: ----------------------------------------------------------------------------
2017-04-09 01:14:39,948 INFO: EPOCH 7 (229.144 seconds):
2017-04-09 01:14:40,594 INFO: 	Average L2 norm of relation vector: 0.10524
2017-04-09 01:14:40,595 INFO: 	COST >> 0.004 +/- 0.0, % updates Left: 0.32%  Right: 0.28%
2017-04-09 01:18:30,003 INFO: ----------------------------------------------------------------------------
2017-04-09 01:18:30,003 INFO: EPOCH 8 (229.408 seconds):
2017-04-09 01:18:30,637 INFO: 	Average L2 norm of relation vector: 0.10533
2017-04-09 01:18:30,638 INFO: 	COST >> 0.004 +/- 0.0, % updates Left: 0.26%  Right: 0.24%
2017-04-09 01:22:11,391 INFO: ----------------------------------------------------------------------------
2017-04-09 01:22:11,391 INFO: EPOCH 9 (220.753 seconds):
2017-04-09 01:22:11,992 INFO: 	Average L2 norm of relation vector: 0.1054
2017-04-09 01:22:11,993 INFO: 	COST >> 0.003 +/- 0.0, % updates Left: 0.22%  Right: 0.21%
2017-04-09 01:25:55,329 INFO: ----------------------------------------------------------------------------
2017-04-09 01:25:55,330 INFO: EPOCH 10 (223.337 seconds):
2017-04-09 01:25:55,933 INFO: 	Average L2 norm of relation vector: 0.10546
2017-04-09 01:25:55,934 INFO: 	COST >> 0.002 +/- 0.0, % updates Left: 0.19%  Right: 0.19%
2017-04-09 01:25:55,934 INFO: 	FilteredRanking: evaluating rank on 1000 triples
2017-04-09 01:42:14,718 INFO: 	FilteredRanking: evaluating rank on 1000 triples
2017-04-09 02:03:01,477 INFO: 	MEAN RANK >> valid: 1000.8, train: 630.2
2017-04-09 02:03:01,480 INFO: 		MEAN RANK TRAIN: Left: 685.0 Rel: 0.0 Right: 575.5
2017-04-09 02:03:01,481 INFO: 		MEAN RANK VALID: Left: 1129.4 Rel: 0.0 Right: 872.3
2017-04-09 02:03:01,482 INFO: 		MEAN RECIPROCAL RANK VALID (L & R): 0.011
2017-04-09 02:03:01,482 INFO: 	FilteredRanking: evaluating rank on 1000 triples
2017-04-09 02:23:46,222 INFO: 	NEW BEST TEST MR: 952.7
2017-04-09 02:23:46,225 INFO: 		Left MR: 967.1 Rel MR: 0.0 Right MR: 938.3
2017-04-09 02:23:49,230 INFO: 	(ranking took 3473.296 seconds)
2017-04-09 02:28:47,157 INFO: ----------------------------------------------------------------------------
2017-04-09 02:28:47,158 INFO: EPOCH 11 (297.928 seconds):
2017-04-09 02:28:47,951 INFO: 	Average L2 norm of relation vector: 0.10552
2017-04-09 02:28:47,952 INFO: 	COST >> 0.002 +/- 0.0, % updates Left: 0.17%  Right: 0.18%
2017-04-09 02:33:47,745 INFO: ----------------------------------------------------------------------------
2017-04-09 02:33:47,745 INFO: EPOCH 12 (299.793 seconds):
2017-04-09 02:33:48,581 INFO: 	Average L2 norm of relation vector: 0.10557
2017-04-09 02:33:48,582 INFO: 	COST >> 0.002 +/- 0.0, % updates Left: 0.16%  Right: 0.15%
2017-04-09 02:38:54,685 INFO: ----------------------------------------------------------------------------
2017-04-09 02:38:54,685 INFO: EPOCH 13 (306.103 seconds):
2017-04-09 02:38:55,779 INFO: 	Average L2 norm of relation vector: 0.10561
2017-04-09 02:38:55,780 INFO: 	COST >> 0.001 +/- 0.0, % updates Left: 0.14%  Right: 0.15%
2017-04-09 02:44:02,423 INFO: ----------------------------------------------------------------------------
2017-04-09 02:44:02,423 INFO: EPOCH 14 (306.643 seconds):
2017-04-09 02:44:03,312 INFO: 	Average L2 norm of relation vector: 0.10565
2017-04-09 02:44:03,313 INFO: 	COST >> 0.001 +/- 0.0, % updates Left: 0.12%  Right: 0.12%
2017-04-09 02:49:00,926 INFO: ----------------------------------------------------------------------------
2017-04-09 02:49:00,926 INFO: EPOCH 15 (297.613 seconds):
2017-04-09 02:49:01,784 INFO: 	Average L2 norm of relation vector: 0.10569
2017-04-09 02:49:01,784 INFO: 	COST >> 0.001 +/- 0.0, % updates Left: 0.12%  Right: 0.12%
2017-04-09 02:54:07,041 INFO: ----------------------------------------------------------------------------
2017-04-09 02:54:07,042 INFO: EPOCH 16 (305.257 seconds):
2017-04-09 02:54:08,032 INFO: 	Average L2 norm of relation vector: 0.10573
2017-04-09 02:54:08,033 INFO: 	COST >> 0.001 +/- 0.0, % updates Left: 0.11%  Right: 0.11%
2017-04-09 02:59:04,333 INFO: ----------------------------------------------------------------------------
2017-04-09 02:59:04,334 INFO: EPOCH 17 (296.3 seconds):
2017-04-09 02:59:05,127 INFO: 	Average L2 norm of relation vector: 0.10576
2017-04-09 02:59:05,128 INFO: 	COST >> 0.001 +/- 0.0, % updates Left: 0.11%  Right: 0.11%
2017-04-09 03:04:00,068 INFO: ----------------------------------------------------------------------------
2017-04-09 03:04:00,068 INFO: EPOCH 18 (294.94 seconds):
2017-04-09 03:04:00,874 INFO: 	Average L2 norm of relation vector: 0.1058
2017-04-09 03:04:00,874 INFO: 	COST >> 0.001 +/- 0.0, % updates Left: 0.1%  Right: 0.1%
2017-04-09 03:08:54,849 INFO: ----------------------------------------------------------------------------
2017-04-09 03:08:54,849 INFO: EPOCH 19 (293.975 seconds):
2017-04-09 03:08:55,675 INFO: 	Average L2 norm of relation vector: 0.10582
2017-04-09 03:08:55,676 INFO: 	COST >> 0.001 +/- 0.0, % updates Left: 0.09%  Right: 0.09%
2017-04-09 03:13:50,515 INFO: ----------------------------------------------------------------------------
2017-04-09 03:13:50,529 INFO: EPOCH 20 (294.854 seconds):
2017-04-09 03:13:51,320 INFO: 	Average L2 norm of relation vector: 0.10585
2017-04-09 03:13:51,320 INFO: 	COST >> 0.001 +/- 0.0, % updates Left: 0.08%  Right: 0.09%
2017-04-09 03:13:51,320 INFO: 	FilteredRanking: evaluating rank on 1000 triples
2017-04-09 03:35:40,553 INFO: 	FilteredRanking: evaluating rank on 1000 triples
2017-04-09 03:57:13,135 INFO: 	MEAN RANK >> valid: 1206.3, train: 821.1
2017-04-09 03:57:13,135 INFO: 		MEAN RANK TRAIN: Left: 939.3 Rel: 0.0 Right: 702.9
2017-04-09 03:57:13,136 INFO: 		MEAN RANK VALID: Left: 1368.7 Rel: 0.0 Right: 1044.0
2017-04-09 03:57:13,137 INFO: 		MEAN RECIPROCAL RANK VALID (L & R): 0.0105
2017-04-09 03:57:13,137 WARNING: 	WARNING, failed to improve MRR on valid, 2 chances left

2017-04-09 03:57:15,322 INFO: 	(ranking took 2604.001 seconds)
2017-04-09 04:02:43,412 INFO: ----------------------------------------------------------------------------
2017-04-09 04:02:43,412 INFO: EPOCH 21 (328.09 seconds):
2017-04-09 04:02:44,453 INFO: 	Average L2 norm of relation vector: 0.10588
2017-04-09 04:02:44,454 INFO: 	COST >> 0.0 +/- 0.0, % updates Left: 0.08%  Right: 0.09%
2017-04-09 04:08:17,767 INFO: ----------------------------------------------------------------------------
2017-04-09 04:08:17,769 INFO: EPOCH 22 (333.315 seconds):
2017-04-09 04:08:18,753 INFO: 	Average L2 norm of relation vector: 0.1059
2017-04-09 04:08:18,754 INFO: 	COST >> 0.0 +/- 0.0, % updates Left: 0.08%  Right: 0.08%
2017-04-09 04:13:47,123 INFO: ----------------------------------------------------------------------------
2017-04-09 04:13:47,137 INFO: EPOCH 23 (328.383 seconds):
2017-04-09 04:13:48,169 INFO: 	Average L2 norm of relation vector: 0.10593
2017-04-09 04:13:48,170 INFO: 	COST >> 0.0 +/- 0.0, % updates Left: 0.08%  Right: 0.08%
2017-04-09 04:19:03,183 INFO: ----------------------------------------------------------------------------
2017-04-09 04:19:03,183 INFO: EPOCH 24 (315.013 seconds):
2017-04-09 04:19:04,048 INFO: 	Average L2 norm of relation vector: 0.10596
2017-04-09 04:19:04,049 INFO: 	COST >> 0.0 +/- 0.0, % updates Left: 0.08%  Right: 0.07%
2017-04-09 04:24:07,037 INFO: ----------------------------------------------------------------------------
2017-04-09 04:24:07,037 INFO: EPOCH 25 (302.988 seconds):
2017-04-09 04:24:08,026 INFO: 	Average L2 norm of relation vector: 0.10598
2017-04-09 04:24:08,027 INFO: 	COST >> 0.0 +/- 0.0, % updates Left: 0.07%  Right: 0.07%
2017-04-09 04:29:03,677 INFO: ----------------------------------------------------------------------------
2017-04-09 04:29:03,677 INFO: EPOCH 26 (295.65 seconds):
2017-04-09 04:29:04,616 INFO: 	Average L2 norm of relation vector: 0.106
2017-04-09 04:29:04,616 INFO: 	COST >> 0.0 +/- 0.0, % updates Left: 0.07%  Right: 0.07%
2017-04-09 04:33:56,647 INFO: ----------------------------------------------------------------------------
2017-04-09 04:33:56,647 INFO: EPOCH 27 (292.031 seconds):
2017-04-09 04:33:57,447 INFO: 	Average L2 norm of relation vector: 0.10602
2017-04-09 04:33:57,447 INFO: 	COST >> 0.0 +/- 0.0, % updates Left: 0.07%  Right: 0.07%
2017-04-09 04:38:50,344 INFO: ----------------------------------------------------------------------------
2017-04-09 04:38:50,344 INFO: EPOCH 28 (292.897 seconds):
2017-04-09 04:38:51,128 INFO: 	Average L2 norm of relation vector: 0.10605
2017-04-09 04:38:51,129 INFO: 	COST >> 0.0 +/- 0.0, % updates Left: 0.07%  Right: 0.06%
2017-04-09 04:43:44,878 INFO: ----------------------------------------------------------------------------
2017-04-09 04:43:44,878 INFO: EPOCH 29 (293.75 seconds):
2017-04-09 04:43:45,753 INFO: 	Average L2 norm of relation vector: 0.10606
2017-04-09 04:43:45,754 INFO: 	COST >> 0.0 +/- 0.0, % updates Left: 0.05%  Right: 0.06%
2017-04-09 04:48:44,142 INFO: ----------------------------------------------------------------------------
2017-04-09 04:48:44,142 INFO: EPOCH 30 (298.388 seconds):
2017-04-09 04:48:45,011 INFO: 	Average L2 norm of relation vector: 0.10608
2017-04-09 04:48:45,011 INFO: 	COST >> 0.0 +/- 0.0, % updates Left: 0.06%  Right: 0.06%
2017-04-09 04:48:45,012 INFO: 	FilteredRanking: evaluating rank on 1000 triples
2017-04-09 05:07:37,416 INFO: 	FilteredRanking: evaluating rank on 1000 triples
2017-04-09 05:25:46,086 INFO: 	MEAN RANK >> valid: 1366.6, train: 949.1
2017-04-09 05:25:46,092 INFO: 		MEAN RANK TRAIN: Left: 1101.3 Rel: 0.0 Right: 796.8
2017-04-09 05:25:46,094 INFO: 		MEAN RANK VALID: Left: 1536.1 Rel: 0.0 Right: 1197.0
2017-04-09 05:25:46,094 INFO: 		MEAN RECIPROCAL RANK VALID (L & R): 0.01
2017-04-09 05:25:46,094 WARNING: 	WARNING, failed to improve MRR on valid, 1 chances left

2017-04-09 05:25:48,096 INFO: 	(ranking took 2223.084 seconds)
2017-04-09 05:30:48,533 INFO: ----------------------------------------------------------------------------
2017-04-09 05:30:48,533 INFO: EPOCH 31 (300.437 seconds):
2017-04-09 05:30:49,410 INFO: 	Average L2 norm of relation vector: 0.1061
2017-04-09 05:30:49,411 INFO: 	COST >> 0.0 +/- 0.0, % updates Left: 0.05%  Right: 0.06%
2017-04-09 05:35:40,104 INFO: ----------------------------------------------------------------------------
2017-04-09 05:35:40,104 INFO: EPOCH 32 (290.693 seconds):
2017-04-09 05:35:40,993 INFO: 	Average L2 norm of relation vector: 0.10612
2017-04-09 05:35:40,994 INFO: 	COST >> 0.0 +/- 0.0, % updates Left: 0.06%  Right: 0.05%
2017-04-09 05:40:26,820 INFO: ----------------------------------------------------------------------------
2017-04-09 05:40:26,823 INFO: EPOCH 33 (285.829 seconds):
2017-04-09 05:40:27,621 INFO: 	Average L2 norm of relation vector: 0.10614
2017-04-09 05:40:27,621 INFO: 	COST >> 0.0 +/- 0.0, % updates Left: 0.06%  Right: 0.05%
2017-04-09 05:45:05,366 INFO: ----------------------------------------------------------------------------
2017-04-09 05:45:05,366 INFO: EPOCH 34 (277.745 seconds):
2017-04-09 05:45:06,095 INFO: 	Average L2 norm of relation vector: 0.10615
2017-04-09 05:45:06,095 INFO: 	COST >> 0.0 +/- 0.0, % updates Left: 0.04%  Right: 0.05%
2017-04-09 05:49:24,772 INFO: ----------------------------------------------------------------------------
2017-04-09 05:49:24,772 INFO: EPOCH 35 (258.677 seconds):
2017-04-09 05:49:25,440 INFO: 	Average L2 norm of relation vector: 0.10617
2017-04-09 05:49:25,440 INFO: 	COST >> 0.0 +/- 0.0, % updates Left: 0.06%  Right: 0.05%
2017-04-09 05:53:38,092 INFO: ----------------------------------------------------------------------------
2017-04-09 05:53:38,092 INFO: EPOCH 36 (252.652 seconds):
2017-04-09 05:53:38,764 INFO: 	Average L2 norm of relation vector: 0.10619
2017-04-09 05:53:38,765 INFO: 	COST >> 0.0 +/- 0.0, % updates Left: 0.05%  Right: 0.04%
2017-04-09 05:57:51,119 INFO: ----------------------------------------------------------------------------
2017-04-09 05:57:51,119 INFO: EPOCH 37 (252.354 seconds):
2017-04-09 05:57:51,778 INFO: 	Average L2 norm of relation vector: 0.1062
2017-04-09 05:57:51,779 INFO: 	COST >> 0.0 +/- 0.0, % updates Left: 0.05%  Right: 0.04%
2017-04-09 06:02:12,477 INFO: ----------------------------------------------------------------------------
2017-04-09 06:02:12,477 INFO: EPOCH 38 (260.698 seconds):
2017-04-09 06:02:13,194 INFO: 	Average L2 norm of relation vector: 0.10621
2017-04-09 06:02:13,195 INFO: 	COST >> 0.0 +/- 0.0, % updates Left: 0.04%  Right: 0.05%
2017-04-09 06:06:36,116 INFO: ----------------------------------------------------------------------------
2017-04-09 06:06:36,116 INFO: EPOCH 39 (262.922 seconds):
2017-04-09 06:06:36,834 INFO: 	Average L2 norm of relation vector: 0.10623
2017-04-09 06:06:36,834 INFO: 	COST >> 0.0 +/- 0.0, % updates Left: 0.04%  Right: 0.05%
2017-04-09 06:10:59,525 INFO: ----------------------------------------------------------------------------
2017-04-09 06:10:59,526 INFO: EPOCH 40 (262.691 seconds):
2017-04-09 06:11:00,251 INFO: 	Average L2 norm of relation vector: 0.10624
2017-04-09 06:11:00,251 INFO: 	COST >> 0.0 +/- 0.0, % updates Left: 0.04%  Right: 0.04%
2017-04-09 06:11:00,252 INFO: 	FilteredRanking: evaluating rank on 1000 triples
2017-04-09 06:29:12,736 INFO: 	FilteredRanking: evaluating rank on 1000 triples
2017-04-09 06:48:14,144 INFO: 	MEAN RANK >> valid: 1446.2, train: 1020.9
2017-04-09 06:48:14,144 INFO: 		MEAN RANK TRAIN: Left: 1172.0 Rel: 0.0 Right: 869.8
2017-04-09 06:48:14,145 INFO: 		MEAN RANK VALID: Left: 1605.1 Rel: 0.0 Right: 1287.3
2017-04-09 06:48:14,145 INFO: 		MEAN RECIPROCAL RANK VALID (L & R): 0.0095
2017-04-09 06:48:14,145 WARNING: 	WARNING, failed to improve MRR on valid, 0 chances left

2017-04-09 06:48:16,360 INFO: 	(ranking took 2236.108 seconds)
2017-04-09 06:53:30,770 INFO: ----------------------------------------------------------------------------
2017-04-09 06:53:30,770 INFO: EPOCH 41 (314.41 seconds):
2017-04-09 06:53:31,601 INFO: 	Average L2 norm of relation vector: 0.10625
2017-04-09 06:53:31,601 INFO: 	COST >> 0.0 +/- 0.0, % updates Left: 0.04%  Right: 0.05%
2017-04-09 06:58:31,564 INFO: ----------------------------------------------------------------------------
2017-04-09 06:58:31,564 INFO: EPOCH 42 (299.963 seconds):
2017-04-09 06:58:32,459 INFO: 	Average L2 norm of relation vector: 0.10627
2017-04-09 06:58:32,459 INFO: 	COST >> 0.0 +/- 0.0, % updates Left: 0.04%  Right: 0.04%
2017-04-09 07:03:21,239 INFO: ----------------------------------------------------------------------------
2017-04-09 07:03:21,239 INFO: EPOCH 43 (288.779 seconds):
2017-04-09 07:03:21,996 INFO: 	Average L2 norm of relation vector: 0.10628
2017-04-09 07:03:21,997 INFO: 	COST >> 0.0 +/- 0.0, % updates Left: 0.04%  Right: 0.04%
2017-04-09 07:08:00,344 INFO: ----------------------------------------------------------------------------
2017-04-09 07:08:00,344 INFO: EPOCH 44 (278.347 seconds):
2017-04-09 07:08:01,074 INFO: 	Average L2 norm of relation vector: 0.10629
2017-04-09 07:08:01,074 INFO: 	COST >> 0.0 +/- 0.0, % updates Left: 0.04%  Right: 0.04%
2017-04-09 07:12:26,609 INFO: ----------------------------------------------------------------------------
2017-04-09 07:12:26,609 INFO: EPOCH 45 (265.535 seconds):
2017-04-09 07:12:27,334 INFO: 	Average L2 norm of relation vector: 0.10631
2017-04-09 07:12:27,335 INFO: 	COST >> 0.0 +/- 0.0, % updates Left: 0.03%  Right: 0.04%
2017-04-09 07:17:05,568 INFO: ----------------------------------------------------------------------------
2017-04-09 07:17:05,574 INFO: EPOCH 46 (278.239 seconds):
2017-04-09 07:17:06,363 INFO: 	Average L2 norm of relation vector: 0.10632
2017-04-09 07:17:06,364 INFO: 	COST >> 0.0 +/- 0.0, % updates Left: 0.04%  Right: 0.04%
2017-04-09 07:21:40,503 INFO: ----------------------------------------------------------------------------
2017-04-09 07:21:40,503 INFO: EPOCH 47 (274.139 seconds):
2017-04-09 07:21:41,294 INFO: 	Average L2 norm of relation vector: 0.10633
2017-04-09 07:21:41,295 INFO: 	COST >> 0.0 +/- 0.0, % updates Left: 0.04%  Right: 0.04%
2017-04-09 07:26:12,824 INFO: ----------------------------------------------------------------------------
2017-04-09 07:26:12,825 INFO: EPOCH 48 (271.53 seconds):
2017-04-09 07:26:13,615 INFO: 	Average L2 norm of relation vector: 0.10634
2017-04-09 07:26:13,615 INFO: 	COST >> 0.0 +/- 0.0, % updates Left: 0.04%  Right: 0.04%
2017-04-09 07:30:45,015 INFO: ----------------------------------------------------------------------------
2017-04-09 07:30:45,015 INFO: EPOCH 49 (271.399 seconds):
2017-04-09 07:30:45,789 INFO: 	Average L2 norm of relation vector: 0.10635
2017-04-09 07:30:45,789 INFO: 	COST >> 0.0 +/- 0.0, % updates Left: 0.03%  Right: 0.04%
2017-04-09 07:35:13,510 INFO: ----------------------------------------------------------------------------
2017-04-09 07:35:13,510 INFO: EPOCH 50 (267.721 seconds):
2017-04-09 07:35:14,262 INFO: 	Average L2 norm of relation vector: 0.10636
2017-04-09 07:35:14,263 INFO: 	COST >> 0.0 +/- 0.0, % updates Left: 0.03%  Right: 0.04%
2017-04-09 07:35:14,263 INFO: 	FilteredRanking: evaluating rank on 1000 triples
2017-04-09 07:53:33,021 INFO: 	FilteredRanking: evaluating rank on 1000 triples
2017-04-09 08:12:54,022 INFO: 	MEAN RANK >> valid: 1513.4, train: 1100.0
2017-04-09 08:12:54,023 INFO: 		MEAN RANK TRAIN: Left: 1287.3 Rel: 0.0 Right: 912.8
2017-04-09 08:12:54,023 INFO: 		MEAN RANK VALID: Left: 1711.0 Rel: 0.0 Right: 1315.7
2017-04-09 08:12:54,023 INFO: 		MEAN RECIPROCAL RANK VALID (L & R): 0.0095
2017-04-09 08:12:54,023 WARNING: EARLY STOPPING, failed to improve MRR on valid after 30 epochs
2017-04-09 08:12:54,024 INFO: ----------------------------------------------------------------------------
2017-04-09 08:12:54,024 INFO: ----------------------------------------------------------------------------
2017-04-09 08:12:54,315 INFO: 	Ranking model on all examples from test. Each example ranked against 14951 other entities
2017-04-09 08:12:57,353 INFO: 	Ranking: evaluating rank on 59071 triples
2017-04-09 08:12:57,943 WARNING: Removing key file /Users/corbinrosset/.theano/compiledir_Darwin-14.5.0-x86_64-i386-64bit-i386-2.7.12-64/tmpsJW3eE/key.pkl because the corresponding module is gone from the file system.
2017-04-09 08:12:57,944 WARNING: Removing key file /Users/corbinrosset/.theano/compiledir_Darwin-14.5.0-x86_64-i386-64bit-i386-2.7.12-64/tmpVzb55m/key.pkl because the corresponding module is gone from the file system.
2017-04-09 08:12:57,950 WARNING: Removing key file /Users/corbinrosset/.theano/compiledir_Darwin-14.5.0-x86_64-i386-64bit-i386-2.7.12-64/tmpYcg_yW/key.pkl because the corresponding module is gone from the file system.
2017-04-09 08:12:57,951 WARNING: Removing key file /Users/corbinrosset/.theano/compiledir_Darwin-14.5.0-x86_64-i386-64bit-i386-2.7.12-64/tmpqCBpty/key.pkl because the corresponding module is gone from the file system.
2017-04-09 08:12:57,957 WARNING: Removing key file /Users/corbinrosset/.theano/compiledir_Darwin-14.5.0-x86_64-i386-64bit-i386-2.7.12-64/tmpah9Ls2/key.pkl because the corresponding module is gone from the file system.
2017-04-09 08:12:57,959 WARNING: Removing key file /Users/corbinrosset/.theano/compiledir_Darwin-14.5.0-x86_64-i386-64bit-i386-2.7.12-64/tmpTcMEFv/key.pkl because the corresponding module is gone from the file system.
2017-04-10 01:44:48,702 INFO: logger initialized for experiment identifier: STransE_L1_ndim_50_marg_1.0_lrate_0.01_cost_margincost_reg_0.05
2017-04-10 01:44:48,707 INFO: identifier: STransE_L1_ndim_50_marg_1.0_lrate_0.01_cost_margincost_reg_0.05
2017-04-10 01:44:48,708 INFO: models saved to path: /Users/corbinrosset/Dropbox/Arora/QA-code/src/KBC_Text/outputs/FB15k_STransE/
2017-04-10 01:44:48,708 INFO: 	Ranking model on all examples from test. Each example ranked against 14951 other entities
2017-04-10 01:44:51,971 INFO: 	Ranking: evaluating rank on 59071 triples
