2017-04-28 14:30:58,686 INFO: logger initialized for experiment identifier: Path_TransE_L1_ndim_100_marg_1.0_lrate_0.01_cost_margincost_reg_0.002_horn_False_useIntermedNodes_False_compop_compose_TransE_loadEmb_True_1kbatches_train1M
2017-04-28 14:30:58,686 INFO: identifier: Path_TransE_L1_ndim_100_marg_1.0_lrate_0.01_cost_margincost_reg_0.002_horn_False_useIntermedNodes_False_compop_compose_TransE_loadEmb_True_1kbatches_train1M
2017-04-28 14:30:58,686 INFO: models saved to path: /Users/corbinrosset/Dropbox/Arora/QA-code/src/KBC_Text/outputs/FB15k_Path_TransE/
2017-04-28 14:30:58,686 INFO: DD{'ndim': 100, 'test_all': 3, 'Nsyn_rel': 1345, 'graph_files': ['length_2_numPaths_50000000', 'length_3_numPaths_50000000'], 'nvalid': 1000, 'seed': 123, 'simfn': 'L1', 'nbatches': 1000, 'lrparam': 0.01, 'loademb': '/Users/corbinrosset/Dropbox/Arora/QA-code/src/KBC_Text/outputs/FB15k_TransE/BEST_TransE_L1_ndim_100_marg_1.5_lrate_0.01_cost_margincost_reg_0.01_REL/best_valid_model.pkl', 'datapath': '/Users/corbinrosset/Dropbox/Arora/QA-code/src/KBC_Text/data/', 'compop': 'compose_TransE', 'Nrel': 1345, 'rel': False, 'Nent': 14951, 'logger': <logging.RootLogger object at 0x104831fd0>, 'Nsyn': 14951, 'reg': 0.002, 'useHornPaths': False, 'dataset': 'FB15k', 'bestvalidMRR': -1, 'loadmodel': False, 'needIntermediateNodesOnPaths': False, 'savepath': '/Users/corbinrosset/Dropbox/Arora/QA-code/src/KBC_Text/outputs/FB15k_Path_TransE/Path_TransE_L1_ndim_100_marg_1.0_lrate_0.01_cost_margincost_reg_0.002_horn_False_useIntermedNodes_False_compop_compose_TransE_loadEmb_True_1kbatches_train1M', 'marge': 1.0, 'margincostfunction': 'margincost', 'lremb': 0.01, 'identifier': 'Path_TransE_L1_ndim_100_marg_1.0_lrate_0.01_cost_margincost_reg_0.002_horn_False_useIntermedNodes_False_compop_compose_TransE_loadEmb_True_1kbatches_train1M', 'ntrain': 1000, 'experiment_type': 'FB15k_path_exp', 'totepochs': 500, 'ntest': 1000}
2017-04-28 14:30:58,687 INFO: initializing graph
2017-04-28 14:31:00,708 INFO: loaded FB15k data in: 1.958458 seconds
2017-04-28 14:31:00,711 INFO: loading length_2_numPaths_50000000_train.path file
2017-04-28 14:31:53,642 INFO: loading length_2_numPaths_50000000_dev.path file
2017-04-28 14:31:53,693 INFO: loading length_2_numPaths_50000000_test.path file
2017-04-28 14:31:54,121 INFO: loading length_3_numPaths_50000000_train.path file
2017-04-28 14:32:51,913 INFO: loading length_3_numPaths_50000000_dev.path file
2017-04-28 14:32:51,981 INFO: loading length_3_numPaths_50000000_test.path file
2017-04-28 14:32:52,467 DEBUG: FB15kexp_path: training paths: [(1000000, 2), (1000000, 3)], dev paths: [(1000, 2), (1000, 3)]
2017-04-28 14:32:52,477 INFO: INITIALIZING EMBEDDINGS FROM MODEL
2017-04-28 14:32:52,477 INFO: loading embeddings from /Users/corbinrosset/Dropbox/Arora/QA-code/src/KBC_Text/outputs/FB15k_TransE/BEST_TransE_L1_ndim_100_marg_1.5_lrate_0.01_cost_margincost_reg_0.01_REL/best_valid_model.pkl
2017-04-28 14:32:57,472 DEBUG: loaded data, constructed model, constructed graph...
2017-04-28 14:32:57,472 DEBUG: num epochs: 500
2017-04-28 14:32:57,472 DEBUG: num batches per epoch: 1000
2017-04-28 14:32:57,472 DEBUG: batchsize: 1000
2017-04-28 14:32:57,472 DEBUG: left and right entity ranking functions will rank a slot against 14951 competitors
2017-04-28 14:32:57,472 INFO: --------------------------------------------------------------------------------------------------
2017-04-28 14:32:57,472 INFO: Since we initialized embeddings with pre-trained vectors, establish baseline of their performance:
2017-04-28 14:32:57,472 INFO: 	FilteredRanking: evaluating rank on 1000 triples
2017-04-28 14:34:07,334 INFO: 	FilteredRanking: evaluating rank on 1000 triples
2017-04-28 14:35:18,071 INFO: 	MEAN RANK >> valid: 632.7, train: 328.2
2017-04-28 14:35:18,072 INFO: 		MEAN RANK TRAIN: Left: 313.9 Rel: 0.0 Right: 342.5
2017-04-28 14:35:18,072 INFO: 		MEAN RANK VALID: Left: 640.2 Rel: 0.0 Right: 625.3
2017-04-28 14:35:18,072 INFO: 		MEAN RECIPROCAL RANK VALID (L & R): 0.138
2017-04-28 14:35:18,072 INFO: ======================== BEGIN TRAINING: length_2_numPaths_50000000 ========================
2017-04-28 15:07:59,302 INFO: ----------------------------------------------------------------------------
2017-04-28 15:07:59,309 INFO: EPOCH 1 (1961.237 seconds):
2017-04-28 15:07:59,332 INFO: 	Average L2 norm of relation vector: 0.06793
2017-04-28 15:07:59,333 INFO: 	COST >> 1.096 +/- 0.132, % updates Left: 36.7% Rel: 0.0% Right: 34.7%
2017-04-28 15:42:18,755 INFO: ----------------------------------------------------------------------------
2017-04-28 15:42:18,755 INFO: EPOCH 2 (2059.421 seconds):
2017-04-28 15:42:18,756 INFO: 	Average L2 norm of relation vector: 0.07177
2017-04-28 15:42:18,757 INFO: 	COST >> 0.889 +/- 0.045, % updates Left: 37.0% Rel: 0.0% Right: 30.7%
2017-04-28 16:16:21,732 INFO: ----------------------------------------------------------------------------
2017-04-28 16:16:21,734 INFO: EPOCH 3 (2042.977 seconds):
2017-04-28 16:16:21,735 INFO: 	Average L2 norm of relation vector: 0.07391
2017-04-28 16:16:21,736 INFO: 	COST >> 0.797 +/- 0.041, % updates Left: 34.0% Rel: 0.0% Right: 31.3%
2017-04-28 16:16:21,736 INFO: 	FilteredRanking: evaluating rank on 1000 triples
2017-04-28 16:17:37,791 INFO: 	FilteredRanking: evaluating rank on 1000 triples
2017-04-28 16:18:55,817 INFO: 	MEAN RANK >> valid: 1892.7, train: 1579.3
2017-04-28 16:18:55,818 INFO: 		MEAN RANK TRAIN: Left: 1588.5 Rel: 0.0 Right: 1570.0
2017-04-28 16:18:55,818 INFO: 		MEAN RANK VALID: Left: 1904.5 Rel: 0.0 Right: 1880.9
2017-04-28 16:18:55,818 INFO: 		MEAN RECIPROCAL RANK VALID (L & R): 0.0485
2017-04-28 16:18:55,818 INFO: 	FilteredRanking: evaluating rank on 1000 triples
2017-04-28 16:20:13,006 INFO: 	NEW BEST TEST MR: 1959.8
2017-04-28 16:20:13,007 INFO: 		Left MR: 2018.8 Rel MR: 0.0 Right MR: 1900.9
2017-04-28 16:20:13,058 INFO: 	(ranking took 231.322 seconds)
2017-04-28 16:54:09,881 INFO: ----------------------------------------------------------------------------
2017-04-28 16:54:09,881 INFO: EPOCH 4 (2036.822 seconds):
2017-04-28 16:54:09,882 INFO: 	Average L2 norm of relation vector: 0.07531
2017-04-28 16:54:09,883 INFO: 	COST >> 0.746 +/- 0.043, % updates Left: 29.5% Rel: 0.0% Right: 29.1%
2017-04-28 17:28:35,981 INFO: ----------------------------------------------------------------------------
2017-04-28 17:28:35,984 INFO: EPOCH 5 (2066.101 seconds):
2017-04-28 17:28:35,985 INFO: 	Average L2 norm of relation vector: 0.0762
2017-04-28 17:28:35,986 INFO: 	COST >> 0.711 +/- 0.042, % updates Left: 32.8% Rel: 0.0% Right: 27.3%
2017-04-28 18:02:20,519 INFO: ----------------------------------------------------------------------------
2017-04-28 18:02:20,519 INFO: EPOCH 6 (2024.533 seconds):
2017-04-28 18:02:20,520 INFO: 	Average L2 norm of relation vector: 0.07676
2017-04-28 18:02:20,520 INFO: 	COST >> 0.69 +/- 0.043, % updates Left: 29.8% Rel: 0.0% Right: 28.8%
2017-04-28 18:02:20,521 INFO: 	FilteredRanking: evaluating rank on 1000 triples
2017-04-28 18:03:37,821 INFO: 	FilteredRanking: evaluating rank on 1000 triples
2017-04-28 18:04:55,787 INFO: 	MEAN RANK >> valid: 1725.0, train: 1556.9
2017-04-28 18:04:55,788 INFO: 		MEAN RANK TRAIN: Left: 1629.7 Rel: 0.0 Right: 1484.2
2017-04-28 18:04:55,788 INFO: 		MEAN RANK VALID: Left: 1816.4 Rel: 0.0 Right: 1633.6
2017-04-28 18:04:55,788 INFO: 		MEAN RECIPROCAL RANK VALID (L & R): 0.0395
2017-04-28 18:04:55,789 WARNING: 	WARNING, failed to improve MRR on valid, 2 chances left

2017-04-28 18:04:55,885 INFO: 	(ranking took 155.364 seconds)
2017-04-28 18:39:05,835 INFO: ----------------------------------------------------------------------------
2017-04-28 18:39:05,838 INFO: EPOCH 7 (2049.952 seconds):
2017-04-28 18:39:05,839 INFO: 	Average L2 norm of relation vector: 0.07714
2017-04-28 18:39:05,840 INFO: 	COST >> 0.671 +/- 0.044, % updates Left: 31.4% Rel: 0.0% Right: 27.2%
2017-04-28 19:13:23,856 INFO: ----------------------------------------------------------------------------
2017-04-28 19:13:23,860 INFO: EPOCH 8 (2058.02 seconds):
2017-04-28 19:13:23,862 INFO: 	Average L2 norm of relation vector: 0.07733
2017-04-28 19:13:23,862 INFO: 	COST >> 0.659 +/- 0.042, % updates Left: 32.2% Rel: 0.0% Right: 27.9%
2017-04-28 19:47:43,947 INFO: ----------------------------------------------------------------------------
2017-04-28 19:47:43,947 INFO: EPOCH 9 (2060.085 seconds):
2017-04-28 19:47:43,948 INFO: 	Average L2 norm of relation vector: 0.07746
2017-04-28 19:47:43,949 INFO: 	COST >> 0.65 +/- 0.043, % updates Left: 30.0% Rel: 0.0% Right: 27.7%
2017-04-28 19:47:43,949 INFO: 	FilteredRanking: evaluating rank on 1000 triples
2017-04-28 19:49:19,295 INFO: 	FilteredRanking: evaluating rank on 1000 triples
2017-04-28 19:50:33,858 INFO: 	MEAN RANK >> valid: 1689.1, train: 1601.8
2017-04-28 19:50:33,858 INFO: 		MEAN RANK TRAIN: Left: 1680.1 Rel: 0.0 Right: 1523.4
2017-04-28 19:50:33,859 INFO: 		MEAN RANK VALID: Left: 1785.8 Rel: 0.0 Right: 1592.3
2017-04-28 19:50:33,859 INFO: 		MEAN RECIPROCAL RANK VALID (L & R): 0.039
2017-04-28 19:50:33,859 WARNING: 	WARNING, failed to improve MRR on valid, 1 chances left

2017-04-28 19:50:33,984 INFO: 	(ranking took 170.036 seconds)
2017-04-28 20:23:54,417 INFO: ----------------------------------------------------------------------------
2017-04-28 20:23:54,423 INFO: EPOCH 10 (2000.438 seconds):
2017-04-28 20:23:54,424 INFO: 	Average L2 norm of relation vector: 0.07751
2017-04-28 20:23:54,424 INFO: 	COST >> 0.643 +/- 0.043, % updates Left: 32.2% Rel: 0.0% Right: 26.9%
2017-04-28 21:04:58,141 INFO: ----------------------------------------------------------------------------
2017-04-28 21:04:58,141 INFO: EPOCH 11 (2463.716 seconds):
2017-04-28 21:04:58,142 INFO: 	Average L2 norm of relation vector: 0.07748
2017-04-28 21:04:58,142 INFO: 	COST >> 0.636 +/- 0.043, % updates Left: 31.0% Rel: 0.0% Right: 27.3%
2017-04-28 21:39:15,521 INFO: ----------------------------------------------------------------------------
2017-04-28 21:39:15,527 INFO: EPOCH 12 (2057.384 seconds):
2017-04-28 21:39:15,528 INFO: 	Average L2 norm of relation vector: 0.07743
2017-04-28 21:39:15,529 INFO: 	COST >> 0.633 +/- 0.044, % updates Left: 31.1% Rel: 0.0% Right: 25.4%
2017-04-28 21:39:15,529 INFO: 	FilteredRanking: evaluating rank on 1000 triples
2017-04-28 21:40:33,143 INFO: 	FilteredRanking: evaluating rank on 1000 triples
2017-04-28 21:41:51,847 INFO: 	MEAN RANK >> valid: 1750.1, train: 1551.8
2017-04-28 21:41:51,848 INFO: 		MEAN RANK TRAIN: Left: 1569.6 Rel: 0.0 Right: 1534.1
2017-04-28 21:41:51,848 INFO: 		MEAN RANK VALID: Left: 1854.6 Rel: 0.0 Right: 1645.6
2017-04-28 21:41:51,848 INFO: 		MEAN RECIPROCAL RANK VALID (L & R): 0.039
2017-04-28 21:41:51,848 WARNING: 	WARNING, failed to improve MRR on valid, 0 chances left

2017-04-28 21:41:51,944 INFO: 	(ranking took 156.415 seconds)
2017-04-28 22:15:48,153 INFO: ----------------------------------------------------------------------------
2017-04-28 22:15:48,157 INFO: EPOCH 13 (2036.213 seconds):
2017-04-28 22:15:48,159 INFO: 	Average L2 norm of relation vector: 0.07736
2017-04-28 22:15:48,160 INFO: 	COST >> 0.628 +/- 0.042, % updates Left: 30.2% Rel: 0.0% Right: 27.3%
2017-04-28 22:50:13,201 INFO: ----------------------------------------------------------------------------
2017-04-28 22:50:13,203 INFO: EPOCH 14 (2065.044 seconds):
2017-04-28 22:50:13,205 INFO: 	Average L2 norm of relation vector: 0.07728
2017-04-28 22:50:13,205 INFO: 	COST >> 0.621 +/- 0.041, % updates Left: 29.5% Rel: 0.0% Right: 26.3%
2017-04-28 23:24:32,798 INFO: ----------------------------------------------------------------------------
2017-04-28 23:24:32,804 INFO: EPOCH 15 (2059.598 seconds):
2017-04-28 23:24:32,806 INFO: 	Average L2 norm of relation vector: 0.07718
2017-04-28 23:24:32,807 INFO: 	COST >> 0.618 +/- 0.043, % updates Left: 28.1% Rel: 0.0% Right: 27.0%
2017-04-28 23:24:32,807 INFO: 	FilteredRanking: evaluating rank on 1000 triples
2017-04-28 23:25:51,254 INFO: 	FilteredRanking: evaluating rank on 1000 triples
2017-04-28 23:27:10,251 INFO: 	MEAN RANK >> valid: 1709.0, train: 1526.3
2017-04-28 23:27:10,252 INFO: 		MEAN RANK TRAIN: Left: 1594.4 Rel: 0.0 Right: 1458.1
2017-04-28 23:27:10,252 INFO: 		MEAN RANK VALID: Left: 1831.5 Rel: 0.0 Right: 1586.5
2017-04-28 23:27:10,252 INFO: 		MEAN RECIPROCAL RANK VALID (L & R): 0.035
2017-04-28 23:27:10,252 WARNING: EARLY STOPPING, failed to improve MRR on valid after 9 epochs
2017-04-28 23:27:10,253 INFO: ======================== BEGIN TRAINING: length_3_numPaths_50000000 ========================
2017-04-29 00:03:17,042 INFO: ----------------------------------------------------------------------------
2017-04-29 00:03:17,042 INFO: EPOCH 1 (2324.235 seconds):
2017-04-29 00:03:17,043 INFO: 	Average L2 norm of relation vector: 0.08469
2017-04-29 00:03:17,044 INFO: 	COST >> 0.648 +/- 0.055, % updates Left: 27.8% Rel: 0.0% Right: 22.3%
2017-04-29 00:36:38,268 INFO: ----------------------------------------------------------------------------
2017-04-29 00:36:38,272 INFO: EPOCH 2 (2001.229 seconds):
2017-04-29 00:36:38,274 INFO: 	Average L2 norm of relation vector: 0.08889
2017-04-29 00:36:38,275 INFO: 	COST >> 0.542 +/- 0.034, % updates Left: 24.3% Rel: 0.0% Right: 20.8%
2017-04-29 01:08:34,344 INFO: ----------------------------------------------------------------------------
2017-04-29 01:08:34,350 INFO: EPOCH 3 (1916.074 seconds):
2017-04-29 01:08:34,351 INFO: 	Average L2 norm of relation vector: 0.09182
2017-04-29 01:08:34,352 INFO: 	COST >> 0.506 +/- 0.037, % updates Left: 22.8% Rel: 0.0% Right: 19.9%
2017-04-29 01:08:34,352 INFO: 	FilteredRanking: evaluating rank on 1000 triples
2017-04-29 01:09:53,133 INFO: 	FilteredRanking: evaluating rank on 1000 triples
2017-04-29 01:11:12,924 INFO: 	MEAN RANK >> valid: 1741.1, train: 1500.8
2017-04-29 01:11:12,925 INFO: 		MEAN RANK TRAIN: Left: 1537.7 Rel: 0.0 Right: 1463.9
2017-04-29 01:11:12,925 INFO: 		MEAN RANK VALID: Left: 1806.6 Rel: 0.0 Right: 1675.6
2017-04-29 01:11:12,926 INFO: 		MEAN RECIPROCAL RANK VALID (L & R): 0.05
2017-04-29 01:11:12,926 INFO: 	FilteredRanking: evaluating rank on 1000 triples
2017-04-29 01:12:32,643 INFO: 	NEW BEST TEST MR: 1749.3
2017-04-29 01:12:32,644 INFO: 		Left MR: 1791.2 Rel MR: 0.0 Right MR: 1707.3
2017-04-29 01:12:32,788 INFO: 	(ranking took 238.436 seconds)
2017-04-29 01:48:00,234 INFO: ----------------------------------------------------------------------------
2017-04-29 01:48:00,234 INFO: EPOCH 4 (2127.445 seconds):
2017-04-29 01:48:00,235 INFO: 	Average L2 norm of relation vector: 0.09396
2017-04-29 01:48:00,235 INFO: 	COST >> 0.487 +/- 0.035, % updates Left: 20.7% Rel: 0.0% Right: 17.4%
2017-04-29 02:23:07,799 INFO: ----------------------------------------------------------------------------
2017-04-29 02:23:07,804 INFO: EPOCH 5 (2107.568 seconds):
2017-04-29 02:23:07,805 INFO: 	Average L2 norm of relation vector: 0.09554
2017-04-29 02:23:07,806 INFO: 	COST >> 0.474 +/- 0.035, % updates Left: 23.8% Rel: 0.0% Right: 17.0%
2017-04-29 02:58:03,417 INFO: ----------------------------------------------------------------------------
2017-04-29 02:58:03,417 INFO: EPOCH 6 (2095.611 seconds):
2017-04-29 02:58:03,418 INFO: 	Average L2 norm of relation vector: 0.09682
2017-04-29 02:58:03,418 INFO: 	COST >> 0.465 +/- 0.036, % updates Left: 21.3% Rel: 0.0% Right: 18.3%
2017-04-29 02:58:03,418 INFO: 	FilteredRanking: evaluating rank on 1000 triples
2017-04-29 02:59:22,036 INFO: 	FilteredRanking: evaluating rank on 1000 triples
2017-04-29 03:00:41,495 INFO: 	MEAN RANK >> valid: 1733.6, train: 1490.8
2017-04-29 03:00:41,495 INFO: 		MEAN RANK TRAIN: Left: 1559.8 Rel: 0.0 Right: 1421.7
2017-04-29 03:00:41,496 INFO: 		MEAN RANK VALID: Left: 1833.3 Rel: 0.0 Right: 1633.8
2017-04-29 03:00:41,496 INFO: 		MEAN RECIPROCAL RANK VALID (L & R): 0.0475
2017-04-29 03:00:41,496 WARNING: 	WARNING, failed to improve MRR on valid, 2 chances left

2017-04-29 03:00:41,591 INFO: 	(ranking took 158.172 seconds)
2017-04-29 03:35:27,454 INFO: ----------------------------------------------------------------------------
2017-04-29 03:35:27,459 INFO: EPOCH 7 (2085.868 seconds):
2017-04-29 03:35:27,461 INFO: 	Average L2 norm of relation vector: 0.09776
2017-04-29 03:35:27,462 INFO: 	COST >> 0.458 +/- 0.034, % updates Left: 20.1% Rel: 0.0% Right: 16.9%
2017-04-29 04:11:00,520 INFO: ----------------------------------------------------------------------------
2017-04-29 04:11:00,526 INFO: EPOCH 8 (2133.063 seconds):
2017-04-29 04:11:00,527 INFO: 	Average L2 norm of relation vector: 0.0985
2017-04-29 04:11:00,528 INFO: 	COST >> 0.452 +/- 0.035, % updates Left: 21.4% Rel: 0.0% Right: 17.9%
2017-04-29 04:45:42,657 INFO: ----------------------------------------------------------------------------
2017-04-29 04:45:42,658 INFO: EPOCH 9 (2082.13 seconds):
2017-04-29 04:45:42,658 INFO: 	Average L2 norm of relation vector: 0.09908
2017-04-29 04:45:42,659 INFO: 	COST >> 0.446 +/- 0.034, % updates Left: 20.4% Rel: 0.0% Right: 16.9%
2017-04-29 04:45:42,659 INFO: 	FilteredRanking: evaluating rank on 1000 triples
2017-04-29 04:47:01,414 INFO: 	FilteredRanking: evaluating rank on 1000 triples
2017-04-29 04:48:21,081 INFO: 	MEAN RANK >> valid: 1657.5, train: 1470.5
2017-04-29 04:48:21,081 INFO: 		MEAN RANK TRAIN: Left: 1552.4 Rel: 0.0 Right: 1388.6
2017-04-29 04:48:21,082 INFO: 		MEAN RANK VALID: Left: 1705.3 Rel: 0.0 Right: 1609.7
2017-04-29 04:48:21,082 INFO: 		MEAN RECIPROCAL RANK VALID (L & R): 0.0555
2017-04-29 04:48:21,082 INFO: 	FilteredRanking: evaluating rank on 1000 triples
2017-04-29 04:49:40,790 INFO: 	NEW BEST TEST MR: 1599.4
2017-04-29 04:49:40,791 INFO: 		Left MR: 1680.7 Rel MR: 0.0 Right MR: 1518.1
2017-04-29 04:49:40,928 INFO: 	(ranking took 238.269 seconds)
2017-04-29 05:25:17,092 INFO: ----------------------------------------------------------------------------
2017-04-29 05:25:17,097 INFO: EPOCH 10 (2136.168 seconds):
2017-04-29 05:25:17,098 INFO: 	Average L2 norm of relation vector: 0.09952
2017-04-29 05:25:17,099 INFO: 	COST >> 0.442 +/- 0.036, % updates Left: 20.2% Rel: 0.0% Right: 15.6%
2017-04-29 06:00:37,005 INFO: ----------------------------------------------------------------------------
2017-04-29 06:00:37,005 INFO: EPOCH 11 (2119.906 seconds):
2017-04-29 06:00:37,006 INFO: 	Average L2 norm of relation vector: 0.09987
2017-04-29 06:00:37,007 INFO: 	COST >> 0.438 +/- 0.034, % updates Left: 19.4% Rel: 0.0% Right: 17.3%
2017-04-29 06:34:55,743 INFO: ----------------------------------------------------------------------------
2017-04-29 06:34:55,748 INFO: EPOCH 12 (2058.741 seconds):
2017-04-29 06:34:55,750 INFO: 	Average L2 norm of relation vector: 0.10008
2017-04-29 06:34:55,751 INFO: 	COST >> 0.434 +/- 0.035, % updates Left: 22.9% Rel: 0.0% Right: 16.5%
2017-04-29 06:34:55,751 INFO: 	FilteredRanking: evaluating rank on 1000 triples
2017-04-29 06:36:14,435 INFO: 	FilteredRanking: evaluating rank on 1000 triples
2017-04-29 06:37:34,271 INFO: 	MEAN RANK >> valid: 1621.1, train: 1423.8
2017-04-29 06:37:34,272 INFO: 		MEAN RANK TRAIN: Left: 1475.9 Rel: 0.0 Right: 1371.7
2017-04-29 06:37:34,273 INFO: 		MEAN RANK VALID: Left: 1659.8 Rel: 0.0 Right: 1582.4
2017-04-29 06:37:34,273 INFO: 		MEAN RECIPROCAL RANK VALID (L & R): 0.0555
2017-04-29 06:37:34,273 WARNING: 	WARNING, failed to improve MRR on valid, 2 chances left

2017-04-29 06:37:34,385 INFO: 	(ranking took 158.634 seconds)
2017-04-29 07:12:55,467 INFO: ----------------------------------------------------------------------------
2017-04-29 07:12:55,472 INFO: EPOCH 13 (2121.088 seconds):
2017-04-29 07:12:55,474 INFO: 	Average L2 norm of relation vector: 0.10025
2017-04-29 07:12:55,475 INFO: 	COST >> 0.433 +/- 0.034, % updates Left: 19.0% Rel: 0.0% Right: 16.4%
2017-04-29 07:48:21,374 INFO: ----------------------------------------------------------------------------
2017-04-29 07:48:21,374 INFO: EPOCH 14 (2125.9 seconds):
2017-04-29 07:48:21,375 INFO: 	Average L2 norm of relation vector: 0.10033
2017-04-29 07:48:21,376 INFO: 	COST >> 0.429 +/- 0.034, % updates Left: 23.1% Rel: 0.0% Right: 18.3%
2017-04-29 08:23:22,812 INFO: ----------------------------------------------------------------------------
2017-04-29 08:23:22,816 INFO: EPOCH 15 (2101.44 seconds):
2017-04-29 08:23:22,818 INFO: 	Average L2 norm of relation vector: 0.10029
2017-04-29 08:23:22,818 INFO: 	COST >> 0.426 +/- 0.034, % updates Left: 19.7% Rel: 0.0% Right: 15.7%
2017-04-29 08:23:22,819 INFO: 	FilteredRanking: evaluating rank on 1000 triples
2017-04-29 08:24:41,678 INFO: 	FilteredRanking: evaluating rank on 1000 triples
2017-04-29 08:26:01,169 INFO: 	MEAN RANK >> valid: 1599.8, train: 1438.5
2017-04-29 08:26:01,169 INFO: 		MEAN RANK TRAIN: Left: 1463.2 Rel: 0.0 Right: 1413.8
2017-04-29 08:26:01,170 INFO: 		MEAN RANK VALID: Left: 1694.6 Rel: 0.0 Right: 1505.0
2017-04-29 08:26:01,170 INFO: 		MEAN RECIPROCAL RANK VALID (L & R): 0.057
2017-04-29 08:26:01,170 INFO: 	FilteredRanking: evaluating rank on 1000 triples
2017-04-29 08:27:20,800 INFO: 	NEW BEST TEST MR: 1594.9
2017-04-29 08:27:20,801 INFO: 		Left MR: 1663.8 Rel MR: 0.0 Right MR: 1526.0
2017-04-29 08:27:20,892 INFO: 	(ranking took 238.073 seconds)
2017-04-29 09:02:26,505 INFO: ----------------------------------------------------------------------------
2017-04-29 09:02:26,506 INFO: EPOCH 16 (2105.614 seconds):
2017-04-29 09:02:26,506 INFO: 	Average L2 norm of relation vector: 0.10025
2017-04-29 09:02:26,507 INFO: 	COST >> 0.423 +/- 0.033, % updates Left: 21.6% Rel: 0.0% Right: 15.4%
2017-04-29 09:37:38,771 INFO: ----------------------------------------------------------------------------
2017-04-29 09:37:38,777 INFO: EPOCH 17 (2112.269 seconds):
2017-04-29 09:37:38,778 INFO: 	Average L2 norm of relation vector: 0.10017
2017-04-29 09:37:38,778 INFO: 	COST >> 0.42 +/- 0.032, % updates Left: 19.3% Rel: 0.0% Right: 17.8%
2017-04-29 10:12:19,441 INFO: ----------------------------------------------------------------------------
2017-04-29 10:12:19,446 INFO: EPOCH 18 (2080.668 seconds):
2017-04-29 10:12:19,447 INFO: 	Average L2 norm of relation vector: 0.10005
2017-04-29 10:12:19,448 INFO: 	COST >> 0.419 +/- 0.033, % updates Left: 20.9% Rel: 0.0% Right: 16.3%
2017-04-29 10:12:19,448 INFO: 	FilteredRanking: evaluating rank on 1000 triples
2017-04-29 10:13:53,470 INFO: 	FilteredRanking: evaluating rank on 1000 triples
2017-04-29 10:15:09,241 INFO: 	MEAN RANK >> valid: 1625.3, train: 1368.3
2017-04-29 10:15:09,242 INFO: 		MEAN RANK TRAIN: Left: 1413.2 Rel: 0.0 Right: 1323.4
2017-04-29 10:15:09,242 INFO: 		MEAN RANK VALID: Left: 1661.4 Rel: 0.0 Right: 1589.2
2017-04-29 10:15:09,242 INFO: 		MEAN RECIPROCAL RANK VALID (L & R): 0.0505
2017-04-29 10:15:09,242 WARNING: 	WARNING, failed to improve MRR on valid, 2 chances left

2017-04-29 10:15:09,367 INFO: 	(ranking took 169.919 seconds)
2017-04-29 10:48:58,757 INFO: ----------------------------------------------------------------------------
2017-04-29 10:48:58,759 INFO: EPOCH 19 (2029.392 seconds):
2017-04-29 10:48:58,760 INFO: 	Average L2 norm of relation vector: 0.0999
2017-04-29 10:48:58,761 INFO: 	COST >> 0.415 +/- 0.034, % updates Left: 19.7% Rel: 0.0% Right: 17.9%
2017-04-29 11:24:06,018 INFO: ----------------------------------------------------------------------------
2017-04-29 11:24:06,025 INFO: EPOCH 20 (2107.264 seconds):
2017-04-29 11:24:06,026 INFO: 	Average L2 norm of relation vector: 0.09977
2017-04-29 11:24:06,027 INFO: 	COST >> 0.415 +/- 0.035, % updates Left: 17.2% Rel: 0.0% Right: 17.2%
2017-04-29 11:52:45,827 INFO: ----------------------------------------------------------------------------
2017-04-29 11:52:45,829 INFO: EPOCH 21 (1719.802 seconds):
2017-04-29 11:52:45,830 INFO: 	Average L2 norm of relation vector: 0.09967
2017-04-29 11:52:45,831 INFO: 	COST >> 0.413 +/- 0.032, % updates Left: 19.9% Rel: 0.0% Right: 17.2%
2017-04-29 11:52:45,831 INFO: 	FilteredRanking: evaluating rank on 1000 triples
2017-04-29 11:53:56,565 INFO: 	FilteredRanking: evaluating rank on 1000 triples
2017-04-29 11:55:10,562 INFO: 	MEAN RANK >> valid: 1571.0, train: 1391.9
2017-04-29 11:55:10,565 INFO: 		MEAN RANK TRAIN: Left: 1375.4 Rel: 0.0 Right: 1408.4
2017-04-29 11:55:10,565 INFO: 		MEAN RANK VALID: Left: 1553.2 Rel: 0.0 Right: 1588.8
2017-04-29 11:55:10,565 INFO: 		MEAN RECIPROCAL RANK VALID (L & R): 0.058
2017-04-29 11:55:10,566 INFO: 	FilteredRanking: evaluating rank on 1000 triples
2017-04-29 11:56:22,182 INFO: 	NEW BEST TEST MR: 1551.3
2017-04-29 11:56:22,183 INFO: 		Left MR: 1582.5 Rel MR: 0.0 Right MR: 1520.2
2017-04-29 11:56:22,308 INFO: 	(ranking took 216.478 seconds)
2017-04-29 12:24:00,731 INFO: ----------------------------------------------------------------------------
2017-04-29 12:24:00,736 INFO: EPOCH 22 (1658.428 seconds):
2017-04-29 12:24:00,738 INFO: 	Average L2 norm of relation vector: 0.09949
2017-04-29 12:24:00,739 INFO: 	COST >> 0.41 +/- 0.033, % updates Left: 20.5% Rel: 0.0% Right: 15.1%
2017-04-29 12:53:25,679 INFO: ----------------------------------------------------------------------------
2017-04-29 12:53:25,680 INFO: EPOCH 23 (1764.941 seconds):
2017-04-29 12:53:25,681 INFO: 	Average L2 norm of relation vector: 0.09932
2017-04-29 12:53:25,682 INFO: 	COST >> 0.41 +/- 0.033, % updates Left: 16.7% Rel: 0.0% Right: 17.1%
2017-04-29 13:22:26,780 INFO: ----------------------------------------------------------------------------
2017-04-29 13:22:26,786 INFO: EPOCH 24 (1741.104 seconds):
2017-04-29 13:22:26,787 INFO: 	Average L2 norm of relation vector: 0.09915
2017-04-29 13:22:26,788 INFO: 	COST >> 0.409 +/- 0.033, % updates Left: 21.1% Rel: 0.0% Right: 15.9%
2017-04-29 13:22:26,788 INFO: 	FilteredRanking: evaluating rank on 1000 triples
2017-04-29 13:23:39,745 INFO: 	FilteredRanking: evaluating rank on 1000 triples
2017-04-29 13:24:53,597 INFO: 	MEAN RANK >> valid: 1552.7, train: 1394.6
2017-04-29 13:24:53,597 INFO: 		MEAN RANK TRAIN: Left: 1445.5 Rel: 0.0 Right: 1343.7
2017-04-29 13:24:53,598 INFO: 		MEAN RANK VALID: Left: 1647.6 Rel: 0.0 Right: 1457.9
2017-04-29 13:24:53,598 INFO: 		MEAN RECIPROCAL RANK VALID (L & R): 0.056
2017-04-29 13:24:53,598 WARNING: 	WARNING, failed to improve MRR on valid, 2 chances left

2017-04-29 13:24:53,733 INFO: 	(ranking took 146.944 seconds)
2017-04-29 13:53:10,187 INFO: ----------------------------------------------------------------------------
2017-04-29 13:53:10,187 INFO: EPOCH 25 (1696.454 seconds):
2017-04-29 13:53:10,188 INFO: 	Average L2 norm of relation vector: 0.099
2017-04-29 13:53:10,188 INFO: 	COST >> 0.408 +/- 0.034, % updates Left: 21.3% Rel: 0.0% Right: 17.4%
2017-04-29 14:20:03,100 INFO: ----------------------------------------------------------------------------
2017-04-29 14:20:03,105 INFO: EPOCH 26 (1612.917 seconds):
2017-04-29 14:20:03,107 INFO: 	Average L2 norm of relation vector: 0.09885
2017-04-29 14:20:03,108 INFO: 	COST >> 0.407 +/- 0.032, % updates Left: 20.5% Rel: 0.0% Right: 15.9%
2017-04-29 14:47:06,587 INFO: ----------------------------------------------------------------------------
2017-04-29 14:47:06,587 INFO: EPOCH 27 (1623.479 seconds):
2017-04-29 14:47:06,587 INFO: 	Average L2 norm of relation vector: 0.09869
2017-04-29 14:47:06,588 INFO: 	COST >> 0.405 +/- 0.032, % updates Left: 19.6% Rel: 0.0% Right: 14.1%
2017-04-29 14:47:06,588 INFO: 	FilteredRanking: evaluating rank on 1000 triples
2017-04-29 14:48:16,352 INFO: 	FilteredRanking: evaluating rank on 1000 triples
2017-04-29 14:49:27,039 INFO: 	MEAN RANK >> valid: 1571.0, train: 1400.0
2017-04-29 14:49:27,039 INFO: 		MEAN RANK TRAIN: Left: 1402.5 Rel: 0.0 Right: 1397.5
2017-04-29 14:49:27,040 INFO: 		MEAN RANK VALID: Left: 1674.1 Rel: 0.0 Right: 1467.9
2017-04-29 14:49:27,040 INFO: 		MEAN RECIPROCAL RANK VALID (L & R): 0.054
2017-04-29 14:49:27,040 WARNING: 	WARNING, failed to improve MRR on valid, 1 chances left

2017-04-29 14:49:27,180 INFO: 	(ranking took 140.592 seconds)
2017-04-29 15:16:14,181 INFO: ----------------------------------------------------------------------------
2017-04-29 15:16:14,186 INFO: EPOCH 28 (1607.006 seconds):
2017-04-29 15:16:14,188 INFO: 	Average L2 norm of relation vector: 0.09854
2017-04-29 15:16:14,188 INFO: 	COST >> 0.405 +/- 0.033, % updates Left: 22.1% Rel: 0.0% Right: 16.8%
2017-04-29 15:43:01,907 INFO: ----------------------------------------------------------------------------
2017-04-29 15:43:01,909 INFO: EPOCH 29 (1607.721 seconds):
2017-04-29 15:43:01,910 INFO: 	Average L2 norm of relation vector: 0.09837
2017-04-29 15:43:01,911 INFO: 	COST >> 0.403 +/- 0.034, % updates Left: 19.3% Rel: 0.0% Right: 16.9%
2017-04-29 16:09:42,805 INFO: ----------------------------------------------------------------------------
2017-04-29 16:09:42,811 INFO: EPOCH 30 (1600.9 seconds):
2017-04-29 16:09:42,812 INFO: 	Average L2 norm of relation vector: 0.09823
2017-04-29 16:09:42,812 INFO: 	COST >> 0.403 +/- 0.035, % updates Left: 19.6% Rel: 0.0% Right: 15.5%
2017-04-29 16:09:42,812 INFO: 	FilteredRanking: evaluating rank on 1000 triples
2017-04-29 16:10:51,882 INFO: 	FilteredRanking: evaluating rank on 1000 triples
2017-04-29 16:12:01,917 INFO: 	MEAN RANK >> valid: 1540.1, train: 1332.7
2017-04-29 16:12:01,917 INFO: 		MEAN RANK TRAIN: Left: 1405.5 Rel: 0.0 Right: 1259.9
2017-04-29 16:12:01,918 INFO: 		MEAN RANK VALID: Left: 1615.9 Rel: 0.0 Right: 1464.4
2017-04-29 16:12:01,918 INFO: 		MEAN RECIPROCAL RANK VALID (L & R): 0.0535
2017-04-29 16:12:01,918 WARNING: 	WARNING, failed to improve MRR on valid, 0 chances left

2017-04-29 16:12:02,044 INFO: 	(ranking took 139.231 seconds)
2017-04-29 16:38:54,369 INFO: ----------------------------------------------------------------------------
2017-04-29 16:38:54,370 INFO: EPOCH 31 (1612.326 seconds):
2017-04-29 16:38:54,370 INFO: 	Average L2 norm of relation vector: 0.09807
2017-04-29 16:38:54,371 INFO: 	COST >> 0.402 +/- 0.033, % updates Left: 19.3% Rel: 0.0% Right: 15.6%
2017-04-29 17:05:50,730 INFO: ----------------------------------------------------------------------------
2017-04-29 17:05:50,730 INFO: EPOCH 32 (1616.359 seconds):
2017-04-29 17:05:50,731 INFO: 	Average L2 norm of relation vector: 0.09796
2017-04-29 17:05:50,731 INFO: 	COST >> 0.401 +/- 0.033, % updates Left: 21.2% Rel: 0.0% Right: 15.5%
2017-04-29 17:32:27,398 INFO: ----------------------------------------------------------------------------
2017-04-29 17:32:27,402 INFO: EPOCH 33 (1596.671 seconds):
2017-04-29 17:32:27,404 INFO: 	Average L2 norm of relation vector: 0.09783
2017-04-29 17:32:27,404 INFO: 	COST >> 0.4 +/- 0.033, % updates Left: 19.0% Rel: 0.0% Right: 15.0%
2017-04-29 17:32:27,404 INFO: 	FilteredRanking: evaluating rank on 1000 triples
2017-04-29 17:33:37,650 INFO: 	FilteredRanking: evaluating rank on 1000 triples
2017-04-29 17:34:48,662 INFO: 	MEAN RANK >> valid: 1616.6, train: 1333.1
2017-04-29 17:34:48,663 INFO: 		MEAN RANK TRAIN: Left: 1413.6 Rel: 0.0 Right: 1252.5
2017-04-29 17:34:48,663 INFO: 		MEAN RANK VALID: Left: 1652.6 Rel: 0.0 Right: 1580.6
2017-04-29 17:34:48,663 INFO: 		MEAN RECIPROCAL RANK VALID (L & R): 0.053
2017-04-29 17:34:48,663 WARNING: EARLY STOPPING, failed to improve MRR on valid after 9 epochs
2017-04-29 17:34:48,664 INFO: ----------------------------------------------------------------------------
2017-04-29 17:34:48,664 INFO: ----------------------------------------------------------------------------
2017-04-29 17:34:48,664 INFO: 	Ranking model on all examples from test. Each example ranked against 14951 other entities
2017-04-29 17:34:48,971 INFO: 	Ranking: evaluating rank on 59071 triples
2017-04-29 18:24:41,183 INFO: left_ranks: (59071,), right_ranks: (59071,), rel_ranks: (59071,)
2017-04-29 18:24:41,203 INFO: max left_ranks: 14951, max right_ranks: 14951, max rel_ranks: 0
2017-04-29 18:24:41,695 INFO: MICRO RAW:
2017-04-29 18:24:41,695 INFO: 	Left mean rank: 1759.281, MRR: 0.047, median rank: 335.0, hits@10: 9.952%
2017-04-29 18:24:41,695 INFO: 	Right mean rank: 1644.297, MRR: 0.112, median rank: 165.0, hits@10: 20.697%
2017-04-29 18:24:41,695 INFO: 	Global mean rank: 1701.789, MRR: 0.08, median rank: 248.0, hits@10: 15.325%
2017-04-29 18:24:41,695 INFO: MACRO RAW
2017-04-29 18:24:41,696 INFO: 	Left mean rank: 2198.887, MRR: 0.086, median rank: 292.0, hits@10: 17.026%
2017-04-29 18:24:41,696 INFO: 	Right mean rank: 2062.513, MRR: 0.125, median rank: 166.0, hits@10: 23.379%
2017-04-29 18:24:41,696 INFO: 	Global mean rank: 2130.7, MRR: 0.105, median rank: 149.5, hits@10: 20.202%
2017-04-29 18:24:41,707 INFO: Ranking model on all examples from test. Each example ranked against 14951 other entities which are FILTERED
2017-04-29 18:24:42,526 INFO: 	FilteredRanking: evaluating rank on 59071 triples
2017-04-29 19:31:40,412 INFO: MICRO FILTERED:
2017-04-29 19:31:40,417 INFO: 	Left mean rank: 1638.44711, MRR: 0.06563, median rank: 236.0, hits@10: 13.206%
2017-04-29 19:31:40,417 INFO: 	Right mean rank: 1568.61487, MRR: 0.13993, median rank: 142.0, hits@10: 23.561%
2017-04-29 19:31:40,418 INFO: 	Global mean rank: 1603.53099, MRR: 0.10278, median rank: 190.0, hits@10: 18.384%
2017-04-29 19:31:40,418 INFO: MACRO FILTERED
2017-04-29 19:31:40,418 INFO: 	Left mean rank: 2171.7576, MRR: 0.10196, median rank: 235.0, hits@10: 19.802%
2017-04-29 19:31:40,418 INFO: 	Right mean rank: 2049.90977, MRR: 0.14122, median rank: 162.5, hits@10: 24.943%
2017-04-29 19:31:40,418 INFO: 	Global mean rank: 2110.83369, MRR: 0.12159, median rank: 143.0, hits@10: 22.372%
